Engine-Match Monday, August 18, 2025 10:32:38 AM
 Blitz 5/5 

Pairing 1/28 :    C0BR4_v2.0  -  V7P3RAI_v1.0

PGN-File: C:\Program Files (x86)\Arena\Tournaments\Engine Battle Demo PC 20250818.pgn

No:  B/W 1/2     W:B       1:2           Time        Value Moves Dep 1:2       1-2-Draws
   1 W 1    1.0:0.0        1.0:0.0       10:32:47 AM  +299.99     5 4.000 :0 1-0-0

--------------------------------------------------------------

Engine-Match Monday, August 18, 2025 10:32:48 AM
 Blitz 5/5 

Pairing 2/28 :    V7P3R_v4.3  -  Cece_v2.3

PGN-File: C:\Program Files (x86)\Arena\Tournaments\Engine Battle Demo PC 20250818.pgn

No:  B/W 1/2     W:B       1:2           Time        Value Moves Dep 1:2       1-2-Draws
   1 B 2    1.0:0.0        0.0:1.0       10:38:14 AM     0.00     1 0:0 0-1-0

--------------------------------------------------------------

Engine-Match Monday, August 18, 2025 10:38:16 AM
 Blitz 5/5 

Pairing 3/28 :    Copycat_v2.0  -  Stockfish 1%

PGN-File: C:\Program Files (x86)\Arena\Tournaments\Engine Battle Demo PC 20250818.pgn

No:  B/W 1/2     W:B       1:2           Time        Value Moves Dep 1:2       1-2-Draws
   1 B 2    1.0:0.0        0.0:1.0       10:43:39 AM     0.00     1 0:0 0-1-0

--------------------------------------------------------------

Engine-Match Monday, August 18, 2025 10:43:41 AM
 Blitz 5/5 

Pairing 4/28 :    Slowmate_v1.0  -  Random_Opponent

PGN-File: C:\Program Files (x86)\Arena\Tournaments\Engine Battle Demo PC 20250818.pgn

No:  B/W 1/2     W:B       1:2           Time        Value Moves Dep 1:2       1-2-Draws
   1 B 2    1.0:0.0        0.0:1.0       10:49:12 AM     0.00     1 0:0 0-1-0

--------------------------------------------------------------

Engine-Match Monday, August 18, 2025 10:49:13 AM
 Blitz 5/5 

Pairing 5/28 :    V7P3R_v4.3  -  C0BR4_v2.0

PGN-File: C:\Program Files (x86)\Arena\Tournaments\Engine Battle Demo PC 20250818.pgn

No:  B/W 1/2     W:B       1:2           Time        Value Moves Dep 1:2       1-2-Draws
   1 B 2    1.0:0.0        0.0:1.0       10:54:36 AM     0.00     1 0:0 0-1-0

--------------------------------------------------------------

Engine-Match Monday, August 18, 2025 10:54:37 AM
 Blitz 5/5 

Pairing 6/28 :    Stockfish 1%  -  V7P3RAI_v1.0

PGN-File: C:\Program Files (x86)\Arena\Tournaments\Engine Battle Demo PC 20250818.pgn

No:  B/W 1/2     W:B       1:2           Time        Value Moves Dep 1:2       1-2-Draws
   1 W 1    1.0:0.0        1.0:0.0       11:00:01 AM     0.00     1 15.000 :0 1-0-0

--------------------------------------------------------------

Engine-Match Monday, August 18, 2025 11:00:03 AM
 Blitz 5/5 

Pairing 7/28 :    Cece_v2.3  -  Slowmate_v1.0

PGN-File: C:\Program Files (x86)\Arena\Tournaments\Engine Battle Demo PC 20250818.pgn

No:  B/W 1/2     W:B       1:2           Time        Value Moves Dep 1:2       1-2-Draws
   1 B 2    1.0:0.0        0.0:1.0       11:05:34 AM     0.00     1 0:0 0-1-0

--------------------------------------------------------------

Engine-Match Monday, August 18, 2025 11:05:35 AM
 Blitz 5/5 

Pairing 8/28 :    Random_Opponent  -  Copycat_v2.0

PGN-File: C:\Program Files (x86)\Arena\Tournaments\Engine Battle Demo PC 20250818.pgn

No:  B/W 1/2     W:B       1:2           Time        Value Moves Dep 1:2       1-2-Draws
   1 B 2    1.0:0.0        0.0:1.0       11:11:06 AM     0.00     1 0:0 0-1-0

--------------------------------------------------------------

Engine-Match Monday, August 18, 2025 11:11:07 AM
 Blitz 5/5 

Pairing 9/28 :    C0BR4_v2.0  -  Stockfish 1%

PGN-File: C:\Program Files (x86)\Arena\Tournaments\Engine Battle Demo PC 20250818.pgn

No:  B/W 1/2     W:B       1:2           Time        Value Moves Dep 1:2       1-2-Draws
   1 B 2    1.0:0.0        0.0:1.0       11:11:21 AM    -4.23    12 4.000 :15.692  0-1-0

--------------------------------------------------------------

Engine-Match Monday, August 18, 2025 11:11:23 AM
 Blitz 5/5
--------------------------------------------------------------

Engine-Match Monday, August 18, 2025 12:39:38 PM
 Blitz 5/5 

Pairing 1/78 :    C0BR4_v2.0  -  Copycat_v1.0

PGN-File: C:\Program Files (x86)\Arena\Tournaments\Engine Battle Demo PC 20250818.pgn

No:  B/W 1/2     W:B       1:2           Time        Value Moves Dep 1:2       1-2-Draws
   1 B 2    1.0:0.0        0.0:1.0       12:40:06 PM     0.00     6 4.000 :0 0-1-0

--------------------------------------------------------------

Engine-Match Monday, August 18, 2025 12:40:08 PM
 Blitz 5/5 

Pairing 2/78 :    Cece_v2.0  -  Cece_v2.3

PGN-File: C:\Program Files (x86)\Arena\Tournaments\Engine Battle Demo PC 20250818.pgn

No:  B/W 1/2     W:B       1:2           Time        Value Moves Dep 1:2       1-2-Draws
   1 B 2    1.0:0.0        0.0:1.0       12:45:39 PM     0.00     1 0:0 0-1-0

--------------------------------------------------------------

Engine-Match Monday, August 18, 2025 12:45:41 PM
 Blitz 5/5 

Pairing 3/78 :    Copycat_v2.0  -  Cece_v1.0

PGN-File: C:\Program Files (x86)\Arena\Tournaments\Engine Battle Demo PC 20250818.pgn

No:  B/W 1/2     W:B       1:2           Time        Value Moves Dep 1:2       1-2-Draws
   1 B 2    1.0:0.0        0.0:1.0       12:51:12 PM     0.00     1 0:0 0-1-0

--------------------------------------------------------------

Engine-Match Monday, August 18, 2025 12:51:13 PM
 Blitz 5/5 

Pairing 4/78 :    C0BR4_v1.0  -  Random_Opponent

PGN-File: C:\Program Files (x86)\Arena\Tournaments\Engine Battle Demo PC 20250818.pgn

No:  B/W 1/2     W:B       1:2           Time        Value Moves Dep 1:2       1-2-Draws
   1 * *     0.0:0.0        0.0:0.0       12:52:39 PM     0.00     1 4.000 :0 0-0-0

--------------------------------------------------------------

Engine-Match Monday, August 18, 2025 12:53:06 PM
 Blitz 2/10 

Pairing 1/78 :    C0BR4_v2.0  -  Copycat_v1.0

PGN-File: C:\Program Files (x86)\Arena\Tournaments\Engine Battle Demo PC 20250818.pgn

No:  B/W 1/2     W:B       1:2           Time        Value Moves Dep 1:2       1-2-Draws
   1 B 2    1.0:0.0        0.0:1.0       12:54:15 PM     0.00    16 4.000 :0 0-1-0

--------------------------------------------------------------

Engine-Match Monday, August 18, 2025 12:54:17 PM
 Blitz 2/10 

Pairing 2/78 :    Cece_v2.0  -  Cece_v2.3

PGN-File: C:\Program Files (x86)\Arena\Tournaments\Engine Battle Demo PC 20250818.pgn

No:  B/W 1/2     W:B       1:2           Time        Value Moves Dep 1:2       1-2-Draws
   1 B 2    1.0:0.0        0.0:1.0       12:56:47 PM     0.00     1 0:0 0-1-0

--------------------------------------------------------------

Engine-Match Monday, August 18, 2025 12:56:49 PM
 Blitz 2/10 

Pairing 3/78 :    Copycat_v2.0  -  Cece_v1.0

PGN-File: C:\Program Files (x86)\Arena\Tournaments\Engine Battle Demo PC 20250818.pgn

No:  B/W 1/2     W:B       1:2           Time        Value Moves Dep 1:2       1-2-Draws
   1 B 2    1.0:0.0        0.0:1.0       12:59:20 PM     0.00     1 0:0 0-1-0

--------------------------------------------------------------

Engine-Match Monday, August 18, 2025 12:59:21 PM
 Blitz 2/10 

Pairing 4/78 :    C0BR4_v1.0  -  Random_Opponent

PGN-File: C:\Program Files (x86)\Arena\Tournaments\Engine Battle Demo PC 20250818.pgn

No:  B/W 1/2     W:B       1:2           Time        Value Moves Dep 1:2       1-2-Draws
   1 W 1    1.0:0.0        1.0:0.0       1:01:45 PM     0.00     1 4.000 :0 1-0-0

--------------------------------------------------------------

Engine-Match Monday, August 18, 2025 1:01:46 PM
 Blitz 2/10 

Pairing 5/78 :    Slowmate_v1.0  -  V7P3RAI_v1.0

PGN-File: C:\Program Files (x86)\Arena\Tournaments\Engine Battle Demo PC 20250818.pgn

No:  B/W 1/2     W:B       1:2           Time        Value Moves Dep 1:2       1-2-Draws
   1 B 2    1.0:0.0        0.0:1.0       1:04:18 PM     0.00     1 0:0 0-1-0

--------------------------------------------------------------

Engine-Match Monday, August 18, 2025 1:04:19 PM
 Blitz 2/10