Engine-Match Monday, August 18, 2025 1:12:49 PM
 Blitz 10/10 

Pairing 1/6 :    C0BR4_v2.0  -  V7P3R_v4.3

PGN-File: C:\Program Files (x86)\Arena\Tournaments\Engine Battle 20250818_2.pgn

No:  B/W 1/2     W:B       1:2           Time        Value Moves Dep 1:2       1-2-Draws
   1 B 2    1.0:0.0        0.0:1.0       1:13:15 PM     0.00     6 4.000 :0 0-1-0

--------------------------------------------------------------

Engine-Match Monday, August 18, 2025 1:13:16 PM
 Blitz 10/10 

Pairing 2/6 :    Slowmate_v1.0  -  Cece_v2.3

PGN-File: C:\Program Files (x86)\Arena\Tournaments\Engine Battle 20250818_2.pgn

No:  B/W 1/2     W:B       1:2           Time        Value Moves Dep 1:2       1-2-Draws
   1 W 1    1.0:0.0        1.0:0.0       1:16:23 PM     0.00    18 0:0 1-0-0

--------------------------------------------------------------

Engine-Match Monday, August 18, 2025 1:16:25 PM
 Blitz 10/10 

Pairing 3/6 :    Slowmate_v1.0  -  C0BR4_v2.0

PGN-File: C:\Program Files (x86)\Arena\Tournaments\Engine Battle 20250818_2.pgn

No:  B/W 1/2     W:B       1:2           Time        Value Moves Dep 1:2       1-2-Draws
   1 W 1    1.0:0.0        1.0:0.0       1:17:07 PM     0.00    32 0:4.000  1-0-0

--------------------------------------------------------------

Engine-Match Monday, August 18, 2025 1:17:08 PM
 Blitz 10/10 

Pairing 4/6 :    Cece_v2.3  -  V7P3R_v4.3

PGN-File: C:\Program Files (x86)\Arena\Tournaments\Engine Battle 20250818_2.pgn

No:  B/W 1/2     W:B       1:2           Time        Value Moves Dep 1:2       1-2-Draws
   1 B 2    1.0:0.0        0.0:1.0       1:19:24 PM     0.00    10 0:0 0-1-0

--------------------------------------------------------------

Engine-Match Monday, August 18, 2025 1:19:25 PM
 Blitz 10/10 

Pairing 5/6 :    C0BR4_v2.0  -  Cece_v2.3

PGN-File: C:\Program Files (x86)\Arena\Tournaments\Engine Battle 20250818_2.pgn

No:  B/W 1/2     W:B       1:2           Time        Value Moves Dep 1:2       1-2-Draws
   1 B 2    1.0:0.0        0.0:1.0       1:21:04 PM     0.00     9 4.000 :0 0-1-0

--------------------------------------------------------------

Engine-Match Monday, August 18, 2025 1:21:06 PM
 Blitz 10/10 

Pairing 6/6 :    V7P3R_v4.3  -  Slowmate_v1.0

PGN-File: C:\Program Files (x86)\Arena\Tournaments\Engine Battle 20250818_2.pgn

No:  B/W 1/2     W:B       1:2           Time        Value Moves Dep 1:2       1-2-Draws
   1 = =    0.5:0.5        0.5:0.5       1:22:01 PM     0.00    10 0:0 0-0-1

--------------------------------------------------------------

Engine-Match Monday, August 18, 2025 1:22:03 PM
 Blitz 10/10 

Pairing 1/6 :    C0BR4_v2.0  -  V7P3R_v4.3

PGN-File: C:\Program Files (x86)\Arena\Tournaments\Engine Battle 20250818_2.pgn

No:  B/W 1/2     W:B       1:2           Time        Value Moves Dep 1:2       1-2-Draws
   2 B 1    1.0:0.0        1.0:1.0       1:23:28 PM  -299.99    15 4.000 :0 1-1-0

--------------------------------------------------------------

Engine-Match Monday, August 18, 2025 1:23:29 PM
 Blitz 10/10 

Pairing 2/6 :    Slowmate_v1.0  -  Cece_v2.3

PGN-File: C:\Program Files (x86)\Arena\Tournaments\Engine Battle 20250818_2.pgn

No:  B/W 1/2     W:B       1:2           Time        Value Moves Dep 1:2       1-2-Draws
   2 B 1    1.0:0.0        2.0:0.0       1:26:17 PM     0.00    15 0:0 2-0-0

--------------------------------------------------------------

Engine-Match Monday, August 18, 2025 1:26:18 PM
 Blitz 10/10 

Pairing 3/6 :    Slowmate_v1.0  -  C0BR4_v2.0

PGN-File: C:\Program Files (x86)\Arena\Tournaments\Engine Battle 20250818_2.pgn

No:  B/W 1/2     W:B       1:2           Time        Value Moves Dep 1:2       1-2-Draws
   2 B 1    1.0:0.0        2.0:0.0       1:27:00 PM     0.00    32 0:4.000  2-0-0

--------------------------------------------------------------

Engine-Match Monday, August 18, 2025 1:27:01 PM
 Blitz 10/10 

Pairing 4/6 :    Cece_v2.3  -  V7P3R_v4.3

PGN-File: C:\Program Files (x86)\Arena\Tournaments\Engine Battle 20250818_2.pgn

No:  B/W 1/2     W:B       1:2           Time        Value Moves Dep 1:2       1-2-Draws
   2 = =    0.5:0.5        0.5:1.5       1:29:45 PM     0.00    13 0:0 0-1-1

--------------------------------------------------------------

Engine-Match Monday, August 18, 2025 1:29:46 PM
 Blitz 10/10 

Pairing 5/6 :    C0BR4_v2.0  -  Cece_v2.3

PGN-File: C:\Program Files (x86)\Arena\Tournaments\Engine Battle 20250818_2.pgn

No:  B/W 1/2     W:B       1:2           Time        Value Moves Dep 1:2       1-2-Draws
   2 B 1    1.0:0.0        1.0:1.0       1:30:41 PM    -1.45     4 4.000 :0 1-1-0

--------------------------------------------------------------

Engine-Match Monday, August 18, 2025 1:30:42 PM
 Blitz 10/10 

Pairing 6/6 :    V7P3R_v4.3  -  Slowmate_v1.0

PGN-File: C:\Program Files (x86)\Arena\Tournaments\Engine Battle 20250818_2.pgn

No:  B/W 1/2     W:B       1:2           Time        Value Moves Dep 1:2       1-2-Draws
   2 = =    1.0:1.0        1.0:1.0       1:35:46 PM     0.00    50 0:0 0-0-2

--------------------------------------------------------------

Engine-Match Monday, August 18, 2025 1:35:47 PM
 Blitz 10/10 

Pairing 1/6 :    C0BR4_v2.0  -  V7P3R_v4.3

PGN-File: C:\Program Files (x86)\Arena\Tournaments\Engine Battle 20250818_2.pgn

No:  B/W 1/2     W:B       1:2           Time        Value Moves Dep 1:2       1-2-Draws
   3 B 2    1.0:0.0        1.0:2.0       1:36:10 PM     0.00     4 4.000 :0 1-2-0

--------------------------------------------------------------

Engine-Match Monday, August 18, 2025 1:36:11 PM
 Blitz 10/10 

Pairing 2/6 :    Slowmate_v1.0  -  Cece_v2.3

PGN-File: C:\Program Files (x86)\Arena\Tournaments\Engine Battle 20250818_2.pgn

No:  B/W 1/2     W:B       1:2           Time        Value Moves Dep 1:2       1-2-Draws
   3 W 1    1.0:0.0        3.0:0.0       1:39:28 PM     0.00    19 0:0 3-0-0

--------------------------------------------------------------

Engine-Match Monday, August 18, 2025 1:39:30 PM
 Blitz 10/10 

Pairing 3/6 :    Slowmate_v1.0  -  C0BR4_v2.0

PGN-File: C:\Program Files (x86)\Arena\Tournaments\Engine Battle 20250818_2.pgn

No:  B/W 1/2     W:B       1:2           Time        Value Moves Dep 1:2       1-2-Draws
   3 W 1    1.0:0.0        3.0:0.0       1:40:12 PM     0.00    32 0:4.000  3-0-0

--------------------------------------------------------------

Engine-Match Monday, August 18, 2025 1:40:13 PM
 Blitz 10/10 

Pairing 4/6 :    Cece_v2.3  -  V7P3R_v4.3

PGN-File: C:\Program Files (x86)\Arena\Tournaments\Engine Battle 20250818_2.pgn

No:  B/W 1/2     W:B       1:2           Time        Value Moves Dep 1:2       1-2-Draws
   3 B 2    1.5:0.5        0.5:2.5       1:42:29 PM     0.00    10 0:0 0-2-1

--------------------------------------------------------------

Engine-Match Monday, August 18, 2025 1:42:30 PM
 Blitz 10/10 

Pairing 5/6 :    C0BR4_v2.0  -  Cece_v2.3

PGN-File: C:\Program Files (x86)\Arena\Tournaments\Engine Battle 20250818_2.pgn

No:  B/W 1/2     W:B       1:2           Time        Value Moves Dep 1:2       1-2-Draws
   3 W 1    1.0:0.0        2.0:1.0       1:45:03 PM  +299.99    15 4.000 :0 2-1-0

--------------------------------------------------------------

Engine-Match Monday, August 18, 2025 1:45:05 PM
 Blitz 10/10 

Pairing 6/6 :    V7P3R_v4.3  -  Slowmate_v1.0

PGN-File: C:\Program Files (x86)\Arena\Tournaments\Engine Battle 20250818_2.pgn

No:  B/W 1/2     W:B       1:2           Time        Value Moves Dep 1:2       1-2-Draws
   3 = =    1.5:1.5        1.5:1.5       1:46:01 PM     0.00    10 0:0 0-0-3

--------------------------------------------------------------

Engine-Match Monday, August 18, 2025 1:46:02 PM
 Blitz 10/10 

Pairing 1/6 :    C0BR4_v2.0  -  V7P3R_v4.3

PGN-File: C:\Program Files (x86)\Arena\Tournaments\Engine Battle 20250818_2.pgn

No:  B/W 1/2     W:B       1:2           Time        Value Moves Dep 1:2       1-2-Draws
   4 B 1    1.0:0.0        2.0:2.0       1:47:31 PM  -299.99    17 4.000 :0 2-2-0

--------------------------------------------------------------

Engine-Match Monday, August 18, 2025 1:47:32 PM
 Blitz 10/10 

Pairing 2/6 :    Slowmate_v1.0  -  Cece_v2.3

PGN-File: C:\Program Files (x86)\Arena\Tournaments\Engine Battle 20250818_2.pgn

No:  B/W 1/2     W:B       1:2           Time        Value Moves Dep 1:2       1-2-Draws
   4 B 1    1.0:0.0        4.0:0.0       1:50:42 PM     0.00    17 0:0 4-0-0

--------------------------------------------------------------

Engine-Match Monday, August 18, 2025 1:50:48 PM
 Blitz 10/10 

Pairing 3/6 :    Slowmate_v1.0  -  C0BR4_v2.0

PGN-File: C:\Program Files (x86)\Arena\Tournaments\Engine Battle 20250818_2.pgn

No:  B/W 1/2     W:B       1:2           Time        Value Moves Dep 1:2       1-2-Draws
   4 B 1    1.0:0.0        4.0:0.0       1:51:26 PM     0.00    39 0:4.000  4-0-0

--------------------------------------------------------------

Engine-Match Monday, August 18, 2025 1:51:27 PM
 Blitz 10/10 

Pairing 4/6 :    Cece_v2.3  -  V7P3R_v4.3

PGN-File: C:\Program Files (x86)\Arena\Tournaments\Engine Battle 20250818_2.pgn

No:  B/W 1/2     W:B       1:2           Time        Value Moves Dep 1:2       1-2-Draws
   4 W 2    1.5:0.5        0.5:3.5       1:54:40 PM     0.00    14 0:0 0-3-1

--------------------------------------------------------------

Engine-Match Monday, August 18, 2025 1:54:41 PM
 Blitz 10/10 

Pairing 5/6 :    C0BR4_v2.0  -  Cece_v2.3

PGN-File: C:\Program Files (x86)\Arena\Tournaments\Engine Battle 20250818_2.pgn

No:  B/W 1/2     W:B       1:2           Time        Value Moves Dep 1:2       1-2-Draws
   4 W 2    1.0:0.0        2.0:2.0       1:55:26 PM     0.00     4 4.000 :0 2-2-0

--------------------------------------------------------------

Engine-Match Monday, August 18, 2025 1:55:27 PM
 Blitz 10/10 

Pairing 6/6 :    V7P3R_v4.3  -  Slowmate_v1.0

PGN-File: C:\Program Files (x86)\Arena\Tournaments\Engine Battle 20250818_2.pgn

No:  B/W 1/2     W:B       1:2           Time        Value Moves Dep 1:2       1-2-Draws
   4 = =    2.0:2.0        2.0:2.0       2:00:27 PM     0.00    50 0:0 0-0-4

--------------------------------------------------------------

Engine-Match Monday, August 18, 2025 2:00:29 PM
 Blitz 10/10 

Pairing 1/6 :    C0BR4_v2.0  -  V7P3R_v4.3

PGN-File: C:\Program Files (x86)\Arena\Tournaments\Engine Battle 20250818_2.pgn

No:  B/W 1/2     W:B       1:2           Time        Value Moves Dep 1:2       1-2-Draws
   5 B 2    1.0:0.0        2.0:3.0       2:00:51 PM     0.00     4 4.000 :0 2-3-0

--------------------------------------------------------------

Engine-Match Monday, August 18, 2025 2:00:52 PM
 Blitz 10/10 

Pairing 2/6 :    Slowmate_v1.0  -  Cece_v2.3

PGN-File: C:\Program Files (x86)\Arena\Tournaments\Engine Battle 20250818_2.pgn

No:  B/W 1/2     W:B       1:2           Time        Value Moves Dep 1:2       1-2-Draws
   5 W 1    1.0:0.0        5.0:0.0       2:03:41 PM     0.00    16 0:0 5-0-0

--------------------------------------------------------------

Engine-Match Monday, August 18, 2025 2:03:43 PM
 Blitz 10/10 

Pairing 3/6 :    Slowmate_v1.0  -  C0BR4_v2.0

PGN-File: C:\Program Files (x86)\Arena\Tournaments\Engine Battle 20250818_2.pgn

No:  B/W 1/2     W:B       1:2           Time        Value Moves Dep 1:2       1-2-Draws
   5 W 1    1.0:0.0        5.0:0.0       2:03:58 PM     0.00    13 0:4.000  5-0-0

--------------------------------------------------------------

Engine-Match Monday, August 18, 2025 2:03:59 PM
 Blitz 10/10 

Pairing 4/6 :    Cece_v2.3  -  V7P3R_v4.3

PGN-File: C:\Program Files (x86)\Arena\Tournaments\Engine Battle 20250818_2.pgn

No:  B/W 1/2     W:B       1:2           Time        Value Moves Dep 1:2       1-2-Draws
   5 B 2    1.5:0.5        0.5:4.5       2:06:14 PM     0.00    10 0:0 0-4-1

--------------------------------------------------------------

Engine-Match Monday, August 18, 2025 2:06:15 PM
 Blitz 10/10 

Pairing 5/6 :    C0BR4_v2.0  -  Cece_v2.3

PGN-File: C:\Program Files (x86)\Arena\Tournaments\Engine Battle 20250818_2.pgn

No:  B/W 1/2     W:B       1:2           Time        Value Moves Dep 1:2       1-2-Draws
   5 B 2    1.0:0.0        2.0:3.0       2:08:16 PM     0.00    11 4.000 :0 2-3-0

--------------------------------------------------------------

Engine-Match Monday, August 18, 2025 2:08:17 PM
 Blitz 10/10 

Pairing 6/6 :    V7P3R_v4.3  -  Slowmate_v1.0

PGN-File: C:\Program Files (x86)\Arena\Tournaments\Engine Battle 20250818_2.pgn

No:  B/W 1/2     W:B       1:2           Time        Value Moves Dep 1:2       1-2-Draws
   5 = =    2.5:2.5        2.5:2.5       2:09:13 PM     0.00    10 0:0 0-0-5

--------------------------------------------------------------

Engine-Match Monday, August 18, 2025 2:09:14 PM
 Blitz 10/10 

Pairing 1/6 :    C0BR4_v2.0  -  V7P3R_v4.3

PGN-File: C:\Program Files (x86)\Arena\Tournaments\Engine Battle 20250818_2.pgn

No:  B/W 1/2     W:B       1:2           Time        Value Moves Dep 1:2       1-2-Draws
   6 W 2    1.0:0.0        2.0:4.0       2:13:49 PM     0.00    32 4.000 :0 2-4-0

--------------------------------------------------------------

Engine-Match Monday, August 18, 2025 2:13:51 PM
 Blitz 10/10 

Pairing 2/6 :    Slowmate_v1.0  -  Cece_v2.3

PGN-File: C:\Program Files (x86)\Arena\Tournaments\Engine Battle 20250818_2.pgn

No:  B/W 1/2     W:B       1:2           Time        Value Moves Dep 1:2       1-2-Draws
   6 B 1    1.0:0.0        6.0:0.0       2:18:13 PM     0.00    24 0:0 6-0-0

--------------------------------------------------------------

Engine-Match Monday, August 18, 2025 2:18:15 PM
 Blitz 10/10 

Pairing 3/6 :    Slowmate_v1.0  -  C0BR4_v2.0

PGN-File: C:\Program Files (x86)\Arena\Tournaments\Engine Battle 20250818_2.pgn

No:  B/W 1/2     W:B       1:2           Time        Value Moves Dep 1:2       1-2-Draws
   6 B 1    1.0:0.0        6.0:0.0       2:18:41 PM     0.00    24 0:4.000  6-0-0

--------------------------------------------------------------

Engine-Match Monday, August 18, 2025 2:18:42 PM
 Blitz 10/10 

Pairing 4/6 :    Cece_v2.3  -  V7P3R_v4.3

PGN-File: C:\Program Files (x86)\Arena\Tournaments\Engine Battle 20250818_2.pgn

No:  B/W 1/2     W:B       1:2           Time        Value Moves Dep 1:2       1-2-Draws
   6 = =    1.0:1.0        1.0:5.0       2:24:28 PM     0.00    27 0:0 0-4-2

--------------------------------------------------------------

Engine-Match Monday, August 18, 2025 2:24:30 PM
 Blitz 10/10 

Pairing 5/6 :    C0BR4_v2.0  -  Cece_v2.3

PGN-File: C:\Program Files (x86)\Arena\Tournaments\Engine Battle 20250818_2.pgn

No:  B/W 1/2     W:B       1:2           Time        Value Moves Dep 1:2       1-2-Draws
   6 B 1    1.0:0.0        3.0:3.0       2:28:08 PM  -299.99    20 4.000 :0 3-3-0

--------------------------------------------------------------

Engine-Match Monday, August 18, 2025 2:28:09 PM
 Blitz 10/10 

Pairing 6/6 :    V7P3R_v4.3  -  Slowmate_v1.0

PGN-File: C:\Program Files (x86)\Arena\Tournaments\Engine Battle 20250818_2.pgn

No:  B/W 1/2     W:B       1:2           Time        Value Moves Dep 1:2       1-2-Draws
   6 = =    3.0:3.0        3.0:3.0       2:33:10 PM     0.00    50 0:0 0-0-6

--------------------------------------------------------------

Engine-Match Monday, August 18, 2025 2:33:12 PM
 Blitz 10/10 

Pairing 1/6 :    C0BR4_v2.0  -  V7P3R_v4.3

PGN-File: C:\Program Files (x86)\Arena\Tournaments\Engine Battle 20250818_2.pgn

No:  B/W 1/2     W:B       1:2           Time        Value Moves Dep 1:2       1-2-Draws
   7 B 2    1.0:0.0        2.0:5.0       2:33:38 PM     0.00     6 4.000 :0 2-5-0

--------------------------------------------------------------

Engine-Match Monday, August 18, 2025 2:33:40 PM
 Blitz 10/10 

Pairing 2/6 :    Slowmate_v1.0  -  Cece_v2.3

PGN-File: C:\Program Files (x86)\Arena\Tournaments\Engine Battle 20250818_2.pgn

No:  B/W 1/2     W:B       1:2           Time        Value Moves Dep 1:2       1-2-Draws
   7 W 1    1.0:0.0        7.0:0.0       2:35:55 PM     0.00    13 0:0 7-0-0

--------------------------------------------------------------

Engine-Match Monday, August 18, 2025 2:35:56 PM
 Blitz 10/10 

Pairing 3/6 :    Slowmate_v1.0  -  C0BR4_v2.0

PGN-File: C:\Program Files (x86)\Arena\Tournaments\Engine Battle 20250818_2.pgn

No:  B/W 1/2     W:B       1:2           Time        Value Moves Dep 1:2       1-2-Draws
   7 W 1    1.0:0.0        7.0:0.0       2:36:07 PM     0.00    10 0:4.000  7-0-0

--------------------------------------------------------------

Engine-Match Monday, August 18, 2025 2:36:08 PM
 Blitz 10/10 

Pairing 4/6 :    Cece_v2.3  -  V7P3R_v4.3

PGN-File: C:\Program Files (x86)\Arena\Tournaments\Engine Battle 20250818_2.pgn

No:  B/W 1/2     W:B       1:2           Time        Value Moves Dep 1:2       1-2-Draws
   7 B 2    2.0:1.0        1.0:6.0       2:45:02 PM     0.00    32 0:0 0-5-2

--------------------------------------------------------------

Engine-Match Monday, August 18, 2025 2:45:08 PM
 Blitz 10/10 

Pairing 5/6 :    C0BR4_v2.0  -  Cece_v2.3

PGN-File: C:\Program Files (x86)\Arena\Tournaments\Engine Battle 20250818_2.pgn

No:  B/W 1/2     W:B       1:2           Time        Value Moves Dep 1:2       1-2-Draws
   7 W 1    1.0:0.0        4.0:3.0       2:48:56 PM   +14.04    21 4.000 :0 4-3-0

--------------------------------------------------------------

Engine-Match Monday, August 18, 2025 2:48:57 PM
 Blitz 10/10 

Pairing 6/6 :    V7P3R_v4.3  -  Slowmate_v1.0

PGN-File: C:\Program Files (x86)\Arena\Tournaments\Engine Battle 20250818_2.pgn

No:  B/W 1/2     W:B       1:2           Time        Value Moves Dep 1:2       1-2-Draws
   7 = =    3.5:3.5        3.5:3.5       2:52:30 PM     0.00    48 0:0 0-0-7

--------------------------------------------------------------

Engine-Match Monday, August 18, 2025 2:52:31 PM
 Blitz 10/10 

Pairing 1/6 :    C0BR4_v2.0  -  V7P3R_v4.3

PGN-File: C:\Program Files (x86)\Arena\Tournaments\Engine Battle 20250818_2.pgn

No:  B/W 1/2     W:B       1:2           Time        Value Moves Dep 1:2       1-2-Draws
   8 = =    0.5:0.5        2.5:5.5       2:54:25 PM    -5.46    15 4.000 :0 2-5-1

--------------------------------------------------------------

Engine-Match Monday, August 18, 2025 2:54:27 PM
 Blitz 10/10 

Pairing 2/6 :    Slowmate_v1.0  -  Cece_v2.3

PGN-File: C:\Program Files (x86)\Arena\Tournaments\Engine Battle 20250818_2.pgn

No:  B/W 1/2     W:B       1:2           Time        Value Moves Dep 1:2       1-2-Draws
   8 B 1    1.0:0.0        8.0:0.0       2:57:48 PM     0.00    18 0:0 8-0-0

--------------------------------------------------------------

Engine-Match Monday, August 18, 2025 2:57:49 PM
 Blitz 10/10 

Pairing 3/6 :    Slowmate_v1.0  -  C0BR4_v2.0

PGN-File: C:\Program Files (x86)\Arena\Tournaments\Engine Battle 20250818_2.pgn

No:  B/W 1/2     W:B       1:2           Time        Value Moves Dep 1:2       1-2-Draws
   8 B 1    1.0:0.0        8.0:0.0       2:58:03 PM     0.00    10 0:4.000  8-0-0

--------------------------------------------------------------

Engine-Match Monday, August 18, 2025 2:58:05 PM
 Blitz 10/10 

Pairing 4/6 :    Cece_v2.3  -  V7P3R_v4.3

PGN-File: C:\Program Files (x86)\Arena\Tournaments\Engine Battle 20250818_2.pgn

No:  B/W 1/2     W:B       1:2           Time        Value Moves Dep 1:2       1-2-Draws
   8 = =    1.5:1.5        1.5:6.5       3:05:49 PM     0.00    35 0:0 0-5-3

--------------------------------------------------------------

Engine-Match Monday, August 18, 2025 3:05:50 PM
 Blitz 10/10 

Pairing 5/6 :    C0BR4_v2.0  -  Cece_v2.3

PGN-File: C:\Program Files (x86)\Arena\Tournaments\Engine Battle 20250818_2.pgn

No:  B/W 1/2     W:B       1:2           Time        Value Moves Dep 1:2       1-2-Draws
   8 B 1    1.0:0.0        5.0:3.0       3:08:21 PM  -299.99    14 4.000 :0 5-3-0

--------------------------------------------------------------

Engine-Match Monday, August 18, 2025 3:08:22 PM
 Blitz 10/10 

Pairing 6/6 :    V7P3R_v4.3  -  Slowmate_v1.0

PGN-File: C:\Program Files (x86)\Arena\Tournaments\Engine Battle 20250818_2.pgn

No:  B/W 1/2     W:B       1:2           Time        Value Moves Dep 1:2       1-2-Draws
   8 = =    4.0:4.0        4.0:4.0       3:13:22 PM     0.00    50 0:0 0-0-8

--------------------------------------------------------------

Engine-Match Monday, August 18, 2025 3:13:23 PM
 Blitz 10/10 

Pairing 1/6 :    C0BR4_v2.0  -  V7P3R_v4.3

PGN-File: C:\Program Files (x86)\Arena\Tournaments\Engine Battle 20250818_2.pgn

No:  B/W 1/2     W:B       1:2           Time        Value Moves Dep 1:2       1-2-Draws
   9 W 1    1.5:0.5        3.5:5.5       3:15:05 PM  +299.99    22 4.000 :0 3-5-1

--------------------------------------------------------------

Engine-Match Monday, August 18, 2025 3:15:07 PM
 Blitz 10/10 

Pairing 2/6 :    Slowmate_v1.0  -  Cece_v2.3

PGN-File: C:\Program Files (x86)\Arena\Tournaments\Engine Battle 20250818_2.pgn

No:  B/W 1/2     W:B       1:2           Time        Value Moves Dep 1:2       1-2-Draws
   9 W 1    1.0:0.0        9.0:0.0       3:17:22 PM     0.00    13 0:0 9-0-0

--------------------------------------------------------------

Engine-Match Monday, August 18, 2025 3:17:23 PM
 Blitz 10/10 

Pairing 3/6 :    Slowmate_v1.0  -  C0BR4_v2.0

PGN-File: C:\Program Files (x86)\Arena\Tournaments\Engine Battle 20250818_2.pgn

No:  B/W 1/2     W:B       1:2           Time        Value Moves Dep 1:2       1-2-Draws
   9 B 2    1.0:0.0        8.0:1.0       3:18:02 PM  -299.99    40 0:4.000  8-1-0

--------------------------------------------------------------

Engine-Match Monday, August 18, 2025 3:18:03 PM
 Blitz 10/10 

Pairing 4/6 :    Cece_v2.3  -  V7P3R_v4.3

PGN-File: C:\Program Files (x86)\Arena\Tournaments\Engine Battle 20250818_2.pgn

No:  B/W 1/2     W:B       1:2           Time        Value Moves Dep 1:2       1-2-Draws
   9 B 2    2.5:1.5        1.5:7.5       3:20:18 PM     0.00    10 0:0 0-6-3

--------------------------------------------------------------

Engine-Match Monday, August 18, 2025 3:20:20 PM
 Blitz 10/10 

Pairing 5/6 :    C0BR4_v2.0  -  Cece_v2.3

PGN-File: C:\Program Files (x86)\Arena\Tournaments\Engine Battle 20250818_2.pgn

No:  B/W 1/2     W:B       1:2           Time        Value Moves Dep 1:2       1-2-Draws
   9 B 2    1.0:0.0        5.0:4.0       3:22:08 PM     0.00    10 4.000 :0 5-4-0

--------------------------------------------------------------

Engine-Match Monday, August 18, 2025 3:22:10 PM
 Blitz 10/10 

Pairing 6/6 :    V7P3R_v4.3  -  Slowmate_v1.0

PGN-File: C:\Program Files (x86)\Arena\Tournaments\Engine Battle 20250818_2.pgn

No:  B/W 1/2     W:B       1:2           Time        Value Moves Dep 1:2       1-2-Draws
   9 = =    4.5:4.5        4.5:4.5       3:23:05 PM     0.00    10 0:0 0-0-9

--------------------------------------------------------------

Engine-Match Monday, August 18, 2025 3:23:06 PM
 Blitz 10/10 

Pairing 1/6 :    C0BR4_v2.0  -  V7P3R_v4.3

PGN-File: C:\Program Files (x86)\Arena\Tournaments\Engine Battle 20250818_2.pgn

No:  B/W 1/2     W:B       1:2           Time        Value Moves Dep 1:2       1-2-Draws
  10 = =    1.0:1.0        4.0:6.0       3:25:01 PM    -5.46    15 4.000 :0 3-5-2

--------------------------------------------------------------

Engine-Match Monday, August 18, 2025 3:25:03 PM
 Blitz 10/10 

Pairing 2/6 :    Slowmate_v1.0  -  Cece_v2.3

PGN-File: C:\Program Files (x86)\Arena\Tournaments\Engine Battle 20250818_2.pgn

No:  B/W 1/2     W:B       1:2           Time        Value Moves Dep 1:2       1-2-Draws
  10 B 1    1.0:0.0        10.0:0.0      3:28:22 PM     0.00    18 0:0 10-0-0

--------------------------------------------------------------

Engine-Match Monday, August 18, 2025 3:28:23 PM
 Blitz 10/10 

Pairing 3/6 :    Slowmate_v1.0  -  C0BR4_v2.0

PGN-File: C:\Program Files (x86)\Arena\Tournaments\Engine Battle 20250818_2.pgn

No:  B/W 1/2     W:B       1:2           Time        Value Moves Dep 1:2       1-2-Draws
  10 B 1    1.0:0.0        9.0:1.0       3:29:01 PM     0.00    39 0:4.000  9-1-0

--------------------------------------------------------------

Engine-Match Monday, August 18, 2025 3:29:02 PM
 Blitz 10/10 

Pairing 4/6 :    Cece_v2.3  -  V7P3R_v4.3

PGN-File: C:\Program Files (x86)\Arena\Tournaments\Engine Battle 20250818_2.pgn

No:  B/W 1/2     W:B       1:2           Time        Value Moves Dep 1:2       1-2-Draws
  10 = =    2.0:2.0        2.0:8.0       3:36:38 PM     0.00    36 0:0 0-6-4

--------------------------------------------------------------

Engine-Match Monday, August 18, 2025 3:36:39 PM
 Blitz 10/10 

Pairing 5/6 :    C0BR4_v2.0  -  Cece_v2.3

PGN-File: C:\Program Files (x86)\Arena\Tournaments\Engine Battle 20250818_2.pgn

No:  B/W 1/2     W:B       1:2           Time        Value Moves Dep 1:2       1-2-Draws
  10 B 1    1.0:0.0        6.0:4.0       3:38:59 PM   -23.28    12 4.000 :0 6-4-0

--------------------------------------------------------------

Engine-Match Monday, August 18, 2025 3:39:01 PM
 Blitz 10/10 

Pairing 6/6 :    V7P3R_v4.3  -  Slowmate_v1.0

PGN-File: C:\Program Files (x86)\Arena\Tournaments\Engine Battle 20250818_2.pgn

No:  B/W 1/2     W:B       1:2           Time        Value Moves Dep 1:2       1-2-Draws
  10 = =    5.0:5.0        5.0:5.0       3:44:04 PM     0.00    50 0:0 0-0-10

--------------------------------------------------------------

Engine-Match Monday, August 18, 2025 3:44:10 PM
 Blitz 10/10 

Pairing 1/6 :    C0BR4_v2.0  -  V7P3R_v4.3

PGN-File: C:\Program Files (x86)\Arena\Tournaments\Engine Battle 20250818_2.pgn

No:  B/W 1/2     W:B       1:2           Time        Value Moves Dep 1:2       1-2-Draws
  11 B 2    2.0:1.0        4.0:7.0       3:44:31 PM     0.00     4 4.000 :0 3-6-2

--------------------------------------------------------------

Engine-Match Monday, August 18, 2025 3:44:32 PM
 Blitz 10/10 

Pairing 2/6 :    Slowmate_v1.0  -  Cece_v2.3

PGN-File: C:\Program Files (x86)\Arena\Tournaments\Engine Battle 20250818_2.pgn

No:  B/W 1/2     W:B       1:2           Time        Value Moves Dep 1:2       1-2-Draws
  11 W 1    1.0:0.0        11.0:0.0      3:46:48 PM     0.00    13 0:0 11-0-0

--------------------------------------------------------------

Engine-Match Monday, August 18, 2025 3:46:49 PM
 Blitz 10/10 

Pairing 3/6 :    Slowmate_v1.0  -  C0BR4_v2.0

PGN-File: C:\Program Files (x86)\Arena\Tournaments\Engine Battle 20250818_2.pgn

No:  B/W 1/2     W:B       1:2           Time        Value Moves Dep 1:2       1-2-Draws
  11 W 1    1.0:0.0        10.0:1.0      3:46:59 PM     0.00    10 0:4.000  10-1-0

--------------------------------------------------------------

Engine-Match Monday, August 18, 2025 3:47:01 PM
 Blitz 10/10 

Pairing 4/6 :    Cece_v2.3  -  V7P3R_v4.3

PGN-File: C:\Program Files (x86)\Arena\Tournaments\Engine Battle 20250818_2.pgn

No:  B/W 1/2     W:B       1:2           Time        Value Moves Dep 1:2       1-2-Draws
  11 B 2    3.0:2.0        2.0:9.0       3:56:33 PM     0.00    33 0:0 0-7-4

--------------------------------------------------------------

Engine-Match Monday, August 18, 2025 3:56:35 PM
 Blitz 10/10 

Pairing 5/6 :    C0BR4_v2.0  -  Cece_v2.3

PGN-File: C:\Program Files (x86)\Arena\Tournaments\Engine Battle 20250818_2.pgn

No:  B/W 1/2     W:B       1:2           Time        Value Moves Dep 1:2       1-2-Draws
  11 B 2    1.0:0.0        6.0:5.0       3:58:33 PM     0.00    11 4.000 :0 6-5-0

--------------------------------------------------------------

Engine-Match Monday, August 18, 2025 3:58:35 PM
 Blitz 10/10 

Pairing 6/6 :    V7P3R_v4.3  -  Slowmate_v1.0

PGN-File: C:\Program Files (x86)\Arena\Tournaments\Engine Battle 20250818_2.pgn

No:  B/W 1/2     W:B       1:2           Time        Value Moves Dep 1:2       1-2-Draws
  11 = =    5.5:5.5        5.5:5.5       3:59:31 PM     0.00    10 0:0 0-0-11

--------------------------------------------------------------

Engine-Match Monday, August 18, 2025 3:59:32 PM
 Blitz 10/10 

Pairing 1/6 :    C0BR4_v2.0  -  V7P3R_v4.3

PGN-File: C:\Program Files (x86)\Arena\Tournaments\Engine Battle 20250818_2.pgn

No:  B/W 1/2     W:B       1:2           Time        Value Moves Dep 1:2       1-2-Draws
  12 B 1    2.0:1.0        5.0:7.0       4:00:54 PM  -299.99    15 4.000 :0 4-6-2

--------------------------------------------------------------

Engine-Match Monday, August 18, 2025 4:00:55 PM
 Blitz 10/10 

Pairing 2/6 :    Slowmate_v1.0  -  Cece_v2.3

PGN-File: C:\Program Files (x86)\Arena\Tournaments\Engine Battle 20250818_2.pgn

No:  B/W 1/2     W:B       1:2           Time        Value Moves Dep 1:2       1-2-Draws
  12 B 1    1.0:0.0        12.0:0.0      4:06:54 PM     0.00    33 0:0 12-0-0

--------------------------------------------------------------

Engine-Match Monday, August 18, 2025 4:06:55 PM
 Blitz 10/10 

Pairing 3/6 :    Slowmate_v1.0  -  C0BR4_v2.0

PGN-File: C:\Program Files (x86)\Arena\Tournaments\Engine Battle 20250818_2.pgn

No:  B/W 1/2     W:B       1:2           Time        Value Moves Dep 1:2       1-2-Draws
  12 B 1    1.0:0.0        11.0:1.0      4:07:10 PM     0.00    10 0:4.000  11-1-0

--------------------------------------------------------------

Engine-Match Monday, August 18, 2025 4:07:11 PM
 Blitz 10/10 

Pairing 4/6 :    Cece_v2.3  -  V7P3R_v4.3

PGN-File: C:\Program Files (x86)\Arena\Tournaments\Engine Battle 20250818_2.pgn

No:  B/W 1/2     W:B       1:2           Time        Value Moves Dep 1:2       1-2-Draws
  12 = =    2.5:2.5        2.5:9.5       4:12:00 PM     0.00    23 0:0 0-7-5

--------------------------------------------------------------

Engine-Match Monday, August 18, 2025 4:12:02 PM
 Blitz 10/10 

Pairing 5/6 :    C0BR4_v2.0  -  Cece_v2.3

PGN-File: C:\Program Files (x86)\Arena\Tournaments\Engine Battle 20250818_2.pgn

No:  B/W 1/2     W:B       1:2           Time        Value Moves Dep 1:2       1-2-Draws
  12 W 2    1.0:0.0        6.0:6.0       4:14:53 PM     0.00    16 4.000 :0 6-6-0

--------------------------------------------------------------

Engine-Match Monday, August 18, 2025 4:14:55 PM
 Blitz 10/10 

Pairing 6/6 :    V7P3R_v4.3  -  Slowmate_v1.0

PGN-File: C:\Program Files (x86)\Arena\Tournaments\Engine Battle 20250818_2.pgn

No:  B/W 1/2     W:B       1:2           Time        Value Moves Dep 1:2       1-2-Draws
  12 = =    6.0:6.0        6.0:6.0       4:19:54 PM     0.00    50 0:0 0-0-12

--------------------------------------------------------------

Engine-Match Monday, August 18, 2025 4:19:55 PM
 Blitz 10/10 

Pairing 1/6 :    C0BR4_v2.0  -  V7P3R_v4.3

PGN-File: C:\Program Files (x86)\Arena\Tournaments\Engine Battle 20250818_2.pgn

No:  B/W 1/2     W:B       1:2           Time        Value Moves Dep 1:2       1-2-Draws
  13 B 2    2.0:1.0        5.0:8.0       4:20:18 PM     0.00     4 4.000 :0 4-7-2

--------------------------------------------------------------

Engine-Match Monday, August 18, 2025 4:20:19 PM
 Blitz 10/10 

Pairing 2/6 :    Slowmate_v1.0  -  Cece_v2.3

PGN-File: C:\Program Files (x86)\Arena\Tournaments\Engine Battle 20250818_2.pgn

No:  B/W 1/2     W:B       1:2           Time        Value Moves Dep 1:2       1-2-Draws
  13 W 1    1.0:0.0        13.0:0.0      4:22:34 PM     0.00    13 0:0 13-0-0

--------------------------------------------------------------

Engine-Match Monday, August 18, 2025 4:22:35 PM
 Blitz 10/10 

Pairing 3/6 :    Slowmate_v1.0  -  C0BR4_v2.0

PGN-File: C:\Program Files (x86)\Arena\Tournaments\Engine Battle 20250818_2.pgn

No:  B/W 1/2     W:B       1:2           Time        Value Moves Dep 1:2       1-2-Draws
  13 W 1    1.0:0.0        12.0:1.0      4:22:46 PM     0.00    10 0:4.000  12-1-0

--------------------------------------------------------------

Engine-Match Monday, August 18, 2025 4:22:47 PM
 Blitz 10/10 

Pairing 4/6 :    Cece_v2.3  -  V7P3R_v4.3

PGN-File: C:\Program Files (x86)\Arena\Tournaments\Engine Battle 20250818_2.pgn

No:  B/W 1/2     W:B       1:2           Time        Value Moves Dep 1:2       1-2-Draws
  13 B 2    3.5:2.5        2.5:10.5      4:25:03 PM     0.00    10 0:0 0-8-5

--------------------------------------------------------------

Engine-Match Monday, August 18, 2025 4:25:04 PM
 Blitz 10/10 

Pairing 5/6 :    C0BR4_v2.0  -  Cece_v2.3

PGN-File: C:\Program Files (x86)\Arena\Tournaments\Engine Battle 20250818_2.pgn

No:  B/W 1/2     W:B       1:2           Time        Value Moves Dep 1:2       1-2-Draws
  13 W 1    1.0:0.0        7.0:6.0       4:26:32 PM  +299.99     9 4.000 :0 7-6-0

--------------------------------------------------------------

Engine-Match Monday, August 18, 2025 4:26:34 PM
 Blitz 10/10 

Pairing 6/6 :    V7P3R_v4.3  -  Slowmate_v1.0

PGN-File: C:\Program Files (x86)\Arena\Tournaments\Engine Battle 20250818_2.pgn

No:  B/W 1/2     W:B       1:2           Time        Value Moves Dep 1:2       1-2-Draws
  13 = =    6.5:6.5        6.5:6.5       4:27:29 PM     0.00    10 0:0 0-0-13

--------------------------------------------------------------

Engine-Match Monday, August 18, 2025 4:27:30 PM
 Blitz 10/10 

Pairing 1/6 :    C0BR4_v2.0  -  V7P3R_v4.3

PGN-File: C:\Program Files (x86)\Arena\Tournaments\Engine Battle 20250818_2.pgn

No:  B/W 1/2     W:B       1:2           Time        Value Moves Dep 1:2       1-2-Draws
  14 W 2    2.0:1.0        5.0:9.0       4:29:12 PM     0.00    15 4.000 :0 4-8-2

--------------------------------------------------------------

Engine-Match Monday, August 18, 2025 4:29:13 PM
 Blitz 10/10 

Pairing 2/6 :    Slowmate_v1.0  -  Cece_v2.3

PGN-File: C:\Program Files (x86)\Arena\Tournaments\Engine Battle 20250818_2.pgn

No:  B/W 1/2     W:B       1:2           Time        Value Moves Dep 1:2       1-2-Draws
  14 B 1    1.0:0.0        14.0:0.0      4:34:23 PM     0.00    28 0:0 14-0-0

--------------------------------------------------------------

Engine-Match Monday, August 18, 2025 4:34:29 PM
 Blitz 10/10 

Pairing 3/6 :    Slowmate_v1.0  -  C0BR4_v2.0

PGN-File: C:\Program Files (x86)\Arena\Tournaments\Engine Battle 20250818_2.pgn

No:  B/W 1/2     W:B       1:2           Time        Value Moves Dep 1:2       1-2-Draws
  14 B 1    1.0:0.0        13.0:1.0      4:35:07 PM     0.00    39 0:4.000  13-1-0

--------------------------------------------------------------

Engine-Match Monday, August 18, 2025 4:35:08 PM
 Blitz 10/10 

Pairing 4/6 :    Cece_v2.3  -  V7P3R_v4.3

PGN-File: C:\Program Files (x86)\Arena\Tournaments\Engine Battle 20250818_2.pgn

No:  B/W 1/2     W:B       1:2           Time        Value Moves Dep 1:2       1-2-Draws
  14 = =    3.0:3.0        3.0:11.0      4:42:16 PM     0.00    32 0:0 0-8-6

--------------------------------------------------------------

Engine-Match Monday, August 18, 2025 4:42:17 PM
 Blitz 10/10 

Pairing 5/6 :    C0BR4_v2.0  -  Cece_v2.3

PGN-File: C:\Program Files (x86)\Arena\Tournaments\Engine Battle 20250818_2.pgn

No:  B/W 1/2     W:B       1:2           Time        Value Moves Dep 1:2       1-2-Draws
  14 B 1    1.0:0.0        8.0:6.0       4:44:27 PM  -299.99    12 4.000 :0 8-6-0

--------------------------------------------------------------

Engine-Match Monday, August 18, 2025 4:44:29 PM
 Blitz 10/10 

Pairing 6/6 :    V7P3R_v4.3  -  Slowmate_v1.0

PGN-File: C:\Program Files (x86)\Arena\Tournaments\Engine Battle 20250818_2.pgn

No:  B/W 1/2     W:B       1:2           Time        Value Moves Dep 1:2       1-2-Draws
  14 = =    7.0:7.0        7.0:7.0       4:49:28 PM     0.00    50 0:0 0-0-14

--------------------------------------------------------------

Engine-Match Monday, August 18, 2025 4:49:30 PM
 Blitz 10/10 

Pairing 1/6 :    C0BR4_v2.0  -  V7P3R_v4.3

PGN-File: C:\Program Files (x86)\Arena\Tournaments\Engine Battle 20250818_2.pgn

No:  B/W 1/2     W:B       1:2           Time        Value Moves Dep 1:2       1-2-Draws
  15 B 2    2.0:1.0        5.0:10.0      4:50:23 PM     0.00    12 4.000 :0 4-9-2

--------------------------------------------------------------

Engine-Match Monday, August 18, 2025 4:50:24 PM
 Blitz 10/10 

Pairing 2/6 :    Slowmate_v1.0  -  Cece_v2.3

PGN-File: C:\Program Files (x86)\Arena\Tournaments\Engine Battle 20250818_2.pgn

No:  B/W 1/2     W:B       1:2           Time        Value Moves Dep 1:2       1-2-Draws
  15 W 1    1.0:0.0        15.0:0.0      4:53:10 PM     0.00    16 0:0 15-0-0

--------------------------------------------------------------

Engine-Match Monday, August 18, 2025 4:53:11 PM
 Blitz 10/10 

Pairing 3/6 :    Slowmate_v1.0  -  C0BR4_v2.0

PGN-File: C:\Program Files (x86)\Arena\Tournaments\Engine Battle 20250818_2.pgn

No:  B/W 1/2     W:B       1:2           Time        Value Moves Dep 1:2       1-2-Draws
  15 W 1    1.0:0.0        14.0:1.0      4:53:34 PM     0.00    18 0:4.000  14-1-0

--------------------------------------------------------------

Engine-Match Monday, August 18, 2025 4:53:35 PM
 Blitz 10/10 

Pairing 4/6 :    Cece_v2.3  -  V7P3R_v4.3

PGN-File: C:\Program Files (x86)\Arena\Tournaments\Engine Battle 20250818_2.pgn

No:  B/W 1/2     W:B       1:2           Time        Value Moves Dep 1:2       1-2-Draws
  15 B 2    4.0:3.0        3.0:12.0      4:59:58 PM     0.00    24 0:0 0-9-6

--------------------------------------------------------------

Engine-Match Monday, August 18, 2025 4:59:59 PM
 Blitz 10/10 

Pairing 5/6 :    C0BR4_v2.0  -  Cece_v2.3

PGN-File: C:\Program Files (x86)\Arena\Tournaments\Engine Battle 20250818_2.pgn

No:  B/W 1/2     W:B       1:2           Time        Value Moves Dep 1:2       1-2-Draws
  15 B 2    1.0:0.0        8.0:7.0       5:01:16 PM     0.00     7 4.000 :0 8-7-0

--------------------------------------------------------------

Engine-Match Monday, August 18, 2025 5:01:18 PM
 Blitz 10/10 

Pairing 6/6 :    V7P3R_v4.3  -  Slowmate_v1.0

PGN-File: C:\Program Files (x86)\Arena\Tournaments\Engine Battle 20250818_2.pgn

No:  B/W 1/2     W:B       1:2           Time        Value Moves Dep 1:2       1-2-Draws
  15 = =    7.5:7.5        7.5:7.5       5:02:13 PM     0.00    10 0:0 0-0-15

--------------------------------------------------------------

Engine-Match Monday, August 18, 2025 5:02:14 PM
 Blitz 10/10 

Pairing 1/6 :    C0BR4_v2.0  -  V7P3R_v4.3

PGN-File: C:\Program Files (x86)\Arena\Tournaments\Engine Battle 20250818_2.pgn

No:  B/W 1/2     W:B       1:2           Time        Value Moves Dep 1:2       1-2-Draws
  16 W 2    2.0:1.0        5.0:11.0      5:03:56 PM     0.00    15 4.000 :0 4-10-2

--------------------------------------------------------------

Engine-Match Monday, August 18, 2025 5:03:58 PM
 Blitz 10/10 

Pairing 2/6 :    Slowmate_v1.0  -  Cece_v2.3

PGN-File: C:\Program Files (x86)\Arena\Tournaments\Engine Battle 20250818_2.pgn

No:  B/W 1/2     W:B       1:2           Time        Value Moves Dep 1:2       1-2-Draws
  16 B 1    1.0:0.0        16.0:0.0      5:07:59 PM     0.00    22 0:0 16-0-0

--------------------------------------------------------------

Engine-Match Monday, August 18, 2025 5:08:01 PM
 Blitz 10/10 

Pairing 3/6 :    Slowmate_v1.0  -  C0BR4_v2.0

PGN-File: C:\Program Files (x86)\Arena\Tournaments\Engine Battle 20250818_2.pgn

No:  B/W 1/2     W:B       1:2           Time        Value Moves Dep 1:2       1-2-Draws
  16 B 1    1.0:0.0        15.0:1.0      5:08:39 PM     0.00    39 0:4.000  15-1-0

--------------------------------------------------------------

Engine-Match Monday, August 18, 2025 5:08:40 PM
 Blitz 10/10 

Pairing 4/6 :    Cece_v2.3  -  V7P3R_v4.3

PGN-File: C:\Program Files (x86)\Arena\Tournaments\Engine Battle 20250818_2.pgn

No:  B/W 1/2     W:B       1:2           Time        Value Moves Dep 1:2       1-2-Draws
  16 W 2    4.0:3.0        3.0:13.0      5:12:20 PM     0.00    17 0:0 0-10-6

--------------------------------------------------------------

Engine-Match Monday, August 18, 2025 5:12:21 PM
 Blitz 10/10 

Pairing 5/6 :    C0BR4_v2.0  -  Cece_v2.3

PGN-File: C:\Program Files (x86)\Arena\Tournaments\Engine Battle 20250818_2.pgn

No:  B/W 1/2     W:B       1:2           Time        Value Moves Dep 1:2       1-2-Draws
  16 B 1    1.0:0.0        9.0:7.0       5:14:41 PM  -299.99    13 4.000 :0 9-7-0

--------------------------------------------------------------

Engine-Match Monday, August 18, 2025 5:14:43 PM
 Blitz 10/10 

Pairing 6/6 :    V7P3R_v4.3  -  Slowmate_v1.0

PGN-File: C:\Program Files (x86)\Arena\Tournaments\Engine Battle 20250818_2.pgn

No:  B/W 1/2     W:B       1:2           Time        Value Moves Dep 1:2       1-2-Draws
  16 = =    8.0:8.0        8.0:8.0       5:19:46 PM     0.00    50 0:0 0-0-16

--------------------------------------------------------------

Engine-Match Monday, August 18, 2025 5:19:47 PM
 Blitz 10/10 

Pairing 1/6 :    C0BR4_v2.0  -  V7P3R_v4.3

PGN-File: C:\Program Files (x86)\Arena\Tournaments\Engine Battle 20250818_2.pgn

No:  B/W 1/2     W:B       1:2           Time        Value Moves Dep 1:2       1-2-Draws
  17 B 2    2.0:1.0        5.0:12.0      5:22:11 PM     0.00    23 4.000 :0 4-11-2

--------------------------------------------------------------

Engine-Match Monday, August 18, 2025 5:22:13 PM
 Blitz 10/10 

Pairing 2/6 :    Slowmate_v1.0  -  Cece_v2.3

PGN-File: C:\Program Files (x86)\Arena\Tournaments\Engine Battle 20250818_2.pgn

No:  B/W 1/2     W:B       1:2           Time        Value Moves Dep 1:2       1-2-Draws
  17 W 1    1.0:0.0        17.0:0.0      5:24:58 PM     0.00    16 0:0 17-0-0

--------------------------------------------------------------

Engine-Match Monday, August 18, 2025 5:24:59 PM
 Blitz 10/10 

Pairing 3/6 :    Slowmate_v1.0  -  C0BR4_v2.0

PGN-File: C:\Program Files (x86)\Arena\Tournaments\Engine Battle 20250818_2.pgn

No:  B/W 1/2     W:B       1:2           Time        Value Moves Dep 1:2       1-2-Draws
  17 W 1    1.0:0.0        16.0:1.0      5:25:14 PM     0.00    13 0:4.000  16-1-0

--------------------------------------------------------------

Engine-Match Monday, August 18, 2025 5:25:16 PM
 Blitz 10/10 

Pairing 4/6 :    Cece_v2.3  -  V7P3R_v4.3

PGN-File: C:\Program Files (x86)\Arena\Tournaments\Engine Battle 20250818_2.pgn

No:  B/W 1/2     W:B       1:2           Time        Value Moves Dep 1:2       1-2-Draws
  17 B 2    4.0:3.0        3.0:14.0      5:34:06 PM     0.00    32 0:0 0-11-6

--------------------------------------------------------------

Engine-Match Monday, August 18, 2025 5:34:12 PM
 Blitz 10/10 

Pairing 5/6 :    C0BR4_v2.0  -  Cece_v2.3

PGN-File: C:\Program Files (x86)\Arena\Tournaments\Engine Battle 20250818_2.pgn

No:  B/W 1/2     W:B       1:2           Time        Value Moves Dep 1:2       1-2-Draws
  17 W 1    1.0:0.0        10.0:7.0      5:37:19 PM  +299.99    18 4.000 :0 10-7-0

--------------------------------------------------------------

Engine-Match Monday, August 18, 2025 5:37:20 PM
 Blitz 10/10 

Pairing 6/6 :    V7P3R_v4.3  -  Slowmate_v1.0

PGN-File: C:\Program Files (x86)\Arena\Tournaments\Engine Battle 20250818_2.pgn

No:  B/W 1/2     W:B       1:2           Time        Value Moves Dep 1:2       1-2-Draws
  17 = =    8.5:8.5        8.5:8.5       5:40:55 PM     0.00    48 0:0 0-0-17

--------------------------------------------------------------

Engine-Match Monday, August 18, 2025 5:40:56 PM
 Blitz 10/10 

Pairing 1/6 :    C0BR4_v2.0  -  V7P3R_v4.3

PGN-File: C:\Program Files (x86)\Arena\Tournaments\Engine Battle 20250818_2.pgn

No:  B/W 1/2     W:B       1:2           Time        Value Moves Dep 1:2       1-2-Draws
  18 B 1    2.0:1.0        6.0:12.0      5:44:01 PM  -299.99    33 4.000 :0 5-11-2

--------------------------------------------------------------

Engine-Match Monday, August 18, 2025 5:44:02 PM
 Blitz 10/10 

Pairing 2/6 :    Slowmate_v1.0  -  Cece_v2.3

PGN-File: C:\Program Files (x86)\Arena\Tournaments\Engine Battle 20250818_2.pgn

No:  B/W 1/2     W:B       1:2           Time        Value Moves Dep 1:2       1-2-Draws
  18 B 1    1.0:0.0        18.0:0.0      5:46:25 PM     0.00    13 0:0 18-0-0

--------------------------------------------------------------

Engine-Match Monday, August 18, 2025 5:46:26 PM
 Blitz 10/10 

Pairing 3/6 :    Slowmate_v1.0  -  C0BR4_v2.0

PGN-File: C:\Program Files (x86)\Arena\Tournaments\Engine Battle 20250818_2.pgn

No:  B/W 1/2     W:B       1:2           Time        Value Moves Dep 1:2       1-2-Draws
  18 B 1    1.0:0.0        17.0:1.0      5:46:56 PM     0.00    32 0:4.000  17-1-0

--------------------------------------------------------------

Engine-Match Monday, August 18, 2025 5:46:57 PM
 Blitz 10/10 

Pairing 4/6 :    Cece_v2.3  -  V7P3R_v4.3

PGN-File: C:\Program Files (x86)\Arena\Tournaments\Engine Battle 20250818_2.pgn

No:  B/W 1/2     W:B       1:2           Time        Value Moves Dep 1:2       1-2-Draws
  18 = =    3.5:3.5        3.5:14.5      5:55:18 PM     0.00    40 0:0 0-11-7

--------------------------------------------------------------

Engine-Match Monday, August 18, 2025 5:55:20 PM
 Blitz 10/10 

Pairing 5/6 :    C0BR4_v2.0  -  Cece_v2.3

PGN-File: C:\Program Files (x86)\Arena\Tournaments\Engine Battle 20250818_2.pgn

No:  B/W 1/2     W:B       1:2           Time        Value Moves Dep 1:2       1-2-Draws
  18 W 2    1.0:0.0        10.0:8.0      5:57:50 PM     0.00    14 4.000 :0 10-8-0

--------------------------------------------------------------

Engine-Match Monday, August 18, 2025 5:57:52 PM
 Blitz 10/10 

Pairing 6/6 :    V7P3R_v4.3  -  Slowmate_v1.0

PGN-File: C:\Program Files (x86)\Arena\Tournaments\Engine Battle 20250818_2.pgn

No:  B/W 1/2     W:B       1:2           Time        Value Moves Dep 1:2       1-2-Draws
  18 = =    9.0:9.0        9.0:9.0       6:02:52 PM     0.00    50 0:0 0-0-18

--------------------------------------------------------------

Engine-Match Monday, August 18, 2025 6:02:54 PM
 Blitz 10/10 

Pairing 1/6 :    C0BR4_v2.0  -  V7P3R_v4.3

PGN-File: C:\Program Files (x86)\Arena\Tournaments\Engine Battle 20250818_2.pgn

No:  B/W 1/2     W:B       1:2           Time        Value Moves Dep 1:2       1-2-Draws
  19 W 1    2.0:1.0        7.0:12.0      6:05:36 PM  +299.99    26 4.000 :0 6-11-2

--------------------------------------------------------------

Engine-Match Monday, August 18, 2025 6:05:37 PM
 Blitz 10/10 

Pairing 2/6 :    Slowmate_v1.0  -  Cece_v2.3

PGN-File: C:\Program Files (x86)\Arena\Tournaments\Engine Battle 20250818_2.pgn

No:  B/W 1/2     W:B       1:2           Time        Value Moves Dep 1:2       1-2-Draws
  19 W 1    1.0:0.0        19.0:0.0      6:08:22 PM     0.00    16 0:0 19-0-0

--------------------------------------------------------------

Engine-Match Monday, August 18, 2025 6:08:24 PM
 Blitz 10/10 

Pairing 3/6 :    Slowmate_v1.0  -  C0BR4_v2.0

PGN-File: C:\Program Files (x86)\Arena\Tournaments\Engine Battle 20250818_2.pgn

No:  B/W 1/2     W:B       1:2           Time        Value Moves Dep 1:2       1-2-Draws
  19 B 2    1.0:0.0        17.0:2.0      6:08:43 PM  -299.99    21 0:4.000  17-2-0

--------------------------------------------------------------

Engine-Match Monday, August 18, 2025 6:08:44 PM
 Blitz 10/10 

Pairing 4/6 :    Cece_v2.3  -  V7P3R_v4.3

PGN-File: C:\Program Files (x86)\Arena\Tournaments\Engine Battle 20250818_2.pgn

No:  B/W 1/2     W:B       1:2           Time        Value Moves Dep 1:2       1-2-Draws
  19 = =    4.0:4.0        4.0:15.0      6:12:57 PM     0.00    19 0:0 0-11-8

--------------------------------------------------------------

Engine-Match Monday, August 18, 2025 6:12:58 PM
 Blitz 10/10 

Pairing 5/6 :    C0BR4_v2.0  -  Cece_v2.3

PGN-File: C:\Program Files (x86)\Arena\Tournaments\Engine Battle 20250818_2.pgn

No:  B/W 1/2     W:B       1:2           Time        Value Moves Dep 1:2       1-2-Draws
  19 B 2    1.0:0.0        10.0:9.0      6:15:50 PM     0.00    16 4.000 :0 10-9-0

--------------------------------------------------------------

Engine-Match Monday, August 18, 2025 6:15:52 PM
 Blitz 10/10 

Pairing 6/6 :    V7P3R_v4.3  -  Slowmate_v1.0

PGN-File: C:\Program Files (x86)\Arena\Tournaments\Engine Battle 20250818_2.pgn

No:  B/W 1/2     W:B       1:2           Time        Value Moves Dep 1:2       1-2-Draws
  19 = =    9.5:9.5        9.5:9.5       6:19:34 PM     0.00    48 0:0 0-0-19

--------------------------------------------------------------

Engine-Match Monday, August 18, 2025 6:19:35 PM
 Blitz 10/10 

Pairing 1/6 :    C0BR4_v2.0  -  V7P3R_v4.3

PGN-File: C:\Program Files (x86)\Arena\Tournaments\Engine Battle 20250818_2.pgn

No:  B/W 1/2     W:B       1:2           Time        Value Moves Dep 1:2       1-2-Draws
  20 B 1    2.0:1.0        8.0:12.0      6:23:38 PM  -299.99    37 4.000 :0 7-11-2

--------------------------------------------------------------

Engine-Match Monday, August 18, 2025 6:23:39 PM
 Blitz 10/10 

Pairing 2/6 :    Slowmate_v1.0  -  Cece_v2.3

PGN-File: C:\Program Files (x86)\Arena\Tournaments\Engine Battle 20250818_2.pgn

No:  B/W 1/2     W:B       1:2           Time        Value Moves Dep 1:2       1-2-Draws
  20 B 1    1.0:0.0        20.0:0.0      6:26:15 PM     0.00    14 0:0 20-0-0

--------------------------------------------------------------

Engine-Match Monday, August 18, 2025 6:26:16 PM
 Blitz 10/10 

Pairing 3/6 :    Slowmate_v1.0  -  C0BR4_v2.0

PGN-File: C:\Program Files (x86)\Arena\Tournaments\Engine Battle 20250818_2.pgn

No:  B/W 1/2     W:B       1:2           Time        Value Moves Dep 1:2       1-2-Draws
  20 B 1    1.0:0.0        18.0:2.0      6:26:46 PM     0.00    32 0:4.000  18-2-0

--------------------------------------------------------------

Engine-Match Monday, August 18, 2025 6:26:48 PM
 Blitz 10/10 

Pairing 4/6 :    Cece_v2.3  -  V7P3R_v4.3

PGN-File: C:\Program Files (x86)\Arena\Tournaments\Engine Battle 20250818_2.pgn

No:  B/W 1/2     W:B       1:2           Time        Value Moves Dep 1:2       1-2-Draws
  20 W 2    5.0:4.0        4.0:16.0      6:31:16 PM     0.00    20 0:0 0-12-8

--------------------------------------------------------------

Engine-Match Monday, August 18, 2025 6:31:17 PM
 Blitz 10/10 

Pairing 5/6 :    C0BR4_v2.0  -  Cece_v2.3

PGN-File: C:\Program Files (x86)\Arena\Tournaments\Engine Battle 20250818_2.pgn

No:  B/W 1/2     W:B       1:2           Time        Value Moves Dep 1:2       1-2-Draws
  20 W 2    1.0:0.0        10.0:10.0     6:35:35 PM     0.00    24 4.000 :0 10-10-0

--------------------------------------------------------------

Engine-Match Monday, August 18, 2025 6:35:36 PM
 Blitz 10/10 

Pairing 6/6 :    V7P3R_v4.3  -  Slowmate_v1.0

PGN-File: C:\Program Files (x86)\Arena\Tournaments\Engine Battle 20250818_2.pgn

No:  B/W 1/2     W:B       1:2           Time        Value Moves Dep 1:2       1-2-Draws
  20 = =    10.0:10.0      10.0:10.0     6:40:48 PM     0.00    50 0:0 0-0-20
