Engine-Match Thursday, August 7, 2025 7:55:15 PM
 Blitz 2/1 

Pairing 1/6 :    Cece_v1.3  -  SlowMate_v0.4.03_Stable_Baseline

PGN-File: C:\Program Files (x86)\Arena\Tournaments\Engine Battle 20250807.pgn

No:  B/W 1/2     W:B       1:2           Time        Value Moves Dep 1:2       1-2-Draws
   1 = =    0.5:0.5        0.5:0.5       7:58:23 PM    -2.20    61 0:8.000  0-0-1

--------------------------------------------------------------

Engine-Match Thursday, August 7, 2025 7:58:24 PM
 Blitz 2/1 

Pairing 2/6 :    SlowMate_v0.5.0_BETA  -  Cecilia_v0.3.0_Advanced

PGN-File: C:\Program Files (x86)\Arena\Tournaments\Engine Battle 20250807.pgn

No:  B/W 1/2     W:B       1:2           Time        Value Moves Dep 1:2       1-2-Draws
   1 * *     0.0:0.0        0.0:0.0       7:59:04 PM     0.00     1 8.000 :0 0-0-0

--------------------------------------------------------------

Engine-Match Thursday, August 7, 2025 8:01:49 PM
 Blitz 2/1 

Pairing 1/6 :    Cece_v1.3  -  Cece_v1.0

PGN-File: C:\Program Files (x86)\Arena\Tournaments\Engine Battle 20250807.pgn

No:  B/W 1/2     W:B       1:2           Time        Value Moves Dep 1:2       1-2-Draws
   1 W 1    1.0:0.0        1.0:0.0       8:04:48 PM     0.00    27 0:0 1-0-0

--------------------------------------------------------------

Engine-Match Thursday, August 7, 2025 8:04:49 PM
 Blitz 2/1 

Pairing 2/6 :    SlowMate_v0.4.03_Stable_Baseline  -  SlowMate_v0.5.0_BETA

PGN-File: C:\Program Files (x86)\Arena\Tournaments\Engine Battle 20250807.pgn

No:  B/W 1/2     W:B       1:2           Time        Value Moves Dep 1:2       1-2-Draws
   1 W 1    1.0:0.0        1.0:0.0       8:05:02 PM   +22.70    11 8.000 :8.000  1-0-0

--------------------------------------------------------------

Engine-Match Thursday, August 7, 2025 8:05:03 PM
 Blitz 2/1 

Pairing 3/6 :    SlowMate_v0.4.03_Stable_Baseline  -  Cece_v1.3

PGN-File: C:\Program Files (x86)\Arena\Tournaments\Engine Battle 20250807.pgn

No:  B/W 1/2     W:B       1:2           Time        Value Moves Dep 1:2       1-2-Draws
   1 B 2    1.0:0.0        0.0:1.0       8:06:55 PM   -10.60    29 8.000 :0 0-1-0

--------------------------------------------------------------

Engine-Match Thursday, August 7, 2025 8:06:56 PM
 Blitz 2/1 

Pairing 4/6 :    SlowMate_v0.5.0_BETA  -  Cece_v1.0

PGN-File: C:\Program Files (x86)\Arena\Tournaments\Engine Battle 20250807.pgn

No:  B/W 1/2     W:B       1:2           Time        Value Moves Dep 1:2       1-2-Draws
   1 = =    0.5:0.5        0.5:0.5       8:07:38 PM     0.00     9 8.000 :0 0-0-1

--------------------------------------------------------------

Engine-Match Thursday, August 7, 2025 8:07:39 PM
 Blitz 2/1 

Pairing 5/6 :    Cece_v1.3  -  SlowMate_v0.5.0_BETA

PGN-File: C:\Program Files (x86)\Arena\Tournaments\Engine Battle 20250807.pgn

No:  B/W 1/2     W:B       1:2           Time        Value Moves Dep 1:2       1-2-Draws
   1 W 1    1.0:0.0        1.0:0.0       8:09:11 PM   +12.70    24 0:8.000  1-0-0

--------------------------------------------------------------

Engine-Match Thursday, August 7, 2025 8:09:12 PM
 Blitz 2/1 

Pairing 6/6 :    Cece_v1.0  -  SlowMate_v0.4.03_Stable_Baseline

PGN-File: C:\Program Files (x86)\Arena\Tournaments\Engine Battle 20250807.pgn

No:  B/W 1/2     W:B       1:2           Time        Value Moves Dep 1:2       1-2-Draws
   1 B 2    1.0:0.0        0.0:1.0       8:13:46 PM   -12.00   102 0:8.000  0-1-0

--------------------------------------------------------------

Engine-Match Thursday, August 7, 2025 8:13:47 PM
 Blitz 2/1 

Pairing 1/6 :    Cece_v1.3  -  Cece_v1.0

PGN-File: C:\Program Files (x86)\Arena\Tournaments\Engine Battle 20250807.pgn

No:  B/W 1/2     W:B       1:2           Time        Value Moves Dep 1:2       1-2-Draws
   2 B 1    1.0:0.0        2.0:0.0       8:15:14 PM     0.00    10 0:0 2-0-0

--------------------------------------------------------------

Engine-Match Thursday, August 7, 2025 8:15:16 PM
 Blitz 2/1 

Pairing 2/6 :    SlowMate_v0.4.03_Stable_Baseline  -  SlowMate_v0.5.0_BETA

PGN-File: C:\Program Files (x86)\Arena\Tournaments\Engine Battle 20250807.pgn

No:  B/W 1/2     W:B       1:2           Time        Value Moves Dep 1:2       1-2-Draws
   2 B 1    1.0:0.0        2.0:0.0       8:15:57 PM   -12.00    43 8.000 :8.000  2-0-0

--------------------------------------------------------------

Engine-Match Thursday, August 7, 2025 8:15:58 PM
 Blitz 2/1 

Pairing 3/6 :    SlowMate_v0.4.03_Stable_Baseline  -  Cece_v1.3

PGN-File: C:\Program Files (x86)\Arena\Tournaments\Engine Battle 20250807.pgn

No:  B/W 1/2     W:B       1:2           Time        Value Moves Dep 1:2       1-2-Draws
   2 B 1    1.0:0.0        1.0:1.0       8:22:19 PM    -5.00   162 8.000 :0 1-1-0

--------------------------------------------------------------

Engine-Match Thursday, August 7, 2025 8:22:21 PM
 Blitz 2/1 

Pairing 4/6 :    SlowMate_v0.5.0_BETA  -  Cece_v1.0

PGN-File: C:\Program Files (x86)\Arena\Tournaments\Engine Battle 20250807.pgn

No:  B/W 1/2     W:B       1:2           Time        Value Moves Dep 1:2       1-2-Draws
   2 = =    1.0:1.0        1.0:1.0       8:23:21 PM    +8.50    14 8.000 :0 0-0-2

--------------------------------------------------------------

Engine-Match Thursday, August 7, 2025 8:23:22 PM
 Blitz 2/1 

Pairing 5/6 :    Cece_v1.3  -  SlowMate_v0.5.0_BETA

PGN-File: C:\Program Files (x86)\Arena\Tournaments\Engine Battle 20250807.pgn

No:  B/W 1/2     W:B       1:2           Time        Value Moves Dep 1:2       1-2-Draws
   2 = =    0.5:0.5        1.5:0.5       8:24:00 PM     0.00     8 0:8.000  1-0-1

--------------------------------------------------------------

Engine-Match Thursday, August 7, 2025 8:24:01 PM
 Blitz 2/1 

Pairing 6/6 :    Cece_v1.0  -  SlowMate_v0.4.03_Stable_Baseline

PGN-File: C:\Program Files (x86)\Arena\Tournaments\Engine Battle 20250807.pgn

No:  B/W 1/2     W:B       1:2           Time        Value Moves Dep 1:2       1-2-Draws
   2 W 2    1.0:0.0        0.0:2.0       8:26:49 PM    +4.00    50 0:8.000  0-2-0

--------------------------------------------------------------

Engine-Match Thursday, August 7, 2025 8:26:51 PM
 Blitz 2/1 

Pairing 1/6 :    Cece_v1.3  -  Cece_v1.0

PGN-File: C:\Program Files (x86)\Arena\Tournaments\Engine Battle 20250807.pgn

No:  B/W 1/2     W:B       1:2           Time        Value Moves Dep 1:2       1-2-Draws
   3 W 1    1.0:0.0        3.0:0.0       8:31:11 PM     0.00    46 0:0 3-0-0

--------------------------------------------------------------

Engine-Match Thursday, August 7, 2025 8:31:12 PM
 Blitz 2/1 

Pairing 2/6 :    SlowMate_v0.4.03_Stable_Baseline  -  SlowMate_v0.5.0_BETA

PGN-File: C:\Program Files (x86)\Arena\Tournaments\Engine Battle 20250807.pgn

No:  B/W 1/2     W:B       1:2           Time        Value Moves Dep 1:2       1-2-Draws
   3 W 1    1.0:0.0        3.0:0.0       8:31:25 PM   +22.70    12 8.000 :8.000  3-0-0

--------------------------------------------------------------

Engine-Match Thursday, August 7, 2025 8:31:26 PM
 Blitz 2/1 

Pairing 3/6 :    SlowMate_v0.4.03_Stable_Baseline  -  Cece_v1.3

PGN-File: C:\Program Files (x86)\Arena\Tournaments\Engine Battle 20250807.pgn

No:  B/W 1/2     W:B       1:2           Time        Value Moves Dep 1:2       1-2-Draws
   3 W 1    1.0:0.0        2.0:1.0       8:33:37 PM   +12.50    36 8.000 :0 2-1-0

--------------------------------------------------------------

Engine-Match Thursday, August 7, 2025 8:33:38 PM
 Blitz 2/1 

Pairing 4/6 :    SlowMate_v0.5.0_BETA  -  Cece_v1.0

PGN-File: C:\Program Files (x86)\Arena\Tournaments\Engine Battle 20250807.pgn

No:  B/W 1/2     W:B       1:2           Time        Value Moves Dep 1:2       1-2-Draws
   3 = =    1.5:1.5        1.5:1.5       8:35:01 PM     0.00    21 8.000 :0 0-0-3

--------------------------------------------------------------

Engine-Match Thursday, August 7, 2025 8:35:03 PM
 Blitz 2/1 

Pairing 5/6 :    Cece_v1.3  -  SlowMate_v0.5.0_BETA

PGN-File: C:\Program Files (x86)\Arena\Tournaments\Engine Battle 20250807.pgn

No:  B/W 1/2     W:B       1:2           Time        Value Moves Dep 1:2       1-2-Draws
   3 = =    1.0:1.0        2.0:1.0       8:35:37 PM     0.00     7 0:8.000  1-0-2

--------------------------------------------------------------

Engine-Match Thursday, August 7, 2025 8:35:38 PM
 Blitz 2/1 

Pairing 6/6 :    Cece_v1.0  -  SlowMate_v0.4.03_Stable_Baseline

PGN-File: C:\Program Files (x86)\Arena\Tournaments\Engine Battle 20250807.pgn

No:  B/W 1/2     W:B       1:2           Time        Value Moves Dep 1:2       1-2-Draws
   3 = =    0.5:0.5        0.5:2.5       8:42:25 PM   -10.70   176 0:8.000  0-2-1

--------------------------------------------------------------

Engine-Match Thursday, August 7, 2025 8:42:26 PM
 Blitz 2/1 

Pairing 1/6 :    Cece_v1.3  -  Cece_v1.0

PGN-File: C:\Program Files (x86)\Arena\Tournaments\Engine Battle 20250807.pgn

No:  B/W 1/2     W:B       1:2           Time        Value Moves Dep 1:2       1-2-Draws
   4 B 1    1.0:0.0        4.0:0.0       8:43:53 PM     0.00    10 0:0 4-0-0

--------------------------------------------------------------

Engine-Match Thursday, August 7, 2025 8:43:54 PM
 Blitz 2/1 

Pairing 2/6 :    SlowMate_v0.4.03_Stable_Baseline  -  SlowMate_v0.5.0_BETA

PGN-File: C:\Program Files (x86)\Arena\Tournaments\Engine Battle 20250807.pgn

No:  B/W 1/2     W:B       1:2           Time        Value Moves Dep 1:2       1-2-Draws
   4 B 1    1.0:0.0        4.0:0.0       8:44:27 PM    -9.80    34 8.000 :8.000  4-0-0

--------------------------------------------------------------

Engine-Match Thursday, August 7, 2025 8:44:33 PM
 Blitz 2/1 

Pairing 3/6 :    SlowMate_v0.4.03_Stable_Baseline  -  Cece_v1.3

PGN-File: C:\Program Files (x86)\Arena\Tournaments\Engine Battle 20250807.pgn

No:  B/W 1/2     W:B       1:2           Time        Value Moves Dep 1:2       1-2-Draws
   4 W 2    1.0:0.0        2.0:2.0       8:45:52 PM   +14.00    18 8.000 :0 2-2-0

--------------------------------------------------------------

Engine-Match Thursday, August 7, 2025 8:45:53 PM
 Blitz 2/1 

Pairing 4/6 :    SlowMate_v0.5.0_BETA  -  Cece_v1.0

PGN-File: C:\Program Files (x86)\Arena\Tournaments\Engine Battle 20250807.pgn

No:  B/W 1/2     W:B       1:2           Time        Value Moves Dep 1:2       1-2-Draws
   4 = =    2.0:2.0        2.0:2.0       8:47:00 PM    +8.50    16 8.000 :0 0-0-4

--------------------------------------------------------------

Engine-Match Thursday, August 7, 2025 8:47:02 PM
 Blitz 2/1 

Pairing 5/6 :    Cece_v1.3  -  SlowMate_v0.5.0_BETA

PGN-File: C:\Program Files (x86)\Arena\Tournaments\Engine Battle 20250807.pgn

No:  B/W 1/2     W:B       1:2           Time        Value Moves Dep 1:2       1-2-Draws
   4 = =    1.5:1.5        2.5:1.5       8:47:40 PM     0.00     8 0:8.000  1-0-3

--------------------------------------------------------------

Engine-Match Thursday, August 7, 2025 8:47:42 PM
 Blitz 2/1 

Pairing 6/6 :    Cece_v1.0  -  SlowMate_v0.4.03_Stable_Baseline

PGN-File: C:\Program Files (x86)\Arena\Tournaments\Engine Battle 20250807.pgn

No:  B/W 1/2     W:B       1:2           Time        Value Moves Dep 1:2       1-2-Draws
   4 W 2    1.5:0.5        0.5:3.5       8:52:45 PM    +8.30   118 0:8.000  0-3-1

--------------------------------------------------------------

Engine-Match Thursday, August 7, 2025 8:52:47 PM
 Blitz 2/1 

Pairing 1/6 :    Cece_v1.3  -  Cece_v1.0

PGN-File: C:\Program Files (x86)\Arena\Tournaments\Engine Battle 20250807.pgn

No:  B/W 1/2     W:B       1:2           Time        Value Moves Dep 1:2       1-2-Draws
   5 W 1    1.0:0.0        5.0:0.0       8:54:55 PM     0.00    17 0:0 5-0-0

--------------------------------------------------------------

Engine-Match Thursday, August 7, 2025 8:54:56 PM
 Blitz 2/1 

Pairing 2/6 :    SlowMate_v0.4.03_Stable_Baseline  -  SlowMate_v0.5.0_BETA

PGN-File: C:\Program Files (x86)\Arena\Tournaments\Engine Battle 20250807.pgn

No:  B/W 1/2     W:B       1:2           Time        Value Moves Dep 1:2       1-2-Draws
   5 W 1    1.0:0.0        5.0:0.0       8:55:08 PM   +22.70    11 8.000 :8.000  5-0-0

--------------------------------------------------------------

Engine-Match Thursday, August 7, 2025 8:55:10 PM
 Blitz 2/1 

Pairing 3/6 :    SlowMate_v0.4.03_Stable_Baseline  -  Cece_v1.3

PGN-File: C:\Program Files (x86)\Arena\Tournaments\Engine Battle 20250807.pgn

No:  B/W 1/2     W:B       1:2           Time        Value Moves Dep 1:2       1-2-Draws
   5 W 1    1.0:0.0        3.0:2.0       8:57:31 PM   +20.30    40 8.000 :0 3-2-0

--------------------------------------------------------------

Engine-Match Thursday, August 7, 2025 8:57:32 PM
 Blitz 2/1 

Pairing 4/6 :    SlowMate_v0.5.0_BETA  -  Cece_v1.0

PGN-File: C:\Program Files (x86)\Arena\Tournaments\Engine Battle 20250807.pgn

No:  B/W 1/2     W:B       1:2           Time        Value Moves Dep 1:2       1-2-Draws
   5 = =    2.5:2.5        2.5:2.5       8:58:43 PM     0.00    17 8.000 :0 0-0-5

--------------------------------------------------------------

Engine-Match Thursday, August 7, 2025 8:58:44 PM
 Blitz 2/1 

Pairing 5/6 :    Cece_v1.3  -  SlowMate_v0.5.0_BETA

PGN-File: C:\Program Files (x86)\Arena\Tournaments\Engine Battle 20250807.pgn

No:  B/W 1/2     W:B       1:2           Time        Value Moves Dep 1:2       1-2-Draws
   5 = =    2.0:2.0        3.0:2.0       8:59:19 PM     0.00     7 0:8.000  1-0-4

--------------------------------------------------------------

Engine-Match Thursday, August 7, 2025 8:59:20 PM
 Blitz 2/1 

Pairing 6/6 :    Cece_v1.0  -  SlowMate_v0.4.03_Stable_Baseline

PGN-File: C:\Program Files (x86)\Arena\Tournaments\Engine Battle 20250807.pgn

No:  B/W 1/2     W:B       1:2           Time        Value Moves Dep 1:2       1-2-Draws
   5 W 1    1.5:0.5        1.5:3.5       9:00:35 PM   +13.20    17 0:8.000  1-3-1

--------------------------------------------------------------

Engine-Match Thursday, August 7, 2025 9:00:37 PM
 Blitz 2/1 

Pairing 1/6 :    Cece_v1.3  -  Cece_v1.0

PGN-File: C:\Program Files (x86)\Arena\Tournaments\Engine Battle 20250807.pgn

No:  B/W 1/2     W:B       1:2           Time        Value Moves Dep 1:2       1-2-Draws
   6 = =    0.5:0.5        5.5:0.5       9:05:47 PM     0.00    61 0:0 5-0-1

--------------------------------------------------------------

Engine-Match Thursday, August 7, 2025 9:05:48 PM
 Blitz 2/1 

Pairing 2/6 :    SlowMate_v0.4.03_Stable_Baseline  -  SlowMate_v0.5.0_BETA

PGN-File: C:\Program Files (x86)\Arena\Tournaments\Engine Battle 20250807.pgn

No:  B/W 1/2     W:B       1:2           Time        Value Moves Dep 1:2       1-2-Draws
   6 B 1    1.0:0.0        6.0:0.0       9:06:02 PM    -9.70    13 8.000 :8.000  6-0-0

--------------------------------------------------------------

Engine-Match Thursday, August 7, 2025 9:06:03 PM
 Blitz 2/1 

Pairing 3/6 :    SlowMate_v0.4.03_Stable_Baseline  -  Cece_v1.3

PGN-File: C:\Program Files (x86)\Arena\Tournaments\Engine Battle 20250807.pgn

No:  B/W 1/2     W:B       1:2           Time        Value Moves Dep 1:2       1-2-Draws
   6 W 2    1.0:0.0        3.0:3.0       9:07:14 PM   +12.10    16 8.000 :0 3-3-0

--------------------------------------------------------------

Engine-Match Thursday, August 7, 2025 9:07:15 PM
 Blitz 2/1 

Pairing 4/6 :    SlowMate_v0.5.0_BETA  -  Cece_v1.0

PGN-File: C:\Program Files (x86)\Arena\Tournaments\Engine Battle 20250807.pgn

No:  B/W 1/2     W:B       1:2           Time        Value Moves Dep 1:2       1-2-Draws
   6 = =    3.0:3.0        3.0:3.0       9:08:23 PM    +8.50    16 8.000 :0 0-0-6

--------------------------------------------------------------

Engine-Match Thursday, August 7, 2025 9:08:24 PM
 Blitz 2/1 

Pairing 5/6 :    Cece_v1.3  -  SlowMate_v0.5.0_BETA

PGN-File: C:\Program Files (x86)\Arena\Tournaments\Engine Battle 20250807.pgn

No:  B/W 1/2     W:B       1:2           Time        Value Moves Dep 1:2       1-2-Draws
   6 = =    2.5:2.5        3.5:2.5       9:09:03 PM     0.00     8 0:8.000  1-0-5

--------------------------------------------------------------

Engine-Match Thursday, August 7, 2025 9:09:04 PM
 Blitz 2/1 

Pairing 6/6 :    Cece_v1.0  -  SlowMate_v0.4.03_Stable_Baseline

PGN-File: C:\Program Files (x86)\Arena\Tournaments\Engine Battle 20250807.pgn

No:  B/W 1/2     W:B       1:2           Time        Value Moves Dep 1:2       1-2-Draws
   6 W 2    1.5:0.5        1.5:4.5       9:10:23 PM   +28.00    18 0:8.000  1-4-1

--------------------------------------------------------------

Engine-Match Thursday, August 7, 2025 9:10:24 PM
 Blitz 2/1 

Pairing 1/6 :    Cece_v1.3  -  Cece_v1.0

PGN-File: C:\Program Files (x86)\Arena\Tournaments\Engine Battle 20250807.pgn

No:  B/W 1/2     W:B       1:2           Time        Value Moves Dep 1:2       1-2-Draws
   7 = =    1.0:1.0        6.0:1.0       9:12:41 PM     0.00    19 0:0 5-0-2

--------------------------------------------------------------

Engine-Match Thursday, August 7, 2025 9:12:43 PM
 Blitz 2/1 

Pairing 2/6 :    SlowMate_v0.4.03_Stable_Baseline  -  SlowMate_v0.5.0_BETA

PGN-File: C:\Program Files (x86)\Arena\Tournaments\Engine Battle 20250807.pgn

No:  B/W 1/2     W:B       1:2           Time        Value Moves Dep 1:2       1-2-Draws
   7 W 1    1.0:0.0        7.0:0.0       9:12:56 PM   +22.70    12 8.000 :8.000  7-0-0

--------------------------------------------------------------

Engine-Match Thursday, August 7, 2025 9:12:57 PM
 Blitz 2/1 

Pairing 3/6 :    SlowMate_v0.4.03_Stable_Baseline  -  Cece_v1.3

PGN-File: C:\Program Files (x86)\Arena\Tournaments\Engine Battle 20250807.pgn

No:  B/W 1/2     W:B       1:2           Time        Value Moves Dep 1:2       1-2-Draws
   7 B 2    1.0:0.0        3.0:4.0       9:14:26 PM   -13.10    22 8.000 :0 3-4-0

--------------------------------------------------------------

Engine-Match Thursday, August 7, 2025 9:14:27 PM
 Blitz 2/1 

Pairing 4/6 :    SlowMate_v0.5.0_BETA  -  Cece_v1.0

PGN-File: C:\Program Files (x86)\Arena\Tournaments\Engine Battle 20250807.pgn

No:  B/W 1/2     W:B       1:2           Time        Value Moves Dep 1:2       1-2-Draws
   7 = =    3.5:3.5        3.5:3.5       9:15:38 PM     0.00    17 8.000 :0 0-0-7

--------------------------------------------------------------

Engine-Match Thursday, August 7, 2025 9:15:44 PM
 Blitz 2/1 

Pairing 5/6 :    Cece_v1.3  -  SlowMate_v0.5.0_BETA

PGN-File: C:\Program Files (x86)\Arena\Tournaments\Engine Battle 20250807.pgn

No:  B/W 1/2     W:B       1:2           Time        Value Moves Dep 1:2       1-2-Draws
   7 = =    3.0:3.0        4.0:3.0       9:16:18 PM     0.00     7 0:8.000  1-0-6

--------------------------------------------------------------

Engine-Match Thursday, August 7, 2025 9:16:19 PM
 Blitz 2/1 

Pairing 6/6 :    Cece_v1.0  -  SlowMate_v0.4.03_Stable_Baseline

PGN-File: C:\Program Files (x86)\Arena\Tournaments\Engine Battle 20250807.pgn

No:  B/W 1/2     W:B       1:2           Time        Value Moves Dep 1:2       1-2-Draws
   7 B 2    1.5:0.5        1.5:5.5       9:20:58 PM    -8.20   104 0:8.000  1-5-1

--------------------------------------------------------------

Engine-Match Thursday, August 7, 2025 9:21:00 PM
 Blitz 2/1 

Pairing 1/6 :    Cece_v1.3  -  Cece_v1.0

PGN-File: C:\Program Files (x86)\Arena\Tournaments\Engine Battle 20250807.pgn

No:  B/W 1/2     W:B       1:2           Time        Value Moves Dep 1:2       1-2-Draws
   8 B 1    2.0:1.0        7.0:1.0       9:26:37 PM     0.00    69 0:0 6-0-2

--------------------------------------------------------------

Engine-Match Thursday, August 7, 2025 9:26:38 PM
 Blitz 2/1 

Pairing 2/6 :    SlowMate_v0.4.03_Stable_Baseline  -  SlowMate_v0.5.0_BETA

PGN-File: C:\Program Files (x86)\Arena\Tournaments\Engine Battle 20250807.pgn

No:  B/W 1/2     W:B       1:2           Time        Value Moves Dep 1:2       1-2-Draws
   8 B 1    1.0:0.0        8.0:0.0       9:26:53 PM   -20.70    13 8.000 :8.000  8-0-0

--------------------------------------------------------------

Engine-Match Thursday, August 7, 2025 9:26:54 PM
 Blitz 2/1 

Pairing 3/6 :    SlowMate_v0.4.03_Stable_Baseline  -  Cece_v1.3

PGN-File: C:\Program Files (x86)\Arena\Tournaments\Engine Battle 20250807.pgn

No:  B/W 1/2     W:B       1:2           Time        Value Moves Dep 1:2       1-2-Draws
   8 B 1    1.0:0.0        4.0:4.0       9:28:18 PM    +6.80    19 8.000 :0 4-4-0

--------------------------------------------------------------

Engine-Match Thursday, August 7, 2025 9:28:19 PM
 Blitz 2/1 

Pairing 4/6 :    SlowMate_v0.5.0_BETA  -  Cece_v1.0

PGN-File: C:\Program Files (x86)\Arena\Tournaments\Engine Battle 20250807.pgn

No:  B/W 1/2     W:B       1:2           Time        Value Moves Dep 1:2       1-2-Draws
   8 = =    4.0:4.0        4.0:4.0       9:29:27 PM    +8.50    16 8.000 :0 0-0-8

--------------------------------------------------------------

Engine-Match Thursday, August 7, 2025 9:29:28 PM
 Blitz 2/1 

Pairing 5/6 :    Cece_v1.3  -  SlowMate_v0.5.0_BETA

PGN-File: C:\Program Files (x86)\Arena\Tournaments\Engine Battle 20250807.pgn

No:  B/W 1/2     W:B       1:2           Time        Value Moves Dep 1:2       1-2-Draws
   8 = =    3.5:3.5        4.5:3.5       9:30:07 PM     0.00     8 0:8.000  1-0-7

--------------------------------------------------------------

Engine-Match Thursday, August 7, 2025 9:30:08 PM
 Blitz 2/1 

Pairing 6/6 :    Cece_v1.0  -  SlowMate_v0.4.03_Stable_Baseline

PGN-File: C:\Program Files (x86)\Arena\Tournaments\Engine Battle 20250807.pgn

No:  B/W 1/2     W:B       1:2           Time        Value Moves Dep 1:2       1-2-Draws
   8 B 1    1.5:0.5        2.5:5.5       9:32:14 PM    -9.30    34 0:8.000  2-5-1

--------------------------------------------------------------

Engine-Match Thursday, August 7, 2025 9:32:16 PM
 Blitz 2/1 

Pairing 1/6 :    Cece_v1.3  -  Cece_v1.0

PGN-File: C:\Program Files (x86)\Arena\Tournaments\Engine Battle 20250807.pgn

No:  B/W 1/2     W:B       1:2           Time        Value Moves Dep 1:2       1-2-Draws
   9 W 1    2.0:1.0        8.0:1.0       9:35:49 PM     0.00    34 0:0 7-0-2

--------------------------------------------------------------

Engine-Match Thursday, August 7, 2025 9:35:51 PM
 Blitz 2/1 

Pairing 2/6 :    SlowMate_v0.4.03_Stable_Baseline  -  SlowMate_v0.5.0_BETA

PGN-File: C:\Program Files (x86)\Arena\Tournaments\Engine Battle 20250807.pgn

No:  B/W 1/2     W:B       1:2           Time        Value Moves Dep 1:2       1-2-Draws
   9 W 1    1.0:0.0        9.0:0.0       9:36:07 PM   +10.30    15 8.000 :8.000  9-0-0

--------------------------------------------------------------

Engine-Match Thursday, August 7, 2025 9:36:08 PM
 Blitz 2/1 

Pairing 3/6 :    SlowMate_v0.4.03_Stable_Baseline  -  Cece_v1.3

PGN-File: C:\Program Files (x86)\Arena\Tournaments\Engine Battle 20250807.pgn

No:  B/W 1/2     W:B       1:2           Time        Value Moves Dep 1:2       1-2-Draws
   9 = =    0.5:0.5        4.5:4.5       9:39:39 PM    -1.00    72 8.000 :0 4-4-1

--------------------------------------------------------------

Engine-Match Thursday, August 7, 2025 9:39:41 PM
 Blitz 2/1 

Pairing 4/6 :    SlowMate_v0.5.0_BETA  -  Cece_v1.0

PGN-File: C:\Program Files (x86)\Arena\Tournaments\Engine Battle 20250807.pgn

No:  B/W 1/2     W:B       1:2           Time        Value Moves Dep 1:2       1-2-Draws
   9 = =    4.5:4.5        4.5:4.5       9:40:45 PM   +18.30    16 8.000 :0 0-0-9

--------------------------------------------------------------

Engine-Match Thursday, August 7, 2025 9:40:46 PM
 Blitz 2/1 

Pairing 5/6 :    Cece_v1.3  -  SlowMate_v0.5.0_BETA

PGN-File: C:\Program Files (x86)\Arena\Tournaments\Engine Battle 20250807.pgn

No:  B/W 1/2     W:B       1:2           Time        Value Moves Dep 1:2       1-2-Draws
   9 = =    4.0:4.0        5.0:4.0       9:41:21 PM     0.00     7 0:8.000  1-0-8

--------------------------------------------------------------

Engine-Match Thursday, August 7, 2025 9:41:22 PM
 Blitz 2/1 

Pairing 6/6 :    Cece_v1.0  -  SlowMate_v0.4.03_Stable_Baseline

PGN-File: C:\Program Files (x86)\Arena\Tournaments\Engine Battle 20250807.pgn

No:  B/W 1/2     W:B       1:2           Time        Value Moves Dep 1:2       1-2-Draws
   9 B 2    1.5:0.5        2.5:6.5       9:44:21 PM    -5.20    54 0:8.000  2-6-1

--------------------------------------------------------------

Engine-Match Thursday, August 7, 2025 9:44:23 PM
 Blitz 2/1 

Pairing 1/6 :    Cece_v1.3  -  Cece_v1.0

PGN-File: C:\Program Files (x86)\Arena\Tournaments\Engine Battle 20250807.pgn

No:  B/W 1/2     W:B       1:2           Time        Value Moves Dep 1:2       1-2-Draws
  10 B 1    2.0:1.0        9.0:1.0       9:47:27 PM     0.00    27 0:0 8-0-2

--------------------------------------------------------------

Engine-Match Thursday, August 7, 2025 9:47:28 PM
 Blitz 2/1 

Pairing 2/6 :    SlowMate_v0.4.03_Stable_Baseline  -  SlowMate_v0.5.0_BETA

PGN-File: C:\Program Files (x86)\Arena\Tournaments\Engine Battle 20250807.pgn

No:  B/W 1/2     W:B       1:2           Time        Value Moves Dep 1:2       1-2-Draws
  10 B 1    1.0:0.0        10.0:0.0      9:47:48 PM   -28.80    20 8.000 :8.000  10-0-0

--------------------------------------------------------------

Engine-Match Thursday, August 7, 2025 9:47:49 PM
 Blitz 2/1 

Pairing 3/6 :    SlowMate_v0.4.03_Stable_Baseline  -  Cece_v1.3

PGN-File: C:\Program Files (x86)\Arena\Tournaments\Engine Battle 20250807.pgn

No:  B/W 1/2     W:B       1:2           Time        Value Moves Dep 1:2       1-2-Draws
  10 B 1    1.5:0.5        5.5:4.5       9:51:22 PM   -10.20    70 8.000 :0 5-4-1

--------------------------------------------------------------

Engine-Match Thursday, August 7, 2025 9:51:23 PM
 Blitz 2/1 

Pairing 4/6 :    SlowMate_v0.5.0_BETA  -  Cece_v1.0

PGN-File: C:\Program Files (x86)\Arena\Tournaments\Engine Battle 20250807.pgn

No:  B/W 1/2     W:B       1:2           Time        Value Moves Dep 1:2       1-2-Draws
  10 = =    5.0:5.0        5.0:5.0       9:52:31 PM    +8.50    16 8.000 :0 0-0-10

--------------------------------------------------------------

Engine-Match Thursday, August 7, 2025 9:52:32 PM
 Blitz 2/1 

Pairing 5/6 :    Cece_v1.3  -  SlowMate_v0.5.0_BETA

PGN-File: C:\Program Files (x86)\Arena\Tournaments\Engine Battle 20250807.pgn

No:  B/W 1/2     W:B       1:2           Time        Value Moves Dep 1:2       1-2-Draws
  10 = =    4.5:4.5        5.5:4.5       9:53:11 PM     0.00     8 0:8.000  1-0-9

--------------------------------------------------------------

Engine-Match Thursday, August 7, 2025 9:53:12 PM
 Blitz 2/1 

Pairing 6/6 :    Cece_v1.0  -  SlowMate_v0.4.03_Stable_Baseline

PGN-File: C:\Program Files (x86)\Arena\Tournaments\Engine Battle 20250807.pgn

No:  B/W 1/2     W:B       1:2           Time        Value Moves Dep 1:2       1-2-Draws
  10 W 2    1.5:0.5        2.5:7.5       9:56:27 PM   +16.50    62 0:8.000  2-7-1
