Engine-Match Tuesday, July 22, 2025 11:15:26 PM
 Blitz 2/1 

Pairing 1/78 :    SlowMate_v0.0.00_DELTA  -  SlowMate_v0.3.02_Enhanced_Endgame

PGN-File: C:\Program Files (x86)\Arena\Tournaments\Slowmate_tournament_all_20250722.pgn

No:  B/W 1/2     W:B       1:2           Time        Value Moves Dep 1:2       1-2-Draws
   1 W 1    1.0:0.0        1.0:0.0       11:15:39 PM   +38.00    11 0:8.000  1-0-0

--------------------------------------------------------------

Engine-Match Tuesday, July 22, 2025 11:15:40 PM
 Blitz 2/1 

Pairing 2/78 :    SlowMate_v0.3.01_Opening_Enhancements  -  SlowMate_v0.0.10_Tactical_Intelligence

PGN-File: C:\Program Files (x86)\Arena\Tournaments\Slowmate_tournament_all_20250722.pgn

No:  B/W 1/2     W:B       1:2           Time        Value Moves Dep 1:2       1-2-Draws
   1 B 2    1.0:0.0        0.0:1.0       11:16:01 PM  -255.00    31 8.000 :0 0-1-0

--------------------------------------------------------------

Engine-Match Tuesday, July 22, 2025 11:16:02 PM
 Blitz 2/1 

Pairing 3/78 :    SlowMate_v0.1.0_BETA  -  SlowMate_v0.3.0_BETA

PGN-File: C:\Program Files (x86)\Arena\Tournaments\Slowmate_tournament_all_20250722.pgn

No:  B/W 1/2     W:B       1:2           Time        Value Moves Dep 1:2       1-2-Draws
   1 W 1    1.0:0.0        1.0:0.0       11:16:15 PM   +38.00    11 0:8.000  1-0-0

--------------------------------------------------------------

Engine-Match Tuesday, July 22, 2025 11:16:17 PM
 Blitz 2/1 

Pairing 4/78 :    SlowMate_v0.2.02_Time_Management  -  SlowMate_v0.1.01_Tactics

PGN-File: C:\Program Files (x86)\Arena\Tournaments\Slowmate_tournament_all_20250722.pgn

No:  B/W 1/2     W:B       1:2           Time        Value Moves Dep 1:2       1-2-Draws
   1 W 1    1.0:0.0        1.0:0.0       11:16:23 PM   +25.16    10 0:0 1-0-0

--------------------------------------------------------------

Engine-Match Tuesday, July 22, 2025 11:16:24 PM
 Blitz 2/1 

Pairing 5/78 :    SlowMate_v0.1.02_Opening_Endgame  -  SlowMate_v0.2.01_Enhanced_Search

PGN-File: C:\Program Files (x86)\Arena\Tournaments\Slowmate_tournament_all_20250722.pgn

No:  B/W 1/2     W:B       1:2           Time        Value Moves Dep 1:2       1-2-Draws
   1 W 1    1.0:0.0        1.0:0.0       11:16:31 PM   +25.16    10 0:0 1-0-0

--------------------------------------------------------------

Engine-Match Tuesday, July 22, 2025 11:16:32 PM
 Blitz 2/1 

Pairing 6/78 :    SlowMate_v0.2.0_BETA  -  SlowMate_v0.1.03_Middlegame

PGN-File: C:\Program Files (x86)\Arena\Tournaments\Slowmate_tournament_all_20250722.pgn

No:  B/W 1/2     W:B       1:2           Time        Value Moves Dep 1:2       1-2-Draws
   1 B 2    1.0:0.0        0.0:1.0       11:16:50 PM   -11.20    38 0:0 0-1-0

--------------------------------------------------------------

Engine-Match Tuesday, July 22, 2025 11:16:51 PM
 Blitz 2/1 

Pairing 7/78 :    SlowMate_v0.3.03_Version_vs_Version_Nuclear_Fix  -  SlowMate_v0.3.01_Opening_Enhancements

PGN-File: C:\Program Files (x86)\Arena\Tournaments\Slowmate_tournament_all_20250722.pgn

No:  B/W 1/2     W:B       1:2           Time        Value Moves Dep 1:2       1-2-Draws
   1 W 1    1.0:0.0        1.0:0.0       11:17:05 PM   +54.00    11 8.000 :8.000  1-0-0

--------------------------------------------------------------

Engine-Match Tuesday, July 22, 2025 11:17:06 PM
 Blitz 2/1 

Pairing 8/78 :    SlowMate_v0.3.0_BETA  -  SlowMate_v0.0.00_DELTA

PGN-File: C:\Program Files (x86)\Arena\Tournaments\Slowmate_tournament_all_20250722.pgn

No:  B/W 1/2     W:B       1:2           Time        Value Moves Dep 1:2       1-2-Draws
   1 W 1    1.0:0.0        1.0:0.0       11:17:25 PM   +18.51    20 8.000 :0 1-0-0

--------------------------------------------------------------

Engine-Match Tuesday, July 22, 2025 11:17:27 PM
 Blitz 2/1 

Pairing 9/78 :    SlowMate_v0.0.10_Tactical_Intelligence  -  SlowMate_v0.2.02_Time_Management

PGN-File: C:\Program Files (x86)\Arena\Tournaments\Slowmate_tournament_all_20250722.pgn

No:  B/W 1/2     W:B       1:2           Time        Value Moves Dep 1:2       1-2-Draws
   1 W 1    1.0:0.0        1.0:0.0       11:17:41 PM    +9.35    31 0:0 1-0-0

--------------------------------------------------------------

Engine-Match Tuesday, July 22, 2025 11:17:43 PM
 Blitz 2/1 

Pairing 10/78 :    SlowMate_v0.2.01_Enhanced_Search  -  SlowMate_v0.1.0_BETA

PGN-File: C:\Program Files (x86)\Arena\Tournaments\Slowmate_tournament_all_20250722.pgn

No:  B/W 1/2     W:B       1:2           Time        Value Moves Dep 1:2       1-2-Draws
   1 B 2    1.0:0.0        0.0:1.0       11:18:00 PM   -11.53    29 0:0 0-1-0

--------------------------------------------------------------

Engine-Match Tuesday, July 22, 2025 11:18:01 PM
 Blitz 2/1 

Pairing 11/78 :    SlowMate_v0.1.01_Tactics  -  SlowMate_v0.2.0_BETA

PGN-File: C:\Program Files (x86)\Arena\Tournaments\Slowmate_tournament_all_20250722.pgn

No:  B/W 1/2     W:B       1:2           Time        Value Moves Dep 1:2       1-2-Draws
   1 = =    0.5:0.5        0.5:0.5       11:18:41 PM    +5.60    98 0:0 0-0-1

--------------------------------------------------------------

Engine-Match Tuesday, July 22, 2025 11:18:42 PM
 Blitz 2/1 

Pairing 12/78 :    SlowMate_v0.1.03_Middlegame  -  SlowMate_v0.1.02_Opening_Endgame

PGN-File: C:\Program Files (x86)\Arena\Tournaments\Slowmate_tournament_all_20250722.pgn

No:  B/W 1/2     W:B       1:2           Time        Value Moves Dep 1:2       1-2-Draws
   1 B 2    1.0:0.0        0.0:1.0       11:19:08 PM    -9.05    61 0:0 0-1-0

--------------------------------------------------------------

Engine-Match Tuesday, July 22, 2025 11:19:09 PM
 Blitz 2/1 

Pairing 13/78 :    SlowMate_v0.3.02_Enhanced_Endgame  -  SlowMate_v0.3.0_BETA

PGN-File: C:\Program Files (x86)\Arena\Tournaments\Slowmate_tournament_all_20250722.pgn

No:  B/W 1/2     W:B       1:2           Time        Value Moves Dep 1:2       1-2-Draws
   1 W 1    1.0:0.0        1.0:0.0       11:19:23 PM    +M500    10 8.000 :8.000  1-0-0

--------------------------------------------------------------

Engine-Match Tuesday, July 22, 2025 11:19:24 PM
 Blitz 2/1 

Pairing 14/78 :    SlowMate_v0.2.02_Time_Management  -  SlowMate_v0.3.03_Version_vs_Version_Nuclear_Fix

PGN-File: C:\Program Files (x86)\Arena\Tournaments\Slowmate_tournament_all_20250722.pgn

No:  B/W 1/2     W:B       1:2           Time        Value Moves Dep 1:2       1-2-Draws
   1 W 1    1.0:0.0        1.0:0.0       11:19:55 PM  +234.00    31 0:8.000  1-0-0

--------------------------------------------------------------

Engine-Match Tuesday, July 22, 2025 11:19:56 PM
 Blitz 2/1 

Pairing 15/78 :    SlowMate_v0.0.00_DELTA  -  SlowMate_v0.2.01_Enhanced_Search

PGN-File: C:\Program Files (x86)\Arena\Tournaments\Slowmate_tournament_all_20250722.pgn

No:  B/W 1/2     W:B       1:2           Time        Value Moves Dep 1:2       1-2-Draws
   1 B 2    1.0:0.0        0.0:1.0       11:20:53 PM   -13.62    88 0:0 0-1-0

--------------------------------------------------------------

Engine-Match Tuesday, July 22, 2025 11:20:55 PM
 Blitz 2/1 

Pairing 16/78 :    SlowMate_v0.2.0_BETA  -  SlowMate_v0.0.10_Tactical_Intelligence

PGN-File: C:\Program Files (x86)\Arena\Tournaments\Slowmate_tournament_all_20250722.pgn

No:  B/W 1/2     W:B       1:2           Time        Value Moves Dep 1:2       1-2-Draws
   1 W 1    1.0:0.0        1.0:0.0       11:21:34 PM   +13.10    97 0:0 1-0-0

--------------------------------------------------------------

Engine-Match Tuesday, July 22, 2025 11:21:36 PM
 Blitz 2/1 

Pairing 17/78 :    SlowMate_v0.1.0_BETA  -  SlowMate_v0.1.03_Middlegame

PGN-File: C:\Program Files (x86)\Arena\Tournaments\Slowmate_tournament_all_20250722.pgn

No:  B/W 1/2     W:B       1:2           Time        Value Moves Dep 1:2       1-2-Draws
   1 W 1    1.0:0.0        1.0:0.0       11:21:52 PM    +9.08    25 0:0 1-0-0

--------------------------------------------------------------

Engine-Match Tuesday, July 22, 2025 11:21:54 PM
 Blitz 2/1 

Pairing 18/78 :    SlowMate_v0.1.02_Opening_Endgame  -  SlowMate_v0.1.01_Tactics

PGN-File: C:\Program Files (x86)\Arena\Tournaments\Slowmate_tournament_all_20250722.pgn

No:  B/W 1/2     W:B       1:2           Time        Value Moves Dep 1:2       1-2-Draws
   1 B 2    1.0:0.0        0.0:1.0       11:22:33 PM   -13.40    97 0:0 0-1-0

--------------------------------------------------------------

Engine-Match Tuesday, July 22, 2025 11:22:34 PM
 Blitz 2/1 

Pairing 19/78 :    SlowMate_v0.3.01_Opening_Enhancements  -  SlowMate_v0.2.02_Time_Management

PGN-File: C:\Program Files (x86)\Arena\Tournaments\Slowmate_tournament_all_20250722.pgn

No:  B/W 1/2     W:B       1:2           Time        Value Moves Dep 1:2       1-2-Draws
   1 W 1    1.0:0.0        1.0:0.0       11:22:45 PM   +25.16    10 8.000 :0 1-0-0

--------------------------------------------------------------

Engine-Match Tuesday, July 22, 2025 11:22:46 PM
 Blitz 2/1 

Pairing 20/78 :    SlowMate_v0.2.01_Enhanced_Search  -  SlowMate_v0.3.02_Enhanced_Endgame

PGN-File: C:\Program Files (x86)\Arena\Tournaments\Slowmate_tournament_all_20250722.pgn

No:  B/W 1/2     W:B       1:2           Time        Value Moves Dep 1:2       1-2-Draws
   1 W 1    1.0:0.0        1.0:0.0       11:23:04 PM    +M500    22 0:8.000  1-0-0

--------------------------------------------------------------

Engine-Match Tuesday, July 22, 2025 11:23:11 PM
 Blitz 2/1 

Pairing 21/78 :    SlowMate_v0.3.03_Version_vs_Version_Nuclear_Fix  -  SlowMate_v0.2.0_BETA

PGN-File: C:\Program Files (x86)\Arena\Tournaments\Slowmate_tournament_all_20250722.pgn

No:  B/W 1/2     W:B       1:2           Time        Value Moves Dep 1:2       1-2-Draws
   1 B 2    1.0:0.0        0.0:1.0       11:23:18 PM    -M500     8 8.000 :0 0-1-0

--------------------------------------------------------------

Engine-Match Tuesday, July 22, 2025 11:23:19 PM
 Blitz 2/1 

Pairing 22/78 :    SlowMate_v0.1.03_Middlegame  -  SlowMate_v0.0.00_DELTA

PGN-File: C:\Program Files (x86)\Arena\Tournaments\Slowmate_tournament_all_20250722.pgn

No:  B/W 1/2     W:B       1:2           Time        Value Moves Dep 1:2       1-2-Draws
   1 * *     0.0:0.0        0.0:0.0       11:23:28 PM    +8.08    10 0:0 0-0-0
