Engine-Match Sunday, August 17, 2025 5:00:55 PM
 Blitz 2/1 

Pairing 1/21 :    Cece_v2.0  -  Stockfish 1%

PGN-File: C:\Program Files (x86)\Arena\Tournaments\Engine Battle 20250817.pgn

No:  B/W 1/2     W:B       1:2           Time        Value Moves Dep 1:2       1-2-Draws
   1 B 2    1.0:0.0        0.0:1.0       5:02:59 PM      -M1    38 0:12.800  0-1-0

--------------------------------------------------------------

Engine-Match Sunday, August 17, 2025 5:03:00 PM
 Blitz 2/1 

Pairing 2/21 :    Slowmate_v1.0  -  Cece_v2.2

PGN-File: C:\Program Files (x86)\Arena\Tournaments\Engine Battle 20250817.pgn

No:  B/W 1/2     W:B       1:2           Time        Value Moves Dep 1:2       1-2-Draws
   1 W 1    1.0:0.0        1.0:0.0       5:05:16 PM     0.00    35 0:0 1-0-0

--------------------------------------------------------------

Engine-Match Sunday, August 17, 2025 5:05:17 PM
 Blitz 2/1 

Pairing 3/21 :    Cece_v2.3  -  V7P3R_v4.1

PGN-File: C:\Program Files (x86)\Arena\Tournaments\Engine Battle 20250817.pgn

No:  B/W 1/2     W:B       1:2           Time        Value Moves Dep 1:2       1-2-Draws
   1 W 1    1.0:0.0        1.0:0.0       5:08:51 PM     0.00    18 0:0 1-0-0

--------------------------------------------------------------

Engine-Match Sunday, August 17, 2025 5:08:52 PM
 Blitz 2/1 

Pairing 4/21 :    Random_Opponent  -  Slowmate_v1.0

PGN-File: C:\Program Files (x86)\Arena\Tournaments\Engine Battle 20250817.pgn

No:  B/W 1/2     W:B       1:2           Time        Value Moves Dep 1:2       1-2-Draws
   1 B 2    1.0:0.0        0.0:1.0       5:09:06 PM     0.00    12 0:0 0-1-0

--------------------------------------------------------------

Engine-Match Sunday, August 17, 2025 5:09:07 PM
 Blitz 2/1 

Pairing 5/21 :    V7P3R_v4.1  -  Cece_v2.0

PGN-File: C:\Program Files (x86)\Arena\Tournaments\Engine Battle 20250817.pgn

No:  B/W 1/2     W:B       1:2           Time        Value Moves Dep 1:2       1-2-Draws
   1 B 2    1.0:0.0        0.0:1.0       5:12:56 PM     0.00    23 0:0 0-1-0

--------------------------------------------------------------

Engine-Match Sunday, August 17, 2025 5:12:57 PM
 Blitz 2/1 

Pairing 6/21 :    Cece_v2.2  -  Cece_v2.3

PGN-File: C:\Program Files (x86)\Arena\Tournaments\Engine Battle 20250817.pgn

No:  B/W 1/2     W:B       1:2           Time        Value Moves Dep 1:2       1-2-Draws
   1 W 1    1.0:0.0        1.0:0.0       5:17:03 PM     0.00    42 0:0 1-0-0

--------------------------------------------------------------

Engine-Match Sunday, August 17, 2025 5:17:04 PM
 Blitz 2/1 

Pairing 7/21 :    Stockfish 1%  -  V7P3R_v4.1

PGN-File: C:\Program Files (x86)\Arena\Tournaments\Engine Battle 20250817.pgn

No:  B/W 1/2     W:B       1:2           Time        Value Moves Dep 1:2       1-2-Draws
   1 W 1    1.0:0.0        1.0:0.0       5:19:36 PM     0.00    16 10.200 :0 1-0-0

--------------------------------------------------------------

Engine-Match Sunday, August 17, 2025 5:19:37 PM
 Blitz 2/1 

Pairing 8/21 :    Cece_v2.3  -  Random_Opponent

PGN-File: C:\Program Files (x86)\Arena\Tournaments\Engine Battle 20250817.pgn

No:  B/W 1/2     W:B       1:2           Time        Value Moves Dep 1:2       1-2-Draws
   1 = =    0.5:0.5        0.5:0.5       5:21:59 PM     0.00    48 0:0 0-0-1

--------------------------------------------------------------

Engine-Match Sunday, August 17, 2025 5:22:01 PM
 Blitz 2/1 

Pairing 9/21 :    Cece_v2.0  -  Cece_v2.2

PGN-File: C:\Program Files (x86)\Arena\Tournaments\Engine Battle 20250817.pgn

No:  B/W 1/2     W:B       1:2           Time        Value Moves Dep 1:2       1-2-Draws
   1 B 2    1.0:0.0        0.0:1.0       5:26:42 PM     0.00    52 0:0 0-1-0

--------------------------------------------------------------

Engine-Match Sunday, August 17, 2025 5:26:43 PM
 Blitz 2/1 

Pairing 10/21 :    Slowmate_v1.0  -  Cece_v2.3

PGN-File: C:\Program Files (x86)\Arena\Tournaments\Engine Battle 20250817.pgn

No:  B/W 1/2     W:B       1:2           Time        Value Moves Dep 1:2       1-2-Draws
   1 W 1    1.0:0.0        1.0:0.0       5:28:19 PM     0.00    24 0:0 1-0-0

--------------------------------------------------------------

Engine-Match Sunday, August 17, 2025 5:28:21 PM
 Blitz 2/1 

Pairing 11/21 :    Cece_v2.2  -  Stockfish 1%

PGN-File: C:\Program Files (x86)\Arena\Tournaments\Engine Battle 20250817.pgn

No:  B/W 1/2     W:B       1:2           Time        Value Moves Dep 1:2       1-2-Draws
   1 B 2    1.0:0.0        0.0:1.0       5:28:53 PM    -3.98     6 0:11.200  0-1-0

--------------------------------------------------------------

Engine-Match Sunday, August 17, 2025 5:28:55 PM
 Blitz 2/1 

Pairing 12/21 :    Random_Opponent  -  Cece_v2.0

PGN-File: C:\Program Files (x86)\Arena\Tournaments\Engine Battle 20250817.pgn

No:  B/W 1/2     W:B       1:2           Time        Value Moves Dep 1:2       1-2-Draws
   1 B 2    1.0:0.0        0.0:1.0       5:29:58 PM     0.00    16 0:0 0-1-0

--------------------------------------------------------------

Engine-Match Sunday, August 17, 2025 5:29:59 PM
 Blitz 2/1 

Pairing 13/21 :    V7P3R_v4.1  -  Cece_v2.2

PGN-File: C:\Program Files (x86)\Arena\Tournaments\Engine Battle 20250817.pgn

No:  B/W 1/2     W:B       1:2           Time        Value Moves Dep 1:2       1-2-Draws
   1 W 1    1.0:0.0        1.0:0.0       5:33:34 PM     0.00    23 0:0 1-0-0

--------------------------------------------------------------

Engine-Match Sunday, August 17, 2025 5:33:35 PM
 Blitz 2/1 

Pairing 14/21 :    Cece_v2.0  -  Slowmate_v1.0

PGN-File: C:\Program Files (x86)\Arena\Tournaments\Engine Battle 20250817.pgn

No:  B/W 1/2     W:B       1:2           Time        Value Moves Dep 1:2       1-2-Draws
   1 B 2    1.0:0.0        0.0:1.0       5:34:36 PM     0.00    13 0:0 0-1-0

--------------------------------------------------------------

Engine-Match Sunday, August 17, 2025 5:34:37 PM
 Blitz 2/1 

Pairing 15/21 :    Stockfish 1%  -  Random_Opponent

PGN-File: C:\Program Files (x86)\Arena\Tournaments\Engine Battle 20250817.pgn

No:  B/W 1/2     W:B       1:2           Time        Value Moves Dep 1:2       1-2-Draws
   1 W 1    1.0:0.0        1.0:0.0       5:34:42 PM      +M1     5 17.000 :0 1-0-0

--------------------------------------------------------------

Engine-Match Sunday, August 17, 2025 5:34:44 PM
 Blitz 2/1 

Pairing 16/21 :    Cece_v2.3  -  Cece_v2.0

PGN-File: C:\Program Files (x86)\Arena\Tournaments\Engine Battle 20250817.pgn

No:  B/W 1/2     W:B       1:2           Time        Value Moves Dep 1:2       1-2-Draws
   1 = =    0.5:0.5        0.5:0.5       5:39:33 PM     0.00    55 0:0 0-0-1

--------------------------------------------------------------

Engine-Match Sunday, August 17, 2025 5:39:34 PM
 Blitz 2/1 

Pairing 17/21 :    Random_Opponent  -  V7P3R_v4.1

PGN-File: C:\Program Files (x86)\Arena\Tournaments\Engine Battle 20250817.pgn

No:  B/W 1/2     W:B       1:2           Time        Value Moves Dep 1:2       1-2-Draws
   1 B 2    1.0:0.0        0.0:1.0       5:40:10 PM     0.00     3 0:0 0-1-0

--------------------------------------------------------------

Engine-Match Sunday, August 17, 2025 5:40:12 PM
 Blitz 2/1 

Pairing 18/21 :    Slowmate_v1.0  -  Stockfish 1%

PGN-File: C:\Program Files (x86)\Arena\Tournaments\Engine Battle 20250817.pgn

No:  B/W 1/2     W:B       1:2           Time        Value Moves Dep 1:2       1-2-Draws
   1 B 2    1.0:0.0        0.0:1.0       5:41:35 PM      -M1    65 0:11.800  0-1-0

--------------------------------------------------------------

Engine-Match Sunday, August 17, 2025 5:41:36 PM
 Blitz 2/1 

Pairing 19/21 :    Cece_v2.2  -  Random_Opponent

PGN-File: C:\Program Files (x86)\Arena\Tournaments\Engine Battle 20250817.pgn

No:  B/W 1/2     W:B       1:2           Time        Value Moves Dep 1:2       1-2-Draws
   1 W 1    1.0:0.0        1.0:0.0       5:43:23 PM     0.00    32 0:0 1-0-0

--------------------------------------------------------------

Engine-Match Sunday, August 17, 2025 5:43:24 PM
 Blitz 2/1 

Pairing 20/21 :    Stockfish 1%  -  Cece_v2.3

PGN-File: C:\Program Files (x86)\Arena\Tournaments\Engine Battle 20250817.pgn

No:  B/W 1/2     W:B       1:2           Time        Value Moves Dep 1:2       1-2-Draws
   1 W 1    1.0:0.0        1.0:0.0       5:45:17 PM      +M1    34 11.000 :0 1-0-0

--------------------------------------------------------------

Engine-Match Sunday, August 17, 2025 5:45:23 PM
 Blitz 2/1 

Pairing 21/21 :    V7P3R_v4.1  -  Slowmate_v1.0

PGN-File: C:\Program Files (x86)\Arena\Tournaments\Engine Battle 20250817.pgn

No:  B/W 1/2     W:B       1:2           Time        Value Moves Dep 1:2       1-2-Draws
   1 B 2    1.0:0.0        0.0:1.0       5:48:05 PM     0.00    19 0:0 0-1-0

--------------------------------------------------------------

Engine-Match Sunday, August 17, 2025 5:48:06 PM
 Blitz 2/1 

Pairing 1/21 :    Cece_v2.0  -  Stockfish 1%

PGN-File: C:\Program Files (x86)\Arena\Tournaments\Engine Battle 20250817.pgn

No:  B/W 1/2     W:B       1:2           Time        Value Moves Dep 1:2       1-2-Draws
   2 W 2    1.0:0.0        0.0:2.0       5:48:40 PM    +6.92     7 0:12.000  0-2-0

--------------------------------------------------------------

Engine-Match Sunday, August 17, 2025 5:48:41 PM
 Blitz 2/1 

Pairing 2/21 :    Slowmate_v1.0  -  Cece_v2.2

PGN-File: C:\Program Files (x86)\Arena\Tournaments\Engine Battle 20250817.pgn

No:  B/W 1/2     W:B       1:2           Time        Value Moves Dep 1:2       1-2-Draws
   2 B 1    1.0:0.0        2.0:0.0       5:50:49 PM     0.00    35 0:0 2-0-0

--------------------------------------------------------------

Engine-Match Sunday, August 17, 2025 5:50:50 PM
 Blitz 2/1 

Pairing 3/21 :    Cece_v2.3  -  V7P3R_v4.1

PGN-File: C:\Program Files (x86)\Arena\Tournaments\Engine Battle 20250817.pgn

No:  B/W 1/2     W:B       1:2           Time        Value Moves Dep 1:2       1-2-Draws
   2 B 1    1.0:0.0        2.0:0.0       5:54:23 PM     0.00    19 0:0 2-0-0

--------------------------------------------------------------

Engine-Match Sunday, August 17, 2025 5:54:24 PM
 Blitz 2/1 

Pairing 4/21 :    Random_Opponent  -  Slowmate_v1.0

PGN-File: C:\Program Files (x86)\Arena\Tournaments\Engine Battle 20250817.pgn

No:  B/W 1/2     W:B       1:2           Time        Value Moves Dep 1:2       1-2-Draws
   2 W 2    1.0:0.0        0.0:2.0       5:54:54 PM     0.00    37 0:0 0-2-0

--------------------------------------------------------------

Engine-Match Sunday, August 17, 2025 5:54:55 PM
 Blitz 2/1 

Pairing 5/21 :    V7P3R_v4.1  -  Cece_v2.0

PGN-File: C:\Program Files (x86)\Arena\Tournaments\Engine Battle 20250817.pgn

No:  B/W 1/2     W:B       1:2           Time        Value Moves Dep 1:2       1-2-Draws
   2 W 2    1.0:0.0        0.0:2.0       5:58:10 PM     0.00    14 0:0 0-2-0

--------------------------------------------------------------

Engine-Match Sunday, August 17, 2025 5:58:12 PM
 Blitz 2/1 

Pairing 6/21 :    Cece_v2.2  -  Cece_v2.3

PGN-File: C:\Program Files (x86)\Arena\Tournaments\Engine Battle 20250817.pgn

No:  B/W 1/2     W:B       1:2           Time        Value Moves Dep 1:2       1-2-Draws
   2 B 1    1.0:0.0        2.0:0.0       6:00:30 PM     0.00    19 0:0 2-0-0

--------------------------------------------------------------

Engine-Match Sunday, August 17, 2025 6:00:32 PM
 Blitz 2/1 

Pairing 7/21 :    Stockfish 1%  -  V7P3R_v4.1

PGN-File: C:\Program Files (x86)\Arena\Tournaments\Engine Battle 20250817.pgn

No:  B/W 1/2     W:B       1:2           Time        Value Moves Dep 1:2       1-2-Draws
   2 B 1    1.0:0.0        2.0:0.0       6:03:02 PM     0.00    16 13.333 :0 2-0-0

--------------------------------------------------------------

Engine-Match Sunday, August 17, 2025 6:03:03 PM
 Blitz 2/1 

Pairing 8/21 :    Cece_v2.3  -  Random_Opponent

PGN-File: C:\Program Files (x86)\Arena\Tournaments\Engine Battle 20250817.pgn

No:  B/W 1/2     W:B       1:2           Time        Value Moves Dep 1:2       1-2-Draws
   2 = =    1.0:1.0        1.0:1.0       6:09:05 PM     0.00   198 0:0 0-0-2

--------------------------------------------------------------

Engine-Match Sunday, August 17, 2025 6:09:06 PM
 Blitz 2/1 

Pairing 9/21 :    Cece_v2.0  -  Cece_v2.2

PGN-File: C:\Program Files (x86)\Arena\Tournaments\Engine Battle 20250817.pgn

No:  B/W 1/2     W:B       1:2           Time        Value Moves Dep 1:2       1-2-Draws
   2 W 2    1.0:0.0        0.0:2.0       6:13:23 PM     0.00    46 0:0 0-2-0

--------------------------------------------------------------

Engine-Match Sunday, August 17, 2025 6:13:24 PM
 Blitz 2/1 

Pairing 10/21 :    Slowmate_v1.0  -  Cece_v2.3

PGN-File: C:\Program Files (x86)\Arena\Tournaments\Engine Battle 20250817.pgn

No:  B/W 1/2     W:B       1:2           Time        Value Moves Dep 1:2       1-2-Draws
   2 B 1    1.0:0.0        2.0:0.0       6:14:11 PM     0.00    10 0:0 2-0-0

--------------------------------------------------------------

Engine-Match Sunday, August 17, 2025 6:14:12 PM
 Blitz 2/1 

Pairing 11/21 :    Cece_v2.2  -  Stockfish 1%

PGN-File: C:\Program Files (x86)\Arena\Tournaments\Engine Battle 20250817.pgn

No:  B/W 1/2     W:B       1:2           Time        Value Moves Dep 1:2       1-2-Draws
   2 W 2    1.0:0.0        0.0:2.0       6:15:38 PM      +M1    24 0:11.000  0-2-0

--------------------------------------------------------------

Engine-Match Sunday, August 17, 2025 6:15:39 PM
 Blitz 2/1 

Pairing 12/21 :    Random_Opponent  -  Cece_v2.0

PGN-File: C:\Program Files (x86)\Arena\Tournaments\Engine Battle 20250817.pgn

No:  B/W 1/2     W:B       1:2           Time        Value Moves Dep 1:2       1-2-Draws
   2 W 2    1.0:0.0        0.0:2.0       6:17:17 PM     0.00    28 0:0 0-2-0

--------------------------------------------------------------

Engine-Match Sunday, August 17, 2025 6:17:18 PM
 Blitz 2/1 

Pairing 13/21 :    V7P3R_v4.1  -  Cece_v2.2

PGN-File: C:\Program Files (x86)\Arena\Tournaments\Engine Battle 20250817.pgn

No:  B/W 1/2     W:B       1:2           Time        Value Moves Dep 1:2       1-2-Draws
   2 W 2    1.0:0.0        1.0:1.0       6:20:38 PM     0.00    15 0:0 1-1-0

--------------------------------------------------------------

Engine-Match Sunday, August 17, 2025 6:20:39 PM
 Blitz 2/1 

Pairing 14/21 :    Cece_v2.0  -  Slowmate_v1.0

PGN-File: C:\Program Files (x86)\Arena\Tournaments\Engine Battle 20250817.pgn

No:  B/W 1/2     W:B       1:2           Time        Value Moves Dep 1:2       1-2-Draws
   2 W 2    1.0:0.0        0.0:2.0       6:22:35 PM     0.00    29 0:0 0-2-0

--------------------------------------------------------------

Engine-Match Sunday, August 17, 2025 6:22:37 PM
 Blitz 2/1 

Pairing 15/21 :    Stockfish 1%  -  Random_Opponent

PGN-File: C:\Program Files (x86)\Arena\Tournaments\Engine Battle 20250817.pgn

No:  B/W 1/2     W:B       1:2           Time        Value Moves Dep 1:2       1-2-Draws
   2 B 1    1.0:0.0        2.0:0.0       6:22:59 PM      -M1    53 12.667 :0 2-0-0

--------------------------------------------------------------

Engine-Match Sunday, August 17, 2025 6:23:00 PM
 Blitz 2/1 

Pairing 16/21 :    Cece_v2.3  -  Cece_v2.0

PGN-File: C:\Program Files (x86)\Arena\Tournaments\Engine Battle 20250817.pgn

No:  B/W 1/2     W:B       1:2           Time        Value Moves Dep 1:2       1-2-Draws
   2 = =    1.0:1.0        1.0:1.0       6:28:23 PM     0.00    66 0:0 0-0-2

--------------------------------------------------------------

Engine-Match Sunday, August 17, 2025 6:28:24 PM
 Blitz 2/1 

Pairing 17/21 :    Random_Opponent  -  V7P3R_v4.1

PGN-File: C:\Program Files (x86)\Arena\Tournaments\Engine Battle 20250817.pgn

No:  B/W 1/2     W:B       1:2           Time        Value Moves Dep 1:2       1-2-Draws
   2 W 2    1.0:0.0        0.0:2.0       6:29:42 PM     0.00    15 0:0 0-2-0

--------------------------------------------------------------

Engine-Match Sunday, August 17, 2025 6:29:44 PM
 Blitz 2/1 

Pairing 18/21 :    Slowmate_v1.0  -  Stockfish 1%

PGN-File: C:\Program Files (x86)\Arena\Tournaments\Engine Battle 20250817.pgn

No:  B/W 1/2     W:B       1:2           Time        Value Moves Dep 1:2       1-2-Draws
   2 W 2    1.0:0.0        0.0:2.0       6:31:09 PM      +M1    89 0:11.000  0-2-0

--------------------------------------------------------------

Engine-Match Sunday, August 17, 2025 6:31:10 PM
 Blitz 2/1 

Pairing 19/21 :    Cece_v2.2  -  Random_Opponent

PGN-File: C:\Program Files (x86)\Arena\Tournaments\Engine Battle 20250817.pgn

No:  B/W 1/2     W:B       1:2           Time        Value Moves Dep 1:2       1-2-Draws
   2 = =    0.5:0.5        1.5:0.5       6:32:28 PM     0.00    22 0:0 1-0-1

--------------------------------------------------------------

Engine-Match Sunday, August 17, 2025 6:32:35 PM
 Blitz 2/1 

Pairing 20/21 :    Stockfish 1%  -  Cece_v2.3

PGN-File: C:\Program Files (x86)\Arena\Tournaments\Engine Battle 20250817.pgn

No:  B/W 1/2     W:B       1:2           Time        Value Moves Dep 1:2       1-2-Draws
   2 B 1    1.0:0.0        2.0:0.0       6:34:41 PM    -8.58    39 11.833 :0 2-0-0

--------------------------------------------------------------

Engine-Match Sunday, August 17, 2025 6:34:42 PM
 Blitz 2/1 

Pairing 21/21 :    V7P3R_v4.1  -  Slowmate_v1.0

PGN-File: C:\Program Files (x86)\Arena\Tournaments\Engine Battle 20250817.pgn

No:  B/W 1/2     W:B       1:2           Time        Value Moves Dep 1:2       1-2-Draws
   2 W 2    1.0:0.0        0.0:2.0       6:37:34 PM     0.00    24 0:0 0-2-0

--------------------------------------------------------------

Engine-Match Sunday, August 17, 2025 6:37:36 PM
 Blitz 2/1 

Pairing 1/21 :    Cece_v2.0  -  Stockfish 1%

PGN-File: C:\Program Files (x86)\Arena\Tournaments\Engine Battle 20250817.pgn

No:  B/W 1/2     W:B       1:2           Time        Value Moves Dep 1:2       1-2-Draws
   3 B 2    1.0:0.0        0.0:3.0       6:40:19 PM      -M1    58 0:11.833  0-3-0

--------------------------------------------------------------

Engine-Match Sunday, August 17, 2025 6:40:20 PM
 Blitz 2/1 

Pairing 2/21 :    Slowmate_v1.0  -  Cece_v2.2

PGN-File: C:\Program Files (x86)\Arena\Tournaments\Engine Battle 20250817.pgn

No:  B/W 1/2     W:B       1:2           Time        Value Moves Dep 1:2       1-2-Draws
   3 W 1    1.0:0.0        3.0:0.0       6:41:59 PM     0.00    26 0:0 3-0-0

--------------------------------------------------------------

Engine-Match Sunday, August 17, 2025 6:42:00 PM
 Blitz 2/1 

Pairing 3/21 :    Cece_v2.3  -  V7P3R_v4.1

PGN-File: C:\Program Files (x86)\Arena\Tournaments\Engine Battle 20250817.pgn

No:  B/W 1/2     W:B       1:2           Time        Value Moves Dep 1:2       1-2-Draws
   3 * *     0.0:0.0        2.0:0.0       6:44:25 PM     0.00    16 0:0 2-0-0

--------------------------------------------------------------

Engine-Match Sunday, August 17, 2025 6:49:45 PM
 Blitz 2/1 

Pairing 1/21 :    Cece_v2.0  -  V7P3R_v4.2

PGN-File: C:\Program Files (x86)\Arena\Tournaments\Engine Battle 20250817.pgn

No:  B/W 1/2     W:B       1:2           Time        Value Moves Dep 1:2       1-2-Draws
   1 W 1    1.0:0.0        1.0:0.0       6:52:26 PM     0.00     7 0:0 1-0-0

--------------------------------------------------------------

Engine-Match Sunday, August 17, 2025 6:52:28 PM
 Blitz 2/1 

Pairing 2/21 :    Slowmate_v1.0  -  Cece_v2.2

PGN-File: C:\Program Files (x86)\Arena\Tournaments\Engine Battle 20250817.pgn

No:  B/W 1/2     W:B       1:2           Time        Value Moves Dep 1:2       1-2-Draws
   1 W 1    1.0:0.0        1.0:0.0       6:54:05 PM     0.00    25 0:0 1-0-0

--------------------------------------------------------------

Engine-Match Sunday, August 17, 2025 6:54:06 PM
 Blitz 2/1 

Pairing 3/21 :    Cece_v2.3  -  V7P3R_v4.1

PGN-File: C:\Program Files (x86)\Arena\Tournaments\Engine Battle 20250817.pgn

No:  B/W 1/2     W:B       1:2           Time        Value Moves Dep 1:2       1-2-Draws
   1 W 1    1.0:0.0        1.0:0.0       6:57:51 PM     0.00    21 0:0 1-0-0

--------------------------------------------------------------

Engine-Match Sunday, August 17, 2025 6:57:52 PM
 Blitz 2/1 

Pairing 4/21 :    ChessAI_v1.0  -  Slowmate_v1.0

PGN-File: C:\Program Files (x86)\Arena\Tournaments\Engine Battle 20250817.pgn

No:  B/W 1/2     W:B       1:2           Time        Value Moves Dep 1:2       1-2-Draws
   1 B 2    1.0:0.0        0.0:1.0       6:58:01 PM     0.00     7 4.000 :0 0-1-0

--------------------------------------------------------------

Engine-Match Sunday, August 17, 2025 6:58:02 PM
 Blitz 2/1 

Pairing 5/21 :    V7P3R_v4.1  -  Cece_v2.0

PGN-File: C:\Program Files (x86)\Arena\Tournaments\Engine Battle 20250817.pgn

No:  B/W 1/2     W:B       1:2           Time        Value Moves Dep 1:2       1-2-Draws
   1 W 1    1.0:0.0        1.0:0.0       7:00:50 PM     0.00    18 0:0 1-0-0

--------------------------------------------------------------

Engine-Match Sunday, August 17, 2025 7:00:51 PM
 Blitz 2/1 

Pairing 6/21 :    Cece_v2.2  -  Cece_v2.3

PGN-File: C:\Program Files (x86)\Arena\Tournaments\Engine Battle 20250817.pgn

No:  B/W 1/2     W:B       1:2           Time        Value Moves Dep 1:2       1-2-Draws
   1 B 2    1.0:0.0        0.0:1.0       7:04:06 PM     0.00    30 0:0 0-1-0

--------------------------------------------------------------

Engine-Match Sunday, August 17, 2025 7:04:07 PM
 Blitz 2/1 

Pairing 7/21 :    V7P3R_v4.2  -  V7P3R_v4.1

PGN-File: C:\Program Files (x86)\Arena\Tournaments\Engine Battle 20250817.pgn

No:  B/W 1/2     W:B       1:2           Time        Value Moves Dep 1:2       1-2-Draws
   1 B 2    1.0:0.0        0.0:1.0       7:06:59 PM     0.00     5 0:0 0-1-0

--------------------------------------------------------------

Engine-Match Sunday, August 17, 2025 7:07:00 PM
 Blitz 2/1 

Pairing 8/21 :    Cece_v2.3  -  ChessAI_v1.0

PGN-File: C:\Program Files (x86)\Arena\Tournaments\Engine Battle 20250817.pgn

No:  B/W 1/2     W:B       1:2           Time        Value Moves Dep 1:2       1-2-Draws
   1 W 1    1.0:0.0        1.0:0.0       7:07:25 PM     0.00     4 0:4.000  1-0-0

--------------------------------------------------------------

Engine-Match Sunday, August 17, 2025 7:07:26 PM
 Blitz 2/1 

Pairing 9/21 :    Cece_v2.0  -  Cece_v2.2

PGN-File: C:\Program Files (x86)\Arena\Tournaments\Engine Battle 20250817.pgn

No:  B/W 1/2     W:B       1:2           Time        Value Moves Dep 1:2       1-2-Draws
   1 W 1    1.0:0.0        1.0:0.0       7:12:35 PM     0.00    61 0:0 1-0-0

--------------------------------------------------------------

Engine-Match Sunday, August 17, 2025 7:12:36 PM
 Blitz 2/1 

Pairing 10/21 :    Slowmate_v1.0  -  Cece_v2.3

PGN-File: C:\Program Files (x86)\Arena\Tournaments\Engine Battle 20250817.pgn

No:  B/W 1/2     W:B       1:2           Time        Value Moves Dep 1:2       1-2-Draws
   1 W 1    1.0:0.0        1.0:0.0       7:14:41 PM     0.00    33 0:0 1-0-0

--------------------------------------------------------------

Engine-Match Sunday, August 17, 2025 7:14:42 PM
 Blitz 2/1 

Pairing 11/21 :    Cece_v2.2  -  V7P3R_v4.2

PGN-File: C:\Program Files (x86)\Arena\Tournaments\Engine Battle 20250817.pgn

No:  B/W 1/2     W:B       1:2           Time        Value Moves Dep 1:2       1-2-Draws
   1 W 1    1.0:0.0        1.0:0.0       7:17:28 PM     0.00     8 0:0 1-0-0

--------------------------------------------------------------

Engine-Match Sunday, August 17, 2025 7:17:30 PM
 Blitz 2/1 

Pairing 12/21 :    ChessAI_v1.0  -  Cece_v2.0

PGN-File: C:\Program Files (x86)\Arena\Tournaments\Engine Battle 20250817.pgn

No:  B/W 1/2     W:B       1:2           Time        Value Moves Dep 1:2       1-2-Draws
   1 B 2    1.0:0.0        0.0:1.0       7:17:46 PM     0.00     2 4.000 :0 0-1-0

--------------------------------------------------------------

Engine-Match Sunday, August 17, 2025 7:17:48 PM
 Blitz 2/1 

Pairing 13/21 :    V7P3R_v4.1  -  Cece_v2.2

PGN-File: C:\Program Files (x86)\Arena\Tournaments\Engine Battle 20250817.pgn

No:  B/W 1/2     W:B       1:2           Time        Value Moves Dep 1:2       1-2-Draws
   1 W 1    1.0:0.0        1.0:0.0       7:21:50 PM     0.00    37 0:0 1-0-0

--------------------------------------------------------------

Engine-Match Sunday, August 17, 2025 7:21:52 PM
 Blitz 2/1 

Pairing 14/21 :    Cece_v2.0  -  Slowmate_v1.0

PGN-File: C:\Program Files (x86)\Arena\Tournaments\Engine Battle 20250817.pgn

No:  B/W 1/2     W:B       1:2           Time        Value Moves Dep 1:2       1-2-Draws
   1 B 2    1.0:0.0        0.0:1.0       7:23:16 PM     0.00    20 0:0 0-1-0

--------------------------------------------------------------

Engine-Match Sunday, August 17, 2025 7:23:18 PM
 Blitz 2/1 

Pairing 15/21 :    V7P3R_v4.2  -  ChessAI_v1.0

PGN-File: C:\Program Files (x86)\Arena\Tournaments\Engine Battle 20250817.pgn

No:  B/W 1/2     W:B       1:2           Time        Value Moves Dep 1:2       1-2-Draws
   1 W 1    1.0:0.0        1.0:0.0       7:23:48 PM     0.00     2 0:0 1-0-0

--------------------------------------------------------------

Engine-Match Sunday, August 17, 2025 7:23:50 PM
 Blitz 2/1 

Pairing 16/21 :    Cece_v2.3  -  Cece_v2.0

PGN-File: C:\Program Files (x86)\Arena\Tournaments\Engine Battle 20250817.pgn

No:  B/W 1/2     W:B       1:2           Time        Value Moves Dep 1:2       1-2-Draws
   1 W 1    1.0:0.0        1.0:0.0       7:26:57 PM     0.00    29 0:0 1-0-0

--------------------------------------------------------------

Engine-Match Sunday, August 17, 2025 7:26:59 PM
 Blitz 2/1 

Pairing 17/21 :    ChessAI_v1.0  -  V7P3R_v4.1

PGN-File: C:\Program Files (x86)\Arena\Tournaments\Engine Battle 20250817.pgn

No:  B/W 1/2     W:B       1:2           Time        Value Moves Dep 1:2       1-2-Draws
   1 B 2    1.0:0.0        0.0:1.0       7:27:27 PM     0.00     2 4.000 :0 0-1-0

--------------------------------------------------------------

Engine-Match Sunday, August 17, 2025 7:27:29 PM
 Blitz 2/1 

Pairing 18/21 :    Slowmate_v1.0  -  V7P3R_v4.2

PGN-File: C:\Program Files (x86)\Arena\Tournaments\Engine Battle 20250817.pgn

No:  B/W 1/2     W:B       1:2           Time        Value Moves Dep 1:2       1-2-Draws
   1 W 1    1.0:0.0        1.0:0.0       7:29:47 PM     0.00     7 0:0 1-0-0

--------------------------------------------------------------

Engine-Match Sunday, August 17, 2025 7:29:48 PM
 Blitz 2/1 

Pairing 19/21 :    Cece_v2.2  -  ChessAI_v1.0

PGN-File: C:\Program Files (x86)\Arena\Tournaments\Engine Battle 20250817.pgn

No:  B/W 1/2     W:B       1:2           Time        Value Moves Dep 1:2       1-2-Draws
   1 W 1    1.0:0.0        1.0:0.0       7:30:04 PM     0.00     2 0:0 1-0-0

--------------------------------------------------------------

Engine-Match Sunday, August 17, 2025 7:30:06 PM
 Blitz 2/1 

Pairing 20/21 :    V7P3R_v4.2  -  Cece_v2.3

PGN-File: C:\Program Files (x86)\Arena\Tournaments\Engine Battle 20250817.pgn

No:  B/W 1/2     W:B       1:2           Time        Value Moves Dep 1:2       1-2-Draws
   1 B 2    1.0:0.0        0.0:1.0       7:32:40 PM     0.00     6 0:0 0-1-0

--------------------------------------------------------------

Engine-Match Sunday, August 17, 2025 7:32:50 PM
 Blitz 2/1 

Pairing 21/21 :    V7P3R_v4.1  -  Slowmate_v1.0

PGN-File: C:\Program Files (x86)\Arena\Tournaments\Engine Battle 20250817.pgn

No:  B/W 1/2     W:B       1:2           Time        Value Moves Dep 1:2       1-2-Draws
   1 B 2    1.0:0.0        0.0:1.0       7:35:35 PM     0.00    22 0:0 0-1-0

--------------------------------------------------------------

Engine-Match Sunday, August 17, 2025 7:35:36 PM
 Blitz 2/1 

Pairing 1/21 :    Cece_v2.0  -  V7P3R_v4.2

PGN-File: C:\Program Files (x86)\Arena\Tournaments\Engine Battle 20250817.pgn

No:  B/W 1/2     W:B       1:2           Time        Value Moves Dep 1:2       1-2-Draws
   2 B 1    1.0:0.0        2.0:0.0       7:38:06 PM     0.00     5 0:0 2-0-0

--------------------------------------------------------------

Engine-Match Sunday, August 17, 2025 7:38:07 PM
 Blitz 2/1 

Pairing 2/21 :    Slowmate_v1.0  -  Cece_v2.2

PGN-File: C:\Program Files (x86)\Arena\Tournaments\Engine Battle 20250817.pgn

No:  B/W 1/2     W:B       1:2           Time        Value Moves Dep 1:2       1-2-Draws
   2 B 1    1.0:0.0        2.0:0.0       7:39:51 PM     0.00    25 0:0 2-0-0

--------------------------------------------------------------

Engine-Match Sunday, August 17, 2025 7:39:52 PM
 Blitz 2/1 

Pairing 3/21 :    Cece_v2.3  -  V7P3R_v4.1

PGN-File: C:\Program Files (x86)\Arena\Tournaments\Engine Battle 20250817.pgn

No:  B/W 1/2     W:B       1:2           Time        Value Moves Dep 1:2       1-2-Draws
   2 B 1    1.0:0.0        2.0:0.0       7:43:26 PM     0.00    19 0:0 2-0-0

--------------------------------------------------------------

Engine-Match Sunday, August 17, 2025 7:43:27 PM
 Blitz 2/1 

Pairing 4/21 :    ChessAI_v1.0  -  Slowmate_v1.0

PGN-File: C:\Program Files (x86)\Arena\Tournaments\Engine Battle 20250817.pgn

No:  B/W 1/2     W:B       1:2           Time        Value Moves Dep 1:2       1-2-Draws
   2 W 2    1.0:0.0        0.0:2.0       7:43:37 PM     0.00     6 4.000 :0 0-2-0

--------------------------------------------------------------

Engine-Match Sunday, August 17, 2025 7:43:38 PM
 Blitz 2/1 

Pairing 5/21 :    V7P3R_v4.1  -  Cece_v2.0

PGN-File: C:\Program Files (x86)\Arena\Tournaments\Engine Battle 20250817.pgn

No:  B/W 1/2     W:B       1:2           Time        Value Moves Dep 1:2       1-2-Draws
   2 W 2    1.0:0.0        1.0:1.0       7:47:43 PM     0.00    26 0:0 1-1-0

--------------------------------------------------------------

Engine-Match Sunday, August 17, 2025 7:47:44 PM
 Blitz 2/1 

Pairing 6/21 :    Cece_v2.2  -  Cece_v2.3

PGN-File: C:\Program Files (x86)\Arena\Tournaments\Engine Battle 20250817.pgn

No:  B/W 1/2     W:B       1:2           Time        Value Moves Dep 1:2       1-2-Draws
   2 B 1    1.0:0.0        1.0:1.0       7:51:28 PM     0.00    36 0:0 1-1-0

--------------------------------------------------------------

Engine-Match Sunday, August 17, 2025 7:51:29 PM
 Blitz 2/1 

Pairing 7/21 :    V7P3R_v4.2  -  V7P3R_v4.1

PGN-File: C:\Program Files (x86)\Arena\Tournaments\Engine Battle 20250817.pgn

No:  B/W 1/2     W:B       1:2           Time        Value Moves Dep 1:2       1-2-Draws
   2 W 2    1.0:0.0        0.0:2.0       7:54:53 PM     0.00     6 0:0 0-2-0

--------------------------------------------------------------

Engine-Match Sunday, August 17, 2025 7:54:55 PM
 Blitz 2/1 

Pairing 8/21 :    Cece_v2.3  -  ChessAI_v1.0

PGN-File: C:\Program Files (x86)\Arena\Tournaments\Engine Battle 20250817.pgn

No:  B/W 1/2     W:B       1:2           Time        Value Moves Dep 1:2       1-2-Draws
   2 B 1    1.0:0.0        2.0:0.0       7:55:11 PM     0.00     2 0:4.000  2-0-0

--------------------------------------------------------------

Engine-Match Sunday, August 17, 2025 7:55:12 PM
 Blitz 2/1 

Pairing 9/21 :    Cece_v2.0  -  Cece_v2.2

PGN-File: C:\Program Files (x86)\Arena\Tournaments\Engine Battle 20250817.pgn

No:  B/W 1/2     W:B       1:2           Time        Value Moves Dep 1:2       1-2-Draws
   2 * *     0.0:0.0        1.0:0.0       7:55:26 PM     0.00     1 0:0 1-0-0

--------------------------------------------------------------

Engine-Match Sunday, August 17, 2025 7:57:41 PM
 Blitz 2/1 

Pairing 1/21 :    Cece_v2.0  -  V7P3R_v4.2

PGN-File: C:\Program Files (x86)\Arena\Tournaments\Engine Battle 20250817.pgn

No:  B/W 1/2     W:B       1:2           Time        Value Moves Dep 1:2       1-2-Draws
   1 W 1    1.0:0.0        1.0:0.0       8:01:16 PM     0.00    19 0:0 1-0-0

--------------------------------------------------------------

Engine-Match Sunday, August 17, 2025 8:01:17 PM
 Blitz 2/1 

Pairing 2/21 :    Slowmate_v1.0  -  Cece_v2.2

PGN-File: C:\Program Files (x86)\Arena\Tournaments\Engine Battle 20250817.pgn

No:  B/W 1/2     W:B       1:2           Time        Value Moves Dep 1:2       1-2-Draws
   1 = =    0.5:0.5        0.5:0.5       8:04:57 PM     0.00    68 0:0 0-0-1

--------------------------------------------------------------

Engine-Match Sunday, August 17, 2025 8:04:58 PM
 Blitz 2/1 

Pairing 3/21 :    Cece_v2.3  -  V7P3R_v4.1

PGN-File: C:\Program Files (x86)\Arena\Tournaments\Engine Battle 20250817.pgn

No:  B/W 1/2     W:B       1:2           Time        Value Moves Dep 1:2       1-2-Draws
   1 W 1    1.0:0.0        1.0:0.0       8:08:30 PM     0.00    18 0:0 1-0-0

--------------------------------------------------------------

Engine-Match Sunday, August 17, 2025 8:08:31 PM
 Blitz 2/1 

Pairing 4/21 :    ChessAI_v1.0  -  Slowmate_v1.0

PGN-File: C:\Program Files (x86)\Arena\Tournaments\Engine Battle 20250817.pgn

No:  B/W 1/2     W:B       1:2           Time        Value Moves Dep 1:2       1-2-Draws
   1 B 2    1.0:0.0        0.0:1.0       8:08:49 PM     0.00    14 4.000 :0 0-1-0

--------------------------------------------------------------

Engine-Match Sunday, August 17, 2025 8:08:51 PM
 Blitz 2/1 

Pairing 5/21 :    V7P3R_v4.1  -  Cece_v2.0

PGN-File: C:\Program Files (x86)\Arena\Tournaments\Engine Battle 20250817.pgn

No:  B/W 1/2     W:B       1:2           Time        Value Moves Dep 1:2       1-2-Draws
   1 B 2    1.0:0.0        0.0:1.0       8:12:11 PM     0.00    16 0:0 0-1-0

--------------------------------------------------------------

Engine-Match Sunday, August 17, 2025 8:12:13 PM
 Blitz 2/1 

Pairing 6/21 :    Cece_v2.2  -  Cece_v2.3

PGN-File: C:\Program Files (x86)\Arena\Tournaments\Engine Battle 20250817.pgn

No:  B/W 1/2     W:B       1:2           Time        Value Moves Dep 1:2       1-2-Draws
   1 B 2    1.0:0.0        0.0:1.0       8:14:32 PM     0.00    19 0:0 0-1-0

--------------------------------------------------------------

Engine-Match Sunday, August 17, 2025 8:14:33 PM
 Blitz 2/1 

Pairing 7/21 :    V7P3R_v4.2  -  V7P3R_v4.1

PGN-File: C:\Program Files (x86)\Arena\Tournaments\Engine Battle 20250817.pgn

No:  B/W 1/2     W:B       1:2           Time        Value Moves Dep 1:2       1-2-Draws
   1 B 2    1.0:0.0        0.0:1.0       8:17:27 PM     0.00     5 0:0 0-1-0

--------------------------------------------------------------

Engine-Match Sunday, August 17, 2025 8:17:29 PM
 Blitz 2/1 

Pairing 8/21 :    Cece_v2.3  -  ChessAI_v1.0

PGN-File: C:\Program Files (x86)\Arena\Tournaments\Engine Battle 20250817.pgn

No:  B/W 1/2     W:B       1:2           Time        Value Moves Dep 1:2       1-2-Draws
   1 W 1    1.0:0.0        1.0:0.0       8:18:02 PM     0.00     6 0:4.000  1-0-0

--------------------------------------------------------------

Engine-Match Sunday, August 17, 2025 8:18:03 PM
 Blitz 2/1 

Pairing 9/21 :    Cece_v2.0  -  Cece_v2.2

PGN-File: C:\Program Files (x86)\Arena\Tournaments\Engine Battle 20250817.pgn

No:  B/W 1/2     W:B       1:2           Time        Value Moves Dep 1:2       1-2-Draws
   1 = =    0.5:0.5        0.5:0.5       8:21:54 PM     0.00    39 0:0 0-0-1

--------------------------------------------------------------

Engine-Match Sunday, August 17, 2025 8:21:56 PM
 Blitz 2/1 

Pairing 10/21 :    Slowmate_v1.0  -  Cece_v2.3

PGN-File: C:\Program Files (x86)\Arena\Tournaments\Engine Battle 20250817.pgn

No:  B/W 1/2     W:B       1:2           Time        Value Moves Dep 1:2       1-2-Draws
   1 W 1    1.0:0.0        1.0:0.0       8:24:20 PM     0.00    42 0:0 1-0-0

--------------------------------------------------------------

Engine-Match Sunday, August 17, 2025 8:24:21 PM
 Blitz 2/1 

Pairing 11/21 :    Cece_v2.2  -  V7P3R_v4.2

PGN-File: C:\Program Files (x86)\Arena\Tournaments\Engine Battle 20250817.pgn

No:  B/W 1/2     W:B       1:2           Time        Value Moves Dep 1:2       1-2-Draws
   1 W 1    1.0:0.0        1.0:0.0       8:26:54 PM     0.00     5 0:0 1-0-0

--------------------------------------------------------------

Engine-Match Sunday, August 17, 2025 8:26:55 PM
 Blitz 2/1 

Pairing 12/21 :    ChessAI_v1.0  -  Cece_v2.0

PGN-File: C:\Program Files (x86)\Arena\Tournaments\Engine Battle 20250817.pgn

No:  B/W 1/2     W:B       1:2           Time        Value Moves Dep 1:2       1-2-Draws
   1 W 1    1.0:0.0        1.0:0.0       8:27:45 PM  +299.99    11 4.000 :0 1-0-0

--------------------------------------------------------------

Engine-Match Sunday, August 17, 2025 8:27:46 PM
 Blitz 2/1 

Pairing 13/21 :    V7P3R_v4.1  -  Cece_v2.2

PGN-File: C:\Program Files (x86)\Arena\Tournaments\Engine Battle 20250817.pgn

No:  B/W 1/2     W:B       1:2           Time        Value Moves Dep 1:2       1-2-Draws
   1 B 2    1.0:0.0        0.0:1.0       8:31:15 PM     0.00    18 0:0 0-1-0

--------------------------------------------------------------

Engine-Match Sunday, August 17, 2025 8:31:16 PM
 Blitz 2/1 

Pairing 14/21 :    Cece_v2.0  -  Slowmate_v1.0

PGN-File: C:\Program Files (x86)\Arena\Tournaments\Engine Battle 20250817.pgn

No:  B/W 1/2     W:B       1:2           Time        Value Moves Dep 1:2       1-2-Draws
   1 B 2    1.0:0.0        0.0:1.0       8:32:29 PM     0.00    15 0:0 0-1-0

--------------------------------------------------------------

Engine-Match Sunday, August 17, 2025 8:32:31 PM
 Blitz 2/1 

Pairing 15/21 :    V7P3R_v4.2  -  ChessAI_v1.0

PGN-File: C:\Program Files (x86)\Arena\Tournaments\Engine Battle 20250817.pgn

No:  B/W 1/2     W:B       1:2           Time        Value Moves Dep 1:2       1-2-Draws
   1 B 2    1.0:0.0        0.0:1.0       8:34:46 PM     0.00     7 0:4.000  0-1-0

--------------------------------------------------------------

Engine-Match Sunday, August 17, 2025 8:34:48 PM
 Blitz 2/1 

Pairing 16/21 :    Cece_v2.3  -  Cece_v2.0

PGN-File: C:\Program Files (x86)\Arena\Tournaments\Engine Battle 20250817.pgn

No:  B/W 1/2     W:B       1:2           Time        Value Moves Dep 1:2       1-2-Draws
   1 W 1    1.0:0.0        1.0:0.0       8:37:15 PM     0.00    21 0:0 1-0-0

--------------------------------------------------------------

Engine-Match Sunday, August 17, 2025 8:37:16 PM
 Blitz 2/1 

Pairing 17/21 :    ChessAI_v1.0  -  V7P3R_v4.1

PGN-File: C:\Program Files (x86)\Arena\Tournaments\Engine Battle 20250817.pgn

No:  B/W 1/2     W:B       1:2           Time        Value Moves Dep 1:2       1-2-Draws
   1 B 2    1.0:0.0        0.0:1.0       8:38:55 PM     0.00    12 4.000 :0 0-1-0

--------------------------------------------------------------

Engine-Match Sunday, August 17, 2025 8:38:56 PM
 Blitz 2/1 

Pairing 18/21 :    Slowmate_v1.0  -  V7P3R_v4.2

PGN-File: C:\Program Files (x86)\Arena\Tournaments\Engine Battle 20250817.pgn

No:  B/W 1/2     W:B       1:2           Time        Value Moves Dep 1:2       1-2-Draws
   1 W 1    1.0:0.0        1.0:0.0       8:41:13 PM     0.00     7 0:0 1-0-0

--------------------------------------------------------------

Engine-Match Sunday, August 17, 2025 8:41:15 PM
 Blitz 2/1 

Pairing 19/21 :    Cece_v2.2  -  ChessAI_v1.0

PGN-File: C:\Program Files (x86)\Arena\Tournaments\Engine Battle 20250817.pgn

No:  B/W 1/2     W:B       1:2           Time        Value Moves Dep 1:2       1-2-Draws
   1 B 2    1.0:0.0        0.0:1.0       8:43:01 PM  -299.99    29 0:4.000  0-1-0

--------------------------------------------------------------

Engine-Match Sunday, August 17, 2025 8:43:03 PM
 Blitz 2/1 

Pairing 20/21 :    V7P3R_v4.2  -  Cece_v2.3

PGN-File: C:\Program Files (x86)\Arena\Tournaments\Engine Battle 20250817.pgn

No:  B/W 1/2     W:B       1:2           Time        Value Moves Dep 1:2       1-2-Draws
   1 B 2    1.0:0.0        0.0:1.0       8:45:36 PM     0.00     6 0:0 0-1-0

--------------------------------------------------------------

Engine-Match Sunday, August 17, 2025 8:45:46 PM
 Blitz 2/1 

Pairing 21/21 :    V7P3R_v4.1  -  Slowmate_v1.0

PGN-File: C:\Program Files (x86)\Arena\Tournaments\Engine Battle 20250817.pgn

No:  B/W 1/2     W:B       1:2           Time        Value Moves Dep 1:2       1-2-Draws
   1 B 2    1.0:0.0        0.0:1.0       8:48:40 PM     0.00    23 0:0 0-1-0

--------------------------------------------------------------

Engine-Match Sunday, August 17, 2025 8:48:41 PM
 Blitz 2/1 

Pairing 1/21 :    Cece_v2.0  -  V7P3R_v4.2

PGN-File: C:\Program Files (x86)\Arena\Tournaments\Engine Battle 20250817.pgn

No:  B/W 1/2     W:B       1:2           Time        Value Moves Dep 1:2       1-2-Draws
   2 B 1    1.0:0.0        2.0:0.0       8:51:19 PM     0.00     6 0:0 2-0-0

--------------------------------------------------------------

Engine-Match Sunday, August 17, 2025 8:51:20 PM
 Blitz 2/1 

Pairing 2/21 :    Slowmate_v1.0  -  Cece_v2.2

PGN-File: C:\Program Files (x86)\Arena\Tournaments\Engine Battle 20250817.pgn

No:  B/W 1/2     W:B       1:2           Time        Value Moves Dep 1:2       1-2-Draws
   2 = =    1.0:1.0        1.0:1.0       8:52:52 PM     0.00    22 0:0 0-0-2

--------------------------------------------------------------

Engine-Match Sunday, August 17, 2025 8:52:54 PM
 Blitz 2/1 

Pairing 3/21 :    Cece_v2.3  -  V7P3R_v4.1

PGN-File: C:\Program Files (x86)\Arena\Tournaments\Engine Battle 20250817.pgn

No:  B/W 1/2     W:B       1:2           Time        Value Moves Dep 1:2       1-2-Draws
   2 B 1    1.0:0.0        2.0:0.0       8:56:10 PM     0.00    15 0:0 2-0-0

--------------------------------------------------------------

Engine-Match Sunday, August 17, 2025 8:56:12 PM
 Blitz 2/1 

Pairing 4/21 :    ChessAI_v1.0  -  Slowmate_v1.0

PGN-File: C:\Program Files (x86)\Arena\Tournaments\Engine Battle 20250817.pgn

No:  B/W 1/2     W:B       1:2           Time        Value Moves Dep 1:2       1-2-Draws
   2 W 2    1.0:0.0        0.0:2.0       8:56:57 PM     0.00    28 4.000 :0 0-2-0

--------------------------------------------------------------

Engine-Match Sunday, August 17, 2025 8:56:58 PM
 Blitz 2/1 

Pairing 5/21 :    V7P3R_v4.1  -  Cece_v2.0

PGN-File: C:\Program Files (x86)\Arena\Tournaments\Engine Battle 20250817.pgn

No:  B/W 1/2     W:B       1:2           Time        Value Moves Dep 1:2       1-2-Draws
   2 W 2    1.0:0.0        0.0:2.0       9:00:13 PM     0.00    14 0:0 0-2-0

--------------------------------------------------------------

Engine-Match Sunday, August 17, 2025 9:00:15 PM
 Blitz 2/1 

Pairing 6/21 :    Cece_v2.2  -  Cece_v2.3

PGN-File: C:\Program Files (x86)\Arena\Tournaments\Engine Battle 20250817.pgn

No:  B/W 1/2     W:B       1:2           Time        Value Moves Dep 1:2       1-2-Draws
   2 = =    0.5:0.5        0.5:1.5       9:03:27 PM     0.00    30 0:0 0-1-1

--------------------------------------------------------------

Engine-Match Sunday, August 17, 2025 9:03:29 PM
 Blitz 2/1 

Pairing 7/21 :    V7P3R_v4.2  -  V7P3R_v4.1

PGN-File: C:\Program Files (x86)\Arena\Tournaments\Engine Battle 20250817.pgn

No:  B/W 1/2     W:B       1:2           Time        Value Moves Dep 1:2       1-2-Draws
   2 W 2    1.0:0.0        0.0:2.0       9:06:51 PM     0.00     6 0:0 0-2-0

--------------------------------------------------------------

Engine-Match Sunday, August 17, 2025 9:06:53 PM
 Blitz 2/1 

Pairing 8/21 :    Cece_v2.3  -  ChessAI_v1.0

PGN-File: C:\Program Files (x86)\Arena\Tournaments\Engine Battle 20250817.pgn

No:  B/W 1/2     W:B       1:2           Time        Value Moves Dep 1:2       1-2-Draws
   2 B 1    1.0:0.0        2.0:0.0       9:07:59 PM     0.00    15 0:4.000  2-0-0

--------------------------------------------------------------

Engine-Match Sunday, August 17, 2025 9:08:00 PM
 Blitz 2/1 

Pairing 9/21 :    Cece_v2.0  -  Cece_v2.2

PGN-File: C:\Program Files (x86)\Arena\Tournaments\Engine Battle 20250817.pgn

No:  B/W 1/2     W:B       1:2           Time        Value Moves Dep 1:2       1-2-Draws
   2 = =    1.0:1.0        1.0:1.0       9:11:01 PM     0.00    28 0:0 0-0-2

--------------------------------------------------------------

Engine-Match Sunday, August 17, 2025 9:11:03 PM
 Blitz 2/1 

Pairing 10/21 :    Slowmate_v1.0  -  Cece_v2.3

PGN-File: C:\Program Files (x86)\Arena\Tournaments\Engine Battle 20250817.pgn

No:  B/W 1/2     W:B       1:2           Time        Value Moves Dep 1:2       1-2-Draws
   2 B 1    1.0:0.0        2.0:0.0       9:11:37 PM     0.00     7 0:0 2-0-0

--------------------------------------------------------------

Engine-Match Sunday, August 17, 2025 9:11:38 PM
 Blitz 2/1 

Pairing 11/21 :    Cece_v2.2  -  V7P3R_v4.2

PGN-File: C:\Program Files (x86)\Arena\Tournaments\Engine Battle 20250817.pgn

No:  B/W 1/2     W:B       1:2           Time        Value Moves Dep 1:2       1-2-Draws
   2 B 1    1.0:0.0        2.0:0.0       9:14:06 PM     0.00     5 0:0 2-0-0

--------------------------------------------------------------

Engine-Match Sunday, August 17, 2025 9:14:08 PM
 Blitz 2/1 

Pairing 12/21 :    ChessAI_v1.0  -  Cece_v2.0

PGN-File: C:\Program Files (x86)\Arena\Tournaments\Engine Battle 20250817.pgn

No:  B/W 1/2     W:B       1:2           Time        Value Moves Dep 1:2       1-2-Draws
   2 W 2    1.0:0.0        1.0:1.0       9:15:08 PM     0.00    13 4.000 :0 1-1-0

--------------------------------------------------------------

Engine-Match Sunday, August 17, 2025 9:15:10 PM
 Blitz 2/1 

Pairing 13/21 :    V7P3R_v4.1  -  Cece_v2.2

PGN-File: C:\Program Files (x86)\Arena\Tournaments\Engine Battle 20250817.pgn

No:  B/W 1/2     W:B       1:2           Time        Value Moves Dep 1:2       1-2-Draws
   2 W 2    1.0:0.0        0.0:2.0       9:19:19 PM     0.00    28 0:0 0-2-0

--------------------------------------------------------------

Engine-Match Sunday, August 17, 2025 9:19:21 PM
 Blitz 2/1 

Pairing 14/21 :    Cece_v2.0  -  Slowmate_v1.0

PGN-File: C:\Program Files (x86)\Arena\Tournaments\Engine Battle 20250817.pgn

No:  B/W 1/2     W:B       1:2           Time        Value Moves Dep 1:2       1-2-Draws
   2 W 2    1.0:0.0        0.0:2.0       9:21:33 PM     0.00    35 0:0 0-2-0

--------------------------------------------------------------

Engine-Match Sunday, August 17, 2025 9:21:34 PM
 Blitz 2/1 

Pairing 15/21 :    V7P3R_v4.2  -  ChessAI_v1.0

PGN-File: C:\Program Files (x86)\Arena\Tournaments\Engine Battle 20250817.pgn

No:  B/W 1/2     W:B       1:2           Time        Value Moves Dep 1:2       1-2-Draws
   2 * *     0.0:0.0        0.0:1.0       9:23:18 PM     0.00     0 0:4.000  0-1-0
