Engine-Match Sunday, August 17, 2025 9:57:45 PM
 Blitz 2/1 

Pairing 1/6 :    Cece_v2.3  -  ChessAI_v1.0

PGN-File: C:\Program Files (x86)\Arena\Tournaments\Engine Battle 20250817_2.pgn

No:  B/W 1/2     W:B       1:2           Time        Value Moves Dep 1:2       1-2-Draws
   1 W 1    1.0:0.0        1.0:0.0       9:58:48 PM     0.00    15 0:4.000  1-0-0

--------------------------------------------------------------

Engine-Match Sunday, August 17, 2025 9:58:49 PM
 Blitz 2/1 

Pairing 2/6 :    V7P3R_v4.3  -  Slowmate_v1.0

PGN-File: C:\Program Files (x86)\Arena\Tournaments\Engine Battle 20250817_2.pgn

No:  B/W 1/2     W:B       1:2           Time        Value Moves Dep 1:2       1-2-Draws
   1 = =    0.5:0.5        0.5:0.5       9:59:44 PM     0.00    35 0:0 0-0-1

--------------------------------------------------------------

Engine-Match Sunday, August 17, 2025 9:59:46 PM
 Blitz 2/1 

Pairing 3/6 :    V7P3R_v4.3  -  Cece_v2.3

PGN-File: C:\Program Files (x86)\Arena\Tournaments\Engine Battle 20250817_2.pgn

No:  B/W 1/2     W:B       1:2           Time        Value Moves Dep 1:2       1-2-Draws
   1 = =    0.5:0.5        0.5:0.5       10:02:42 PM     0.00    45 0:0 0-0-1

--------------------------------------------------------------

Engine-Match Sunday, August 17, 2025 10:02:43 PM
 Blitz 2/1 

Pairing 4/6 :    Slowmate_v1.0  -  ChessAI_v1.0

PGN-File: C:\Program Files (x86)\Arena\Tournaments\Engine Battle 20250817_2.pgn

No:  B/W 1/2     W:B       1:2           Time        Value Moves Dep 1:2       1-2-Draws
   1 W 1    1.0:0.0        1.0:0.0       10:03:33 PM     0.00    28 0:4.000  1-0-0

--------------------------------------------------------------

Engine-Match Sunday, August 17, 2025 10:03:34 PM
 Blitz 2/1 

Pairing 5/6 :    Cece_v2.3  -  Slowmate_v1.0

PGN-File: C:\Program Files (x86)\Arena\Tournaments\Engine Battle 20250817_2.pgn

No:  B/W 1/2     W:B       1:2           Time        Value Moves Dep 1:2       1-2-Draws
   1 B 2    1.0:0.0        0.0:1.0       10:04:25 PM     0.00    11 0:0 0-1-0

--------------------------------------------------------------

Engine-Match Sunday, August 17, 2025 10:04:26 PM
 Blitz 2/1 

Pairing 6/6 :    ChessAI_v1.0  -  V7P3R_v4.3

PGN-File: C:\Program Files (x86)\Arena\Tournaments\Engine Battle 20250817_2.pgn

No:  B/W 1/2     W:B       1:2           Time        Value Moves Dep 1:2       1-2-Draws
   1 W 1    1.0:0.0        1.0:0.0       10:05:28 PM  +299.99    40 4.000 :0 1-0-0

--------------------------------------------------------------

Engine-Match Sunday, August 17, 2025 10:05:29 PM
 Blitz 2/1 

Pairing 1/6 :    Cece_v2.3  -  ChessAI_v1.0

PGN-File: C:\Program Files (x86)\Arena\Tournaments\Engine Battle 20250817_2.pgn

No:  B/W 1/2     W:B       1:2           Time        Value Moves Dep 1:2       1-2-Draws
   2 B 1    1.0:0.0        2.0:0.0       10:06:06 PM     0.00     8 0:4.000  2-0-0

--------------------------------------------------------------

Engine-Match Sunday, August 17, 2025 10:06:07 PM
 Blitz 2/1 

Pairing 2/6 :    V7P3R_v4.3  -  Slowmate_v1.0

PGN-File: C:\Program Files (x86)\Arena\Tournaments\Engine Battle 20250817_2.pgn

No:  B/W 1/2     W:B       1:2           Time        Value Moves Dep 1:2       1-2-Draws
   2 = =    1.0:1.0        1.0:1.0       10:07:33 PM     0.00    62 0:0 0-0-2

--------------------------------------------------------------

Engine-Match Sunday, August 17, 2025 10:07:35 PM
 Blitz 2/1 

Pairing 3/6 :    V7P3R_v4.3  -  Cece_v2.3

PGN-File: C:\Program Files (x86)\Arena\Tournaments\Engine Battle 20250817_2.pgn

No:  B/W 1/2     W:B       1:2           Time        Value Moves Dep 1:2       1-2-Draws
   2 B 1    1.5:0.5        1.5:0.5       10:09:04 PM     0.00    20 0:0 1-0-1

--------------------------------------------------------------

Engine-Match Sunday, August 17, 2025 10:09:05 PM
 Blitz 2/1 

Pairing 4/6 :    Slowmate_v1.0  -  ChessAI_v1.0

PGN-File: C:\Program Files (x86)\Arena\Tournaments\Engine Battle 20250817_2.pgn

No:  B/W 1/2     W:B       1:2           Time        Value Moves Dep 1:2       1-2-Draws
   2 B 1    1.0:0.0        2.0:0.0       10:09:21 PM     0.00    14 0:4.000  2-0-0

--------------------------------------------------------------

Engine-Match Sunday, August 17, 2025 10:09:22 PM
 Blitz 2/1 

Pairing 5/6 :    Cece_v2.3  -  Slowmate_v1.0

PGN-File: C:\Program Files (x86)\Arena\Tournaments\Engine Battle 20250817_2.pgn

No:  B/W 1/2     W:B       1:2           Time        Value Moves Dep 1:2       1-2-Draws
   2 W 2    1.0:0.0        0.0:2.0       10:11:00 PM     0.00    26 0:0 0-2-0

--------------------------------------------------------------

Engine-Match Sunday, August 17, 2025 10:11:01 PM
 Blitz 2/1 

Pairing 6/6 :    ChessAI_v1.0  -  V7P3R_v4.3

PGN-File: C:\Program Files (x86)\Arena\Tournaments\Engine Battle 20250817_2.pgn

No:  B/W 1/2     W:B       1:2           Time        Value Moves Dep 1:2       1-2-Draws
   2 = =    0.5:0.5        1.5:0.5       10:11:19 PM     0.00    13 4.000 :0 1-0-1

--------------------------------------------------------------

Engine-Match Sunday, August 17, 2025 10:11:20 PM
 Blitz 2/1 

Pairing 1/6 :    Cece_v2.3  -  ChessAI_v1.0

PGN-File: C:\Program Files (x86)\Arena\Tournaments\Engine Battle 20250817_2.pgn

No:  B/W 1/2     W:B       1:2           Time        Value Moves Dep 1:2       1-2-Draws
   3 W 1    1.0:0.0        3.0:0.0       10:11:48 PM     0.00     6 0:4.000  3-0-0

--------------------------------------------------------------

Engine-Match Sunday, August 17, 2025 10:11:49 PM
 Blitz 2/1 

Pairing 2/6 :    V7P3R_v4.3  -  Slowmate_v1.0

PGN-File: C:\Program Files (x86)\Arena\Tournaments\Engine Battle 20250817_2.pgn

No:  B/W 1/2     W:B       1:2           Time        Value Moves Dep 1:2       1-2-Draws
   3 = =    1.5:1.5        1.5:1.5       10:12:43 PM     0.00    35 0:0 0-0-3

--------------------------------------------------------------

Engine-Match Sunday, August 17, 2025 10:12:45 PM
 Blitz 2/1 

Pairing 3/6 :    V7P3R_v4.3  -  Cece_v2.3

PGN-File: C:\Program Files (x86)\Arena\Tournaments\Engine Battle 20250817_2.pgn

No:  B/W 1/2     W:B       1:2           Time        Value Moves Dep 1:2       1-2-Draws
   3 = =    1.0:1.0        2.0:1.0       10:14:20 PM     0.00    23 0:0 1-0-2

--------------------------------------------------------------

Engine-Match Sunday, August 17, 2025 10:14:21 PM
 Blitz 2/1 

Pairing 4/6 :    Slowmate_v1.0  -  ChessAI_v1.0

PGN-File: C:\Program Files (x86)\Arena\Tournaments\Engine Battle 20250817_2.pgn

No:  B/W 1/2     W:B       1:2           Time        Value Moves Dep 1:2       1-2-Draws
   3 W 1    1.0:0.0        3.0:0.0       10:15:10 PM     0.00    28 0:4.000  3-0-0

--------------------------------------------------------------

Engine-Match Sunday, August 17, 2025 10:15:11 PM
 Blitz 2/1 

Pairing 5/6 :    Cece_v2.3  -  Slowmate_v1.0

PGN-File: C:\Program Files (x86)\Arena\Tournaments\Engine Battle 20250817_2.pgn

No:  B/W 1/2     W:B       1:2           Time        Value Moves Dep 1:2       1-2-Draws
   3 = =    0.5:0.5        0.5:2.5       10:17:16 PM     0.00    33 0:0 0-2-1

--------------------------------------------------------------

Engine-Match Sunday, August 17, 2025 10:17:17 PM
 Blitz 2/1 

Pairing 6/6 :    ChessAI_v1.0  -  V7P3R_v4.3

PGN-File: C:\Program Files (x86)\Arena\Tournaments\Engine Battle 20250817_2.pgn

No:  B/W 1/2     W:B       1:2           Time        Value Moves Dep 1:2       1-2-Draws
   3 W 1    1.5:0.5        2.5:0.5       10:18:19 PM  +299.99    40 4.000 :0 2-0-1

--------------------------------------------------------------

Engine-Match Sunday, August 17, 2025 10:18:20 PM
 Blitz 2/1 

Pairing 1/6 :    Cece_v2.3  -  ChessAI_v1.0

PGN-File: C:\Program Files (x86)\Arena\Tournaments\Engine Battle 20250817_2.pgn

No:  B/W 1/2     W:B       1:2           Time        Value Moves Dep 1:2       1-2-Draws
   4 W 2    1.0:0.0        3.0:1.0       10:19:45 PM  +299.99    22 0:4.000  3-1-0

--------------------------------------------------------------

Engine-Match Sunday, August 17, 2025 10:19:47 PM
 Blitz 2/1 

Pairing 2/6 :    V7P3R_v4.3  -  Slowmate_v1.0

PGN-File: C:\Program Files (x86)\Arena\Tournaments\Engine Battle 20250817_2.pgn

No:  B/W 1/2     W:B       1:2           Time        Value Moves Dep 1:2       1-2-Draws
   4 = =    2.0:2.0        2.0:2.0       10:21:14 PM     0.00    62 0:0 0-0-4

--------------------------------------------------------------

Engine-Match Sunday, August 17, 2025 10:21:20 PM
 Blitz 2/1 

Pairing 3/6 :    V7P3R_v4.3  -  Cece_v2.3

PGN-File: C:\Program Files (x86)\Arena\Tournaments\Engine Battle 20250817_2.pgn

No:  B/W 1/2     W:B       1:2           Time        Value Moves Dep 1:2       1-2-Draws
   4 B 1    2.0:1.0        3.0:1.0       10:22:46 PM     0.00    19 0:0 2-0-2

--------------------------------------------------------------

Engine-Match Sunday, August 17, 2025 10:22:47 PM
 Blitz 2/1 

Pairing 4/6 :    Slowmate_v1.0  -  ChessAI_v1.0

PGN-File: C:\Program Files (x86)\Arena\Tournaments\Engine Battle 20250817_2.pgn

No:  B/W 1/2     W:B       1:2           Time        Value Moves Dep 1:2       1-2-Draws
   4 B 1    1.0:0.0        4.0:0.0       10:23:01 PM     0.00    14 0:4.000  4-0-0

--------------------------------------------------------------

Engine-Match Sunday, August 17, 2025 10:23:02 PM
 Blitz 2/1 

Pairing 5/6 :    Cece_v2.3  -  Slowmate_v1.0

PGN-File: C:\Program Files (x86)\Arena\Tournaments\Engine Battle 20250817_2.pgn

No:  B/W 1/2     W:B       1:2           Time        Value Moves Dep 1:2       1-2-Draws
   4 W 2    1.5:0.5        0.5:3.5       10:24:30 PM     0.00    19 0:0 0-3-1

--------------------------------------------------------------

Engine-Match Sunday, August 17, 2025 10:24:32 PM
 Blitz 2/1 

Pairing 6/6 :    ChessAI_v1.0  -  V7P3R_v4.3

PGN-File: C:\Program Files (x86)\Arena\Tournaments\Engine Battle 20250817_2.pgn

No:  B/W 1/2     W:B       1:2           Time        Value Moves Dep 1:2       1-2-Draws
   4 = =    1.0:1.0        3.0:1.0       10:24:50 PM     0.00    13 4.000 :0 2-0-2

--------------------------------------------------------------

Engine-Match Sunday, August 17, 2025 10:24:51 PM
 Blitz 2/1 

Pairing 1/6 :    Cece_v2.3  -  ChessAI_v1.0

PGN-File: C:\Program Files (x86)\Arena\Tournaments\Engine Battle 20250817_2.pgn

No:  B/W 1/2     W:B       1:2           Time        Value Moves Dep 1:2       1-2-Draws
   5 W 1    1.0:0.0        4.0:1.0       10:25:19 PM     0.00     6 0:4.000  4-1-0

--------------------------------------------------------------

Engine-Match Sunday, August 17, 2025 10:25:20 PM
 Blitz 2/1 

Pairing 2/6 :    V7P3R_v4.3  -  Slowmate_v1.0

PGN-File: C:\Program Files (x86)\Arena\Tournaments\Engine Battle 20250817_2.pgn

No:  B/W 1/2     W:B       1:2           Time        Value Moves Dep 1:2       1-2-Draws
   5 = =    2.5:2.5        2.5:2.5       10:26:15 PM     0.00    35 0:0 0-0-5

--------------------------------------------------------------

Engine-Match Sunday, August 17, 2025 10:26:16 PM
 Blitz 2/1 

Pairing 3/6 :    V7P3R_v4.3  -  Cece_v2.3

PGN-File: C:\Program Files (x86)\Arena\Tournaments\Engine Battle 20250817_2.pgn

No:  B/W 1/2     W:B       1:2           Time        Value Moves Dep 1:2       1-2-Draws
   5 = =    1.5:1.5        3.5:1.5       10:29:07 PM     0.00    44 0:0 2-0-3

--------------------------------------------------------------

Engine-Match Sunday, August 17, 2025 10:29:08 PM
 Blitz 2/1 

Pairing 4/6 :    Slowmate_v1.0  -  ChessAI_v1.0

PGN-File: C:\Program Files (x86)\Arena\Tournaments\Engine Battle 20250817_2.pgn

No:  B/W 1/2     W:B       1:2           Time        Value Moves Dep 1:2       1-2-Draws
   5 W 1    1.0:0.0        5.0:0.0       10:29:49 PM     0.00    28 0:4.000  5-0-0

--------------------------------------------------------------

Engine-Match Sunday, August 17, 2025 10:29:50 PM
 Blitz 2/1 

Pairing 5/6 :    Cece_v2.3  -  Slowmate_v1.0

PGN-File: C:\Program Files (x86)\Arena\Tournaments\Engine Battle 20250817_2.pgn

No:  B/W 1/2     W:B       1:2           Time        Value Moves Dep 1:2       1-2-Draws
   5 B 2    1.5:0.5        0.5:4.5       10:30:42 PM     0.00    11 0:0 0-4-1

--------------------------------------------------------------

Engine-Match Sunday, August 17, 2025 10:30:43 PM
 Blitz 2/1 

Pairing 6/6 :    ChessAI_v1.0  -  V7P3R_v4.3

PGN-File: C:\Program Files (x86)\Arena\Tournaments\Engine Battle 20250817_2.pgn

No:  B/W 1/2     W:B       1:2           Time        Value Moves Dep 1:2       1-2-Draws
   5 W 1    2.0:1.0        4.0:1.0       10:31:27 PM  +299.99    40 4.000 :0 3-0-2

--------------------------------------------------------------

Engine-Match Sunday, August 17, 2025 10:31:28 PM
 Blitz 2/1 

Pairing 1/6 :    Cece_v2.3  -  ChessAI_v1.0

PGN-File: C:\Program Files (x86)\Arena\Tournaments\Engine Battle 20250817_2.pgn

No:  B/W 1/2     W:B       1:2           Time        Value Moves Dep 1:2       1-2-Draws
   6 W 2    1.0:0.0        4.0:2.0       10:32:23 PM  +299.99    14 0:4.000  4-2-0

--------------------------------------------------------------

Engine-Match Sunday, August 17, 2025 10:32:24 PM
 Blitz 2/1 

Pairing 2/6 :    V7P3R_v4.3  -  Slowmate_v1.0

PGN-File: C:\Program Files (x86)\Arena\Tournaments\Engine Battle 20250817_2.pgn

No:  B/W 1/2     W:B       1:2           Time        Value Moves Dep 1:2       1-2-Draws
   6 = =    3.0:3.0        3.0:3.0       10:33:53 PM     0.00    62 0:0 0-0-6

--------------------------------------------------------------

Engine-Match Sunday, August 17, 2025 10:33:54 PM
 Blitz 2/1 

Pairing 3/6 :    V7P3R_v4.3  -  Cece_v2.3

PGN-File: C:\Program Files (x86)\Arena\Tournaments\Engine Battle 20250817_2.pgn

No:  B/W 1/2     W:B       1:2           Time        Value Moves Dep 1:2       1-2-Draws
   6 B 1    2.5:1.5        4.5:1.5       10:34:46 PM     0.00    11 0:0 3-0-3

--------------------------------------------------------------

Engine-Match Sunday, August 17, 2025 10:34:47 PM
 Blitz 2/1 

Pairing 4/6 :    Slowmate_v1.0  -  ChessAI_v1.0

PGN-File: C:\Program Files (x86)\Arena\Tournaments\Engine Battle 20250817_2.pgn

No:  B/W 1/2     W:B       1:2           Time        Value Moves Dep 1:2       1-2-Draws
   6 B 1    1.0:0.0        6.0:0.0       10:35:01 PM     0.00    14 0:4.000  6-0-0

--------------------------------------------------------------

Engine-Match Sunday, August 17, 2025 10:35:02 PM
 Blitz 2/1 

Pairing 5/6 :    Cece_v2.3  -  Slowmate_v1.0

PGN-File: C:\Program Files (x86)\Arena\Tournaments\Engine Battle 20250817_2.pgn

No:  B/W 1/2     W:B       1:2           Time        Value Moves Dep 1:2       1-2-Draws
   6 W 2    1.5:0.5        0.5:5.5       10:37:52 PM     0.00    50 0:0 0-5-1

--------------------------------------------------------------

Engine-Match Sunday, August 17, 2025 10:37:54 PM
 Blitz 2/1 

Pairing 6/6 :    ChessAI_v1.0  -  V7P3R_v4.3

PGN-File: C:\Program Files (x86)\Arena\Tournaments\Engine Battle 20250817_2.pgn

No:  B/W 1/2     W:B       1:2           Time        Value Moves Dep 1:2       1-2-Draws
   6 = =    1.5:1.5        4.5:1.5       10:38:11 PM     0.00    13 4.000 :0 3-0-3

--------------------------------------------------------------

Engine-Match Sunday, August 17, 2025 10:38:13 PM
 Blitz 2/1 

Pairing 1/6 :    Cece_v2.3  -  ChessAI_v1.0

PGN-File: C:\Program Files (x86)\Arena\Tournaments\Engine Battle 20250817_2.pgn

No:  B/W 1/2     W:B       1:2           Time        Value Moves Dep 1:2       1-2-Draws
   7 B 2    1.0:0.0        4.0:3.0       10:39:24 PM  -299.99    18 0:4.000  4-3-0

--------------------------------------------------------------

Engine-Match Sunday, August 17, 2025 10:39:25 PM
 Blitz 2/1 

Pairing 2/6 :    V7P3R_v4.3  -  Slowmate_v1.0

PGN-File: C:\Program Files (x86)\Arena\Tournaments\Engine Battle 20250817_2.pgn

No:  B/W 1/2     W:B       1:2           Time        Value Moves Dep 1:2       1-2-Draws
   7 = =    3.5:3.5        3.5:3.5       10:40:19 PM     0.00    35 0:0 0-0-7

--------------------------------------------------------------

Engine-Match Sunday, August 17, 2025 10:40:20 PM
 Blitz 2/1 

Pairing 3/6 :    V7P3R_v4.3  -  Cece_v2.3

PGN-File: C:\Program Files (x86)\Arena\Tournaments\Engine Battle 20250817_2.pgn

No:  B/W 1/2     W:B       1:2           Time        Value Moves Dep 1:2       1-2-Draws
   7 = =    2.0:2.0        5.0:2.0       10:42:55 PM     0.00    40 0:0 3-0-4

--------------------------------------------------------------

Engine-Match Sunday, August 17, 2025 10:42:56 PM
 Blitz 2/1 

Pairing 4/6 :    Slowmate_v1.0  -  ChessAI_v1.0

PGN-File: C:\Program Files (x86)\Arena\Tournaments\Engine Battle 20250817_2.pgn

No:  B/W 1/2     W:B       1:2           Time        Value Moves Dep 1:2       1-2-Draws
   7 W 1    1.0:0.0        7.0:0.0       10:43:36 PM     0.00    28 0:4.000  7-0-0

--------------------------------------------------------------

Engine-Match Sunday, August 17, 2025 10:43:43 PM
 Blitz 2/1 

Pairing 5/6 :    Cece_v2.3  -  Slowmate_v1.0

PGN-File: C:\Program Files (x86)\Arena\Tournaments\Engine Battle 20250817_2.pgn

No:  B/W 1/2     W:B       1:2           Time        Value Moves Dep 1:2       1-2-Draws
   7 B 2    1.5:0.5        0.5:6.5       10:44:33 PM     0.00    11 0:0 0-6-1

--------------------------------------------------------------

Engine-Match Sunday, August 17, 2025 10:44:34 PM
 Blitz 2/1 

Pairing 6/6 :    ChessAI_v1.0  -  V7P3R_v4.3

PGN-File: C:\Program Files (x86)\Arena\Tournaments\Engine Battle 20250817_2.pgn

No:  B/W 1/2     W:B       1:2           Time        Value Moves Dep 1:2       1-2-Draws
   7 W 1    2.5:1.5        5.5:1.5       10:45:18 PM  +299.99    40 4.000 :0 4-0-3

--------------------------------------------------------------

Engine-Match Sunday, August 17, 2025 10:45:19 PM
 Blitz 2/1 

Pairing 1/6 :    Cece_v2.3  -  ChessAI_v1.0

PGN-File: C:\Program Files (x86)\Arena\Tournaments\Engine Battle 20250817_2.pgn

No:  B/W 1/2     W:B       1:2           Time        Value Moves Dep 1:2       1-2-Draws
   8 B 1    1.0:0.0        5.0:3.0       10:45:55 PM     0.00     8 0:4.000  5-3-0

--------------------------------------------------------------

Engine-Match Sunday, August 17, 2025 10:45:56 PM
 Blitz 2/1 

Pairing 2/6 :    V7P3R_v4.3  -  Slowmate_v1.0

PGN-File: C:\Program Files (x86)\Arena\Tournaments\Engine Battle 20250817_2.pgn

No:  B/W 1/2     W:B       1:2           Time        Value Moves Dep 1:2       1-2-Draws
   8 = =    4.0:4.0        4.0:4.0       10:47:21 PM     0.00    62 0:0 0-0-8

--------------------------------------------------------------

Engine-Match Sunday, August 17, 2025 10:47:23 PM
 Blitz 2/1 

Pairing 3/6 :    V7P3R_v4.3  -  Cece_v2.3

PGN-File: C:\Program Files (x86)\Arena\Tournaments\Engine Battle 20250817_2.pgn

No:  B/W 1/2     W:B       1:2           Time        Value Moves Dep 1:2       1-2-Draws
   8 B 1    3.0:2.0        6.0:2.0       10:48:55 PM     0.00    21 0:0 4-0-4

--------------------------------------------------------------

Engine-Match Sunday, August 17, 2025 10:48:56 PM
 Blitz 2/1 

Pairing 4/6 :    Slowmate_v1.0  -  ChessAI_v1.0

PGN-File: C:\Program Files (x86)\Arena\Tournaments\Engine Battle 20250817_2.pgn

No:  B/W 1/2     W:B       1:2           Time        Value Moves Dep 1:2       1-2-Draws
   8 B 1    1.0:0.0        8.0:0.0       10:49:10 PM     0.00    14 0:4.000  8-0-0

--------------------------------------------------------------

Engine-Match Sunday, August 17, 2025 10:49:11 PM
 Blitz 2/1 

Pairing 5/6 :    Cece_v2.3  -  Slowmate_v1.0

PGN-File: C:\Program Files (x86)\Arena\Tournaments\Engine Battle 20250817_2.pgn

No:  B/W 1/2     W:B       1:2           Time        Value Moves Dep 1:2       1-2-Draws
   8 W 2    1.5:0.5        0.5:7.5       10:50:42 PM     0.00    22 0:0 0-7-1

--------------------------------------------------------------

Engine-Match Sunday, August 17, 2025 10:50:43 PM
 Blitz 2/1 

Pairing 6/6 :    ChessAI_v1.0  -  V7P3R_v4.3

PGN-File: C:\Program Files (x86)\Arena\Tournaments\Engine Battle 20250817_2.pgn

No:  B/W 1/2     W:B       1:2           Time        Value Moves Dep 1:2       1-2-Draws
   8 = =    2.0:2.0        6.0:2.0       10:51:01 PM     0.00    13 4.000 :0 4-0-4

--------------------------------------------------------------

Engine-Match Sunday, August 17, 2025 10:51:02 PM
 Blitz 2/1 

Pairing 1/6 :    Cece_v2.3  -  ChessAI_v1.0

PGN-File: C:\Program Files (x86)\Arena\Tournaments\Engine Battle 20250817_2.pgn

No:  B/W 1/2     W:B       1:2           Time        Value Moves Dep 1:2       1-2-Draws
   9 W 1    1.0:0.0        6.0:3.0       10:51:30 PM     0.00     6 0:4.000  6-3-0

--------------------------------------------------------------

Engine-Match Sunday, August 17, 2025 10:51:31 PM
 Blitz 2/1 

Pairing 2/6 :    V7P3R_v4.3  -  Slowmate_v1.0

PGN-File: C:\Program Files (x86)\Arena\Tournaments\Engine Battle 20250817_2.pgn

No:  B/W 1/2     W:B       1:2           Time        Value Moves Dep 1:2       1-2-Draws
   9 = =    4.5:4.5        4.5:4.5       10:52:24 PM     0.00    35 0:0 0-0-9

--------------------------------------------------------------

Engine-Match Sunday, August 17, 2025 10:52:26 PM
 Blitz 2/1 

Pairing 3/6 :    V7P3R_v4.3  -  Cece_v2.3

PGN-File: C:\Program Files (x86)\Arena\Tournaments\Engine Battle 20250817_2.pgn

No:  B/W 1/2     W:B       1:2           Time        Value Moves Dep 1:2       1-2-Draws
   9 = =    2.5:2.5        6.5:2.5       10:53:57 PM     0.00    23 0:0 4-0-5

--------------------------------------------------------------

Engine-Match Sunday, August 17, 2025 10:53:58 PM
 Blitz 2/1 

Pairing 4/6 :    Slowmate_v1.0  -  ChessAI_v1.0

PGN-File: C:\Program Files (x86)\Arena\Tournaments\Engine Battle 20250817_2.pgn

No:  B/W 1/2     W:B       1:2           Time        Value Moves Dep 1:2       1-2-Draws
   9 W 1    1.0:0.0        9.0:0.0       10:54:38 PM     0.00    28 0:4.000  9-0-0

--------------------------------------------------------------

Engine-Match Sunday, August 17, 2025 10:54:40 PM
 Blitz 2/1 

Pairing 5/6 :    Cece_v2.3  -  Slowmate_v1.0

PGN-File: C:\Program Files (x86)\Arena\Tournaments\Engine Battle 20250817_2.pgn

No:  B/W 1/2     W:B       1:2           Time        Value Moves Dep 1:2       1-2-Draws
   9 B 2    1.5:0.5        0.5:8.5       10:56:05 PM     0.00    21 0:0 0-8-1

--------------------------------------------------------------

Engine-Match Sunday, August 17, 2025 10:56:07 PM
 Blitz 2/1 

Pairing 6/6 :    ChessAI_v1.0  -  V7P3R_v4.3

PGN-File: C:\Program Files (x86)\Arena\Tournaments\Engine Battle 20250817_2.pgn

No:  B/W 1/2     W:B       1:2           Time        Value Moves Dep 1:2       1-2-Draws
   9 W 1    3.0:2.0        7.0:2.0       10:56:50 PM  +299.99    40 4.000 :0 5-0-4

--------------------------------------------------------------

Engine-Match Sunday, August 17, 2025 10:56:51 PM
 Blitz 2/1 

Pairing 1/6 :    Cece_v2.3  -  ChessAI_v1.0

PGN-File: C:\Program Files (x86)\Arena\Tournaments\Engine Battle 20250817_2.pgn

No:  B/W 1/2     W:B       1:2           Time        Value Moves Dep 1:2       1-2-Draws
  10 B 1    1.0:0.0        7.0:3.0       10:57:27 PM     0.00     8 0:4.000  7-3-0

--------------------------------------------------------------

Engine-Match Sunday, August 17, 2025 10:57:29 PM
 Blitz 2/1 

Pairing 2/6 :    V7P3R_v4.3  -  Slowmate_v1.0

PGN-File: C:\Program Files (x86)\Arena\Tournaments\Engine Battle 20250817_2.pgn

No:  B/W 1/2     W:B       1:2           Time        Value Moves Dep 1:2       1-2-Draws
  10 = =    5.0:5.0        5.0:5.0       10:58:54 PM     0.00    62 0:0 0-0-10

--------------------------------------------------------------

Engine-Match Sunday, August 17, 2025 10:58:55 PM
 Blitz 2/1 

Pairing 3/6 :    V7P3R_v4.3  -  Cece_v2.3

PGN-File: C:\Program Files (x86)\Arena\Tournaments\Engine Battle 20250817_2.pgn

No:  B/W 1/2     W:B       1:2           Time        Value Moves Dep 1:2       1-2-Draws
  10 B 1    3.5:2.5        7.5:2.5       11:00:26 PM     0.00    21 0:0 5-0-5

--------------------------------------------------------------

Engine-Match Sunday, August 17, 2025 11:00:27 PM
 Blitz 2/1 

Pairing 4/6 :    Slowmate_v1.0  -  ChessAI_v1.0

PGN-File: C:\Program Files (x86)\Arena\Tournaments\Engine Battle 20250817_2.pgn

No:  B/W 1/2     W:B       1:2           Time        Value Moves Dep 1:2       1-2-Draws
  10 B 1    1.0:0.0        10.0:0.0      11:00:41 PM     0.00    14 0:4.000  10-0-0

--------------------------------------------------------------

Engine-Match Sunday, August 17, 2025 11:00:42 PM
 Blitz 2/1 

Pairing 5/6 :    Cece_v2.3  -  Slowmate_v1.0

PGN-File: C:\Program Files (x86)\Arena\Tournaments\Engine Battle 20250817_2.pgn

No:  B/W 1/2     W:B       1:2           Time        Value Moves Dep 1:2       1-2-Draws
  10 = =    1.0:1.0        1.0:9.0       11:02:24 PM     0.00    24 0:0 0-8-2

--------------------------------------------------------------

Engine-Match Sunday, August 17, 2025 11:02:25 PM
 Blitz 2/1 

Pairing 6/6 :    ChessAI_v1.0  -  V7P3R_v4.3

PGN-File: C:\Program Files (x86)\Arena\Tournaments\Engine Battle 20250817_2.pgn

No:  B/W 1/2     W:B       1:2           Time        Value Moves Dep 1:2       1-2-Draws
  10 = =    2.5:2.5        7.5:2.5       11:02:43 PM     0.00    13 4.000 :0 5-0-5
