Engine-Match Sunday, August 17, 2025 11:47:06 PM
 Blitz 2/1 

Pairing 1/21 :    C0BR4_v1.0  -  V7P3R_v4.1

PGN-File: C:\Program Files (x86)\Arena\Tournaments\Engine Battle 20250817_3.pgn

No:  B/W 1/2     W:B       1:2           Time        Value Moves Dep 1:2       1-2-Draws
   1 B 2    1.0:0.0        0.0:1.0       11:48:44 PM     0.00    12 4.000 :0 0-1-0

--------------------------------------------------------------

Engine-Match Sunday, August 17, 2025 11:48:45 PM
 Blitz 2/1 

Pairing 2/21 :    Slowmate_v1.0  -  C0BR4_v2.0

PGN-File: C:\Program Files (x86)\Arena\Tournaments\Engine Battle 20250817_3.pgn

No:  B/W 1/2     W:B       1:2           Time        Value Moves Dep 1:2       1-2-Draws
   1 W 1    1.0:0.0        1.0:0.0       11:48:59 PM     0.00     9 0:4.000  1-0-0

--------------------------------------------------------------

Engine-Match Sunday, August 17, 2025 11:49:00 PM
 Blitz 2/1 

Pairing 3/21 :    Cece_v2.0  -  Cece_v2.3

PGN-File: C:\Program Files (x86)\Arena\Tournaments\Engine Battle 20250817_3.pgn

No:  B/W 1/2     W:B       1:2           Time        Value Moves Dep 1:2       1-2-Draws
   1 B 2    1.0:0.0        0.0:1.0       11:52:05 PM     0.00    28 0:0 0-1-0

--------------------------------------------------------------

Engine-Match Sunday, August 17, 2025 11:52:06 PM
 Blitz 2/1 

Pairing 4/21 :    V7P3R_v4.3  -  Slowmate_v1.0

PGN-File: C:\Program Files (x86)\Arena\Tournaments\Engine Battle 20250817_3.pgn

No:  B/W 1/2     W:B       1:2           Time        Value Moves Dep 1:2       1-2-Draws
   1 = =    0.5:0.5        0.5:0.5       11:53:03 PM     0.00    35 0:0 0-0-1

--------------------------------------------------------------

Engine-Match Sunday, August 17, 2025 11:53:04 PM
 Blitz 2/1 

Pairing 5/21 :    Cece_v2.3  -  C0BR4_v1.0

PGN-File: C:\Program Files (x86)\Arena\Tournaments\Engine Battle 20250817_3.pgn

No:  B/W 1/2     W:B       1:2           Time        Value Moves Dep 1:2       1-2-Draws
   1 W 1    1.0:0.0        1.0:0.0       11:53:32 PM     0.00     6 0:4.000  1-0-0

--------------------------------------------------------------

Engine-Match Sunday, August 17, 2025 11:53:33 PM
 Blitz 2/1 

Pairing 6/21 :    C0BR4_v2.0  -  Cece_v2.0

PGN-File: C:\Program Files (x86)\Arena\Tournaments\Engine Battle 20250817_3.pgn

No:  B/W 1/2     W:B       1:2           Time        Value Moves Dep 1:2       1-2-Draws
   1 W 1    1.0:0.0        1.0:0.0       11:55:07 PM  +299.99    22 4.000 :0 1-0-0

--------------------------------------------------------------

Engine-Match Sunday, August 17, 2025 11:55:08 PM
 Blitz 2/1 

Pairing 7/21 :    V7P3R_v4.1  -  Cece_v2.3

PGN-File: C:\Program Files (x86)\Arena\Tournaments\Engine Battle 20250817_3.pgn

No:  B/W 1/2     W:B       1:2           Time        Value Moves Dep 1:2       1-2-Draws
   1 B 2    1.0:0.0        0.0:1.0       11:58:53 PM     0.00    22 0:0 0-1-0

--------------------------------------------------------------

Engine-Match Sunday, August 17, 2025 11:58:54 PM
 Blitz 2/1 

Pairing 8/21 :    Cece_v2.0  -  V7P3R_v4.3

PGN-File: C:\Program Files (x86)\Arena\Tournaments\Engine Battle 20250817_3.pgn

No:  B/W 1/2     W:B       1:2           Time        Value Moves Dep 1:2       1-2-Draws
   1 = =    0.5:0.5        0.5:0.5       12:01:14 AM     0.00    32 0:0 0-0-1

--------------------------------------------------------------

Engine-Match Monday, August 18, 2025 12:01:15 AM
 Blitz 2/1 

Pairing 9/21 :    C0BR4_v1.0  -  C0BR4_v2.0

PGN-File: C:\Program Files (x86)\Arena\Tournaments\Engine Battle 20250817_3.pgn

No:  B/W 1/2     W:B       1:2           Time        Value Moves Dep 1:2       1-2-Draws
   1 B 2    1.0:0.0        0.0:1.0       12:02:14 AM  -299.99    39 4.000 :4.000  0-1-0

--------------------------------------------------------------

Engine-Match Monday, August 18, 2025 12:02:16 AM
 Blitz 2/1 

Pairing 10/21 :    Slowmate_v1.0  -  Cece_v2.0

PGN-File: C:\Program Files (x86)\Arena\Tournaments\Engine Battle 20250817_3.pgn

No:  B/W 1/2     W:B       1:2           Time        Value Moves Dep 1:2       1-2-Draws
   1 = =    0.5:0.5        0.5:0.5       12:04:50 AM     0.00    45 0:0 0-0-1

--------------------------------------------------------------

Engine-Match Monday, August 18, 2025 12:04:52 AM
 Blitz 2/1 

Pairing 11/21 :    C0BR4_v2.0  -  V7P3R_v4.1

PGN-File: C:\Program Files (x86)\Arena\Tournaments\Engine Battle 20250817_3.pgn

No:  B/W 1/2     W:B       1:2           Time        Value Moves Dep 1:2       1-2-Draws
   1 B 2    1.0:0.0        0.0:1.0       12:07:08 AM     0.00    24 4.000 :0 0-1-0

--------------------------------------------------------------

Engine-Match Monday, August 18, 2025 12:07:10 AM
 Blitz 2/1 

Pairing 12/21 :    V7P3R_v4.3  -  C0BR4_v1.0

PGN-File: C:\Program Files (x86)\Arena\Tournaments\Engine Battle 20250817_3.pgn

No:  B/W 1/2     W:B       1:2           Time        Value Moves Dep 1:2       1-2-Draws
   1 = =    0.5:0.5        0.5:0.5       12:07:27 AM     0.00    13 0:4.000  0-0-1

--------------------------------------------------------------

Engine-Match Monday, August 18, 2025 12:07:29 AM
 Blitz 2/1 

Pairing 13/21 :    Cece_v2.3  -  C0BR4_v2.0

PGN-File: C:\Program Files (x86)\Arena\Tournaments\Engine Battle 20250817_3.pgn

No:  B/W 1/2     W:B       1:2           Time        Value Moves Dep 1:2       1-2-Draws
   1 W 1    1.0:0.0        1.0:0.0       12:09:15 AM     0.00    27 0:4.000  1-0-0

--------------------------------------------------------------

Engine-Match Monday, August 18, 2025 12:09:16 AM
 Blitz 2/1 

Pairing 14/21 :    C0BR4_v1.0  -  Slowmate_v1.0

PGN-File: C:\Program Files (x86)\Arena\Tournaments\Engine Battle 20250817_3.pgn

No:  B/W 1/2     W:B       1:2           Time        Value Moves Dep 1:2       1-2-Draws
   1 B 2    1.0:0.0        0.0:1.0       12:09:31 AM     0.00    14 4.000 :0 0-1-0

--------------------------------------------------------------

Engine-Match Monday, August 18, 2025 12:09:33 AM
 Blitz 2/1 

Pairing 15/21 :    V7P3R_v4.1  -  V7P3R_v4.3

PGN-File: C:\Program Files (x86)\Arena\Tournaments\Engine Battle 20250817_3.pgn

No:  B/W 1/2     W:B       1:2           Time        Value Moves Dep 1:2       1-2-Draws
   1 W 1    1.0:0.0        1.0:0.0       12:12:11 AM     0.00    27 0:0 1-0-0

--------------------------------------------------------------

Engine-Match Monday, August 18, 2025 12:12:12 AM
 Blitz 2/1 

Pairing 16/21 :    Cece_v2.0  -  C0BR4_v1.0

PGN-File: C:\Program Files (x86)\Arena\Tournaments\Engine Battle 20250817_3.pgn

No:  B/W 1/2     W:B       1:2           Time        Value Moves Dep 1:2       1-2-Draws
   1 W 1    1.0:0.0        1.0:0.0       12:13:08 AM     0.00    13 0:4.000  1-0-0

--------------------------------------------------------------

Engine-Match Monday, August 18, 2025 12:13:09 AM
 Blitz 2/1 

Pairing 17/21 :    V7P3R_v4.3  -  Cece_v2.3

PGN-File: C:\Program Files (x86)\Arena\Tournaments\Engine Battle 20250817_3.pgn

No:  B/W 1/2     W:B       1:2           Time        Value Moves Dep 1:2       1-2-Draws
   1 W 1    1.0:0.0        1.0:0.0       12:14:07 AM     0.00    13 0:0 1-0-0

--------------------------------------------------------------

Engine-Match Monday, August 18, 2025 12:14:08 AM
 Blitz 2/1 

Pairing 18/21 :    Slowmate_v1.0  -  V7P3R_v4.1

PGN-File: C:\Program Files (x86)\Arena\Tournaments\Engine Battle 20250817_3.pgn

No:  B/W 1/2     W:B       1:2           Time        Value Moves Dep 1:2       1-2-Draws
   1 W 1    1.0:0.0        1.0:0.0       12:17:01 AM     0.00    24 0:0 1-0-0

--------------------------------------------------------------

Engine-Match Monday, August 18, 2025 12:17:02 AM
 Blitz 2/1 

Pairing 19/21 :    C0BR4_v2.0  -  V7P3R_v4.3

PGN-File: C:\Program Files (x86)\Arena\Tournaments\Engine Battle 20250817_3.pgn

No:  B/W 1/2     W:B       1:2           Time        Value Moves Dep 1:2       1-2-Draws
   1 B 2    1.0:0.0        0.0:1.0       12:17:19 AM     0.00     9 4.000 :0 0-1-0

--------------------------------------------------------------

Engine-Match Monday, August 18, 2025 12:17:20 AM
 Blitz 2/1 

Pairing 20/21 :    V7P3R_v4.1  -  Cece_v2.0

PGN-File: C:\Program Files (x86)\Arena\Tournaments\Engine Battle 20250817_3.pgn

No:  B/W 1/2     W:B       1:2           Time        Value Moves Dep 1:2       1-2-Draws
   1 W 1    1.0:0.0        1.0:0.0       12:20:25 AM     0.00    26 0:0 1-0-0

--------------------------------------------------------------

Engine-Match Monday, August 18, 2025 12:20:31 AM
 Blitz 2/1 

Pairing 21/21 :    Cece_v2.3  -  Slowmate_v1.0

PGN-File: C:\Program Files (x86)\Arena\Tournaments\Engine Battle 20250817_3.pgn

No:  B/W 1/2     W:B       1:2           Time        Value Moves Dep 1:2       1-2-Draws
   1 B 2    1.0:0.0        0.0:1.0       12:22:17 AM     0.00    28 0:0 0-1-0

--------------------------------------------------------------

Engine-Match Monday, August 18, 2025 12:22:19 AM
 Blitz 2/1 

Pairing 1/21 :    C0BR4_v1.0  -  V7P3R_v4.1

PGN-File: C:\Program Files (x86)\Arena\Tournaments\Engine Battle 20250817_3.pgn

No:  B/W 1/2     W:B       1:2           Time        Value Moves Dep 1:2       1-2-Draws
   2 W 2    1.0:0.0        0.0:2.0       12:23:52 AM     0.00    12 4.000 :0 0-2-0

--------------------------------------------------------------

Engine-Match Monday, August 18, 2025 12:23:54 AM
 Blitz 2/1 

Pairing 2/21 :    Slowmate_v1.0  -  C0BR4_v2.0

PGN-File: C:\Program Files (x86)\Arena\Tournaments\Engine Battle 20250817_3.pgn

No:  B/W 1/2     W:B       1:2           Time        Value Moves Dep 1:2       1-2-Draws
   2 B 1    1.0:0.0        2.0:0.0       12:24:25 AM     0.00    24 0:4.000  2-0-0

--------------------------------------------------------------

Engine-Match Monday, August 18, 2025 12:24:26 AM
 Blitz 2/1 

Pairing 3/21 :    Cece_v2.0  -  Cece_v2.3

PGN-File: C:\Program Files (x86)\Arena\Tournaments\Engine Battle 20250817_3.pgn

No:  B/W 1/2     W:B       1:2           Time        Value Moves Dep 1:2       1-2-Draws
   2 B 1    1.0:0.0        1.0:1.0       12:28:44 AM     0.00    46 0:0 1-1-0

--------------------------------------------------------------

Engine-Match Monday, August 18, 2025 12:28:45 AM
 Blitz 2/1 

Pairing 4/21 :    V7P3R_v4.3  -  Slowmate_v1.0

PGN-File: C:\Program Files (x86)\Arena\Tournaments\Engine Battle 20250817_3.pgn

No:  B/W 1/2     W:B       1:2           Time        Value Moves Dep 1:2       1-2-Draws
   2 = =    1.0:1.0        1.0:1.0       12:30:10 AM     0.00    62 0:0 0-0-2

--------------------------------------------------------------

Engine-Match Monday, August 18, 2025 12:30:11 AM
 Blitz 2/1 

Pairing 5/21 :    Cece_v2.3  -  C0BR4_v1.0

PGN-File: C:\Program Files (x86)\Arena\Tournaments\Engine Battle 20250817_3.pgn

No:  B/W 1/2     W:B       1:2           Time        Value Moves Dep 1:2       1-2-Draws
   2 B 1    1.0:0.0        2.0:0.0       12:31:32 AM     0.00    21 0:4.000  2-0-0

--------------------------------------------------------------

Engine-Match Monday, August 18, 2025 12:31:33 AM
 Blitz 2/1 

Pairing 6/21 :    C0BR4_v2.0  -  Cece_v2.0

PGN-File: C:\Program Files (x86)\Arena\Tournaments\Engine Battle 20250817_3.pgn

No:  B/W 1/2     W:B       1:2           Time        Value Moves Dep 1:2       1-2-Draws
   2 W 2    1.0:0.0        1.0:1.0       12:32:05 AM     0.00     7 4.000 :0 1-1-0

--------------------------------------------------------------

Engine-Match Monday, August 18, 2025 12:32:06 AM
 Blitz 2/1 

Pairing 7/21 :    V7P3R_v4.1  -  Cece_v2.3

PGN-File: C:\Program Files (x86)\Arena\Tournaments\Engine Battle 20250817_3.pgn

No:  B/W 1/2     W:B       1:2           Time        Value Moves Dep 1:2       1-2-Draws
   2 B 1    1.0:0.0        1.0:1.0       12:35:15 AM     0.00    22 0:0 1-1-0

--------------------------------------------------------------

Engine-Match Monday, August 18, 2025 12:35:16 AM
 Blitz 2/1 

Pairing 8/21 :    Cece_v2.0  -  V7P3R_v4.3

PGN-File: C:\Program Files (x86)\Arena\Tournaments\Engine Battle 20250817_3.pgn

No:  B/W 1/2     W:B       1:2           Time        Value Moves Dep 1:2       1-2-Draws
   2 = =    1.0:1.0        1.0:1.0       12:37:41 AM     0.00    36 0:0 0-0-2

--------------------------------------------------------------

Engine-Match Monday, August 18, 2025 12:37:42 AM
 Blitz 2/1 

Pairing 9/21 :    C0BR4_v1.0  -  C0BR4_v2.0

PGN-File: C:\Program Files (x86)\Arena\Tournaments\Engine Battle 20250817_3.pgn

No:  B/W 1/2     W:B       1:2           Time        Value Moves Dep 1:2       1-2-Draws
   2 = =    0.5:0.5        0.5:1.5       12:38:24 AM    +1.92    59 4.000 :4.000  0-1-1

--------------------------------------------------------------

Engine-Match Monday, August 18, 2025 12:38:25 AM
 Blitz 2/1 

Pairing 10/21 :    Slowmate_v1.0  -  Cece_v2.0

PGN-File: C:\Program Files (x86)\Arena\Tournaments\Engine Battle 20250817_3.pgn

No:  B/W 1/2     W:B       1:2           Time        Value Moves Dep 1:2       1-2-Draws
   2 = =    1.0:1.0        1.0:1.0       12:40:29 AM     0.00    34 0:0 0-0-2

--------------------------------------------------------------

Engine-Match Monday, August 18, 2025 12:40:30 AM
 Blitz 2/1 

Pairing 11/21 :    C0BR4_v2.0  -  V7P3R_v4.1

PGN-File: C:\Program Files (x86)\Arena\Tournaments\Engine Battle 20250817_3.pgn

No:  B/W 1/2     W:B       1:2           Time        Value Moves Dep 1:2       1-2-Draws
   2 W 2    1.0:0.0        0.0:2.0       12:41:35 AM     0.00     7 4.000 :0 0-2-0

--------------------------------------------------------------

Engine-Match Monday, August 18, 2025 12:41:36 AM
 Blitz 2/1 

Pairing 12/21 :    V7P3R_v4.3  -  C0BR4_v1.0

PGN-File: C:\Program Files (x86)\Arena\Tournaments\Engine Battle 20250817_3.pgn

No:  B/W 1/2     W:B       1:2           Time        Value Moves Dep 1:2       1-2-Draws
   2 W 2    1.5:0.5        0.5:1.5       12:42:19 AM  +299.99    40 0:4.000  0-1-1

--------------------------------------------------------------

Engine-Match Monday, August 18, 2025 12:42:20 AM
 Blitz 2/1 

Pairing 13/21 :    Cece_v2.3  -  C0BR4_v2.0

PGN-File: C:\Program Files (x86)\Arena\Tournaments\Engine Battle 20250817_3.pgn

No:  B/W 1/2     W:B       1:2           Time        Value Moves Dep 1:2       1-2-Draws
   2 B 1    1.0:0.0        2.0:0.0       12:42:53 AM     0.00     7 0:4.000  2-0-0

--------------------------------------------------------------

Engine-Match Monday, August 18, 2025 12:42:54 AM
 Blitz 2/1 

Pairing 14/21 :    C0BR4_v1.0  -  Slowmate_v1.0

PGN-File: C:\Program Files (x86)\Arena\Tournaments\Engine Battle 20250817_3.pgn

No:  B/W 1/2     W:B       1:2           Time        Value Moves Dep 1:2       1-2-Draws
   2 W 2    1.0:0.0        0.0:2.0       12:43:34 AM     0.00    28 4.000 :0 0-2-0

--------------------------------------------------------------

Engine-Match Monday, August 18, 2025 12:43:35 AM
 Blitz 2/1 

Pairing 15/21 :    V7P3R_v4.1  -  V7P3R_v4.3

PGN-File: C:\Program Files (x86)\Arena\Tournaments\Engine Battle 20250817_3.pgn

No:  B/W 1/2     W:B       1:2           Time        Value Moves Dep 1:2       1-2-Draws
   2 W 2    1.0:0.0        1.0:1.0       12:46:11 AM     0.00    15 0:0 1-1-0

--------------------------------------------------------------

Engine-Match Monday, August 18, 2025 12:46:13 AM
 Blitz 2/1 

Pairing 16/21 :    Cece_v2.0  -  C0BR4_v1.0

PGN-File: C:\Program Files (x86)\Arena\Tournaments\Engine Battle 20250817_3.pgn

No:  B/W 1/2     W:B       1:2           Time        Value Moves Dep 1:2       1-2-Draws
   2 B 1    1.0:0.0        2.0:0.0       12:47:03 AM     0.00    11 0:4.000  2-0-0

--------------------------------------------------------------

Engine-Match Monday, August 18, 2025 12:47:04 AM
 Blitz 2/1 

Pairing 17/21 :    V7P3R_v4.3  -  Cece_v2.3

PGN-File: C:\Program Files (x86)\Arena\Tournaments\Engine Battle 20250817_3.pgn

No:  B/W 1/2     W:B       1:2           Time        Value Moves Dep 1:2       1-2-Draws
   2 B 1    1.0:0.0        2.0:0.0       12:48:35 AM     0.00    20 0:0 2-0-0

--------------------------------------------------------------

Engine-Match Monday, August 18, 2025 12:48:36 AM
 Blitz 2/1 

Pairing 18/21 :    Slowmate_v1.0  -  V7P3R_v4.1

PGN-File: C:\Program Files (x86)\Arena\Tournaments\Engine Battle 20250817_3.pgn

No:  B/W 1/2     W:B       1:2           Time        Value Moves Dep 1:2       1-2-Draws
   2 B 1    1.0:0.0        2.0:0.0       12:51:23 AM     0.00    23 0:0 2-0-0

--------------------------------------------------------------

Engine-Match Monday, August 18, 2025 12:51:25 AM
 Blitz 2/1 

Pairing 19/21 :    C0BR4_v2.0  -  V7P3R_v4.3

PGN-File: C:\Program Files (x86)\Arena\Tournaments\Engine Battle 20250817_3.pgn

No:  B/W 1/2     W:B       1:2           Time        Value Moves Dep 1:2       1-2-Draws
   2 B 1    1.0:0.0        1.0:1.0       12:52:13 AM  -299.99    40 4.000 :0 1-1-0

--------------------------------------------------------------

Engine-Match Monday, August 18, 2025 12:52:19 AM
 Blitz 2/1 

Pairing 20/21 :    V7P3R_v4.1  -  Cece_v2.0

PGN-File: C:\Program Files (x86)\Arena\Tournaments\Engine Battle 20250817_3.pgn

No:  B/W 1/2     W:B       1:2           Time        Value Moves Dep 1:2       1-2-Draws
   2 W 2    1.0:0.0        1.0:1.0       12:55:37 AM     0.00    15 0:0 1-1-0

--------------------------------------------------------------

Engine-Match Monday, August 18, 2025 12:55:39 AM
 Blitz 2/1 

Pairing 21/21 :    Cece_v2.3  -  Slowmate_v1.0

PGN-File: C:\Program Files (x86)\Arena\Tournaments\Engine Battle 20250817_3.pgn

No:  B/W 1/2     W:B       1:2           Time        Value Moves Dep 1:2       1-2-Draws
   2 = =    0.5:0.5        0.5:1.5       12:57:14 AM     0.00    22 0:0 0-1-1

--------------------------------------------------------------

Engine-Match Monday, August 18, 2025 12:57:16 AM
 Blitz 2/1 

Pairing 1/21 :    C0BR4_v1.0  -  V7P3R_v4.1

PGN-File: C:\Program Files (x86)\Arena\Tournaments\Engine Battle 20250817_3.pgn

No:  B/W 1/2     W:B       1:2           Time        Value Moves Dep 1:2       1-2-Draws
   3 B 2    1.0:0.0        0.0:3.0       12:58:49 AM     0.00    12 4.000 :0 0-3-0

--------------------------------------------------------------

Engine-Match Monday, August 18, 2025 12:58:50 AM
 Blitz 2/1 

Pairing 2/21 :    Slowmate_v1.0  -  C0BR4_v2.0

PGN-File: C:\Program Files (x86)\Arena\Tournaments\Engine Battle 20250817_3.pgn

No:  B/W 1/2     W:B       1:2           Time        Value Moves Dep 1:2       1-2-Draws
   3 W 1    1.0:0.0        3.0:0.0       12:59:01 AM     0.00    10 0:4.000  3-0-0

--------------------------------------------------------------

Engine-Match Monday, August 18, 2025 12:59:03 AM
 Blitz 2/1 

Pairing 3/21 :    Cece_v2.0  -  Cece_v2.3

PGN-File: C:\Program Files (x86)\Arena\Tournaments\Engine Battle 20250817_3.pgn

No:  B/W 1/2     W:B       1:2           Time        Value Moves Dep 1:2       1-2-Draws
   3 = =    0.5:0.5        1.5:1.5       1:03:47 AM     0.00    54 0:0 1-1-1

--------------------------------------------------------------

Engine-Match Monday, August 18, 2025 1:03:48 AM
 Blitz 2/1 

Pairing 4/21 :    V7P3R_v4.3  -  Slowmate_v1.0

PGN-File: C:\Program Files (x86)\Arena\Tournaments\Engine Battle 20250817_3.pgn

No:  B/W 1/2     W:B       1:2           Time        Value Moves Dep 1:2       1-2-Draws
   3 = =    1.5:1.5        1.5:1.5       1:04:41 AM     0.00    35 0:0 0-0-3

--------------------------------------------------------------

Engine-Match Monday, August 18, 2025 1:04:42 AM
 Blitz 2/1 

Pairing 5/21 :    Cece_v2.3  -  C0BR4_v1.0

PGN-File: C:\Program Files (x86)\Arena\Tournaments\Engine Battle 20250817_3.pgn

No:  B/W 1/2     W:B       1:2           Time        Value Moves Dep 1:2       1-2-Draws
   3 W 1    1.0:0.0        3.0:0.0       1:05:10 AM     0.00     6 0:4.000  3-0-0

--------------------------------------------------------------

Engine-Match Monday, August 18, 2025 1:05:11 AM
 Blitz 2/1 

Pairing 6/21 :    C0BR4_v2.0  -  Cece_v2.0

PGN-File: C:\Program Files (x86)\Arena\Tournaments\Engine Battle 20250817_3.pgn

No:  B/W 1/2     W:B       1:2           Time        Value Moves Dep 1:2       1-2-Draws
   3 W 1    1.0:0.0        2.0:1.0       1:06:03 AM  +299.99    13 4.000 :0 2-1-0

--------------------------------------------------------------

Engine-Match Monday, August 18, 2025 1:06:05 AM
 Blitz 2/1 

Pairing 7/21 :    V7P3R_v4.1  -  Cece_v2.3

PGN-File: C:\Program Files (x86)\Arena\Tournaments\Engine Battle 20250817_3.pgn

No:  B/W 1/2     W:B       1:2           Time        Value Moves Dep 1:2       1-2-Draws
   3 B 2    1.0:0.0        1.0:2.0       1:09:42 AM     0.00    20 0:0 1-2-0

--------------------------------------------------------------

Engine-Match Monday, August 18, 2025 1:09:43 AM
 Blitz 2/1 

Pairing 8/21 :    Cece_v2.0  -  V7P3R_v4.3

PGN-File: C:\Program Files (x86)\Arena\Tournaments\Engine Battle 20250817_3.pgn

No:  B/W 1/2     W:B       1:2           Time        Value Moves Dep 1:2       1-2-Draws
   3 B 2    2.0:1.0        1.0:2.0       1:12:20 AM     0.00    39 0:0 0-1-2

--------------------------------------------------------------

Engine-Match Monday, August 18, 2025 1:12:21 AM
 Blitz 2/1 

Pairing 9/21 :    C0BR4_v1.0  -  C0BR4_v2.0

PGN-File: C:\Program Files (x86)\Arena\Tournaments\Engine Battle 20250817_3.pgn

No:  B/W 1/2     W:B       1:2           Time        Value Moves Dep 1:2       1-2-Draws
   3 B 2    1.5:0.5        0.5:2.5       1:12:55 AM  -299.99    43 4.000 :4.000  0-2-1

--------------------------------------------------------------

Engine-Match Monday, August 18, 2025 1:12:56 AM
 Blitz 2/1 

Pairing 10/21 :    Slowmate_v1.0  -  Cece_v2.0

PGN-File: C:\Program Files (x86)\Arena\Tournaments\Engine Battle 20250817_3.pgn

No:  B/W 1/2     W:B       1:2           Time        Value Moves Dep 1:2       1-2-Draws
   3 = =    1.5:1.5        1.5:1.5       1:14:34 AM     0.00    21 0:0 0-0-3

--------------------------------------------------------------

Engine-Match Monday, August 18, 2025 1:14:36 AM
 Blitz 2/1 

Pairing 11/21 :    C0BR4_v2.0  -  V7P3R_v4.1

PGN-File: C:\Program Files (x86)\Arena\Tournaments\Engine Battle 20250817_3.pgn

No:  B/W 1/2     W:B       1:2           Time        Value Moves Dep 1:2       1-2-Draws
   3 B 2    1.0:0.0        0.0:3.0       1:15:41 AM     0.00     7 4.000 :0 0-3-0

--------------------------------------------------------------

Engine-Match Monday, August 18, 2025 1:15:42 AM
 Blitz 2/1 

Pairing 12/21 :    V7P3R_v4.3  -  C0BR4_v1.0

PGN-File: C:\Program Files (x86)\Arena\Tournaments\Engine Battle 20250817_3.pgn

No:  B/W 1/2     W:B       1:2           Time        Value Moves Dep 1:2       1-2-Draws
   3 = =    1.0:1.0        1.0:2.0       1:15:59 AM     0.00    13 0:4.000  0-1-2

--------------------------------------------------------------

Engine-Match Monday, August 18, 2025 1:16:01 AM
 Blitz 2/1 

Pairing 13/21 :    Cece_v2.3  -  C0BR4_v2.0

PGN-File: C:\Program Files (x86)\Arena\Tournaments\Engine Battle 20250817_3.pgn

No:  B/W 1/2     W:B       1:2           Time        Value Moves Dep 1:2       1-2-Draws
   3 B 2    1.0:0.0        2.0:1.0       1:17:02 AM  -299.99    15 0:4.000  2-1-0

--------------------------------------------------------------

Engine-Match Monday, August 18, 2025 1:17:03 AM
 Blitz 2/1 

Pairing 14/21 :    C0BR4_v1.0  -  Slowmate_v1.0

PGN-File: C:\Program Files (x86)\Arena\Tournaments\Engine Battle 20250817_3.pgn

No:  B/W 1/2     W:B       1:2           Time        Value Moves Dep 1:2       1-2-Draws
   3 B 2    1.0:0.0        0.0:3.0       1:17:17 AM     0.00    14 4.000 :0 0-3-0

--------------------------------------------------------------

Engine-Match Monday, August 18, 2025 1:17:18 AM
 Blitz 2/1 

Pairing 15/21 :    V7P3R_v4.1  -  V7P3R_v4.3

PGN-File: C:\Program Files (x86)\Arena\Tournaments\Engine Battle 20250817_3.pgn

No:  B/W 1/2     W:B       1:2           Time        Value Moves Dep 1:2       1-2-Draws
   3 W 1    1.0:0.0        2.0:1.0       1:19:49 AM     0.00    27 0:0 2-1-0

--------------------------------------------------------------

Engine-Match Monday, August 18, 2025 1:19:50 AM
 Blitz 2/1 

Pairing 16/21 :    Cece_v2.0  -  C0BR4_v1.0

PGN-File: C:\Program Files (x86)\Arena\Tournaments\Engine Battle 20250817_3.pgn

No:  B/W 1/2     W:B       1:2           Time        Value Moves Dep 1:2       1-2-Draws
   3 W 1    1.0:0.0        3.0:0.0       1:21:17 AM     0.00    23 0:4.000  3-0-0

--------------------------------------------------------------

Engine-Match Monday, August 18, 2025 1:21:19 AM
 Blitz 2/1 

Pairing 17/21 :    V7P3R_v4.3  -  Cece_v2.3

PGN-File: C:\Program Files (x86)\Arena\Tournaments\Engine Battle 20250817_3.pgn

No:  B/W 1/2     W:B       1:2           Time        Value Moves Dep 1:2       1-2-Draws
   3 = =    0.5:0.5        2.5:0.5       1:25:44 AM     0.00    95 0:0 2-0-1

--------------------------------------------------------------

Engine-Match Monday, August 18, 2025 1:25:45 AM
 Blitz 2/1 

Pairing 18/21 :    Slowmate_v1.0  -  V7P3R_v4.1

PGN-File: C:\Program Files (x86)\Arena\Tournaments\Engine Battle 20250817_3.pgn

No:  B/W 1/2     W:B       1:2           Time        Value Moves Dep 1:2       1-2-Draws
   3 W 1    1.0:0.0        3.0:0.0       1:28:39 AM     0.00    25 0:0 3-0-0

--------------------------------------------------------------

Engine-Match Monday, August 18, 2025 1:28:49 AM
 Blitz 2/1 

Pairing 19/21 :    C0BR4_v2.0  -  V7P3R_v4.3

PGN-File: C:\Program Files (x86)\Arena\Tournaments\Engine Battle 20250817_3.pgn

No:  B/W 1/2     W:B       1:2           Time        Value Moves Dep 1:2       1-2-Draws
   3 W 1    1.0:0.0        2.0:1.0       1:29:18 AM  +299.99    28 4.000 :0 2-1-0

--------------------------------------------------------------

Engine-Match Monday, August 18, 2025 1:29:19 AM
 Blitz 2/1 

Pairing 20/21 :    V7P3R_v4.1  -  Cece_v2.0

PGN-File: C:\Program Files (x86)\Arena\Tournaments\Engine Battle 20250817_3.pgn

No:  B/W 1/2     W:B       1:2           Time        Value Moves Dep 1:2       1-2-Draws
   3 W 1    1.0:0.0        2.0:1.0       1:32:44 AM     0.00    28 0:0 2-1-0

--------------------------------------------------------------

Engine-Match Monday, August 18, 2025 1:32:45 AM
 Blitz 2/1 

Pairing 21/21 :    Cece_v2.3  -  Slowmate_v1.0

PGN-File: C:\Program Files (x86)\Arena\Tournaments\Engine Battle 20250817_3.pgn

No:  B/W 1/2     W:B       1:2           Time        Value Moves Dep 1:2       1-2-Draws
   3 B 2    1.5:0.5        0.5:2.5       1:34:09 AM     0.00    20 0:0 0-2-1

--------------------------------------------------------------

Engine-Match Monday, August 18, 2025 1:34:10 AM
 Blitz 2/1 

Pairing 1/21 :    C0BR4_v1.0  -  V7P3R_v4.1

PGN-File: C:\Program Files (x86)\Arena\Tournaments\Engine Battle 20250817_3.pgn

No:  B/W 1/2     W:B       1:2           Time        Value Moves Dep 1:2       1-2-Draws
   4 W 2    1.0:0.0        0.0:4.0       1:35:39 AM     0.00    12 4.000 :0 0-4-0

--------------------------------------------------------------

Engine-Match Monday, August 18, 2025 1:35:41 AM
 Blitz 2/1 

Pairing 2/21 :    Slowmate_v1.0  -  C0BR4_v2.0

PGN-File: C:\Program Files (x86)\Arena\Tournaments\Engine Battle 20250817_3.pgn

No:  B/W 1/2     W:B       1:2           Time        Value Moves Dep 1:2       1-2-Draws
   4 B 1    1.0:0.0        4.0:0.0       1:35:56 AM     0.00    10 0:4.000  4-0-0

--------------------------------------------------------------

Engine-Match Monday, August 18, 2025 1:35:57 AM
 Blitz 2/1 

Pairing 3/21 :    Cece_v2.0  -  Cece_v2.3

PGN-File: C:\Program Files (x86)\Arena\Tournaments\Engine Battle 20250817_3.pgn

No:  B/W 1/2     W:B       1:2           Time        Value Moves Dep 1:2       1-2-Draws
   4 = =    1.0:1.0        2.0:2.0       1:41:01 AM     0.00    60 0:0 1-1-2

--------------------------------------------------------------

Engine-Match Monday, August 18, 2025 1:41:02 AM
 Blitz 2/1 

Pairing 4/21 :    V7P3R_v4.3  -  Slowmate_v1.0

PGN-File: C:\Program Files (x86)\Arena\Tournaments\Engine Battle 20250817_3.pgn

No:  B/W 1/2     W:B       1:2           Time        Value Moves Dep 1:2       1-2-Draws
   4 = =    2.0:2.0        2.0:2.0       1:42:26 AM     0.00    62 0:0 0-0-4

--------------------------------------------------------------

Engine-Match Monday, August 18, 2025 1:42:28 AM
 Blitz 2/1 

Pairing 5/21 :    Cece_v2.3  -  C0BR4_v1.0

PGN-File: C:\Program Files (x86)\Arena\Tournaments\Engine Battle 20250817_3.pgn

No:  B/W 1/2     W:B       1:2           Time        Value Moves Dep 1:2       1-2-Draws
   4 B 1    1.0:0.0        4.0:0.0       1:43:11 AM     0.00    10 0:4.000  4-0-0

--------------------------------------------------------------

Engine-Match Monday, August 18, 2025 1:43:12 AM
 Blitz 2/1 

Pairing 6/21 :    C0BR4_v2.0  -  Cece_v2.0

PGN-File: C:\Program Files (x86)\Arena\Tournaments\Engine Battle 20250817_3.pgn

No:  B/W 1/2     W:B       1:2           Time        Value Moves Dep 1:2       1-2-Draws
   4 W 2    1.0:0.0        2.0:2.0       1:43:56 AM     0.00    10 4.000 :0 2-2-0

--------------------------------------------------------------

Engine-Match Monday, August 18, 2025 1:43:58 AM
 Blitz 2/1 

Pairing 7/21 :    V7P3R_v4.1  -  Cece_v2.3

PGN-File: C:\Program Files (x86)\Arena\Tournaments\Engine Battle 20250817_3.pgn

No:  B/W 1/2     W:B       1:2           Time        Value Moves Dep 1:2       1-2-Draws
   4 B 1    1.0:0.0        2.0:2.0       1:46:07 AM     0.00    14 0:0 2-2-0

--------------------------------------------------------------

Engine-Match Monday, August 18, 2025 1:46:08 AM
 Blitz 2/1 

Pairing 8/21 :    Cece_v2.0  -  V7P3R_v4.3

PGN-File: C:\Program Files (x86)\Arena\Tournaments\Engine Battle 20250817_3.pgn

No:  B/W 1/2     W:B       1:2           Time        Value Moves Dep 1:2       1-2-Draws
   4 = =    1.5:1.5        1.5:2.5       1:46:57 AM     0.00    11 0:0 0-1-3

--------------------------------------------------------------

Engine-Match Monday, August 18, 2025 1:46:58 AM
 Blitz 2/1 

Pairing 9/21 :    C0BR4_v1.0  -  C0BR4_v2.0

PGN-File: C:\Program Files (x86)\Arena\Tournaments\Engine Battle 20250817_3.pgn

No:  B/W 1/2     W:B       1:2           Time        Value Moves Dep 1:2       1-2-Draws
   4 = =    1.0:1.0        1.0:3.0       1:47:24 AM    -0.05    37 4.000 :4.000  0-2-2

--------------------------------------------------------------

Engine-Match Monday, August 18, 2025 1:47:26 AM
 Blitz 2/1 

Pairing 10/21 :    Slowmate_v1.0  -  Cece_v2.0

PGN-File: C:\Program Files (x86)\Arena\Tournaments\Engine Battle 20250817_3.pgn

No:  B/W 1/2     W:B       1:2           Time        Value Moves Dep 1:2       1-2-Draws
   4 = =    2.0:2.0        2.0:2.0       1:49:31 AM     0.00    35 0:0 0-0-4

--------------------------------------------------------------

Engine-Match Monday, August 18, 2025 1:49:33 AM
 Blitz 2/1 

Pairing 11/21 :    C0BR4_v2.0  -  V7P3R_v4.1

PGN-File: C:\Program Files (x86)\Arena\Tournaments\Engine Battle 20250817_3.pgn

No:  B/W 1/2     W:B       1:2           Time        Value Moves Dep 1:2       1-2-Draws
   4 W 2    1.0:0.0        0.0:4.0       1:50:37 AM     0.00     7 4.000 :0 0-4-0

--------------------------------------------------------------

Engine-Match Monday, August 18, 2025 1:50:38 AM
 Blitz 2/1 

Pairing 12/21 :    V7P3R_v4.3  -  C0BR4_v1.0

PGN-File: C:\Program Files (x86)\Arena\Tournaments\Engine Battle 20250817_3.pgn

No:  B/W 1/2     W:B       1:2           Time        Value Moves Dep 1:2       1-2-Draws
   4 W 2    2.0:1.0        1.0:3.0       1:51:21 AM  +299.99    40 0:4.000  0-2-2

--------------------------------------------------------------

Engine-Match Monday, August 18, 2025 1:51:23 AM
 Blitz 2/1 

Pairing 13/21 :    Cece_v2.3  -  C0BR4_v2.0

PGN-File: C:\Program Files (x86)\Arena\Tournaments\Engine Battle 20250817_3.pgn

No:  B/W 1/2     W:B       1:2           Time        Value Moves Dep 1:2       1-2-Draws
   4 B 1    1.0:0.0        3.0:1.0       1:51:55 AM     0.00     7 0:4.000  3-1-0

--------------------------------------------------------------

Engine-Match Monday, August 18, 2025 1:51:57 AM
 Blitz 2/1 

Pairing 14/21 :    C0BR4_v1.0  -  Slowmate_v1.0

PGN-File: C:\Program Files (x86)\Arena\Tournaments\Engine Battle 20250817_3.pgn

No:  B/W 1/2     W:B       1:2           Time        Value Moves Dep 1:2       1-2-Draws
   4 W 2    1.0:0.0        0.0:4.0       1:52:36 AM     0.00    28 4.000 :0 0-4-0

--------------------------------------------------------------

Engine-Match Monday, August 18, 2025 1:52:37 AM
 Blitz 2/1 

Pairing 15/21 :    V7P3R_v4.1  -  V7P3R_v4.3

PGN-File: C:\Program Files (x86)\Arena\Tournaments\Engine Battle 20250817_3.pgn

No:  B/W 1/2     W:B       1:2           Time        Value Moves Dep 1:2       1-2-Draws
   4 W 2    1.0:0.0        2.0:2.0       1:55:14 AM     0.00    15 0:0 2-2-0

--------------------------------------------------------------

Engine-Match Monday, August 18, 2025 1:55:15 AM
 Blitz 2/1 

Pairing 16/21 :    Cece_v2.0  -  C0BR4_v1.0

PGN-File: C:\Program Files (x86)\Arena\Tournaments\Engine Battle 20250817_3.pgn

No:  B/W 1/2     W:B       1:2           Time        Value Moves Dep 1:2       1-2-Draws
   4 W 2    1.0:0.0        3.0:1.0       1:56:58 AM  +299.99    30 0:4.000  3-1-0

--------------------------------------------------------------

Engine-Match Monday, August 18, 2025 1:56:59 AM
 Blitz 2/1 

Pairing 17/21 :    V7P3R_v4.3  -  Cece_v2.3

PGN-File: C:\Program Files (x86)\Arena\Tournaments\Engine Battle 20250817_3.pgn

No:  B/W 1/2     W:B       1:2           Time        Value Moves Dep 1:2       1-2-Draws
   4 B 1    1.5:0.5        3.5:0.5       2:00:49 AM     0.00    73 0:0 3-0-1

--------------------------------------------------------------

Engine-Match Monday, August 18, 2025 2:00:55 AM
 Blitz 2/1 

Pairing 18/21 :    Slowmate_v1.0  -  V7P3R_v4.1

PGN-File: C:\Program Files (x86)\Arena\Tournaments\Engine Battle 20250817_3.pgn

No:  B/W 1/2     W:B       1:2           Time        Value Moves Dep 1:2       1-2-Draws
   4 B 1    1.0:0.0        4.0:0.0       2:03:42 AM     0.00    23 0:0 4-0-0

--------------------------------------------------------------

Engine-Match Monday, August 18, 2025 2:03:43 AM
 Blitz 2/1 

Pairing 19/21 :    C0BR4_v2.0  -  V7P3R_v4.3

PGN-File: C:\Program Files (x86)\Arena\Tournaments\Engine Battle 20250817_3.pgn

No:  B/W 1/2     W:B       1:2           Time        Value Moves Dep 1:2       1-2-Draws
   4 W 2    1.0:0.0        2.0:2.0       2:04:01 AM     0.00    10 4.000 :0 2-2-0

--------------------------------------------------------------

Engine-Match Monday, August 18, 2025 2:04:02 AM
 Blitz 2/1 

Pairing 20/21 :    V7P3R_v4.1  -  Cece_v2.0

PGN-File: C:\Program Files (x86)\Arena\Tournaments\Engine Battle 20250817_3.pgn

No:  B/W 1/2     W:B       1:2           Time        Value Moves Dep 1:2       1-2-Draws
   4 B 1    1.0:0.0        3.0:1.0       2:06:56 AM     0.00    26 0:0 3-1-0

--------------------------------------------------------------

Engine-Match Monday, August 18, 2025 2:06:58 AM
 Blitz 2/1 

Pairing 21/21 :    Cece_v2.3  -  Slowmate_v1.0

PGN-File: C:\Program Files (x86)\Arena\Tournaments\Engine Battle 20250817_3.pgn

No:  B/W 1/2     W:B       1:2           Time        Value Moves Dep 1:2       1-2-Draws
   4 W 2    1.5:0.5        0.5:3.5       2:09:46 AM     0.00    51 0:0 0-3-1

--------------------------------------------------------------

Engine-Match Monday, August 18, 2025 2:09:47 AM
 Blitz 2/1 

Pairing 1/21 :    C0BR4_v1.0  -  V7P3R_v4.1

PGN-File: C:\Program Files (x86)\Arena\Tournaments\Engine Battle 20250817_3.pgn

No:  B/W 1/2     W:B       1:2           Time        Value Moves Dep 1:2       1-2-Draws
   5 B 2    1.0:0.0        0.0:5.0       2:11:21 AM     0.00    12 4.000 :0 0-5-0

--------------------------------------------------------------

Engine-Match Monday, August 18, 2025 2:11:22 AM
 Blitz 2/1 

Pairing 2/21 :    Slowmate_v1.0  -  C0BR4_v2.0

PGN-File: C:\Program Files (x86)\Arena\Tournaments\Engine Battle 20250817_3.pgn

No:  B/W 1/2     W:B       1:2           Time        Value Moves Dep 1:2       1-2-Draws
   5 B 2    1.0:0.0        4.0:1.0       2:12:02 AM  -299.99    40 0:4.000  4-1-0

--------------------------------------------------------------

Engine-Match Monday, August 18, 2025 2:12:03 AM
 Blitz 2/1 

Pairing 3/21 :    Cece_v2.0  -  Cece_v2.3

PGN-File: C:\Program Files (x86)\Arena\Tournaments\Engine Battle 20250817_3.pgn

No:  B/W 1/2     W:B       1:2           Time        Value Moves Dep 1:2       1-2-Draws
   5 B 2    2.0:1.0        2.0:3.0       2:16:00 AM     0.00    40 0:0 1-2-2

--------------------------------------------------------------

Engine-Match Monday, August 18, 2025 2:16:01 AM
 Blitz 2/1 

Pairing 4/21 :    V7P3R_v4.3  -  Slowmate_v1.0

PGN-File: C:\Program Files (x86)\Arena\Tournaments\Engine Battle 20250817_3.pgn

No:  B/W 1/2     W:B       1:2           Time        Value Moves Dep 1:2       1-2-Draws
   5 = =    2.5:2.5        2.5:2.5       2:16:54 AM     0.00    35 0:0 0-0-5

--------------------------------------------------------------

Engine-Match Monday, August 18, 2025 2:16:55 AM
 Blitz 2/1 

Pairing 5/21 :    Cece_v2.3  -  C0BR4_v1.0

PGN-File: C:\Program Files (x86)\Arena\Tournaments\Engine Battle 20250817_3.pgn

No:  B/W 1/2     W:B       1:2           Time        Value Moves Dep 1:2       1-2-Draws
   5 W 1    1.0:0.0        5.0:0.0       2:17:23 AM     0.00     6 0:4.000  5-0-0

--------------------------------------------------------------

Engine-Match Monday, August 18, 2025 2:17:24 AM
 Blitz 2/1 

Pairing 6/21 :    C0BR4_v2.0  -  Cece_v2.0

PGN-File: C:\Program Files (x86)\Arena\Tournaments\Engine Battle 20250817_3.pgn

No:  B/W 1/2     W:B       1:2           Time        Value Moves Dep 1:2       1-2-Draws
   5 W 1    1.0:0.0        3.0:2.0       2:18:01 AM  +299.99     9 4.000 :0 3-2-0

--------------------------------------------------------------

Engine-Match Monday, August 18, 2025 2:18:02 AM
 Blitz 2/1 

Pairing 7/21 :    V7P3R_v4.1  -  Cece_v2.3

PGN-File: C:\Program Files (x86)\Arena\Tournaments\Engine Battle 20250817_3.pgn

No:  B/W 1/2     W:B       1:2           Time        Value Moves Dep 1:2       1-2-Draws
   5 B 2    1.0:0.0        2.0:3.0       2:21:43 AM     0.00    21 0:0 2-3-0

--------------------------------------------------------------

Engine-Match Monday, August 18, 2025 2:21:44 AM
 Blitz 2/1 

Pairing 8/21 :    Cece_v2.0  -  V7P3R_v4.3

PGN-File: C:\Program Files (x86)\Arena\Tournaments\Engine Battle 20250817_3.pgn

No:  B/W 1/2     W:B       1:2           Time        Value Moves Dep 1:2       1-2-Draws
   5 B 2    2.5:1.5        1.5:3.5       2:24:15 AM     0.00    40 0:0 0-2-3

--------------------------------------------------------------

Engine-Match Monday, August 18, 2025 2:24:16 AM
 Blitz 2/1 

Pairing 9/21 :    C0BR4_v1.0  -  C0BR4_v2.0

PGN-File: C:\Program Files (x86)\Arena\Tournaments\Engine Battle 20250817_3.pgn

No:  B/W 1/2     W:B       1:2           Time        Value Moves Dep 1:2       1-2-Draws
   5 B 2    2.0:1.0        1.0:4.0       2:24:43 AM  -299.99    39 4.000 :4.000  0-3-2

--------------------------------------------------------------

Engine-Match Monday, August 18, 2025 2:24:44 AM
 Blitz 2/1 

Pairing 10/21 :    Slowmate_v1.0  -  Cece_v2.0

PGN-File: C:\Program Files (x86)\Arena\Tournaments\Engine Battle 20250817_3.pgn

No:  B/W 1/2     W:B       1:2           Time        Value Moves Dep 1:2       1-2-Draws
   5 = =    2.5:2.5        2.5:2.5       2:28:15 AM     0.00    75 0:0 0-0-5

--------------------------------------------------------------

Engine-Match Monday, August 18, 2025 2:28:16 AM
 Blitz 2/1 

Pairing 11/21 :    C0BR4_v2.0  -  V7P3R_v4.1

PGN-File: C:\Program Files (x86)\Arena\Tournaments\Engine Battle 20250817_3.pgn

No:  B/W 1/2     W:B       1:2           Time        Value Moves Dep 1:2       1-2-Draws
   5 B 2    1.0:0.0        0.0:5.0       2:30:00 AM     0.00    12 4.000 :0 0-5-0

--------------------------------------------------------------

Engine-Match Monday, August 18, 2025 2:30:01 AM
 Blitz 2/1 

Pairing 12/21 :    V7P3R_v4.3  -  C0BR4_v1.0

PGN-File: C:\Program Files (x86)\Arena\Tournaments\Engine Battle 20250817_3.pgn

No:  B/W 1/2     W:B       1:2           Time        Value Moves Dep 1:2       1-2-Draws
   5 = =    1.5:1.5        1.5:3.5       2:30:19 AM     0.00    13 0:4.000  0-2-3

--------------------------------------------------------------

Engine-Match Monday, August 18, 2025 2:30:20 AM
 Blitz 2/1 

Pairing 13/21 :    Cece_v2.3  -  C0BR4_v2.0

PGN-File: C:\Program Files (x86)\Arena\Tournaments\Engine Battle 20250817_3.pgn

No:  B/W 1/2     W:B       1:2           Time        Value Moves Dep 1:2       1-2-Draws
   5 W 1    1.0:0.0        4.0:1.0       2:31:11 AM     0.00    12 0:4.000  4-1-0

--------------------------------------------------------------

Engine-Match Monday, August 18, 2025 2:31:12 AM
 Blitz 2/1 

Pairing 14/21 :    C0BR4_v1.0  -  Slowmate_v1.0

PGN-File: C:\Program Files (x86)\Arena\Tournaments\Engine Battle 20250817_3.pgn

No:  B/W 1/2     W:B       1:2           Time        Value Moves Dep 1:2       1-2-Draws
   5 B 2    1.0:0.0        0.0:5.0       2:31:26 AM     0.00    14 4.000 :0 0-5-0

--------------------------------------------------------------

Engine-Match Monday, August 18, 2025 2:31:27 AM
 Blitz 2/1 

Pairing 15/21 :    V7P3R_v4.1  -  V7P3R_v4.3

PGN-File: C:\Program Files (x86)\Arena\Tournaments\Engine Battle 20250817_3.pgn

No:  B/W 1/2     W:B       1:2           Time        Value Moves Dep 1:2       1-2-Draws
   5 W 1    1.0:0.0        3.0:2.0       2:33:57 AM     0.00    27 0:0 3-2-0

--------------------------------------------------------------

Engine-Match Monday, August 18, 2025 2:33:58 AM
 Blitz 2/1 

Pairing 16/21 :    Cece_v2.0  -  C0BR4_v1.0

PGN-File: C:\Program Files (x86)\Arena\Tournaments\Engine Battle 20250817_3.pgn

No:  B/W 1/2     W:B       1:2           Time        Value Moves Dep 1:2       1-2-Draws
   5 B 2    1.0:0.0        3.0:2.0       2:35:48 AM  -299.99    32 0:4.000  3-2-0

--------------------------------------------------------------

Engine-Match Monday, August 18, 2025 2:35:54 AM
 Blitz 2/1 

Pairing 17/21 :    V7P3R_v4.3  -  Cece_v2.3

PGN-File: C:\Program Files (x86)\Arena\Tournaments\Engine Battle 20250817_3.pgn

No:  B/W 1/2     W:B       1:2           Time        Value Moves Dep 1:2       1-2-Draws
   5 W 1    1.5:0.5        4.5:0.5       2:37:23 AM     0.00    22 0:0 4-0-1

--------------------------------------------------------------

Engine-Match Monday, August 18, 2025 2:37:24 AM
 Blitz 2/1 

Pairing 18/21 :    Slowmate_v1.0  -  V7P3R_v4.1

PGN-File: C:\Program Files (x86)\Arena\Tournaments\Engine Battle 20250817_3.pgn

No:  B/W 1/2     W:B       1:2           Time        Value Moves Dep 1:2       1-2-Draws
   5 W 1    1.0:0.0        5.0:0.0       2:40:18 AM     0.00    25 0:0 5-0-0

--------------------------------------------------------------

Engine-Match Monday, August 18, 2025 2:40:19 AM
 Blitz 2/1 

Pairing 19/21 :    C0BR4_v2.0  -  V7P3R_v4.3

PGN-File: C:\Program Files (x86)\Arena\Tournaments\Engine Battle 20250817_3.pgn

No:  B/W 1/2     W:B       1:2           Time        Value Moves Dep 1:2       1-2-Draws
   5 B 2    1.0:0.0        2.0:3.0       2:40:55 AM     0.00    22 4.000 :0 2-3-0

--------------------------------------------------------------

Engine-Match Monday, August 18, 2025 2:40:56 AM
 Blitz 2/1 

Pairing 20/21 :    V7P3R_v4.1  -  Cece_v2.0

PGN-File: C:\Program Files (x86)\Arena\Tournaments\Engine Battle 20250817_3.pgn

No:  B/W 1/2     W:B       1:2           Time        Value Moves Dep 1:2       1-2-Draws
   5 B 2    1.0:0.0        3.0:2.0       2:44:41 AM     0.00    22 0:0 3-2-0

--------------------------------------------------------------

Engine-Match Monday, August 18, 2025 2:44:42 AM
 Blitz 2/1 

Pairing 21/21 :    Cece_v2.3  -  Slowmate_v1.0

PGN-File: C:\Program Files (x86)\Arena\Tournaments\Engine Battle 20250817_3.pgn

No:  B/W 1/2     W:B       1:2           Time        Value Moves Dep 1:2       1-2-Draws
   5 = =    1.0:1.0        1.0:4.0       2:46:21 AM     0.00    23 0:0 0-3-2

--------------------------------------------------------------

Engine-Match Monday, August 18, 2025 2:46:22 AM
 Blitz 2/1 

Pairing 1/21 :    C0BR4_v1.0  -  V7P3R_v4.1

PGN-File: C:\Program Files (x86)\Arena\Tournaments\Engine Battle 20250817_3.pgn

No:  B/W 1/2     W:B       1:2           Time        Value Moves Dep 1:2       1-2-Draws
   6 W 2    1.0:0.0        0.0:6.0       2:47:52 AM     0.00    12 4.000 :0 0-6-0

--------------------------------------------------------------

Engine-Match Monday, August 18, 2025 2:47:53 AM
 Blitz 2/1 

Pairing 2/21 :    Slowmate_v1.0  -  C0BR4_v2.0

PGN-File: C:\Program Files (x86)\Arena\Tournaments\Engine Battle 20250817_3.pgn

No:  B/W 1/2     W:B       1:2           Time        Value Moves Dep 1:2       1-2-Draws
   6 B 1    1.0:0.0        5.0:1.0       2:48:20 AM     0.00    24 0:4.000  5-1-0

--------------------------------------------------------------

Engine-Match Monday, August 18, 2025 2:48:22 AM
 Blitz 2/1 

Pairing 3/21 :    Cece_v2.0  -  Cece_v2.3

PGN-File: C:\Program Files (x86)\Arena\Tournaments\Engine Battle 20250817_3.pgn

No:  B/W 1/2     W:B       1:2           Time        Value Moves Dep 1:2       1-2-Draws
   6 W 2    2.0:1.0        2.0:4.0       2:51:32 AM     0.00    30 0:0 1-3-2

--------------------------------------------------------------

Engine-Match Monday, August 18, 2025 2:51:33 AM
 Blitz 2/1 

Pairing 4/21 :    V7P3R_v4.3  -  Slowmate_v1.0

PGN-File: C:\Program Files (x86)\Arena\Tournaments\Engine Battle 20250817_3.pgn

No:  B/W 1/2     W:B       1:2           Time        Value Moves Dep 1:2       1-2-Draws
   6 = =    3.0:3.0        3.0:3.0       2:52:57 AM     0.00    62 0:0 0-0-6

--------------------------------------------------------------

Engine-Match Monday, August 18, 2025 2:52:58 AM
 Blitz 2/1 

Pairing 5/21 :    Cece_v2.3  -  C0BR4_v1.0

PGN-File: C:\Program Files (x86)\Arena\Tournaments\Engine Battle 20250817_3.pgn

No:  B/W 1/2     W:B       1:2           Time        Value Moves Dep 1:2       1-2-Draws
   6 W 2    1.0:0.0        5.0:1.0       2:53:49 AM  +299.99    13 0:4.000  5-1-0

--------------------------------------------------------------

Engine-Match Monday, August 18, 2025 2:53:50 AM
 Blitz 2/1 

Pairing 6/21 :    C0BR4_v2.0  -  Cece_v2.0

PGN-File: C:\Program Files (x86)\Arena\Tournaments\Engine Battle 20250817_3.pgn

No:  B/W 1/2     W:B       1:2           Time        Value Moves Dep 1:2       1-2-Draws
   6 B 1    1.0:0.0        4.0:2.0       2:55:36 AM  -299.99    29 4.000 :0 4-2-0

--------------------------------------------------------------

Engine-Match Monday, August 18, 2025 2:55:38 AM
 Blitz 2/1 

Pairing 7/21 :    V7P3R_v4.1  -  Cece_v2.3

PGN-File: C:\Program Files (x86)\Arena\Tournaments\Engine Battle 20250817_3.pgn

No:  B/W 1/2     W:B       1:2           Time        Value Moves Dep 1:2       1-2-Draws
   6 B 1    1.0:0.0        3.0:3.0       2:59:05 AM     0.00    28 0:0 3-3-0

--------------------------------------------------------------

Engine-Match Monday, August 18, 2025 2:59:07 AM
 Blitz 2/1 

Pairing 8/21 :    Cece_v2.0  -  V7P3R_v4.3

PGN-File: C:\Program Files (x86)\Arena\Tournaments\Engine Battle 20250817_3.pgn

No:  B/W 1/2     W:B       1:2           Time        Value Moves Dep 1:2       1-2-Draws
   6 W 2    2.5:1.5        1.5:4.5       3:01:32 AM     0.00    38 0:0 0-3-3

--------------------------------------------------------------

Engine-Match Monday, August 18, 2025 3:01:33 AM
 Blitz 2/1 

Pairing 9/21 :    C0BR4_v1.0  -  C0BR4_v2.0

PGN-File: C:\Program Files (x86)\Arena\Tournaments\Engine Battle 20250817_3.pgn

No:  B/W 1/2     W:B       1:2           Time        Value Moves Dep 1:2       1-2-Draws
   6 = =    1.5:1.5        1.5:4.5       3:02:14 AM    +1.92    59 4.000 :4.000  0-3-3

--------------------------------------------------------------

Engine-Match Monday, August 18, 2025 3:02:16 AM
 Blitz 2/1 

Pairing 10/21 :    Slowmate_v1.0  -  Cece_v2.0

PGN-File: C:\Program Files (x86)\Arena\Tournaments\Engine Battle 20250817_3.pgn

No:  B/W 1/2     W:B       1:2           Time        Value Moves Dep 1:2       1-2-Draws
   6 = =    3.0:3.0        3.0:3.0       3:04:26 AM     0.00    34 0:0 0-0-6

--------------------------------------------------------------

Engine-Match Monday, August 18, 2025 3:04:27 AM
 Blitz 2/1 

Pairing 11/21 :    C0BR4_v2.0  -  V7P3R_v4.1

PGN-File: C:\Program Files (x86)\Arena\Tournaments\Engine Battle 20250817_3.pgn

No:  B/W 1/2     W:B       1:2           Time        Value Moves Dep 1:2       1-2-Draws
   6 W 2    1.0:0.0        0.0:6.0       3:06:04 AM     0.00     9 4.000 :0 0-6-0

--------------------------------------------------------------

Engine-Match Monday, August 18, 2025 3:06:06 AM
 Blitz 2/1 

Pairing 12/21 :    V7P3R_v4.3  -  C0BR4_v1.0

PGN-File: C:\Program Files (x86)\Arena\Tournaments\Engine Battle 20250817_3.pgn

No:  B/W 1/2     W:B       1:2           Time        Value Moves Dep 1:2       1-2-Draws
   6 W 2    2.5:1.5        1.5:4.5       3:06:49 AM  +299.99    40 0:4.000  0-3-3

--------------------------------------------------------------

Engine-Match Monday, August 18, 2025 3:06:50 AM
 Blitz 2/1 

Pairing 13/21 :    Cece_v2.3  -  C0BR4_v2.0

PGN-File: C:\Program Files (x86)\Arena\Tournaments\Engine Battle 20250817_3.pgn

No:  B/W 1/2     W:B       1:2           Time        Value Moves Dep 1:2       1-2-Draws
   6 B 1    1.0:0.0        5.0:1.0       3:07:51 AM     0.00    14 0:4.000  5-1-0

--------------------------------------------------------------

Engine-Match Monday, August 18, 2025 3:07:52 AM
 Blitz 2/1 

Pairing 14/21 :    C0BR4_v1.0  -  Slowmate_v1.0

PGN-File: C:\Program Files (x86)\Arena\Tournaments\Engine Battle 20250817_3.pgn

No:  B/W 1/2     W:B       1:2           Time        Value Moves Dep 1:2       1-2-Draws
   6 W 2    1.0:0.0        0.0:6.0       3:08:32 AM     0.00    28 4.000 :0 0-6-0

--------------------------------------------------------------

Engine-Match Monday, August 18, 2025 3:08:33 AM
 Blitz 2/1 

Pairing 15/21 :    V7P3R_v4.1  -  V7P3R_v4.3

PGN-File: C:\Program Files (x86)\Arena\Tournaments\Engine Battle 20250817_3.pgn

No:  B/W 1/2     W:B       1:2           Time        Value Moves Dep 1:2       1-2-Draws
   6 W 2    1.0:0.0        3.0:3.0       3:11:08 AM     0.00    15 0:0 3-3-0

--------------------------------------------------------------

Engine-Match Monday, August 18, 2025 3:11:17 AM
 Blitz 2/1 

Pairing 16/21 :    Cece_v2.0  -  C0BR4_v1.0

PGN-File: C:\Program Files (x86)\Arena\Tournaments\Engine Battle 20250817_3.pgn

No:  B/W 1/2     W:B       1:2           Time        Value Moves Dep 1:2       1-2-Draws
   6 B 1    1.0:0.0        4.0:2.0       3:12:59 AM     0.00    29 0:4.000  4-2-0

--------------------------------------------------------------

Engine-Match Monday, August 18, 2025 3:13:01 AM
 Blitz 2/1 

Pairing 17/21 :    V7P3R_v4.3  -  Cece_v2.3

PGN-File: C:\Program Files (x86)\Arena\Tournaments\Engine Battle 20250817_3.pgn

No:  B/W 1/2     W:B       1:2           Time        Value Moves Dep 1:2       1-2-Draws
   6 B 1    1.5:0.5        5.5:0.5       3:15:57 AM     0.00    46 0:0 5-0-1

--------------------------------------------------------------

Engine-Match Monday, August 18, 2025 3:15:58 AM
 Blitz 2/1 

Pairing 18/21 :    Slowmate_v1.0  -  V7P3R_v4.1

PGN-File: C:\Program Files (x86)\Arena\Tournaments\Engine Battle 20250817_3.pgn

No:  B/W 1/2     W:B       1:2           Time        Value Moves Dep 1:2       1-2-Draws
   6 B 1    1.0:0.0        6.0:0.0       3:18:47 AM     0.00    23 0:0 6-0-0

--------------------------------------------------------------

Engine-Match Monday, August 18, 2025 3:18:48 AM
 Blitz 2/1 

Pairing 19/21 :    C0BR4_v2.0  -  V7P3R_v4.3

PGN-File: C:\Program Files (x86)\Arena\Tournaments\Engine Battle 20250817_3.pgn

No:  B/W 1/2     W:B       1:2           Time        Value Moves Dep 1:2       1-2-Draws
   6 W 2    1.0:0.0        2.0:4.0       3:19:26 AM     0.00    27 4.000 :0 2-4-0

--------------------------------------------------------------

Engine-Match Monday, August 18, 2025 3:19:28 AM
 Blitz 2/1 

Pairing 20/21 :    V7P3R_v4.1  -  Cece_v2.0

PGN-File: C:\Program Files (x86)\Arena\Tournaments\Engine Battle 20250817_3.pgn

No:  B/W 1/2     W:B       1:2           Time        Value Moves Dep 1:2       1-2-Draws
   6 B 1    1.0:0.0        4.0:2.0       3:22:11 AM     0.00    24 0:0 4-2-0

--------------------------------------------------------------

Engine-Match Monday, August 18, 2025 3:22:13 AM
 Blitz 2/1 

Pairing 21/21 :    Cece_v2.3  -  Slowmate_v1.0

PGN-File: C:\Program Files (x86)\Arena\Tournaments\Engine Battle 20250817_3.pgn

No:  B/W 1/2     W:B       1:2           Time        Value Moves Dep 1:2       1-2-Draws
   6 W 2    2.0:1.0        1.0:5.0       3:24:01 AM     0.00    24 0:0 0-4-2

--------------------------------------------------------------

Engine-Match Monday, August 18, 2025 3:24:02 AM
 Blitz 2/1 

Pairing 1/21 :    C0BR4_v1.0  -  V7P3R_v4.1

PGN-File: C:\Program Files (x86)\Arena\Tournaments\Engine Battle 20250817_3.pgn

No:  B/W 1/2     W:B       1:2           Time        Value Moves Dep 1:2       1-2-Draws
   7 B 2    1.0:0.0        0.0:7.0       3:25:35 AM     0.00    12 4.000 :0 0-7-0

--------------------------------------------------------------

Engine-Match Monday, August 18, 2025 3:25:36 AM
 Blitz 2/1 

Pairing 2/21 :    Slowmate_v1.0  -  C0BR4_v2.0

PGN-File: C:\Program Files (x86)\Arena\Tournaments\Engine Battle 20250817_3.pgn

No:  B/W 1/2     W:B       1:2           Time        Value Moves Dep 1:2       1-2-Draws
   7 B 2    1.0:0.0        5.0:2.0       3:26:16 AM  -299.99    40 0:4.000  5-2-0

--------------------------------------------------------------

Engine-Match Monday, August 18, 2025 3:26:17 AM
 Blitz 2/1 

Pairing 3/21 :    Cece_v2.0  -  Cece_v2.3

PGN-File: C:\Program Files (x86)\Arena\Tournaments\Engine Battle 20250817_3.pgn

No:  B/W 1/2     W:B       1:2           Time        Value Moves Dep 1:2       1-2-Draws
   7 = =    1.5:1.5        2.5:4.5       3:28:58 AM     0.00    24 0:0 1-3-3

--------------------------------------------------------------

Engine-Match Monday, August 18, 2025 3:28:59 AM
 Blitz 2/1 

Pairing 4/21 :    V7P3R_v4.3  -  Slowmate_v1.0

PGN-File: C:\Program Files (x86)\Arena\Tournaments\Engine Battle 20250817_3.pgn

No:  B/W 1/2     W:B       1:2           Time        Value Moves Dep 1:2       1-2-Draws
   7 = =    3.5:3.5        3.5:3.5       3:29:52 AM     0.00    35 0:0 0-0-7

--------------------------------------------------------------

Engine-Match Monday, August 18, 2025 3:29:53 AM
 Blitz 2/1 

Pairing 5/21 :    Cece_v2.3  -  C0BR4_v1.0

PGN-File: C:\Program Files (x86)\Arena\Tournaments\Engine Battle 20250817_3.pgn

No:  B/W 1/2     W:B       1:2           Time        Value Moves Dep 1:2       1-2-Draws
   7 B 2    1.0:0.0        5.0:2.0       3:31:05 AM  -299.99    18 0:4.000  5-2-0

--------------------------------------------------------------

Engine-Match Monday, August 18, 2025 3:31:06 AM
 Blitz 2/1 

Pairing 6/21 :    C0BR4_v2.0  -  Cece_v2.0

PGN-File: C:\Program Files (x86)\Arena\Tournaments\Engine Battle 20250817_3.pgn

No:  B/W 1/2     W:B       1:2           Time        Value Moves Dep 1:2       1-2-Draws
   7 W 1    1.0:0.0        5.0:2.0       3:32:24 AM  +299.99    21 4.000 :0 5-2-0

--------------------------------------------------------------

Engine-Match Monday, August 18, 2025 3:32:25 AM
 Blitz 2/1 

Pairing 7/21 :    V7P3R_v4.1  -  Cece_v2.3

PGN-File: C:\Program Files (x86)\Arena\Tournaments\Engine Battle 20250817_3.pgn

No:  B/W 1/2     W:B       1:2           Time        Value Moves Dep 1:2       1-2-Draws
   7 B 2    1.0:0.0        3.0:4.0       3:36:14 AM     0.00    23 0:0 3-4-0

--------------------------------------------------------------

Engine-Match Monday, August 18, 2025 3:36:16 AM
 Blitz 2/1 

Pairing 8/21 :    Cece_v2.0  -  V7P3R_v4.3

PGN-File: C:\Program Files (x86)\Arena\Tournaments\Engine Battle 20250817_3.pgn

No:  B/W 1/2     W:B       1:2           Time        Value Moves Dep 1:2       1-2-Draws
   7 = =    2.0:2.0        2.0:5.0       3:39:55 AM     0.00    61 0:0 0-3-4

--------------------------------------------------------------

Engine-Match Monday, August 18, 2025 3:39:56 AM
 Blitz 2/1 

Pairing 9/21 :    C0BR4_v1.0  -  C0BR4_v2.0

PGN-File: C:\Program Files (x86)\Arena\Tournaments\Engine Battle 20250817_3.pgn

No:  B/W 1/2     W:B       1:2           Time        Value Moves Dep 1:2       1-2-Draws
   7 B 2    2.5:1.5        1.5:5.5       3:40:29 AM  -299.99    43 4.000 :4.000  0-4-3

--------------------------------------------------------------

Engine-Match Monday, August 18, 2025 3:40:30 AM
 Blitz 2/1 

Pairing 10/21 :    Slowmate_v1.0  -  Cece_v2.0

PGN-File: C:\Program Files (x86)\Arena\Tournaments\Engine Battle 20250817_3.pgn

No:  B/W 1/2     W:B       1:2           Time        Value Moves Dep 1:2       1-2-Draws
   7 W 1    4.0:3.0        4.0:3.0       3:42:02 AM     0.00    23 0:0 1-0-6

--------------------------------------------------------------

Engine-Match Monday, August 18, 2025 3:42:03 AM
 Blitz 2/1 

Pairing 11/21 :    C0BR4_v2.0  -  V7P3R_v4.1

PGN-File: C:\Program Files (x86)\Arena\Tournaments\Engine Battle 20250817_3.pgn

No:  B/W 1/2     W:B       1:2           Time        Value Moves Dep 1:2       1-2-Draws
   7 B 2    1.0:0.0        0.0:7.0       3:43:18 AM     0.00    11 4.000 :0 0-7-0

--------------------------------------------------------------

Engine-Match Monday, August 18, 2025 3:43:20 AM
 Blitz 2/1 

Pairing 12/21 :    V7P3R_v4.3  -  C0BR4_v1.0

PGN-File: C:\Program Files (x86)\Arena\Tournaments\Engine Battle 20250817_3.pgn

No:  B/W 1/2     W:B       1:2           Time        Value Moves Dep 1:2       1-2-Draws
   7 = =    2.0:2.0        2.0:5.0       3:43:37 AM     0.00    13 0:4.000  0-3-4

--------------------------------------------------------------

Engine-Match Monday, August 18, 2025 3:43:38 AM
 Blitz 2/1 

Pairing 13/21 :    Cece_v2.3  -  C0BR4_v2.0

PGN-File: C:\Program Files (x86)\Arena\Tournaments\Engine Battle 20250817_3.pgn

No:  B/W 1/2     W:B       1:2           Time        Value Moves Dep 1:2       1-2-Draws
   7 B 2    1.0:0.0        5.0:2.0       3:44:59 AM  -299.99    21 0:4.000  5-2-0

--------------------------------------------------------------

Engine-Match Monday, August 18, 2025 3:45:00 AM
 Blitz 2/1 

Pairing 14/21 :    C0BR4_v1.0  -  Slowmate_v1.0

PGN-File: C:\Program Files (x86)\Arena\Tournaments\Engine Battle 20250817_3.pgn

No:  B/W 1/2     W:B       1:2           Time        Value Moves Dep 1:2       1-2-Draws
   7 B 2    1.0:0.0        0.0:7.0       3:45:14 AM     0.00    14 4.000 :0 0-7-0

--------------------------------------------------------------

Engine-Match Monday, August 18, 2025 3:45:20 AM
 Blitz 2/1 

Pairing 15/21 :    V7P3R_v4.1  -  V7P3R_v4.3

PGN-File: C:\Program Files (x86)\Arena\Tournaments\Engine Battle 20250817_3.pgn

No:  B/W 1/2     W:B       1:2           Time        Value Moves Dep 1:2       1-2-Draws
   7 W 1    1.0:0.0        4.0:3.0       3:47:50 AM     0.00    27 0:0 4-3-0

--------------------------------------------------------------

Engine-Match Monday, August 18, 2025 3:47:51 AM
 Blitz 2/1 

Pairing 16/21 :    Cece_v2.0  -  C0BR4_v1.0

PGN-File: C:\Program Files (x86)\Arena\Tournaments\Engine Battle 20250817_3.pgn

No:  B/W 1/2     W:B       1:2           Time        Value Moves Dep 1:2       1-2-Draws
   7 W 1    1.0:0.0        5.0:2.0       3:48:59 AM     0.00    17 0:4.000  5-2-0

--------------------------------------------------------------

Engine-Match Monday, August 18, 2025 3:49:00 AM
 Blitz 2/1 

Pairing 17/21 :    V7P3R_v4.3  -  Cece_v2.3

PGN-File: C:\Program Files (x86)\Arena\Tournaments\Engine Battle 20250817_3.pgn

No:  B/W 1/2     W:B       1:2           Time        Value Moves Dep 1:2       1-2-Draws
   7 W 1    1.5:0.5        6.5:0.5       3:49:51 AM     0.00    10 0:0 6-0-1

--------------------------------------------------------------

Engine-Match Monday, August 18, 2025 3:49:52 AM
 Blitz 2/1 

Pairing 18/21 :    Slowmate_v1.0  -  V7P3R_v4.1

PGN-File: C:\Program Files (x86)\Arena\Tournaments\Engine Battle 20250817_3.pgn

No:  B/W 1/2     W:B       1:2           Time        Value Moves Dep 1:2       1-2-Draws
   7 W 1    1.0:0.0        7.0:0.0       3:52:45 AM     0.00    25 0:0 7-0-0

--------------------------------------------------------------

Engine-Match Monday, August 18, 2025 3:52:46 AM
 Blitz 2/1 

Pairing 19/21 :    C0BR4_v2.0  -  V7P3R_v4.3

PGN-File: C:\Program Files (x86)\Arena\Tournaments\Engine Battle 20250817_3.pgn

No:  B/W 1/2     W:B       1:2           Time        Value Moves Dep 1:2       1-2-Draws
   7 B 2    1.0:0.0        2.0:5.0       3:53:18 AM     0.00    21 4.000 :0 2-5-0

--------------------------------------------------------------

Engine-Match Monday, August 18, 2025 3:53:19 AM
 Blitz 2/1 

Pairing 20/21 :    V7P3R_v4.1  -  Cece_v2.0

PGN-File: C:\Program Files (x86)\Arena\Tournaments\Engine Battle 20250817_3.pgn

No:  B/W 1/2     W:B       1:2           Time        Value Moves Dep 1:2       1-2-Draws
   7 B 2    1.0:0.0        4.0:3.0       3:57:27 AM     0.00    28 0:0 4-3-0

--------------------------------------------------------------

Engine-Match Monday, August 18, 2025 3:57:28 AM
 Blitz 2/1 

Pairing 21/21 :    Cece_v2.3  -  Slowmate_v1.0

PGN-File: C:\Program Files (x86)\Arena\Tournaments\Engine Battle 20250817_3.pgn

No:  B/W 1/2     W:B       1:2           Time        Value Moves Dep 1:2       1-2-Draws
   7 B 2    2.0:1.0        1.0:6.0       3:59:03 AM     0.00    23 0:0 0-5-2

--------------------------------------------------------------

Engine-Match Monday, August 18, 2025 3:59:04 AM
 Blitz 2/1 

Pairing 1/21 :    C0BR4_v1.0  -  V7P3R_v4.1

PGN-File: C:\Program Files (x86)\Arena\Tournaments\Engine Battle 20250817_3.pgn

No:  B/W 1/2     W:B       1:2           Time        Value Moves Dep 1:2       1-2-Draws
   8 W 2    1.0:0.0        0.0:8.0       4:00:33 AM     0.00    12 4.000 :0 0-8-0

--------------------------------------------------------------

Engine-Match Monday, August 18, 2025 4:00:35 AM
 Blitz 2/1 

Pairing 2/21 :    Slowmate_v1.0  -  C0BR4_v2.0

PGN-File: C:\Program Files (x86)\Arena\Tournaments\Engine Battle 20250817_3.pgn

No:  B/W 1/2     W:B       1:2           Time        Value Moves Dep 1:2       1-2-Draws
   8 B 1    1.0:0.0        6.0:2.0       4:01:02 AM     0.00    24 0:4.000  6-2-0

--------------------------------------------------------------

Engine-Match Monday, August 18, 2025 4:01:03 AM
 Blitz 2/1 

Pairing 3/21 :    Cece_v2.0  -  Cece_v2.3

PGN-File: C:\Program Files (x86)\Arena\Tournaments\Engine Battle 20250817_3.pgn

No:  B/W 1/2     W:B       1:2           Time        Value Moves Dep 1:2       1-2-Draws
   8 W 2    2.5:1.5        2.5:5.5       4:02:29 AM     0.00    11 0:0 1-4-3

--------------------------------------------------------------

Engine-Match Monday, August 18, 2025 4:02:31 AM
 Blitz 2/1 

Pairing 4/21 :    V7P3R_v4.3  -  Slowmate_v1.0

PGN-File: C:\Program Files (x86)\Arena\Tournaments\Engine Battle 20250817_3.pgn

No:  B/W 1/2     W:B       1:2           Time        Value Moves Dep 1:2       1-2-Draws
   8 = =    4.0:4.0        4.0:4.0       4:03:55 AM     0.00    62 0:0 0-0-8

--------------------------------------------------------------

Engine-Match Monday, August 18, 2025 4:03:56 AM
 Blitz 2/1 

Pairing 5/21 :    Cece_v2.3  -  C0BR4_v1.0

PGN-File: C:\Program Files (x86)\Arena\Tournaments\Engine Battle 20250817_3.pgn

No:  B/W 1/2     W:B       1:2           Time        Value Moves Dep 1:2       1-2-Draws
   8 B 1    1.0:0.0        6.0:2.0       4:04:40 AM     0.00    10 0:4.000  6-2-0

--------------------------------------------------------------

Engine-Match Monday, August 18, 2025 4:04:41 AM
 Blitz 2/1 

Pairing 6/21 :    C0BR4_v2.0  -  Cece_v2.0

PGN-File: C:\Program Files (x86)\Arena\Tournaments\Engine Battle 20250817_3.pgn

No:  B/W 1/2     W:B       1:2           Time        Value Moves Dep 1:2       1-2-Draws
   8 W 2    1.0:0.0        5.0:3.0       4:06:04 AM     0.00    22 4.000 :0 5-3-0

--------------------------------------------------------------

Engine-Match Monday, August 18, 2025 4:06:06 AM
 Blitz 2/1 

Pairing 7/21 :    V7P3R_v4.1  -  Cece_v2.3

PGN-File: C:\Program Files (x86)\Arena\Tournaments\Engine Battle 20250817_3.pgn

No:  B/W 1/2     W:B       1:2           Time        Value Moves Dep 1:2       1-2-Draws
   8 B 1    1.0:0.0        4.0:4.0       4:10:21 AM     0.00    43 0:0 4-4-0

--------------------------------------------------------------

Engine-Match Monday, August 18, 2025 4:10:22 AM
 Blitz 2/1 

Pairing 8/21 :    Cece_v2.0  -  V7P3R_v4.3

PGN-File: C:\Program Files (x86)\Arena\Tournaments\Engine Battle 20250817_3.pgn

No:  B/W 1/2     W:B       1:2           Time        Value Moves Dep 1:2       1-2-Draws
   8 = =    2.5:2.5        2.5:5.5       4:13:31 AM     0.00    54 0:0 0-3-5

--------------------------------------------------------------

Engine-Match Monday, August 18, 2025 4:13:33 AM
 Blitz 2/1 

Pairing 9/21 :    C0BR4_v1.0  -  C0BR4_v2.0

PGN-File: C:\Program Files (x86)\Arena\Tournaments\Engine Battle 20250817_3.pgn

No:  B/W 1/2     W:B       1:2           Time        Value Moves Dep 1:2       1-2-Draws
   8 W 2    2.5:1.5        1.5:6.5       4:13:50 AM    +9.70    24 4.000 :4.000  0-5-3

--------------------------------------------------------------

Engine-Match Monday, August 18, 2025 4:13:51 AM
 Blitz 2/1 

Pairing 10/21 :    Slowmate_v1.0  -  Cece_v2.0

PGN-File: C:\Program Files (x86)\Arena\Tournaments\Engine Battle 20250817_3.pgn

No:  B/W 1/2     W:B       1:2           Time        Value Moves Dep 1:2       1-2-Draws
   8 B 1    4.0:3.0        5.0:3.0       4:15:19 AM     0.00    22 0:0 2-0-6

--------------------------------------------------------------

Engine-Match Monday, August 18, 2025 4:15:20 AM
 Blitz 2/1 

Pairing 11/21 :    C0BR4_v2.0  -  V7P3R_v4.1

PGN-File: C:\Program Files (x86)\Arena\Tournaments\Engine Battle 20250817_3.pgn

No:  B/W 1/2     W:B       1:2           Time        Value Moves Dep 1:2       1-2-Draws
   8 W 2    1.0:0.0        0.0:8.0       4:16:20 AM     0.00    10 4.000 :0 0-8-0

--------------------------------------------------------------

Engine-Match Monday, August 18, 2025 4:16:21 AM
 Blitz 2/1 

Pairing 12/21 :    V7P3R_v4.3  -  C0BR4_v1.0

PGN-File: C:\Program Files (x86)\Arena\Tournaments\Engine Battle 20250817_3.pgn

No:  B/W 1/2     W:B       1:2           Time        Value Moves Dep 1:2       1-2-Draws
   8 W 2    3.0:2.0        2.0:6.0       4:17:04 AM  +299.99    40 0:4.000  0-4-4

--------------------------------------------------------------

Engine-Match Monday, August 18, 2025 4:17:05 AM
 Blitz 2/1 

Pairing 13/21 :    Cece_v2.3  -  C0BR4_v2.0

PGN-File: C:\Program Files (x86)\Arena\Tournaments\Engine Battle 20250817_3.pgn

No:  B/W 1/2     W:B       1:2           Time        Value Moves Dep 1:2       1-2-Draws
   8 W 2    1.0:0.0        5.0:3.0       4:17:29 AM  +299.99     6 0:4.000  5-3-0

--------------------------------------------------------------

Engine-Match Monday, August 18, 2025 4:17:36 AM
 Blitz 2/1 

Pairing 14/21 :    C0BR4_v1.0  -  Slowmate_v1.0

PGN-File: C:\Program Files (x86)\Arena\Tournaments\Engine Battle 20250817_3.pgn

No:  B/W 1/2     W:B       1:2           Time        Value Moves Dep 1:2       1-2-Draws
   8 W 2    1.0:0.0        0.0:8.0       4:18:14 AM     0.00    28 4.000 :0 0-8-0

--------------------------------------------------------------

Engine-Match Monday, August 18, 2025 4:18:15 AM
 Blitz 2/1 

Pairing 15/21 :    V7P3R_v4.1  -  V7P3R_v4.3

PGN-File: C:\Program Files (x86)\Arena\Tournaments\Engine Battle 20250817_3.pgn

No:  B/W 1/2     W:B       1:2           Time        Value Moves Dep 1:2       1-2-Draws
   8 W 2    1.0:0.0        4.0:4.0       4:20:52 AM     0.00    15 0:0 4-4-0

--------------------------------------------------------------

Engine-Match Monday, August 18, 2025 4:20:53 AM
 Blitz 2/1 

Pairing 16/21 :    Cece_v2.0  -  C0BR4_v1.0

PGN-File: C:\Program Files (x86)\Arena\Tournaments\Engine Battle 20250817_3.pgn

No:  B/W 1/2     W:B       1:2           Time        Value Moves Dep 1:2       1-2-Draws
   8 B 1    1.0:0.0        6.0:2.0       4:22:18 AM     0.00    22 0:4.000  6-2-0

--------------------------------------------------------------

Engine-Match Monday, August 18, 2025 4:22:20 AM
 Blitz 2/1 

Pairing 17/21 :    V7P3R_v4.3  -  Cece_v2.3

PGN-File: C:\Program Files (x86)\Arena\Tournaments\Engine Battle 20250817_3.pgn

No:  B/W 1/2     W:B       1:2           Time        Value Moves Dep 1:2       1-2-Draws
   8 B 1    1.5:0.5        7.5:0.5       4:23:41 AM     0.00    18 0:0 7-0-1

--------------------------------------------------------------

Engine-Match Monday, August 18, 2025 4:23:42 AM
 Blitz 2/1 

Pairing 18/21 :    Slowmate_v1.0  -  V7P3R_v4.1

PGN-File: C:\Program Files (x86)\Arena\Tournaments\Engine Battle 20250817_3.pgn

No:  B/W 1/2     W:B       1:2           Time        Value Moves Dep 1:2       1-2-Draws
   8 B 1    1.0:0.0        8.0:0.0       4:26:30 AM     0.00    23 0:0 8-0-0

--------------------------------------------------------------

Engine-Match Monday, August 18, 2025 4:26:32 AM
 Blitz 2/1 

Pairing 19/21 :    C0BR4_v2.0  -  V7P3R_v4.3

PGN-File: C:\Program Files (x86)\Arena\Tournaments\Engine Battle 20250817_3.pgn

No:  B/W 1/2     W:B       1:2           Time        Value Moves Dep 1:2       1-2-Draws
   8 B 1    1.0:0.0        3.0:5.0       4:26:58 AM  -299.99    16 4.000 :0 3-5-0

--------------------------------------------------------------

Engine-Match Monday, August 18, 2025 4:26:59 AM
 Blitz 2/1 

Pairing 20/21 :    V7P3R_v4.1  -  Cece_v2.0

PGN-File: C:\Program Files (x86)\Arena\Tournaments\Engine Battle 20250817_3.pgn

No:  B/W 1/2     W:B       1:2           Time        Value Moves Dep 1:2       1-2-Draws
   8 B 1    1.0:0.0        5.0:3.0       4:29:44 AM     0.00    26 0:0 5-3-0

--------------------------------------------------------------

Engine-Match Monday, August 18, 2025 4:29:45 AM
 Blitz 2/1 

Pairing 21/21 :    Cece_v2.3  -  Slowmate_v1.0

PGN-File: C:\Program Files (x86)\Arena\Tournaments\Engine Battle 20250817_3.pgn

No:  B/W 1/2     W:B       1:2           Time        Value Moves Dep 1:2       1-2-Draws
   8 W 2    2.0:1.0        1.0:7.0       4:31:31 AM     0.00    24 0:0 0-6-2

--------------------------------------------------------------

Engine-Match Monday, August 18, 2025 4:31:32 AM
 Blitz 2/1 

Pairing 1/21 :    C0BR4_v1.0  -  V7P3R_v4.1

PGN-File: C:\Program Files (x86)\Arena\Tournaments\Engine Battle 20250817_3.pgn

No:  B/W 1/2     W:B       1:2           Time        Value Moves Dep 1:2       1-2-Draws
   9 B 2    1.0:0.0        0.0:9.0       4:33:07 AM     0.00    12 4.000 :0 0-9-0

--------------------------------------------------------------

Engine-Match Monday, August 18, 2025 4:33:09 AM
 Blitz 2/1 

Pairing 2/21 :    Slowmate_v1.0  -  C0BR4_v2.0

PGN-File: C:\Program Files (x86)\Arena\Tournaments\Engine Battle 20250817_3.pgn

No:  B/W 1/2     W:B       1:2           Time        Value Moves Dep 1:2       1-2-Draws
   9 W 1    1.0:0.0        7.0:2.0       4:33:20 AM     0.00    10 0:4.000  7-2-0

--------------------------------------------------------------

Engine-Match Monday, August 18, 2025 4:33:21 AM
 Blitz 2/1 

Pairing 3/21 :    Cece_v2.0  -  Cece_v2.3

PGN-File: C:\Program Files (x86)\Arena\Tournaments\Engine Battle 20250817_3.pgn

No:  B/W 1/2     W:B       1:2           Time        Value Moves Dep 1:2       1-2-Draws
   9 W 1    2.5:1.5        3.5:5.5       4:36:58 AM     0.00    36 0:0 2-4-3

--------------------------------------------------------------

Engine-Match Monday, August 18, 2025 4:36:59 AM
 Blitz 2/1 

Pairing 4/21 :    V7P3R_v4.3  -  Slowmate_v1.0

PGN-File: C:\Program Files (x86)\Arena\Tournaments\Engine Battle 20250817_3.pgn

No:  B/W 1/2     W:B       1:2           Time        Value Moves Dep 1:2       1-2-Draws
   9 = =    4.5:4.5        4.5:4.5       4:37:53 AM     0.00    35 0:0 0-0-9

--------------------------------------------------------------

Engine-Match Monday, August 18, 2025 4:37:54 AM
 Blitz 2/1 

Pairing 5/21 :    Cece_v2.3  -  C0BR4_v1.0

PGN-File: C:\Program Files (x86)\Arena\Tournaments\Engine Battle 20250817_3.pgn

No:  B/W 1/2     W:B       1:2           Time        Value Moves Dep 1:2       1-2-Draws
   9 W 1    1.0:0.0        7.0:2.0       4:38:58 AM     0.00    16 0:4.000  7-2-0

--------------------------------------------------------------

Engine-Match Monday, August 18, 2025 4:38:59 AM
 Blitz 2/1 

Pairing 6/21 :    C0BR4_v2.0  -  Cece_v2.0

PGN-File: C:\Program Files (x86)\Arena\Tournaments\Engine Battle 20250817_3.pgn

No:  B/W 1/2     W:B       1:2           Time        Value Moves Dep 1:2       1-2-Draws
   9 W 1    1.0:0.0        6.0:3.0       4:39:51 AM  +299.99    13 4.000 :0 6-3-0

--------------------------------------------------------------

Engine-Match Monday, August 18, 2025 4:39:52 AM
 Blitz 2/1 

Pairing 7/21 :    V7P3R_v4.1  -  Cece_v2.3

PGN-File: C:\Program Files (x86)\Arena\Tournaments\Engine Battle 20250817_3.pgn

No:  B/W 1/2     W:B       1:2           Time        Value Moves Dep 1:2       1-2-Draws
   9 B 2    1.0:0.0        4.0:5.0       4:43:18 AM     0.00    17 0:0 4-5-0

--------------------------------------------------------------

Engine-Match Monday, August 18, 2025 4:43:19 AM
 Blitz 2/1 

Pairing 8/21 :    Cece_v2.0  -  V7P3R_v4.3

PGN-File: C:\Program Files (x86)\Arena\Tournaments\Engine Battle 20250817_3.pgn

No:  B/W 1/2     W:B       1:2           Time        Value Moves Dep 1:2       1-2-Draws
   9 B 2    3.5:2.5        2.5:6.5       4:46:51 AM     0.00    62 0:0 0-4-5

--------------------------------------------------------------

Engine-Match Monday, August 18, 2025 4:46:53 AM
 Blitz 2/1 

Pairing 9/21 :    C0BR4_v1.0  -  C0BR4_v2.0

PGN-File: C:\Program Files (x86)\Arena\Tournaments\Engine Battle 20250817_3.pgn

No:  B/W 1/2     W:B       1:2           Time        Value Moves Dep 1:2       1-2-Draws
   9 = =    2.0:2.0        2.0:7.0       4:47:17 AM    +4.70    36 4.000 :4.000  0-5-4

--------------------------------------------------------------

Engine-Match Monday, August 18, 2025 4:47:18 AM
 Blitz 2/1 

Pairing 10/21 :    Slowmate_v1.0  -  Cece_v2.0

PGN-File: C:\Program Files (x86)\Arena\Tournaments\Engine Battle 20250817_3.pgn

No:  B/W 1/2     W:B       1:2           Time        Value Moves Dep 1:2       1-2-Draws
   9 W 1    4.0:3.0        6.0:3.0       4:48:32 AM     0.00    17 0:0 3-0-6

--------------------------------------------------------------

Engine-Match Monday, August 18, 2025 4:48:33 AM
 Blitz 2/1 

Pairing 11/21 :    C0BR4_v2.0  -  V7P3R_v4.1

PGN-File: C:\Program Files (x86)\Arena\Tournaments\Engine Battle 20250817_3.pgn

No:  B/W 1/2     W:B       1:2           Time        Value Moves Dep 1:2       1-2-Draws
   9 B 2    1.0:0.0        0.0:9.0       4:50:17 AM     0.00    12 4.000 :0 0-9-0

--------------------------------------------------------------

Engine-Match Monday, August 18, 2025 4:50:18 AM
 Blitz 2/1 

Pairing 12/21 :    V7P3R_v4.3  -  C0BR4_v1.0

PGN-File: C:\Program Files (x86)\Arena\Tournaments\Engine Battle 20250817_3.pgn

No:  B/W 1/2     W:B       1:2           Time        Value Moves Dep 1:2       1-2-Draws
   9 = =    2.5:2.5        2.5:6.5       4:50:35 AM     0.00    13 0:4.000  0-4-5

--------------------------------------------------------------

Engine-Match Monday, August 18, 2025 4:50:41 AM
 Blitz 2/1 

Pairing 13/21 :    Cece_v2.3  -  C0BR4_v2.0

PGN-File: C:\Program Files (x86)\Arena\Tournaments\Engine Battle 20250817_3.pgn

No:  B/W 1/2     W:B       1:2           Time        Value Moves Dep 1:2       1-2-Draws
   9 B 2    1.0:0.0        5.0:4.0       4:51:53 AM  -299.99    18 0:4.000  5-4-0

--------------------------------------------------------------

Engine-Match Monday, August 18, 2025 4:51:55 AM
 Blitz 2/1 

Pairing 14/21 :    C0BR4_v1.0  -  Slowmate_v1.0

PGN-File: C:\Program Files (x86)\Arena\Tournaments\Engine Battle 20250817_3.pgn

No:  B/W 1/2     W:B       1:2           Time        Value Moves Dep 1:2       1-2-Draws
   9 B 2    1.0:0.0        0.0:9.0       4:52:08 AM     0.00    14 4.000 :0 0-9-0

--------------------------------------------------------------

Engine-Match Monday, August 18, 2025 4:52:10 AM
 Blitz 2/1 

Pairing 15/21 :    V7P3R_v4.1  -  V7P3R_v4.3

PGN-File: C:\Program Files (x86)\Arena\Tournaments\Engine Battle 20250817_3.pgn

No:  B/W 1/2     W:B       1:2           Time        Value Moves Dep 1:2       1-2-Draws
   9 W 1    1.0:0.0        5.0:4.0       4:54:40 AM     0.00    27 0:0 5-4-0

--------------------------------------------------------------

Engine-Match Monday, August 18, 2025 4:54:42 AM
 Blitz 2/1 

Pairing 16/21 :    Cece_v2.0  -  C0BR4_v1.0

PGN-File: C:\Program Files (x86)\Arena\Tournaments\Engine Battle 20250817_3.pgn

No:  B/W 1/2     W:B       1:2           Time        Value Moves Dep 1:2       1-2-Draws
   9 B 2    1.0:0.0        6.0:3.0       4:55:41 AM  -299.99    14 0:4.000  6-3-0

--------------------------------------------------------------

Engine-Match Monday, August 18, 2025 4:55:42 AM
 Blitz 2/1 

Pairing 17/21 :    V7P3R_v4.3  -  Cece_v2.3

PGN-File: C:\Program Files (x86)\Arena\Tournaments\Engine Battle 20250817_3.pgn

No:  B/W 1/2     W:B       1:2           Time        Value Moves Dep 1:2       1-2-Draws
   9 = =    1.0:1.0        8.0:1.0       4:59:04 AM     0.00    58 0:0 7-0-2

--------------------------------------------------------------

Engine-Match Monday, August 18, 2025 4:59:06 AM
 Blitz 2/1 

Pairing 18/21 :    Slowmate_v1.0  -  V7P3R_v4.1

PGN-File: C:\Program Files (x86)\Arena\Tournaments\Engine Battle 20250817_3.pgn

No:  B/W 1/2     W:B       1:2           Time        Value Moves Dep 1:2       1-2-Draws
   9 W 1    1.0:0.0        9.0:0.0       5:01:59 AM     0.00    25 0:0 9-0-0

--------------------------------------------------------------

Engine-Match Monday, August 18, 2025 5:02:00 AM
 Blitz 2/1 

Pairing 19/21 :    C0BR4_v2.0  -  V7P3R_v4.3

PGN-File: C:\Program Files (x86)\Arena\Tournaments\Engine Battle 20250817_3.pgn

No:  B/W 1/2     W:B       1:2           Time        Value Moves Dep 1:2       1-2-Draws
   9 B 2    1.0:0.0        3.0:6.0       5:02:34 AM     0.00    22 4.000 :0 3-6-0

--------------------------------------------------------------

Engine-Match Monday, August 18, 2025 5:02:36 AM
 Blitz 2/1 

Pairing 20/21 :    V7P3R_v4.1  -  Cece_v2.0

PGN-File: C:\Program Files (x86)\Arena\Tournaments\Engine Battle 20250817_3.pgn

No:  B/W 1/2     W:B       1:2           Time        Value Moves Dep 1:2       1-2-Draws
   9 B 2    1.0:0.0        5.0:4.0       5:05:48 AM     0.00    14 0:0 5-4-0

--------------------------------------------------------------

Engine-Match Monday, August 18, 2025 5:05:50 AM
 Blitz 2/1 

Pairing 21/21 :    Cece_v2.3  -  Slowmate_v1.0

PGN-File: C:\Program Files (x86)\Arena\Tournaments\Engine Battle 20250817_3.pgn

No:  B/W 1/2     W:B       1:2           Time        Value Moves Dep 1:2       1-2-Draws
   9 = =    1.5:1.5        1.5:7.5       5:08:03 AM     0.00    37 0:0 0-6-3

--------------------------------------------------------------

Engine-Match Monday, August 18, 2025 5:08:05 AM
 Blitz 2/1 

Pairing 1/21 :    C0BR4_v1.0  -  V7P3R_v4.1

PGN-File: C:\Program Files (x86)\Arena\Tournaments\Engine Battle 20250817_3.pgn

No:  B/W 1/2     W:B       1:2           Time        Value Moves Dep 1:2       1-2-Draws
  10 W 2    1.0:0.0        0.0:10.0      5:09:34 AM     0.00    12 4.000 :0 0-10-0

--------------------------------------------------------------

Engine-Match Monday, August 18, 2025 5:09:36 AM
 Blitz 2/1 

Pairing 2/21 :    Slowmate_v1.0  -  C0BR4_v2.0

PGN-File: C:\Program Files (x86)\Arena\Tournaments\Engine Battle 20250817_3.pgn

No:  B/W 1/2     W:B       1:2           Time        Value Moves Dep 1:2       1-2-Draws
  10 B 1    1.0:0.0        8.0:2.0       5:09:51 AM     0.00    10 0:4.000  8-2-0

--------------------------------------------------------------

Engine-Match Monday, August 18, 2025 5:09:52 AM
 Blitz 2/1 

Pairing 3/21 :    Cece_v2.0  -  Cece_v2.3

PGN-File: C:\Program Files (x86)\Arena\Tournaments\Engine Battle 20250817_3.pgn

No:  B/W 1/2     W:B       1:2           Time        Value Moves Dep 1:2       1-2-Draws
  10 = =    2.0:2.0        4.0:6.0       5:13:55 AM     0.00    42 0:0 2-4-4

--------------------------------------------------------------

Engine-Match Monday, August 18, 2025 5:13:56 AM
 Blitz 2/1 

Pairing 4/21 :    V7P3R_v4.3  -  Slowmate_v1.0

PGN-File: C:\Program Files (x86)\Arena\Tournaments\Engine Battle 20250817_3.pgn

No:  B/W 1/2     W:B       1:2           Time        Value Moves Dep 1:2       1-2-Draws
  10 = =    5.0:5.0        5.0:5.0       5:15:20 AM     0.00    62 0:0 0-0-10

--------------------------------------------------------------

Engine-Match Monday, August 18, 2025 5:15:21 AM
 Blitz 2/1 

Pairing 5/21 :    Cece_v2.3  -  C0BR4_v1.0

PGN-File: C:\Program Files (x86)\Arena\Tournaments\Engine Battle 20250817_3.pgn

No:  B/W 1/2     W:B       1:2           Time        Value Moves Dep 1:2       1-2-Draws
  10 W 2    1.0:0.0        7.0:3.0       5:16:12 AM  +299.99    13 0:4.000  7-3-0

--------------------------------------------------------------

Engine-Match Monday, August 18, 2025 5:16:13 AM
 Blitz 2/1 

Pairing 6/21 :    C0BR4_v2.0  -  Cece_v2.0

PGN-File: C:\Program Files (x86)\Arena\Tournaments\Engine Battle 20250817_3.pgn

No:  B/W 1/2     W:B       1:2           Time        Value Moves Dep 1:2       1-2-Draws
  10 W 2    1.0:0.0        6.0:4.0       5:17:36 AM     0.00    22 4.000 :0 6-4-0

--------------------------------------------------------------

Engine-Match Monday, August 18, 2025 5:17:38 AM
 Blitz 2/1 

Pairing 7/21 :    V7P3R_v4.1  -  Cece_v2.3

PGN-File: C:\Program Files (x86)\Arena\Tournaments\Engine Battle 20250817_3.pgn

No:  B/W 1/2     W:B       1:2           Time        Value Moves Dep 1:2       1-2-Draws
  10 B 1    1.0:0.0        5.0:5.0       5:21:34 AM     0.00    30 0:0 5-5-0

--------------------------------------------------------------

Engine-Match Monday, August 18, 2025 5:21:35 AM
 Blitz 2/1 

Pairing 8/21 :    Cece_v2.0  -  V7P3R_v4.3

PGN-File: C:\Program Files (x86)\Arena\Tournaments\Engine Battle 20250817_3.pgn

No:  B/W 1/2     W:B       1:2           Time        Value Moves Dep 1:2       1-2-Draws
  10 = =    3.0:3.0        3.0:7.0       5:23:14 AM     0.00    26 0:0 0-4-6

--------------------------------------------------------------

Engine-Match Monday, August 18, 2025 5:23:15 AM
 Blitz 2/1 

Pairing 9/21 :    C0BR4_v1.0  -  C0BR4_v2.0

PGN-File: C:\Program Files (x86)\Arena\Tournaments\Engine Battle 20250817_3.pgn

No:  B/W 1/2     W:B       1:2           Time        Value Moves Dep 1:2       1-2-Draws
  10 = =    2.5:2.5        2.5:7.5       5:23:41 AM    -0.55    37 4.000 :4.000  0-5-5

--------------------------------------------------------------

Engine-Match Monday, August 18, 2025 5:23:42 AM
 Blitz 2/1 

Pairing 10/21 :    Slowmate_v1.0  -  Cece_v2.0

PGN-File: C:\Program Files (x86)\Arena\Tournaments\Engine Battle 20250817_3.pgn

No:  B/W 1/2     W:B       1:2           Time        Value Moves Dep 1:2       1-2-Draws
  10 B 1    4.0:3.0        7.0:3.0       5:25:10 AM     0.00    22 0:0 4-0-6

--------------------------------------------------------------

Engine-Match Monday, August 18, 2025 5:25:12 AM
 Blitz 2/1 

Pairing 11/21 :    C0BR4_v2.0  -  V7P3R_v4.1

PGN-File: C:\Program Files (x86)\Arena\Tournaments\Engine Battle 20250817_3.pgn

No:  B/W 1/2     W:B       1:2           Time        Value Moves Dep 1:2       1-2-Draws
  10 W 2    1.0:0.0        0.0:10.0      5:26:49 AM     0.00     9 4.000 :0 0-10-0

--------------------------------------------------------------

Engine-Match Monday, August 18, 2025 5:26:55 AM
 Blitz 2/1 

Pairing 12/21 :    V7P3R_v4.3  -  C0BR4_v1.0

PGN-File: C:\Program Files (x86)\Arena\Tournaments\Engine Battle 20250817_3.pgn

No:  B/W 1/2     W:B       1:2           Time        Value Moves Dep 1:2       1-2-Draws
  10 W 2    3.5:2.5        2.5:7.5       5:27:37 AM  +299.99    40 0:4.000  0-5-5

--------------------------------------------------------------

Engine-Match Monday, August 18, 2025 5:27:39 AM
 Blitz 2/1 

Pairing 13/21 :    Cece_v2.3  -  C0BR4_v2.0

PGN-File: C:\Program Files (x86)\Arena\Tournaments\Engine Battle 20250817_3.pgn

No:  B/W 1/2     W:B       1:2           Time        Value Moves Dep 1:2       1-2-Draws
  10 W 2    1.0:0.0        5.0:5.0       5:28:44 AM  +299.99    17 0:4.000  5-5-0

--------------------------------------------------------------

Engine-Match Monday, August 18, 2025 5:28:45 AM
 Blitz 2/1 

Pairing 14/21 :    C0BR4_v1.0  -  Slowmate_v1.0

PGN-File: C:\Program Files (x86)\Arena\Tournaments\Engine Battle 20250817_3.pgn

No:  B/W 1/2     W:B       1:2           Time        Value Moves Dep 1:2       1-2-Draws
  10 W 2    1.0:0.0        0.0:10.0      5:29:24 AM     0.00    28 4.000 :0 0-10-0

--------------------------------------------------------------

Engine-Match Monday, August 18, 2025 5:29:26 AM
 Blitz 2/1 

Pairing 15/21 :    V7P3R_v4.1  -  V7P3R_v4.3

PGN-File: C:\Program Files (x86)\Arena\Tournaments\Engine Battle 20250817_3.pgn

No:  B/W 1/2     W:B       1:2           Time        Value Moves Dep 1:2       1-2-Draws
  10 W 2    1.0:0.0        5.0:5.0       5:32:02 AM     0.00    15 0:0 5-5-0

--------------------------------------------------------------

Engine-Match Monday, August 18, 2025 5:32:03 AM
 Blitz 2/1 

Pairing 16/21 :    Cece_v2.0  -  C0BR4_v1.0

PGN-File: C:\Program Files (x86)\Arena\Tournaments\Engine Battle 20250817_3.pgn

No:  B/W 1/2     W:B       1:2           Time        Value Moves Dep 1:2       1-2-Draws
  10 W 2    1.0:0.0        6.0:4.0       5:32:45 AM  +299.99    10 0:4.000  6-4-0

--------------------------------------------------------------

Engine-Match Monday, August 18, 2025 5:32:47 AM
 Blitz 2/1 

Pairing 17/21 :    V7P3R_v4.3  -  Cece_v2.3

PGN-File: C:\Program Files (x86)\Arena\Tournaments\Engine Battle 20250817_3.pgn

No:  B/W 1/2     W:B       1:2           Time        Value Moves Dep 1:2       1-2-Draws
  10 B 1    2.0:1.0        9.0:1.0       5:34:16 AM     0.00    19 0:0 8-0-2

--------------------------------------------------------------

Engine-Match Monday, August 18, 2025 5:34:17 AM
 Blitz 2/1 

Pairing 18/21 :    Slowmate_v1.0  -  V7P3R_v4.1

PGN-File: C:\Program Files (x86)\Arena\Tournaments\Engine Battle 20250817_3.pgn

No:  B/W 1/2     W:B       1:2           Time        Value Moves Dep 1:2       1-2-Draws
  10 B 1    1.0:0.0        10.0:0.0      5:37:05 AM     0.00    23 0:0 10-0-0

--------------------------------------------------------------

Engine-Match Monday, August 18, 2025 5:37:06 AM
 Blitz 2/1 

Pairing 19/21 :    C0BR4_v2.0  -  V7P3R_v4.3

PGN-File: C:\Program Files (x86)\Arena\Tournaments\Engine Battle 20250817_3.pgn

No:  B/W 1/2     W:B       1:2           Time        Value Moves Dep 1:2       1-2-Draws
  10 W 2    1.0:0.0        3.0:7.0       5:37:44 AM     0.00    27 4.000 :0 3-7-0

--------------------------------------------------------------

Engine-Match Monday, August 18, 2025 5:37:45 AM
 Blitz 2/1 

Pairing 20/21 :    V7P3R_v4.1  -  Cece_v2.0

PGN-File: C:\Program Files (x86)\Arena\Tournaments\Engine Battle 20250817_3.pgn

No:  B/W 1/2     W:B       1:2           Time        Value Moves Dep 1:2       1-2-Draws
  10 B 1    1.0:0.0        6.0:4.0       5:40:30 AM     0.00    26 0:0 6-4-0

--------------------------------------------------------------

Engine-Match Monday, August 18, 2025 5:40:31 AM
 Blitz 2/1 

Pairing 21/21 :    Cece_v2.3  -  Slowmate_v1.0

PGN-File: C:\Program Files (x86)\Arena\Tournaments\Engine Battle 20250817_3.pgn

No:  B/W 1/2     W:B       1:2           Time        Value Moves Dep 1:2       1-2-Draws
  10 W 2    2.5:1.5        1.5:8.5       5:42:57 AM     0.00    38 0:0 0-7-3
