Engine-Match Thursday, August 21, 2025 10:49:25 AM
 Blitz 2/1 

Pairing 1/6 :    V7P3R_v5.0  -  Slowmate_v1.0

PGN-File: C:\Program Files (x86)\Arena\Tournaments\Best of Engine Battle 20250821.pgn

No:  B/W 1/2     W:B       1:2           Time        Value Moves Dep 1:2       1-2-Draws
   1 B 2    1.0:0.0        0.0:1.0       10:51:52 AM   -31.90    41 3.105 :0 0-1-0

--------------------------------------------------------------

Engine-Match Thursday, August 21, 2025 10:51:53 AM
 Blitz 2/1 

Pairing 2/6 :    V7P3R_v4.1  -  SlowMate_v2.0

PGN-File: C:\Program Files (x86)\Arena\Tournaments\Best of Engine Battle 20250821.pgn

No:  B/W 1/2     W:B       1:2           Time        Value Moves Dep 1:2       1-2-Draws
   1 B 2    1.0:0.0        0.0:1.0       10:56:28 AM     0.00    22 0:0 0-1-0

--------------------------------------------------------------

Engine-Match Thursday, August 21, 2025 10:56:29 AM
 Blitz 2/1 

Pairing 3/6 :    V7P3R_v4.1  -  V7P3R_v5.0

PGN-File: C:\Program Files (x86)\Arena\Tournaments\Best of Engine Battle 20250821.pgn

No:  B/W 1/2     W:B       1:2           Time        Value Moves Dep 1:2       1-2-Draws
   1 W 1    1.0:0.0        1.0:0.0       10:56:36 AM     0.00     1 0:0 1-0-0

--------------------------------------------------------------

Engine-Match Thursday, August 21, 2025 10:56:37 AM
 Blitz 2/1 

Pairing 4/6 :    SlowMate_v2.0  -  Slowmate_v1.0

PGN-File: C:\Program Files (x86)\Arena\Tournaments\Best of Engine Battle 20250821.pgn

No:  B/W 1/2     W:B       1:2           Time        Value Moves Dep 1:2       1-2-Draws
   1 = =    0.5:0.5        0.5:0.5       10:57:16 AM     0.00     8 0:0 0-0-1

--------------------------------------------------------------

Engine-Match Thursday, August 21, 2025 10:57:18 AM
 Blitz 2/1 

Pairing 5/6 :    V7P3R_v5.0  -  SlowMate_v2.0

PGN-File: C:\Program Files (x86)\Arena\Tournaments\Best of Engine Battle 20250821.pgn

No:  B/W 1/2     W:B       1:2           Time        Value Moves Dep 1:2       1-2-Draws
   1 W 1    1.0:0.0        1.0:0.0       10:59:52 AM     0.00    19 3.105 :0 1-0-0

--------------------------------------------------------------

Engine-Match Thursday, August 21, 2025 10:59:53 AM
 Blitz 2/1 

Pairing 6/6 :    Slowmate_v1.0  -  V7P3R_v4.1

PGN-File: C:\Program Files (x86)\Arena\Tournaments\Best of Engine Battle 20250821.pgn

No:  B/W 1/2     W:B       1:2           Time        Value Moves Dep 1:2       1-2-Draws
   1 W 1    1.0:0.0        1.0:0.0       11:02:45 AM     0.00    24 0:0 1-0-0

--------------------------------------------------------------

Engine-Match Thursday, August 21, 2025 11:02:46 AM
 Blitz 2/1 

Pairing 1/6 :    V7P3R_v5.0  -  Slowmate_v1.0

PGN-File: C:\Program Files (x86)\Arena\Tournaments\Best of Engine Battle 20250821.pgn

No:  B/W 1/2     W:B       1:2           Time        Value Moves Dep 1:2       1-2-Draws
   2 W 2    1.0:0.0        0.0:2.0       11:03:16 AM   +29.69     5 4.000 :0 0-2-0

--------------------------------------------------------------

Engine-Match Thursday, August 21, 2025 11:03:17 AM
 Blitz 2/1 

Pairing 2/6 :    V7P3R_v4.1  -  SlowMate_v2.0

PGN-File: C:\Program Files (x86)\Arena\Tournaments\Best of Engine Battle 20250821.pgn

No:  B/W 1/2     W:B       1:2           Time        Value Moves Dep 1:2       1-2-Draws
   2 B 1    1.0:0.0        1.0:1.0       11:06:16 AM     0.00    17 0:0 1-1-0

--------------------------------------------------------------

Engine-Match Thursday, August 21, 2025 11:06:17 AM
 Blitz 2/1 

Pairing 3/6 :    V7P3R_v4.1  -  V7P3R_v5.0

PGN-File: C:\Program Files (x86)\Arena\Tournaments\Best of Engine Battle 20250821.pgn

No:  B/W 1/2     W:B       1:2           Time        Value Moves Dep 1:2       1-2-Draws
   2 W 2    1.0:0.0        1.0:1.0       11:09:04 AM     0.00    18 0:3.111  1-1-0

--------------------------------------------------------------

Engine-Match Thursday, August 21, 2025 11:09:06 AM
 Blitz 2/1 

Pairing 4/6 :    SlowMate_v2.0  -  Slowmate_v1.0

PGN-File: C:\Program Files (x86)\Arena\Tournaments\Best of Engine Battle 20250821.pgn

No:  B/W 1/2     W:B       1:2           Time        Value Moves Dep 1:2       1-2-Draws
   2 W 2    1.5:0.5        0.5:1.5       11:11:35 AM     0.00    26 0:0 0-1-1

--------------------------------------------------------------

Engine-Match Thursday, August 21, 2025 11:11:36 AM
 Blitz 2/1 

Pairing 5/6 :    V7P3R_v5.0  -  SlowMate_v2.0

PGN-File: C:\Program Files (x86)\Arena\Tournaments\Best of Engine Battle 20250821.pgn

No:  B/W 1/2     W:B       1:2           Time        Value Moves Dep 1:2       1-2-Draws
   2 B 1    1.0:0.0        2.0:0.0       11:14:46 AM     0.00    22 3.273 :0 2-0-0

--------------------------------------------------------------

Engine-Match Thursday, August 21, 2025 11:14:48 AM
 Blitz 2/1 

Pairing 6/6 :    Slowmate_v1.0  -  V7P3R_v4.1

PGN-File: C:\Program Files (x86)\Arena\Tournaments\Best of Engine Battle 20250821.pgn

No:  B/W 1/2     W:B       1:2           Time        Value Moves Dep 1:2       1-2-Draws
   2 B 1    1.0:0.0        2.0:0.0       11:17:27 AM     0.00    17 0:0 2-0-0

--------------------------------------------------------------

Engine-Match Thursday, August 21, 2025 11:17:28 AM
 Blitz 2/1 

Pairing 1/6 :    V7P3R_v5.0  -  Slowmate_v1.0

PGN-File: C:\Program Files (x86)\Arena\Tournaments\Best of Engine Battle 20250821.pgn

No:  B/W 1/2     W:B       1:2           Time        Value Moves Dep 1:2       1-2-Draws
   3 = =    0.5:0.5        0.5:2.5       11:19:47 AM     0.00    47 3.043 :0 0-2-1

--------------------------------------------------------------

Engine-Match Thursday, August 21, 2025 11:19:48 AM
 Blitz 2/1 

Pairing 2/6 :    V7P3R_v4.1  -  SlowMate_v2.0

PGN-File: C:\Program Files (x86)\Arena\Tournaments\Best of Engine Battle 20250821.pgn

No:  B/W 1/2     W:B       1:2           Time        Value Moves Dep 1:2       1-2-Draws
   3 B 2    1.0:0.0        1.0:2.0       11:24:32 AM     0.00    24 0:0 1-2-0

--------------------------------------------------------------

Engine-Match Thursday, August 21, 2025 11:24:33 AM
 Blitz 2/1 

Pairing 3/6 :    V7P3R_v4.1  -  V7P3R_v5.0

PGN-File: C:\Program Files (x86)\Arena\Tournaments\Best of Engine Battle 20250821.pgn

No:  B/W 1/2     W:B       1:2           Time        Value Moves Dep 1:2       1-2-Draws
   3 W 1    1.0:0.0        2.0:1.0       11:24:40 AM     0.00     1 0:0 2-1-0

--------------------------------------------------------------

Engine-Match Thursday, August 21, 2025 11:24:41 AM
 Blitz 2/1 

Pairing 4/6 :    SlowMate_v2.0  -  Slowmate_v1.0

PGN-File: C:\Program Files (x86)\Arena\Tournaments\Best of Engine Battle 20250821.pgn

No:  B/W 1/2     W:B       1:2           Time        Value Moves Dep 1:2       1-2-Draws
   3 = =    1.0:1.0        1.0:2.0       11:25:20 AM     0.00     8 0:0 0-1-2

--------------------------------------------------------------

Engine-Match Thursday, August 21, 2025 11:25:21 AM
 Blitz 2/1 

Pairing 5/6 :    V7P3R_v5.0  -  SlowMate_v2.0

PGN-File: C:\Program Files (x86)\Arena\Tournaments\Best of Engine Battle 20250821.pgn

No:  B/W 1/2     W:B       1:2           Time        Value Moves Dep 1:2       1-2-Draws
   3 = =    0.5:0.5        2.5:0.5       11:28:21 AM     0.00    21 3.095 :0 2-0-1

--------------------------------------------------------------

Engine-Match Thursday, August 21, 2025 11:28:22 AM
 Blitz 2/1 

Pairing 6/6 :    Slowmate_v1.0  -  V7P3R_v4.1

PGN-File: C:\Program Files (x86)\Arena\Tournaments\Best of Engine Battle 20250821.pgn

No:  B/W 1/2     W:B       1:2           Time        Value Moves Dep 1:2       1-2-Draws
   3 W 1    1.0:0.0        3.0:0.0       11:31:13 AM     0.00    24 0:0 3-0-0

--------------------------------------------------------------

Engine-Match Thursday, August 21, 2025 11:31:15 AM
 Blitz 2/1 

Pairing 1/6 :    V7P3R_v5.0  -  Slowmate_v1.0

PGN-File: C:\Program Files (x86)\Arena\Tournaments\Best of Engine Battle 20250821.pgn

No:  B/W 1/2     W:B       1:2           Time        Value Moves Dep 1:2       1-2-Draws
   4 W 2    1.5:0.5        0.5:3.5       11:31:39 AM   +29.69     5 4.000 :0 0-3-1

--------------------------------------------------------------

Engine-Match Thursday, August 21, 2025 11:31:40 AM
 Blitz 2/1 

Pairing 2/6 :    V7P3R_v4.1  -  SlowMate_v2.0

PGN-File: C:\Program Files (x86)\Arena\Tournaments\Best of Engine Battle 20250821.pgn

No:  B/W 1/2     W:B       1:2           Time        Value Moves Dep 1:2       1-2-Draws
   4 B 1    1.0:0.0        2.0:2.0       11:34:34 AM     0.00    17 0:0 2-2-0

--------------------------------------------------------------

Engine-Match Thursday, August 21, 2025 11:34:40 AM
 Blitz 2/1 

Pairing 3/6 :    V7P3R_v4.1  -  V7P3R_v5.0

PGN-File: C:\Program Files (x86)\Arena\Tournaments\Best of Engine Battle 20250821.pgn

No:  B/W 1/2     W:B       1:2           Time        Value Moves Dep 1:2       1-2-Draws
   4 B 1    1.0:0.0        3.0:1.0       11:36:30 AM   -15.89    10 0:3.200  3-1-0

--------------------------------------------------------------

Engine-Match Thursday, August 21, 2025 11:36:32 AM
 Blitz 2/1 

Pairing 4/6 :    SlowMate_v2.0  -  Slowmate_v1.0

PGN-File: C:\Program Files (x86)\Arena\Tournaments\Best of Engine Battle 20250821.pgn

No:  B/W 1/2     W:B       1:2           Time        Value Moves Dep 1:2       1-2-Draws
   4 W 2    2.0:1.0        1.0:3.0       11:39:00 AM     0.00    26 0:0 0-2-2

--------------------------------------------------------------

Engine-Match Thursday, August 21, 2025 11:39:01 AM
 Blitz 2/1 

Pairing 5/6 :    V7P3R_v5.0  -  SlowMate_v2.0

PGN-File: C:\Program Files (x86)\Arena\Tournaments\Best of Engine Battle 20250821.pgn

No:  B/W 1/2     W:B       1:2           Time        Value Moves Dep 1:2       1-2-Draws
   4 B 1    1.5:0.5        3.5:0.5       11:41:40 AM     0.00    18 4.000 :0 3-0-1

--------------------------------------------------------------

Engine-Match Thursday, August 21, 2025 11:41:41 AM
 Blitz 2/1 

Pairing 6/6 :    Slowmate_v1.0  -  V7P3R_v4.1

PGN-File: C:\Program Files (x86)\Arena\Tournaments\Best of Engine Battle 20250821.pgn

No:  B/W 1/2     W:B       1:2           Time        Value Moves Dep 1:2       1-2-Draws
   4 B 1    1.0:0.0        4.0:0.0       11:44:27 AM     0.00    22 0:0 4-0-0

--------------------------------------------------------------

Engine-Match Thursday, August 21, 2025 11:44:28 AM
 Blitz 2/1 

Pairing 1/6 :    V7P3R_v5.0  -  Slowmate_v1.0

PGN-File: C:\Program Files (x86)\Arena\Tournaments\Best of Engine Battle 20250821.pgn

No:  B/W 1/2     W:B       1:2           Time        Value Moves Dep 1:2       1-2-Draws
   5 = =    1.0:1.0        1.0:4.0       11:47:00 AM     0.00    38 3.053 :0 0-3-2

--------------------------------------------------------------

Engine-Match Thursday, August 21, 2025 11:47:01 AM
 Blitz 2/1 

Pairing 2/6 :    V7P3R_v4.1  -  SlowMate_v2.0

PGN-File: C:\Program Files (x86)\Arena\Tournaments\Best of Engine Battle 20250821.pgn

No:  B/W 1/2     W:B       1:2           Time        Value Moves Dep 1:2       1-2-Draws
   5 B 2    1.0:0.0        2.0:3.0       11:51:43 AM     0.00    24 0:0 2-3-0

--------------------------------------------------------------

Engine-Match Thursday, August 21, 2025 11:51:44 AM
 Blitz 2/1 

Pairing 3/6 :    V7P3R_v4.1  -  V7P3R_v5.0

PGN-File: C:\Program Files (x86)\Arena\Tournaments\Best of Engine Battle 20250821.pgn

No:  B/W 1/2     W:B       1:2           Time        Value Moves Dep 1:2       1-2-Draws
   5 B 2    1.0:0.0        3.0:2.0       11:55:06 AM     0.00    24 0:3.286  3-2-0

--------------------------------------------------------------

Engine-Match Thursday, August 21, 2025 11:55:08 AM
 Blitz 2/1 

Pairing 4/6 :    SlowMate_v2.0  -  Slowmate_v1.0

PGN-File: C:\Program Files (x86)\Arena\Tournaments\Best of Engine Battle 20250821.pgn

No:  B/W 1/2     W:B       1:2           Time        Value Moves Dep 1:2       1-2-Draws
   5 = =    1.5:1.5        1.5:3.5       11:55:49 AM     0.00     8 0:0 0-2-3

--------------------------------------------------------------

Engine-Match Thursday, August 21, 2025 11:55:50 AM
 Blitz 2/1 

Pairing 5/6 :    V7P3R_v5.0  -  SlowMate_v2.0

PGN-File: C:\Program Files (x86)\Arena\Tournaments\Best of Engine Battle 20250821.pgn

No:  B/W 1/2     W:B       1:2           Time        Value Moves Dep 1:2       1-2-Draws
   5 = =    1.0:1.0        4.0:1.0       11:58:49 AM     0.00    21 3.095 :0 3-0-2

--------------------------------------------------------------

Engine-Match Thursday, August 21, 2025 11:58:50 AM
 Blitz 2/1 

Pairing 6/6 :    Slowmate_v1.0  -  V7P3R_v4.1

PGN-File: C:\Program Files (x86)\Arena\Tournaments\Best of Engine Battle 20250821.pgn

No:  B/W 1/2     W:B       1:2           Time        Value Moves Dep 1:2       1-2-Draws
   5 W 1    1.0:0.0        5.0:0.0       12:01:43 PM     0.00    25 0:0 5-0-0

--------------------------------------------------------------

Engine-Match Thursday, August 21, 2025 12:01:44 PM
 Blitz 2/1 

Pairing 1/6 :    V7P3R_v5.0  -  Slowmate_v1.0

PGN-File: C:\Program Files (x86)\Arena\Tournaments\Best of Engine Battle 20250821.pgn

No:  B/W 1/2     W:B       1:2           Time        Value Moves Dep 1:2       1-2-Draws
   6 W 2    2.0:1.0        1.0:5.0       12:02:13 PM   +29.69     5 4.000 :0 0-4-2

--------------------------------------------------------------

Engine-Match Thursday, August 21, 2025 12:02:14 PM
 Blitz 2/1 

Pairing 2/6 :    V7P3R_v4.1  -  SlowMate_v2.0

PGN-File: C:\Program Files (x86)\Arena\Tournaments\Best of Engine Battle 20250821.pgn

No:  B/W 1/2     W:B       1:2           Time        Value Moves Dep 1:2       1-2-Draws
   6 B 1    1.0:0.0        3.0:3.0       12:05:06 PM     0.00    17 0:0 3-3-0

--------------------------------------------------------------

Engine-Match Thursday, August 21, 2025 12:05:08 PM
 Blitz 2/1 

Pairing 3/6 :    V7P3R_v4.1  -  V7P3R_v5.0

PGN-File: C:\Program Files (x86)\Arena\Tournaments\Best of Engine Battle 20250821.pgn

No:  B/W 1/2     W:B       1:2           Time        Value Moves Dep 1:2       1-2-Draws
   6 B 1    1.0:0.0        4.0:2.0       12:06:56 PM   -15.89    10 0:3.200  4-2-0

--------------------------------------------------------------

Engine-Match Thursday, August 21, 2025 12:06:58 PM
 Blitz 2/1 

Pairing 4/6 :    SlowMate_v2.0  -  Slowmate_v1.0

PGN-File: C:\Program Files (x86)\Arena\Tournaments\Best of Engine Battle 20250821.pgn

No:  B/W 1/2     W:B       1:2           Time        Value Moves Dep 1:2       1-2-Draws
   6 W 2    2.5:1.5        1.5:4.5       12:09:26 PM     0.00    26 0:0 0-3-3

--------------------------------------------------------------

Engine-Match Thursday, August 21, 2025 12:09:27 PM
 Blitz 2/1 

Pairing 5/6 :    V7P3R_v5.0  -  SlowMate_v2.0

PGN-File: C:\Program Files (x86)\Arena\Tournaments\Best of Engine Battle 20250821.pgn

No:  B/W 1/2     W:B       1:2           Time        Value Moves Dep 1:2       1-2-Draws
   6 B 1    2.0:1.0        5.0:1.0       12:11:24 PM     0.00    13 3.769 :0 4-0-2

--------------------------------------------------------------

Engine-Match Thursday, August 21, 2025 12:11:25 PM
 Blitz 2/1 

Pairing 6/6 :    Slowmate_v1.0  -  V7P3R_v4.1

PGN-File: C:\Program Files (x86)\Arena\Tournaments\Best of Engine Battle 20250821.pgn

No:  B/W 1/2     W:B       1:2           Time        Value Moves Dep 1:2       1-2-Draws
   6 B 1    1.0:0.0        6.0:0.0       12:14:11 PM     0.00    22 0:0 6-0-0

--------------------------------------------------------------

Engine-Match Thursday, August 21, 2025 12:14:13 PM
 Blitz 2/1 

Pairing 1/6 :    V7P3R_v5.0  -  Slowmate_v1.0

PGN-File: C:\Program Files (x86)\Arena\Tournaments\Best of Engine Battle 20250821.pgn

No:  B/W 1/2     W:B       1:2           Time        Value Moves Dep 1:2       1-2-Draws
   7 = =    1.5:1.5        1.5:5.5       12:17:02 PM     0.00    49 3.105 :0 0-4-3

--------------------------------------------------------------

Engine-Match Thursday, August 21, 2025 12:17:03 PM
 Blitz 2/1 

Pairing 2/6 :    V7P3R_v4.1  -  SlowMate_v2.0

PGN-File: C:\Program Files (x86)\Arena\Tournaments\Best of Engine Battle 20250821.pgn

No:  B/W 1/2     W:B       1:2           Time        Value Moves Dep 1:2       1-2-Draws
   7 B 2    1.0:0.0        3.0:4.0       12:21:50 PM     0.00    25 0:0 3-4-0

--------------------------------------------------------------

Engine-Match Thursday, August 21, 2025 12:21:51 PM
 Blitz 2/1 

Pairing 3/6 :    V7P3R_v4.1  -  V7P3R_v5.0

PGN-File: C:\Program Files (x86)\Arena\Tournaments\Best of Engine Battle 20250821.pgn

No:  B/W 1/2     W:B       1:2           Time        Value Moves Dep 1:2       1-2-Draws
   7 W 1    1.0:0.0        5.0:2.0       12:22:05 PM     0.00     1 0:0 5-2-0

--------------------------------------------------------------

Engine-Match Thursday, August 21, 2025 12:22:07 PM
 Blitz 2/1 

Pairing 4/6 :    SlowMate_v2.0  -  Slowmate_v1.0

PGN-File: C:\Program Files (x86)\Arena\Tournaments\Best of Engine Battle 20250821.pgn

No:  B/W 1/2     W:B       1:2           Time        Value Moves Dep 1:2       1-2-Draws
   7 = =    2.0:2.0        2.0:5.0       12:22:45 PM     0.00     8 0:0 0-3-4

--------------------------------------------------------------

Engine-Match Thursday, August 21, 2025 12:22:51 PM
 Blitz 2/1 

Pairing 5/6 :    V7P3R_v5.0  -  SlowMate_v2.0

PGN-File: C:\Program Files (x86)\Arena\Tournaments\Best of Engine Battle 20250821.pgn

No:  B/W 1/2     W:B       1:2           Time        Value Moves Dep 1:2       1-2-Draws
   7 = =    1.5:1.5        5.5:1.5       12:25:49 PM     0.00    21 3.095 :0 4-0-3

--------------------------------------------------------------

Engine-Match Thursday, August 21, 2025 12:25:51 PM
 Blitz 2/1 

Pairing 6/6 :    Slowmate_v1.0  -  V7P3R_v4.1

PGN-File: C:\Program Files (x86)\Arena\Tournaments\Best of Engine Battle 20250821.pgn

No:  B/W 1/2     W:B       1:2           Time        Value Moves Dep 1:2       1-2-Draws
   7 W 1    1.0:0.0        7.0:0.0       12:28:44 PM     0.00    25 0:0 7-0-0

--------------------------------------------------------------

Engine-Match Thursday, August 21, 2025 12:28:45 PM
 Blitz 2/1 

Pairing 1/6 :    V7P3R_v5.0  -  Slowmate_v1.0

PGN-File: C:\Program Files (x86)\Arena\Tournaments\Best of Engine Battle 20250821.pgn

No:  B/W 1/2     W:B       1:2           Time        Value Moves Dep 1:2       1-2-Draws
   8 W 2    2.5:1.5        1.5:6.5       12:29:13 PM   +29.69     5 4.000 :0 0-5-3

--------------------------------------------------------------

Engine-Match Thursday, August 21, 2025 12:29:15 PM
 Blitz 2/1 

Pairing 2/6 :    V7P3R_v4.1  -  SlowMate_v2.0

PGN-File: C:\Program Files (x86)\Arena\Tournaments\Best of Engine Battle 20250821.pgn

No:  B/W 1/2     W:B       1:2           Time        Value Moves Dep 1:2       1-2-Draws
   8 B 1    1.0:0.0        4.0:4.0       12:32:05 PM     0.00    17 0:0 4-4-0

--------------------------------------------------------------

Engine-Match Thursday, August 21, 2025 12:32:06 PM
 Blitz 2/1 

Pairing 3/6 :    V7P3R_v4.1  -  V7P3R_v5.0

PGN-File: C:\Program Files (x86)\Arena\Tournaments\Best of Engine Battle 20250821.pgn

No:  B/W 1/2     W:B       1:2           Time        Value Moves Dep 1:2       1-2-Draws
   8 B 1    1.0:0.0        6.0:2.0       12:33:52 PM   -15.89    10 0:3.200  6-2-0

--------------------------------------------------------------

Engine-Match Thursday, August 21, 2025 12:33:53 PM
 Blitz 2/1 

Pairing 4/6 :    SlowMate_v2.0  -  Slowmate_v1.0

PGN-File: C:\Program Files (x86)\Arena\Tournaments\Best of Engine Battle 20250821.pgn

No:  B/W 1/2     W:B       1:2           Time        Value Moves Dep 1:2       1-2-Draws
   8 W 2    3.0:2.0        2.0:6.0       12:36:21 PM     0.00    26 0:0 0-4-4

--------------------------------------------------------------

Engine-Match Thursday, August 21, 2025 12:36:22 PM
 Blitz 2/1 

Pairing 5/6 :    V7P3R_v5.0  -  SlowMate_v2.0

PGN-File: C:\Program Files (x86)\Arena\Tournaments\Best of Engine Battle 20250821.pgn

No:  B/W 1/2     W:B       1:2           Time        Value Moves Dep 1:2       1-2-Draws
   8 B 1    2.5:1.5        6.5:1.5       12:39:02 PM     0.00    18 4.000 :0 5-0-3

--------------------------------------------------------------

Engine-Match Thursday, August 21, 2025 12:39:04 PM
 Blitz 2/1 

Pairing 6/6 :    Slowmate_v1.0  -  V7P3R_v4.1

PGN-File: C:\Program Files (x86)\Arena\Tournaments\Best of Engine Battle 20250821.pgn

No:  B/W 1/2     W:B       1:2           Time        Value Moves Dep 1:2       1-2-Draws
   8 B 1    1.0:0.0        8.0:0.0       12:41:50 PM     0.00    23 0:0 8-0-0

--------------------------------------------------------------

Engine-Match Thursday, August 21, 2025 12:41:51 PM
 Blitz 2/1 

Pairing 1/6 :    V7P3R_v5.0  -  Slowmate_v1.0

PGN-File: C:\Program Files (x86)\Arena\Tournaments\Best of Engine Battle 20250821.pgn

No:  B/W 1/2     W:B       1:2           Time        Value Moves Dep 1:2       1-2-Draws
   9 B 2    2.5:1.5        1.5:7.5       12:43:57 PM   -55.24    36 3.083 :0 0-6-3

--------------------------------------------------------------

Engine-Match Thursday, August 21, 2025 12:43:58 PM
 Blitz 2/1 

Pairing 2/6 :    V7P3R_v4.1  -  SlowMate_v2.0

PGN-File: C:\Program Files (x86)\Arena\Tournaments\Best of Engine Battle 20250821.pgn

No:  B/W 1/2     W:B       1:2           Time        Value Moves Dep 1:2       1-2-Draws
   9 B 2    1.0:0.0        4.0:5.0       12:48:45 PM     0.00    25 0:0 4-5-0

--------------------------------------------------------------

Engine-Match Thursday, August 21, 2025 12:48:46 PM
 Blitz 2/1 

Pairing 3/6 :    V7P3R_v4.1  -  V7P3R_v5.0

PGN-File: C:\Program Files (x86)\Arena\Tournaments\Best of Engine Battle 20250821.pgn

No:  B/W 1/2     W:B       1:2           Time        Value Moves Dep 1:2       1-2-Draws
   9 W 1    1.0:0.0        7.0:2.0       12:49:01 PM     0.00     1 0:0 7-2-0

--------------------------------------------------------------

Engine-Match Thursday, August 21, 2025 12:49:02 PM
 Blitz 2/1 

Pairing 4/6 :    SlowMate_v2.0  -  Slowmate_v1.0

PGN-File: C:\Program Files (x86)\Arena\Tournaments\Best of Engine Battle 20250821.pgn

No:  B/W 1/2     W:B       1:2           Time        Value Moves Dep 1:2       1-2-Draws
   9 = =    2.5:2.5        2.5:6.5       12:49:41 PM     0.00     8 0:0 0-4-5

--------------------------------------------------------------

Engine-Match Thursday, August 21, 2025 12:49:42 PM
 Blitz 2/1 

Pairing 5/6 :    V7P3R_v5.0  -  SlowMate_v2.0

PGN-File: C:\Program Files (x86)\Arena\Tournaments\Best of Engine Battle 20250821.pgn

No:  B/W 1/2     W:B       1:2           Time        Value Moves Dep 1:2       1-2-Draws
   9 = =    2.0:2.0        7.0:2.0       12:52:57 PM     0.00    22 3.091 :0 5-0-4

--------------------------------------------------------------

Engine-Match Thursday, August 21, 2025 12:52:58 PM
 Blitz 2/1 

Pairing 6/6 :    Slowmate_v1.0  -  V7P3R_v4.1

PGN-File: C:\Program Files (x86)\Arena\Tournaments\Best of Engine Battle 20250821.pgn

No:  B/W 1/2     W:B       1:2           Time        Value Moves Dep 1:2       1-2-Draws
   9 W 1    1.0:0.0        9.0:0.0       12:55:51 PM     0.00    25 0:0 9-0-0

--------------------------------------------------------------

Engine-Match Thursday, August 21, 2025 12:55:53 PM
 Blitz 2/1 

Pairing 1/6 :    V7P3R_v5.0  -  Slowmate_v1.0

PGN-File: C:\Program Files (x86)\Arena\Tournaments\Best of Engine Battle 20250821.pgn

No:  B/W 1/2     W:B       1:2           Time        Value Moves Dep 1:2       1-2-Draws
  10 W 2    2.5:1.5        1.5:8.5       12:56:19 PM   +29.69     5 4.000 :0 0-7-3

--------------------------------------------------------------

Engine-Match Thursday, August 21, 2025 12:56:20 PM
 Blitz 2/1 

Pairing 2/6 :    V7P3R_v4.1  -  SlowMate_v2.0

PGN-File: C:\Program Files (x86)\Arena\Tournaments\Best of Engine Battle 20250821.pgn

No:  B/W 1/2     W:B       1:2           Time        Value Moves Dep 1:2       1-2-Draws
  10 B 1    1.0:0.0        5.0:5.0       12:59:10 PM     0.00    17 0:0 5-5-0

--------------------------------------------------------------

Engine-Match Thursday, August 21, 2025 12:59:11 PM
 Blitz 2/1 

Pairing 3/6 :    V7P3R_v4.1  -  V7P3R_v5.0

PGN-File: C:\Program Files (x86)\Arena\Tournaments\Best of Engine Battle 20250821.pgn

No:  B/W 1/2     W:B       1:2           Time        Value Moves Dep 1:2       1-2-Draws
  10 B 1    1.0:0.0        8.0:2.0       1:00:58 PM   -15.89    10 0:3.200  8-2-0

--------------------------------------------------------------

Engine-Match Thursday, August 21, 2025 1:00:59 PM
 Blitz 2/1 

Pairing 4/6 :    SlowMate_v2.0  -  Slowmate_v1.0

PGN-File: C:\Program Files (x86)\Arena\Tournaments\Best of Engine Battle 20250821.pgn

No:  B/W 1/2     W:B       1:2           Time        Value Moves Dep 1:2       1-2-Draws
  10 W 2    3.5:2.5        2.5:7.5       1:03:27 PM     0.00    26 0:0 0-5-5

--------------------------------------------------------------

Engine-Match Thursday, August 21, 2025 1:03:28 PM
 Blitz 2/1 

Pairing 5/6 :    V7P3R_v5.0  -  SlowMate_v2.0

PGN-File: C:\Program Files (x86)\Arena\Tournaments\Best of Engine Battle 20250821.pgn

No:  B/W 1/2     W:B       1:2           Time        Value Moves Dep 1:2       1-2-Draws
  10 B 1    3.0:2.0        8.0:2.0       1:06:08 PM     0.00    18 4.000 :0 6-0-4

--------------------------------------------------------------

Engine-Match Thursday, August 21, 2025 1:06:09 PM
 Blitz 2/1 

Pairing 6/6 :    Slowmate_v1.0  -  V7P3R_v4.1

PGN-File: C:\Program Files (x86)\Arena\Tournaments\Best of Engine Battle 20250821.pgn

No:  B/W 1/2     W:B       1:2           Time        Value Moves Dep 1:2       1-2-Draws
  10 B 1    1.0:0.0        10.0:0.0      1:08:56 PM     0.00    23 0:0 10-0-0
