Engine-Match Thursday, August 21, 2025 9:31:33 PM
 Blitz 2/1 

Pairing 1/10 :    Slowmate_v1.0  -  V7P3R_v4.1

PGN-File: C:\Program Files (x86)\Arena\Tournaments\Engine Battle Demo PC 20250821_3.pgn

No:  B/W 1/2     W:B       1:2           Time        Value Moves Dep 1:2       1-2-Draws
   1 W 1    1.0:0.0        1.0:0.0       9:34:24 PM     0.00    21 0:0 1-0-0

--------------------------------------------------------------

Engine-Match Thursday, August 21, 2025 9:34:26 PM
 Blitz 2/1 

Pairing 2/10 :    V7P3R_v5.0  -  C0BR4_v1.0

PGN-File: C:\Program Files (x86)\Arena\Tournaments\Engine Battle Demo PC 20250821_3.pgn

No:  B/W 1/2     W:B       1:2           Time        Value Moves Dep 1:2       1-2-Draws
   1 B 2    1.0:0.0        0.0:1.0       9:35:21 PM   -26.09    14 3.143 :4.000  0-1-0

--------------------------------------------------------------

Engine-Match Thursday, August 21, 2025 9:35:22 PM
 Blitz 2/1 

Pairing 3/10 :    Cece_v2.0  -  V7P3R_v5.0

PGN-File: C:\Program Files (x86)\Arena\Tournaments\Engine Battle Demo PC 20250821_3.pgn

No:  B/W 1/2     W:B       1:2           Time        Value Moves Dep 1:2       1-2-Draws
   1 B 2    1.0:0.0        0.0:1.0       9:39:03 PM     0.00    34 0:3.143  0-1-0

--------------------------------------------------------------

Engine-Match Thursday, August 21, 2025 9:39:04 PM
 Blitz 2/1 

Pairing 4/10 :    C0BR4_v1.0  -  Slowmate_v1.0

PGN-File: C:\Program Files (x86)\Arena\Tournaments\Engine Battle Demo PC 20250821_3.pgn

No:  B/W 1/2     W:B       1:2           Time        Value Moves Dep 1:2       1-2-Draws
   1 B 2    1.0:0.0        0.0:1.0       9:39:20 PM     0.00    14 4.000 :0 0-1-0

--------------------------------------------------------------

Engine-Match Thursday, August 21, 2025 9:39:22 PM
 Blitz 2/1 

Pairing 5/10 :    V7P3R_v4.1  -  C0BR4_v1.0

PGN-File: C:\Program Files (x86)\Arena\Tournaments\Engine Battle Demo PC 20250821_3.pgn

No:  B/W 1/2     W:B       1:2           Time        Value Moves Dep 1:2       1-2-Draws
   1 W 1    1.0:0.0        1.0:0.0       9:41:23 PM     0.00    12 0:4.000  1-0-0

--------------------------------------------------------------

Engine-Match Thursday, August 21, 2025 9:41:25 PM
 Blitz 2/1 

Pairing 6/10 :    Slowmate_v1.0  -  Cece_v2.0

PGN-File: C:\Program Files (x86)\Arena\Tournaments\Engine Battle Demo PC 20250821_3.pgn

No:  B/W 1/2     W:B       1:2           Time        Value Moves Dep 1:2       1-2-Draws
   1 W 1    1.0:0.0        1.0:0.0       9:43:14 PM     0.00    26 0:0 1-0-0

--------------------------------------------------------------

Engine-Match Thursday, August 21, 2025 9:43:16 PM
 Blitz 2/1 

Pairing 7/10 :    V7P3R_v5.0  -  Slowmate_v1.0

PGN-File: C:\Program Files (x86)\Arena\Tournaments\Engine Battle Demo PC 20250821_3.pgn

No:  B/W 1/2     W:B       1:2           Time        Value Moves Dep 1:2       1-2-Draws
   1 B 2    1.0:0.0        0.0:1.0       9:45:17 PM   -45.64    36 3.074 :0 0-1-0

--------------------------------------------------------------

Engine-Match Thursday, August 21, 2025 9:45:18 PM
 Blitz 2/1 

Pairing 8/10 :    Cece_v2.0  -  V7P3R_v4.1

PGN-File: C:\Program Files (x86)\Arena\Tournaments\Engine Battle Demo PC 20250821_3.pgn

No:  B/W 1/2     W:B       1:2           Time        Value Moves Dep 1:2       1-2-Draws
   1 B 2    1.0:0.0        0.0:1.0       9:46:46 PM     0.00     4 0:0 0-1-0

--------------------------------------------------------------

Engine-Match Thursday, August 21, 2025 9:46:47 PM
 Blitz 2/1 

Pairing 9/10 :    C0BR4_v1.0  -  Cece_v2.0

PGN-File: C:\Program Files (x86)\Arena\Tournaments\Engine Battle Demo PC 20250821_3.pgn

No:  B/W 1/2     W:B       1:2           Time        Value Moves Dep 1:2       1-2-Draws
   1 W 1    1.0:0.0        1.0:0.0       9:47:38 PM  +299.99    12 4.000 :0 1-0-0

--------------------------------------------------------------

Engine-Match Thursday, August 21, 2025 9:47:39 PM
 Blitz 2/1 

Pairing 10/10 :    V7P3R_v4.1  -  V7P3R_v5.0

PGN-File: C:\Program Files (x86)\Arena\Tournaments\Engine Battle Demo PC 20250821_3.pgn

No:  B/W 1/2     W:B       1:2           Time        Value Moves Dep 1:2       1-2-Draws
   1 W 1    1.0:0.0        1.0:0.0       9:49:11 PM   +38.94     5 0:4.000  1-0-0

--------------------------------------------------------------

Engine-Match Thursday, August 21, 2025 9:49:13 PM
 Blitz 2/1 

Pairing 1/10 :    Slowmate_v1.0  -  V7P3R_v4.1

PGN-File: C:\Program Files (x86)\Arena\Tournaments\Engine Battle Demo PC 20250821_3.pgn

No:  B/W 1/2     W:B       1:2           Time        Value Moves Dep 1:2       1-2-Draws
   2 B 1    1.0:0.0        2.0:0.0       9:51:51 PM     0.00    13 0:0 2-0-0

--------------------------------------------------------------

Engine-Match Thursday, August 21, 2025 9:51:52 PM
 Blitz 2/1 

Pairing 2/10 :    V7P3R_v5.0  -  C0BR4_v1.0

PGN-File: C:\Program Files (x86)\Arena\Tournaments\Engine Battle Demo PC 20250821_3.pgn

No:  B/W 1/2     W:B       1:2           Time        Value Moves Dep 1:2       1-2-Draws
   2 W 2    1.0:0.0        0.0:2.0       9:52:16 PM   +21.89     5 4.000 :4.000  0-2-0

--------------------------------------------------------------

Engine-Match Thursday, August 21, 2025 9:52:17 PM
 Blitz 2/1 

Pairing 3/10 :    Cece_v2.0  -  V7P3R_v5.0

PGN-File: C:\Program Files (x86)\Arena\Tournaments\Engine Battle Demo PC 20250821_3.pgn

No:  B/W 1/2     W:B       1:2           Time        Value Moves Dep 1:2       1-2-Draws
   2 W 2    1.0:0.0        0.0:2.0       9:53:34 PM     0.00    10 0:3.100  0-2-0

--------------------------------------------------------------

Engine-Match Thursday, August 21, 2025 9:53:36 PM
 Blitz 2/1 

Pairing 4/10 :    C0BR4_v1.0  -  Slowmate_v1.0

PGN-File: C:\Program Files (x86)\Arena\Tournaments\Engine Battle Demo PC 20250821_3.pgn

No:  B/W 1/2     W:B       1:2           Time        Value Moves Dep 1:2       1-2-Draws
   2 W 2    1.0:0.0        0.0:2.0       9:54:27 PM     0.00    28 4.000 :0 0-2-0

--------------------------------------------------------------

Engine-Match Thursday, August 21, 2025 9:54:28 PM
 Blitz 2/1 

Pairing 5/10 :    V7P3R_v4.1  -  C0BR4_v1.0

PGN-File: C:\Program Files (x86)\Arena\Tournaments\Engine Battle Demo PC 20250821_3.pgn

No:  B/W 1/2     W:B       1:2           Time        Value Moves Dep 1:2       1-2-Draws
   2 B 1    1.0:0.0        2.0:0.0       9:56:35 PM     0.00    12 0:4.000  2-0-0

--------------------------------------------------------------

Engine-Match Thursday, August 21, 2025 9:56:36 PM
 Blitz 2/1 

Pairing 6/10 :    Slowmate_v1.0  -  Cece_v2.0

PGN-File: C:\Program Files (x86)\Arena\Tournaments\Engine Battle Demo PC 20250821_3.pgn

No:  B/W 1/2     W:B       1:2           Time        Value Moves Dep 1:2       1-2-Draws
   2 B 1    1.0:0.0        2.0:0.0       9:59:31 PM     0.00    50 0:0 2-0-0

--------------------------------------------------------------

Engine-Match Thursday, August 21, 2025 9:59:32 PM
 Blitz 2/1 

Pairing 7/10 :    V7P3R_v5.0  -  Slowmate_v1.0

PGN-File: C:\Program Files (x86)\Arena\Tournaments\Engine Battle Demo PC 20250821_3.pgn

No:  B/W 1/2     W:B       1:2           Time        Value Moves Dep 1:2       1-2-Draws
   2 W 2    1.0:0.0        0.0:2.0       9:59:58 PM   +29.69     5 4.000 :0 0-2-0

--------------------------------------------------------------

Engine-Match Thursday, August 21, 2025 9:59:59 PM
 Blitz 2/1 

Pairing 8/10 :    Cece_v2.0  -  V7P3R_v4.1

PGN-File: C:\Program Files (x86)\Arena\Tournaments\Engine Battle Demo PC 20250821_3.pgn

No:  B/W 1/2     W:B       1:2           Time        Value Moves Dep 1:2       1-2-Draws
   2 B 1    1.0:0.0        1.0:1.0       10:03:13 PM     0.00    14 0:0 1-1-0

--------------------------------------------------------------

Engine-Match Thursday, August 21, 2025 10:03:14 PM
 Blitz 2/1 

Pairing 9/10 :    C0BR4_v1.0  -  Cece_v2.0

PGN-File: C:\Program Files (x86)\Arena\Tournaments\Engine Battle Demo PC 20250821_3.pgn

No:  B/W 1/2     W:B       1:2           Time        Value Moves Dep 1:2       1-2-Draws
   2 W 2    1.0:0.0        1.0:1.0       10:04:21 PM     0.00    14 4.000 :0 1-1-0

--------------------------------------------------------------

Engine-Match Thursday, August 21, 2025 10:04:22 PM
 Blitz 2/1 

Pairing 10/10 :    V7P3R_v4.1  -  V7P3R_v5.0

PGN-File: C:\Program Files (x86)\Arena\Tournaments\Engine Battle Demo PC 20250821_3.pgn

No:  B/W 1/2     W:B       1:2           Time        Value Moves Dep 1:2       1-2-Draws
   2 W 2    1.0:0.0        1.0:1.0       10:07:44 PM     0.00    17 0:3.056  1-1-0

--------------------------------------------------------------

Engine-Match Thursday, August 21, 2025 10:07:52 PM
 Blitz 2/1 

Pairing 1/10 :    Slowmate_v1.0  -  V7P3R_v4.1

PGN-File: C:\Program Files (x86)\Arena\Tournaments\Engine Battle Demo PC 20250821_3.pgn

No:  B/W 1/2     W:B       1:2           Time        Value Moves Dep 1:2       1-2-Draws
   3 W 1    1.0:0.0        3.0:0.0       10:10:43 PM     0.00    21 0:0 3-0-0

--------------------------------------------------------------

Engine-Match Thursday, August 21, 2025 10:10:44 PM
 Blitz 2/1 

Pairing 2/10 :    V7P3R_v5.0  -  C0BR4_v1.0

PGN-File: C:\Program Files (x86)\Arena\Tournaments\Engine Battle Demo PC 20250821_3.pgn

No:  B/W 1/2     W:B       1:2           Time        Value Moves Dep 1:2       1-2-Draws
   3 B 2    1.0:0.0        0.0:3.0       10:11:39 PM   -26.09    14 3.143 :4.000  0-3-0

--------------------------------------------------------------

Engine-Match Thursday, August 21, 2025 10:11:40 PM
 Blitz 2/1 

Pairing 3/10 :    Cece_v2.0  -  V7P3R_v5.0

PGN-File: C:\Program Files (x86)\Arena\Tournaments\Engine Battle Demo PC 20250821_3.pgn

No:  B/W 1/2     W:B       1:2           Time        Value Moves Dep 1:2       1-2-Draws
   3 B 2    1.0:0.0        0.0:3.0       10:14:28 PM     0.00    24 0:3.250  0-3-0

--------------------------------------------------------------

Engine-Match Thursday, August 21, 2025 10:14:29 PM
 Blitz 2/1 

Pairing 4/10 :    C0BR4_v1.0  -  Slowmate_v1.0

PGN-File: C:\Program Files (x86)\Arena\Tournaments\Engine Battle Demo PC 20250821_3.pgn

No:  B/W 1/2     W:B       1:2           Time        Value Moves Dep 1:2       1-2-Draws
   3 B 2    1.0:0.0        0.0:3.0       10:14:45 PM     0.00    14 4.000 :0 0-3-0

--------------------------------------------------------------

Engine-Match Thursday, August 21, 2025 10:14:47 PM
 Blitz 2/1 

Pairing 5/10 :    V7P3R_v4.1  -  C0BR4_v1.0

PGN-File: C:\Program Files (x86)\Arena\Tournaments\Engine Battle Demo PC 20250821_3.pgn

No:  B/W 1/2     W:B       1:2           Time        Value Moves Dep 1:2       1-2-Draws
   3 W 1    1.0:0.0        3.0:0.0       10:16:48 PM     0.00    12 0:4.000  3-0-0

--------------------------------------------------------------

Engine-Match Thursday, August 21, 2025 10:16:49 PM
 Blitz 2/1 

Pairing 6/10 :    Slowmate_v1.0  -  Cece_v2.0

PGN-File: C:\Program Files (x86)\Arena\Tournaments\Engine Battle Demo PC 20250821_3.pgn

No:  B/W 1/2     W:B       1:2           Time        Value Moves Dep 1:2       1-2-Draws
   3 W 1    1.0:0.0        3.0:0.0       10:18:31 PM     0.00    23 0:0 3-0-0

--------------------------------------------------------------

Engine-Match Thursday, August 21, 2025 10:18:32 PM
 Blitz 2/1 

Pairing 7/10 :    V7P3R_v5.0  -  Slowmate_v1.0

PGN-File: C:\Program Files (x86)\Arena\Tournaments\Engine Battle Demo PC 20250821_3.pgn

No:  B/W 1/2     W:B       1:2           Time        Value Moves Dep 1:2       1-2-Draws
   3 B 2    1.0:0.0        0.0:3.0       10:20:36 PM   -50.30    36 3.074 :0 0-3-0

--------------------------------------------------------------

Engine-Match Thursday, August 21, 2025 10:20:38 PM
 Blitz 2/1 

Pairing 8/10 :    Cece_v2.0  -  V7P3R_v4.1

PGN-File: C:\Program Files (x86)\Arena\Tournaments\Engine Battle Demo PC 20250821_3.pgn

No:  B/W 1/2     W:B       1:2           Time        Value Moves Dep 1:2       1-2-Draws
   3 B 2    1.0:0.0        1.0:2.0       10:23:47 PM     0.00    25 0:0 1-2-0

--------------------------------------------------------------

Engine-Match Thursday, August 21, 2025 10:23:49 PM
 Blitz 2/1 

Pairing 9/10 :    C0BR4_v1.0  -  Cece_v2.0

PGN-File: C:\Program Files (x86)\Arena\Tournaments\Engine Battle Demo PC 20250821_3.pgn

No:  B/W 1/2     W:B       1:2           Time        Value Moves Dep 1:2       1-2-Draws
   3 B 2    1.0:0.0        1.0:2.0       10:24:42 PM     0.00    12 4.000 :0 1-2-0

--------------------------------------------------------------

Engine-Match Thursday, August 21, 2025 10:24:43 PM
 Blitz 2/1 

Pairing 10/10 :    V7P3R_v4.1  -  V7P3R_v5.0

PGN-File: C:\Program Files (x86)\Arena\Tournaments\Engine Battle Demo PC 20250821_3.pgn

No:  B/W 1/2     W:B       1:2           Time        Value Moves Dep 1:2       1-2-Draws
   3 W 1    1.0:0.0        2.0:1.0       10:26:16 PM   +38.94     5 0:4.000  2-1-0

--------------------------------------------------------------

Engine-Match Thursday, August 21, 2025 10:26:17 PM
 Blitz 2/1 

Pairing 1/10 :    Slowmate_v1.0  -  V7P3R_v4.1

PGN-File: C:\Program Files (x86)\Arena\Tournaments\Engine Battle Demo PC 20250821_3.pgn

No:  B/W 1/2     W:B       1:2           Time        Value Moves Dep 1:2       1-2-Draws
   4 B 1    1.0:0.0        4.0:0.0       10:28:52 PM     0.00    13 0:0 4-0-0

--------------------------------------------------------------

Engine-Match Thursday, August 21, 2025 10:28:54 PM
 Blitz 2/1 

Pairing 2/10 :    V7P3R_v5.0  -  C0BR4_v1.0

PGN-File: C:\Program Files (x86)\Arena\Tournaments\Engine Battle Demo PC 20250821_3.pgn

No:  B/W 1/2     W:B       1:2           Time        Value Moves Dep 1:2       1-2-Draws
   4 W 2    1.0:0.0        0.0:4.0       10:29:18 PM   +21.89     5 4.000 :4.000  0-4-0

--------------------------------------------------------------

Engine-Match Thursday, August 21, 2025 10:29:19 PM
 Blitz 2/1 

Pairing 3/10 :    Cece_v2.0  -  V7P3R_v5.0

PGN-File: C:\Program Files (x86)\Arena\Tournaments\Engine Battle Demo PC 20250821_3.pgn

No:  B/W 1/2     W:B       1:2           Time        Value Moves Dep 1:2       1-2-Draws
   4 W 2    1.0:0.0        0.0:4.0       10:31:29 PM   +64.80    17 0:3.056  0-4-0

--------------------------------------------------------------

Engine-Match Thursday, August 21, 2025 10:31:31 PM
 Blitz 2/1 

Pairing 4/10 :    C0BR4_v1.0  -  Slowmate_v1.0

PGN-File: C:\Program Files (x86)\Arena\Tournaments\Engine Battle Demo PC 20250821_3.pgn

No:  B/W 1/2     W:B       1:2           Time        Value Moves Dep 1:2       1-2-Draws
   4 W 2    1.0:0.0        0.0:4.0       10:32:22 PM     0.00    28 4.000 :0 0-4-0

--------------------------------------------------------------

Engine-Match Thursday, August 21, 2025 10:32:23 PM
 Blitz 2/1 

Pairing 5/10 :    V7P3R_v4.1  -  C0BR4_v1.0

PGN-File: C:\Program Files (x86)\Arena\Tournaments\Engine Battle Demo PC 20250821_3.pgn

No:  B/W 1/2     W:B       1:2           Time        Value Moves Dep 1:2       1-2-Draws
   4 B 1    1.0:0.0        4.0:0.0       10:34:30 PM     0.00    12 0:4.000  4-0-0

--------------------------------------------------------------

Engine-Match Thursday, August 21, 2025 10:34:31 PM
 Blitz 2/1 

Pairing 6/10 :    Slowmate_v1.0  -  Cece_v2.0

PGN-File: C:\Program Files (x86)\Arena\Tournaments\Engine Battle Demo PC 20250821_3.pgn

No:  B/W 1/2     W:B       1:2           Time        Value Moves Dep 1:2       1-2-Draws
   4 B 1    1.0:0.0        4.0:0.0       10:37:05 PM     0.00    40 0:0 4-0-0

--------------------------------------------------------------

Engine-Match Thursday, August 21, 2025 10:37:06 PM
 Blitz 2/1 

Pairing 7/10 :    V7P3R_v5.0  -  Slowmate_v1.0

PGN-File: C:\Program Files (x86)\Arena\Tournaments\Engine Battle Demo PC 20250821_3.pgn

No:  B/W 1/2     W:B       1:2           Time        Value Moves Dep 1:2       1-2-Draws
   4 W 2    1.0:0.0        0.0:4.0       10:37:31 PM   +29.69     5 4.000 :0 0-4-0

--------------------------------------------------------------

Engine-Match Thursday, August 21, 2025 10:37:32 PM
 Blitz 2/1 

Pairing 8/10 :    Cece_v2.0  -  V7P3R_v4.1

PGN-File: C:\Program Files (x86)\Arena\Tournaments\Engine Battle Demo PC 20250821_3.pgn

No:  B/W 1/2     W:B       1:2           Time        Value Moves Dep 1:2       1-2-Draws
   4 B 1    1.0:0.0        2.0:2.0       10:40:31 PM     0.00    11 0:0 2-2-0

--------------------------------------------------------------

Engine-Match Thursday, August 21, 2025 10:40:33 PM
 Blitz 2/1 

Pairing 9/10 :    C0BR4_v1.0  -  Cece_v2.0

PGN-File: C:\Program Files (x86)\Arena\Tournaments\Engine Battle Demo PC 20250821_3.pgn

No:  B/W 1/2     W:B       1:2           Time        Value Moves Dep 1:2       1-2-Draws
   4 W 2    1.0:0.0        1.0:3.0       10:41:52 PM     0.00    20 4.000 :0 1-3-0

--------------------------------------------------------------

Engine-Match Thursday, August 21, 2025 10:41:53 PM
 Blitz 2/1 

Pairing 10/10 :    V7P3R_v4.1  -  V7P3R_v5.0

PGN-File: C:\Program Files (x86)\Arena\Tournaments\Engine Battle Demo PC 20250821_3.pgn

No:  B/W 1/2     W:B       1:2           Time        Value Moves Dep 1:2       1-2-Draws
   4 W 2    1.0:0.0        2.0:2.0       10:45:14 PM     0.00    17 0:3.056  2-2-0

--------------------------------------------------------------

Engine-Match Thursday, August 21, 2025 10:45:23 PM
 Blitz 2/1 

Pairing 1/10 :    Slowmate_v1.0  -  V7P3R_v4.1

PGN-File: C:\Program Files (x86)\Arena\Tournaments\Engine Battle Demo PC 20250821_3.pgn

No:  B/W 1/2     W:B       1:2           Time        Value Moves Dep 1:2       1-2-Draws
   5 W 1    1.0:0.0        5.0:0.0       10:48:13 PM     0.00    21 0:0 5-0-0

--------------------------------------------------------------

Engine-Match Thursday, August 21, 2025 10:48:14 PM
 Blitz 2/1 

Pairing 2/10 :    V7P3R_v5.0  -  C0BR4_v1.0

PGN-File: C:\Program Files (x86)\Arena\Tournaments\Engine Battle Demo PC 20250821_3.pgn

No:  B/W 1/2     W:B       1:2           Time        Value Moves Dep 1:2       1-2-Draws
   5 B 2    1.0:0.0        0.0:5.0       10:49:10 PM   -26.09    14 3.143 :4.000  0-5-0

--------------------------------------------------------------

Engine-Match Thursday, August 21, 2025 10:49:11 PM
 Blitz 2/1 

Pairing 3/10 :    Cece_v2.0  -  V7P3R_v5.0

PGN-File: C:\Program Files (x86)\Arena\Tournaments\Engine Battle Demo PC 20250821_3.pgn

No:  B/W 1/2     W:B       1:2           Time        Value Moves Dep 1:2       1-2-Draws
   5 B 2    1.0:0.0        0.0:5.0       10:52:12 PM     0.00    30 0:3.250  0-5-0

--------------------------------------------------------------

Engine-Match Thursday, August 21, 2025 10:52:14 PM
 Blitz 2/1 

Pairing 4/10 :    C0BR4_v1.0  -  Slowmate_v1.0

PGN-File: C:\Program Files (x86)\Arena\Tournaments\Engine Battle Demo PC 20250821_3.pgn

No:  B/W 1/2     W:B       1:2           Time        Value Moves Dep 1:2       1-2-Draws
   5 B 2    1.0:0.0        0.0:5.0       10:52:30 PM     0.00    14 4.000 :0 0-5-0

--------------------------------------------------------------

Engine-Match Thursday, August 21, 2025 10:52:31 PM
 Blitz 2/1 

Pairing 5/10 :    V7P3R_v4.1  -  C0BR4_v1.0

PGN-File: C:\Program Files (x86)\Arena\Tournaments\Engine Battle Demo PC 20250821_3.pgn

No:  B/W 1/2     W:B       1:2           Time        Value Moves Dep 1:2       1-2-Draws
   5 W 1    1.0:0.0        5.0:0.0       10:54:32 PM     0.00    12 0:4.000  5-0-0

--------------------------------------------------------------

Engine-Match Thursday, August 21, 2025 10:54:33 PM
 Blitz 2/1 

Pairing 6/10 :    Slowmate_v1.0  -  Cece_v2.0

PGN-File: C:\Program Files (x86)\Arena\Tournaments\Engine Battle Demo PC 20250821_3.pgn

No:  B/W 1/2     W:B       1:2           Time        Value Moves Dep 1:2       1-2-Draws
   5 W 1    1.0:0.0        5.0:0.0       10:56:26 PM     0.00    27 0:0 5-0-0

--------------------------------------------------------------

Engine-Match Thursday, August 21, 2025 10:56:27 PM
 Blitz 2/1 

Pairing 7/10 :    V7P3R_v5.0  -  Slowmate_v1.0

PGN-File: C:\Program Files (x86)\Arena\Tournaments\Engine Battle Demo PC 20250821_3.pgn

No:  B/W 1/2     W:B       1:2           Time        Value Moves Dep 1:2       1-2-Draws
   5 B 2    1.0:0.0        0.0:5.0       10:58:29 PM   -16.00    33 3.071 :0 0-5-0

--------------------------------------------------------------

Engine-Match Thursday, August 21, 2025 10:58:31 PM
 Blitz 2/1 

Pairing 8/10 :    Cece_v2.0  -  V7P3R_v4.1

PGN-File: C:\Program Files (x86)\Arena\Tournaments\Engine Battle Demo PC 20250821_3.pgn

No:  B/W 1/2     W:B       1:2           Time        Value Moves Dep 1:2       1-2-Draws
   5 W 1    1.0:0.0        3.0:2.0       11:01:57 PM     0.00    16 0:0 3-2-0

--------------------------------------------------------------

Engine-Match Thursday, August 21, 2025 11:01:58 PM
 Blitz 2/1 

Pairing 9/10 :    C0BR4_v1.0  -  Cece_v2.0

PGN-File: C:\Program Files (x86)\Arena\Tournaments\Engine Battle Demo PC 20250821_3.pgn

No:  B/W 1/2     W:B       1:2           Time        Value Moves Dep 1:2       1-2-Draws
   5 W 1    1.0:0.0        2.0:3.0       11:02:51 PM  +299.99    13 4.000 :0 2-3-0

--------------------------------------------------------------

Engine-Match Thursday, August 21, 2025 11:02:52 PM
 Blitz 2/1 

Pairing 10/10 :    V7P3R_v4.1  -  V7P3R_v5.0

PGN-File: C:\Program Files (x86)\Arena\Tournaments\Engine Battle Demo PC 20250821_3.pgn

No:  B/W 1/2     W:B       1:2           Time        Value Moves Dep 1:2       1-2-Draws
   5 W 1    1.0:0.0        3.0:2.0       11:04:25 PM   +38.94     5 0:4.000  3-2-0

--------------------------------------------------------------

Engine-Match Thursday, August 21, 2025 11:04:26 PM
 Blitz 2/1 

Pairing 1/10 :    Slowmate_v1.0  -  V7P3R_v4.1

PGN-File: C:\Program Files (x86)\Arena\Tournaments\Engine Battle Demo PC 20250821_3.pgn

No:  B/W 1/2     W:B       1:2           Time        Value Moves Dep 1:2       1-2-Draws
   6 B 1    1.0:0.0        6.0:0.0       11:07:02 PM     0.00    13 0:0 6-0-0

--------------------------------------------------------------

Engine-Match Thursday, August 21, 2025 11:07:03 PM
 Blitz 2/1 

Pairing 2/10 :    V7P3R_v5.0  -  C0BR4_v1.0

PGN-File: C:\Program Files (x86)\Arena\Tournaments\Engine Battle Demo PC 20250821_3.pgn

No:  B/W 1/2     W:B       1:2           Time        Value Moves Dep 1:2       1-2-Draws
   6 W 2    1.0:0.0        0.0:6.0       11:07:27 PM   +21.89     5 4.000 :4.000  0-6-0

--------------------------------------------------------------

Engine-Match Thursday, August 21, 2025 11:07:29 PM
 Blitz 2/1 

Pairing 3/10 :    Cece_v2.0  -  V7P3R_v5.0

PGN-File: C:\Program Files (x86)\Arena\Tournaments\Engine Battle Demo PC 20250821_3.pgn

No:  B/W 1/2     W:B       1:2           Time        Value Moves Dep 1:2       1-2-Draws
   6 = =    0.5:0.5        0.5:5.5       11:09:44 PM     0.00    18 0:3.056  0-5-1

--------------------------------------------------------------

Engine-Match Thursday, August 21, 2025 11:09:45 PM
 Blitz 2/1 

Pairing 4/10 :    C0BR4_v1.0  -  Slowmate_v1.0

PGN-File: C:\Program Files (x86)\Arena\Tournaments\Engine Battle Demo PC 20250821_3.pgn

No:  B/W 1/2     W:B       1:2           Time        Value Moves Dep 1:2       1-2-Draws
   6 W 2    1.0:0.0        0.0:6.0       11:10:37 PM     0.00    28 4.000 :0 0-6-0

--------------------------------------------------------------

Engine-Match Thursday, August 21, 2025 11:10:38 PM
 Blitz 2/1 

Pairing 5/10 :    V7P3R_v4.1  -  C0BR4_v1.0

PGN-File: C:\Program Files (x86)\Arena\Tournaments\Engine Battle Demo PC 20250821_3.pgn

No:  B/W 1/2     W:B       1:2           Time        Value Moves Dep 1:2       1-2-Draws
   6 B 1    1.0:0.0        6.0:0.0       11:12:45 PM     0.00    12 0:4.000  6-0-0

--------------------------------------------------------------

Engine-Match Thursday, August 21, 2025 11:12:46 PM
 Blitz 2/1 

Pairing 6/10 :    Slowmate_v1.0  -  Cece_v2.0

PGN-File: C:\Program Files (x86)\Arena\Tournaments\Engine Battle Demo PC 20250821_3.pgn

No:  B/W 1/2     W:B       1:2           Time        Value Moves Dep 1:2       1-2-Draws
   6 B 1    1.0:0.0        6.0:0.0       11:14:56 PM     0.00    32 0:0 6-0-0

--------------------------------------------------------------

Engine-Match Thursday, August 21, 2025 11:14:57 PM
 Blitz 2/1 

Pairing 7/10 :    V7P3R_v5.0  -  Slowmate_v1.0

PGN-File: C:\Program Files (x86)\Arena\Tournaments\Engine Battle Demo PC 20250821_3.pgn

No:  B/W 1/2     W:B       1:2           Time        Value Moves Dep 1:2       1-2-Draws
   6 W 2    1.0:0.0        0.0:6.0       11:15:23 PM   +29.69     5 4.000 :0 0-6-0

--------------------------------------------------------------

Engine-Match Thursday, August 21, 2025 11:15:24 PM
 Blitz 2/1 

Pairing 8/10 :    Cece_v2.0  -  V7P3R_v4.1

PGN-File: C:\Program Files (x86)\Arena\Tournaments\Engine Battle Demo PC 20250821_3.pgn

No:  B/W 1/2     W:B       1:2           Time        Value Moves Dep 1:2       1-2-Draws
   6 B 1    1.0:0.0        4.0:2.0       11:18:47 PM     0.00    16 0:0 4-2-0

--------------------------------------------------------------

Engine-Match Thursday, August 21, 2025 11:18:48 PM
 Blitz 2/1 

Pairing 9/10 :    C0BR4_v1.0  -  Cece_v2.0

PGN-File: C:\Program Files (x86)\Arena\Tournaments\Engine Battle Demo PC 20250821_3.pgn

No:  B/W 1/2     W:B       1:2           Time        Value Moves Dep 1:2       1-2-Draws
   6 B 1    1.0:0.0        3.0:3.0       11:20:33 PM  -299.99    27 4.000 :0 3-3-0

--------------------------------------------------------------

Engine-Match Thursday, August 21, 2025 11:20:34 PM
 Blitz 2/1 

Pairing 10/10 :    V7P3R_v4.1  -  V7P3R_v5.0

PGN-File: C:\Program Files (x86)\Arena\Tournaments\Engine Battle Demo PC 20250821_3.pgn

No:  B/W 1/2     W:B       1:2           Time        Value Moves Dep 1:2       1-2-Draws
   6 W 2    1.0:0.0        3.0:3.0       11:23:40 PM     0.00    13 0:3.071  3-3-0

--------------------------------------------------------------

Engine-Match Thursday, August 21, 2025 11:23:47 PM
 Blitz 2/1 

Pairing 1/10 :    Slowmate_v1.0  -  V7P3R_v4.1

PGN-File: C:\Program Files (x86)\Arena\Tournaments\Engine Battle Demo PC 20250821_3.pgn

No:  B/W 1/2     W:B       1:2           Time        Value Moves Dep 1:2       1-2-Draws
   7 W 1    1.0:0.0        7.0:0.0       11:26:41 PM     0.00    22 0:0 7-0-0

--------------------------------------------------------------

Engine-Match Thursday, August 21, 2025 11:26:42 PM
 Blitz 2/1 

Pairing 2/10 :    V7P3R_v5.0  -  C0BR4_v1.0

PGN-File: C:\Program Files (x86)\Arena\Tournaments\Engine Battle Demo PC 20250821_3.pgn

No:  B/W 1/2     W:B       1:2           Time        Value Moves Dep 1:2       1-2-Draws
   7 B 2    1.0:0.0        0.0:7.0       11:27:42 PM   -26.09    14 3.143 :4.000  0-7-0

--------------------------------------------------------------

Engine-Match Thursday, August 21, 2025 11:27:43 PM
 Blitz 2/1 

Pairing 3/10 :    Cece_v2.0  -  V7P3R_v5.0

PGN-File: C:\Program Files (x86)\Arena\Tournaments\Engine Battle Demo PC 20250821_3.pgn

No:  B/W 1/2     W:B       1:2           Time        Value Moves Dep 1:2       1-2-Draws
   7 B 2    1.5:0.5        0.5:6.5       11:31:53 PM     0.00    39 0:3.250  0-6-1

--------------------------------------------------------------

Engine-Match Thursday, August 21, 2025 11:31:54 PM
 Blitz 2/1 

Pairing 4/10 :    C0BR4_v1.0  -  Slowmate_v1.0

PGN-File: C:\Program Files (x86)\Arena\Tournaments\Engine Battle Demo PC 20250821_3.pgn

No:  B/W 1/2     W:B       1:2           Time        Value Moves Dep 1:2       1-2-Draws
   7 B 2    1.0:0.0        0.0:7.0       11:32:10 PM     0.00    14 4.000 :0 0-7-0

--------------------------------------------------------------

Engine-Match Thursday, August 21, 2025 11:32:12 PM
 Blitz 2/1 

Pairing 5/10 :    V7P3R_v4.1  -  C0BR4_v1.0

PGN-File: C:\Program Files (x86)\Arena\Tournaments\Engine Battle Demo PC 20250821_3.pgn

No:  B/W 1/2     W:B       1:2           Time        Value Moves Dep 1:2       1-2-Draws
   7 W 1    1.0:0.0        7.0:0.0       11:34:16 PM     0.00    12 0:4.000  7-0-0

--------------------------------------------------------------

Engine-Match Thursday, August 21, 2025 11:34:17 PM
 Blitz 2/1 

Pairing 6/10 :    Slowmate_v1.0  -  Cece_v2.0

PGN-File: C:\Program Files (x86)\Arena\Tournaments\Engine Battle Demo PC 20250821_3.pgn

No:  B/W 1/2     W:B       1:2           Time        Value Moves Dep 1:2       1-2-Draws
   7 W 1    1.0:0.0        7.0:0.0       11:37:11 PM     0.00    46 0:0 7-0-0

--------------------------------------------------------------

Engine-Match Thursday, August 21, 2025 11:37:13 PM
 Blitz 2/1 

Pairing 7/10 :    V7P3R_v5.0  -  Slowmate_v1.0

PGN-File: C:\Program Files (x86)\Arena\Tournaments\Engine Battle Demo PC 20250821_3.pgn

No:  B/W 1/2     W:B       1:2           Time        Value Moves Dep 1:2       1-2-Draws
   7 B 2    1.0:0.0        0.0:7.0       11:39:15 PM   -16.00    33 3.071 :0 0-7-0

--------------------------------------------------------------

Engine-Match Thursday, August 21, 2025 11:39:16 PM
 Blitz 2/1 

Pairing 8/10 :    Cece_v2.0  -  V7P3R_v4.1

PGN-File: C:\Program Files (x86)\Arena\Tournaments\Engine Battle Demo PC 20250821_3.pgn

No:  B/W 1/2     W:B       1:2           Time        Value Moves Dep 1:2       1-2-Draws
   7 W 1    1.0:0.0        5.0:2.0       11:42:45 PM     0.00    17 0:0 5-2-0

--------------------------------------------------------------

Engine-Match Thursday, August 21, 2025 11:42:47 PM
 Blitz 2/1 

Pairing 9/10 :    C0BR4_v1.0  -  Cece_v2.0

PGN-File: C:\Program Files (x86)\Arena\Tournaments\Engine Battle Demo PC 20250821_3.pgn

No:  B/W 1/2     W:B       1:2           Time        Value Moves Dep 1:2       1-2-Draws
   7 B 2    1.0:0.0        3.0:4.0       11:43:12 PM     0.00     5 4.000 :0 3-4-0

--------------------------------------------------------------

Engine-Match Thursday, August 21, 2025 11:43:14 PM
 Blitz 2/1 

Pairing 10/10 :    V7P3R_v4.1  -  V7P3R_v5.0

PGN-File: C:\Program Files (x86)\Arena\Tournaments\Engine Battle Demo PC 20250821_3.pgn

No:  B/W 1/2     W:B       1:2           Time        Value Moves Dep 1:2       1-2-Draws
   7 W 1    1.0:0.0        4.0:3.0       11:44:46 PM   +38.94     5 0:4.000  4-3-0

--------------------------------------------------------------

Engine-Match Thursday, August 21, 2025 11:44:48 PM
 Blitz 2/1 

Pairing 1/10 :    Slowmate_v1.0  -  V7P3R_v4.1

PGN-File: C:\Program Files (x86)\Arena\Tournaments\Engine Battle Demo PC 20250821_3.pgn

No:  B/W 1/2     W:B       1:2           Time        Value Moves Dep 1:2       1-2-Draws
   8 B 1    1.0:0.0        8.0:0.0       11:47:22 PM     0.00    13 0:0 8-0-0

--------------------------------------------------------------

Engine-Match Thursday, August 21, 2025 11:47:24 PM
 Blitz 2/1 

Pairing 2/10 :    V7P3R_v5.0  -  C0BR4_v1.0

PGN-File: C:\Program Files (x86)\Arena\Tournaments\Engine Battle Demo PC 20250821_3.pgn

No:  B/W 1/2     W:B       1:2           Time        Value Moves Dep 1:2       1-2-Draws
   8 W 2    1.0:0.0        0.0:8.0       11:47:49 PM   +21.89     5 4.000 :4.000  0-8-0

--------------------------------------------------------------

Engine-Match Thursday, August 21, 2025 11:47:50 PM
 Blitz 2/1 

Pairing 3/10 :    Cece_v2.0  -  V7P3R_v5.0

PGN-File: C:\Program Files (x86)\Arena\Tournaments\Engine Battle Demo PC 20250821_3.pgn

No:  B/W 1/2     W:B       1:2           Time        Value Moves Dep 1:2       1-2-Draws
   8 W 2    1.5:0.5        0.5:7.5       11:51:20 PM     0.00    32 0:3.033  0-7-1

--------------------------------------------------------------

Engine-Match Thursday, August 21, 2025 11:51:22 PM
 Blitz 2/1 

Pairing 4/10 :    C0BR4_v1.0  -  Slowmate_v1.0

PGN-File: C:\Program Files (x86)\Arena\Tournaments\Engine Battle Demo PC 20250821_3.pgn

No:  B/W 1/2     W:B       1:2           Time        Value Moves Dep 1:2       1-2-Draws
   8 W 2    1.0:0.0        0.0:8.0       11:52:13 PM     0.00    28 4.000 :0 0-8-0

--------------------------------------------------------------

Engine-Match Thursday, August 21, 2025 11:52:14 PM
 Blitz 2/1 

Pairing 5/10 :    V7P3R_v4.1  -  C0BR4_v1.0

PGN-File: C:\Program Files (x86)\Arena\Tournaments\Engine Battle Demo PC 20250821_3.pgn

No:  B/W 1/2     W:B       1:2           Time        Value Moves Dep 1:2       1-2-Draws
   8 B 1    1.0:0.0        8.0:0.0       11:54:23 PM     0.00    12 0:4.000  8-0-0

--------------------------------------------------------------

Engine-Match Thursday, August 21, 2025 11:54:24 PM
 Blitz 2/1 

Pairing 6/10 :    Slowmate_v1.0  -  Cece_v2.0

PGN-File: C:\Program Files (x86)\Arena\Tournaments\Engine Battle Demo PC 20250821_3.pgn

No:  B/W 1/2     W:B       1:2           Time        Value Moves Dep 1:2       1-2-Draws
   8 = =    0.5:0.5        7.5:0.5       11:55:18 PM     0.00    11 0:0 7-0-1

--------------------------------------------------------------

Engine-Match Thursday, August 21, 2025 11:55:19 PM
 Blitz 2/1 

Pairing 7/10 :    V7P3R_v5.0  -  Slowmate_v1.0

PGN-File: C:\Program Files (x86)\Arena\Tournaments\Engine Battle Demo PC 20250821_3.pgn

No:  B/W 1/2     W:B       1:2           Time        Value Moves Dep 1:2       1-2-Draws
   8 W 2    1.0:0.0        0.0:8.0       11:55:45 PM   +29.69     5 4.000 :0 0-8-0

--------------------------------------------------------------

Engine-Match Thursday, August 21, 2025 11:55:46 PM
 Blitz 2/1 

Pairing 8/10 :    Cece_v2.0  -  V7P3R_v4.1

PGN-File: C:\Program Files (x86)\Arena\Tournaments\Engine Battle Demo PC 20250821_3.pgn

No:  B/W 1/2     W:B       1:2           Time        Value Moves Dep 1:2       1-2-Draws
   8 B 1    1.0:0.0        6.0:2.0       11:59:18 PM     0.00    18 0:0 6-2-0

--------------------------------------------------------------

Engine-Match Thursday, August 21, 2025 11:59:19 PM
 Blitz 2/1 

Pairing 9/10 :    C0BR4_v1.0  -  Cece_v2.0

PGN-File: C:\Program Files (x86)\Arena\Tournaments\Engine Battle Demo PC 20250821_3.pgn

No:  B/W 1/2     W:B       1:2           Time        Value Moves Dep 1:2       1-2-Draws
   8 W 2    1.0:0.0        3.0:5.0       12:00:04 AM     0.00     9 4.000 :0 3-5-0

--------------------------------------------------------------

Engine-Match Friday, August 22, 2025 12:00:05 AM
 Blitz 2/1 

Pairing 10/10 :    V7P3R_v4.1  -  V7P3R_v5.0

PGN-File: C:\Program Files (x86)\Arena\Tournaments\Engine Battle Demo PC 20250821_3.pgn

No:  B/W 1/2     W:B       1:2           Time        Value Moves Dep 1:2       1-2-Draws
   8 W 2    1.0:0.0        4.0:4.0       12:03:26 AM     0.00    17 0:3.056  4-4-0

--------------------------------------------------------------

Engine-Match Friday, August 22, 2025 12:03:36 AM
 Blitz 2/1 

Pairing 1/10 :    Slowmate_v1.0  -  V7P3R_v4.1

PGN-File: C:\Program Files (x86)\Arena\Tournaments\Engine Battle Demo PC 20250821_3.pgn

No:  B/W 1/2     W:B       1:2           Time        Value Moves Dep 1:2       1-2-Draws
   9 W 1    1.0:0.0        9.0:0.0       12:06:27 AM     0.00    21 0:0 9-0-0

--------------------------------------------------------------

Engine-Match Friday, August 22, 2025 12:06:28 AM
 Blitz 2/1 

Pairing 2/10 :    V7P3R_v5.0  -  C0BR4_v1.0

PGN-File: C:\Program Files (x86)\Arena\Tournaments\Engine Battle Demo PC 20250821_3.pgn

No:  B/W 1/2     W:B       1:2           Time        Value Moves Dep 1:2       1-2-Draws
   9 B 2    1.0:0.0        0.0:9.0       12:07:23 AM   -26.09    14 3.143 :4.000  0-9-0

--------------------------------------------------------------

Engine-Match Friday, August 22, 2025 12:07:24 AM
 Blitz 2/1 

Pairing 3/10 :    Cece_v2.0  -  V7P3R_v5.0

PGN-File: C:\Program Files (x86)\Arena\Tournaments\Engine Battle Demo PC 20250821_3.pgn

No:  B/W 1/2     W:B       1:2           Time        Value Moves Dep 1:2       1-2-Draws
   9 B 2    1.5:0.5        0.5:8.5       12:09:33 AM     0.00    17 0:3.176  0-8-1

--------------------------------------------------------------

Engine-Match Friday, August 22, 2025 12:09:34 AM
 Blitz 2/1 

Pairing 4/10 :    C0BR4_v1.0  -  Slowmate_v1.0

PGN-File: C:\Program Files (x86)\Arena\Tournaments\Engine Battle Demo PC 20250821_3.pgn

No:  B/W 1/2     W:B       1:2           Time        Value Moves Dep 1:2       1-2-Draws
   9 B 2    1.0:0.0        0.0:9.0       12:09:50 AM     0.00    14 4.000 :0 0-9-0

--------------------------------------------------------------

Engine-Match Friday, August 22, 2025 12:09:52 AM
 Blitz 2/1 

Pairing 5/10 :    V7P3R_v4.1  -  C0BR4_v1.0

PGN-File: C:\Program Files (x86)\Arena\Tournaments\Engine Battle Demo PC 20250821_3.pgn

No:  B/W 1/2     W:B       1:2           Time        Value Moves Dep 1:2       1-2-Draws
   9 W 1    1.0:0.0        9.0:0.0       12:11:53 AM     0.00    12 0:4.000  9-0-0

--------------------------------------------------------------

Engine-Match Friday, August 22, 2025 12:11:55 AM
 Blitz 2/1 

Pairing 6/10 :    Slowmate_v1.0  -  Cece_v2.0

PGN-File: C:\Program Files (x86)\Arena\Tournaments\Engine Battle Demo PC 20250821_3.pgn

No:  B/W 1/2     W:B       1:2           Time        Value Moves Dep 1:2       1-2-Draws
   9 W 1    1.5:0.5        8.5:0.5       12:13:22 AM     0.00    20 0:0 8-0-1

--------------------------------------------------------------

Engine-Match Friday, August 22, 2025 12:13:23 AM
 Blitz 2/1 

Pairing 7/10 :    V7P3R_v5.0  -  Slowmate_v1.0

PGN-File: C:\Program Files (x86)\Arena\Tournaments\Engine Battle Demo PC 20250821_3.pgn

No:  B/W 1/2     W:B       1:2           Time        Value Moves Dep 1:2       1-2-Draws
   9 B 2    1.0:0.0        0.0:9.0       12:14:48 AM   -31.99    20 3.100 :0 0-9-0

--------------------------------------------------------------

Engine-Match Friday, August 22, 2025 12:14:49 AM
 Blitz 2/1 

Pairing 8/10 :    Cece_v2.0  -  V7P3R_v4.1

PGN-File: C:\Program Files (x86)\Arena\Tournaments\Engine Battle Demo PC 20250821_3.pgn

No:  B/W 1/2     W:B       1:2           Time        Value Moves Dep 1:2       1-2-Draws
   9 B 2    1.0:0.0        6.0:3.0       12:19:14 AM     0.00    20 0:0 6-3-0

--------------------------------------------------------------

Engine-Match Friday, August 22, 2025 12:19:16 AM
 Blitz 2/1 

Pairing 9/10 :    C0BR4_v1.0  -  Cece_v2.0

PGN-File: C:\Program Files (x86)\Arena\Tournaments\Engine Battle Demo PC 20250821_3.pgn

No:  B/W 1/2     W:B       1:2           Time        Value Moves Dep 1:2       1-2-Draws
   9 W 1    1.0:0.0        4.0:5.0       12:20:09 AM  +299.99    13 4.000 :0 4-5-0

--------------------------------------------------------------

Engine-Match Friday, August 22, 2025 12:20:10 AM
 Blitz 2/1 

Pairing 10/10 :    V7P3R_v4.1  -  V7P3R_v5.0

PGN-File: C:\Program Files (x86)\Arena\Tournaments\Engine Battle Demo PC 20250821_3.pgn

No:  B/W 1/2     W:B       1:2           Time        Value Moves Dep 1:2       1-2-Draws
   9 W 1    1.0:0.0        5.0:4.0       12:21:43 AM   +38.94     5 0:4.000  5-4-0

--------------------------------------------------------------

Engine-Match Friday, August 22, 2025 12:21:44 AM
 Blitz 2/1 

Pairing 1/10 :    Slowmate_v1.0  -  V7P3R_v4.1

PGN-File: C:\Program Files (x86)\Arena\Tournaments\Engine Battle Demo PC 20250821_3.pgn

No:  B/W 1/2     W:B       1:2           Time        Value Moves Dep 1:2       1-2-Draws
  10 B 1    1.0:0.0        10.0:0.0      12:24:19 AM     0.00    13 0:0 10-0-0

--------------------------------------------------------------

Engine-Match Friday, August 22, 2025 12:24:20 AM
 Blitz 2/1 

Pairing 2/10 :    V7P3R_v5.0  -  C0BR4_v1.0

PGN-File: C:\Program Files (x86)\Arena\Tournaments\Engine Battle Demo PC 20250821_3.pgn

No:  B/W 1/2     W:B       1:2           Time        Value Moves Dep 1:2       1-2-Draws
  10 W 2    1.0:0.0        0.0:10.0      12:24:45 AM   +21.89     5 4.000 :4.000  0-10-0

--------------------------------------------------------------

Engine-Match Friday, August 22, 2025 12:24:46 AM
 Blitz 2/1 

Pairing 3/10 :    Cece_v2.0  -  V7P3R_v5.0

PGN-File: C:\Program Files (x86)\Arena\Tournaments\Engine Battle Demo PC 20250821_3.pgn

No:  B/W 1/2     W:B       1:2           Time        Value Moves Dep 1:2       1-2-Draws
  10 W 2    1.5:0.5        0.5:9.5       12:26:27 AM     0.00    13 0:3.077  0-9-1

--------------------------------------------------------------

Engine-Match Friday, August 22, 2025 12:26:28 AM
 Blitz 2/1 

Pairing 4/10 :    C0BR4_v1.0  -  Slowmate_v1.0

PGN-File: C:\Program Files (x86)\Arena\Tournaments\Engine Battle Demo PC 20250821_3.pgn

No:  B/W 1/2     W:B       1:2           Time        Value Moves Dep 1:2       1-2-Draws
  10 W 2    1.0:0.0        0.0:10.0      12:27:20 AM     0.00    28 4.000 :0 0-10-0

--------------------------------------------------------------

Engine-Match Friday, August 22, 2025 12:27:22 AM
 Blitz 2/1 

Pairing 5/10 :    V7P3R_v4.1  -  C0BR4_v1.0

PGN-File: C:\Program Files (x86)\Arena\Tournaments\Engine Battle Demo PC 20250821_3.pgn

No:  B/W 1/2     W:B       1:2           Time        Value Moves Dep 1:2       1-2-Draws
  10 B 1    1.0:0.0        10.0:0.0      12:29:30 AM     0.00    12 0:4.000  10-0-0

--------------------------------------------------------------

Engine-Match Friday, August 22, 2025 12:29:31 AM
 Blitz 2/1 

Pairing 6/10 :    Slowmate_v1.0  -  Cece_v2.0

PGN-File: C:\Program Files (x86)\Arena\Tournaments\Engine Battle Demo PC 20250821_3.pgn

No:  B/W 1/2     W:B       1:2           Time        Value Moves Dep 1:2       1-2-Draws
  10 = =    1.0:1.0        9.0:1.0       12:31:38 AM     0.00    31 0:0 8-0-2

--------------------------------------------------------------

Engine-Match Friday, August 22, 2025 12:31:40 AM
 Blitz 2/1 

Pairing 7/10 :    V7P3R_v5.0  -  Slowmate_v1.0

PGN-File: C:\Program Files (x86)\Arena\Tournaments\Engine Battle Demo PC 20250821_3.pgn

No:  B/W 1/2     W:B       1:2           Time        Value Moves Dep 1:2       1-2-Draws
  10 W 2    1.0:0.0        0.0:10.0      12:32:05 AM   +29.69     5 4.000 :0 0-10-0

--------------------------------------------------------------

Engine-Match Friday, August 22, 2025 12:32:06 AM
 Blitz 2/1 

Pairing 8/10 :    Cece_v2.0  -  V7P3R_v4.1

PGN-File: C:\Program Files (x86)\Arena\Tournaments\Engine Battle Demo PC 20250821_3.pgn

No:  B/W 1/2     W:B       1:2           Time        Value Moves Dep 1:2       1-2-Draws
  10 B 1    1.0:0.0        7.0:3.0       12:35:28 AM     0.00    16 0:0 7-3-0

--------------------------------------------------------------

Engine-Match Friday, August 22, 2025 12:35:29 AM
 Blitz 2/1 

Pairing 9/10 :    C0BR4_v1.0  -  Cece_v2.0

PGN-File: C:\Program Files (x86)\Arena\Tournaments\Engine Battle Demo PC 20250821_3.pgn

No:  B/W 1/2     W:B       1:2           Time        Value Moves Dep 1:2       1-2-Draws
  10 W 2    1.0:0.0        4.0:6.0       12:36:15 AM     0.00     9 4.000 :0 4-6-0

--------------------------------------------------------------

Engine-Match Friday, August 22, 2025 12:36:16 AM
 Blitz 2/1 

Pairing 10/10 :    V7P3R_v4.1  -  V7P3R_v5.0

PGN-File: C:\Program Files (x86)\Arena\Tournaments\Engine Battle Demo PC 20250821_3.pgn

No:  B/W 1/2     W:B       1:2           Time        Value Moves Dep 1:2       1-2-Draws
  10 W 2    1.0:0.0        5.0:5.0       12:39:23 AM     0.00    13 0:3.071  5-5-0
