Engine-Match Thursday, August 21, 2025 9:02:19 PM
 Blitz 2/1 

Pairing 1/3 :    C0BR4_v1.0  -  V7P3R_v5.0

PGN-File: C:\Program Files (x86)\Arena\Tournaments\Best of Engine Battle 20250821_3.pgn

No:  B/W 1/2     W:B       1:2           Time        Value Moves Dep 1:2       1-2-Draws
   1 W 1    1.0:0.0        1.0:0.0       9:02:50 PM   +20.09     7 4.000 :3.857  1-0-0

--------------------------------------------------------------

Engine-Match Thursday, August 21, 2025 9:02:52 PM
 Blitz 2/1 

Pairing 2/3 :    Slowmate_v1.0  -  C0BR4_v1.0

PGN-File: C:\Program Files (x86)\Arena\Tournaments\Best of Engine Battle 20250821_3.pgn

No:  B/W 1/2     W:B       1:2           Time        Value Moves Dep 1:2       1-2-Draws
   1 W 1    1.0:0.0        1.0:0.0       9:03:31 PM     0.00    28 0:4.000  1-0-0

--------------------------------------------------------------

Engine-Match Thursday, August 21, 2025 9:03:32 PM
 Blitz 2/1 

Pairing 3/3 :    V7P3R_v5.0  -  Slowmate_v1.0

PGN-File: C:\Program Files (x86)\Arena\Tournaments\Best of Engine Battle 20250821_3.pgn

No:  B/W 1/2     W:B       1:2           Time        Value Moves Dep 1:2       1-2-Draws
   1 B 2    1.0:0.0        0.0:1.0       9:05:33 PM   -55.24    36 3.083 :0 0-1-0

--------------------------------------------------------------

Engine-Match Thursday, August 21, 2025 9:05:34 PM
 Blitz 2/1 

Pairing 1/3 :    C0BR4_v1.0  -  V7P3R_v5.0

PGN-File: C:\Program Files (x86)\Arena\Tournaments\Best of Engine Battle 20250821_3.pgn

No:  B/W 1/2     W:B       1:2           Time        Value Moves Dep 1:2       1-2-Draws
   2 B 1    1.0:0.0        2.0:0.0       9:06:56 PM   -68.84    35 4.000 :3.087  2-0-0

--------------------------------------------------------------

Engine-Match Thursday, August 21, 2025 9:06:57 PM
 Blitz 2/1 

Pairing 2/3 :    Slowmate_v1.0  -  C0BR4_v1.0

PGN-File: C:\Program Files (x86)\Arena\Tournaments\Best of Engine Battle 20250821_3.pgn

No:  B/W 1/2     W:B       1:2           Time        Value Moves Dep 1:2       1-2-Draws
   2 B 1    1.0:0.0        2.0:0.0       9:07:10 PM     0.00    14 0:4.000  2-0-0

--------------------------------------------------------------

Engine-Match Thursday, August 21, 2025 9:07:12 PM
 Blitz 2/1 

Pairing 3/3 :    V7P3R_v5.0  -  Slowmate_v1.0

PGN-File: C:\Program Files (x86)\Arena\Tournaments\Best of Engine Battle 20250821_3.pgn

No:  B/W 1/2     W:B       1:2           Time        Value Moves Dep 1:2       1-2-Draws
   2 W 2    1.0:0.0        0.0:2.0       9:07:36 PM   +29.69     5 4.000 :0 0-2-0

--------------------------------------------------------------

Engine-Match Thursday, August 21, 2025 9:07:37 PM
 Blitz 2/1 

Pairing 1/3 :    C0BR4_v1.0  -  V7P3R_v5.0

PGN-File: C:\Program Files (x86)\Arena\Tournaments\Best of Engine Battle 20250821_3.pgn

No:  B/W 1/2     W:B       1:2           Time        Value Moves Dep 1:2       1-2-Draws
   3 W 1    1.0:0.0        3.0:0.0       9:08:09 PM   +20.09     7 4.000 :3.857  3-0-0

--------------------------------------------------------------

Engine-Match Thursday, August 21, 2025 9:08:11 PM
 Blitz 2/1 

Pairing 2/3 :    Slowmate_v1.0  -  C0BR4_v1.0

PGN-File: C:\Program Files (x86)\Arena\Tournaments\Best of Engine Battle 20250821_3.pgn

No:  B/W 1/2     W:B       1:2           Time        Value Moves Dep 1:2       1-2-Draws
   3 W 1    1.0:0.0        3.0:0.0       9:08:51 PM     0.00    28 0:4.000  3-0-0

--------------------------------------------------------------

Engine-Match Thursday, August 21, 2025 9:08:52 PM
 Blitz 2/1 

Pairing 3/3 :    V7P3R_v5.0  -  Slowmate_v1.0

PGN-File: C:\Program Files (x86)\Arena\Tournaments\Best of Engine Battle 20250821_3.pgn

No:  B/W 1/2     W:B       1:2           Time        Value Moves Dep 1:2       1-2-Draws
   3 B 2    1.0:0.0        0.0:3.0       9:12:34 PM     0.00    77 3.080 :0 0-3-0

--------------------------------------------------------------

Engine-Match Thursday, August 21, 2025 9:12:36 PM
 Blitz 2/1 

Pairing 1/3 :    C0BR4_v1.0  -  V7P3R_v5.0

PGN-File: C:\Program Files (x86)\Arena\Tournaments\Best of Engine Battle 20250821_3.pgn

No:  B/W 1/2     W:B       1:2           Time        Value Moves Dep 1:2       1-2-Draws
   4 B 1    1.0:0.0        4.0:0.0       9:13:23 PM   -17.04    12 4.000 :3.167  4-0-0

--------------------------------------------------------------

Engine-Match Thursday, August 21, 2025 9:13:25 PM
 Blitz 2/1 

Pairing 2/3 :    Slowmate_v1.0  -  C0BR4_v1.0

PGN-File: C:\Program Files (x86)\Arena\Tournaments\Best of Engine Battle 20250821_3.pgn

No:  B/W 1/2     W:B       1:2           Time        Value Moves Dep 1:2       1-2-Draws
   4 B 1    1.0:0.0        4.0:0.0       9:13:38 PM     0.00    14 0:4.000  4-0-0

--------------------------------------------------------------

Engine-Match Thursday, August 21, 2025 9:13:39 PM
 Blitz 2/1 

Pairing 3/3 :    V7P3R_v5.0  -  Slowmate_v1.0

PGN-File: C:\Program Files (x86)\Arena\Tournaments\Best of Engine Battle 20250821_3.pgn

No:  B/W 1/2     W:B       1:2           Time        Value Moves Dep 1:2       1-2-Draws
   4 W 2    1.0:0.0        0.0:4.0       9:14:03 PM   +29.69     5 4.000 :0 0-4-0

--------------------------------------------------------------

Engine-Match Thursday, August 21, 2025 9:14:05 PM
 Blitz 2/1 

Pairing 1/3 :    C0BR4_v1.0  -  V7P3R_v5.0

PGN-File: C:\Program Files (x86)\Arena\Tournaments\Best of Engine Battle 20250821_3.pgn

No:  B/W 1/2     W:B       1:2           Time        Value Moves Dep 1:2       1-2-Draws
   5 W 1    1.0:0.0        5.0:0.0       9:14:28 PM   +21.89     5 4.000 :4.000  5-0-0

--------------------------------------------------------------

Engine-Match Thursday, August 21, 2025 9:14:29 PM
 Blitz 2/1 

Pairing 2/3 :    Slowmate_v1.0  -  C0BR4_v1.0

PGN-File: C:\Program Files (x86)\Arena\Tournaments\Best of Engine Battle 20250821_3.pgn

No:  B/W 1/2     W:B       1:2           Time        Value Moves Dep 1:2       1-2-Draws
   5 W 1    1.0:0.0        5.0:0.0       9:15:09 PM     0.00    28 0:4.000  5-0-0

--------------------------------------------------------------

Engine-Match Thursday, August 21, 2025 9:15:11 PM
 Blitz 2/1 

Pairing 3/3 :    V7P3R_v5.0  -  Slowmate_v1.0

PGN-File: C:\Program Files (x86)\Arena\Tournaments\Best of Engine Battle 20250821_3.pgn

No:  B/W 1/2     W:B       1:2           Time        Value Moves Dep 1:2       1-2-Draws
   5 = =    0.5:0.5        0.5:4.5       9:17:54 PM     0.00    46 3.080 :0 0-4-1

--------------------------------------------------------------

Engine-Match Thursday, August 21, 2025 9:17:55 PM
 Blitz 2/1 

Pairing 1/3 :    C0BR4_v1.0  -  V7P3R_v5.0

PGN-File: C:\Program Files (x86)\Arena\Tournaments\Best of Engine Battle 20250821_3.pgn

No:  B/W 1/2     W:B       1:2           Time        Value Moves Dep 1:2       1-2-Draws
   6 = =    0.5:0.5        5.5:0.5       9:19:40 PM   -20.65    38 4.000 :3.053  5-0-1

--------------------------------------------------------------

Engine-Match Thursday, August 21, 2025 9:19:42 PM
 Blitz 2/1 

Pairing 2/3 :    Slowmate_v1.0  -  C0BR4_v1.0

PGN-File: C:\Program Files (x86)\Arena\Tournaments\Best of Engine Battle 20250821_3.pgn

No:  B/W 1/2     W:B       1:2           Time        Value Moves Dep 1:2       1-2-Draws
   6 B 1    1.0:0.0        6.0:0.0       9:19:55 PM     0.00    14 0:4.000  6-0-0

--------------------------------------------------------------

Engine-Match Thursday, August 21, 2025 9:19:57 PM
 Blitz 2/1 

Pairing 3/3 :    V7P3R_v5.0  -  Slowmate_v1.0

PGN-File: C:\Program Files (x86)\Arena\Tournaments\Best of Engine Battle 20250821_3.pgn

No:  B/W 1/2     W:B       1:2           Time        Value Moves Dep 1:2       1-2-Draws
   6 W 2    1.5:0.5        0.5:5.5       9:20:21 PM   +29.69     5 4.000 :0 0-5-1

--------------------------------------------------------------

Engine-Match Thursday, August 21, 2025 9:20:22 PM
 Blitz 2/1 

Pairing 1/3 :    C0BR4_v1.0  -  V7P3R_v5.0

PGN-File: C:\Program Files (x86)\Arena\Tournaments\Best of Engine Battle 20250821_3.pgn

No:  B/W 1/2     W:B       1:2           Time        Value Moves Dep 1:2       1-2-Draws
   7 W 1    1.5:0.5        6.5:0.5       9:20:54 PM   +20.09     7 4.000 :3.857  6-0-1

--------------------------------------------------------------

Engine-Match Thursday, August 21, 2025 9:20:55 PM
 Blitz 2/1 

Pairing 2/3 :    Slowmate_v1.0  -  C0BR4_v1.0

PGN-File: C:\Program Files (x86)\Arena\Tournaments\Best of Engine Battle 20250821_3.pgn

No:  B/W 1/2     W:B       1:2           Time        Value Moves Dep 1:2       1-2-Draws
   7 W 1    1.0:0.0        7.0:0.0       9:21:36 PM     0.00    28 0:4.000  7-0-0

--------------------------------------------------------------

Engine-Match Thursday, August 21, 2025 9:21:42 PM
 Blitz 2/1 

Pairing 3/3 :    V7P3R_v5.0  -  Slowmate_v1.0

PGN-File: C:\Program Files (x86)\Arena\Tournaments\Best of Engine Battle 20250821_3.pgn

No:  B/W 1/2     W:B       1:2           Time        Value Moves Dep 1:2       1-2-Draws
   7 W 1    1.5:0.5        1.5:5.5       9:24:48 PM     0.00    58 3.095 :0 1-5-1

--------------------------------------------------------------

Engine-Match Thursday, August 21, 2025 9:24:49 PM
 Blitz 2/1 

Pairing 1/3 :    C0BR4_v1.0  -  V7P3R_v5.0

PGN-File: C:\Program Files (x86)\Arena\Tournaments\Best of Engine Battle 20250821_3.pgn

No:  B/W 1/2     W:B       1:2           Time        Value Moves Dep 1:2       1-2-Draws
   8 B 1    1.5:0.5        7.5:0.5       9:26:12 PM   -68.84    35 4.000 :3.087  7-0-1

--------------------------------------------------------------

Engine-Match Thursday, August 21, 2025 9:26:13 PM
 Blitz 2/1 

Pairing 2/3 :    Slowmate_v1.0  -  C0BR4_v1.0

PGN-File: C:\Program Files (x86)\Arena\Tournaments\Best of Engine Battle 20250821_3.pgn

No:  B/W 1/2     W:B       1:2           Time        Value Moves Dep 1:2       1-2-Draws
   8 B 1    1.0:0.0        8.0:0.0       9:26:27 PM     0.00    14 0:4.000  8-0-0

--------------------------------------------------------------

Engine-Match Thursday, August 21, 2025 9:26:28 PM
 Blitz 2/1 

Pairing 3/3 :    V7P3R_v5.0  -  Slowmate_v1.0

PGN-File: C:\Program Files (x86)\Arena\Tournaments\Best of Engine Battle 20250821_3.pgn

No:  B/W 1/2     W:B       1:2           Time        Value Moves Dep 1:2       1-2-Draws
   8 W 2    1.5:0.5        1.5:6.5       9:26:52 PM   +29.69     5 4.000 :0 1-6-1

--------------------------------------------------------------

Engine-Match Thursday, August 21, 2025 9:26:53 PM
 Blitz 2/1 

Pairing 1/3 :    C0BR4_v1.0  -  V7P3R_v5.0

PGN-File: C:\Program Files (x86)\Arena\Tournaments\Best of Engine Battle 20250821_3.pgn

No:  B/W 1/2     W:B       1:2           Time        Value Moves Dep 1:2       1-2-Draws
   9 W 1    1.5:0.5        8.5:0.5       9:27:26 PM   +20.09     7 4.000 :3.857  8-0-1

--------------------------------------------------------------

Engine-Match Thursday, August 21, 2025 9:27:27 PM
 Blitz 2/1 

Pairing 2/3 :    Slowmate_v1.0  -  C0BR4_v1.0

PGN-File: C:\Program Files (x86)\Arena\Tournaments\Best of Engine Battle 20250821_3.pgn

No:  B/W 1/2     W:B       1:2           Time        Value Moves Dep 1:2       1-2-Draws
   9 W 1    1.0:0.0        9.0:0.0       9:28:07 PM     0.00    28 0:4.000  9-0-0

--------------------------------------------------------------

Engine-Match Thursday, August 21, 2025 9:28:09 PM
 Blitz 2/1 

Pairing 3/3 :    V7P3R_v5.0  -  Slowmate_v1.0

PGN-File: C:\Program Files (x86)\Arena\Tournaments\Best of Engine Battle 20250821_3.pgn

No:  B/W 1/2     W:B       1:2           Time        Value Moves Dep 1:2       1-2-Draws
   9 B 2    1.5:0.5        1.5:7.5       9:30:25 PM   -16.70    37 3.065 :0 1-7-1

--------------------------------------------------------------

Engine-Match Thursday, August 21, 2025 9:30:26 PM
 Blitz 2/1 

Pairing 1/3 :    C0BR4_v1.0  -  V7P3R_v5.0

PGN-File: C:\Program Files (x86)\Arena\Tournaments\Best of Engine Battle 20250821_3.pgn

No:  B/W 1/2     W:B       1:2           Time        Value Moves Dep 1:2       1-2-Draws
  10 B 1    1.5:0.5        9.5:0.5       9:31:49 PM   -68.84    35 4.000 :3.087  9-0-1

--------------------------------------------------------------

Engine-Match Thursday, August 21, 2025 9:31:50 PM
 Blitz 2/1 

Pairing 2/3 :    Slowmate_v1.0  -  C0BR4_v1.0

PGN-File: C:\Program Files (x86)\Arena\Tournaments\Best of Engine Battle 20250821_3.pgn

No:  B/W 1/2     W:B       1:2           Time        Value Moves Dep 1:2       1-2-Draws
  10 B 1    1.0:0.0        10.0:0.0      9:32:04 PM     0.00    14 0:4.000  10-0-0

--------------------------------------------------------------

Engine-Match Thursday, August 21, 2025 9:32:05 PM
 Blitz 2/1 

Pairing 3/3 :    V7P3R_v5.0  -  Slowmate_v1.0

PGN-File: C:\Program Files (x86)\Arena\Tournaments\Best of Engine Battle 20250821_3.pgn

No:  B/W 1/2     W:B       1:2           Time        Value Moves Dep 1:2       1-2-Draws
  10 W 2    1.5:0.5        1.5:8.5       9:32:29 PM   +29.69     5 4.000 :0 1-8-1
