Engine-Match Thursday, August 21, 2025 12:53:52 AM
 Blitz 10/5 

Pairing 1/10 :    Slowmate_v1.0  -  V7P3R_v5.0

PGN-File: C:\Program Files (x86)\Arena\Tournaments\Engine Battle 20250821.pgn

No:  B/W 1/2     W:B       1:2           Time        Value Moves Dep 1:2       1-2-Draws
   1 B 2    1.0:0.0        0.0:1.0       1:02:20 AM     0.00    33 0:4.130  0-1-0

--------------------------------------------------------------

Engine-Match Thursday, August 21, 2025 1:02:22 AM
 Blitz 10/5 

Pairing 2/10 :    V7P3R_v4.1  -  SlowMate_v2.0

PGN-File: C:\Program Files (x86)\Arena\Tournaments\Engine Battle 20250821.pgn

No:  B/W 1/2     W:B       1:2           Time        Value Moves Dep 1:2       1-2-Draws
   1 W 1    1.0:0.0        1.0:0.0       1:12:52 AM     0.00    22 0:0 1-0-0

--------------------------------------------------------------

Engine-Match Thursday, August 21, 2025 1:12:54 AM
 Blitz 10/5 

Pairing 3/10 :    V7P3R_v4.3  -  V7P3R_v4.1

PGN-File: C:\Program Files (x86)\Arena\Tournaments\Engine Battle 20250821.pgn

No:  B/W 1/2     W:B       1:2           Time        Value Moves Dep 1:2       1-2-Draws
   1 B 2    1.0:0.0        0.0:1.0       1:22:17 AM     0.00    79 0:0 0-1-0

--------------------------------------------------------------

Engine-Match Thursday, August 21, 2025 1:22:19 AM
 Blitz 10/5 

Pairing 4/10 :    SlowMate_v2.0  -  Slowmate_v1.0

PGN-File: C:\Program Files (x86)\Arena\Tournaments\Engine Battle 20250821.pgn

No:  B/W 1/2     W:B       1:2           Time        Value Moves Dep 1:2       1-2-Draws
   1 B 2    1.0:0.0        0.0:1.0       1:24:31 AM     0.00     8 0:0 0-1-0

--------------------------------------------------------------

Engine-Match Thursday, August 21, 2025 1:24:33 AM
 Blitz 10/5 

Pairing 5/10 :    V7P3R_v5.0  -  SlowMate_v2.0

PGN-File: C:\Program Files (x86)\Arena\Tournaments\Engine Battle 20250821.pgn

No:  B/W 1/2     W:B       1:2           Time        Value Moves Dep 1:2       1-2-Draws
   1 W 1    1.0:0.0        1.0:0.0       1:34:30 AM     0.00    16 4.000 :0 1-0-0

--------------------------------------------------------------

Engine-Match Thursday, August 21, 2025 1:34:32 AM
 Blitz 10/5 

Pairing 6/10 :    Slowmate_v1.0  -  V7P3R_v4.3

PGN-File: C:\Program Files (x86)\Arena\Tournaments\Engine Battle 20250821.pgn

No:  B/W 1/2     W:B       1:2           Time        Value Moves Dep 1:2       1-2-Draws
   1 = =    0.5:0.5        0.5:0.5       1:35:15 AM     0.00    15 0:0 0-0-1

--------------------------------------------------------------

Engine-Match Thursday, August 21, 2025 1:35:16 AM
 Blitz 10/5 

Pairing 7/10 :    V7P3R_v4.1  -  Slowmate_v1.0

PGN-File: C:\Program Files (x86)\Arena\Tournaments\Engine Battle 20250821.pgn

No:  B/W 1/2     W:B       1:2           Time        Value Moves Dep 1:2       1-2-Draws
   1 B 2    1.0:0.0        0.0:1.0       1:39:31 AM     0.00    29 0:0 0-1-0

--------------------------------------------------------------

Engine-Match Thursday, August 21, 2025 1:39:32 AM
 Blitz 10/5 

Pairing 8/10 :    V7P3R_v4.3  -  V7P3R_v5.0

PGN-File: C:\Program Files (x86)\Arena\Tournaments\Engine Battle 20250821.pgn

No:  B/W 1/2     W:B       1:2           Time        Value Moves Dep 1:2       1-2-Draws
   1 = =    0.5:0.5        0.5:0.5       1:46:59 AM     0.00    23 0:4.091  0-0-1

--------------------------------------------------------------

Engine-Match Thursday, August 21, 2025 1:47:00 AM
 Blitz 10/5 

Pairing 9/10 :    SlowMate_v2.0  -  V7P3R_v4.3

PGN-File: C:\Program Files (x86)\Arena\Tournaments\Engine Battle 20250821.pgn

No:  B/W 1/2     W:B       1:2           Time        Value Moves Dep 1:2       1-2-Draws
   1 = =    0.5:0.5        0.5:0.5       1:49:40 AM     0.00     7 0:0 0-0-1

--------------------------------------------------------------

Engine-Match Thursday, August 21, 2025 1:49:41 AM
 Blitz 10/5 

Pairing 10/10 :    V7P3R_v5.0  -  V7P3R_v4.1

PGN-File: C:\Program Files (x86)\Arena\Tournaments\Engine Battle 20250821.pgn

No:  B/W 1/2     W:B       1:2           Time        Value Moves Dep 1:2       1-2-Draws
   1 W 1    1.0:0.0        1.0:0.0       1:57:28 AM     0.00    19 4.158 :0 1-0-0

--------------------------------------------------------------

Engine-Match Thursday, August 21, 2025 1:57:29 AM
 Blitz 10/5 

Pairing 1/10 :    Slowmate_v1.0  -  V7P3R_v5.0

PGN-File: C:\Program Files (x86)\Arena\Tournaments\Engine Battle 20250821.pgn

No:  B/W 1/2     W:B       1:2           Time        Value Moves Dep 1:2       1-2-Draws
   2 W 2    1.0:0.0        0.0:2.0       2:04:18 AM     0.00    24 0:4.083  0-2-0

--------------------------------------------------------------

Engine-Match Thursday, August 21, 2025 2:04:19 AM
 Blitz 10/5 

Pairing 2/10 :    V7P3R_v4.1  -  SlowMate_v2.0

PGN-File: C:\Program Files (x86)\Arena\Tournaments\Engine Battle 20250821.pgn

No:  B/W 1/2     W:B       1:2           Time        Value Moves Dep 1:2       1-2-Draws
   2 B 1    1.0:0.0        2.0:0.0       2:12:39 AM     0.00    19 0:0 2-0-0

--------------------------------------------------------------

Engine-Match Thursday, August 21, 2025 2:12:40 AM
 Blitz 10/5 

Pairing 3/10 :    V7P3R_v4.3  -  V7P3R_v4.1

PGN-File: C:\Program Files (x86)\Arena\Tournaments\Engine Battle 20250821.pgn

No:  B/W 1/2     W:B       1:2           Time        Value Moves Dep 1:2       1-2-Draws
   2 W 2    1.0:0.0        0.0:2.0       2:22:27 AM     0.00    57 0:0 0-2-0

--------------------------------------------------------------

Engine-Match Thursday, August 21, 2025 2:22:28 AM
 Blitz 10/5 

Pairing 4/10 :    SlowMate_v2.0  -  Slowmate_v1.0

PGN-File: C:\Program Files (x86)\Arena\Tournaments\Engine Battle 20250821.pgn

No:  B/W 1/2     W:B       1:2           Time        Value Moves Dep 1:2       1-2-Draws
   2 = =    0.5:0.5        0.5:1.5       2:25:24 AM     0.00    11 0:0 0-1-1

--------------------------------------------------------------

Engine-Match Thursday, August 21, 2025 2:25:26 AM
 Blitz 10/5 

Pairing 5/10 :    V7P3R_v5.0  -  SlowMate_v2.0

PGN-File: C:\Program Files (x86)\Arena\Tournaments\Engine Battle 20250821.pgn

No:  B/W 1/2     W:B       1:2           Time        Value Moves Dep 1:2       1-2-Draws
   2 B 1    1.0:0.0        2.0:0.0       2:37:31 AM     0.00    17 4.235 :0 2-0-0

--------------------------------------------------------------

Engine-Match Thursday, August 21, 2025 2:37:32 AM
 Blitz 10/5 

Pairing 6/10 :    Slowmate_v1.0  -  V7P3R_v4.3

PGN-File: C:\Program Files (x86)\Arena\Tournaments\Engine Battle 20250821.pgn

No:  B/W 1/2     W:B       1:2           Time        Value Moves Dep 1:2       1-2-Draws
   2 = =    1.0:1.0        1.0:1.0       2:38:08 AM     0.00     9 0:0 0-0-2

--------------------------------------------------------------

Engine-Match Thursday, August 21, 2025 2:38:09 AM
 Blitz 10/5 

Pairing 7/10 :    V7P3R_v4.1  -  Slowmate_v1.0

PGN-File: C:\Program Files (x86)\Arena\Tournaments\Engine Battle 20250821.pgn

No:  B/W 1/2     W:B       1:2           Time        Value Moves Dep 1:2       1-2-Draws
   2 B 1    1.0:0.0        1.0:1.0       2:49:54 AM     0.00    70 0:0 1-1-0

--------------------------------------------------------------

Engine-Match Thursday, August 21, 2025 2:49:56 AM
 Blitz 10/5 

Pairing 8/10 :    V7P3R_v4.3  -  V7P3R_v5.0

PGN-File: C:\Program Files (x86)\Arena\Tournaments\Engine Battle 20250821.pgn

No:  B/W 1/2     W:B       1:2           Time        Value Moves Dep 1:2       1-2-Draws
   2 W 2    1.5:0.5        0.5:1.5       2:59:22 AM     0.00    35 0:4.158  0-1-1

--------------------------------------------------------------

Engine-Match Thursday, August 21, 2025 2:59:23 AM
 Blitz 10/5 

Pairing 9/10 :    SlowMate_v2.0  -  V7P3R_v4.3

PGN-File: C:\Program Files (x86)\Arena\Tournaments\Engine Battle 20250821.pgn

No:  B/W 1/2     W:B       1:2           Time        Value Moves Dep 1:2       1-2-Draws
   2 = =    1.0:1.0        1.0:1.0       3:02:32 AM     0.00    10 0:0 0-0-2

--------------------------------------------------------------

Engine-Match Thursday, August 21, 2025 3:02:33 AM
 Blitz 10/5 

Pairing 10/10 :    V7P3R_v5.0  -  V7P3R_v4.1

PGN-File: C:\Program Files (x86)\Arena\Tournaments\Engine Battle 20250821.pgn

No:  B/W 1/2     W:B       1:2           Time        Value Moves Dep 1:2       1-2-Draws
   2 W 2    1.0:0.0        1.0:1.0       3:20:29 AM   +59.05    62 4.095 :0 1-1-0

--------------------------------------------------------------

Engine-Match Thursday, August 21, 2025 3:20:35 AM
 Blitz 10/5 

Pairing 1/10 :    Slowmate_v1.0  -  V7P3R_v5.0

PGN-File: C:\Program Files (x86)\Arena\Tournaments\Engine Battle 20250821.pgn

No:  B/W 1/2     W:B       1:2           Time        Value Moves Dep 1:2       1-2-Draws
   3 W 1    1.0:0.0        1.0:2.0       3:29:35 AM   +28.05    46 0:4.167  1-2-0

--------------------------------------------------------------

Engine-Match Thursday, August 21, 2025 3:29:37 AM
 Blitz 10/5 

Pairing 2/10 :    V7P3R_v4.1  -  SlowMate_v2.0

PGN-File: C:\Program Files (x86)\Arena\Tournaments\Engine Battle 20250821.pgn

No:  B/W 1/2     W:B       1:2           Time        Value Moves Dep 1:2       1-2-Draws
   3 W 1    1.0:0.0        3.0:0.0       3:40:01 AM     0.00    22 0:0 3-0-0

--------------------------------------------------------------

Engine-Match Thursday, August 21, 2025 3:40:02 AM
 Blitz 10/5 

Pairing 3/10 :    V7P3R_v4.3  -  V7P3R_v4.1

PGN-File: C:\Program Files (x86)\Arena\Tournaments\Engine Battle 20250821.pgn

No:  B/W 1/2     W:B       1:2           Time        Value Moves Dep 1:2       1-2-Draws
   3 B 2    1.0:0.0        0.0:3.0       3:49:10 AM     0.00    79 0:0 0-3-0

--------------------------------------------------------------

Engine-Match Thursday, August 21, 2025 3:49:12 AM
 Blitz 10/5 

Pairing 4/10 :    SlowMate_v2.0  -  Slowmate_v1.0

PGN-File: C:\Program Files (x86)\Arena\Tournaments\Engine Battle 20250821.pgn

No:  B/W 1/2     W:B       1:2           Time        Value Moves Dep 1:2       1-2-Draws
   3 B 2    1.5:0.5        0.5:2.5       3:51:24 AM     0.00     8 0:0 0-2-1

--------------------------------------------------------------

Engine-Match Thursday, August 21, 2025 3:51:25 AM
 Blitz 10/5 

Pairing 5/10 :    V7P3R_v5.0  -  SlowMate_v2.0

PGN-File: C:\Program Files (x86)\Arena\Tournaments\Engine Battle 20250821.pgn

No:  B/W 1/2     W:B       1:2           Time        Value Moves Dep 1:2       1-2-Draws
   3 W 1    1.0:0.0        3.0:0.0       4:00:10 AM     0.00    14 4.214 :0 3-0-0

--------------------------------------------------------------

Engine-Match Thursday, August 21, 2025 4:00:12 AM
 Blitz 10/5 

Pairing 6/10 :    Slowmate_v1.0  -  V7P3R_v4.3

PGN-File: C:\Program Files (x86)\Arena\Tournaments\Engine Battle 20250821.pgn

No:  B/W 1/2     W:B       1:2           Time        Value Moves Dep 1:2       1-2-Draws
   3 = =    1.5:1.5        1.5:1.5       4:00:54 AM     0.00    15 0:0 0-0-3

--------------------------------------------------------------

Engine-Match Thursday, August 21, 2025 4:00:55 AM
 Blitz 10/5 

Pairing 7/10 :    V7P3R_v4.1  -  Slowmate_v1.0

PGN-File: C:\Program Files (x86)\Arena\Tournaments\Engine Battle 20250821.pgn

No:  B/W 1/2     W:B       1:2           Time        Value Moves Dep 1:2       1-2-Draws
   3 B 2    1.0:0.0        1.0:2.0       4:05:04 AM     0.00    29 0:0 1-2-0

--------------------------------------------------------------

Engine-Match Thursday, August 21, 2025 4:05:05 AM
 Blitz 10/5 

Pairing 8/10 :    V7P3R_v4.3  -  V7P3R_v5.0

PGN-File: C:\Program Files (x86)\Arena\Tournaments\Engine Battle 20250821.pgn

No:  B/W 1/2     W:B       1:2           Time        Value Moves Dep 1:2       1-2-Draws
   3 = =    1.0:1.0        1.0:2.0       4:12:26 AM     0.00    23 0:4.091  0-1-2

--------------------------------------------------------------

Engine-Match Thursday, August 21, 2025 4:12:27 AM
 Blitz 10/5 

Pairing 9/10 :    SlowMate_v2.0  -  V7P3R_v4.3

PGN-File: C:\Program Files (x86)\Arena\Tournaments\Engine Battle 20250821.pgn

No:  B/W 1/2     W:B       1:2           Time        Value Moves Dep 1:2       1-2-Draws
   3 = =    1.5:1.5        1.5:1.5       4:15:07 AM     0.00     7 0:0 0-0-3

--------------------------------------------------------------

Engine-Match Thursday, August 21, 2025 4:15:08 AM
 Blitz 10/5 

Pairing 10/10 :    V7P3R_v5.0  -  V7P3R_v4.1

PGN-File: C:\Program Files (x86)\Arena\Tournaments\Engine Battle 20250821.pgn

No:  B/W 1/2     W:B       1:2           Time        Value Moves Dep 1:2       1-2-Draws
   3 B 2    1.0:0.0        1.0:2.0       4:48:34 AM   -22.85   107 4.120 :0 1-2-0

--------------------------------------------------------------

Engine-Match Thursday, August 21, 2025 4:48:35 AM
 Blitz 10/5 

Pairing 1/10 :    Slowmate_v1.0  -  V7P3R_v5.0

PGN-File: C:\Program Files (x86)\Arena\Tournaments\Engine Battle 20250821.pgn

No:  B/W 1/2     W:B       1:2           Time        Value Moves Dep 1:2       1-2-Draws
   4 W 2    1.0:0.0        1.0:3.0       4:55:21 AM     0.00    24 0:4.083  1-3-0

--------------------------------------------------------------

Engine-Match Thursday, August 21, 2025 4:55:23 AM
 Blitz 10/5 

Pairing 2/10 :    V7P3R_v4.1  -  SlowMate_v2.0

PGN-File: C:\Program Files (x86)\Arena\Tournaments\Engine Battle 20250821.pgn

No:  B/W 1/2     W:B       1:2           Time        Value Moves Dep 1:2       1-2-Draws
   4 B 1    1.0:0.0        4.0:0.0       5:03:36 AM     0.00    19 0:0 4-0-0

--------------------------------------------------------------

Engine-Match Thursday, August 21, 2025 5:03:37 AM
 Blitz 10/5 

Pairing 3/10 :    V7P3R_v4.3  -  V7P3R_v4.1

PGN-File: C:\Program Files (x86)\Arena\Tournaments\Engine Battle 20250821.pgn

No:  B/W 1/2     W:B       1:2           Time        Value Moves Dep 1:2       1-2-Draws
   4 = =    0.5:0.5        0.5:3.5       5:14:07 AM     0.00    50 0:0 0-3-1

--------------------------------------------------------------

Engine-Match Thursday, August 21, 2025 5:14:08 AM
 Blitz 10/5 

Pairing 4/10 :    SlowMate_v2.0  -  Slowmate_v1.0

PGN-File: C:\Program Files (x86)\Arena\Tournaments\Engine Battle 20250821.pgn

No:  B/W 1/2     W:B       1:2           Time        Value Moves Dep 1:2       1-2-Draws
   4 = =    1.0:1.0        1.0:3.0       5:17:03 AM     0.00    11 0:0 0-2-2

--------------------------------------------------------------

Engine-Match Thursday, August 21, 2025 5:17:05 AM
 Blitz 10/5 

Pairing 5/10 :    V7P3R_v5.0  -  SlowMate_v2.0

PGN-File: C:\Program Files (x86)\Arena\Tournaments\Engine Battle 20250821.pgn

No:  B/W 1/2     W:B       1:2           Time        Value Moves Dep 1:2       1-2-Draws
   4 B 1    1.0:0.0        4.0:0.0       5:29:19 AM     0.00    18 4.222 :0 4-0-0

--------------------------------------------------------------

Engine-Match Thursday, August 21, 2025 5:29:21 AM
 Blitz 10/5 

Pairing 6/10 :    Slowmate_v1.0  -  V7P3R_v4.3

PGN-File: C:\Program Files (x86)\Arena\Tournaments\Engine Battle 20250821.pgn

No:  B/W 1/2     W:B       1:2           Time        Value Moves Dep 1:2       1-2-Draws
   4 = =    2.0:2.0        2.0:2.0       5:29:56 AM     0.00     9 0:0 0-0-4

--------------------------------------------------------------

Engine-Match Thursday, August 21, 2025 5:29:57 AM
 Blitz 10/5 

Pairing 7/10 :    V7P3R_v4.1  -  Slowmate_v1.0

PGN-File: C:\Program Files (x86)\Arena\Tournaments\Engine Battle 20250821.pgn

No:  B/W 1/2     W:B       1:2           Time        Value Moves Dep 1:2       1-2-Draws
   4 B 1    1.0:0.0        2.0:2.0       5:41:19 AM     0.00    70 0:0 2-2-0

--------------------------------------------------------------

Engine-Match Thursday, August 21, 2025 5:41:21 AM
 Blitz 10/5 

Pairing 8/10 :    V7P3R_v4.3  -  V7P3R_v5.0

PGN-File: C:\Program Files (x86)\Arena\Tournaments\Engine Battle 20250821.pgn

No:  B/W 1/2     W:B       1:2           Time        Value Moves Dep 1:2       1-2-Draws
   4 = =    1.5:1.5        1.5:2.5       5:50:34 AM     0.00    29 0:4.103  0-1-3

--------------------------------------------------------------

Engine-Match Thursday, August 21, 2025 5:50:35 AM
 Blitz 10/5 

Pairing 9/10 :    SlowMate_v2.0  -  V7P3R_v4.3

PGN-File: C:\Program Files (x86)\Arena\Tournaments\Engine Battle 20250821.pgn

No:  B/W 1/2     W:B       1:2           Time        Value Moves Dep 1:2       1-2-Draws
   4 = =    2.0:2.0        2.0:2.0       5:53:42 AM     0.00    10 0:0 0-0-4

--------------------------------------------------------------

Engine-Match Thursday, August 21, 2025 5:53:44 AM
 Blitz 10/5 

Pairing 10/10 :    V7P3R_v5.0  -  V7P3R_v4.1

PGN-File: C:\Program Files (x86)\Arena\Tournaments\Engine Battle 20250821.pgn

No:  B/W 1/2     W:B       1:2           Time        Value Moves Dep 1:2       1-2-Draws
   4 W 2    1.0:0.0        1.0:3.0       5:59:49 AM   +24.04    21 4.095 :0 1-3-0

--------------------------------------------------------------

Engine-Match Thursday, August 21, 2025 5:59:56 AM
 Blitz 10/5 

Pairing 1/10 :    Slowmate_v1.0  -  V7P3R_v5.0

PGN-File: C:\Program Files (x86)\Arena\Tournaments\Engine Battle 20250821.pgn

No:  B/W 1/2     W:B       1:2           Time        Value Moves Dep 1:2       1-2-Draws
   5 B 2    1.0:0.0        1.0:4.0       6:10:41 AM     0.00    61 0:4.136  1-4-0

--------------------------------------------------------------

Engine-Match Thursday, August 21, 2025 6:10:43 AM
 Blitz 10/5 

Pairing 2/10 :    V7P3R_v4.1  -  SlowMate_v2.0

PGN-File: C:\Program Files (x86)\Arena\Tournaments\Engine Battle 20250821.pgn

No:  B/W 1/2     W:B       1:2           Time        Value Moves Dep 1:2       1-2-Draws
   5 W 1    1.0:0.0        5.0:0.0       6:21:07 AM     0.00    22 0:0 5-0-0

--------------------------------------------------------------

Engine-Match Thursday, August 21, 2025 6:21:08 AM
 Blitz 10/5 

Pairing 3/10 :    V7P3R_v4.3  -  V7P3R_v4.1

PGN-File: C:\Program Files (x86)\Arena\Tournaments\Engine Battle 20250821.pgn

No:  B/W 1/2     W:B       1:2           Time        Value Moves Dep 1:2       1-2-Draws
   5 B 2    1.5:0.5        0.5:4.5       6:30:16 AM     0.00    79 0:0 0-4-1

--------------------------------------------------------------

Engine-Match Thursday, August 21, 2025 6:30:18 AM
 Blitz 10/5 

Pairing 4/10 :    SlowMate_v2.0  -  Slowmate_v1.0

PGN-File: C:\Program Files (x86)\Arena\Tournaments\Engine Battle 20250821.pgn

No:  B/W 1/2     W:B       1:2           Time        Value Moves Dep 1:2       1-2-Draws
   5 B 2    2.0:1.0        1.0:4.0       6:32:30 AM     0.00     8 0:0 0-3-2

--------------------------------------------------------------

Engine-Match Thursday, August 21, 2025 6:32:31 AM
 Blitz 10/5 

Pairing 5/10 :    V7P3R_v5.0  -  SlowMate_v2.0

PGN-File: C:\Program Files (x86)\Arena\Tournaments\Engine Battle 20250821.pgn

No:  B/W 1/2     W:B       1:2           Time        Value Moves Dep 1:2       1-2-Draws
   5 W 1    1.0:0.0        5.0:0.0       6:41:16 AM     0.00    14 4.214 :0 5-0-0

--------------------------------------------------------------

Engine-Match Thursday, August 21, 2025 6:41:17 AM
 Blitz 10/5 

Pairing 6/10 :    Slowmate_v1.0  -  V7P3R_v4.3

PGN-File: C:\Program Files (x86)\Arena\Tournaments\Engine Battle 20250821.pgn

No:  B/W 1/2     W:B       1:2           Time        Value Moves Dep 1:2       1-2-Draws
   5 = =    2.5:2.5        2.5:2.5       6:42:00 AM     0.00    15 0:0 0-0-5

--------------------------------------------------------------

Engine-Match Thursday, August 21, 2025 6:42:01 AM
 Blitz 10/5 

Pairing 7/10 :    V7P3R_v4.1  -  Slowmate_v1.0

PGN-File: C:\Program Files (x86)\Arena\Tournaments\Engine Battle 20250821.pgn

No:  B/W 1/2     W:B       1:2           Time        Value Moves Dep 1:2       1-2-Draws
   5 B 2    1.0:0.0        2.0:3.0       6:46:12 AM     0.00    29 0:0 2-3-0

--------------------------------------------------------------

Engine-Match Thursday, August 21, 2025 6:46:14 AM
 Blitz 10/5 

Pairing 8/10 :    V7P3R_v4.3  -  V7P3R_v5.0

PGN-File: C:\Program Files (x86)\Arena\Tournaments\Engine Battle 20250821.pgn

No:  B/W 1/2     W:B       1:2           Time        Value Moves Dep 1:2       1-2-Draws
   5 = =    2.0:2.0        2.0:3.0       6:53:34 AM     0.00    23 0:4.091  0-1-4

--------------------------------------------------------------

Engine-Match Thursday, August 21, 2025 6:53:35 AM
 Blitz 10/5 

Pairing 9/10 :    SlowMate_v2.0  -  V7P3R_v4.3

PGN-File: C:\Program Files (x86)\Arena\Tournaments\Engine Battle 20250821.pgn

No:  B/W 1/2     W:B       1:2           Time        Value Moves Dep 1:2       1-2-Draws
   5 = =    2.5:2.5        2.5:2.5       6:56:15 AM     0.00     7 0:0 0-0-5

--------------------------------------------------------------

Engine-Match Thursday, August 21, 2025 6:56:16 AM
 Blitz 10/5 

Pairing 10/10 :    V7P3R_v5.0  -  V7P3R_v4.1

PGN-File: C:\Program Files (x86)\Arena\Tournaments\Engine Battle 20250821.pgn

No:  B/W 1/2     W:B       1:2           Time        Value Moves Dep 1:2       1-2-Draws
   5 B 2    1.0:0.0        1.0:4.0       7:29:17 AM   -22.85   107 4.120 :0 1-4-0

--------------------------------------------------------------

Engine-Match Thursday, August 21, 2025 7:29:18 AM
 Blitz 10/5 

Pairing 1/10 :    Slowmate_v1.0  -  V7P3R_v5.0

PGN-File: C:\Program Files (x86)\Arena\Tournaments\Engine Battle 20250821.pgn

No:  B/W 1/2     W:B       1:2           Time        Value Moves Dep 1:2       1-2-Draws
   6 W 2    1.0:0.0        1.0:5.0       7:36:04 AM     0.00    24 0:4.083  1-5-0

--------------------------------------------------------------

Engine-Match Thursday, August 21, 2025 7:36:06 AM
 Blitz 10/5 

Pairing 2/10 :    V7P3R_v4.1  -  SlowMate_v2.0

PGN-File: C:\Program Files (x86)\Arena\Tournaments\Engine Battle 20250821.pgn

No:  B/W 1/2     W:B       1:2           Time        Value Moves Dep 1:2       1-2-Draws
   6 B 1    1.0:0.0        6.0:0.0       7:44:20 AM     0.00    19 0:0 6-0-0

--------------------------------------------------------------

Engine-Match Thursday, August 21, 2025 7:44:22 AM
 Blitz 10/5 

Pairing 3/10 :    V7P3R_v4.3  -  V7P3R_v4.1

PGN-File: C:\Program Files (x86)\Arena\Tournaments\Engine Battle 20250821.pgn

No:  B/W 1/2     W:B       1:2           Time        Value Moves Dep 1:2       1-2-Draws
   6 = =    1.0:1.0        1.0:5.0       8:13:42 AM     0.00   216 0:0 0-4-2

--------------------------------------------------------------

Engine-Match Thursday, August 21, 2025 8:13:43 AM
 Blitz 10/5 

Pairing 4/10 :    SlowMate_v2.0  -  Slowmate_v1.0

PGN-File: C:\Program Files (x86)\Arena\Tournaments\Engine Battle 20250821.pgn

No:  B/W 1/2     W:B       1:2           Time        Value Moves Dep 1:2       1-2-Draws
   6 = =    1.5:1.5        1.5:4.5       8:16:38 AM     0.00    11 0:0 0-3-3

--------------------------------------------------------------

Engine-Match Thursday, August 21, 2025 8:16:40 AM
 Blitz 10/5 

Pairing 5/10 :    V7P3R_v5.0  -  SlowMate_v2.0

PGN-File: C:\Program Files (x86)\Arena\Tournaments\Engine Battle 20250821.pgn

No:  B/W 1/2     W:B       1:2           Time        Value Moves Dep 1:2       1-2-Draws
   6 B 1    1.0:0.0        6.0:0.0       8:32:53 AM     0.00    23 4.174 :0 6-0-0

--------------------------------------------------------------

Engine-Match Thursday, August 21, 2025 8:32:54 AM
 Blitz 10/5 

Pairing 6/10 :    Slowmate_v1.0  -  V7P3R_v4.3

PGN-File: C:\Program Files (x86)\Arena\Tournaments\Engine Battle 20250821.pgn

No:  B/W 1/2     W:B       1:2           Time        Value Moves Dep 1:2       1-2-Draws
   6 = =    3.0:3.0        3.0:3.0       8:33:29 AM     0.00     9 0:0 0-0-6

--------------------------------------------------------------

Engine-Match Thursday, August 21, 2025 8:33:30 AM
 Blitz 10/5 

Pairing 7/10 :    V7P3R_v4.1  -  Slowmate_v1.0

PGN-File: C:\Program Files (x86)\Arena\Tournaments\Engine Battle 20250821.pgn

No:  B/W 1/2     W:B       1:2           Time        Value Moves Dep 1:2       1-2-Draws
   6 B 1    1.0:0.0        3.0:3.0       8:45:03 AM     0.00    70 0:0 3-3-0

--------------------------------------------------------------

Engine-Match Thursday, August 21, 2025 8:45:04 AM
 Blitz 10/5 

Pairing 8/10 :    V7P3R_v4.3  -  V7P3R_v5.0

PGN-File: C:\Program Files (x86)\Arena\Tournaments\Engine Battle 20250821.pgn

No:  B/W 1/2     W:B       1:2           Time        Value Moves Dep 1:2       1-2-Draws
   6 = =    2.5:2.5        2.5:3.5       8:54:16 AM     0.00    29 0:4.103  0-1-5

--------------------------------------------------------------

Engine-Match Thursday, August 21, 2025 8:54:18 AM
 Blitz 10/5 

Pairing 9/10 :    SlowMate_v2.0  -  V7P3R_v4.3

PGN-File: C:\Program Files (x86)\Arena\Tournaments\Engine Battle 20250821.pgn

No:  B/W 1/2     W:B       1:2           Time        Value Moves Dep 1:2       1-2-Draws
   6 = =    3.0:3.0        3.0:3.0       8:57:25 AM     0.00    10 0:0 0-0-6

--------------------------------------------------------------

Engine-Match Thursday, August 21, 2025 8:57:26 AM
 Blitz 10/5 

Pairing 10/10 :    V7P3R_v5.0  -  V7P3R_v4.1

PGN-File: C:\Program Files (x86)\Arena\Tournaments\Engine Battle 20250821.pgn

No:  B/W 1/2     W:B       1:2           Time        Value Moves Dep 1:2       1-2-Draws
   6 B 1    1.0:0.0        2.0:4.0       9:30:39 AM     0.00    91 4.080 :0 2-4-0

--------------------------------------------------------------

Engine-Match Thursday, August 21, 2025 9:30:45 AM
 Blitz 10/5 

Pairing 1/10 :    Slowmate_v1.0  -  V7P3R_v5.0

PGN-File: C:\Program Files (x86)\Arena\Tournaments\Engine Battle 20250821.pgn

No:  B/W 1/2     W:B       1:2           Time        Value Moves Dep 1:2       1-2-Draws
   7 W 1    1.0:0.0        2.0:5.0       9:40:46 AM   +24.05    56 0:4.136  2-5-0

--------------------------------------------------------------

Engine-Match Thursday, August 21, 2025 9:40:47 AM
 Blitz 10/5 

Pairing 2/10 :    V7P3R_v4.1  -  SlowMate_v2.0

PGN-File: C:\Program Files (x86)\Arena\Tournaments\Engine Battle 20250821.pgn

No:  B/W 1/2     W:B       1:2           Time        Value Moves Dep 1:2       1-2-Draws
   7 W 1    1.0:0.0        7.0:0.0       9:51:11 AM     0.00    22 0:0 7-0-0

--------------------------------------------------------------

Engine-Match Thursday, August 21, 2025 9:51:13 AM
 Blitz 10/5 

Pairing 3/10 :    V7P3R_v4.3  -  V7P3R_v4.1

PGN-File: C:\Program Files (x86)\Arena\Tournaments\Engine Battle 20250821.pgn

No:  B/W 1/2     W:B       1:2           Time        Value Moves Dep 1:2       1-2-Draws
   7 B 2    2.0:1.0        1.0:6.0       10:00:37 AM     0.00    79 0:0 0-5-2

--------------------------------------------------------------

Engine-Match Thursday, August 21, 2025 10:00:38 AM
 Blitz 10/5 

Pairing 4/10 :    SlowMate_v2.0  -  Slowmate_v1.0

PGN-File: C:\Program Files (x86)\Arena\Tournaments\Engine Battle 20250821.pgn

No:  B/W 1/2     W:B       1:2           Time        Value Moves Dep 1:2       1-2-Draws
   7 B 2    2.5:1.5        1.5:5.5       10:02:51 AM     0.00     8 0:0 0-4-3

--------------------------------------------------------------

Engine-Match Thursday, August 21, 2025 10:02:52 AM
 Blitz 10/5 

Pairing 5/10 :    V7P3R_v5.0  -  SlowMate_v2.0

PGN-File: C:\Program Files (x86)\Arena\Tournaments\Engine Battle 20250821.pgn

No:  B/W 1/2     W:B       1:2           Time        Value Moves Dep 1:2       1-2-Draws
   7 * *     0.0:0.0        6.0:0.0       10:08:14 AM     0.00     8 4.375 :0 6-0-0
