Engine-Match Wednesday, August 20, 2025 10:41:27 PM
 Blitz 10/5 

Pairing 1/6 :    Slowmate_v1.0  -  SlowMate_v2.0

PGN-File: C:\Program Files (x86)\Arena\Tournaments\Engine Battle Demo PC 20250821.pgn

No:  B/W 1/2     W:B       1:2           Time        Value Moves Dep 1:2       1-2-Draws
   1 = =    0.5:0.5        0.5:0.5       10:44:04 PM     0.00    10 0:0 0-0-1

--------------------------------------------------------------

Engine-Match Wednesday, August 20, 2025 10:44:05 PM
 Blitz 10/5 

Pairing 2/6 :    V7P3R_v4.3  -  V7P3R_v4.1

PGN-File: C:\Program Files (x86)\Arena\Tournaments\Engine Battle Demo PC 20250821.pgn

No:  B/W 1/2     W:B       1:2           Time        Value Moves Dep 1:2       1-2-Draws
   1 B 2    1.0:0.0        0.0:1.0       10:56:27 PM     0.00    79 0:0 0-1-0

--------------------------------------------------------------

Engine-Match Wednesday, August 20, 2025 10:56:28 PM
 Blitz 10/5 

Pairing 3/6 :    V7P3R_v4.3  -  Slowmate_v1.0

PGN-File: C:\Program Files (x86)\Arena\Tournaments\Engine Battle Demo PC 20250821.pgn

No:  B/W 1/2     W:B       1:2           Time        Value Moves Dep 1:2       1-2-Draws
   1 = =    0.5:0.5        0.5:0.5       10:57:15 PM     0.00     9 0:0 0-0-1

--------------------------------------------------------------

Engine-Match Wednesday, August 20, 2025 10:57:16 PM
 Blitz 10/5 

Pairing 4/6 :    V7P3R_v4.1  -  SlowMate_v2.0

PGN-File: C:\Program Files (x86)\Arena\Tournaments\Engine Battle Demo PC 20250821.pgn

No:  B/W 1/2     W:B       1:2           Time        Value Moves Dep 1:2       1-2-Draws
   1 W 1    1.0:0.0        1.0:0.0       11:04:03 PM     0.00    15 0:0 1-0-0

--------------------------------------------------------------

Engine-Match Wednesday, August 20, 2025 11:04:04 PM
 Blitz 10/5 

Pairing 5/6 :    Slowmate_v1.0  -  V7P3R_v4.1

PGN-File: C:\Program Files (x86)\Arena\Tournaments\Engine Battle Demo PC 20250821.pgn

No:  B/W 1/2     W:B       1:2           Time        Value Moves Dep 1:2       1-2-Draws
   1 B 2    1.0:0.0        0.0:1.0       11:19:38 PM     0.00    70 0:0 0-1-0

--------------------------------------------------------------

Engine-Match Wednesday, August 20, 2025 11:19:40 PM
 Blitz 10/5 

Pairing 6/6 :    SlowMate_v2.0  -  V7P3R_v4.3

PGN-File: C:\Program Files (x86)\Arena\Tournaments\Engine Battle Demo PC 20250821.pgn

No:  B/W 1/2     W:B       1:2           Time        Value Moves Dep 1:2       1-2-Draws
   1 = =    0.5:0.5        0.5:0.5       11:22:29 PM     0.00     7 0:0 0-0-1

--------------------------------------------------------------

Engine-Match Wednesday, August 20, 2025 11:22:30 PM
 Blitz 10/5 

Pairing 1/6 :    Slowmate_v1.0  -  SlowMate_v2.0

PGN-File: C:\Program Files (x86)\Arena\Tournaments\Engine Battle Demo PC 20250821.pgn

No:  B/W 1/2     W:B       1:2           Time        Value Moves Dep 1:2       1-2-Draws
   2 B 1    1.5:0.5        1.5:0.5       11:24:45 PM     0.00     8 0:0 1-0-1

--------------------------------------------------------------

Engine-Match Wednesday, August 20, 2025 11:24:46 PM
 Blitz 10/5 

Pairing 2/6 :    V7P3R_v4.3  -  V7P3R_v4.1

PGN-File: C:\Program Files (x86)\Arena\Tournaments\Engine Battle Demo PC 20250821.pgn

No:  B/W 1/2     W:B       1:2           Time        Value Moves Dep 1:2       1-2-Draws
   2 W 2    1.0:0.0        0.0:2.0       11:49:50 PM     0.00   106 0:0 0-2-0

--------------------------------------------------------------

Engine-Match Wednesday, August 20, 2025 11:49:52 PM
 Blitz 10/5 

Pairing 3/6 :    V7P3R_v4.3  -  Slowmate_v1.0

PGN-File: C:\Program Files (x86)\Arena\Tournaments\Engine Battle Demo PC 20250821.pgn

No:  B/W 1/2     W:B       1:2           Time        Value Moves Dep 1:2       1-2-Draws
   2 = =    1.0:1.0        1.0:1.0       11:50:48 PM     0.00    15 0:0 0-0-2

--------------------------------------------------------------

Engine-Match Wednesday, August 20, 2025 11:50:49 PM
 Blitz 10/5 

Pairing 4/6 :    V7P3R_v4.1  -  SlowMate_v2.0

PGN-File: C:\Program Files (x86)\Arena\Tournaments\Engine Battle Demo PC 20250821.pgn

No:  B/W 1/2     W:B       1:2           Time        Value Moves Dep 1:2       1-2-Draws
   2 B 1    1.0:0.0        2.0:0.0       11:59:59 PM     0.00    19 0:0 2-0-0

--------------------------------------------------------------

Engine-Match Thursday, August 21, 2025 12:00:00 AM
 Blitz 10/5 

Pairing 5/6 :    Slowmate_v1.0  -  V7P3R_v4.1

PGN-File: C:\Program Files (x86)\Arena\Tournaments\Engine Battle Demo PC 20250821.pgn

No:  B/W 1/2     W:B       1:2           Time        Value Moves Dep 1:2       1-2-Draws
   2 B 1    1.0:0.0        1.0:1.0       12:05:42 AM     0.00    29 0:0 1-1-0

--------------------------------------------------------------

Engine-Match Thursday, August 21, 2025 12:05:43 AM
 Blitz 10/5 

Pairing 6/6 :    SlowMate_v2.0  -  V7P3R_v4.3

PGN-File: C:\Program Files (x86)\Arena\Tournaments\Engine Battle Demo PC 20250821.pgn

No:  B/W 1/2     W:B       1:2           Time        Value Moves Dep 1:2       1-2-Draws
   2 = =    1.0:1.0        1.0:1.0       12:18:20 AM     0.00    32 0:0 0-0-2

--------------------------------------------------------------

Engine-Match Thursday, August 21, 2025 12:18:22 AM
 Blitz 10/5 

Pairing 1/6 :    Slowmate_v1.0  -  SlowMate_v2.0

PGN-File: C:\Program Files (x86)\Arena\Tournaments\Engine Battle Demo PC 20250821.pgn

No:  B/W 1/2     W:B       1:2           Time        Value Moves Dep 1:2       1-2-Draws
   3 = =    1.0:1.0        2.0:1.0       12:21:20 AM     0.00    11 0:0 1-0-2

--------------------------------------------------------------

Engine-Match Thursday, August 21, 2025 12:21:21 AM
 Blitz 10/5 

Pairing 2/6 :    V7P3R_v4.3  -  V7P3R_v4.1

PGN-File: C:\Program Files (x86)\Arena\Tournaments\Engine Battle Demo PC 20250821.pgn

No:  B/W 1/2     W:B       1:2           Time        Value Moves Dep 1:2       1-2-Draws
   3 B 2    1.0:0.0        0.0:3.0       12:33:48 AM     0.00    79 0:0 0-3-0

--------------------------------------------------------------

Engine-Match Thursday, August 21, 2025 12:33:50 AM
 Blitz 10/5 

Pairing 3/6 :    V7P3R_v4.3  -  Slowmate_v1.0

PGN-File: C:\Program Files (x86)\Arena\Tournaments\Engine Battle Demo PC 20250821.pgn

No:  B/W 1/2     W:B       1:2           Time        Value Moves Dep 1:2       1-2-Draws
   3 = =    1.5:1.5        1.5:1.5       12:34:37 AM     0.00     9 0:0 0-0-3

--------------------------------------------------------------

Engine-Match Thursday, August 21, 2025 12:34:38 AM
 Blitz 10/5 

Pairing 4/6 :    V7P3R_v4.1  -  SlowMate_v2.0

PGN-File: C:\Program Files (x86)\Arena\Tournaments\Engine Battle Demo PC 20250821.pgn

No:  B/W 1/2     W:B       1:2           Time        Value Moves Dep 1:2       1-2-Draws
   3 W 1    1.0:0.0        3.0:0.0       12:41:25 AM     0.00    15 0:0 3-0-0

--------------------------------------------------------------

Engine-Match Thursday, August 21, 2025 12:41:27 AM
 Blitz 10/5 

Pairing 5/6 :    Slowmate_v1.0  -  V7P3R_v4.1

PGN-File: C:\Program Files (x86)\Arena\Tournaments\Engine Battle Demo PC 20250821.pgn

No:  B/W 1/2     W:B       1:2           Time        Value Moves Dep 1:2       1-2-Draws
   3 B 2    1.0:0.0        1.0:2.0       12:56:56 AM     0.00    70 0:0 1-2-0

--------------------------------------------------------------

Engine-Match Thursday, August 21, 2025 12:56:57 AM
 Blitz 10/5 

Pairing 6/6 :    SlowMate_v2.0  -  V7P3R_v4.3

PGN-File: C:\Program Files (x86)\Arena\Tournaments\Engine Battle Demo PC 20250821.pgn

No:  B/W 1/2     W:B       1:2           Time        Value Moves Dep 1:2       1-2-Draws
   3 = =    1.5:1.5        1.5:1.5       12:59:48 AM     0.00     7 0:0 0-0-3

--------------------------------------------------------------

Engine-Match Thursday, August 21, 2025 12:59:49 AM
 Blitz 10/5 

Pairing 1/6 :    Slowmate_v1.0  -  SlowMate_v2.0

PGN-File: C:\Program Files (x86)\Arena\Tournaments\Engine Battle Demo PC 20250821.pgn

No:  B/W 1/2     W:B       1:2           Time        Value Moves Dep 1:2       1-2-Draws
   4 B 1    2.0:1.0        3.0:1.0       1:02:04 AM     0.00     8 0:0 2-0-2

--------------------------------------------------------------

Engine-Match Thursday, August 21, 2025 1:02:05 AM
 Blitz 10/5 

Pairing 2/6 :    V7P3R_v4.3  -  V7P3R_v4.1

PGN-File: C:\Program Files (x86)\Arena\Tournaments\Engine Battle Demo PC 20250821.pgn

No:  B/W 1/2     W:B       1:2           Time        Value Moves Dep 1:2       1-2-Draws
   4 W 2    1.0:0.0        0.0:4.0       1:26:52 AM     0.00   106 0:0 0-4-0

--------------------------------------------------------------

Engine-Match Thursday, August 21, 2025 1:26:59 AM
 Blitz 10/5 

Pairing 3/6 :    V7P3R_v4.3  -  Slowmate_v1.0

PGN-File: C:\Program Files (x86)\Arena\Tournaments\Engine Battle Demo PC 20250821.pgn

No:  B/W 1/2     W:B       1:2           Time        Value Moves Dep 1:2       1-2-Draws
   4 = =    2.0:2.0        2.0:2.0       1:28:00 AM     0.00    15 0:0 0-0-4

--------------------------------------------------------------

Engine-Match Thursday, August 21, 2025 1:28:01 AM
 Blitz 10/5 

Pairing 4/6 :    V7P3R_v4.1  -  SlowMate_v2.0

PGN-File: C:\Program Files (x86)\Arena\Tournaments\Engine Battle Demo PC 20250821.pgn

No:  B/W 1/2     W:B       1:2           Time        Value Moves Dep 1:2       1-2-Draws
   4 B 1    1.0:0.0        4.0:0.0       1:37:13 AM     0.00    19 0:0 4-0-0

--------------------------------------------------------------

Engine-Match Thursday, August 21, 2025 1:37:14 AM
 Blitz 10/5 

Pairing 5/6 :    Slowmate_v1.0  -  V7P3R_v4.1

PGN-File: C:\Program Files (x86)\Arena\Tournaments\Engine Battle Demo PC 20250821.pgn

No:  B/W 1/2     W:B       1:2           Time        Value Moves Dep 1:2       1-2-Draws
   4 B 1    1.0:0.0        2.0:2.0       1:43:00 AM     0.00    29 0:0 2-2-0

--------------------------------------------------------------

Engine-Match Thursday, August 21, 2025 1:43:01 AM
 Blitz 10/5 

Pairing 6/6 :    SlowMate_v2.0  -  V7P3R_v4.3

PGN-File: C:\Program Files (x86)\Arena\Tournaments\Engine Battle Demo PC 20250821.pgn

No:  B/W 1/2     W:B       1:2           Time        Value Moves Dep 1:2       1-2-Draws
   4 = =    2.0:2.0        2.0:2.0       1:55:37 AM     0.00    32 0:0 0-0-4

--------------------------------------------------------------

Engine-Match Thursday, August 21, 2025 1:55:39 AM
 Blitz 10/5 

Pairing 1/6 :    Slowmate_v1.0  -  SlowMate_v2.0

PGN-File: C:\Program Files (x86)\Arena\Tournaments\Engine Battle Demo PC 20250821.pgn

No:  B/W 1/2     W:B       1:2           Time        Value Moves Dep 1:2       1-2-Draws
   5 = =    1.5:1.5        3.5:1.5       1:58:37 AM     0.00    11 0:0 2-0-3

--------------------------------------------------------------

Engine-Match Thursday, August 21, 2025 1:58:38 AM
 Blitz 10/5 

Pairing 2/6 :    V7P3R_v4.3  -  V7P3R_v4.1

PGN-File: C:\Program Files (x86)\Arena\Tournaments\Engine Battle Demo PC 20250821.pgn

No:  B/W 1/2     W:B       1:2           Time        Value Moves Dep 1:2       1-2-Draws
   5 B 2    1.0:0.0        0.0:5.0       2:11:02 AM     0.00    79 0:0 0-5-0

--------------------------------------------------------------

Engine-Match Thursday, August 21, 2025 2:11:03 AM
 Blitz 10/5 

Pairing 3/6 :    V7P3R_v4.3  -  Slowmate_v1.0

PGN-File: C:\Program Files (x86)\Arena\Tournaments\Engine Battle Demo PC 20250821.pgn

No:  B/W 1/2     W:B       1:2           Time        Value Moves Dep 1:2       1-2-Draws
   5 = =    2.5:2.5        2.5:2.5       2:11:50 AM     0.00     9 0:0 0-0-5

--------------------------------------------------------------

Engine-Match Thursday, August 21, 2025 2:11:52 AM
 Blitz 10/5 

Pairing 4/6 :    V7P3R_v4.1  -  SlowMate_v2.0

PGN-File: C:\Program Files (x86)\Arena\Tournaments\Engine Battle Demo PC 20250821.pgn

No:  B/W 1/2     W:B       1:2           Time        Value Moves Dep 1:2       1-2-Draws
   5 W 1    1.0:0.0        5.0:0.0       2:18:39 AM     0.00    15 0:0 5-0-0

--------------------------------------------------------------

Engine-Match Thursday, August 21, 2025 2:18:40 AM
 Blitz 10/5 

Pairing 5/6 :    Slowmate_v1.0  -  V7P3R_v4.1

PGN-File: C:\Program Files (x86)\Arena\Tournaments\Engine Battle Demo PC 20250821.pgn

No:  B/W 1/2     W:B       1:2           Time        Value Moves Dep 1:2       1-2-Draws
   5 B 2    1.0:0.0        2.0:3.0       2:34:13 AM     0.00    70 0:0 2-3-0

--------------------------------------------------------------

Engine-Match Thursday, August 21, 2025 2:34:14 AM
 Blitz 10/5 

Pairing 6/6 :    SlowMate_v2.0  -  V7P3R_v4.3

PGN-File: C:\Program Files (x86)\Arena\Tournaments\Engine Battle Demo PC 20250821.pgn

No:  B/W 1/2     W:B       1:2           Time        Value Moves Dep 1:2       1-2-Draws
   5 = =    2.5:2.5        2.5:2.5       2:37:04 AM     0.00     7 0:0 0-0-5

--------------------------------------------------------------

Engine-Match Thursday, August 21, 2025 2:37:06 AM
 Blitz 10/5 

Pairing 1/6 :    Slowmate_v1.0  -  SlowMate_v2.0

PGN-File: C:\Program Files (x86)\Arena\Tournaments\Engine Battle Demo PC 20250821.pgn

No:  B/W 1/2     W:B       1:2           Time        Value Moves Dep 1:2       1-2-Draws
   6 B 1    2.5:1.5        4.5:1.5       2:39:20 AM     0.00     8 0:0 3-0-3

--------------------------------------------------------------

Engine-Match Thursday, August 21, 2025 2:39:22 AM
 Blitz 10/5 

Pairing 2/6 :    V7P3R_v4.3  -  V7P3R_v4.1

PGN-File: C:\Program Files (x86)\Arena\Tournaments\Engine Battle Demo PC 20250821.pgn

No:  B/W 1/2     W:B       1:2           Time        Value Moves Dep 1:2       1-2-Draws
   6 = =    0.5:0.5        0.5:5.5       3:03:01 AM     0.00    89 0:0 0-5-1

--------------------------------------------------------------

Engine-Match Thursday, August 21, 2025 3:03:02 AM
 Blitz 10/5 

Pairing 3/6 :    V7P3R_v4.3  -  Slowmate_v1.0

PGN-File: C:\Program Files (x86)\Arena\Tournaments\Engine Battle Demo PC 20250821.pgn

No:  B/W 1/2     W:B       1:2           Time        Value Moves Dep 1:2       1-2-Draws
   6 = =    3.0:3.0        3.0:3.0       3:03:58 AM     0.00    15 0:0 0-0-6

--------------------------------------------------------------

Engine-Match Thursday, August 21, 2025 3:03:59 AM
 Blitz 10/5 

Pairing 4/6 :    V7P3R_v4.1  -  SlowMate_v2.0

PGN-File: C:\Program Files (x86)\Arena\Tournaments\Engine Battle Demo PC 20250821.pgn

No:  B/W 1/2     W:B       1:2           Time        Value Moves Dep 1:2       1-2-Draws
   6 B 1    1.0:0.0        6.0:0.0       3:13:08 AM     0.00    19 0:0 6-0-0

--------------------------------------------------------------

Engine-Match Thursday, August 21, 2025 3:13:10 AM
 Blitz 10/5 

Pairing 5/6 :    Slowmate_v1.0  -  V7P3R_v4.1

PGN-File: C:\Program Files (x86)\Arena\Tournaments\Engine Battle Demo PC 20250821.pgn

No:  B/W 1/2     W:B       1:2           Time        Value Moves Dep 1:2       1-2-Draws
   6 B 1    1.0:0.0        3.0:3.0       3:18:53 AM     0.00    29 0:0 3-3-0

--------------------------------------------------------------

Engine-Match Thursday, August 21, 2025 3:18:54 AM
 Blitz 10/5 

Pairing 6/6 :    SlowMate_v2.0  -  V7P3R_v4.3

PGN-File: C:\Program Files (x86)\Arena\Tournaments\Engine Battle Demo PC 20250821.pgn

No:  B/W 1/2     W:B       1:2           Time        Value Moves Dep 1:2       1-2-Draws
   6 = =    3.0:3.0        3.0:3.0       3:31:33 AM     0.00    32 0:0 0-0-6

--------------------------------------------------------------

Engine-Match Thursday, August 21, 2025 3:31:34 AM
 Blitz 10/5 

Pairing 1/6 :    Slowmate_v1.0  -  SlowMate_v2.0

PGN-File: C:\Program Files (x86)\Arena\Tournaments\Engine Battle Demo PC 20250821.pgn

No:  B/W 1/2     W:B       1:2           Time        Value Moves Dep 1:2       1-2-Draws
   7 = =    2.0:2.0        5.0:2.0       3:34:32 AM     0.00    11 0:0 3-0-4

--------------------------------------------------------------

Engine-Match Thursday, August 21, 2025 3:34:33 AM
 Blitz 10/5 

Pairing 2/6 :    V7P3R_v4.3  -  V7P3R_v4.1

PGN-File: C:\Program Files (x86)\Arena\Tournaments\Engine Battle Demo PC 20250821.pgn

No:  B/W 1/2     W:B       1:2           Time        Value Moves Dep 1:2       1-2-Draws
   7 B 2    1.5:0.5        0.5:6.5       3:46:51 AM     0.00    79 0:0 0-6-1

--------------------------------------------------------------

Engine-Match Thursday, August 21, 2025 3:46:52 AM
 Blitz 10/5 

Pairing 3/6 :    V7P3R_v4.3  -  Slowmate_v1.0

PGN-File: C:\Program Files (x86)\Arena\Tournaments\Engine Battle Demo PC 20250821.pgn

No:  B/W 1/2     W:B       1:2           Time        Value Moves Dep 1:2       1-2-Draws
   7 = =    3.5:3.5        3.5:3.5       3:47:38 AM     0.00     9 0:0 0-0-7

--------------------------------------------------------------

Engine-Match Thursday, August 21, 2025 3:47:40 AM
 Blitz 10/5 

Pairing 4/6 :    V7P3R_v4.1  -  SlowMate_v2.0

PGN-File: C:\Program Files (x86)\Arena\Tournaments\Engine Battle Demo PC 20250821.pgn

No:  B/W 1/2     W:B       1:2           Time        Value Moves Dep 1:2       1-2-Draws
   7 W 1    1.0:0.0        7.0:0.0       3:54:27 AM     0.00    15 0:0 7-0-0

--------------------------------------------------------------

Engine-Match Thursday, August 21, 2025 3:54:34 AM
 Blitz 10/5 

Pairing 5/6 :    Slowmate_v1.0  -  V7P3R_v4.1

PGN-File: C:\Program Files (x86)\Arena\Tournaments\Engine Battle Demo PC 20250821.pgn

No:  B/W 1/2     W:B       1:2           Time        Value Moves Dep 1:2       1-2-Draws
   7 B 2    1.0:0.0        3.0:4.0       4:10:19 AM     0.00    70 0:0 3-4-0

--------------------------------------------------------------

Engine-Match Thursday, August 21, 2025 4:10:20 AM
 Blitz 10/5 

Pairing 6/6 :    SlowMate_v2.0  -  V7P3R_v4.3

PGN-File: C:\Program Files (x86)\Arena\Tournaments\Engine Battle Demo PC 20250821.pgn

No:  B/W 1/2     W:B       1:2           Time        Value Moves Dep 1:2       1-2-Draws
   7 = =    3.5:3.5        3.5:3.5       4:13:09 AM     0.00     7 0:0 0-0-7

--------------------------------------------------------------

Engine-Match Thursday, August 21, 2025 4:13:11 AM
 Blitz 10/5 

Pairing 1/6 :    Slowmate_v1.0  -  SlowMate_v2.0

PGN-File: C:\Program Files (x86)\Arena\Tournaments\Engine Battle Demo PC 20250821.pgn

No:  B/W 1/2     W:B       1:2           Time        Value Moves Dep 1:2       1-2-Draws
   8 B 1    3.0:2.0        6.0:2.0       4:15:25 AM     0.00     8 0:0 4-0-4

--------------------------------------------------------------

Engine-Match Thursday, August 21, 2025 4:15:27 AM
 Blitz 10/5 

Pairing 2/6 :    V7P3R_v4.3  -  V7P3R_v4.1

PGN-File: C:\Program Files (x86)\Arena\Tournaments\Engine Battle Demo PC 20250821.pgn

No:  B/W 1/2     W:B       1:2           Time        Value Moves Dep 1:2       1-2-Draws
   8 W 2    1.5:0.5        0.5:7.5       4:44:31 AM     0.00   147 0:0 0-7-1

--------------------------------------------------------------

Engine-Match Thursday, August 21, 2025 4:44:32 AM
 Blitz 10/5 

Pairing 3/6 :    V7P3R_v4.3  -  Slowmate_v1.0

PGN-File: C:\Program Files (x86)\Arena\Tournaments\Engine Battle Demo PC 20250821.pgn

No:  B/W 1/2     W:B       1:2           Time        Value Moves Dep 1:2       1-2-Draws
   8 = =    4.0:4.0        4.0:4.0       4:45:28 AM     0.00    15 0:0 0-0-8

--------------------------------------------------------------

Engine-Match Thursday, August 21, 2025 4:45:29 AM
 Blitz 10/5 

Pairing 4/6 :    V7P3R_v4.1  -  SlowMate_v2.0

PGN-File: C:\Program Files (x86)\Arena\Tournaments\Engine Battle Demo PC 20250821.pgn

No:  B/W 1/2     W:B       1:2           Time        Value Moves Dep 1:2       1-2-Draws
   8 B 1    1.0:0.0        8.0:0.0       4:54:40 AM     0.00    19 0:0 8-0-0

--------------------------------------------------------------

Engine-Match Thursday, August 21, 2025 4:54:41 AM
 Blitz 10/5 

Pairing 5/6 :    Slowmate_v1.0  -  V7P3R_v4.1

PGN-File: C:\Program Files (x86)\Arena\Tournaments\Engine Battle Demo PC 20250821.pgn

No:  B/W 1/2     W:B       1:2           Time        Value Moves Dep 1:2       1-2-Draws
   8 B 1    1.0:0.0        4.0:4.0       5:00:24 AM     0.00    29 0:0 4-4-0

--------------------------------------------------------------

Engine-Match Thursday, August 21, 2025 5:00:25 AM
 Blitz 10/5 

Pairing 6/6 :    SlowMate_v2.0  -  V7P3R_v4.3

PGN-File: C:\Program Files (x86)\Arena\Tournaments\Engine Battle Demo PC 20250821.pgn

No:  B/W 1/2     W:B       1:2           Time        Value Moves Dep 1:2       1-2-Draws
   8 = =    4.0:4.0        4.0:4.0       5:13:02 AM     0.00    32 0:0 0-0-8

--------------------------------------------------------------

Engine-Match Thursday, August 21, 2025 5:13:03 AM
 Blitz 10/5 

Pairing 1/6 :    Slowmate_v1.0  -  SlowMate_v2.0

PGN-File: C:\Program Files (x86)\Arena\Tournaments\Engine Battle Demo PC 20250821.pgn

No:  B/W 1/2     W:B       1:2           Time        Value Moves Dep 1:2       1-2-Draws
   9 = =    2.5:2.5        6.5:2.5       5:16:01 AM     0.00    11 0:0 4-0-5

--------------------------------------------------------------

Engine-Match Thursday, August 21, 2025 5:16:03 AM
 Blitz 10/5 

Pairing 2/6 :    V7P3R_v4.3  -  V7P3R_v4.1

PGN-File: C:\Program Files (x86)\Arena\Tournaments\Engine Battle Demo PC 20250821.pgn

No:  B/W 1/2     W:B       1:2           Time        Value Moves Dep 1:2       1-2-Draws
   9 B 2    1.5:0.5        0.5:8.5       5:28:27 AM     0.00    79 0:0 0-8-1

--------------------------------------------------------------

Engine-Match Thursday, August 21, 2025 5:28:28 AM
 Blitz 10/5 

Pairing 3/6 :    V7P3R_v4.3  -  Slowmate_v1.0

PGN-File: C:\Program Files (x86)\Arena\Tournaments\Engine Battle Demo PC 20250821.pgn

No:  B/W 1/2     W:B       1:2           Time        Value Moves Dep 1:2       1-2-Draws
   9 = =    4.5:4.5        4.5:4.5       5:29:16 AM     0.00     9 0:0 0-0-9

--------------------------------------------------------------

Engine-Match Thursday, August 21, 2025 5:29:18 AM
 Blitz 10/5 

Pairing 4/6 :    V7P3R_v4.1  -  SlowMate_v2.0

PGN-File: C:\Program Files (x86)\Arena\Tournaments\Engine Battle Demo PC 20250821.pgn

No:  B/W 1/2     W:B       1:2           Time        Value Moves Dep 1:2       1-2-Draws
   9 W 1    1.0:0.0        9.0:0.0       5:36:13 AM     0.00    15 0:0 9-0-0

--------------------------------------------------------------

Engine-Match Thursday, August 21, 2025 5:36:14 AM
 Blitz 10/5 

Pairing 5/6 :    Slowmate_v1.0  -  V7P3R_v4.1

PGN-File: C:\Program Files (x86)\Arena\Tournaments\Engine Battle Demo PC 20250821.pgn

No:  B/W 1/2     W:B       1:2           Time        Value Moves Dep 1:2       1-2-Draws
   9 B 2    1.0:0.0        4.0:5.0       5:51:47 AM     0.00    70 0:0 4-5-0

--------------------------------------------------------------

Engine-Match Thursday, August 21, 2025 5:51:48 AM
 Blitz 10/5 

Pairing 6/6 :    SlowMate_v2.0  -  V7P3R_v4.3

PGN-File: C:\Program Files (x86)\Arena\Tournaments\Engine Battle Demo PC 20250821.pgn

No:  B/W 1/2     W:B       1:2           Time        Value Moves Dep 1:2       1-2-Draws
   9 = =    4.5:4.5        4.5:4.5       5:54:38 AM     0.00     7 0:0 0-0-9

--------------------------------------------------------------

Engine-Match Thursday, August 21, 2025 5:54:40 AM
 Blitz 10/5 

Pairing 1/6 :    Slowmate_v1.0  -  SlowMate_v2.0

PGN-File: C:\Program Files (x86)\Arena\Tournaments\Engine Battle Demo PC 20250821.pgn

No:  B/W 1/2     W:B       1:2           Time        Value Moves Dep 1:2       1-2-Draws
  10 B 1    3.5:2.5        7.5:2.5       5:56:54 AM     0.00     8 0:0 5-0-5

--------------------------------------------------------------

Engine-Match Thursday, August 21, 2025 5:56:56 AM
 Blitz 10/5 

Pairing 2/6 :    V7P3R_v4.3  -  V7P3R_v4.1

PGN-File: C:\Program Files (x86)\Arena\Tournaments\Engine Battle Demo PC 20250821.pgn

No:  B/W 1/2     W:B       1:2           Time        Value Moves Dep 1:2       1-2-Draws
  10 = =    1.0:1.0        1.0:9.0       6:21:25 AM     0.00    90 0:0 0-8-2

--------------------------------------------------------------

Engine-Match Thursday, August 21, 2025 6:21:26 AM
 Blitz 10/5 

Pairing 3/6 :    V7P3R_v4.3  -  Slowmate_v1.0

PGN-File: C:\Program Files (x86)\Arena\Tournaments\Engine Battle Demo PC 20250821.pgn

No:  B/W 1/2     W:B       1:2           Time        Value Moves Dep 1:2       1-2-Draws
  10 = =    5.0:5.0        5.0:5.0       6:22:25 AM     0.00    15 0:0 0-0-10

--------------------------------------------------------------

Engine-Match Thursday, August 21, 2025 6:22:26 AM
 Blitz 10/5 

Pairing 4/6 :    V7P3R_v4.1  -  SlowMate_v2.0

PGN-File: C:\Program Files (x86)\Arena\Tournaments\Engine Battle Demo PC 20250821.pgn

No:  B/W 1/2     W:B       1:2           Time        Value Moves Dep 1:2       1-2-Draws
  10 B 1    1.0:0.0        10.0:0.0      6:31:36 AM     0.00    19 0:0 10-0-0

--------------------------------------------------------------

Engine-Match Thursday, August 21, 2025 6:31:37 AM
 Blitz 10/5 

Pairing 5/6 :    Slowmate_v1.0  -  V7P3R_v4.1

PGN-File: C:\Program Files (x86)\Arena\Tournaments\Engine Battle Demo PC 20250821.pgn

No:  B/W 1/2     W:B       1:2           Time        Value Moves Dep 1:2       1-2-Draws
  10 B 1    1.0:0.0        5.0:5.0       6:37:19 AM     0.00    29 0:0 5-5-0

--------------------------------------------------------------

Engine-Match Thursday, August 21, 2025 6:37:20 AM
 Blitz 10/5 

Pairing 6/6 :    SlowMate_v2.0  -  V7P3R_v4.3

PGN-File: C:\Program Files (x86)\Arena\Tournaments\Engine Battle Demo PC 20250821.pgn

No:  B/W 1/2     W:B       1:2           Time        Value Moves Dep 1:2       1-2-Draws
  10 = =    5.0:5.0        5.0:5.0       6:49:57 AM     0.00    32 0:0 0-0-10

--------------------------------------------------------------

Engine-Match Thursday, August 21, 2025 6:50:04 AM
 Blitz 10/5 

Pairing 1/6 :    Slowmate_v1.0  -  SlowMate_v2.0

PGN-File: C:\Program Files (x86)\Arena\Tournaments\Engine Battle Demo PC 20250821.pgn

No:  B/W 1/2     W:B       1:2           Time        Value Moves Dep 1:2       1-2-Draws
  11 = =    3.0:3.0        8.0:3.0       6:53:01 AM     0.00    11 0:0 5-0-6

--------------------------------------------------------------

Engine-Match Thursday, August 21, 2025 6:53:02 AM
 Blitz 10/5 

Pairing 2/6 :    V7P3R_v4.3  -  V7P3R_v4.1

PGN-File: C:\Program Files (x86)\Arena\Tournaments\Engine Battle Demo PC 20250821.pgn

No:  B/W 1/2     W:B       1:2           Time        Value Moves Dep 1:2       1-2-Draws
  11 B 2    2.0:1.0        1.0:10.0      7:05:20 AM     0.00    79 0:0 0-9-2

--------------------------------------------------------------

Engine-Match Thursday, August 21, 2025 7:05:21 AM
 Blitz 10/5 

Pairing 3/6 :    V7P3R_v4.3  -  Slowmate_v1.0

PGN-File: C:\Program Files (x86)\Arena\Tournaments\Engine Battle Demo PC 20250821.pgn

No:  B/W 1/2     W:B       1:2           Time        Value Moves Dep 1:2       1-2-Draws
  11 = =    5.5:5.5        5.5:5.5       7:06:08 AM     0.00     9 0:0 0-0-11

--------------------------------------------------------------

Engine-Match Thursday, August 21, 2025 7:06:09 AM
 Blitz 10/5 

Pairing 4/6 :    V7P3R_v4.1  -  SlowMate_v2.0

PGN-File: C:\Program Files (x86)\Arena\Tournaments\Engine Battle Demo PC 20250821.pgn

No:  B/W 1/2     W:B       1:2           Time        Value Moves Dep 1:2       1-2-Draws
  11 W 1    1.0:0.0        11.0:0.0      7:12:57 AM     0.00    15 0:0 11-0-0

--------------------------------------------------------------

Engine-Match Thursday, August 21, 2025 7:12:58 AM
 Blitz 10/5 

Pairing 5/6 :    Slowmate_v1.0  -  V7P3R_v4.1

PGN-File: C:\Program Files (x86)\Arena\Tournaments\Engine Battle Demo PC 20250821.pgn

No:  B/W 1/2     W:B       1:2           Time        Value Moves Dep 1:2       1-2-Draws
  11 B 2    1.0:0.0        5.0:6.0       7:28:37 AM     0.00    70 0:0 5-6-0

--------------------------------------------------------------

Engine-Match Thursday, August 21, 2025 7:28:38 AM
 Blitz 10/5 

Pairing 6/6 :    SlowMate_v2.0  -  V7P3R_v4.3

PGN-File: C:\Program Files (x86)\Arena\Tournaments\Engine Battle Demo PC 20250821.pgn

No:  B/W 1/2     W:B       1:2           Time        Value Moves Dep 1:2       1-2-Draws
  11 = =    5.5:5.5        5.5:5.5       7:31:30 AM     0.00     7 0:0 0-0-11

--------------------------------------------------------------

Engine-Match Thursday, August 21, 2025 7:31:31 AM
 Blitz 10/5 

Pairing 1/6 :    Slowmate_v1.0  -  SlowMate_v2.0

PGN-File: C:\Program Files (x86)\Arena\Tournaments\Engine Battle Demo PC 20250821.pgn

No:  B/W 1/2     W:B       1:2           Time        Value Moves Dep 1:2       1-2-Draws
  12 B 1    4.0:3.0        9.0:3.0       7:33:46 AM     0.00     8 0:0 6-0-6

--------------------------------------------------------------

Engine-Match Thursday, August 21, 2025 7:33:47 AM
 Blitz 10/5 

Pairing 2/6 :    V7P3R_v4.3  -  V7P3R_v4.1

PGN-File: C:\Program Files (x86)\Arena\Tournaments\Engine Battle Demo PC 20250821.pgn

No:  B/W 1/2     W:B       1:2           Time        Value Moves Dep 1:2       1-2-Draws
  12 = =    1.5:1.5        1.5:10.5      7:59:26 AM     0.00    96 0:0 0-9-3

--------------------------------------------------------------

Engine-Match Thursday, August 21, 2025 7:59:27 AM
 Blitz 10/5 

Pairing 3/6 :    V7P3R_v4.3  -  Slowmate_v1.0

PGN-File: C:\Program Files (x86)\Arena\Tournaments\Engine Battle Demo PC 20250821.pgn

No:  B/W 1/2     W:B       1:2           Time        Value Moves Dep 1:2       1-2-Draws
  12 = =    6.0:6.0        6.0:6.0       8:00:28 AM     0.00    15 0:0 0-0-12

--------------------------------------------------------------

Engine-Match Thursday, August 21, 2025 8:00:30 AM
 Blitz 10/5 

Pairing 4/6 :    V7P3R_v4.1  -  SlowMate_v2.0

PGN-File: C:\Program Files (x86)\Arena\Tournaments\Engine Battle Demo PC 20250821.pgn

No:  B/W 1/2     W:B       1:2           Time        Value Moves Dep 1:2       1-2-Draws
  12 B 1    1.0:0.0        12.0:0.0      8:09:39 AM     0.00    19 0:0 12-0-0

--------------------------------------------------------------

Engine-Match Thursday, August 21, 2025 8:09:40 AM
 Blitz 10/5 

Pairing 5/6 :    Slowmate_v1.0  -  V7P3R_v4.1

PGN-File: C:\Program Files (x86)\Arena\Tournaments\Engine Battle Demo PC 20250821.pgn

No:  B/W 1/2     W:B       1:2           Time        Value Moves Dep 1:2       1-2-Draws
  12 B 1    1.0:0.0        6.0:6.0       8:15:23 AM     0.00    29 0:0 6-6-0

--------------------------------------------------------------

Engine-Match Thursday, August 21, 2025 8:15:24 AM
 Blitz 10/5 

Pairing 6/6 :    SlowMate_v2.0  -  V7P3R_v4.3

PGN-File: C:\Program Files (x86)\Arena\Tournaments\Engine Battle Demo PC 20250821.pgn

No:  B/W 1/2     W:B       1:2           Time        Value Moves Dep 1:2       1-2-Draws
  12 = =    6.0:6.0        6.0:6.0       8:28:02 AM     0.00    32 0:0 0-0-12

--------------------------------------------------------------

Engine-Match Thursday, August 21, 2025 8:28:03 AM
 Blitz 10/5 

Pairing 1/6 :    Slowmate_v1.0  -  SlowMate_v2.0

PGN-File: C:\Program Files (x86)\Arena\Tournaments\Engine Battle Demo PC 20250821.pgn

No:  B/W 1/2     W:B       1:2           Time        Value Moves Dep 1:2       1-2-Draws
  13 = =    3.5:3.5        9.5:3.5       8:31:01 AM     0.00    11 0:0 6-0-7

--------------------------------------------------------------

Engine-Match Thursday, August 21, 2025 8:31:02 AM
 Blitz 10/5 

Pairing 2/6 :    V7P3R_v4.3  -  V7P3R_v4.1

PGN-File: C:\Program Files (x86)\Arena\Tournaments\Engine Battle Demo PC 20250821.pgn

No:  B/W 1/2     W:B       1:2           Time        Value Moves Dep 1:2       1-2-Draws
  13 B 2    2.5:1.5        1.5:11.5      8:43:27 AM     0.00    79 0:0 0-10-3

--------------------------------------------------------------

Engine-Match Thursday, August 21, 2025 8:43:28 AM
 Blitz 10/5 

Pairing 3/6 :    V7P3R_v4.3  -  Slowmate_v1.0

PGN-File: C:\Program Files (x86)\Arena\Tournaments\Engine Battle Demo PC 20250821.pgn

No:  B/W 1/2     W:B       1:2           Time        Value Moves Dep 1:2       1-2-Draws
  13 = =    6.5:6.5        6.5:6.5       8:44:14 AM     0.00     9 0:0 0-0-13

--------------------------------------------------------------

Engine-Match Thursday, August 21, 2025 8:44:16 AM
 Blitz 10/5 

Pairing 4/6 :    V7P3R_v4.1  -  SlowMate_v2.0

PGN-File: C:\Program Files (x86)\Arena\Tournaments\Engine Battle Demo PC 20250821.pgn

No:  B/W 1/2     W:B       1:2           Time        Value Moves Dep 1:2       1-2-Draws
  13 W 1    1.0:0.0        13.0:0.0      8:51:03 AM     0.00    15 0:0 13-0-0

--------------------------------------------------------------

Engine-Match Thursday, August 21, 2025 8:51:04 AM
 Blitz 10/5 

Pairing 5/6 :    Slowmate_v1.0  -  V7P3R_v4.1

PGN-File: C:\Program Files (x86)\Arena\Tournaments\Engine Battle Demo PC 20250821.pgn

No:  B/W 1/2     W:B       1:2           Time        Value Moves Dep 1:2       1-2-Draws
  13 B 2    1.0:0.0        6.0:7.0       9:06:45 AM     0.00    70 0:0 6-7-0

--------------------------------------------------------------

Engine-Match Thursday, August 21, 2025 9:06:46 AM
 Blitz 10/5 

Pairing 6/6 :    SlowMate_v2.0  -  V7P3R_v4.3

PGN-File: C:\Program Files (x86)\Arena\Tournaments\Engine Battle Demo PC 20250821.pgn

No:  B/W 1/2     W:B       1:2           Time        Value Moves Dep 1:2       1-2-Draws
  13 = =    6.5:6.5        6.5:6.5       9:09:39 AM     0.00     7 0:0 0-0-13

--------------------------------------------------------------

Engine-Match Thursday, August 21, 2025 9:09:40 AM
 Blitz 10/5 

Pairing 1/6 :    Slowmate_v1.0  -  SlowMate_v2.0

PGN-File: C:\Program Files (x86)\Arena\Tournaments\Engine Battle Demo PC 20250821.pgn

No:  B/W 1/2     W:B       1:2           Time        Value Moves Dep 1:2       1-2-Draws
  14 B 1    4.5:3.5        10.5:3.5      9:11:55 AM     0.00     8 0:0 7-0-7

--------------------------------------------------------------

Engine-Match Thursday, August 21, 2025 9:11:56 AM
 Blitz 10/5 

Pairing 2/6 :    V7P3R_v4.3  -  V7P3R_v4.1

PGN-File: C:\Program Files (x86)\Arena\Tournaments\Engine Battle Demo PC 20250821.pgn

No:  B/W 1/2     W:B       1:2           Time        Value Moves Dep 1:2       1-2-Draws
  14 W 2    2.5:1.5        1.5:12.5      9:30:27 AM     0.00    89 0:0 0-11-3

--------------------------------------------------------------

Engine-Match Thursday, August 21, 2025 9:30:34 AM
 Blitz 10/5 

Pairing 3/6 :    V7P3R_v4.3  -  Slowmate_v1.0

PGN-File: C:\Program Files (x86)\Arena\Tournaments\Engine Battle Demo PC 20250821.pgn

No:  B/W 1/2     W:B       1:2           Time        Value Moves Dep 1:2       1-2-Draws
  14 = =    7.0:7.0        7.0:7.0       9:31:36 AM     0.00    15 0:0 0-0-14

--------------------------------------------------------------

Engine-Match Thursday, August 21, 2025 9:31:37 AM
 Blitz 10/5 

Pairing 4/6 :    V7P3R_v4.1  -  SlowMate_v2.0

PGN-File: C:\Program Files (x86)\Arena\Tournaments\Engine Battle Demo PC 20250821.pgn

No:  B/W 1/2     W:B       1:2           Time        Value Moves Dep 1:2       1-2-Draws
  14 B 1    1.0:0.0        14.0:0.0      9:40:52 AM     0.00    19 0:0 14-0-0

--------------------------------------------------------------

Engine-Match Thursday, August 21, 2025 9:40:53 AM
 Blitz 10/5 

Pairing 5/6 :    Slowmate_v1.0  -  V7P3R_v4.1

PGN-File: C:\Program Files (x86)\Arena\Tournaments\Engine Battle Demo PC 20250821.pgn

No:  B/W 1/2     W:B       1:2           Time        Value Moves Dep 1:2       1-2-Draws
  14 B 1    1.0:0.0        7.0:7.0       9:46:36 AM     0.00    29 0:0 7-7-0

--------------------------------------------------------------

Engine-Match Thursday, August 21, 2025 9:46:38 AM
 Blitz 10/5 

Pairing 6/6 :    SlowMate_v2.0  -  V7P3R_v4.3

PGN-File: C:\Program Files (x86)\Arena\Tournaments\Engine Battle Demo PC 20250821.pgn

No:  B/W 1/2     W:B       1:2           Time        Value Moves Dep 1:2       1-2-Draws
  14 = =    7.0:7.0        7.0:7.0       9:59:14 AM     0.00    32 0:0 0-0-14

--------------------------------------------------------------

Engine-Match Thursday, August 21, 2025 9:59:15 AM
 Blitz 10/5 

Pairing 1/6 :    Slowmate_v1.0  -  SlowMate_v2.0

PGN-File: C:\Program Files (x86)\Arena\Tournaments\Engine Battle Demo PC 20250821.pgn

No:  B/W 1/2     W:B       1:2           Time        Value Moves Dep 1:2       1-2-Draws
  15 = =    4.0:4.0        11.0:4.0      10:02:14 AM     0.00    11 0:0 7-0-8

--------------------------------------------------------------

Engine-Match Thursday, August 21, 2025 10:02:16 AM
 Blitz 10/5 

Pairing 2/6 :    V7P3R_v4.3  -  V7P3R_v4.1

PGN-File: C:\Program Files (x86)\Arena\Tournaments\Engine Battle Demo PC 20250821.pgn

No:  B/W 1/2     W:B       1:2           Time        Value Moves Dep 1:2       1-2-Draws
  15 B 2    2.5:1.5        1.5:13.5      10:14:43 AM     0.00    79 0:0 0-12-3

--------------------------------------------------------------

Engine-Match Thursday, August 21, 2025 10:14:44 AM
 Blitz 10/5 

Pairing 3/6 :    V7P3R_v4.3  -  Slowmate_v1.0

PGN-File: C:\Program Files (x86)\Arena\Tournaments\Engine Battle Demo PC 20250821.pgn

No:  B/W 1/2     W:B       1:2           Time        Value Moves Dep 1:2       1-2-Draws
  15 = =    7.5:7.5        7.5:7.5       10:15:31 AM     0.00     9 0:0 0-0-15

--------------------------------------------------------------

Engine-Match Thursday, August 21, 2025 10:15:32 AM
 Blitz 10/5 

Pairing 4/6 :    V7P3R_v4.1  -  SlowMate_v2.0

PGN-File: C:\Program Files (x86)\Arena\Tournaments\Engine Battle Demo PC 20250821.pgn

No:  B/W 1/2     W:B       1:2           Time        Value Moves Dep 1:2       1-2-Draws
  15 W 1    1.0:0.0        15.0:0.0      10:22:18 AM     0.00    15 0:0 15-0-0

--------------------------------------------------------------

Engine-Match Thursday, August 21, 2025 10:22:20 AM
 Blitz 10/5 

Pairing 5/6 :    Slowmate_v1.0  -  V7P3R_v4.1

PGN-File: C:\Program Files (x86)\Arena\Tournaments\Engine Battle Demo PC 20250821.pgn

No:  B/W 1/2     W:B       1:2           Time        Value Moves Dep 1:2       1-2-Draws
  15 B 2    1.0:0.0        7.0:8.0       10:37:53 AM     0.00    70 0:0 7-8-0

--------------------------------------------------------------

Engine-Match Thursday, August 21, 2025 10:37:54 AM
 Blitz 10/5 

Pairing 6/6 :    SlowMate_v2.0  -  V7P3R_v4.3

PGN-File: C:\Program Files (x86)\Arena\Tournaments\Engine Battle Demo PC 20250821.pgn

No:  B/W 1/2     W:B       1:2           Time        Value Moves Dep 1:2       1-2-Draws
  15 = =    7.5:7.5        7.5:7.5       10:40:44 AM     0.00     7 0:0 0-0-15

--------------------------------------------------------------

Engine-Match Thursday, August 21, 2025 10:40:45 AM
 Blitz 10/5 

Pairing 1/6 :    Slowmate_v1.0  -  SlowMate_v2.0

PGN-File: C:\Program Files (x86)\Arena\Tournaments\Engine Battle Demo PC 20250821.pgn

No:  B/W 1/2     W:B       1:2           Time        Value Moves Dep 1:2       1-2-Draws
  16 B 1    5.0:4.0        12.0:4.0      10:43:00 AM     0.00     8 0:0 8-0-8

--------------------------------------------------------------

Engine-Match Thursday, August 21, 2025 10:43:01 AM
 Blitz 10/5 

Pairing 2/6 :    V7P3R_v4.3  -  V7P3R_v4.1

PGN-File: C:\Program Files (x86)\Arena\Tournaments\Engine Battle Demo PC 20250821.pgn

No:  B/W 1/2     W:B       1:2           Time        Value Moves Dep 1:2       1-2-Draws
  16 = =    2.0:2.0        2.0:14.0      11:06:37 AM     0.00    85 0:0 0-12-4

--------------------------------------------------------------

Engine-Match Thursday, August 21, 2025 11:06:38 AM
 Blitz 10/5 

Pairing 3/6 :    V7P3R_v4.3  -  Slowmate_v1.0

PGN-File: C:\Program Files (x86)\Arena\Tournaments\Engine Battle Demo PC 20250821.pgn

No:  B/W 1/2     W:B       1:2           Time        Value Moves Dep 1:2       1-2-Draws
  16 = =    8.0:8.0        8.0:8.0       11:07:39 AM     0.00    15 0:0 0-0-16

--------------------------------------------------------------

Engine-Match Thursday, August 21, 2025 11:07:40 AM
 Blitz 10/5 

Pairing 4/6 :    V7P3R_v4.1  -  SlowMate_v2.0

PGN-File: C:\Program Files (x86)\Arena\Tournaments\Engine Battle Demo PC 20250821.pgn

No:  B/W 1/2     W:B       1:2           Time        Value Moves Dep 1:2       1-2-Draws
  16 B 1    1.0:0.0        16.0:0.0      11:16:51 AM     0.00    19 0:0 16-0-0

--------------------------------------------------------------

Engine-Match Thursday, August 21, 2025 11:16:52 AM
 Blitz 10/5 

Pairing 5/6 :    Slowmate_v1.0  -  V7P3R_v4.1

PGN-File: C:\Program Files (x86)\Arena\Tournaments\Engine Battle Demo PC 20250821.pgn

No:  B/W 1/2     W:B       1:2           Time        Value Moves Dep 1:2       1-2-Draws
  16 B 1    1.0:0.0        8.0:8.0       11:22:32 AM     0.00    29 0:0 8-8-0

--------------------------------------------------------------

Engine-Match Thursday, August 21, 2025 11:22:33 AM
 Blitz 10/5 

Pairing 6/6 :    SlowMate_v2.0  -  V7P3R_v4.3

PGN-File: C:\Program Files (x86)\Arena\Tournaments\Engine Battle Demo PC 20250821.pgn

No:  B/W 1/2     W:B       1:2           Time        Value Moves Dep 1:2       1-2-Draws
  16 = =    8.0:8.0        8.0:8.0       11:35:12 AM     0.00    32 0:0 0-0-16

--------------------------------------------------------------

Engine-Match Thursday, August 21, 2025 11:35:13 AM
 Blitz 10/5 

Pairing 1/6 :    Slowmate_v1.0  -  SlowMate_v2.0

PGN-File: C:\Program Files (x86)\Arena\Tournaments\Engine Battle Demo PC 20250821.pgn

No:  B/W 1/2     W:B       1:2           Time        Value Moves Dep 1:2       1-2-Draws
  17 = =    4.5:4.5        12.5:4.5      11:38:11 AM     0.00    11 0:0 8-0-9

--------------------------------------------------------------

Engine-Match Thursday, August 21, 2025 11:38:12 AM
 Blitz 10/5 

Pairing 2/6 :    V7P3R_v4.3  -  V7P3R_v4.1

PGN-File: C:\Program Files (x86)\Arena\Tournaments\Engine Battle Demo PC 20250821.pgn

No:  B/W 1/2     W:B       1:2           Time        Value Moves Dep 1:2       1-2-Draws
  17 B 2    3.0:2.0        2.0:15.0      11:50:42 AM     0.00    79 0:0 0-13-4

--------------------------------------------------------------

Engine-Match Thursday, August 21, 2025 11:50:43 AM
 Blitz 10/5 

Pairing 3/6 :    V7P3R_v4.3  -  Slowmate_v1.0

PGN-File: C:\Program Files (x86)\Arena\Tournaments\Engine Battle Demo PC 20250821.pgn

No:  B/W 1/2     W:B       1:2           Time        Value Moves Dep 1:2       1-2-Draws
  17 = =    8.5:8.5        8.5:8.5       11:51:30 AM     0.00     9 0:0 0-0-17

--------------------------------------------------------------

Engine-Match Thursday, August 21, 2025 11:51:31 AM
 Blitz 10/5 

Pairing 4/6 :    V7P3R_v4.1  -  SlowMate_v2.0

PGN-File: C:\Program Files (x86)\Arena\Tournaments\Engine Battle Demo PC 20250821.pgn

No:  B/W 1/2     W:B       1:2           Time        Value Moves Dep 1:2       1-2-Draws
  17 W 1    1.0:0.0        17.0:0.0      11:58:18 AM     0.00    15 0:0 17-0-0

--------------------------------------------------------------

Engine-Match Thursday, August 21, 2025 11:58:25 AM
 Blitz 10/5 

Pairing 5/6 :    Slowmate_v1.0  -  V7P3R_v4.1

PGN-File: C:\Program Files (x86)\Arena\Tournaments\Engine Battle Demo PC 20250821.pgn

No:  B/W 1/2     W:B       1:2           Time        Value Moves Dep 1:2       1-2-Draws
  17 B 2    1.0:0.0        8.0:9.0       12:13:59 PM     0.00    70 0:0 8-9-0

--------------------------------------------------------------

Engine-Match Thursday, August 21, 2025 12:14:00 PM
 Blitz 10/5 

Pairing 6/6 :    SlowMate_v2.0  -  V7P3R_v4.3

PGN-File: C:\Program Files (x86)\Arena\Tournaments\Engine Battle Demo PC 20250821.pgn

No:  B/W 1/2     W:B       1:2           Time        Value Moves Dep 1:2       1-2-Draws
  17 = =    8.5:8.5        8.5:8.5       12:16:49 PM     0.00     7 0:0 0-0-17

--------------------------------------------------------------

Engine-Match Thursday, August 21, 2025 12:16:50 PM
 Blitz 10/5 

Pairing 1/6 :    Slowmate_v1.0  -  SlowMate_v2.0

PGN-File: C:\Program Files (x86)\Arena\Tournaments\Engine Battle Demo PC 20250821.pgn

No:  B/W 1/2     W:B       1:2           Time        Value Moves Dep 1:2       1-2-Draws
  18 B 1    5.5:4.5        13.5:4.5      12:19:05 PM     0.00     8 0:0 9-0-9

--------------------------------------------------------------

Engine-Match Thursday, August 21, 2025 12:19:06 PM
 Blitz 10/5 

Pairing 2/6 :    V7P3R_v4.3  -  V7P3R_v4.1

PGN-File: C:\Program Files (x86)\Arena\Tournaments\Engine Battle Demo PC 20250821.pgn

No:  B/W 1/2     W:B       1:2           Time        Value Moves Dep 1:2       1-2-Draws
  18 = =    2.5:2.5        2.5:15.5      12:44:33 PM     0.00    95 0:0 0-13-5

--------------------------------------------------------------

Engine-Match Thursday, August 21, 2025 12:44:34 PM
 Blitz 10/5 

Pairing 3/6 :    V7P3R_v4.3  -  Slowmate_v1.0

PGN-File: C:\Program Files (x86)\Arena\Tournaments\Engine Battle Demo PC 20250821.pgn

No:  B/W 1/2     W:B       1:2           Time        Value Moves Dep 1:2       1-2-Draws
  18 = =    9.0:9.0        9.0:9.0       12:45:35 PM     0.00    15 0:0 0-0-18

--------------------------------------------------------------

Engine-Match Thursday, August 21, 2025 12:45:36 PM
 Blitz 10/5 

Pairing 4/6 :    V7P3R_v4.1  -  SlowMate_v2.0

PGN-File: C:\Program Files (x86)\Arena\Tournaments\Engine Battle Demo PC 20250821.pgn

No:  B/W 1/2     W:B       1:2           Time        Value Moves Dep 1:2       1-2-Draws
  18 B 1    1.0:0.0        18.0:0.0      12:54:46 PM     0.00    19 0:0 18-0-0

--------------------------------------------------------------

Engine-Match Thursday, August 21, 2025 12:54:47 PM
 Blitz 10/5 

Pairing 5/6 :    Slowmate_v1.0  -  V7P3R_v4.1

PGN-File: C:\Program Files (x86)\Arena\Tournaments\Engine Battle Demo PC 20250821.pgn

No:  B/W 1/2     W:B       1:2           Time        Value Moves Dep 1:2       1-2-Draws
  18 B 1    1.0:0.0        9.0:9.0       1:00:29 PM     0.00    29 0:0 9-9-0

--------------------------------------------------------------

Engine-Match Thursday, August 21, 2025 1:00:30 PM
 Blitz 10/5 

Pairing 6/6 :    SlowMate_v2.0  -  V7P3R_v4.3

PGN-File: C:\Program Files (x86)\Arena\Tournaments\Engine Battle Demo PC 20250821.pgn

No:  B/W 1/2     W:B       1:2           Time        Value Moves Dep 1:2       1-2-Draws
  18 = =    9.0:9.0        9.0:9.0       1:13:07 PM     0.00    32 0:0 0-0-18

--------------------------------------------------------------

Engine-Match Thursday, August 21, 2025 1:13:09 PM
 Blitz 10/5 

Pairing 1/6 :    Slowmate_v1.0  -  SlowMate_v2.0

PGN-File: C:\Program Files (x86)\Arena\Tournaments\Engine Battle Demo PC 20250821.pgn

No:  B/W 1/2     W:B       1:2           Time        Value Moves Dep 1:2       1-2-Draws
  19 = =    5.0:5.0        14.0:5.0      1:16:07 PM     0.00    11 0:0 9-0-10

--------------------------------------------------------------

Engine-Match Thursday, August 21, 2025 1:16:08 PM
 Blitz 10/5 

Pairing 2/6 :    V7P3R_v4.3  -  V7P3R_v4.1

PGN-File: C:\Program Files (x86)\Arena\Tournaments\Engine Battle Demo PC 20250821.pgn

No:  B/W 1/2     W:B       1:2           Time        Value Moves Dep 1:2       1-2-Draws
  19 B 2    3.5:2.5        2.5:16.5      1:28:29 PM     0.00    79 0:0 0-14-5

--------------------------------------------------------------

Engine-Match Thursday, August 21, 2025 1:28:30 PM
 Blitz 10/5 

Pairing 3/6 :    V7P3R_v4.3  -  Slowmate_v1.0

PGN-File: C:\Program Files (x86)\Arena\Tournaments\Engine Battle Demo PC 20250821.pgn

No:  B/W 1/2     W:B       1:2           Time        Value Moves Dep 1:2       1-2-Draws
  19 = =    9.5:9.5        9.5:9.5       1:29:17 PM     0.00     9 0:0 0-0-19

--------------------------------------------------------------

Engine-Match Thursday, August 21, 2025 1:29:18 PM
 Blitz 10/5 

Pairing 4/6 :    V7P3R_v4.1  -  SlowMate_v2.0

PGN-File: C:\Program Files (x86)\Arena\Tournaments\Engine Battle Demo PC 20250821.pgn

No:  B/W 1/2     W:B       1:2           Time        Value Moves Dep 1:2       1-2-Draws
  19 W 1    1.0:0.0        19.0:0.0      1:36:07 PM     0.00    15 0:0 19-0-0

--------------------------------------------------------------

Engine-Match Thursday, August 21, 2025 1:36:08 PM
 Blitz 10/5 

Pairing 5/6 :    Slowmate_v1.0  -  V7P3R_v4.1

PGN-File: C:\Program Files (x86)\Arena\Tournaments\Engine Battle Demo PC 20250821.pgn

No:  B/W 1/2     W:B       1:2           Time        Value Moves Dep 1:2       1-2-Draws
  19 B 2    1.0:0.0        9.0:10.0      1:51:39 PM     0.00    70 0:0 9-10-0

--------------------------------------------------------------

Engine-Match Thursday, August 21, 2025 1:51:41 PM
 Blitz 10/5 

Pairing 6/6 :    SlowMate_v2.0  -  V7P3R_v4.3

PGN-File: C:\Program Files (x86)\Arena\Tournaments\Engine Battle Demo PC 20250821.pgn

No:  B/W 1/2     W:B       1:2           Time        Value Moves Dep 1:2       1-2-Draws
  19 = =    9.5:9.5        9.5:9.5       1:54:32 PM     0.00     7 0:0 0-0-19

--------------------------------------------------------------

Engine-Match Thursday, August 21, 2025 1:54:34 PM
 Blitz 10/5 

Pairing 1/6 :    Slowmate_v1.0  -  SlowMate_v2.0

PGN-File: C:\Program Files (x86)\Arena\Tournaments\Engine Battle Demo PC 20250821.pgn

No:  B/W 1/2     W:B       1:2           Time        Value Moves Dep 1:2       1-2-Draws
  20 B 1    6.0:5.0        15.0:5.0      1:56:48 PM     0.00     8 0:0 10-0-10

--------------------------------------------------------------

Engine-Match Thursday, August 21, 2025 1:56:49 PM
 Blitz 10/5 

Pairing 2/6 :    V7P3R_v4.3  -  V7P3R_v4.1

PGN-File: C:\Program Files (x86)\Arena\Tournaments\Engine Battle Demo PC 20250821.pgn

No:  B/W 1/2     W:B       1:2           Time        Value Moves Dep 1:2       1-2-Draws
  20 = =    3.0:3.0        3.0:17.0      2:23:42 PM     0.00   104 0:0 0-14-6

--------------------------------------------------------------

Engine-Match Thursday, August 21, 2025 2:23:43 PM
 Blitz 10/5 

Pairing 3/6 :    V7P3R_v4.3  -  Slowmate_v1.0

PGN-File: C:\Program Files (x86)\Arena\Tournaments\Engine Battle Demo PC 20250821.pgn

No:  B/W 1/2     W:B       1:2           Time        Value Moves Dep 1:2       1-2-Draws
  20 = =    10.0:10.0      10.0:10.0     2:24:42 PM     0.00    15 0:0 0-0-20

--------------------------------------------------------------

Engine-Match Thursday, August 21, 2025 2:24:44 PM
 Blitz 10/5 

Pairing 4/6 :    V7P3R_v4.1  -  SlowMate_v2.0

PGN-File: C:\Program Files (x86)\Arena\Tournaments\Engine Battle Demo PC 20250821.pgn

No:  B/W 1/2     W:B       1:2           Time        Value Moves Dep 1:2       1-2-Draws
  20 B 1    1.0:0.0        20.0:0.0      2:33:55 PM     0.00    19 0:0 20-0-0

--------------------------------------------------------------

Engine-Match Thursday, August 21, 2025 2:33:57 PM
 Blitz 10/5 

Pairing 5/6 :    Slowmate_v1.0  -  V7P3R_v4.1

PGN-File: C:\Program Files (x86)\Arena\Tournaments\Engine Battle Demo PC 20250821.pgn

No:  B/W 1/2     W:B       1:2           Time        Value Moves Dep 1:2       1-2-Draws
  20 B 1    1.0:0.0        10.0:10.0     2:39:41 PM     0.00    29 0:0 10-10-0

--------------------------------------------------------------

Engine-Match Thursday, August 21, 2025 2:39:43 PM
 Blitz 10/5 

Pairing 6/6 :    SlowMate_v2.0  -  V7P3R_v4.3

PGN-File: C:\Program Files (x86)\Arena\Tournaments\Engine Battle Demo PC 20250821.pgn

No:  B/W 1/2     W:B       1:2           Time        Value Moves Dep 1:2       1-2-Draws
  20 = =    10.0:10.0      10.0:10.0     2:52:20 PM     0.00    32 0:0 0-0-20
