Engine-Match Thursday, August 21, 2025 4:41:29 PM
 Blitz 10/5 

Pairing 1/6 :    Slowmate_v1.0  -  V7P3R_v5.0

PGN-File: C:\Program Files (x86)\Arena\Tournaments\Engine Battle Demo PC 20250821_2.pgn

No:  B/W 1/2     W:B       1:2           Time        Value Moves Dep 1:2       1-2-Draws
   1 W 1    1.0:0.0        1.0:0.0       4:49:59 PM   +30.89    31 0:4.032  1-0-0

--------------------------------------------------------------

Engine-Match Thursday, August 21, 2025 4:50:01 PM
 Blitz 10/5 

Pairing 2/6 :    C0BR4_v1.0  -  SlowMate_v2.0

PGN-File: C:\Program Files (x86)\Arena\Tournaments\Engine Battle Demo PC 20250821_2.pgn

No:  B/W 1/2     W:B       1:2           Time        Value Moves Dep 1:2       1-2-Draws
   1 = =    0.5:0.5        0.5:0.5       4:52:03 PM    +0.25     8 4.000 :0 0-0-1

--------------------------------------------------------------

Engine-Match Thursday, August 21, 2025 4:52:04 PM
 Blitz 10/5 

Pairing 3/6 :    C0BR4_v1.0  -  Slowmate_v1.0

PGN-File: C:\Program Files (x86)\Arena\Tournaments\Engine Battle Demo PC 20250821_2.pgn

No:  B/W 1/2     W:B       1:2           Time        Value Moves Dep 1:2       1-2-Draws
   1 B 2    1.0:0.0        0.0:1.0       4:52:19 PM     0.00    14 4.000 :0 0-1-0

--------------------------------------------------------------

Engine-Match Thursday, August 21, 2025 4:52:21 PM
 Blitz 10/5 

Pairing 4/6 :    SlowMate_v2.0  -  V7P3R_v5.0

PGN-File: C:\Program Files (x86)\Arena\Tournaments\Engine Battle Demo PC 20250821_2.pgn

No:  B/W 1/2     W:B       1:2           Time        Value Moves Dep 1:2       1-2-Draws
   1 B 2    1.0:0.0        0.0:1.0       5:04:34 PM     0.00    19 0:4.053  0-1-0

--------------------------------------------------------------

Engine-Match Thursday, August 21, 2025 5:04:35 PM
 Blitz 10/5 

Pairing 5/6 :    Slowmate_v1.0  -  SlowMate_v2.0

PGN-File: C:\Program Files (x86)\Arena\Tournaments\Engine Battle Demo PC 20250821_2.pgn

No:  B/W 1/2     W:B       1:2           Time        Value Moves Dep 1:2       1-2-Draws
   1 = =    0.5:0.5        0.5:0.5       5:07:33 PM     0.00    11 0:0 0-0-1

--------------------------------------------------------------

Engine-Match Thursday, August 21, 2025 5:07:34 PM
 Blitz 10/5 

Pairing 6/6 :    V7P3R_v5.0  -  C0BR4_v1.0

PGN-File: C:\Program Files (x86)\Arena\Tournaments\Engine Battle Demo PC 20250821_2.pgn

No:  B/W 1/2     W:B       1:2           Time        Value Moves Dep 1:2       1-2-Draws
   1 B 2    1.0:0.0        0.0:1.0       5:10:34 PM   -23.19    10 4.200 :4.000  0-1-0

--------------------------------------------------------------

Engine-Match Thursday, August 21, 2025 5:10:35 PM
 Blitz 10/5 

Pairing 1/6 :    Slowmate_v1.0  -  V7P3R_v5.0

PGN-File: C:\Program Files (x86)\Arena\Tournaments\Engine Battle Demo PC 20250821_2.pgn

No:  B/W 1/2     W:B       1:2           Time        Value Moves Dep 1:2       1-2-Draws
   2 B 1    1.0:0.0        2.0:0.0       5:14:49 PM   -39.04    26 0:3.192  2-0-0

--------------------------------------------------------------

Engine-Match Thursday, August 21, 2025 5:14:50 PM
 Blitz 10/5 

Pairing 2/6 :    C0BR4_v1.0  -  SlowMate_v2.0

PGN-File: C:\Program Files (x86)\Arena\Tournaments\Engine Battle Demo PC 20250821_2.pgn

No:  B/W 1/2     W:B       1:2           Time        Value Moves Dep 1:2       1-2-Draws
   2 B 1    1.5:0.5        1.5:0.5       5:17:10 PM  -299.99     8 4.000 :0 1-0-1

--------------------------------------------------------------

Engine-Match Thursday, August 21, 2025 5:17:11 PM
 Blitz 10/5 

Pairing 3/6 :    C0BR4_v1.0  -  Slowmate_v1.0

PGN-File: C:\Program Files (x86)\Arena\Tournaments\Engine Battle Demo PC 20250821_2.pgn

No:  B/W 1/2     W:B       1:2           Time        Value Moves Dep 1:2       1-2-Draws
   2 W 2    1.0:0.0        0.0:2.0       5:18:01 PM     0.00    28 4.000 :0 0-2-0

--------------------------------------------------------------

Engine-Match Thursday, August 21, 2025 5:18:03 PM
 Blitz 10/5 

Pairing 4/6 :    SlowMate_v2.0  -  V7P3R_v5.0

PGN-File: C:\Program Files (x86)\Arena\Tournaments\Engine Battle Demo PC 20250821_2.pgn

No:  B/W 1/2     W:B       1:2           Time        Value Moves Dep 1:2       1-2-Draws
   2 W 2    1.0:0.0        0.0:2.0       5:30:11 PM     0.00    18 0:3.889  0-2-0

--------------------------------------------------------------

Engine-Match Thursday, August 21, 2025 5:30:12 PM
 Blitz 10/5 

Pairing 5/6 :    Slowmate_v1.0  -  SlowMate_v2.0

PGN-File: C:\Program Files (x86)\Arena\Tournaments\Engine Battle Demo PC 20250821_2.pgn

No:  B/W 1/2     W:B       1:2           Time        Value Moves Dep 1:2       1-2-Draws
   2 B 1    1.5:0.5        1.5:0.5       5:32:26 PM     0.00     8 0:0 1-0-1

--------------------------------------------------------------

Engine-Match Thursday, August 21, 2025 5:32:28 PM
 Blitz 10/5 

Pairing 6/6 :    V7P3R_v5.0  -  C0BR4_v1.0

PGN-File: C:\Program Files (x86)\Arena\Tournaments\Engine Battle Demo PC 20250821_2.pgn

No:  B/W 1/2     W:B       1:2           Time        Value Moves Dep 1:2       1-2-Draws
   2 W 2    1.0:0.0        0.0:2.0       5:37:12 PM   +11.69    15 4.200 :4.000  0-2-0

--------------------------------------------------------------

Engine-Match Thursday, August 21, 2025 5:37:13 PM
 Blitz 10/5 

Pairing 1/6 :    Slowmate_v1.0  -  V7P3R_v5.0

PGN-File: C:\Program Files (x86)\Arena\Tournaments\Engine Battle Demo PC 20250821_2.pgn

No:  B/W 1/2     W:B       1:2           Time        Value Moves Dep 1:2       1-2-Draws
   3 W 1    1.0:0.0        3.0:0.0       5:45:09 PM   +45.34    27 0:4.043  3-0-0

--------------------------------------------------------------

Engine-Match Thursday, August 21, 2025 5:45:10 PM
 Blitz 10/5 

Pairing 2/6 :    C0BR4_v1.0  -  SlowMate_v2.0

PGN-File: C:\Program Files (x86)\Arena\Tournaments\Engine Battle Demo PC 20250821_2.pgn

No:  B/W 1/2     W:B       1:2           Time        Value Moves Dep 1:2       1-2-Draws
   3 = =    1.0:1.0        2.0:1.0       5:47:11 PM    +0.25     8 4.000 :0 1-0-2

--------------------------------------------------------------

Engine-Match Thursday, August 21, 2025 5:47:13 PM
 Blitz 10/5 

Pairing 3/6 :    C0BR4_v1.0  -  Slowmate_v1.0

PGN-File: C:\Program Files (x86)\Arena\Tournaments\Engine Battle Demo PC 20250821_2.pgn

No:  B/W 1/2     W:B       1:2           Time        Value Moves Dep 1:2       1-2-Draws
   3 B 2    1.0:0.0        0.0:3.0       5:47:28 PM     0.00    14 4.000 :0 0-3-0

--------------------------------------------------------------

Engine-Match Thursday, August 21, 2025 5:47:29 PM
 Blitz 10/5 

Pairing 4/6 :    SlowMate_v2.0  -  V7P3R_v5.0

PGN-File: C:\Program Files (x86)\Arena\Tournaments\Engine Battle Demo PC 20250821_2.pgn

No:  B/W 1/2     W:B       1:2           Time        Value Moves Dep 1:2       1-2-Draws
   3 B 2    1.0:0.0        0.0:3.0       5:59:42 PM     0.00    19 0:4.053  0-3-0

--------------------------------------------------------------

Engine-Match Thursday, August 21, 2025 5:59:43 PM
 Blitz 10/5 

Pairing 5/6 :    Slowmate_v1.0  -  SlowMate_v2.0

PGN-File: C:\Program Files (x86)\Arena\Tournaments\Engine Battle Demo PC 20250821_2.pgn

No:  B/W 1/2     W:B       1:2           Time        Value Moves Dep 1:2       1-2-Draws
   3 = =    1.0:1.0        2.0:1.0       6:02:41 PM     0.00    11 0:0 1-0-2

--------------------------------------------------------------

Engine-Match Thursday, August 21, 2025 6:02:42 PM
 Blitz 10/5 

Pairing 6/6 :    V7P3R_v5.0  -  C0BR4_v1.0

PGN-File: C:\Program Files (x86)\Arena\Tournaments\Engine Battle Demo PC 20250821_2.pgn

No:  B/W 1/2     W:B       1:2           Time        Value Moves Dep 1:2       1-2-Draws
   3 B 2    1.0:0.0        0.0:3.0       6:05:42 PM   -23.19    10 4.200 :4.000  0-3-0

--------------------------------------------------------------

Engine-Match Thursday, August 21, 2025 6:05:43 PM
 Blitz 10/5 

Pairing 1/6 :    Slowmate_v1.0  -  V7P3R_v5.0

PGN-File: C:\Program Files (x86)\Arena\Tournaments\Engine Battle Demo PC 20250821_2.pgn

No:  B/W 1/2     W:B       1:2           Time        Value Moves Dep 1:2       1-2-Draws
   4 B 1    1.0:0.0        4.0:0.0       6:09:57 PM   -39.04    26 0:3.192  4-0-0

--------------------------------------------------------------

Engine-Match Thursday, August 21, 2025 6:09:59 PM
 Blitz 10/5 

Pairing 2/6 :    C0BR4_v1.0  -  SlowMate_v2.0

PGN-File: C:\Program Files (x86)\Arena\Tournaments\Engine Battle Demo PC 20250821_2.pgn

No:  B/W 1/2     W:B       1:2           Time        Value Moves Dep 1:2       1-2-Draws
   4 B 1    2.0:1.0        3.0:1.0       6:12:18 PM  -299.99     8 4.000 :0 2-0-2

--------------------------------------------------------------

Engine-Match Thursday, August 21, 2025 6:12:25 PM
 Blitz 10/5 

Pairing 3/6 :    C0BR4_v1.0  -  Slowmate_v1.0

PGN-File: C:\Program Files (x86)\Arena\Tournaments\Engine Battle Demo PC 20250821_2.pgn

No:  B/W 1/2     W:B       1:2           Time        Value Moves Dep 1:2       1-2-Draws
   4 W 2    1.0:0.0        0.0:4.0       6:13:15 PM     0.00    28 4.000 :0 0-4-0

--------------------------------------------------------------

Engine-Match Thursday, August 21, 2025 6:13:17 PM
 Blitz 10/5 

Pairing 4/6 :    SlowMate_v2.0  -  V7P3R_v5.0

PGN-File: C:\Program Files (x86)\Arena\Tournaments\Engine Battle Demo PC 20250821_2.pgn

No:  B/W 1/2     W:B       1:2           Time        Value Moves Dep 1:2       1-2-Draws
   4 W 2    1.0:0.0        0.0:4.0       6:25:24 PM     0.00    18 0:3.889  0-4-0

--------------------------------------------------------------

Engine-Match Thursday, August 21, 2025 6:25:26 PM
 Blitz 10/5 

Pairing 5/6 :    Slowmate_v1.0  -  SlowMate_v2.0

PGN-File: C:\Program Files (x86)\Arena\Tournaments\Engine Battle Demo PC 20250821_2.pgn

No:  B/W 1/2     W:B       1:2           Time        Value Moves Dep 1:2       1-2-Draws
   4 B 1    2.0:1.0        3.0:1.0       6:27:40 PM     0.00     8 0:0 2-0-2

--------------------------------------------------------------

Engine-Match Thursday, August 21, 2025 6:27:41 PM
 Blitz 10/5 

Pairing 6/6 :    V7P3R_v5.0  -  C0BR4_v1.0

PGN-File: C:\Program Files (x86)\Arena\Tournaments\Engine Battle Demo PC 20250821_2.pgn

No:  B/W 1/2     W:B       1:2           Time        Value Moves Dep 1:2       1-2-Draws
   4 W 2    1.0:0.0        0.0:4.0       6:33:39 PM   +10.79    24 4.125 :4.000  0-4-0

--------------------------------------------------------------

Engine-Match Thursday, August 21, 2025 6:33:41 PM
 Blitz 10/5 

Pairing 1/6 :    Slowmate_v1.0  -  V7P3R_v5.0

PGN-File: C:\Program Files (x86)\Arena\Tournaments\Engine Battle Demo PC 20250821_2.pgn

No:  B/W 1/2     W:B       1:2           Time        Value Moves Dep 1:2       1-2-Draws
   5 B 2    1.0:0.0        4.0:1.0       6:42:25 PM     0.00    32 0:4.031  4-1-0

--------------------------------------------------------------

Engine-Match Thursday, August 21, 2025 6:42:26 PM
 Blitz 10/5 

Pairing 2/6 :    C0BR4_v1.0  -  SlowMate_v2.0

PGN-File: C:\Program Files (x86)\Arena\Tournaments\Engine Battle Demo PC 20250821_2.pgn

No:  B/W 1/2     W:B       1:2           Time        Value Moves Dep 1:2       1-2-Draws
   5 = =    1.5:1.5        3.5:1.5       6:44:28 PM    +0.25     8 4.000 :0 2-0-3

--------------------------------------------------------------

Engine-Match Thursday, August 21, 2025 6:44:29 PM
 Blitz 10/5 

Pairing 3/6 :    C0BR4_v1.0  -  Slowmate_v1.0

PGN-File: C:\Program Files (x86)\Arena\Tournaments\Engine Battle Demo PC 20250821_2.pgn

No:  B/W 1/2     W:B       1:2           Time        Value Moves Dep 1:2       1-2-Draws
   5 B 2    1.0:0.0        0.0:5.0       6:44:44 PM     0.00    14 4.000 :0 0-5-0

--------------------------------------------------------------

Engine-Match Thursday, August 21, 2025 6:44:46 PM
 Blitz 10/5 

Pairing 4/6 :    SlowMate_v2.0  -  V7P3R_v5.0

PGN-File: C:\Program Files (x86)\Arena\Tournaments\Engine Battle Demo PC 20250821_2.pgn

No:  B/W 1/2     W:B       1:2           Time        Value Moves Dep 1:2       1-2-Draws
   5 B 2    1.0:0.0        0.0:5.0       6:56:59 PM     0.00    19 0:4.053  0-5-0

--------------------------------------------------------------

Engine-Match Thursday, August 21, 2025 6:57:00 PM
 Blitz 10/5 

Pairing 5/6 :    Slowmate_v1.0  -  SlowMate_v2.0

PGN-File: C:\Program Files (x86)\Arena\Tournaments\Engine Battle Demo PC 20250821_2.pgn

No:  B/W 1/2     W:B       1:2           Time        Value Moves Dep 1:2       1-2-Draws
   5 = =    1.5:1.5        3.5:1.5       6:59:58 PM     0.00    11 0:0 2-0-3

--------------------------------------------------------------

Engine-Match Thursday, August 21, 2025 6:59:59 PM
 Blitz 10/5 

Pairing 6/6 :    V7P3R_v5.0  -  C0BR4_v1.0

PGN-File: C:\Program Files (x86)\Arena\Tournaments\Engine Battle Demo PC 20250821_2.pgn

No:  B/W 1/2     W:B       1:2           Time        Value Moves Dep 1:2       1-2-Draws
   5 B 2    1.0:0.0        0.0:5.0       7:02:59 PM   -23.19    10 4.200 :4.000  0-5-0

--------------------------------------------------------------

Engine-Match Thursday, August 21, 2025 7:03:00 PM
 Blitz 10/5 

Pairing 1/6 :    Slowmate_v1.0  -  V7P3R_v5.0

PGN-File: C:\Program Files (x86)\Arena\Tournaments\Engine Battle Demo PC 20250821_2.pgn

No:  B/W 1/2     W:B       1:2           Time        Value Moves Dep 1:2       1-2-Draws
   6 B 1    1.0:0.0        5.0:1.0       7:07:15 PM   -39.04    26 0:3.192  5-1-0

--------------------------------------------------------------

Engine-Match Thursday, August 21, 2025 7:07:16 PM
 Blitz 10/5 

Pairing 2/6 :    C0BR4_v1.0  -  SlowMate_v2.0

PGN-File: C:\Program Files (x86)\Arena\Tournaments\Engine Battle Demo PC 20250821_2.pgn

No:  B/W 1/2     W:B       1:2           Time        Value Moves Dep 1:2       1-2-Draws
   6 B 1    2.5:1.5        4.5:1.5       7:09:36 PM  -299.99     8 4.000 :0 3-0-3

--------------------------------------------------------------

Engine-Match Thursday, August 21, 2025 7:09:37 PM
 Blitz 10/5 

Pairing 3/6 :    C0BR4_v1.0  -  Slowmate_v1.0

PGN-File: C:\Program Files (x86)\Arena\Tournaments\Engine Battle Demo PC 20250821_2.pgn

No:  B/W 1/2     W:B       1:2           Time        Value Moves Dep 1:2       1-2-Draws
   6 W 2    1.0:0.0        0.0:6.0       7:10:28 PM     0.00    28 4.000 :0 0-6-0

--------------------------------------------------------------

Engine-Match Thursday, August 21, 2025 7:10:29 PM
 Blitz 10/5 

Pairing 4/6 :    SlowMate_v2.0  -  V7P3R_v5.0

PGN-File: C:\Program Files (x86)\Arena\Tournaments\Engine Battle Demo PC 20250821_2.pgn

No:  B/W 1/2     W:B       1:2           Time        Value Moves Dep 1:2       1-2-Draws
   6 W 2    1.0:0.0        0.0:6.0       7:22:37 PM     0.00    18 0:3.889  0-6-0

--------------------------------------------------------------

Engine-Match Thursday, August 21, 2025 7:22:38 PM
 Blitz 10/5 

Pairing 5/6 :    Slowmate_v1.0  -  SlowMate_v2.0

PGN-File: C:\Program Files (x86)\Arena\Tournaments\Engine Battle Demo PC 20250821_2.pgn

No:  B/W 1/2     W:B       1:2           Time        Value Moves Dep 1:2       1-2-Draws
   6 B 1    2.5:1.5        4.5:1.5       7:24:52 PM     0.00     8 0:0 3-0-3

--------------------------------------------------------------

Engine-Match Thursday, August 21, 2025 7:24:54 PM
 Blitz 10/5 

Pairing 6/6 :    V7P3R_v5.0  -  C0BR4_v1.0

PGN-File: C:\Program Files (x86)\Arena\Tournaments\Engine Battle Demo PC 20250821_2.pgn

No:  B/W 1/2     W:B       1:2           Time        Value Moves Dep 1:2       1-2-Draws
   6 W 2    1.0:0.0        0.0:6.0       7:29:38 PM   +11.69    15 4.200 :4.000  0-6-0

--------------------------------------------------------------

Engine-Match Thursday, August 21, 2025 7:29:39 PM
 Blitz 10/5 

Pairing 1/6 :    Slowmate_v1.0  -  V7P3R_v5.0

PGN-File: C:\Program Files (x86)\Arena\Tournaments\Engine Battle Demo PC 20250821_2.pgn

No:  B/W 1/2     W:B       1:2           Time        Value Moves Dep 1:2       1-2-Draws
   7 W 1    1.0:0.0        6.0:1.0       7:37:34 PM   +45.34    27 0:4.043  6-1-0

--------------------------------------------------------------

Engine-Match Thursday, August 21, 2025 7:37:36 PM
 Blitz 10/5 

Pairing 2/6 :    C0BR4_v1.0  -  SlowMate_v2.0

PGN-File: C:\Program Files (x86)\Arena\Tournaments\Engine Battle Demo PC 20250821_2.pgn

No:  B/W 1/2     W:B       1:2           Time        Value Moves Dep 1:2       1-2-Draws
   7 = =    2.0:2.0        5.0:2.0       7:39:37 PM    +0.25     8 4.000 :0 3-0-4

--------------------------------------------------------------

Engine-Match Thursday, August 21, 2025 7:39:38 PM
 Blitz 10/5 

Pairing 3/6 :    C0BR4_v1.0  -  Slowmate_v1.0

PGN-File: C:\Program Files (x86)\Arena\Tournaments\Engine Battle Demo PC 20250821_2.pgn

No:  B/W 1/2     W:B       1:2           Time        Value Moves Dep 1:2       1-2-Draws
   7 B 2    1.0:0.0        0.0:7.0       7:39:53 PM     0.00    14 4.000 :0 0-7-0

--------------------------------------------------------------

Engine-Match Thursday, August 21, 2025 7:39:55 PM
 Blitz 10/5 

Pairing 4/6 :    SlowMate_v2.0  -  V7P3R_v5.0

PGN-File: C:\Program Files (x86)\Arena\Tournaments\Engine Battle Demo PC 20250821_2.pgn

No:  B/W 1/2     W:B       1:2           Time        Value Moves Dep 1:2       1-2-Draws
   7 B 2    1.0:0.0        0.0:7.0       7:52:08 PM     0.00    19 0:4.053  0-7-0

--------------------------------------------------------------

Engine-Match Thursday, August 21, 2025 7:52:14 PM
 Blitz 10/5 

Pairing 5/6 :    Slowmate_v1.0  -  SlowMate_v2.0

PGN-File: C:\Program Files (x86)\Arena\Tournaments\Engine Battle Demo PC 20250821_2.pgn

No:  B/W 1/2     W:B       1:2           Time        Value Moves Dep 1:2       1-2-Draws
   7 = =    2.0:2.0        5.0:2.0       7:55:11 PM     0.00    11 0:0 3-0-4

--------------------------------------------------------------

Engine-Match Thursday, August 21, 2025 7:55:13 PM
 Blitz 10/5 

Pairing 6/6 :    V7P3R_v5.0  -  C0BR4_v1.0

PGN-File: C:\Program Files (x86)\Arena\Tournaments\Engine Battle Demo PC 20250821_2.pgn

No:  B/W 1/2     W:B       1:2           Time        Value Moves Dep 1:2       1-2-Draws
   7 B 2    1.0:0.0        0.0:7.0       7:58:12 PM   -23.19    10 4.200 :4.000  0-7-0

--------------------------------------------------------------

Engine-Match Thursday, August 21, 2025 7:58:14 PM
 Blitz 10/5 

Pairing 1/6 :    Slowmate_v1.0  -  V7P3R_v5.0

PGN-File: C:\Program Files (x86)\Arena\Tournaments\Engine Battle Demo PC 20250821_2.pgn

No:  B/W 1/2     W:B       1:2           Time        Value Moves Dep 1:2       1-2-Draws
   8 B 1    1.0:0.0        7.0:1.0       8:02:28 PM   -39.04    26 0:3.192  7-1-0

--------------------------------------------------------------

Engine-Match Thursday, August 21, 2025 8:02:29 PM
 Blitz 10/5 

Pairing 2/6 :    C0BR4_v1.0  -  SlowMate_v2.0

PGN-File: C:\Program Files (x86)\Arena\Tournaments\Engine Battle Demo PC 20250821_2.pgn

No:  B/W 1/2     W:B       1:2           Time        Value Moves Dep 1:2       1-2-Draws
   8 B 1    3.0:2.0        6.0:2.0       8:04:49 PM  -299.99     8 4.000 :0 4-0-4

--------------------------------------------------------------

Engine-Match Thursday, August 21, 2025 8:04:50 PM
 Blitz 10/5 

Pairing 3/6 :    C0BR4_v1.0  -  Slowmate_v1.0

PGN-File: C:\Program Files (x86)\Arena\Tournaments\Engine Battle Demo PC 20250821_2.pgn

No:  B/W 1/2     W:B       1:2           Time        Value Moves Dep 1:2       1-2-Draws
   8 W 2    1.0:0.0        0.0:8.0       8:05:40 PM     0.00    28 4.000 :0 0-8-0

--------------------------------------------------------------

Engine-Match Thursday, August 21, 2025 8:05:42 PM
 Blitz 10/5 

Pairing 4/6 :    SlowMate_v2.0  -  V7P3R_v5.0

PGN-File: C:\Program Files (x86)\Arena\Tournaments\Engine Battle Demo PC 20250821_2.pgn

No:  B/W 1/2     W:B       1:2           Time        Value Moves Dep 1:2       1-2-Draws
   8 W 2    1.0:0.0        0.0:8.0       8:17:49 PM     0.00    18 0:3.889  0-8-0

--------------------------------------------------------------

Engine-Match Thursday, August 21, 2025 8:17:51 PM
 Blitz 10/5 

Pairing 5/6 :    Slowmate_v1.0  -  SlowMate_v2.0

PGN-File: C:\Program Files (x86)\Arena\Tournaments\Engine Battle Demo PC 20250821_2.pgn

No:  B/W 1/2     W:B       1:2           Time        Value Moves Dep 1:2       1-2-Draws
   8 B 1    3.0:2.0        6.0:2.0       8:20:05 PM     0.00     8 0:0 4-0-4

--------------------------------------------------------------

Engine-Match Thursday, August 21, 2025 8:20:06 PM
 Blitz 10/5 

Pairing 6/6 :    V7P3R_v5.0  -  C0BR4_v1.0

PGN-File: C:\Program Files (x86)\Arena\Tournaments\Engine Battle Demo PC 20250821_2.pgn

No:  B/W 1/2     W:B       1:2           Time        Value Moves Dep 1:2       1-2-Draws
   8 W 2    1.0:0.0        0.0:8.0       8:24:50 PM   +11.69    15 4.200 :4.000  0-8-0

--------------------------------------------------------------

Engine-Match Thursday, August 21, 2025 8:24:52 PM
 Blitz 10/5 

Pairing 1/6 :    Slowmate_v1.0  -  V7P3R_v5.0

PGN-File: C:\Program Files (x86)\Arena\Tournaments\Engine Battle Demo PC 20250821_2.pgn

No:  B/W 1/2     W:B       1:2           Time        Value Moves Dep 1:2       1-2-Draws
   9 B 2    1.0:0.0        7.0:2.0       8:33:36 PM     0.00    32 0:4.031  7-2-0

--------------------------------------------------------------

Engine-Match Thursday, August 21, 2025 8:33:37 PM
 Blitz 10/5 

Pairing 2/6 :    C0BR4_v1.0  -  SlowMate_v2.0

PGN-File: C:\Program Files (x86)\Arena\Tournaments\Engine Battle Demo PC 20250821_2.pgn

No:  B/W 1/2     W:B       1:2           Time        Value Moves Dep 1:2       1-2-Draws
   9 = =    2.5:2.5        6.5:2.5       8:35:39 PM    +0.25     8 4.000 :0 4-0-5

--------------------------------------------------------------

Engine-Match Thursday, August 21, 2025 8:35:40 PM
 Blitz 10/5 

Pairing 3/6 :    C0BR4_v1.0  -  Slowmate_v1.0

PGN-File: C:\Program Files (x86)\Arena\Tournaments\Engine Battle Demo PC 20250821_2.pgn

No:  B/W 1/2     W:B       1:2           Time        Value Moves Dep 1:2       1-2-Draws
   9 B 2    1.0:0.0        0.0:9.0       8:35:55 PM     0.00    14 4.000 :0 0-9-0

--------------------------------------------------------------

Engine-Match Thursday, August 21, 2025 8:35:57 PM
 Blitz 10/5 

Pairing 4/6 :    SlowMate_v2.0  -  V7P3R_v5.0

PGN-File: C:\Program Files (x86)\Arena\Tournaments\Engine Battle Demo PC 20250821_2.pgn

No:  B/W 1/2     W:B       1:2           Time        Value Moves Dep 1:2       1-2-Draws
   9 B 2    1.0:0.0        0.0:9.0       8:48:10 PM     0.00    19 0:4.053  0-9-0

--------------------------------------------------------------

Engine-Match Thursday, August 21, 2025 8:48:11 PM
 Blitz 10/5 

Pairing 5/6 :    Slowmate_v1.0  -  SlowMate_v2.0

PGN-File: C:\Program Files (x86)\Arena\Tournaments\Engine Battle Demo PC 20250821_2.pgn

No:  B/W 1/2     W:B       1:2           Time        Value Moves Dep 1:2       1-2-Draws
   9 = =    2.5:2.5        6.5:2.5       8:51:09 PM     0.00    11 0:0 4-0-5

--------------------------------------------------------------

Engine-Match Thursday, August 21, 2025 8:51:10 PM
 Blitz 10/5 

Pairing 6/6 :    V7P3R_v5.0  -  C0BR4_v1.0

PGN-File: C:\Program Files (x86)\Arena\Tournaments\Engine Battle Demo PC 20250821_2.pgn

No:  B/W 1/2     W:B       1:2           Time        Value Moves Dep 1:2       1-2-Draws
   9 B 2    1.0:0.0        0.0:9.0       8:54:10 PM   -23.19    10 4.200 :4.000  0-9-0

--------------------------------------------------------------

Engine-Match Thursday, August 21, 2025 8:54:11 PM
 Blitz 10/5 

Pairing 1/6 :    Slowmate_v1.0  -  V7P3R_v5.0

PGN-File: C:\Program Files (x86)\Arena\Tournaments\Engine Battle Demo PC 20250821_2.pgn

No:  B/W 1/2     W:B       1:2           Time        Value Moves Dep 1:2       1-2-Draws
  10 B 1    1.0:0.0        8.0:2.0       8:58:25 PM   -39.04    26 0:3.192  8-2-0

--------------------------------------------------------------

Engine-Match Thursday, August 21, 2025 8:58:26 PM
 Blitz 10/5 

Pairing 2/6 :    C0BR4_v1.0  -  SlowMate_v2.0

PGN-File: C:\Program Files (x86)\Arena\Tournaments\Engine Battle Demo PC 20250821_2.pgn

No:  B/W 1/2     W:B       1:2           Time        Value Moves Dep 1:2       1-2-Draws
  10 B 1    3.5:2.5        7.5:2.5       9:00:46 PM  -299.99     8 4.000 :0 5-0-5

--------------------------------------------------------------

Engine-Match Thursday, August 21, 2025 9:00:47 PM
 Blitz 10/5 

Pairing 3/6 :    C0BR4_v1.0  -  Slowmate_v1.0

PGN-File: C:\Program Files (x86)\Arena\Tournaments\Engine Battle Demo PC 20250821_2.pgn

No:  B/W 1/2     W:B       1:2           Time        Value Moves Dep 1:2       1-2-Draws
  10 W 2    1.0:0.0        0.0:10.0      9:01:38 PM     0.00    28 4.000 :0 0-10-0

--------------------------------------------------------------

Engine-Match Thursday, August 21, 2025 9:01:39 PM
 Blitz 10/5 

Pairing 4/6 :    SlowMate_v2.0  -  V7P3R_v5.0

PGN-File: C:\Program Files (x86)\Arena\Tournaments\Engine Battle Demo PC 20250821_2.pgn

No:  B/W 1/2     W:B       1:2           Time        Value Moves Dep 1:2       1-2-Draws
  10 W 2    1.0:0.0        0.0:10.0      9:13:47 PM     0.00    18 0:3.889  0-10-0

--------------------------------------------------------------

Engine-Match Thursday, August 21, 2025 9:13:48 PM
 Blitz 10/5 

Pairing 5/6 :    Slowmate_v1.0  -  SlowMate_v2.0

PGN-File: C:\Program Files (x86)\Arena\Tournaments\Engine Battle Demo PC 20250821_2.pgn

No:  B/W 1/2     W:B       1:2           Time        Value Moves Dep 1:2       1-2-Draws
  10 B 1    3.5:2.5        7.5:2.5       9:16:02 PM     0.00     8 0:0 5-0-5

--------------------------------------------------------------

Engine-Match Thursday, August 21, 2025 9:16:04 PM
 Blitz 10/5 

Pairing 6/6 :    V7P3R_v5.0  -  C0BR4_v1.0

PGN-File: C:\Program Files (x86)\Arena\Tournaments\Engine Battle Demo PC 20250821_2.pgn

No:  B/W 1/2     W:B       1:2           Time        Value Moves Dep 1:2       1-2-Draws
  10 W 2    1.0:0.0        0.0:10.0      9:20:48 PM   +11.69    15 4.200 :4.000  0-10-0
