Engine-Match Thursday, August 21, 2025 10:10:02 AM
 Blitz 5/5 

Pairing 1/6 :    V7P3R_v5.0  -  Stockfish 1%

PGN-File: C:\Program Files (x86)\Arena\Tournaments\Engine Battle 20250821_2.pgn

No:  B/W 1/2     W:B       1:2           Time        Value Moves Dep 1:2       1-2-Draws
   1 B 2    1.0:0.0        0.0:1.0       10:12:41 AM   -81.60    14 4.000 :16.615  0-1-0

--------------------------------------------------------------

Engine-Match Thursday, August 21, 2025 10:12:43 AM
 Blitz 5/5 

Pairing 2/6 :    Random_Opponent  -  Slowmate_v1.0

PGN-File: C:\Program Files (x86)\Arena\Tournaments\Engine Battle 20250821_2.pgn

No:  B/W 1/2     W:B       1:2           Time        Value Moves Dep 1:2       1-2-Draws
   1 B 2    1.0:0.0        0.0:1.0       10:13:00 AM     0.00    22 0:0 0-1-0

--------------------------------------------------------------

Engine-Match Thursday, August 21, 2025 10:13:01 AM
 Blitz 5/5 

Pairing 3/6 :    Random_Opponent  -  V7P3R_v5.0

PGN-File: C:\Program Files (x86)\Arena\Tournaments\Engine Battle 20250821_2.pgn

No:  B/W 1/2     W:B       1:2           Time        Value Moves Dep 1:2       1-2-Draws
   1 B 2    1.0:0.0        0.0:1.0       10:17:52 AM     0.00    27 0:4.037  0-1-0

--------------------------------------------------------------

Engine-Match Thursday, August 21, 2025 10:17:53 AM
 Blitz 5/5 

Pairing 4/6 :    Slowmate_v1.0  -  Stockfish 1%

PGN-File: C:\Program Files (x86)\Arena\Tournaments\Engine Battle 20250821_2.pgn

No:  B/W 1/2     W:B       1:2           Time        Value Moves Dep 1:2       1-2-Draws
   1 B 2    1.0:0.0        0.0:1.0       10:18:59 AM      -M1    57 0:16.563  0-1-0

--------------------------------------------------------------

Engine-Match Thursday, August 21, 2025 10:19:00 AM
 Blitz 5/5 

Pairing 5/6 :    V7P3R_v5.0  -  Slowmate_v1.0

PGN-File: C:\Program Files (x86)\Arena\Tournaments\Engine Battle 20250821_2.pgn

No:  B/W 1/2     W:B       1:2           Time        Value Moves Dep 1:2       1-2-Draws
   1 B 2    1.0:0.0        0.0:1.0       10:25:23 AM   -15.50    61 3.227 :0 0-1-0

--------------------------------------------------------------

Engine-Match Thursday, August 21, 2025 10:25:25 AM
 Blitz 5/5 

Pairing 6/6 :    Stockfish 1%  -  Random_Opponent

PGN-File: C:\Program Files (x86)\Arena\Tournaments\Engine Battle 20250821_2.pgn

No:  B/W 1/2     W:B       1:2           Time        Value Moves Dep 1:2       1-2-Draws
   1 W 1    1.0:0.0        1.0:0.0       10:25:36 AM      +M1    17 16.357 :0 1-0-0

--------------------------------------------------------------

Engine-Match Thursday, August 21, 2025 10:25:37 AM
 Blitz 5/5 

Pairing 1/6 :    V7P3R_v5.0  -  Stockfish 1%

PGN-File: C:\Program Files (x86)\Arena\Tournaments\Engine Battle 20250821_2.pgn

No:  B/W 1/2     W:B       1:2           Time        Value Moves Dep 1:2       1-2-Draws
   2 W 2    1.0:0.0        0.0:2.0       10:27:17 AM   +49.59    10 4.000 :15.800  0-2-0

--------------------------------------------------------------

Engine-Match Thursday, August 21, 2025 10:27:19 AM
 Blitz 5/5 

Pairing 2/6 :    Random_Opponent  -  Slowmate_v1.0

PGN-File: C:\Program Files (x86)\Arena\Tournaments\Engine Battle 20250821_2.pgn

No:  B/W 1/2     W:B       1:2           Time        Value Moves Dep 1:2       1-2-Draws
   2 W 2    1.0:0.0        0.0:2.0       10:27:35 AM     0.00    22 0:0 0-2-0

--------------------------------------------------------------

Engine-Match Thursday, August 21, 2025 10:27:36 AM
 Blitz 5/5 

Pairing 3/6 :    Random_Opponent  -  V7P3R_v5.0

PGN-File: C:\Program Files (x86)\Arena\Tournaments\Engine Battle 20250821_2.pgn

No:  B/W 1/2     W:B       1:2           Time        Value Moves Dep 1:2       1-2-Draws
   2 W 2    1.0:0.0        0.0:2.0       10:31:18 AM     0.00    20 0:4.100  0-2-0

--------------------------------------------------------------

Engine-Match Thursday, August 21, 2025 10:31:19 AM
 Blitz 5/5 

Pairing 4/6 :    Slowmate_v1.0  -  Stockfish 1%

PGN-File: C:\Program Files (x86)\Arena\Tournaments\Engine Battle 20250821_2.pgn

No:  B/W 1/2     W:B       1:2           Time        Value Moves Dep 1:2       1-2-Draws
   2 W 2    1.0:0.0        0.0:2.0       10:32:24 AM      +M1    51 0:16.529  0-2-0

--------------------------------------------------------------

Engine-Match Thursday, August 21, 2025 10:32:26 AM
 Blitz 5/5 

Pairing 5/6 :    V7P3R_v5.0  -  Slowmate_v1.0

PGN-File: C:\Program Files (x86)\Arena\Tournaments\Engine Battle 20250821_2.pgn

No:  B/W 1/2     W:B       1:2           Time        Value Moves Dep 1:2       1-2-Draws
   2 W 2    1.0:0.0        0.0:2.0       10:37:37 AM   +31.14    29 4.034 :0 0-2-0

--------------------------------------------------------------

Engine-Match Thursday, August 21, 2025 10:37:39 AM
 Blitz 5/5 

Pairing 6/6 :    Stockfish 1%  -  Random_Opponent

PGN-File: C:\Program Files (x86)\Arena\Tournaments\Engine Battle 20250821_2.pgn

No:  B/W 1/2     W:B       1:2           Time        Value Moves Dep 1:2       1-2-Draws
   2 B 1    1.0:0.0        2.0:0.0       10:37:50 AM      -M1    17 17.308 :0 2-0-0

--------------------------------------------------------------

Engine-Match Thursday, August 21, 2025 10:37:52 AM
 Blitz 5/5 

Pairing 1/6 :    V7P3R_v5.0  -  Stockfish 1%

PGN-File: C:\Program Files (x86)\Arena\Tournaments\Engine Battle 20250821_2.pgn

No:  B/W 1/2     W:B       1:2           Time        Value Moves Dep 1:2       1-2-Draws
   3 B 2    1.0:0.0        0.0:3.0       10:39:51 AM   -35.84    11 4.182 :17.100  0-3-0

--------------------------------------------------------------

Engine-Match Thursday, August 21, 2025 10:39:53 AM
 Blitz 5/5 

Pairing 2/6 :    Random_Opponent  -  Slowmate_v1.0

PGN-File: C:\Program Files (x86)\Arena\Tournaments\Engine Battle 20250821_2.pgn

No:  B/W 1/2     W:B       1:2           Time        Value Moves Dep 1:2       1-2-Draws
   3 B 2    1.0:0.0        0.0:3.0       10:40:18 AM     0.00    32 0:0 0-3-0

--------------------------------------------------------------

Engine-Match Thursday, August 21, 2025 10:40:19 AM
 Blitz 5/5 

Pairing 3/6 :    Random_Opponent  -  V7P3R_v5.0

PGN-File: C:\Program Files (x86)\Arena\Tournaments\Engine Battle 20250821_2.pgn

No:  B/W 1/2     W:B       1:2           Time        Value Moves Dep 1:2       1-2-Draws
   3 B 2    1.0:0.0        0.0:3.0       10:45:16 AM     0.00    29 0:4.069  0-3-0

--------------------------------------------------------------

Engine-Match Thursday, August 21, 2025 10:45:17 AM
 Blitz 5/5 

Pairing 4/6 :    Slowmate_v1.0  -  Stockfish 1%

PGN-File: C:\Program Files (x86)\Arena\Tournaments\Engine Battle 20250821_2.pgn

No:  B/W 1/2     W:B       1:2           Time        Value Moves Dep 1:2       1-2-Draws
   3 B 2    1.0:0.0        0.0:3.0       10:46:18 AM      -M1    44 0:16.733  0-3-0

--------------------------------------------------------------

Engine-Match Thursday, August 21, 2025 10:46:19 AM
 Blitz 5/5 

Pairing 5/6 :    V7P3R_v5.0  -  Slowmate_v1.0

PGN-File: C:\Program Files (x86)\Arena\Tournaments\Engine Battle 20250821_2.pgn

No:  B/W 1/2     W:B       1:2           Time        Value Moves Dep 1:2       1-2-Draws
   3 B 2    1.0:0.0        0.0:3.0       10:53:01 AM   -15.50    61 3.227 :0 0-3-0

--------------------------------------------------------------

Engine-Match Thursday, August 21, 2025 10:53:02 AM
 Blitz 5/5 

Pairing 6/6 :    Stockfish 1%  -  Random_Opponent

PGN-File: C:\Program Files (x86)\Arena\Tournaments\Engine Battle 20250821_2.pgn

No:  B/W 1/2     W:B       1:2           Time        Value Moves Dep 1:2       1-2-Draws
   3 W 1    1.0:0.0        3.0:0.0       10:53:13 AM      +M1    16 17.071 :0 3-0-0

--------------------------------------------------------------

Engine-Match Thursday, August 21, 2025 10:53:15 AM
 Blitz 5/5 

Pairing 1/6 :    V7P3R_v5.0  -  Stockfish 1%

PGN-File: C:\Program Files (x86)\Arena\Tournaments\Engine Battle 20250821_2.pgn

No:  B/W 1/2     W:B       1:2           Time        Value Moves Dep 1:2       1-2-Draws
   4 W 2    1.0:0.0        0.0:4.0       10:55:32 AM   +14.94    15 3.600 :17.143  0-4-0

--------------------------------------------------------------

Engine-Match Thursday, August 21, 2025 10:55:33 AM
 Blitz 5/5 

Pairing 2/6 :    Random_Opponent  -  Slowmate_v1.0

PGN-File: C:\Program Files (x86)\Arena\Tournaments\Engine Battle 20250821_2.pgn

No:  B/W 1/2     W:B       1:2           Time        Value Moves Dep 1:2       1-2-Draws
   4 W 2    1.0:0.0        0.0:4.0       10:55:51 AM     0.00    21 0:0 0-4-0

--------------------------------------------------------------

Engine-Match Thursday, August 21, 2025 10:55:58 AM
 Blitz 5/5 

Pairing 3/6 :    Random_Opponent  -  V7P3R_v5.0

PGN-File: C:\Program Files (x86)\Arena\Tournaments\Engine Battle 20250821_2.pgn

No:  B/W 1/2     W:B       1:2           Time        Value Moves Dep 1:2       1-2-Draws
   4 W 2    1.0:0.0        0.0:4.0       10:59:29 AM     0.00    19 0:3.842  0-4-0

--------------------------------------------------------------

Engine-Match Thursday, August 21, 2025 10:59:30 AM
 Blitz 5/5 

Pairing 4/6 :    Slowmate_v1.0  -  Stockfish 1%

PGN-File: C:\Program Files (x86)\Arena\Tournaments\Engine Battle 20250821_2.pgn

No:  B/W 1/2     W:B       1:2           Time        Value Moves Dep 1:2       1-2-Draws
   4 W 2    1.0:0.0        0.0:4.0       11:00:26 AM      +M1    45 0:16.409  0-4-0

--------------------------------------------------------------

Engine-Match Thursday, August 21, 2025 11:00:28 AM
 Blitz 5/5 

Pairing 5/6 :    V7P3R_v5.0  -  Slowmate_v1.0

PGN-File: C:\Program Files (x86)\Arena\Tournaments\Engine Battle 20250821_2.pgn

No:  B/W 1/2     W:B       1:2           Time        Value Moves Dep 1:2       1-2-Draws
   4 W 2    1.0:0.0        0.0:4.0       11:07:03 AM     0.00    40 4.033 :0 0-4-0

--------------------------------------------------------------

Engine-Match Thursday, August 21, 2025 11:07:04 AM
 Blitz 5/5 

Pairing 6/6 :    Stockfish 1%  -  Random_Opponent

PGN-File: C:\Program Files (x86)\Arena\Tournaments\Engine Battle 20250821_2.pgn

No:  B/W 1/2     W:B       1:2           Time        Value Moves Dep 1:2       1-2-Draws
   4 B 1    1.0:0.0        4.0:0.0       11:07:12 AM      -M1     7 26.857 :0 4-0-0

--------------------------------------------------------------

Engine-Match Thursday, August 21, 2025 11:07:13 AM
 Blitz 5/5 

Pairing 1/6 :    V7P3R_v5.0  -  Stockfish 1%

PGN-File: C:\Program Files (x86)\Arena\Tournaments\Engine Battle 20250821_2.pgn

No:  B/W 1/2     W:B       1:2           Time        Value Moves Dep 1:2       1-2-Draws
   5 B 2    1.0:0.0        0.0:5.0       11:10:04 AM      -M1    17 4.059 :18.625  0-5-0

--------------------------------------------------------------

Engine-Match Thursday, August 21, 2025 11:10:05 AM
 Blitz 5/5 

Pairing 2/6 :    Random_Opponent  -  Slowmate_v1.0

PGN-File: C:\Program Files (x86)\Arena\Tournaments\Engine Battle 20250821_2.pgn

No:  B/W 1/2     W:B       1:2           Time        Value Moves Dep 1:2       1-2-Draws
   5 B 2    1.0:0.0        0.0:5.0       11:10:20 AM     0.00    13 0:0 0-5-0

--------------------------------------------------------------

Engine-Match Thursday, August 21, 2025 11:10:22 AM
 Blitz 5/5 

Pairing 3/6 :    Random_Opponent  -  V7P3R_v5.0

PGN-File: C:\Program Files (x86)\Arena\Tournaments\Engine Battle 20250821_2.pgn

No:  B/W 1/2     W:B       1:2           Time        Value Moves Dep 1:2       1-2-Draws
   5 B 2    1.0:0.0        0.0:5.0       11:14:21 AM     0.00    26 0:3.731  0-5-0

--------------------------------------------------------------

Engine-Match Thursday, August 21, 2025 11:14:22 AM
 Blitz 5/5 

Pairing 4/6 :    Slowmate_v1.0  -  Stockfish 1%

PGN-File: C:\Program Files (x86)\Arena\Tournaments\Engine Battle 20250821_2.pgn

No:  B/W 1/2     W:B       1:2           Time        Value Moves Dep 1:2       1-2-Draws
   5 B 2    1.0:0.0        0.0:5.0       11:15:36 AM      -M1    40 0:17.182  0-5-0

--------------------------------------------------------------

Engine-Match Thursday, August 21, 2025 11:15:37 AM
 Blitz 5/5 

Pairing 5/6 :    V7P3R_v5.0  -  Slowmate_v1.0

PGN-File: C:\Program Files (x86)\Arena\Tournaments\Engine Battle 20250821_2.pgn

No:  B/W 1/2     W:B       1:2           Time        Value Moves Dep 1:2       1-2-Draws
   5 B 2    1.0:0.0        0.0:5.0       11:19:17 AM   -65.80    40 3.200 :0 0-5-0

--------------------------------------------------------------

Engine-Match Thursday, August 21, 2025 11:19:18 AM
 Blitz 5/5 

Pairing 6/6 :    Stockfish 1%  -  Random_Opponent

PGN-File: C:\Program Files (x86)\Arena\Tournaments\Engine Battle 20250821_2.pgn

No:  B/W 1/2     W:B       1:2           Time        Value Moves Dep 1:2       1-2-Draws
   5 W 1    1.0:0.0        5.0:0.0       11:19:29 AM      +M1    15 18.571 :0 5-0-0

--------------------------------------------------------------

Engine-Match Thursday, August 21, 2025 11:19:31 AM
 Blitz 5/5 

Pairing 1/6 :    V7P3R_v5.0  -  Stockfish 1%

PGN-File: C:\Program Files (x86)\Arena\Tournaments\Engine Battle 20250821_2.pgn

No:  B/W 1/2     W:B       1:2           Time        Value Moves Dep 1:2       1-2-Draws
   6 W 2    1.0:0.0        0.0:6.0       11:21:49 AM   +82.55    12 4.000 :17.667  0-6-0

--------------------------------------------------------------

Engine-Match Thursday, August 21, 2025 11:21:50 AM
 Blitz 5/5 

Pairing 2/6 :    Random_Opponent  -  Slowmate_v1.0

PGN-File: C:\Program Files (x86)\Arena\Tournaments\Engine Battle 20250821_2.pgn

No:  B/W 1/2     W:B       1:2           Time        Value Moves Dep 1:2       1-2-Draws
   6 W 2    1.0:0.0        0.0:6.0       11:22:02 AM     0.00    13 0:0 0-6-0

--------------------------------------------------------------

Engine-Match Thursday, August 21, 2025 11:22:03 AM
 Blitz 5/5 

Pairing 3/6 :    Random_Opponent  -  V7P3R_v5.0

PGN-File: C:\Program Files (x86)\Arena\Tournaments\Engine Battle 20250821_2.pgn

No:  B/W 1/2     W:B       1:2           Time        Value Moves Dep 1:2       1-2-Draws
   6 W 2    1.0:0.0        0.0:6.0       11:25:13 AM     0.00    17 0:4.118  0-6-0

--------------------------------------------------------------

Engine-Match Thursday, August 21, 2025 11:25:14 AM
 Blitz 5/5 

Pairing 4/6 :    Slowmate_v1.0  -  Stockfish 1%

PGN-File: C:\Program Files (x86)\Arena\Tournaments\Engine Battle 20250821_2.pgn

No:  B/W 1/2     W:B       1:2           Time        Value Moves Dep 1:2       1-2-Draws
   6 W 2    1.0:0.0        0.0:6.0       11:27:08 AM      +M1    71 0:15.500  0-6-0

--------------------------------------------------------------

Engine-Match Thursday, August 21, 2025 11:27:09 AM
 Blitz 5/5 

Pairing 5/6 :    V7P3R_v5.0  -  Slowmate_v1.0

PGN-File: C:\Program Files (x86)\Arena\Tournaments\Engine Battle 20250821_2.pgn

No:  B/W 1/2     W:B       1:2           Time        Value Moves Dep 1:2       1-2-Draws
   6 W 2    1.0:0.0        0.0:6.0       11:34:11 AM   +34.04    49 4.048 :0 0-6-0

--------------------------------------------------------------

Engine-Match Thursday, August 21, 2025 11:34:12 AM
 Blitz 5/5 

Pairing 6/6 :    Stockfish 1%  -  Random_Opponent

PGN-File: C:\Program Files (x86)\Arena\Tournaments\Engine Battle 20250821_2.pgn

No:  B/W 1/2     W:B       1:2           Time        Value Moves Dep 1:2       1-2-Draws
   6 B 1    1.0:0.0        6.0:0.0       11:34:21 AM      -M1     9 23.556 :0 6-0-0

--------------------------------------------------------------

Engine-Match Thursday, August 21, 2025 11:34:22 AM
 Blitz 5/5 

Pairing 1/6 :    V7P3R_v5.0  -  Stockfish 1%

PGN-File: C:\Program Files (x86)\Arena\Tournaments\Engine Battle 20250821_2.pgn

No:  B/W 1/2     W:B       1:2           Time        Value Moves Dep 1:2       1-2-Draws
   7 B 2    1.0:0.0        0.0:7.0       11:36:22 AM   -35.84    11 4.182 :17.300  0-7-0

--------------------------------------------------------------

Engine-Match Thursday, August 21, 2025 11:36:24 AM
 Blitz 5/5 

Pairing 2/6 :    Random_Opponent  -  Slowmate_v1.0

PGN-File: C:\Program Files (x86)\Arena\Tournaments\Engine Battle 20250821_2.pgn

No:  B/W 1/2     W:B       1:2           Time        Value Moves Dep 1:2       1-2-Draws
   7 B 2    1.0:0.0        0.0:7.0       11:36:43 AM     0.00    28 0:0 0-7-0

--------------------------------------------------------------

Engine-Match Thursday, August 21, 2025 11:36:44 AM
 Blitz 5/5 

Pairing 3/6 :    Random_Opponent  -  V7P3R_v5.0

PGN-File: C:\Program Files (x86)\Arena\Tournaments\Engine Battle 20250821_2.pgn

No:  B/W 1/2     W:B       1:2           Time        Value Moves Dep 1:2       1-2-Draws
   7 B 2    1.0:0.0        0.0:7.0       11:38:28 AM     0.00    10 0:3.800  0-7-0

--------------------------------------------------------------

Engine-Match Thursday, August 21, 2025 11:38:29 AM
 Blitz 5/5 

Pairing 4/6 :    Slowmate_v1.0  -  Stockfish 1%

PGN-File: C:\Program Files (x86)\Arena\Tournaments\Engine Battle 20250821_2.pgn

No:  B/W 1/2     W:B       1:2           Time        Value Moves Dep 1:2       1-2-Draws
   7 B 2    1.0:0.0        0.0:7.0       11:38:57 AM      -M1    20 0:17.167  0-7-0

--------------------------------------------------------------

Engine-Match Thursday, August 21, 2025 11:39:03 AM
 Blitz 5/5 

Pairing 5/6 :    V7P3R_v5.0  -  Slowmate_v1.0

PGN-File: C:\Program Files (x86)\Arena\Tournaments\Engine Battle 20250821_2.pgn

No:  B/W 1/2     W:B       1:2           Time        Value Moves Dep 1:2       1-2-Draws
   7 B 2    1.0:0.0        0.0:7.0       11:45:32 AM   -15.50    61 3.227 :0 0-7-0

--------------------------------------------------------------

Engine-Match Thursday, August 21, 2025 11:45:33 AM
 Blitz 5/5 

Pairing 6/6 :    Stockfish 1%  -  Random_Opponent

PGN-File: C:\Program Files (x86)\Arena\Tournaments\Engine Battle 20250821_2.pgn

No:  B/W 1/2     W:B       1:2           Time        Value Moves Dep 1:2       1-2-Draws
   7 W 1    1.0:0.0        7.0:0.0       11:45:43 AM      +M1    12 22.000 :0 7-0-0

--------------------------------------------------------------

Engine-Match Thursday, August 21, 2025 11:45:44 AM
 Blitz 5/5 

Pairing 1/6 :    V7P3R_v5.0  -  Stockfish 1%

PGN-File: C:\Program Files (x86)\Arena\Tournaments\Engine Battle 20250821_2.pgn

No:  B/W 1/2     W:B       1:2           Time        Value Moves Dep 1:2       1-2-Draws
   8 W 2    1.0:0.0        0.0:8.0       11:47:24 AM   +49.59    10 4.000 :16.400  0-8-0

--------------------------------------------------------------

Engine-Match Thursday, August 21, 2025 11:47:25 AM
 Blitz 5/5 

Pairing 2/6 :    Random_Opponent  -  Slowmate_v1.0

PGN-File: C:\Program Files (x86)\Arena\Tournaments\Engine Battle 20250821_2.pgn

No:  B/W 1/2     W:B       1:2           Time        Value Moves Dep 1:2       1-2-Draws
   8 W 2    1.0:0.0        0.0:8.0       11:47:40 AM     0.00    22 0:0 0-8-0

--------------------------------------------------------------

Engine-Match Thursday, August 21, 2025 11:47:41 AM
 Blitz 5/5 

Pairing 3/6 :    Random_Opponent  -  V7P3R_v5.0

PGN-File: C:\Program Files (x86)\Arena\Tournaments\Engine Battle 20250821_2.pgn

No:  B/W 1/2     W:B       1:2           Time        Value Moves Dep 1:2       1-2-Draws
   8 W 2    1.0:0.0        0.0:8.0       11:50:12 AM     0.00    12 0:4.167  0-8-0

--------------------------------------------------------------

Engine-Match Thursday, August 21, 2025 11:50:13 AM
 Blitz 5/5 

Pairing 4/6 :    Slowmate_v1.0  -  Stockfish 1%

PGN-File: C:\Program Files (x86)\Arena\Tournaments\Engine Battle 20250821_2.pgn

No:  B/W 1/2     W:B       1:2           Time        Value Moves Dep 1:2       1-2-Draws
   8 W 2    1.0:0.0        0.0:8.0       11:51:43 AM      +M1    69 0:15.133  0-8-0

--------------------------------------------------------------

Engine-Match Thursday, August 21, 2025 11:51:44 AM
 Blitz 5/5 

Pairing 5/6 :    V7P3R_v5.0  -  Slowmate_v1.0

PGN-File: C:\Program Files (x86)\Arena\Tournaments\Engine Battle 20250821_2.pgn

No:  B/W 1/2     W:B       1:2           Time        Value Moves Dep 1:2       1-2-Draws
   8 W 2    1.0:0.0        0.0:8.0       11:57:37 AM   +34.19    33 4.032 :0 0-8-0

--------------------------------------------------------------

Engine-Match Thursday, August 21, 2025 11:57:38 AM
 Blitz 5/5 

Pairing 6/6 :    Stockfish 1%  -  Random_Opponent

PGN-File: C:\Program Files (x86)\Arena\Tournaments\Engine Battle 20250821_2.pgn

No:  B/W 1/2     W:B       1:2           Time        Value Moves Dep 1:2       1-2-Draws
   8 B 1    1.0:0.0        8.0:0.0       11:57:50 AM      -M1    17 18.385 :0 8-0-0

--------------------------------------------------------------

Engine-Match Thursday, August 21, 2025 11:57:51 AM
 Blitz 5/5 

Pairing 1/6 :    V7P3R_v5.0  -  Stockfish 1%

PGN-File: C:\Program Files (x86)\Arena\Tournaments\Engine Battle 20250821_2.pgn

No:  B/W 1/2     W:B       1:2           Time        Value Moves Dep 1:2       1-2-Draws
   9 B 2    1.0:0.0        0.0:9.0       12:00:08 PM   -31.09    12 4.167 :17.273  0-9-0

--------------------------------------------------------------

Engine-Match Thursday, August 21, 2025 12:00:09 PM
 Blitz 5/5 

Pairing 2/6 :    Random_Opponent  -  Slowmate_v1.0

PGN-File: C:\Program Files (x86)\Arena\Tournaments\Engine Battle 20250821_2.pgn

No:  B/W 1/2     W:B       1:2           Time        Value Moves Dep 1:2       1-2-Draws
   9 B 2    1.0:0.0        0.0:9.0       12:00:32 PM     0.00    28 0:0 0-9-0

--------------------------------------------------------------

Engine-Match Thursday, August 21, 2025 12:00:33 PM
 Blitz 5/5 

Pairing 3/6 :    Random_Opponent  -  V7P3R_v5.0

PGN-File: C:\Program Files (x86)\Arena\Tournaments\Engine Battle 20250821_2.pgn

No:  B/W 1/2     W:B       1:2           Time        Value Moves Dep 1:2       1-2-Draws
   9 B 2    1.0:0.0        0.0:9.0       12:01:17 PM     0.00     4 0:4.000  0-9-0

--------------------------------------------------------------

Engine-Match Thursday, August 21, 2025 12:01:18 PM
 Blitz 5/5 

Pairing 4/6 :    Slowmate_v1.0  -  Stockfish 1%

PGN-File: C:\Program Files (x86)\Arena\Tournaments\Engine Battle 20250821_2.pgn

No:  B/W 1/2     W:B       1:2           Time        Value Moves Dep 1:2       1-2-Draws
   9 B 2    1.0:0.0        0.0:9.0       12:02:02 PM      -M1    30 0:18.267  0-9-0

--------------------------------------------------------------

Engine-Match Thursday, August 21, 2025 12:02:04 PM
 Blitz 5/5 

Pairing 5/6 :    V7P3R_v5.0  -  Slowmate_v1.0

PGN-File: C:\Program Files (x86)\Arena\Tournaments\Engine Battle 20250821_2.pgn

No:  B/W 1/2     W:B       1:2           Time        Value Moves Dep 1:2       1-2-Draws
   9 B 2    1.0:0.0        0.0:9.0       12:05:28 PM   -65.80    40 3.200 :0 0-9-0

--------------------------------------------------------------

Engine-Match Thursday, August 21, 2025 12:05:29 PM
 Blitz 5/5 

Pairing 6/6 :    Stockfish 1%  -  Random_Opponent

PGN-File: C:\Program Files (x86)\Arena\Tournaments\Engine Battle 20250821_2.pgn

No:  B/W 1/2     W:B       1:2           Time        Value Moves Dep 1:2       1-2-Draws
   9 W 1    1.0:0.0        9.0:0.0       12:05:38 PM      +M1    10 23.400 :0 9-0-0

--------------------------------------------------------------

Engine-Match Thursday, August 21, 2025 12:05:40 PM
 Blitz 5/5 

Pairing 1/6 :    V7P3R_v5.0  -  Stockfish 1%

PGN-File: C:\Program Files (x86)\Arena\Tournaments\Engine Battle 20250821_2.pgn

No:  B/W 1/2     W:B       1:2           Time        Value Moves Dep 1:2       1-2-Draws
  10 W 2    1.0:0.0        0.0:10.0      12:07:06 PM   +28.20    10 3.600 :16.600  0-10-0

--------------------------------------------------------------

Engine-Match Thursday, August 21, 2025 12:07:07 PM
 Blitz 5/5 

Pairing 2/6 :    Random_Opponent  -  Slowmate_v1.0

PGN-File: C:\Program Files (x86)\Arena\Tournaments\Engine Battle 20250821_2.pgn

No:  B/W 1/2     W:B       1:2           Time        Value Moves Dep 1:2       1-2-Draws
  10 W 2    1.0:0.0        0.0:10.0      12:07:17 PM     0.00    11 0:0 0-10-0

--------------------------------------------------------------

Engine-Match Thursday, August 21, 2025 12:07:19 PM
 Blitz 5/5 

Pairing 3/6 :    Random_Opponent  -  V7P3R_v5.0

PGN-File: C:\Program Files (x86)\Arena\Tournaments\Engine Battle 20250821_2.pgn

No:  B/W 1/2     W:B       1:2           Time        Value Moves Dep 1:2       1-2-Draws
  10 W 2    1.0:0.0        0.0:10.0      12:09:42 PM     0.00    17 0:3.353  0-10-0

--------------------------------------------------------------

Engine-Match Thursday, August 21, 2025 12:09:43 PM
 Blitz 5/5 

Pairing 4/6 :    Slowmate_v1.0  -  Stockfish 1%

PGN-File: C:\Program Files (x86)\Arena\Tournaments\Engine Battle 20250821_2.pgn

No:  B/W 1/2     W:B       1:2           Time        Value Moves Dep 1:2       1-2-Draws
  10 W 2    1.0:0.0        0.0:10.0      12:10:25 PM      +M1    30 0:16.286  0-10-0

--------------------------------------------------------------

Engine-Match Thursday, August 21, 2025 12:10:26 PM
 Blitz 5/5 

Pairing 5/6 :    V7P3R_v5.0  -  Slowmate_v1.0

PGN-File: C:\Program Files (x86)\Arena\Tournaments\Engine Battle 20250821_2.pgn

No:  B/W 1/2     W:B       1:2           Time        Value Moves Dep 1:2       1-2-Draws
  10 W 2    1.0:0.0        0.0:10.0      12:16:06 PM   +13.44    38 4.048 :0 0-10-0

--------------------------------------------------------------

Engine-Match Thursday, August 21, 2025 12:16:07 PM
 Blitz 5/5 

Pairing 6/6 :    Stockfish 1%  -  Random_Opponent

PGN-File: C:\Program Files (x86)\Arena\Tournaments\Engine Battle 20250821_2.pgn

No:  B/W 1/2     W:B       1:2           Time        Value Moves Dep 1:2       1-2-Draws
  10 B 1    1.0:0.0        10.0:0.0      12:16:21 PM      -M1    21 18.500 :0 10-0-0
