Engine-Match Thursday, August 21, 2025 10:15:45 PM
 Blitz 5/5 

Pairing 1/21 :    V7P3R_v5.1  -  C0BR4_v1.0

PGN-File: C:\Program Files (x86)\Arena\Tournaments\Best of Engine Battle 20250822.pgn

No:  B/W 1/2     W:B       1:2           Time        Value Moves Dep 1:2       1-2-Draws
   1 B 2    1.0:0.0        0.0:1.0       10:17:05 PM   -33.14     7 4.143 :4.000  0-1-0

--------------------------------------------------------------

Engine-Match Thursday, August 21, 2025 10:17:06 PM
 Blitz 5/5 

Pairing 2/21 :    SlowMate_v2.0  -  SlowMate_v3.0

PGN-File: C:\Program Files (x86)\Arena\Tournaments\Best of Engine Battle 20250822.pgn

No:  B/W 1/2     W:B       1:2           Time        Value Moves Dep 1:2       1-2-Draws
   1 B 2    1.0:0.0        0.0:1.0       10:21:06 PM  -168.32    11 0:4.273  0-1-0

--------------------------------------------------------------

Engine-Match Thursday, August 21, 2025 10:21:08 PM
 Blitz 5/5 

Pairing 3/21 :    V7P3R_v5.0  -  Slowmate_v1.0

PGN-File: C:\Program Files (x86)\Arena\Tournaments\Best of Engine Battle 20250822.pgn

No:  B/W 1/2     W:B       1:2           Time        Value Moves Dep 1:2       1-2-Draws
   1 B 2    1.0:0.0        0.0:1.0       10:24:34 PM   -65.80    40 3.200 :0 0-1-0

--------------------------------------------------------------

Engine-Match Thursday, August 21, 2025 10:24:36 PM
 Blitz 5/5 

Pairing 4/21 :    Random_Opponent  -  SlowMate_v2.0

PGN-File: C:\Program Files (x86)\Arena\Tournaments\Best of Engine Battle 20250822.pgn

No:  B/W 1/2     W:B       1:2           Time        Value Moves Dep 1:2       1-2-Draws
   1 = =    0.5:0.5        0.5:0.5       10:27:35 PM     0.00    14 0:0 0-0-1

--------------------------------------------------------------

Engine-Match Thursday, August 21, 2025 10:27:36 PM
 Blitz 5/5 

Pairing 5/21 :    Slowmate_v1.0  -  V7P3R_v5.1

PGN-File: C:\Program Files (x86)\Arena\Tournaments\Best of Engine Battle 20250822.pgn

No:  B/W 1/2     W:B       1:2           Time        Value Moves Dep 1:2       1-2-Draws
   1 W 1    1.0:0.0        1.0:0.0       10:32:08 PM   +34.14    28 0:3.286  1-0-0

--------------------------------------------------------------

Engine-Match Thursday, August 21, 2025 10:32:09 PM
 Blitz 5/5 

Pairing 6/21 :    SlowMate_v3.0  -  V7P3R_v5.0

PGN-File: C:\Program Files (x86)\Arena\Tournaments\Best of Engine Battle 20250822.pgn

No:  B/W 1/2     W:B       1:2           Time        Value Moves Dep 1:2       1-2-Draws
   1 W 1    1.0:0.0        1.0:0.0       10:39:15 PM   +55.55    22 3.818 :4.045  1-0-0

--------------------------------------------------------------

Engine-Match Thursday, August 21, 2025 10:39:16 PM
 Blitz 5/5 

Pairing 7/21 :    C0BR4_v1.0  -  Slowmate_v1.0

PGN-File: C:\Program Files (x86)\Arena\Tournaments\Best of Engine Battle 20250822.pgn

No:  B/W 1/2     W:B       1:2           Time        Value Moves Dep 1:2       1-2-Draws
   1 B 2    1.0:0.0        0.0:1.0       10:39:29 PM     0.00    14 4.000 :0 0-1-0

--------------------------------------------------------------

Engine-Match Thursday, August 21, 2025 10:39:30 PM
 Blitz 5/5 

Pairing 8/21 :    V7P3R_v5.0  -  Random_Opponent

PGN-File: C:\Program Files (x86)\Arena\Tournaments\Best of Engine Battle 20250822.pgn

No:  B/W 1/2     W:B       1:2           Time        Value Moves Dep 1:2       1-2-Draws
   1 W 1    1.0:0.0        1.0:0.0       10:43:50 PM     0.00    25 3.280 :0 1-0-0

--------------------------------------------------------------

Engine-Match Thursday, August 21, 2025 10:43:51 PM
 Blitz 5/5 

Pairing 9/21 :    V7P3R_v5.1  -  SlowMate_v3.0

PGN-File: C:\Program Files (x86)\Arena\Tournaments\Best of Engine Battle 20250822.pgn

No:  B/W 1/2     W:B       1:2           Time        Value Moves Dep 1:2       1-2-Draws
   1 B 2    1.0:0.0        0.0:1.0       10:53:04 PM   -33.04    31 3.148 :3.852  0-1-0

--------------------------------------------------------------

Engine-Match Thursday, August 21, 2025 10:53:05 PM
 Blitz 5/5 

Pairing 10/21 :    SlowMate_v2.0  -  V7P3R_v5.0

PGN-File: C:\Program Files (x86)\Arena\Tournaments\Best of Engine Battle 20250822.pgn

No:  B/W 1/2     W:B       1:2           Time        Value Moves Dep 1:2       1-2-Draws
   1 B 2    1.0:0.0        0.0:1.0       11:01:04 PM     0.00    19 0:4.053  0-1-0

--------------------------------------------------------------

Engine-Match Thursday, August 21, 2025 11:01:06 PM
 Blitz 5/5 

Pairing 11/21 :    SlowMate_v3.0  -  C0BR4_v1.0

PGN-File: C:\Program Files (x86)\Arena\Tournaments\Best of Engine Battle 20250822.pgn

No:  B/W 1/2     W:B       1:2           Time        Value Moves Dep 1:2       1-2-Draws
   1 = =    0.5:0.5        0.5:0.5       11:04:51 PM     0.00    22 3.682 :4.000  0-0-1

--------------------------------------------------------------

Engine-Match Thursday, August 21, 2025 11:04:53 PM
 Blitz 5/5 

Pairing 12/21 :    Random_Opponent  -  V7P3R_v5.1

PGN-File: C:\Program Files (x86)\Arena\Tournaments\Best of Engine Battle 20250822.pgn

No:  B/W 1/2     W:B       1:2           Time        Value Moves Dep 1:2       1-2-Draws
   1 B 2    1.0:0.0        0.0:1.0       11:06:44 PM     0.00    11 0:3.182  0-1-0

--------------------------------------------------------------

Engine-Match Thursday, August 21, 2025 11:06:46 PM
 Blitz 5/5 

Pairing 13/21 :    Slowmate_v1.0  -  SlowMate_v3.0

PGN-File: C:\Program Files (x86)\Arena\Tournaments\Best of Engine Battle 20250822.pgn

No:  B/W 1/2     W:B       1:2           Time        Value Moves Dep 1:2       1-2-Draws
   1 = =    0.5:0.5        0.5:0.5       11:16:11 PM  -200.00    65 0:4.174  0-0-1

--------------------------------------------------------------

Engine-Match Thursday, August 21, 2025 11:16:12 PM
 Blitz 5/5 

Pairing 14/21 :    V7P3R_v5.1  -  SlowMate_v2.0

PGN-File: C:\Program Files (x86)\Arena\Tournaments\Best of Engine Battle 20250822.pgn

No:  B/W 1/2     W:B       1:2           Time        Value Moves Dep 1:2       1-2-Draws
   1 * *     0.0:0.0        0.0:0.0       11:21:35 PM   +43.90    15 4.063 :0 0-0-0

--------------------------------------------------------------

Engine-Match Friday, August 22, 2025 8:55:07 AM
 Blitz 5/5 

Pairing 14/21 :    V7P3R_v5.1  -  SlowMate_v2.0

PGN-File: C:\Program Files (x86)\Arena\Tournaments\Best of Engine Battle 20250822.pgn

No:  B/W 1/2     W:B       1:2           Time        Value Moves Dep 1:2       1-2-Draws
   1 W 1    1.0:0.0        1.0:0.0       9:01:52 AM     0.00    18 3.389 :0 1-0-0

--------------------------------------------------------------

Engine-Match Friday, August 22, 2025 9:01:53 AM
 Blitz 5/5 

Pairing 15/21 :    C0BR4_v1.0  -  Random_Opponent

PGN-File: C:\Program Files (x86)\Arena\Tournaments\Best of Engine Battle 20250822.pgn

No:  B/W 1/2     W:B       1:2           Time        Value Moves Dep 1:2       1-2-Draws
   1 W 1    1.0:0.0        1.0:0.0       9:02:05 AM  +299.99    15 4.000 :0 1-0-0

--------------------------------------------------------------

Engine-Match Friday, August 22, 2025 9:02:06 AM
 Blitz 5/5 

Pairing 16/21 :    V7P3R_v5.0  -  V7P3R_v5.1

PGN-File: C:\Program Files (x86)\Arena\Tournaments\Best of Engine Battle 20250822.pgn

No:  B/W 1/2     W:B       1:2           Time        Value Moves Dep 1:2       1-2-Draws
   1 B 2    1.0:0.0        0.0:1.0       9:06:04 AM   -24.34    11 4.182 :3.200  0-1-0

--------------------------------------------------------------

Engine-Match Friday, August 22, 2025 9:06:06 AM
 Blitz 5/5 

Pairing 17/21 :    Random_Opponent  -  Slowmate_v1.0

PGN-File: C:\Program Files (x86)\Arena\Tournaments\Best of Engine Battle 20250822.pgn

No:  B/W 1/2     W:B       1:2           Time        Value Moves Dep 1:2       1-2-Draws
   1 B 2    1.0:0.0        0.0:1.0       9:06:21 AM     0.00    21 0:0 0-1-0

--------------------------------------------------------------

Engine-Match Friday, August 22, 2025 9:06:23 AM
 Blitz 5/5 

Pairing 18/21 :    SlowMate_v2.0  -  C0BR4_v1.0

PGN-File: C:\Program Files (x86)\Arena\Tournaments\Best of Engine Battle 20250822.pgn

No:  B/W 1/2     W:B       1:2           Time        Value Moves Dep 1:2       1-2-Draws
   1 W 1    1.0:0.0        1.0:0.0       9:12:05 AM     0.00    24 0:4.000  1-0-0

--------------------------------------------------------------

Engine-Match Friday, August 22, 2025 9:12:06 AM
 Blitz 5/5 

Pairing 19/21 :    SlowMate_v3.0  -  Random_Opponent

PGN-File: C:\Program Files (x86)\Arena\Tournaments\Best of Engine Battle 20250822.pgn

No:  B/W 1/2     W:B       1:2           Time        Value Moves Dep 1:2       1-2-Draws
   1 = =    0.5:0.5        0.5:0.5       9:16:12 AM   +38.09    25 4.120 :0 0-0-1

--------------------------------------------------------------

Engine-Match Friday, August 22, 2025 9:16:13 AM
 Blitz 5/5 

Pairing 20/21 :    C0BR4_v1.0  -  V7P3R_v5.0

PGN-File: C:\Program Files (x86)\Arena\Tournaments\Best of Engine Battle 20250822.pgn

No:  B/W 1/2     W:B       1:2           Time        Value Moves Dep 1:2       1-2-Draws
   1 W 1    1.0:0.0        1.0:0.0       9:19:46 AM   +74.50    21 4.000 :4.048  1-0-0

--------------------------------------------------------------

Engine-Match Friday, August 22, 2025 9:19:47 AM
 Blitz 5/5 

Pairing 21/21 :    Slowmate_v1.0  -  SlowMate_v2.0

PGN-File: C:\Program Files (x86)\Arena\Tournaments\Best of Engine Battle 20250822.pgn

No:  B/W 1/2     W:B       1:2           Time        Value Moves Dep 1:2       1-2-Draws
   1 = =    0.5:0.5        0.5:0.5       9:21:37 AM     0.00    11 0:0 0-0-1

--------------------------------------------------------------

Engine-Match Friday, August 22, 2025 9:21:38 AM
 Blitz 5/5 

Pairing 1/21 :    V7P3R_v5.1  -  C0BR4_v1.0

PGN-File: C:\Program Files (x86)\Arena\Tournaments\Best of Engine Battle 20250822.pgn

No:  B/W 1/2     W:B       1:2           Time        Value Moves Dep 1:2       1-2-Draws
   2 W 2    1.0:0.0        0.0:2.0       9:23:26 AM   +37.74    10 4.000 :4.000  0-2-0

--------------------------------------------------------------

Engine-Match Friday, August 22, 2025 9:23:27 AM
 Blitz 5/5 

Pairing 2/21 :    SlowMate_v2.0  -  SlowMate_v3.0

PGN-File: C:\Program Files (x86)\Arena\Tournaments\Best of Engine Battle 20250822.pgn

No:  B/W 1/2     W:B       1:2           Time        Value Moves Dep 1:2       1-2-Draws
   2 W 2    1.0:0.0        0.0:2.0       9:25:44 AM   +69.65     7 0:4.000  0-2-0

--------------------------------------------------------------

Engine-Match Friday, August 22, 2025 9:25:46 AM
 Blitz 5/5 

Pairing 3/21 :    V7P3R_v5.0  -  Slowmate_v1.0

PGN-File: C:\Program Files (x86)\Arena\Tournaments\Best of Engine Battle 20250822.pgn

No:  B/W 1/2     W:B       1:2           Time        Value Moves Dep 1:2       1-2-Draws
   2 B 1    1.0:0.0        1.0:1.0       9:28:57 AM     0.00    22 3.500 :0 1-1-0

--------------------------------------------------------------

Engine-Match Friday, August 22, 2025 9:28:59 AM
 Blitz 5/5 

Pairing 4/21 :    Random_Opponent  -  SlowMate_v2.0

PGN-File: C:\Program Files (x86)\Arena\Tournaments\Best of Engine Battle 20250822.pgn

No:  B/W 1/2     W:B       1:2           Time        Value Moves Dep 1:2       1-2-Draws
   2 = =    1.0:1.0        1.0:1.0       9:55:56 AM     0.00   250 0:0 0-0-2

--------------------------------------------------------------

Engine-Match Friday, August 22, 2025 9:55:57 AM
 Blitz 5/5 

Pairing 5/21 :    Slowmate_v1.0  -  V7P3R_v5.1

PGN-File: C:\Program Files (x86)\Arena\Tournaments\Best of Engine Battle 20250822.pgn

No:  B/W 1/2     W:B       1:2           Time        Value Moves Dep 1:2       1-2-Draws
   2 = =    0.5:0.5        1.5:0.5       10:01:38 AM     0.00    65 0:3.750  1-0-1

--------------------------------------------------------------

Engine-Match Friday, August 22, 2025 10:01:39 AM
 Blitz 5/5 

Pairing 6/21 :    SlowMate_v3.0  -  V7P3R_v5.0

PGN-File: C:\Program Files (x86)\Arena\Tournaments\Best of Engine Battle 20250822.pgn

No:  B/W 1/2     W:B       1:2           Time        Value Moves Dep 1:2       1-2-Draws
   2 B 1    1.0:0.0        2.0:0.0       10:05:25 AM   -43.95    11 3.700 :4.182  2-0-0

--------------------------------------------------------------

Engine-Match Friday, August 22, 2025 10:05:26 AM
 Blitz 5/5 

Pairing 7/21 :    C0BR4_v1.0  -  Slowmate_v1.0

PGN-File: C:\Program Files (x86)\Arena\Tournaments\Best of Engine Battle 20250822.pgn

No:  B/W 1/2     W:B       1:2           Time        Value Moves Dep 1:2       1-2-Draws
   2 W 2    1.0:0.0        0.0:2.0       10:06:06 AM     0.00    28 4.000 :0 0-2-0

--------------------------------------------------------------

Engine-Match Friday, August 22, 2025 10:06:07 AM
 Blitz 5/5 

Pairing 8/21 :    V7P3R_v5.0  -  Random_Opponent

PGN-File: C:\Program Files (x86)\Arena\Tournaments\Best of Engine Battle 20250822.pgn

No:  B/W 1/2     W:B       1:2           Time        Value Moves Dep 1:2       1-2-Draws
   2 B 1    1.0:0.0        2.0:0.0       10:09:13 AM     0.00    19 4.158 :0 2-0-0

--------------------------------------------------------------

Engine-Match Friday, August 22, 2025 10:09:14 AM
 Blitz 5/5 

Pairing 9/21 :    V7P3R_v5.1  -  SlowMate_v3.0

PGN-File: C:\Program Files (x86)\Arena\Tournaments\Best of Engine Battle 20250822.pgn

No:  B/W 1/2     W:B       1:2           Time        Value Moves Dep 1:2       1-2-Draws
   2 = =    0.5:0.5        0.5:1.5       10:15:44 AM    +7.00    24 3.333 :4.231  0-1-1

--------------------------------------------------------------

Engine-Match Friday, August 22, 2025 10:15:45 AM
 Blitz 5/5 

Pairing 10/21 :    SlowMate_v2.0  -  V7P3R_v5.0

PGN-File: C:\Program Files (x86)\Arena\Tournaments\Best of Engine Battle 20250822.pgn

No:  B/W 1/2     W:B       1:2           Time        Value Moves Dep 1:2       1-2-Draws
   2 W 2    1.0:0.0        0.0:2.0       10:18:39 AM     0.00     8 0:3.750  0-2-0

--------------------------------------------------------------

Engine-Match Friday, August 22, 2025 10:18:41 AM
 Blitz 5/5 

Pairing 11/21 :    SlowMate_v3.0  -  C0BR4_v1.0

PGN-File: C:\Program Files (x86)\Arena\Tournaments\Best of Engine Battle 20250822.pgn

No:  B/W 1/2     W:B       1:2           Time        Value Moves Dep 1:2       1-2-Draws
   2 = =    1.0:1.0        1.0:1.0       10:24:35 AM    +0.30    39 4.107 :4.000  0-0-2

--------------------------------------------------------------

Engine-Match Friday, August 22, 2025 10:24:37 AM
 Blitz 5/5 

Pairing 12/21 :    Random_Opponent  -  V7P3R_v5.1

PGN-File: C:\Program Files (x86)\Arena\Tournaments\Best of Engine Battle 20250822.pgn

No:  B/W 1/2     W:B       1:2           Time        Value Moves Dep 1:2       1-2-Draws
   2 W 2    1.0:0.0        0.0:2.0       10:28:17 AM     0.00    18 0:4.056  0-2-0

--------------------------------------------------------------

Engine-Match Friday, August 22, 2025 10:28:24 AM
 Blitz 5/5 

Pairing 13/21 :    Slowmate_v1.0  -  SlowMate_v3.0

PGN-File: C:\Program Files (x86)\Arena\Tournaments\Best of Engine Battle 20250822.pgn

No:  B/W 1/2     W:B       1:2           Time        Value Moves Dep 1:2       1-2-Draws
   2 W 2    1.5:0.5        0.5:1.5       10:37:42 AM  +129.42    63 0:4.500  0-1-1

--------------------------------------------------------------

Engine-Match Friday, August 22, 2025 10:37:43 AM
 Blitz 5/5 

Pairing 14/21 :    V7P3R_v5.1  -  SlowMate_v2.0

PGN-File: C:\Program Files (x86)\Arena\Tournaments\Best of Engine Battle 20250822.pgn

No:  B/W 1/2     W:B       1:2           Time        Value Moves Dep 1:2       1-2-Draws
   2 B 1    1.0:0.0        2.0:0.0       10:43:05 AM     0.00    13 4.000 :0 2-0-0

--------------------------------------------------------------

Engine-Match Friday, August 22, 2025 10:43:07 AM
 Blitz 5/5 

Pairing 15/21 :    C0BR4_v1.0  -  Random_Opponent

PGN-File: C:\Program Files (x86)\Arena\Tournaments\Best of Engine Battle 20250822.pgn

No:  B/W 1/2     W:B       1:2           Time        Value Moves Dep 1:2       1-2-Draws
   2 B 1    1.0:0.0        2.0:0.0       10:43:17 AM  -299.99    19 4.000 :0 2-0-0

--------------------------------------------------------------

Engine-Match Friday, August 22, 2025 10:43:18 AM
 Blitz 5/5 

Pairing 16/21 :    V7P3R_v5.0  -  V7P3R_v5.1

PGN-File: C:\Program Files (x86)\Arena\Tournaments\Best of Engine Battle 20250822.pgn

No:  B/W 1/2     W:B       1:2           Time        Value Moves Dep 1:2       1-2-Draws
   2 B 1    1.0:0.0        1.0:1.0       10:46:51 AM   -51.70    11 4.000 :4.091  1-1-0

--------------------------------------------------------------

Engine-Match Friday, August 22, 2025 10:46:52 AM
 Blitz 5/5 

Pairing 17/21 :    Random_Opponent  -  Slowmate_v1.0

PGN-File: C:\Program Files (x86)\Arena\Tournaments\Best of Engine Battle 20250822.pgn

No:  B/W 1/2     W:B       1:2           Time        Value Moves Dep 1:2       1-2-Draws
   2 W 2    1.0:0.0        0.0:2.0       10:47:15 AM     0.00    21 0:0 0-2-0

--------------------------------------------------------------

Engine-Match Friday, August 22, 2025 10:47:17 AM
 Blitz 5/5 

Pairing 18/21 :    SlowMate_v2.0  -  C0BR4_v1.0

PGN-File: C:\Program Files (x86)\Arena\Tournaments\Best of Engine Battle 20250822.pgn

No:  B/W 1/2     W:B       1:2           Time        Value Moves Dep 1:2       1-2-Draws
   2 = =    0.5:0.5        1.5:0.5       10:48:32 AM     0.00     7 0:4.000  1-0-1

--------------------------------------------------------------

Engine-Match Friday, August 22, 2025 10:48:33 AM
 Blitz 5/5 

Pairing 19/21 :    SlowMate_v3.0  -  Random_Opponent

PGN-File: C:\Program Files (x86)\Arena\Tournaments\Best of Engine Battle 20250822.pgn

No:  B/W 1/2     W:B       1:2           Time        Value Moves Dep 1:2       1-2-Draws
   2 B 1    1.5:0.5        1.5:0.5       10:50:40 AM  -162.42    12 3.833 :0 1-0-1

--------------------------------------------------------------

Engine-Match Friday, August 22, 2025 10:50:41 AM
 Blitz 5/5 

Pairing 20/21 :    C0BR4_v1.0  -  V7P3R_v5.0

PGN-File: C:\Program Files (x86)\Arena\Tournaments\Best of Engine Battle 20250822.pgn

No:  B/W 1/2     W:B       1:2           Time        Value Moves Dep 1:2       1-2-Draws
   2 B 1    1.0:0.0        2.0:0.0       10:54:12 AM   -29.14    31 4.000 :3.240  2-0-0

--------------------------------------------------------------

Engine-Match Friday, August 22, 2025 10:54:13 AM
 Blitz 5/5 

Pairing 21/21 :    Slowmate_v1.0  -  SlowMate_v2.0

PGN-File: C:\Program Files (x86)\Arena\Tournaments\Best of Engine Battle 20250822.pgn

No:  B/W 1/2     W:B       1:2           Time        Value Moves Dep 1:2       1-2-Draws
   2 B 1    1.5:0.5        1.5:0.5       10:55:53 AM     0.00     9 0:0 1-0-1

--------------------------------------------------------------

Engine-Match Friday, August 22, 2025 10:55:54 AM
 Blitz 5/5 

Pairing 1/21 :    V7P3R_v5.1  -  C0BR4_v1.0

PGN-File: C:\Program Files (x86)\Arena\Tournaments\Best of Engine Battle 20250822.pgn

No:  B/W 1/2     W:B       1:2           Time        Value Moves Dep 1:2       1-2-Draws
   3 B 2    1.0:0.0        0.0:3.0       10:57:48 AM   -22.89    11 4.000 :4.000  0-3-0

--------------------------------------------------------------

Engine-Match Friday, August 22, 2025 10:57:49 AM
 Blitz 5/5 

Pairing 2/21 :    SlowMate_v2.0  -  SlowMate_v3.0

PGN-File: C:\Program Files (x86)\Arena\Tournaments\Best of Engine Battle 20250822.pgn

No:  B/W 1/2     W:B       1:2           Time        Value Moves Dep 1:2       1-2-Draws
   3 B 2    1.0:0.0        0.0:3.0       11:01:49 AM  -168.32    11 0:4.273  0-3-0

--------------------------------------------------------------

Engine-Match Friday, August 22, 2025 11:01:50 AM
 Blitz 5/5 

Pairing 3/21 :    V7P3R_v5.0  -  Slowmate_v1.0

PGN-File: C:\Program Files (x86)\Arena\Tournaments\Best of Engine Battle 20250822.pgn

No:  B/W 1/2     W:B       1:2           Time        Value Moves Dep 1:2       1-2-Draws
   3 B 2    1.0:0.0        1.0:2.0       11:08:21 AM   -15.50    61 3.227 :0 1-2-0

--------------------------------------------------------------

Engine-Match Friday, August 22, 2025 11:08:22 AM
 Blitz 5/5 

Pairing 4/21 :    Random_Opponent  -  SlowMate_v2.0

PGN-File: C:\Program Files (x86)\Arena\Tournaments\Best of Engine Battle 20250822.pgn

No:  B/W 1/2     W:B       1:2           Time        Value Moves Dep 1:2       1-2-Draws
   3 = =    1.5:1.5        1.5:1.5       11:35:21 AM     0.00   250 0:0 0-0-3

--------------------------------------------------------------

Engine-Match Friday, August 22, 2025 11:35:22 AM
 Blitz 5/5 

Pairing 5/21 :    Slowmate_v1.0  -  V7P3R_v5.1

PGN-File: C:\Program Files (x86)\Arena\Tournaments\Best of Engine Battle 20250822.pgn

No:  B/W 1/2     W:B       1:2           Time        Value Moves Dep 1:2       1-2-Draws
   3 W 1    1.5:0.5        2.5:0.5       11:40:43 AM   +28.20    35 0:3.229  2-0-1

--------------------------------------------------------------

Engine-Match Friday, August 22, 2025 11:40:44 AM
 Blitz 5/5 

Pairing 6/21 :    SlowMate_v3.0  -  V7P3R_v5.0

PGN-File: C:\Program Files (x86)\Arena\Tournaments\Best of Engine Battle 20250822.pgn

No:  B/W 1/2     W:B       1:2           Time        Value Moves Dep 1:2       1-2-Draws
   3 W 1    1.0:0.0        3.0:0.0       11:42:31 AM   +13.79     5 4.000 :4.200  3-0-0

--------------------------------------------------------------

Engine-Match Friday, August 22, 2025 11:42:32 AM
 Blitz 5/5 

Pairing 7/21 :    C0BR4_v1.0  -  Slowmate_v1.0

PGN-File: C:\Program Files (x86)\Arena\Tournaments\Best of Engine Battle 20250822.pgn

No:  B/W 1/2     W:B       1:2           Time        Value Moves Dep 1:2       1-2-Draws
   3 B 2    1.0:0.0        0.0:3.0       11:42:46 AM     0.00    14 4.000 :0 0-3-0

--------------------------------------------------------------

Engine-Match Friday, August 22, 2025 11:42:47 AM
 Blitz 5/5 

Pairing 8/21 :    V7P3R_v5.0  -  Random_Opponent

PGN-File: C:\Program Files (x86)\Arena\Tournaments\Best of Engine Battle 20250822.pgn

No:  B/W 1/2     W:B       1:2           Time        Value Moves Dep 1:2       1-2-Draws
   3 W 1    1.0:0.0        3.0:0.0       11:43:44 AM     0.00     5 4.400 :0 3-0-0

--------------------------------------------------------------

Engine-Match Friday, August 22, 2025 11:43:45 AM
 Blitz 5/5 

Pairing 9/21 :    V7P3R_v5.1  -  SlowMate_v3.0

PGN-File: C:\Program Files (x86)\Arena\Tournaments\Best of Engine Battle 20250822.pgn

No:  B/W 1/2     W:B       1:2           Time        Value Moves Dep 1:2       1-2-Draws
   3 B 2    1.5:0.5        0.5:2.5       11:54:13 AM   -42.05    35 3.125 :3.839  0-2-1

--------------------------------------------------------------

Engine-Match Friday, August 22, 2025 11:54:14 AM
 Blitz 5/5 

Pairing 10/21 :    SlowMate_v2.0  -  V7P3R_v5.0

PGN-File: C:\Program Files (x86)\Arena\Tournaments\Best of Engine Battle 20250822.pgn

No:  B/W 1/2     W:B       1:2           Time        Value Moves Dep 1:2       1-2-Draws
   3 B 2    1.0:0.0        0.0:3.0       11:59:32 AM     0.00    14 0:4.071  0-3-0

--------------------------------------------------------------

Engine-Match Friday, August 22, 2025 11:59:33 AM
 Blitz 5/5 

Pairing 11/21 :    SlowMate_v3.0  -  C0BR4_v1.0

PGN-File: C:\Program Files (x86)\Arena\Tournaments\Best of Engine Battle 20250822.pgn

No:  B/W 1/2     W:B       1:2           Time        Value Moves Dep 1:2       1-2-Draws
   3 W 1    2.0:1.0        2.0:1.0       12:02:58 PM   +13.45    20 3.900 :4.000  1-0-2

--------------------------------------------------------------

Engine-Match Friday, August 22, 2025 12:03:04 PM
 Blitz 5/5 

Pairing 12/21 :    Random_Opponent  -  V7P3R_v5.1

PGN-File: C:\Program Files (x86)\Arena\Tournaments\Best of Engine Battle 20250822.pgn

No:  B/W 1/2     W:B       1:2           Time        Value Moves Dep 1:2       1-2-Draws
   3 B 2    1.0:0.0        0.0:3.0       12:07:43 PM     0.00    37 0:3.500  0-3-0

--------------------------------------------------------------

Engine-Match Friday, August 22, 2025 12:07:44 PM
 Blitz 5/5 

Pairing 13/21 :    Slowmate_v1.0  -  SlowMate_v3.0

PGN-File: C:\Program Files (x86)\Arena\Tournaments\Best of Engine Battle 20250822.pgn

No:  B/W 1/2     W:B       1:2           Time        Value Moves Dep 1:2       1-2-Draws
   3 = =    1.0:1.0        1.0:2.0       12:17:07 PM  -200.00    65 0:4.174  0-1-2

--------------------------------------------------------------

Engine-Match Friday, August 22, 2025 12:17:08 PM
 Blitz 5/5 

Pairing 14/21 :    V7P3R_v5.1  -  SlowMate_v2.0

PGN-File: C:\Program Files (x86)\Arena\Tournaments\Best of Engine Battle 20250822.pgn

No:  B/W 1/2     W:B       1:2           Time        Value Moves Dep 1:2       1-2-Draws
   3 W 1    1.0:0.0        3.0:0.0       12:22:13 PM     0.00    16 3.438 :0 3-0-0

--------------------------------------------------------------

Engine-Match Friday, August 22, 2025 12:22:15 PM
 Blitz 5/5 

Pairing 15/21 :    C0BR4_v1.0  -  Random_Opponent

PGN-File: C:\Program Files (x86)\Arena\Tournaments\Best of Engine Battle 20250822.pgn

No:  B/W 1/2     W:B       1:2           Time        Value Moves Dep 1:2       1-2-Draws
   3 W 1    1.0:0.0        3.0:0.0       12:22:21 PM  +299.99    10 4.000 :0 3-0-0

--------------------------------------------------------------

Engine-Match Friday, August 22, 2025 12:22:22 PM
 Blitz 5/5 

Pairing 16/21 :    V7P3R_v5.0  -  V7P3R_v5.1

PGN-File: C:\Program Files (x86)\Arena\Tournaments\Best of Engine Battle 20250822.pgn

No:  B/W 1/2     W:B       1:2           Time        Value Moves Dep 1:2       1-2-Draws
   3 B 2    1.0:0.0        1.0:2.0       12:26:34 PM   -61.90    13 4.154 :3.167  1-2-0

--------------------------------------------------------------

Engine-Match Friday, August 22, 2025 12:26:35 PM
 Blitz 5/5 

Pairing 17/21 :    Random_Opponent  -  Slowmate_v1.0

PGN-File: C:\Program Files (x86)\Arena\Tournaments\Best of Engine Battle 20250822.pgn

No:  B/W 1/2     W:B       1:2           Time        Value Moves Dep 1:2       1-2-Draws
   3 B 2    1.0:0.0        0.0:3.0       12:26:49 PM     0.00    16 0:0 0-3-0

--------------------------------------------------------------

Engine-Match Friday, August 22, 2025 12:26:50 PM
 Blitz 5/5 

Pairing 18/21 :    SlowMate_v2.0  -  C0BR4_v1.0

PGN-File: C:\Program Files (x86)\Arena\Tournaments\Best of Engine Battle 20250822.pgn

No:  B/W 1/2     W:B       1:2           Time        Value Moves Dep 1:2       1-2-Draws
   3 W 1    1.5:0.5        2.5:0.5       12:32:33 PM     0.00    24 0:4.000  2-0-1

--------------------------------------------------------------

Engine-Match Friday, August 22, 2025 12:32:34 PM
 Blitz 5/5 

Pairing 19/21 :    SlowMate_v3.0  -  Random_Opponent

PGN-File: C:\Program Files (x86)\Arena\Tournaments\Best of Engine Battle 20250822.pgn

No:  B/W 1/2     W:B       1:2           Time        Value Moves Dep 1:2       1-2-Draws
   3 W 1    1.5:0.5        2.5:0.5       12:37:29 PM  +118.01    31 4.194 :0 2-0-1

--------------------------------------------------------------

Engine-Match Friday, August 22, 2025 12:37:31 PM
 Blitz 5/5 

Pairing 20/21 :    C0BR4_v1.0  -  V7P3R_v5.0

PGN-File: C:\Program Files (x86)\Arena\Tournaments\Best of Engine Battle 20250822.pgn

No:  B/W 1/2     W:B       1:2           Time        Value Moves Dep 1:2       1-2-Draws
   3 W 1    1.0:0.0        3.0:0.0       12:41:13 PM   +86.60    22 4.000 :4.045  3-0-0

--------------------------------------------------------------

Engine-Match Friday, August 22, 2025 12:41:15 PM
 Blitz 5/5 

Pairing 21/21 :    Slowmate_v1.0  -  SlowMate_v2.0

PGN-File: C:\Program Files (x86)\Arena\Tournaments\Best of Engine Battle 20250822.pgn

No:  B/W 1/2     W:B       1:2           Time        Value Moves Dep 1:2       1-2-Draws
   3 = =    1.0:1.0        2.0:1.0       12:43:04 PM     0.00    11 0:0 1-0-2

--------------------------------------------------------------

Engine-Match Friday, August 22, 2025 12:43:06 PM
 Blitz 5/5 

Pairing 1/21 :    V7P3R_v5.1  -  C0BR4_v1.0

PGN-File: C:\Program Files (x86)\Arena\Tournaments\Best of Engine Battle 20250822.pgn

No:  B/W 1/2     W:B       1:2           Time        Value Moves Dep 1:2       1-2-Draws
   4 W 2    1.0:0.0        0.0:4.0       12:44:53 PM   +37.74    10 4.000 :4.000  0-4-0

--------------------------------------------------------------

Engine-Match Friday, August 22, 2025 12:44:54 PM
 Blitz 5/5 

Pairing 2/21 :    SlowMate_v2.0  -  SlowMate_v3.0

PGN-File: C:\Program Files (x86)\Arena\Tournaments\Best of Engine Battle 20250822.pgn

No:  B/W 1/2     W:B       1:2           Time        Value Moves Dep 1:2       1-2-Draws
   4 W 2    1.0:0.0        0.0:4.0       12:47:12 PM   +69.65     7 0:4.000  0-4-0

--------------------------------------------------------------

Engine-Match Friday, August 22, 2025 12:47:13 PM
 Blitz 5/5 

Pairing 3/21 :    V7P3R_v5.0  -  Slowmate_v1.0

PGN-File: C:\Program Files (x86)\Arena\Tournaments\Best of Engine Battle 20250822.pgn

No:  B/W 1/2     W:B       1:2           Time        Value Moves Dep 1:2       1-2-Draws
   4 B 1    1.0:0.0        2.0:2.0       12:50:25 PM     0.00    22 3.500 :0 2-2-0

--------------------------------------------------------------

Engine-Match Friday, August 22, 2025 12:50:26 PM
 Blitz 5/5 

Pairing 4/21 :    Random_Opponent  -  SlowMate_v2.0

PGN-File: C:\Program Files (x86)\Arena\Tournaments\Best of Engine Battle 20250822.pgn

No:  B/W 1/2     W:B       1:2           Time        Value Moves Dep 1:2       1-2-Draws
   4 = =    2.0:2.0        2.0:2.0       1:14:14 PM     0.00   214 0:0 0-0-4

--------------------------------------------------------------

Engine-Match Friday, August 22, 2025 1:14:16 PM
 Blitz 5/5 

Pairing 5/21 :    Slowmate_v1.0  -  V7P3R_v5.1

PGN-File: C:\Program Files (x86)\Arena\Tournaments\Best of Engine Battle 20250822.pgn

No:  B/W 1/2     W:B       1:2           Time        Value Moves Dep 1:2       1-2-Draws
   4 W 2    1.5:0.5        2.5:1.5       1:19:17 PM     0.00    38 0:3.889  2-1-1

--------------------------------------------------------------

Engine-Match Friday, August 22, 2025 1:19:19 PM
 Blitz 5/5 

Pairing 6/21 :    SlowMate_v3.0  -  V7P3R_v5.0

PGN-File: C:\Program Files (x86)\Arena\Tournaments\Best of Engine Battle 20250822.pgn

No:  B/W 1/2     W:B       1:2           Time        Value Moves Dep 1:2       1-2-Draws
   4 B 1    1.0:0.0        4.0:0.0       1:23:04 PM   -43.95    11 3.700 :4.182  4-0-0

--------------------------------------------------------------

Engine-Match Friday, August 22, 2025 1:23:06 PM
 Blitz 5/5 

Pairing 7/21 :    C0BR4_v1.0  -  Slowmate_v1.0

PGN-File: C:\Program Files (x86)\Arena\Tournaments\Best of Engine Battle 20250822.pgn

No:  B/W 1/2     W:B       1:2           Time        Value Moves Dep 1:2       1-2-Draws
   4 W 2    1.0:0.0        0.0:4.0       1:23:46 PM     0.00    28 4.000 :0 0-4-0

--------------------------------------------------------------

Engine-Match Friday, August 22, 2025 1:23:47 PM
 Blitz 5/5 

Pairing 8/21 :    V7P3R_v5.0  -  Random_Opponent

PGN-File: C:\Program Files (x86)\Arena\Tournaments\Best of Engine Battle 20250822.pgn

No:  B/W 1/2     W:B       1:2           Time        Value Moves Dep 1:2       1-2-Draws
   4 B 1    1.0:0.0        4.0:0.0       1:27:29 PM     0.00    20 4.100 :0 4-0-0

--------------------------------------------------------------

Engine-Match Friday, August 22, 2025 1:27:30 PM
 Blitz 5/5 

Pairing 9/21 :    V7P3R_v5.1  -  SlowMate_v3.0

PGN-File: C:\Program Files (x86)\Arena\Tournaments\Best of Engine Battle 20250822.pgn

No:  B/W 1/2     W:B       1:2           Time        Value Moves Dep 1:2       1-2-Draws
   4 = =    1.0:1.0        1.0:3.0       1:34:00 PM    +7.00    24 3.333 :4.231  0-2-2

--------------------------------------------------------------

Engine-Match Friday, August 22, 2025 1:34:02 PM
 Blitz 5/5 

Pairing 10/21 :    SlowMate_v2.0  -  V7P3R_v5.0

PGN-File: C:\Program Files (x86)\Arena\Tournaments\Best of Engine Battle 20250822.pgn

No:  B/W 1/2     W:B       1:2           Time        Value Moves Dep 1:2       1-2-Draws
   4 W 2    1.0:0.0        0.0:4.0       1:36:56 PM     0.00     8 0:3.750  0-4-0

--------------------------------------------------------------

Engine-Match Friday, August 22, 2025 1:37:02 PM
 Blitz 5/5 

Pairing 11/21 :    SlowMate_v3.0  -  C0BR4_v1.0

PGN-File: C:\Program Files (x86)\Arena\Tournaments\Best of Engine Battle 20250822.pgn

No:  B/W 1/2     W:B       1:2           Time        Value Moves Dep 1:2       1-2-Draws
   4 = =    1.5:1.5        2.5:1.5       1:42:55 PM    +0.30    39 4.107 :4.000  1-0-3

--------------------------------------------------------------

Engine-Match Friday, August 22, 2025 1:42:56 PM
 Blitz 5/5 

Pairing 12/21 :    Random_Opponent  -  V7P3R_v5.1

PGN-File: C:\Program Files (x86)\Arena\Tournaments\Best of Engine Battle 20250822.pgn

No:  B/W 1/2     W:B       1:2           Time        Value Moves Dep 1:2       1-2-Draws
   4 W 2    1.0:0.0        0.0:4.0       1:47:03 PM     0.00    24 0:3.583  0-4-0

--------------------------------------------------------------

Engine-Match Friday, August 22, 2025 1:47:04 PM
 Blitz 5/5 

Pairing 13/21 :    Slowmate_v1.0  -  SlowMate_v3.0

PGN-File: C:\Program Files (x86)\Arena\Tournaments\Best of Engine Battle 20250822.pgn

No:  B/W 1/2     W:B       1:2           Time        Value Moves Dep 1:2       1-2-Draws
   4 W 2    2.0:1.0        1.0:3.0       1:53:54 PM  +169.77    43 0:4.344  0-2-2

--------------------------------------------------------------

Engine-Match Friday, August 22, 2025 1:53:55 PM
 Blitz 5/5 

Pairing 14/21 :    V7P3R_v5.1  -  SlowMate_v2.0

PGN-File: C:\Program Files (x86)\Arena\Tournaments\Best of Engine Battle 20250822.pgn

No:  B/W 1/2     W:B       1:2           Time        Value Moves Dep 1:2       1-2-Draws
   4 B 1    1.0:0.0        4.0:0.0       2:06:21 PM     0.00    30 3.367 :0 4-0-0

--------------------------------------------------------------

Engine-Match Friday, August 22, 2025 2:06:22 PM
 Blitz 5/5 

Pairing 15/21 :    C0BR4_v1.0  -  Random_Opponent

PGN-File: C:\Program Files (x86)\Arena\Tournaments\Best of Engine Battle 20250822.pgn

No:  B/W 1/2     W:B       1:2           Time        Value Moves Dep 1:2       1-2-Draws
   4 B 1    1.0:0.0        4.0:0.0       2:06:26 PM  -299.99     4 4.000 :0 4-0-0

--------------------------------------------------------------

Engine-Match Friday, August 22, 2025 2:06:27 PM
 Blitz 5/5 

Pairing 16/21 :    V7P3R_v5.0  -  V7P3R_v5.1

PGN-File: C:\Program Files (x86)\Arena\Tournaments\Best of Engine Battle 20250822.pgn

No:  B/W 1/2     W:B       1:2           Time        Value Moves Dep 1:2       1-2-Draws
   4 B 1    1.0:0.0        2.0:2.0       2:10:10 PM   -16.14    11 3.900 :3.727  2-2-0

--------------------------------------------------------------

Engine-Match Friday, August 22, 2025 2:10:11 PM
 Blitz 5/5 

Pairing 17/21 :    Random_Opponent  -  Slowmate_v1.0

PGN-File: C:\Program Files (x86)\Arena\Tournaments\Best of Engine Battle 20250822.pgn

No:  B/W 1/2     W:B       1:2           Time        Value Moves Dep 1:2       1-2-Draws
   4 W 2    1.0:0.0        0.0:4.0       2:10:33 PM     0.00    29 0:0 0-4-0

--------------------------------------------------------------

Engine-Match Friday, August 22, 2025 2:10:34 PM
 Blitz 5/5 

Pairing 18/21 :    SlowMate_v2.0  -  C0BR4_v1.0

PGN-File: C:\Program Files (x86)\Arena\Tournaments\Best of Engine Battle 20250822.pgn

No:  B/W 1/2     W:B       1:2           Time        Value Moves Dep 1:2       1-2-Draws
   4 = =    1.0:1.0        3.0:1.0       2:11:49 PM     0.00     7 0:4.000  2-0-2

--------------------------------------------------------------

Engine-Match Friday, August 22, 2025 2:11:51 PM
 Blitz 5/5 

Pairing 19/21 :    SlowMate_v3.0  -  Random_Opponent

PGN-File: C:\Program Files (x86)\Arena\Tournaments\Best of Engine Battle 20250822.pgn

No:  B/W 1/2     W:B       1:2           Time        Value Moves Dep 1:2       1-2-Draws
   4 = =    1.0:1.0        3.0:1.0       2:17:59 PM  -200.00    40 4.050 :0 2-0-2

--------------------------------------------------------------

Engine-Match Friday, August 22, 2025 2:18:00 PM
 Blitz 5/5 

Pairing 20/21 :    C0BR4_v1.0  -  V7P3R_v5.0

PGN-File: C:\Program Files (x86)\Arena\Tournaments\Best of Engine Battle 20250822.pgn

No:  B/W 1/2     W:B       1:2           Time        Value Moves Dep 1:2       1-2-Draws
   4 B 1    1.0:0.0        4.0:0.0       2:21:31 PM   -29.14    31 4.000 :3.240  4-0-0

--------------------------------------------------------------

Engine-Match Friday, August 22, 2025 2:21:32 PM
 Blitz 5/5 

Pairing 21/21 :    Slowmate_v1.0  -  SlowMate_v2.0

PGN-File: C:\Program Files (x86)\Arena\Tournaments\Best of Engine Battle 20250822.pgn

No:  B/W 1/2     W:B       1:2           Time        Value Moves Dep 1:2       1-2-Draws
   4 B 1    2.0:1.0        3.0:1.0       2:23:12 PM     0.00     9 0:0 2-0-2

--------------------------------------------------------------

Engine-Match Friday, August 22, 2025 2:23:13 PM
 Blitz 5/5 

Pairing 1/21 :    V7P3R_v5.1  -  C0BR4_v1.0

PGN-File: C:\Program Files (x86)\Arena\Tournaments\Best of Engine Battle 20250822.pgn

No:  B/W 1/2     W:B       1:2           Time        Value Moves Dep 1:2       1-2-Draws
   5 B 2    1.0:0.0        0.0:5.0       2:24:33 PM   -33.14     7 4.143 :4.000  0-5-0

--------------------------------------------------------------

Engine-Match Friday, August 22, 2025 2:24:34 PM
 Blitz 5/5 

Pairing 2/21 :    SlowMate_v2.0  -  SlowMate_v3.0

PGN-File: C:\Program Files (x86)\Arena\Tournaments\Best of Engine Battle 20250822.pgn

No:  B/W 1/2     W:B       1:2           Time        Value Moves Dep 1:2       1-2-Draws
   5 B 2    1.0:0.0        0.0:5.0       2:28:34 PM  -168.32    11 0:4.273  0-5-0

--------------------------------------------------------------

Engine-Match Friday, August 22, 2025 2:28:35 PM
 Blitz 5/5 

Pairing 3/21 :    V7P3R_v5.0  -  Slowmate_v1.0

PGN-File: C:\Program Files (x86)\Arena\Tournaments\Best of Engine Battle 20250822.pgn

No:  B/W 1/2     W:B       1:2           Time        Value Moves Dep 1:2       1-2-Draws
   5 B 2    1.0:0.0        2.0:3.0       2:35:05 PM   -15.50    61 3.227 :0 2-3-0

--------------------------------------------------------------

Engine-Match Friday, August 22, 2025 2:35:06 PM
 Blitz 5/5 

Pairing 4/21 :    Random_Opponent  -  SlowMate_v2.0

PGN-File: C:\Program Files (x86)\Arena\Tournaments\Best of Engine Battle 20250822.pgn

No:  B/W 1/2     W:B       1:2           Time        Value Moves Dep 1:2       1-2-Draws
   5 W 1    3.0:2.0        3.0:2.0       2:45:10 PM     0.00    60 0:0 1-0-4

--------------------------------------------------------------

Engine-Match Friday, August 22, 2025 2:45:11 PM
 Blitz 5/5 

Pairing 5/21 :    Slowmate_v1.0  -  V7P3R_v5.1

PGN-File: C:\Program Files (x86)\Arena\Tournaments\Best of Engine Battle 20250822.pgn

No:  B/W 1/2     W:B       1:2           Time        Value Moves Dep 1:2       1-2-Draws
   5 = =    1.0:1.0        3.0:2.0       2:50:13 PM     0.00    36 0:3.229  2-1-2

--------------------------------------------------------------

Engine-Match Friday, August 22, 2025 2:50:14 PM
 Blitz 5/5 

Pairing 6/21 :    SlowMate_v3.0  -  V7P3R_v5.0

PGN-File: C:\Program Files (x86)\Arena\Tournaments\Best of Engine Battle 20250822.pgn

No:  B/W 1/2     W:B       1:2           Time        Value Moves Dep 1:2       1-2-Draws
   5 W 1    1.0:0.0        5.0:0.0       2:52:03 PM   +13.79     5 4.000 :4.200  5-0-0

--------------------------------------------------------------

Engine-Match Friday, August 22, 2025 2:52:04 PM
 Blitz 5/5 

Pairing 7/21 :    C0BR4_v1.0  -  Slowmate_v1.0

PGN-File: C:\Program Files (x86)\Arena\Tournaments\Best of Engine Battle 20250822.pgn

No:  B/W 1/2     W:B       1:2           Time        Value Moves Dep 1:2       1-2-Draws
   5 B 2    1.0:0.0        0.0:5.0       2:52:19 PM     0.00    14 4.000 :0 0-5-0

--------------------------------------------------------------

Engine-Match Friday, August 22, 2025 2:52:20 PM
 Blitz 5/5 

Pairing 8/21 :    V7P3R_v5.0  -  Random_Opponent

PGN-File: C:\Program Files (x86)\Arena\Tournaments\Best of Engine Battle 20250822.pgn

No:  B/W 1/2     W:B       1:2           Time        Value Moves Dep 1:2       1-2-Draws
   5 W 1    1.0:0.0        5.0:0.0       2:53:52 PM     0.00     8 4.000 :0 5-0-0

--------------------------------------------------------------

Engine-Match Friday, August 22, 2025 2:53:53 PM
 Blitz 5/5 

Pairing 9/21 :    V7P3R_v5.1  -  SlowMate_v3.0

PGN-File: C:\Program Files (x86)\Arena\Tournaments\Best of Engine Battle 20250822.pgn

No:  B/W 1/2     W:B       1:2           Time        Value Moves Dep 1:2       1-2-Draws
   5 B 2    2.0:1.0        1.0:4.0       3:07:06 PM   -45.30    44 3.114 :3.588  0-3-2

--------------------------------------------------------------

Engine-Match Friday, August 22, 2025 3:07:12 PM
 Blitz 5/5 

Pairing 10/21 :    SlowMate_v2.0  -  V7P3R_v5.0

PGN-File: C:\Program Files (x86)\Arena\Tournaments\Best of Engine Battle 20250822.pgn

No:  B/W 1/2     W:B       1:2           Time        Value Moves Dep 1:2       1-2-Draws
   5 B 2    1.0:0.0        0.0:5.0       3:12:27 PM     0.00    14 0:4.071  0-5-0

--------------------------------------------------------------

Engine-Match Friday, August 22, 2025 3:12:29 PM
 Blitz 5/5 

Pairing 11/21 :    SlowMate_v3.0  -  C0BR4_v1.0

PGN-File: C:\Program Files (x86)\Arena\Tournaments\Best of Engine Battle 20250822.pgn

No:  B/W 1/2     W:B       1:2           Time        Value Moves Dep 1:2       1-2-Draws
   5 = =    2.0:2.0        3.0:2.0       3:20:12 PM    +7.75    54 4.037 :4.000  1-0-4

--------------------------------------------------------------

Engine-Match Friday, August 22, 2025 3:20:13 PM
 Blitz 5/5 

Pairing 12/21 :    Random_Opponent  -  V7P3R_v5.1

PGN-File: C:\Program Files (x86)\Arena\Tournaments\Best of Engine Battle 20250822.pgn

No:  B/W 1/2     W:B       1:2           Time        Value Moves Dep 1:2       1-2-Draws
   5 B 2    1.0:0.0        0.0:5.0       3:23:40 PM     0.00    19 0:4.000  0-5-0

--------------------------------------------------------------

Engine-Match Friday, August 22, 2025 3:23:42 PM
 Blitz 5/5 

Pairing 13/21 :    Slowmate_v1.0  -  SlowMate_v3.0

PGN-File: C:\Program Files (x86)\Arena\Tournaments\Best of Engine Battle 20250822.pgn

No:  B/W 1/2     W:B       1:2           Time        Value Moves Dep 1:2       1-2-Draws
   5 = =    1.5:1.5        1.5:3.5       3:32:58 PM  -200.00    64 0:4.174  0-2-3

--------------------------------------------------------------

Engine-Match Friday, August 22, 2025 3:33:00 PM
 Blitz 5/5 

Pairing 14/21 :    V7P3R_v5.1  -  SlowMate_v2.0

PGN-File: C:\Program Files (x86)\Arena\Tournaments\Best of Engine Battle 20250822.pgn

No:  B/W 1/2     W:B       1:2           Time        Value Moves Dep 1:2       1-2-Draws
   5 W 1    1.0:0.0        5.0:0.0       3:38:05 PM     0.00    16 3.438 :0 5-0-0

--------------------------------------------------------------

Engine-Match Friday, August 22, 2025 3:38:07 PM
 Blitz 5/5 

Pairing 15/21 :    C0BR4_v1.0  -  Random_Opponent

PGN-File: C:\Program Files (x86)\Arena\Tournaments\Best of Engine Battle 20250822.pgn

No:  B/W 1/2     W:B       1:2           Time        Value Moves Dep 1:2       1-2-Draws
   5 W 1    1.0:0.0        5.0:0.0       3:38:20 PM  +299.99    23 4.000 :0 5-0-0

--------------------------------------------------------------

Engine-Match Friday, August 22, 2025 3:38:21 PM
 Blitz 5/5 

Pairing 16/21 :    V7P3R_v5.0  -  V7P3R_v5.1

PGN-File: C:\Program Files (x86)\Arena\Tournaments\Best of Engine Battle 20250822.pgn

No:  B/W 1/2     W:B       1:2           Time        Value Moves Dep 1:2       1-2-Draws
   5 B 2    1.0:0.0        2.0:3.0       3:42:19 PM   -24.34    11 4.182 :3.200  2-3-0

--------------------------------------------------------------

Engine-Match Friday, August 22, 2025 3:42:21 PM
 Blitz 5/5 

Pairing 17/21 :    Random_Opponent  -  Slowmate_v1.0

PGN-File: C:\Program Files (x86)\Arena\Tournaments\Best of Engine Battle 20250822.pgn

No:  B/W 1/2     W:B       1:2           Time        Value Moves Dep 1:2       1-2-Draws
   5 B 2    1.0:0.0        0.0:5.0       3:42:36 PM     0.00    21 0:0 0-5-0

--------------------------------------------------------------

Engine-Match Friday, August 22, 2025 3:42:38 PM
 Blitz 5/5 

Pairing 18/21 :    SlowMate_v2.0  -  C0BR4_v1.0

PGN-File: C:\Program Files (x86)\Arena\Tournaments\Best of Engine Battle 20250822.pgn

No:  B/W 1/2     W:B       1:2           Time        Value Moves Dep 1:2       1-2-Draws
   5 W 1    2.0:1.0        4.0:1.0       3:48:20 PM     0.00    24 0:4.000  3-0-2

--------------------------------------------------------------

Engine-Match Friday, August 22, 2025 3:48:21 PM
 Blitz 5/5 

Pairing 19/21 :    SlowMate_v3.0  -  Random_Opponent

PGN-File: C:\Program Files (x86)\Arena\Tournaments\Best of Engine Battle 20250822.pgn

No:  B/W 1/2     W:B       1:2           Time        Value Moves Dep 1:2       1-2-Draws
   5 W 1    2.0:1.0        4.0:1.0       3:52:01 PM  +168.58    22 3.636 :0 3-0-2

--------------------------------------------------------------

Engine-Match Friday, August 22, 2025 3:52:02 PM
 Blitz 5/5 

Pairing 20/21 :    C0BR4_v1.0  -  V7P3R_v5.0

PGN-File: C:\Program Files (x86)\Arena\Tournaments\Best of Engine Battle 20250822.pgn

No:  B/W 1/2     W:B       1:2           Time        Value Moves Dep 1:2       1-2-Draws
   5 W 1    1.0:0.0        5.0:0.0       3:55:34 PM   +74.50    21 4.000 :4.048  5-0-0

--------------------------------------------------------------

Engine-Match Friday, August 22, 2025 3:55:36 PM
 Blitz 5/5 

Pairing 21/21 :    Slowmate_v1.0  -  SlowMate_v2.0

PGN-File: C:\Program Files (x86)\Arena\Tournaments\Best of Engine Battle 20250822.pgn

No:  B/W 1/2     W:B       1:2           Time        Value Moves Dep 1:2       1-2-Draws
   5 = =    1.5:1.5        3.5:1.5       3:57:25 PM     0.00    11 0:0 2-0-3

--------------------------------------------------------------

Engine-Match Friday, August 22, 2025 3:57:27 PM
 Blitz 5/5 

Pairing 1/21 :    V7P3R_v5.1  -  C0BR4_v1.0

PGN-File: C:\Program Files (x86)\Arena\Tournaments\Best of Engine Battle 20250822.pgn

No:  B/W 1/2     W:B       1:2           Time        Value Moves Dep 1:2       1-2-Draws
   6 W 2    1.0:0.0        0.0:6.0       3:59:14 PM   +37.74    10 4.000 :4.000  0-6-0

--------------------------------------------------------------

Engine-Match Friday, August 22, 2025 3:59:15 PM
 Blitz 5/5 

Pairing 2/21 :    SlowMate_v2.0  -  SlowMate_v3.0

PGN-File: C:\Program Files (x86)\Arena\Tournaments\Best of Engine Battle 20250822.pgn

No:  B/W 1/2     W:B       1:2           Time        Value Moves Dep 1:2       1-2-Draws
   6 W 2    1.0:0.0        0.0:6.0       4:01:33 PM   +69.65     7 0:4.000  0-6-0

--------------------------------------------------------------

Engine-Match Friday, August 22, 2025 4:01:34 PM
 Blitz 5/5 

Pairing 3/21 :    V7P3R_v5.0  -  Slowmate_v1.0

PGN-File: C:\Program Files (x86)\Arena\Tournaments\Best of Engine Battle 20250822.pgn

No:  B/W 1/2     W:B       1:2           Time        Value Moves Dep 1:2       1-2-Draws
   6 = =    0.5:0.5        2.5:3.5       4:05:41 PM     0.00    51 3.556 :0 2-3-1

--------------------------------------------------------------

Engine-Match Friday, August 22, 2025 4:05:43 PM
 Blitz 5/5 

Pairing 4/21 :    Random_Opponent  -  SlowMate_v2.0

PGN-File: C:\Program Files (x86)\Arena\Tournaments\Best of Engine Battle 20250822.pgn

No:  B/W 1/2     W:B       1:2           Time        Value Moves Dep 1:2       1-2-Draws
   6 = =    2.5:2.5        3.5:2.5       4:19:28 PM     0.00   101 0:0 1-0-5

--------------------------------------------------------------

Engine-Match Friday, August 22, 2025 4:19:30 PM
 Blitz 5/5 

Pairing 5/21 :    Slowmate_v1.0  -  V7P3R_v5.1

PGN-File: C:\Program Files (x86)\Arena\Tournaments\Best of Engine Battle 20250822.pgn

No:  B/W 1/2     W:B       1:2           Time        Value Moves Dep 1:2       1-2-Draws
   6 = =    1.5:1.5        3.5:2.5       4:25:14 PM     0.00    65 0:3.750  2-1-3

--------------------------------------------------------------

Engine-Match Friday, August 22, 2025 4:25:16 PM
 Blitz 5/5 

Pairing 6/21 :    SlowMate_v3.0  -  V7P3R_v5.0

PGN-File: C:\Program Files (x86)\Arena\Tournaments\Best of Engine Battle 20250822.pgn

No:  B/W 1/2     W:B       1:2           Time        Value Moves Dep 1:2       1-2-Draws
   6 B 1    1.0:0.0        6.0:0.0       4:29:02 PM   -43.95    11 3.700 :4.182  6-0-0

--------------------------------------------------------------

Engine-Match Friday, August 22, 2025 4:29:03 PM
 Blitz 5/5 

Pairing 7/21 :    C0BR4_v1.0  -  Slowmate_v1.0

PGN-File: C:\Program Files (x86)\Arena\Tournaments\Best of Engine Battle 20250822.pgn

No:  B/W 1/2     W:B       1:2           Time        Value Moves Dep 1:2       1-2-Draws
   6 W 2    1.0:0.0        0.0:6.0       4:29:44 PM     0.00    28 4.000 :0 0-6-0

--------------------------------------------------------------

Engine-Match Friday, August 22, 2025 4:29:45 PM
 Blitz 5/5 

Pairing 8/21 :    V7P3R_v5.0  -  Random_Opponent

PGN-File: C:\Program Files (x86)\Arena\Tournaments\Best of Engine Battle 20250822.pgn

No:  B/W 1/2     W:B       1:2           Time        Value Moves Dep 1:2       1-2-Draws
   6 B 1    1.0:0.0        6.0:0.0       4:31:43 PM     0.00    10 4.000 :0 6-0-0

--------------------------------------------------------------

Engine-Match Friday, August 22, 2025 4:31:49 PM
 Blitz 5/5 

Pairing 9/21 :    V7P3R_v5.1  -  SlowMate_v3.0

PGN-File: C:\Program Files (x86)\Arena\Tournaments\Best of Engine Battle 20250822.pgn

No:  B/W 1/2     W:B       1:2           Time        Value Moves Dep 1:2       1-2-Draws
   6 * *     1.0:1.0        1.0:4.0       4:37:06 PM    +9.42    16 3.933 :4.176  0-3-2
