Engine-Match Friday, August 22, 2025 4:38:04 PM
 Blitz 2/1 

Pairing 1/15 :    V7P3R_v5.1  -  C0BR4_v2.0

PGN-File: C:\Program Files (x86)\Arena\Tournaments\Engine Battle 20250822_2.pgn

No:  B/W 1/2     W:B       1:2           Time        Value Moves Dep 1:2       1-2-Draws
   1 B 2    1.0:0.0        0.0:1.0       4:38:53 PM   -14.84    13 3.000 :4.000  0-1-0

--------------------------------------------------------------

Engine-Match Friday, August 22, 2025 4:38:54 PM
 Blitz 2/1 

Pairing 2/15 :    Random_Opponent  -  SlowMate_v3.0

PGN-File: C:\Program Files (x86)\Arena\Tournaments\Engine Battle 20250822_2.pgn

No:  B/W 1/2     W:B       1:2           Time        Value Moves Dep 1:2       1-2-Draws
   1 = =    0.5:0.5        0.5:0.5       4:40:49 PM  -200.00    37 0:3.216  0-0-1

--------------------------------------------------------------

Engine-Match Friday, August 22, 2025 4:40:50 PM
 Blitz 2/1 

Pairing 3/15 :    SlowMate_v2.0  -  C0BR4_v1.0

PGN-File: C:\Program Files (x86)\Arena\Tournaments\Engine Battle 20250822_2.pgn

No:  B/W 1/2     W:B       1:2           Time        Value Moves Dep 1:2       1-2-Draws
   1 W 1    1.0:0.0        1.0:0.0       4:42:22 PM     0.00    16 0:4.000  1-0-0

--------------------------------------------------------------

Engine-Match Friday, August 22, 2025 4:42:23 PM
 Blitz 2/1 

Pairing 4/15 :    Random_Opponent  -  V7P3R_v5.1

PGN-File: C:\Program Files (x86)\Arena\Tournaments\Engine Battle 20250822_2.pgn

No:  B/W 1/2     W:B       1:2           Time        Value Moves Dep 1:2       1-2-Draws
   1 B 2    1.0:0.0        0.0:1.0       4:43:15 PM     0.00    12 0:3.083  0-1-0

--------------------------------------------------------------

Engine-Match Friday, August 22, 2025 4:43:17 PM
 Blitz 2/1 

Pairing 5/15 :    C0BR4_v1.0  -  C0BR4_v2.0

PGN-File: C:\Program Files (x86)\Arena\Tournaments\Engine Battle 20250822_2.pgn

No:  B/W 1/2     W:B       1:2           Time        Value Moves Dep 1:2       1-2-Draws
   1 W 1    1.0:0.0        1.0:0.0       4:43:45 PM  +299.99    43 4.000 :4.000  1-0-0

--------------------------------------------------------------

Engine-Match Friday, August 22, 2025 4:43:46 PM
 Blitz 2/1 

Pairing 6/15 :    SlowMate_v3.0  -  SlowMate_v2.0

PGN-File: C:\Program Files (x86)\Arena\Tournaments\Engine Battle 20250822_2.pgn

No:  B/W 1/2     W:B       1:2           Time        Value Moves Dep 1:2       1-2-Draws
   1 W 1    1.0:0.0        1.0:0.0       4:45:34 PM   +91.13    14 3.571 :0 1-0-0

--------------------------------------------------------------

Engine-Match Friday, August 22, 2025 4:45:36 PM
 Blitz 2/1 

Pairing 7/15 :    V7P3R_v5.1  -  C0BR4_v1.0

PGN-File: C:\Program Files (x86)\Arena\Tournaments\Engine Battle 20250822_2.pgn

No:  B/W 1/2     W:B       1:2           Time        Value Moves Dep 1:2       1-2-Draws
   1 W 1    1.0:0.0        1.0:0.0       4:47:24 PM   +18.10    31 2.281 :4.000  1-0-0

--------------------------------------------------------------

Engine-Match Friday, August 22, 2025 4:47:25 PM
 Blitz 2/1 

Pairing 8/15 :    SlowMate_v2.0  -  Random_Opponent

PGN-File: C:\Program Files (x86)\Arena\Tournaments\Engine Battle 20250822_2.pgn

No:  B/W 1/2     W:B       1:2           Time        Value Moves Dep 1:2       1-2-Draws
   1 = =    0.5:0.5        0.5:0.5       4:52:19 PM     0.00   133 0:0 0-0-1

--------------------------------------------------------------

Engine-Match Friday, August 22, 2025 4:52:20 PM
 Blitz 2/1 

Pairing 9/15 :    C0BR4_v2.0  -  SlowMate_v3.0

PGN-File: C:\Program Files (x86)\Arena\Tournaments\Engine Battle 20250822_2.pgn

No:  B/W 1/2     W:B       1:2           Time        Value Moves Dep 1:2       1-2-Draws
   1 = =    0.5:0.5        0.5:0.5       4:54:48 PM    -7.00    48 4.000 :3.167  0-0-1

--------------------------------------------------------------

Engine-Match Friday, August 22, 2025 4:54:50 PM
 Blitz 2/1 

Pairing 10/15 :    SlowMate_v2.0  -  V7P3R_v5.1

PGN-File: C:\Program Files (x86)\Arena\Tournaments\Engine Battle 20250822_2.pgn

No:  B/W 1/2     W:B       1:2           Time        Value Moves Dep 1:2       1-2-Draws
   1 B 2    1.0:0.0        0.0:1.0       4:58:21 PM     0.00    23 0:3.174  0-1-0

--------------------------------------------------------------

Engine-Match Friday, August 22, 2025 4:58:22 PM
 Blitz 2/1 

Pairing 11/15 :    SlowMate_v3.0  -  C0BR4_v1.0

PGN-File: C:\Program Files (x86)\Arena\Tournaments\Engine Battle 20250822_2.pgn

No:  B/W 1/2     W:B       1:2           Time        Value Moves Dep 1:2       1-2-Draws
   1 W 1    1.0:0.0        1.0:0.0       4:59:19 PM    +2.96    15 3.250 :4.000  1-0-0

--------------------------------------------------------------

Engine-Match Friday, August 22, 2025 4:59:21 PM
 Blitz 2/1 

Pairing 12/15 :    Random_Opponent  -  C0BR4_v2.0

PGN-File: C:\Program Files (x86)\Arena\Tournaments\Engine Battle 20250822_2.pgn

No:  B/W 1/2     W:B       1:2           Time        Value Moves Dep 1:2       1-2-Draws
   1 W 1    1.0:0.0        1.0:0.0       4:59:24 PM     0.00     3 0:0 1-0-0

--------------------------------------------------------------

Engine-Match Friday, August 22, 2025 4:59:25 PM
 Blitz 2/1 

Pairing 13/15 :    V7P3R_v5.1  -  SlowMate_v3.0

PGN-File: C:\Program Files (x86)\Arena\Tournaments\Engine Battle 20250822_2.pgn

No:  B/W 1/2     W:B       1:2           Time        Value Moves Dep 1:2       1-2-Draws
   1 B 2    1.0:0.0        0.0:1.0       5:01:46 PM   -31.55    21 3.048 :3.200  0-1-0

--------------------------------------------------------------

Engine-Match Friday, August 22, 2025 5:01:47 PM
 Blitz 2/1 

Pairing 14/15 :    C0BR4_v2.0  -  SlowMate_v2.0

PGN-File: C:\Program Files (x86)\Arena\Tournaments\Engine Battle 20250822_2.pgn

No:  B/W 1/2     W:B       1:2           Time        Value Moves Dep 1:2       1-2-Draws
   1 W 1    1.0:0.0        1.0:0.0       5:03:09 PM  +299.99    16 4.000 :0 1-0-0

--------------------------------------------------------------

Engine-Match Friday, August 22, 2025 5:03:10 PM
 Blitz 2/1 

Pairing 15/15 :    C0BR4_v1.0  -  Random_Opponent

PGN-File: C:\Program Files (x86)\Arena\Tournaments\Engine Battle 20250822_2.pgn

No:  B/W 1/2     W:B       1:2           Time        Value Moves Dep 1:2       1-2-Draws
   1 W 1    1.0:0.0        1.0:0.0       5:03:23 PM  +299.99    26 4.000 :0 1-0-0

--------------------------------------------------------------

Engine-Match Friday, August 22, 2025 5:03:25 PM
 Blitz 2/1 

Pairing 1/15 :    V7P3R_v5.1  -  C0BR4_v2.0

PGN-File: C:\Program Files (x86)\Arena\Tournaments\Engine Battle 20250822_2.pgn

No:  B/W 1/2     W:B       1:2           Time        Value Moves Dep 1:2       1-2-Draws
   2 W 2    1.0:0.0        0.0:2.0       5:04:25 PM   +14.19    15 3.067 :4.000  0-2-0

--------------------------------------------------------------

Engine-Match Friday, August 22, 2025 5:04:27 PM
 Blitz 2/1 

Pairing 2/15 :    Random_Opponent  -  SlowMate_v3.0

PGN-File: C:\Program Files (x86)\Arena\Tournaments\Engine Battle 20250822_2.pgn

No:  B/W 1/2     W:B       1:2           Time        Value Moves Dep 1:2       1-2-Draws
   2 W 2    1.5:0.5        0.5:1.5       5:05:19 PM  +177.36    14 0:3.357  0-1-1

--------------------------------------------------------------

Engine-Match Friday, August 22, 2025 5:05:20 PM
 Blitz 2/1 

Pairing 3/15 :    SlowMate_v2.0  -  C0BR4_v1.0

PGN-File: C:\Program Files (x86)\Arena\Tournaments\Engine Battle 20250822_2.pgn

No:  B/W 1/2     W:B       1:2           Time        Value Moves Dep 1:2       1-2-Draws
   2 B 1    1.0:0.0        2.0:0.0       5:06:34 PM     0.00    14 0:4.000  2-0-0

--------------------------------------------------------------

Engine-Match Friday, August 22, 2025 5:06:35 PM
 Blitz 2/1 

Pairing 4/15 :    Random_Opponent  -  V7P3R_v5.1

PGN-File: C:\Program Files (x86)\Arena\Tournaments\Engine Battle 20250822_2.pgn

No:  B/W 1/2     W:B       1:2           Time        Value Moves Dep 1:2       1-2-Draws
   2 W 2    1.0:0.0        0.0:2.0       5:08:06 PM     0.00    22 0:3.045  0-2-0

--------------------------------------------------------------

Engine-Match Friday, August 22, 2025 5:08:08 PM
 Blitz 2/1 

Pairing 5/15 :    C0BR4_v1.0  -  C0BR4_v2.0

PGN-File: C:\Program Files (x86)\Arena\Tournaments\Engine Battle 20250822_2.pgn

No:  B/W 1/2     W:B       1:2           Time        Value Moves Dep 1:2       1-2-Draws
   2 = =    0.5:0.5        1.5:0.5       5:08:36 PM    -4.60    39 4.000 :4.000  1-0-1

--------------------------------------------------------------

Engine-Match Friday, August 22, 2025 5:08:42 PM
 Blitz 2/1 

Pairing 6/15 :    SlowMate_v3.0  -  SlowMate_v2.0

PGN-File: C:\Program Files (x86)\Arena\Tournaments\Engine Battle 20250822_2.pgn

No:  B/W 1/2     W:B       1:2           Time        Value Moves Dep 1:2       1-2-Draws
   2 = =    0.5:0.5        1.5:0.5       5:11:21 PM   -14.83    19 3.263 :0 1-0-1

--------------------------------------------------------------

Engine-Match Friday, August 22, 2025 5:11:22 PM
 Blitz 2/1 

Pairing 7/15 :    V7P3R_v5.1  -  C0BR4_v1.0

PGN-File: C:\Program Files (x86)\Arena\Tournaments\Engine Battle 20250822_2.pgn

No:  B/W 1/2     W:B       1:2           Time        Value Moves Dep 1:2       1-2-Draws
   2 B 1    1.0:0.0        2.0:0.0       5:12:45 PM   +66.24    22 3.043 :4.000  2-0-0

--------------------------------------------------------------

Engine-Match Friday, August 22, 2025 5:12:46 PM
 Blitz 2/1 

Pairing 8/15 :    SlowMate_v2.0  -  Random_Opponent

PGN-File: C:\Program Files (x86)\Arena\Tournaments\Engine Battle 20250822_2.pgn

No:  B/W 1/2     W:B       1:2           Time        Value Moves Dep 1:2       1-2-Draws
   2 = =    1.0:1.0        1.0:1.0       5:17:26 PM     0.00   124 0:0 0-0-2

--------------------------------------------------------------

Engine-Match Friday, August 22, 2025 5:17:28 PM
 Blitz 2/1 

Pairing 9/15 :    C0BR4_v2.0  -  SlowMate_v3.0

PGN-File: C:\Program Files (x86)\Arena\Tournaments\Engine Battle 20250822_2.pgn

No:  B/W 1/2     W:B       1:2           Time        Value Moves Dep 1:2       1-2-Draws
   2 * *     0.5:0.5        0.5:0.5       5:19:15 PM    +2.60    31 4.000 :3.286  0-0-1

--------------------------------------------------------------

Engine-Match Friday, August 22, 2025 5:20:16 PM
 Blitz 2/1 

Pairing 4/21 :    V7P3R_v6.0  -  Random_Opponent

PGN-File: C:\Program Files (x86)\Arena\Tournaments\Engine Battle 20250822_2.pgn

No:  B/W 1/2     W:B       1:2           Time        Value Moves Dep 1:2       1-2-Draws
   1 * *     0.0:0.0        0.0:0.0       5:20:53 PM    +3.72     8 3.000 :0 0-0-0
