Engine-Match Monday, July 28, 2025 9:57:05 PM
 Blitz 2/1 

Pairing 1/8 :    Cecilia_v0.1.0_Basic  -  Cecilia_v0.2.0_Enhanced

PGN-File: C:\Program Files (x86)\Arena\Tournaments\Engine Battle 20250728.pgn

No:  B/W 1/2     W:B       1:2           Time        Value Moves Dep 1:2       1-2-Draws
   1 * *     0.0:0.0        0.0:0.0       9:58:05 PM     0.00     1 0:0 0-0-0

--------------------------------------------------------------

Engine-Match Monday, July 28, 2025 9:58:19 PM
 Blitz 2/1 

Pairing 1/7 :    Cecilia_v0.1.0_Basic  -  Cecilia_v0.3.0_Advanced

PGN-File: C:\Program Files (x86)\Arena\Tournaments\Engine Battle 20250728.pgn

No:  B/W 1/2     W:B       1:2           Time        Value Moves Dep 1:2       1-2-Draws
   1 * *     0.0:0.0        0.0:0.0       9:58:36 PM     0.00     1 0:0 0-0-0

--------------------------------------------------------------

Engine-Match Monday, July 28, 2025 9:58:46 PM
 Blitz 2/1 

Pairing 1/6 :    Cecilia_v0.1.0_Basic  -  SlowMate_v0.0.00_DELTA

PGN-File: C:\Program Files (x86)\Arena\Tournaments\Engine Battle 20250728.pgn

No:  B/W 1/2     W:B       1:2           Time        Value Moves Dep 1:2       1-2-Draws
   1 B 2    1.0:0.0        0.0:1.0       9:58:56 PM   -40.24    12 0:0 0-1-0

--------------------------------------------------------------

Engine-Match Monday, July 28, 2025 9:58:57 PM
 Blitz 2/1 

Pairing 2/6 :    Cecilia_v0.1.0_Basic  -  SlowMate_v0.1.0_BETA

PGN-File: C:\Program Files (x86)\Arena\Tournaments\Engine Battle 20250728.pgn

No:  B/W 1/2     W:B       1:2           Time        Value Moves Dep 1:2       1-2-Draws
   1 B 2    1.0:0.0        0.0:1.0       9:59:06 PM   -40.24    12 0:0 0-1-0

--------------------------------------------------------------

Engine-Match Monday, July 28, 2025 9:59:07 PM
 Blitz 2/1 

Pairing 3/6 :    Cecilia_v0.1.0_Basic  -  SlowMate_v0.2.0_BETA

PGN-File: C:\Program Files (x86)\Arena\Tournaments\Engine Battle 20250728.pgn

No:  B/W 1/2     W:B       1:2           Time        Value Moves Dep 1:2       1-2-Draws
   1 B 2    1.0:0.0        0.0:1.0       9:59:54 PM   -42.89   112 0:0 0-1-0

--------------------------------------------------------------

Engine-Match Monday, July 28, 2025 9:59:55 PM
 Blitz 2/1 

Pairing 4/6 :    Cecilia_v0.1.0_Basic  -  SlowMate_v0.3.0_BETA

PGN-File: C:\Program Files (x86)\Arena\Tournaments\Engine Battle 20250728.pgn

No:  B/W 1/2     W:B       1:2           Time        Value Moves Dep 1:2       1-2-Draws
   1 B 2    1.0:0.0        0.0:1.0       10:00:38 PM    -M500    49 0:8.000  0-1-0

--------------------------------------------------------------

Engine-Match Monday, July 28, 2025 10:00:40 PM
 Blitz 2/1 

Pairing 5/6 :    Cecilia_v0.1.0_Basic  -  SlowMate_v0.4.0_BETA

PGN-File: C:\Program Files (x86)\Arena\Tournaments\Engine Battle 20250728.pgn

No:  B/W 1/2     W:B       1:2           Time        Value Moves Dep 1:2       1-2-Draws
   1 B 2    1.0:0.0        0.0:1.0       10:00:52 PM     0.00    33 0:0 0-1-0

--------------------------------------------------------------

Engine-Match Monday, July 28, 2025 10:00:53 PM
 Blitz 2/1 

Pairing 6/6 :    Cecilia_v0.1.0_Basic  -  SlowMate_v0.4.03_Stable_Baseline

PGN-File: C:\Program Files (x86)\Arena\Tournaments\Engine Battle 20250728.pgn

No:  B/W 1/2     W:B       1:2           Time        Value Moves Dep 1:2       1-2-Draws
   1 B 2    1.0:0.0        0.0:1.0       10:01:17 PM   -33.00    30 0:8.000  0-1-0

--------------------------------------------------------------

Engine-Match Monday, July 28, 2025 10:01:47 PM
 Blitz 2/1 

Pairing 2/21 :    SlowMate_v0.3.0_BETA  -  SlowMate_v0.0.00_DELTA

PGN-File: C:\Program Files (x86)\Arena\Tournaments\Engine Battle 20250728.pgn

No:  B/W 1/2     W:B       1:2           Time        Value Moves Dep 1:2       1-2-Draws
   1 W 1    1.0:0.0        1.0:0.0       10:02:06 PM   +18.51    20 8.000 :0 1-0-0

--------------------------------------------------------------

Engine-Match Monday, July 28, 2025 10:02:07 PM
 Blitz 2/1 

Pairing 3/21 :    SlowMate_v0.1.0_BETA  -  SlowMate_v0.2.0_BETA

PGN-File: C:\Program Files (x86)\Arena\Tournaments\Engine Battle 20250728.pgn

No:  B/W 1/2     W:B       1:2           Time        Value Moves Dep 1:2       1-2-Draws
   1 W 1    1.0:0.0        1.0:0.0       10:02:23 PM    +9.08    25 0:0 1-0-0

--------------------------------------------------------------

Engine-Match Monday, July 28, 2025 10:02:25 PM
 Blitz 2/1 

Pairing 4/21 :    SlowMate_v0.4.03_Stable_Baseline  -  SlowMate_v0.3.0_BETA

PGN-File: C:\Program Files (x86)\Arena\Tournaments\Engine Battle 20250728.pgn

No:  B/W 1/2     W:B       1:2           Time        Value Moves Dep 1:2       1-2-Draws
   1 W 1    1.0:0.0        1.0:0.0       10:04:03 PM    +M500   101 8.000 :8.000  1-0-0

--------------------------------------------------------------

Engine-Match Monday, July 28, 2025 10:04:04 PM
 Blitz 2/1 

Pairing 6/21 :    SlowMate_v0.0.00_DELTA  -  SlowMate_v0.1.0_BETA

PGN-File: C:\Program Files (x86)\Arena\Tournaments\Engine Battle 20250728.pgn

No:  B/W 1/2     W:B       1:2           Time        Value Moves Dep 1:2       1-2-Draws
   1 W 1    1.0:0.0        1.0:0.0       10:04:29 PM   +19.10    38 0:0 1-0-0

--------------------------------------------------------------

Engine-Match Monday, July 28, 2025 10:04:31 PM
 Blitz 2/1 

Pairing 7/21 :    SlowMate_v0.4.0_BETA  -  SlowMate_v0.2.0_BETA

PGN-File: C:\Program Files (x86)\Arena\Tournaments\Engine Battle 20250728.pgn

No:  B/W 1/2     W:B       1:2           Time        Value Moves Dep 1:2       1-2-Draws
   1 B 2    1.0:0.0        0.0:1.0       10:04:36 PM   -13.87     8 0:0 0-1-0

--------------------------------------------------------------

Engine-Match Monday, July 28, 2025 10:04:38 PM
 Blitz 2/1 

Pairing 8/21 :    SlowMate_v0.1.0_BETA  -  SlowMate_v0.4.03_Stable_Baseline

PGN-File: C:\Program Files (x86)\Arena\Tournaments\Engine Battle 20250728.pgn

No:  B/W 1/2     W:B       1:2           Time        Value Moves Dep 1:2       1-2-Draws
   1 W 1    1.0:0.0        1.0:0.0       10:04:53 PM    +9.76    14 0:8.000  1-0-0

--------------------------------------------------------------

Engine-Match Monday, July 28, 2025 10:04:54 PM
 Blitz 2/1 

Pairing 10/21 :    SlowMate_v0.3.0_BETA  -  SlowMate_v0.1.0_BETA

PGN-File: C:\Program Files (x86)\Arena\Tournaments\Engine Battle 20250728.pgn

No:  B/W 1/2     W:B       1:2           Time        Value Moves Dep 1:2       1-2-Draws
   1 B 2    1.0:0.0        0.0:1.0       10:05:04 PM  -140.00     8 8.000 :0 0-1-0

--------------------------------------------------------------

Engine-Match Monday, July 28, 2025 10:05:05 PM
 Blitz 2/1 

Pairing 11/21 :    SlowMate_v0.0.00_DELTA  -  SlowMate_v0.4.0_BETA

PGN-File: C:\Program Files (x86)\Arena\Tournaments\Engine Battle 20250728.pgn

No:  B/W 1/2     W:B       1:2           Time        Value Moves Dep 1:2       1-2-Draws
   1 W 1    1.0:0.0        1.0:0.0       10:05:23 PM   +42.71    27 0:0 1-0-0

--------------------------------------------------------------

Engine-Match Monday, July 28, 2025 10:05:25 PM
 Blitz 2/1 

Pairing 13/21 :    SlowMate_v0.2.0_BETA  -  SlowMate_v0.0.00_DELTA

PGN-File: C:\Program Files (x86)\Arena\Tournaments\Engine Battle 20250728.pgn

No:  B/W 1/2     W:B       1:2           Time        Value Moves Dep 1:2       1-2-Draws
   1 W 1    1.0:0.0        1.0:0.0       10:05:38 PM   +18.51    20 0:0 1-0-0

--------------------------------------------------------------

Engine-Match Monday, July 28, 2025 10:05:40 PM
 Blitz 2/1 

Pairing 15/21 :    SlowMate_v0.4.0_BETA  -  SlowMate_v0.4.03_Stable_Baseline

PGN-File: C:\Program Files (x86)\Arena\Tournaments\Engine Battle 20250728.pgn

No:  B/W 1/2     W:B       1:2           Time        Value Moves Dep 1:2       1-2-Draws
   1 B 2    1.0:0.0        0.0:1.0       10:05:58 PM   -36.70    21 0:8.000  0-1-0

--------------------------------------------------------------

Engine-Match Monday, July 28, 2025 10:06:00 PM
 Blitz 2/1 

Pairing 17/21 :    SlowMate_v0.4.03_Stable_Baseline  -  SlowMate_v0.2.0_BETA

PGN-File: C:\Program Files (x86)\Arena\Tournaments\Engine Battle 20250728.pgn

No:  B/W 1/2     W:B       1:2           Time        Value Moves Dep 1:2       1-2-Draws
   1 W 1    1.0:0.0        1.0:0.0       10:06:14 PM   +15.76    15 8.000 :0 1-0-0

--------------------------------------------------------------

Engine-Match Monday, July 28, 2025 10:06:15 PM
 Blitz 2/1 

Pairing 18/21 :    SlowMate_v0.3.0_BETA  -  SlowMate_v0.4.0_BETA

PGN-File: C:\Program Files (x86)\Arena\Tournaments\Engine Battle 20250728.pgn

No:  B/W 1/2     W:B       1:2           Time        Value Moves Dep 1:2       1-2-Draws
   1 W 1    1.0:0.0        1.0:0.0       10:06:35 PM    +M500    24 8.000 :0 1-0-0

--------------------------------------------------------------

Engine-Match Monday, July 28, 2025 10:06:36 PM
 Blitz 2/1 

Pairing 19/21 :    SlowMate_v0.0.00_DELTA  -  SlowMate_v0.4.03_Stable_Baseline

PGN-File: C:\Program Files (x86)\Arena\Tournaments\Engine Battle 20250728.pgn

No:  B/W 1/2     W:B       1:2           Time        Value Moves Dep 1:2       1-2-Draws
   1 B 2    1.0:0.0        0.0:1.0       10:07:00 PM    -9.00    23 0:8.000  0-1-0

--------------------------------------------------------------

Engine-Match Monday, July 28, 2025 10:07:01 PM
 Blitz 2/1 

Pairing 20/21 :    SlowMate_v0.4.0_BETA  -  SlowMate_v0.1.0_BETA

PGN-File: C:\Program Files (x86)\Arena\Tournaments\Engine Battle 20250728.pgn

No:  B/W 1/2     W:B       1:2           Time        Value Moves Dep 1:2       1-2-Draws
   1 B 2    1.0:0.0        0.0:1.0       10:07:11 PM   -36.13    13 0:0 0-1-0

--------------------------------------------------------------

Engine-Match Monday, July 28, 2025 10:07:12 PM
 Blitz 2/1 

Pairing 21/21 :    SlowMate_v0.2.0_BETA  -  SlowMate_v0.3.0_BETA

PGN-File: C:\Program Files (x86)\Arena\Tournaments\Engine Battle 20250728.pgn

No:  B/W 1/2     W:B       1:2           Time        Value Moves Dep 1:2       1-2-Draws
   1 W 1    1.0:0.0        1.0:0.0       10:07:28 PM   +55.00    21 0:8.000  1-0-0

--------------------------------------------------------------

Engine-Match Monday, July 28, 2025 10:07:29 PM
 Blitz 2/1 

Pairing 1/21 :    Cecilia_v0.1.0_Basic  -  SlowMate_v0.4.0_BETA

PGN-File: C:\Program Files (x86)\Arena\Tournaments\Engine Battle 20250728.pgn

No:  B/W 1/2     W:B       1:2           Time        Value Moves Dep 1:2       1-2-Draws
   2 = =    0.5:0.5        0.5:1.5       10:08:58 PM     0.00   241 0:0 0-1-1

--------------------------------------------------------------

Engine-Match Monday, July 28, 2025 10:08:59 PM
 Blitz 2/1 

Pairing 2/21 :    SlowMate_v0.3.0_BETA  -  SlowMate_v0.0.00_DELTA

PGN-File: C:\Program Files (x86)\Arena\Tournaments\Engine Battle 20250728.pgn

No:  B/W 1/2     W:B       1:2           Time        Value Moves Dep 1:2       1-2-Draws
   2 W 2    1.0:0.0        1.0:1.0       10:09:23 PM    +M500    28 8.000 :0 1-1-0

--------------------------------------------------------------

Engine-Match Monday, July 28, 2025 10:09:25 PM
 Blitz 2/1 

Pairing 3/21 :    SlowMate_v0.1.0_BETA  -  SlowMate_v0.2.0_BETA

PGN-File: C:\Program Files (x86)\Arena\Tournaments\Engine Battle 20250728.pgn

No:  B/W 1/2     W:B       1:2           Time        Value Moves Dep 1:2       1-2-Draws
   2 B 1    1.0:0.0        2.0:0.0       10:09:40 PM   -13.33    24 0:0 2-0-0

--------------------------------------------------------------

Engine-Match Monday, July 28, 2025 10:09:41 PM
 Blitz 2/1 

Pairing 4/21 :    SlowMate_v0.4.03_Stable_Baseline  -  SlowMate_v0.3.0_BETA

PGN-File: C:\Program Files (x86)\Arena\Tournaments\Engine Battle 20250728.pgn

No:  B/W 1/2     W:B       1:2           Time        Value Moves Dep 1:2       1-2-Draws
   2 B 1    1.0:0.0        2.0:0.0       10:09:59 PM    -M500    14 8.000 :8.000  2-0-0

--------------------------------------------------------------

Engine-Match Monday, July 28, 2025 10:10:00 PM
 Blitz 2/1 

Pairing 5/21 :    SlowMate_v0.2.0_BETA  -  Cecilia_v0.1.0_Basic

PGN-File: C:\Program Files (x86)\Arena\Tournaments\Engine Battle 20250728.pgn

No:  B/W 1/2     W:B       1:2           Time        Value Moves Dep 1:2       1-2-Draws
   2 B 1    1.0:0.0        2.0:0.0       10:10:20 PM   -35.91    45 0:0 2-0-0

--------------------------------------------------------------

Engine-Match Monday, July 28, 2025 10:10:27 PM
 Blitz 2/1 

Pairing 6/21 :    SlowMate_v0.0.00_DELTA  -  SlowMate_v0.1.0_BETA

PGN-File: C:\Program Files (x86)\Arena\Tournaments\Engine Battle 20250728.pgn

No:  B/W 1/2     W:B       1:2           Time        Value Moves Dep 1:2       1-2-Draws
   2 W 2    1.0:0.0        1.0:1.0       10:10:36 PM   +27.03    11 0:0 1-1-0

--------------------------------------------------------------

Engine-Match Monday, July 28, 2025 10:10:38 PM
 Blitz 2/1 

Pairing 7/21 :    SlowMate_v0.4.0_BETA  -  SlowMate_v0.2.0_BETA

PGN-File: C:\Program Files (x86)\Arena\Tournaments\Engine Battle 20250728.pgn

No:  B/W 1/2     W:B       1:2           Time        Value Moves Dep 1:2       1-2-Draws
   2 W 2    1.0:0.0        0.0:2.0       10:11:01 PM   +55.00    54 0:0 0-2-0

--------------------------------------------------------------

Engine-Match Monday, July 28, 2025 10:11:02 PM
 Blitz 2/1 

Pairing 8/21 :    SlowMate_v0.1.0_BETA  -  SlowMate_v0.4.03_Stable_Baseline

PGN-File: C:\Program Files (x86)\Arena\Tournaments\Engine Battle 20250728.pgn

No:  B/W 1/2     W:B       1:2           Time        Value Moves Dep 1:2       1-2-Draws
   2 B 1    1.0:0.0        2.0:0.0       10:11:17 PM   -13.30    14 0:8.000  2-0-0

--------------------------------------------------------------

Engine-Match Monday, July 28, 2025 10:11:18 PM
 Blitz 2/1 

Pairing 9/21 :    Cecilia_v0.1.0_Basic  -  SlowMate_v0.0.00_DELTA

PGN-File: C:\Program Files (x86)\Arena\Tournaments\Engine Battle 20250728.pgn

No:  B/W 1/2     W:B       1:2           Time        Value Moves Dep 1:2       1-2-Draws
   2 W 2    1.0:0.0        0.0:2.0       10:11:28 PM   +27.93    12 0:0 0-2-0

--------------------------------------------------------------

Engine-Match Monday, July 28, 2025 10:11:29 PM
 Blitz 2/1 

Pairing 10/21 :    SlowMate_v0.3.0_BETA  -  SlowMate_v0.1.0_BETA

PGN-File: C:\Program Files (x86)\Arena\Tournaments\Engine Battle 20250728.pgn

No:  B/W 1/2     W:B       1:2           Time        Value Moves Dep 1:2       1-2-Draws
   2 B 1    1.0:0.0        1.0:1.0       10:11:57 PM   -11.38    34 8.000 :0 1-1-0

--------------------------------------------------------------

Engine-Match Monday, July 28, 2025 10:11:58 PM
 Blitz 2/1 

Pairing 11/21 :    SlowMate_v0.0.00_DELTA  -  SlowMate_v0.4.0_BETA

PGN-File: C:\Program Files (x86)\Arena\Tournaments\Engine Battle 20250728.pgn

No:  B/W 1/2     W:B       1:2           Time        Value Moves Dep 1:2       1-2-Draws
   2 B 1    1.0:0.0        2.0:0.0       10:12:10 PM   -33.49    16 0:0 2-0-0

--------------------------------------------------------------

Engine-Match Monday, July 28, 2025 10:12:11 PM
 Blitz 2/1 

Pairing 12/21 :    SlowMate_v0.4.03_Stable_Baseline  -  Cecilia_v0.1.0_Basic

PGN-File: C:\Program Files (x86)\Arena\Tournaments\Engine Battle 20250728.pgn

No:  B/W 1/2     W:B       1:2           Time        Value Moves Dep 1:2       1-2-Draws
   2 B 1    1.0:0.0        2.0:0.0       10:12:29 PM   -34.00    20 8.000 :0 2-0-0

--------------------------------------------------------------

Engine-Match Monday, July 28, 2025 10:12:30 PM
 Blitz 2/1 

Pairing 13/21 :    SlowMate_v0.2.0_BETA  -  SlowMate_v0.0.00_DELTA

PGN-File: C:\Program Files (x86)\Arena\Tournaments\Engine Battle 20250728.pgn

No:  B/W 1/2     W:B       1:2           Time        Value Moves Dep 1:2       1-2-Draws
   2 B 1    1.0:0.0        2.0:0.0       10:13:09 PM   -16.67    81 0:0 2-0-0

--------------------------------------------------------------

Engine-Match Monday, July 28, 2025 10:13:10 PM
 Blitz 2/1 

Pairing 14/21 :    Cecilia_v0.1.0_Basic  -  SlowMate_v0.3.0_BETA

PGN-File: C:\Program Files (x86)\Arena\Tournaments\Engine Battle 20250728.pgn

No:  B/W 1/2     W:B       1:2           Time        Value Moves Dep 1:2       1-2-Draws
   2 W 2    1.0:0.0        0.0:2.0       10:15:28 PM    +M500   171 0:8.000  0-2-0

--------------------------------------------------------------

Engine-Match Monday, July 28, 2025 10:15:29 PM
 Blitz 2/1 

Pairing 15/21 :    SlowMate_v0.4.0_BETA  -  SlowMate_v0.4.03_Stable_Baseline

PGN-File: C:\Program Files (x86)\Arena\Tournaments\Engine Battle 20250728.pgn

No:  B/W 1/2     W:B       1:2           Time        Value Moves Dep 1:2       1-2-Draws
   2 W 2    1.0:0.0        0.0:2.0       10:15:55 PM   +31.00    32 0:8.000  0-2-0

--------------------------------------------------------------

Engine-Match Monday, July 28, 2025 10:15:56 PM
 Blitz 2/1 

Pairing 16/21 :    SlowMate_v0.1.0_BETA  -  Cecilia_v0.1.0_Basic

PGN-File: C:\Program Files (x86)\Arena\Tournaments\Engine Battle 20250728.pgn

No:  B/W 1/2     W:B       1:2           Time        Value Moves Dep 1:2       1-2-Draws
   2 B 1    1.0:0.0        2.0:0.0       10:16:06 PM   -40.24    12 0:0 2-0-0

--------------------------------------------------------------

Engine-Match Monday, July 28, 2025 10:16:08 PM
 Blitz 2/1 

Pairing 17/21 :    SlowMate_v0.4.03_Stable_Baseline  -  SlowMate_v0.2.0_BETA

PGN-File: C:\Program Files (x86)\Arena\Tournaments\Engine Battle 20250728.pgn

No:  B/W 1/2     W:B       1:2           Time        Value Moves Dep 1:2       1-2-Draws
   2 W 2    1.0:0.0        1.0:1.0       10:16:24 PM   +14.00    17 8.000 :0 1-1-0

--------------------------------------------------------------

Engine-Match Monday, July 28, 2025 10:16:25 PM
 Blitz 2/1 

Pairing 18/21 :    SlowMate_v0.3.0_BETA  -  SlowMate_v0.4.0_BETA

PGN-File: C:\Program Files (x86)\Arena\Tournaments\Engine Battle 20250728.pgn

No:  B/W 1/2     W:B       1:2           Time        Value Moves Dep 1:2       1-2-Draws
   2 B 1    1.0:0.0        2.0:0.0       10:16:59 PM    -M500    39 8.000 :0 2-0-0

--------------------------------------------------------------

Engine-Match Monday, July 28, 2025 10:17:00 PM
 Blitz 2/1 

Pairing 19/21 :    SlowMate_v0.0.00_DELTA  -  SlowMate_v0.4.03_Stable_Baseline

PGN-File: C:\Program Files (x86)\Arena\Tournaments\Engine Battle 20250728.pgn

No:  B/W 1/2     W:B       1:2           Time        Value Moves Dep 1:2       1-2-Draws
   2 B 1    1.0:0.0        1.0:1.0       10:18:12 PM   -15.00    82 0:8.000  1-1-0

--------------------------------------------------------------

Engine-Match Monday, July 28, 2025 10:18:13 PM
 Blitz 2/1 

Pairing 20/21 :    SlowMate_v0.4.0_BETA  -  SlowMate_v0.1.0_BETA

PGN-File: C:\Program Files (x86)\Arena\Tournaments\Engine Battle 20250728.pgn

No:  B/W 1/2     W:B       1:2           Time        Value Moves Dep 1:2       1-2-Draws
   2 W 2    1.0:0.0        0.0:2.0       10:18:29 PM   +44.72    25 0:0 0-2-0

--------------------------------------------------------------

Engine-Match Monday, July 28, 2025 10:18:30 PM
 Blitz 2/1 

Pairing 21/21 :    SlowMate_v0.2.0_BETA  -  SlowMate_v0.3.0_BETA

PGN-File: C:\Program Files (x86)\Arena\Tournaments\Engine Battle 20250728.pgn

No:  B/W 1/2     W:B       1:2           Time        Value Moves Dep 1:2       1-2-Draws
   2 B 1    1.0:0.0        2.0:0.0       10:18:38 PM    -M500     8 0:8.000  2-0-0

--------------------------------------------------------------

Engine-Match Monday, July 28, 2025 10:18:40 PM
 Blitz 2/1 

Pairing 1/21 :    Cecilia_v0.1.0_Basic  -  SlowMate_v0.4.0_BETA

PGN-File: C:\Program Files (x86)\Arena\Tournaments\Engine Battle 20250728.pgn

No:  B/W 1/2     W:B       1:2           Time        Value Moves Dep 1:2       1-2-Draws
   3 B 2    1.5:0.5        0.5:2.5       10:18:51 PM     0.00    25 0:0 0-2-1

--------------------------------------------------------------

Engine-Match Monday, July 28, 2025 10:18:52 PM
 Blitz 2/1 

Pairing 2/21 :    SlowMate_v0.3.0_BETA  -  SlowMate_v0.0.00_DELTA

PGN-File: C:\Program Files (x86)\Arena\Tournaments\Engine Battle 20250728.pgn

No:  B/W 1/2     W:B       1:2           Time        Value Moves Dep 1:2       1-2-Draws
   3 W 1    1.0:0.0        2.0:1.0       10:19:11 PM   +18.51    20 8.000 :0 2-1-0

--------------------------------------------------------------

Engine-Match Monday, July 28, 2025 10:19:13 PM
 Blitz 2/1 

Pairing 3/21 :    SlowMate_v0.1.0_BETA  -  SlowMate_v0.2.0_BETA

PGN-File: C:\Program Files (x86)\Arena\Tournaments\Engine Battle 20250728.pgn

No:  B/W 1/2     W:B       1:2           Time        Value Moves Dep 1:2       1-2-Draws
   3 W 1    1.0:0.0        3.0:0.0       10:19:29 PM    +9.08    25 0:0 3-0-0

--------------------------------------------------------------

Engine-Match Monday, July 28, 2025 10:19:30 PM
 Blitz 2/1 

Pairing 4/21 :    SlowMate_v0.4.03_Stable_Baseline  -  SlowMate_v0.3.0_BETA

PGN-File: C:\Program Files (x86)\Arena\Tournaments\Engine Battle 20250728.pgn

No:  B/W 1/2     W:B       1:2           Time        Value Moves Dep 1:2       1-2-Draws
   3 W 1    1.0:0.0        3.0:0.0       10:19:50 PM    +M500    17 8.000 :8.000  3-0-0

--------------------------------------------------------------

Engine-Match Monday, July 28, 2025 10:19:56 PM
 Blitz 2/1 

Pairing 5/21 :    SlowMate_v0.2.0_BETA  -  Cecilia_v0.1.0_Basic

PGN-File: C:\Program Files (x86)\Arena\Tournaments\Engine Battle 20250728.pgn

No:  B/W 1/2     W:B       1:2           Time        Value Moves Dep 1:2       1-2-Draws
   3 W 1    1.0:0.0        3.0:0.0       10:20:46 PM   +50.46   123 0:0 3-0-0

--------------------------------------------------------------

Engine-Match Monday, July 28, 2025 10:20:47 PM
 Blitz 2/1 

Pairing 6/21 :    SlowMate_v0.0.00_DELTA  -  SlowMate_v0.1.0_BETA

PGN-File: C:\Program Files (x86)\Arena\Tournaments\Engine Battle 20250728.pgn

No:  B/W 1/2     W:B       1:2           Time        Value Moves Dep 1:2       1-2-Draws
   3 W 1    1.0:0.0        2.0:1.0       10:21:12 PM   +14.98    35 0:0 2-1-0

--------------------------------------------------------------

Engine-Match Monday, July 28, 2025 10:21:13 PM
 Blitz 2/1 

Pairing 7/21 :    SlowMate_v0.4.0_BETA  -  SlowMate_v0.2.0_BETA

PGN-File: C:\Program Files (x86)\Arena\Tournaments\Engine Battle 20250728.pgn

No:  B/W 1/2     W:B       1:2           Time        Value Moves Dep 1:2       1-2-Draws
   3 B 2    1.0:0.0        0.0:3.0       10:21:36 PM   -46.10    54 0:0 0-3-0

--------------------------------------------------------------

Engine-Match Monday, July 28, 2025 10:21:37 PM
 Blitz 2/1 

Pairing 8/21 :    SlowMate_v0.1.0_BETA  -  SlowMate_v0.4.03_Stable_Baseline

PGN-File: C:\Program Files (x86)\Arena\Tournaments\Engine Battle 20250728.pgn

No:  B/W 1/2     W:B       1:2           Time        Value Moves Dep 1:2       1-2-Draws
   3 W 1    1.0:0.0        3.0:0.0       10:22:02 PM   +10.30    24 0:8.000  3-0-0

--------------------------------------------------------------

Engine-Match Monday, July 28, 2025 10:22:04 PM
 Blitz 2/1 

Pairing 9/21 :    Cecilia_v0.1.0_Basic  -  SlowMate_v0.0.00_DELTA

PGN-File: C:\Program Files (x86)\Arena\Tournaments\Engine Battle 20250728.pgn

No:  B/W 1/2     W:B       1:2           Time        Value Moves Dep 1:2       1-2-Draws
   3 B 2    1.0:0.0        0.0:3.0       10:22:14 PM   -40.24    12 0:0 0-3-0

--------------------------------------------------------------

Engine-Match Monday, July 28, 2025 10:22:15 PM
 Blitz 2/1 

Pairing 10/21 :    SlowMate_v0.3.0_BETA  -  SlowMate_v0.1.0_BETA

PGN-File: C:\Program Files (x86)\Arena\Tournaments\Engine Battle 20250728.pgn

No:  B/W 1/2     W:B       1:2           Time        Value Moves Dep 1:2       1-2-Draws
   3 W 1    1.0:0.0        2.0:1.0       10:22:34 PM   +18.51    20 8.000 :0 2-1-0

--------------------------------------------------------------

Engine-Match Monday, July 28, 2025 10:22:36 PM
 Blitz 2/1 

Pairing 11/21 :    SlowMate_v0.0.00_DELTA  -  SlowMate_v0.4.0_BETA

PGN-File: C:\Program Files (x86)\Arena\Tournaments\Engine Battle 20250728.pgn

No:  B/W 1/2     W:B       1:2           Time        Value Moves Dep 1:2       1-2-Draws
   3 W 1    1.0:0.0        3.0:0.0       10:22:50 PM   +54.54    20 0:0 3-0-0

--------------------------------------------------------------

Engine-Match Monday, July 28, 2025 10:22:51 PM
 Blitz 2/1 

Pairing 12/21 :    SlowMate_v0.4.03_Stable_Baseline  -  Cecilia_v0.1.0_Basic

PGN-File: C:\Program Files (x86)\Arena\Tournaments\Engine Battle 20250728.pgn

No:  B/W 1/2     W:B       1:2           Time        Value Moves Dep 1:2       1-2-Draws
   3 W 1    1.0:0.0        3.0:0.0       10:23:37 PM   +40.00    57 8.000 :0 3-0-0

--------------------------------------------------------------

Engine-Match Monday, July 28, 2025 10:23:38 PM
 Blitz 2/1 

Pairing 13/21 :    SlowMate_v0.2.0_BETA  -  SlowMate_v0.0.00_DELTA

PGN-File: C:\Program Files (x86)\Arena\Tournaments\Engine Battle 20250728.pgn

No:  B/W 1/2     W:B       1:2           Time        Value Moves Dep 1:2       1-2-Draws
   3 B 2    1.0:0.0        2.0:1.0       10:23:55 PM   -11.53    29 0:0 2-1-0

--------------------------------------------------------------

Engine-Match Monday, July 28, 2025 10:23:57 PM
 Blitz 2/1 

Pairing 14/21 :    Cecilia_v0.1.0_Basic  -  SlowMate_v0.3.0_BETA

PGN-File: C:\Program Files (x86)\Arena\Tournaments\Engine Battle 20250728.pgn

No:  B/W 1/2     W:B       1:2           Time        Value Moves Dep 1:2       1-2-Draws
   3 B 2    1.0:0.0        0.0:3.0       10:24:26 PM    -M500    33 0:8.000  0-3-0

--------------------------------------------------------------

Engine-Match Monday, July 28, 2025 10:24:27 PM
 Blitz 2/1 

Pairing 15/21 :    SlowMate_v0.4.0_BETA  -  SlowMate_v0.4.03_Stable_Baseline

PGN-File: C:\Program Files (x86)\Arena\Tournaments\Engine Battle 20250728.pgn

No:  B/W 1/2     W:B       1:2           Time        Value Moves Dep 1:2       1-2-Draws
   3 B 2    1.0:0.0        0.0:3.0       10:24:46 PM   -40.00    22 0:8.000  0-3-0

--------------------------------------------------------------

Engine-Match Monday, July 28, 2025 10:24:47 PM
 Blitz 2/1 

Pairing 16/21 :    SlowMate_v0.1.0_BETA  -  Cecilia_v0.1.0_Basic

PGN-File: C:\Program Files (x86)\Arena\Tournaments\Engine Battle 20250728.pgn

No:  B/W 1/2     W:B       1:2           Time        Value Moves Dep 1:2       1-2-Draws
   3 W 1    1.0:0.0        3.0:0.0       10:24:57 PM   +29.67    12 0:0 3-0-0

--------------------------------------------------------------

Engine-Match Monday, July 28, 2025 10:24:58 PM
 Blitz 2/1 

Pairing 17/21 :    SlowMate_v0.4.03_Stable_Baseline  -  SlowMate_v0.2.0_BETA

PGN-File: C:\Program Files (x86)\Arena\Tournaments\Engine Battle 20250728.pgn

No:  B/W 1/2     W:B       1:2           Time        Value Moves Dep 1:2       1-2-Draws
   3 = =    0.5:0.5        1.5:1.5       10:27:28 PM    -5.00   190 8.000 :0 1-1-1

--------------------------------------------------------------

Engine-Match Monday, July 28, 2025 10:27:29 PM
 Blitz 2/1 

Pairing 18/21 :    SlowMate_v0.3.0_BETA  -  SlowMate_v0.4.0_BETA

PGN-File: C:\Program Files (x86)\Arena\Tournaments\Engine Battle 20250728.pgn

No:  B/W 1/2     W:B       1:2           Time        Value Moves Dep 1:2       1-2-Draws
   3 W 1    1.0:0.0        3.0:0.0       10:27:40 PM    +M500    12 8.000 :0 3-0-0

--------------------------------------------------------------

Engine-Match Monday, July 28, 2025 10:27:41 PM
 Blitz 2/1 

Pairing 19/21 :    SlowMate_v0.0.00_DELTA  -  SlowMate_v0.4.03_Stable_Baseline

PGN-File: C:\Program Files (x86)\Arena\Tournaments\Engine Battle 20250728.pgn

No:  B/W 1/2     W:B       1:2           Time        Value Moves Dep 1:2       1-2-Draws
   3 W 1    1.0:0.0        2.0:1.0       10:28:21 PM   +14.30    39 0:8.000  2-1-0

--------------------------------------------------------------

Engine-Match Monday, July 28, 2025 10:28:22 PM
 Blitz 2/1 

Pairing 20/21 :    SlowMate_v0.4.0_BETA  -  SlowMate_v0.1.0_BETA

PGN-File: C:\Program Files (x86)\Arena\Tournaments\Engine Battle 20250728.pgn

No:  B/W 1/2     W:B       1:2           Time        Value Moves Dep 1:2       1-2-Draws
   3 B 2    1.0:0.0        0.0:3.0       10:28:33 PM   -28.12    14 0:0 0-3-0

--------------------------------------------------------------

Engine-Match Monday, July 28, 2025 10:28:34 PM
 Blitz 2/1 

Pairing 21/21 :    SlowMate_v0.2.0_BETA  -  SlowMate_v0.3.0_BETA

PGN-File: C:\Program Files (x86)\Arena\Tournaments\Engine Battle 20250728.pgn

No:  B/W 1/2     W:B       1:2           Time        Value Moves Dep 1:2       1-2-Draws
   3 B 2    1.0:0.0        2.0:1.0       10:28:58 PM   -11.70    29 0:8.000  2-1-0

--------------------------------------------------------------

Engine-Match Monday, July 28, 2025 10:28:59 PM
 Blitz 2/1 

Pairing 1/21 :    Cecilia_v0.1.0_Basic  -  SlowMate_v0.4.0_BETA

PGN-File: C:\Program Files (x86)\Arena\Tournaments\Engine Battle 20250728.pgn

No:  B/W 1/2     W:B       1:2           Time        Value Moves Dep 1:2       1-2-Draws
   4 = =    1.0:1.0        1.0:3.0       10:29:20 PM     0.00    55 0:0 0-2-2

--------------------------------------------------------------

Engine-Match Monday, July 28, 2025 10:29:21 PM
 Blitz 2/1 

Pairing 2/21 :    SlowMate_v0.3.0_BETA  -  SlowMate_v0.0.00_DELTA

PGN-File: C:\Program Files (x86)\Arena\Tournaments\Engine Battle 20250728.pgn

No:  B/W 1/2     W:B       1:2           Time        Value Moves Dep 1:2       1-2-Draws
   4 W 2    1.0:0.0        2.0:2.0       10:29:38 PM    +M500    16 8.000 :0 2-2-0

--------------------------------------------------------------

Engine-Match Monday, July 28, 2025 10:29:40 PM
 Blitz 2/1 

Pairing 3/21 :    SlowMate_v0.1.0_BETA  -  SlowMate_v0.2.0_BETA

PGN-File: C:\Program Files (x86)\Arena\Tournaments\Engine Battle 20250728.pgn

No:  B/W 1/2     W:B       1:2           Time        Value Moves Dep 1:2       1-2-Draws
   4 W 2    1.0:0.0        3.0:1.0       10:29:54 PM   +18.51    20 0:0 3-1-0

--------------------------------------------------------------

Engine-Match Monday, July 28, 2025 10:30:00 PM
 Blitz 2/1 

Pairing 4/21 :    SlowMate_v0.4.03_Stable_Baseline  -  SlowMate_v0.3.0_BETA

PGN-File: C:\Program Files (x86)\Arena\Tournaments\Engine Battle 20250728.pgn

No:  B/W 1/2     W:B       1:2           Time        Value Moves Dep 1:2       1-2-Draws
   4 B 1    1.0:0.0        4.0:0.0       10:30:19 PM   -41.00    15 8.000 :8.000  4-0-0

--------------------------------------------------------------

Engine-Match Monday, July 28, 2025 10:30:21 PM
 Blitz 2/1 

Pairing 5/21 :    SlowMate_v0.2.0_BETA  -  Cecilia_v0.1.0_Basic

PGN-File: C:\Program Files (x86)\Arena\Tournaments\Engine Battle 20250728.pgn

No:  B/W 1/2     W:B       1:2           Time        Value Moves Dep 1:2       1-2-Draws
   4 B 1    1.0:0.0        4.0:0.0       10:30:44 PM   -27.20    53 0:0 4-0-0

--------------------------------------------------------------

Engine-Match Monday, July 28, 2025 10:30:46 PM
 Blitz 2/1 

Pairing 6/21 :    SlowMate_v0.0.00_DELTA  -  SlowMate_v0.1.0_BETA

PGN-File: C:\Program Files (x86)\Arena\Tournaments\Engine Battle 20250728.pgn

No:  B/W 1/2     W:B       1:2           Time        Value Moves Dep 1:2       1-2-Draws
   4 W 2    1.0:0.0        2.0:2.0       10:31:11 PM   +14.98    35 0:0 2-2-0

--------------------------------------------------------------

Engine-Match Monday, July 28, 2025 10:31:12 PM
 Blitz 2/1 

Pairing 7/21 :    SlowMate_v0.4.0_BETA  -  SlowMate_v0.2.0_BETA

PGN-File: C:\Program Files (x86)\Arena\Tournaments\Engine Battle 20250728.pgn

No:  B/W 1/2     W:B       1:2           Time        Value Moves Dep 1:2       1-2-Draws
   4 W 2    1.0:0.0        0.0:4.0       10:31:16 PM    +4.61     5 0:0 0-4-0

--------------------------------------------------------------

Engine-Match Monday, July 28, 2025 10:31:18 PM
 Blitz 2/1 

Pairing 8/21 :    SlowMate_v0.1.0_BETA  -  SlowMate_v0.4.03_Stable_Baseline

PGN-File: C:\Program Files (x86)\Arena\Tournaments\Engine Battle 20250728.pgn

No:  B/W 1/2     W:B       1:2           Time        Value Moves Dep 1:2       1-2-Draws
   4 B 1    1.0:0.0        4.0:0.0       10:31:54 PM   -10.20    37 0:8.000  4-0-0

--------------------------------------------------------------

Engine-Match Monday, July 28, 2025 10:31:55 PM
 Blitz 2/1 

Pairing 9/21 :    Cecilia_v0.1.0_Basic  -  SlowMate_v0.0.00_DELTA

PGN-File: C:\Program Files (x86)\Arena\Tournaments\Engine Battle 20250728.pgn

No:  B/W 1/2     W:B       1:2           Time        Value Moves Dep 1:2       1-2-Draws
   4 W 2    1.0:0.0        0.0:4.0       10:32:05 PM   +29.67    12 0:0 0-4-0

--------------------------------------------------------------

Engine-Match Monday, July 28, 2025 10:32:06 PM
 Blitz 2/1 

Pairing 10/21 :    SlowMate_v0.3.0_BETA  -  SlowMate_v0.1.0_BETA

PGN-File: C:\Program Files (x86)\Arena\Tournaments\Engine Battle 20250728.pgn

No:  B/W 1/2     W:B       1:2           Time        Value Moves Dep 1:2       1-2-Draws
   4 B 1    1.0:0.0        3.0:1.0       10:32:36 PM   -11.38    34 8.000 :0 3-1-0

--------------------------------------------------------------

Engine-Match Monday, July 28, 2025 10:32:37 PM
 Blitz 2/1 

Pairing 11/21 :    SlowMate_v0.0.00_DELTA  -  SlowMate_v0.4.0_BETA

PGN-File: C:\Program Files (x86)\Arena\Tournaments\Engine Battle 20250728.pgn

No:  B/W 1/2     W:B       1:2           Time        Value Moves Dep 1:2       1-2-Draws
   4 B 1    1.0:0.0        4.0:0.0       10:32:42 PM   -32.91     5 0:0 4-0-0

--------------------------------------------------------------

Engine-Match Monday, July 28, 2025 10:32:43 PM
 Blitz 2/1 

Pairing 12/21 :    SlowMate_v0.4.03_Stable_Baseline  -  Cecilia_v0.1.0_Basic

PGN-File: C:\Program Files (x86)\Arena\Tournaments\Engine Battle 20250728.pgn

No:  B/W 1/2     W:B       1:2           Time        Value Moves Dep 1:2       1-2-Draws
   4 B 1    1.0:0.0        4.0:0.0       10:33:18 PM   -19.80    42 8.000 :0 4-0-0

--------------------------------------------------------------

Engine-Match Monday, July 28, 2025 10:33:19 PM
 Blitz 2/1 

Pairing 13/21 :    SlowMate_v0.2.0_BETA  -  SlowMate_v0.0.00_DELTA

PGN-File: C:\Program Files (x86)\Arena\Tournaments\Engine Battle 20250728.pgn

No:  B/W 1/2     W:B       1:2           Time        Value Moves Dep 1:2       1-2-Draws
   4 W 2    1.0:0.0        2.0:2.0       10:33:37 PM   +11.79    30 0:0 2-2-0

--------------------------------------------------------------

Engine-Match Monday, July 28, 2025 10:33:38 PM
 Blitz 2/1 

Pairing 14/21 :    Cecilia_v0.1.0_Basic  -  SlowMate_v0.3.0_BETA

PGN-File: C:\Program Files (x86)\Arena\Tournaments\Engine Battle 20250728.pgn

No:  B/W 1/2     W:B       1:2           Time        Value Moves Dep 1:2       1-2-Draws
   4 W 2    1.0:0.0        0.0:4.0       10:35:58 PM    +M500   177 0:8.000  0-4-0

--------------------------------------------------------------

Engine-Match Monday, July 28, 2025 10:35:59 PM
 Blitz 2/1 

Pairing 15/21 :    SlowMate_v0.4.0_BETA  -  SlowMate_v0.4.03_Stable_Baseline

PGN-File: C:\Program Files (x86)\Arena\Tournaments\Engine Battle 20250728.pgn

No:  B/W 1/2     W:B       1:2           Time        Value Moves Dep 1:2       1-2-Draws
   4 W 2    1.0:0.0        0.0:4.0       10:36:28 PM   +40.00    36 0:8.000  0-4-0

--------------------------------------------------------------

Engine-Match Monday, July 28, 2025 10:36:29 PM
 Blitz 2/1 

Pairing 16/21 :    SlowMate_v0.1.0_BETA  -  Cecilia_v0.1.0_Basic

PGN-File: C:\Program Files (x86)\Arena\Tournaments\Engine Battle 20250728.pgn

No:  B/W 1/2     W:B       1:2           Time        Value Moves Dep 1:2       1-2-Draws
   4 B 1    1.0:0.0        4.0:0.0       10:36:39 PM   -40.24    12 0:0 4-0-0

--------------------------------------------------------------

Engine-Match Monday, July 28, 2025 10:36:41 PM
 Blitz 2/1 

Pairing 17/21 :    SlowMate_v0.4.03_Stable_Baseline  -  SlowMate_v0.2.0_BETA

PGN-File: C:\Program Files (x86)\Arena\Tournaments\Engine Battle 20250728.pgn

No:  B/W 1/2     W:B       1:2           Time        Value Moves Dep 1:2       1-2-Draws
   4 = =    1.0:1.0        2.0:2.0       10:37:55 PM    -3.30    95 8.000 :0 1-1-2

--------------------------------------------------------------

Engine-Match Monday, July 28, 2025 10:37:56 PM
 Blitz 2/1 

Pairing 18/21 :    SlowMate_v0.3.0_BETA  -  SlowMate_v0.4.0_BETA

PGN-File: C:\Program Files (x86)\Arena\Tournaments\Engine Battle 20250728.pgn

No:  B/W 1/2     W:B       1:2           Time        Value Moves Dep 1:2       1-2-Draws
   4 B 1    1.0:0.0        4.0:0.0       10:38:15 PM    -M500    24 8.000 :0 4-0-0

--------------------------------------------------------------

Engine-Match Monday, July 28, 2025 10:38:16 PM
 Blitz 2/1 

Pairing 19/21 :    SlowMate_v0.0.00_DELTA  -  SlowMate_v0.4.03_Stable_Baseline

PGN-File: C:\Program Files (x86)\Arena\Tournaments\Engine Battle 20250728.pgn

No:  B/W 1/2     W:B       1:2           Time        Value Moves Dep 1:2       1-2-Draws
   4 B 1    1.0:0.0        3.0:1.0       10:38:30 PM   -16.20    12 0:8.000  3-1-0

--------------------------------------------------------------

Engine-Match Monday, July 28, 2025 10:38:32 PM
 Blitz 2/1 

Pairing 20/21 :    SlowMate_v0.4.0_BETA  -  SlowMate_v0.1.0_BETA

PGN-File: C:\Program Files (x86)\Arena\Tournaments\Engine Battle 20250728.pgn

No:  B/W 1/2     W:B       1:2           Time        Value Moves Dep 1:2       1-2-Draws
   4 W 2    1.0:0.0        0.0:4.0       10:38:57 PM   +48.96    35 0:0 0-4-0

--------------------------------------------------------------

Engine-Match Monday, July 28, 2025 10:38:58 PM
 Blitz 2/1 

Pairing 21/21 :    SlowMate_v0.2.0_BETA  -  SlowMate_v0.3.0_BETA

PGN-File: C:\Program Files (x86)\Arena\Tournaments\Engine Battle 20250728.pgn

No:  B/W 1/2     W:B       1:2           Time        Value Moves Dep 1:2       1-2-Draws
   4 W 2    1.0:0.0        2.0:2.0       10:39:27 PM   +17.55    45 0:8.000  2-2-0

--------------------------------------------------------------

Engine-Match Monday, July 28, 2025 10:39:29 PM
 Blitz 2/1 

Pairing 1/21 :    Cecilia_v0.1.0_Basic  -  SlowMate_v0.4.0_BETA

PGN-File: C:\Program Files (x86)\Arena\Tournaments\Engine Battle 20250728.pgn

No:  B/W 1/2     W:B       1:2           Time        Value Moves Dep 1:2       1-2-Draws
   5 B 2    2.0:1.0        1.0:4.0       10:39:45 PM     0.00    44 0:0 0-3-2

--------------------------------------------------------------

Engine-Match Monday, July 28, 2025 10:39:47 PM
 Blitz 2/1 

Pairing 2/21 :    SlowMate_v0.3.0_BETA  -  SlowMate_v0.0.00_DELTA

PGN-File: C:\Program Files (x86)\Arena\Tournaments\Engine Battle 20250728.pgn

No:  B/W 1/2     W:B       1:2           Time        Value Moves Dep 1:2       1-2-Draws
   5 B 2    1.0:0.0        2.0:3.0       10:39:57 PM  -140.00     8 8.000 :0 2-3-0

--------------------------------------------------------------

Engine-Match Monday, July 28, 2025 10:40:03 PM
 Blitz 2/1 

Pairing 3/21 :    SlowMate_v0.1.0_BETA  -  SlowMate_v0.2.0_BETA

PGN-File: C:\Program Files (x86)\Arena\Tournaments\Engine Battle 20250728.pgn

No:  B/W 1/2     W:B       1:2           Time        Value Moves Dep 1:2       1-2-Draws
   5 W 1    1.0:0.0        4.0:1.0       10:40:15 PM   +18.94    18 0:0 4-1-0

--------------------------------------------------------------

Engine-Match Monday, July 28, 2025 10:40:17 PM
 Blitz 2/1 

Pairing 4/21 :    SlowMate_v0.4.03_Stable_Baseline  -  SlowMate_v0.3.0_BETA

PGN-File: C:\Program Files (x86)\Arena\Tournaments\Engine Battle 20250728.pgn

No:  B/W 1/2     W:B       1:2           Time        Value Moves Dep 1:2       1-2-Draws
   5 B 2    1.0:0.0        4.0:1.0       10:40:48 PM    -M500    26 8.000 :8.000  4-1-0

--------------------------------------------------------------

Engine-Match Monday, July 28, 2025 10:40:49 PM
 Blitz 2/1 

Pairing 5/21 :    SlowMate_v0.2.0_BETA  -  Cecilia_v0.1.0_Basic

PGN-File: C:\Program Files (x86)\Arena\Tournaments\Engine Battle 20250728.pgn

No:  B/W 1/2     W:B       1:2           Time        Value Moves Dep 1:2       1-2-Draws
   5 W 1    1.0:0.0        5.0:0.0       10:41:39 PM   +50.46   129 0:0 5-0-0

--------------------------------------------------------------

Engine-Match Monday, July 28, 2025 10:41:41 PM
 Blitz 2/1 

Pairing 6/21 :    SlowMate_v0.0.00_DELTA  -  SlowMate_v0.1.0_BETA

PGN-File: C:\Program Files (x86)\Arena\Tournaments\Engine Battle 20250728.pgn

No:  B/W 1/2     W:B       1:2           Time        Value Moves Dep 1:2       1-2-Draws
   5 W 1    1.0:0.0        3.0:2.0       10:42:05 PM   +14.98    35 0:0 3-2-0

--------------------------------------------------------------

Engine-Match Monday, July 28, 2025 10:42:06 PM
 Blitz 2/1 

Pairing 7/21 :    SlowMate_v0.4.0_BETA  -  SlowMate_v0.2.0_BETA

PGN-File: C:\Program Files (x86)\Arena\Tournaments\Engine Battle 20250728.pgn

No:  B/W 1/2     W:B       1:2           Time        Value Moves Dep 1:2       1-2-Draws
   5 B 2    1.0:0.0        0.0:5.0       10:42:17 PM   -21.48    22 0:0 0-5-0

--------------------------------------------------------------

Engine-Match Monday, July 28, 2025 10:42:18 PM
 Blitz 2/1 

Pairing 8/21 :    SlowMate_v0.1.0_BETA  -  SlowMate_v0.4.03_Stable_Baseline

PGN-File: C:\Program Files (x86)\Arena\Tournaments\Engine Battle 20250728.pgn

No:  B/W 1/2     W:B       1:2           Time        Value Moves Dep 1:2       1-2-Draws
   5 = =    0.5:0.5        4.5:0.5       10:43:47 PM   +13.19   100 0:8.000  4-0-1

--------------------------------------------------------------

Engine-Match Monday, July 28, 2025 10:43:48 PM
 Blitz 2/1 

Pairing 9/21 :    Cecilia_v0.1.0_Basic  -  SlowMate_v0.0.00_DELTA

PGN-File: C:\Program Files (x86)\Arena\Tournaments\Engine Battle 20250728.pgn

No:  B/W 1/2     W:B       1:2           Time        Value Moves Dep 1:2       1-2-Draws
   5 B 2    1.0:0.0        0.0:5.0       10:43:58 PM   -40.24    12 0:0 0-5-0

--------------------------------------------------------------

Engine-Match Monday, July 28, 2025 10:43:59 PM
 Blitz 2/1 

Pairing 10/21 :    SlowMate_v0.3.0_BETA  -  SlowMate_v0.1.0_BETA

PGN-File: C:\Program Files (x86)\Arena\Tournaments\Engine Battle 20250728.pgn

No:  B/W 1/2     W:B       1:2           Time        Value Moves Dep 1:2       1-2-Draws
   5 W 1    1.0:0.0        4.0:1.0       10:44:19 PM   +18.51    20 8.000 :0 4-1-0

--------------------------------------------------------------

Engine-Match Monday, July 28, 2025 10:44:20 PM
 Blitz 2/1 

Pairing 11/21 :    SlowMate_v0.0.00_DELTA  -  SlowMate_v0.4.0_BETA

PGN-File: C:\Program Files (x86)\Arena\Tournaments\Engine Battle 20250728.pgn

No:  B/W 1/2     W:B       1:2           Time        Value Moves Dep 1:2       1-2-Draws
   5 W 1    1.0:0.0        5.0:0.0       10:44:37 PM   +49.77    27 0:0 5-0-0

--------------------------------------------------------------

Engine-Match Monday, July 28, 2025 10:44:38 PM
 Blitz 2/1 

Pairing 12/21 :    SlowMate_v0.4.03_Stable_Baseline  -  Cecilia_v0.1.0_Basic

PGN-File: C:\Program Files (x86)\Arena\Tournaments\Engine Battle 20250728.pgn

No:  B/W 1/2     W:B       1:2           Time        Value Moves Dep 1:2       1-2-Draws
   5 W 1    1.0:0.0        5.0:0.0       10:45:28 PM   +38.00    65 8.000 :0 5-0-0

--------------------------------------------------------------

Engine-Match Monday, July 28, 2025 10:45:30 PM
 Blitz 2/1 

Pairing 13/21 :    SlowMate_v0.2.0_BETA  -  SlowMate_v0.0.00_DELTA

PGN-File: C:\Program Files (x86)\Arena\Tournaments\Engine Battle 20250728.pgn

No:  B/W 1/2     W:B       1:2           Time        Value Moves Dep 1:2       1-2-Draws
   5 W 1    1.0:0.0        3.0:2.0       10:45:55 PM    +6.77    50 0:0 3-2-0

--------------------------------------------------------------

Engine-Match Monday, July 28, 2025 10:45:56 PM
 Blitz 2/1 

Pairing 14/21 :    Cecilia_v0.1.0_Basic  -  SlowMate_v0.3.0_BETA

PGN-File: C:\Program Files (x86)\Arena\Tournaments\Engine Battle 20250728.pgn

No:  B/W 1/2     W:B       1:2           Time        Value Moves Dep 1:2       1-2-Draws
   5 B 2    1.0:0.0        0.0:5.0       10:46:40 PM    -M500    49 0:8.000  0-5-0

--------------------------------------------------------------

Engine-Match Monday, July 28, 2025 10:46:41 PM
 Blitz 2/1 

Pairing 15/21 :    SlowMate_v0.4.0_BETA  -  SlowMate_v0.4.03_Stable_Baseline

PGN-File: C:\Program Files (x86)\Arena\Tournaments\Engine Battle 20250728.pgn

No:  B/W 1/2     W:B       1:2           Time        Value Moves Dep 1:2       1-2-Draws
   5 W 1    1.0:0.0        1.0:4.0       10:46:47 PM     0.00     5 0:8.000  1-4-0

--------------------------------------------------------------

Engine-Match Monday, July 28, 2025 10:46:48 PM
 Blitz 2/1 

Pairing 16/21 :    SlowMate_v0.1.0_BETA  -  Cecilia_v0.1.0_Basic

PGN-File: C:\Program Files (x86)\Arena\Tournaments\Engine Battle 20250728.pgn

No:  B/W 1/2     W:B       1:2           Time        Value Moves Dep 1:2       1-2-Draws
   5 W 1    1.0:0.0        5.0:0.0       10:46:57 PM   +27.93    12 0:0 5-0-0

--------------------------------------------------------------

Engine-Match Monday, July 28, 2025 10:46:58 PM
 Blitz 2/1 

Pairing 17/21 :    SlowMate_v0.4.03_Stable_Baseline  -  SlowMate_v0.2.0_BETA

PGN-File: C:\Program Files (x86)\Arena\Tournaments\Engine Battle 20250728.pgn

No:  B/W 1/2     W:B       1:2           Time        Value Moves Dep 1:2       1-2-Draws
   5 = =    1.5:1.5        2.5:2.5       10:47:46 PM    -4.20    61 8.000 :0 1-1-3

--------------------------------------------------------------

Engine-Match Monday, July 28, 2025 10:47:48 PM
 Blitz 2/1 

Pairing 18/21 :    SlowMate_v0.3.0_BETA  -  SlowMate_v0.4.0_BETA

PGN-File: C:\Program Files (x86)\Arena\Tournaments\Engine Battle 20250728.pgn

No:  B/W 1/2     W:B       1:2           Time        Value Moves Dep 1:2       1-2-Draws
   5 W 1    1.0:0.0        5.0:0.0       10:48:14 PM    +M500    32 8.000 :0 5-0-0

--------------------------------------------------------------

Engine-Match Monday, July 28, 2025 10:48:15 PM
 Blitz 2/1 

Pairing 19/21 :    SlowMate_v0.0.00_DELTA  -  SlowMate_v0.4.03_Stable_Baseline

PGN-File: C:\Program Files (x86)\Arena\Tournaments\Engine Battle 20250728.pgn

No:  B/W 1/2     W:B       1:2           Time        Value Moves Dep 1:2       1-2-Draws
   5 B 2    1.0:0.0        3.0:2.0       10:48:46 PM    -2.00    33 0:8.000  3-2-0

--------------------------------------------------------------

Engine-Match Monday, July 28, 2025 10:48:48 PM
 Blitz 2/1 

Pairing 20/21 :    SlowMate_v0.4.0_BETA  -  SlowMate_v0.1.0_BETA

PGN-File: C:\Program Files (x86)\Arena\Tournaments\Engine Battle 20250728.pgn

No:  B/W 1/2     W:B       1:2           Time        Value Moves Dep 1:2       1-2-Draws
   5 B 2    1.0:0.0        0.0:5.0       10:49:10 PM   -43.39    31 0:0 0-5-0

--------------------------------------------------------------

Engine-Match Monday, July 28, 2025 10:49:12 PM
 Blitz 2/1 

Pairing 21/21 :    SlowMate_v0.2.0_BETA  -  SlowMate_v0.3.0_BETA

PGN-File: C:\Program Files (x86)\Arena\Tournaments\Engine Battle 20250728.pgn

No:  B/W 1/2     W:B       1:2           Time        Value Moves Dep 1:2       1-2-Draws
   5 W 1    1.0:0.0        3.0:2.0       10:49:25 PM  +237.00    16 0:8.000  3-2-0

--------------------------------------------------------------

Engine-Match Monday, July 28, 2025 10:49:26 PM
 Blitz 2/1 

Pairing 1/21 :    Cecilia_v0.1.0_Basic  -  SlowMate_v0.4.0_BETA

PGN-File: C:\Program Files (x86)\Arena\Tournaments\Engine Battle 20250728.pgn

No:  B/W 1/2     W:B       1:2           Time        Value Moves Dep 1:2       1-2-Draws
   6 * *     1.0:1.0        1.0:4.0       10:50:15 PM     0.00   136 0:0 0-3-2

--------------------------------------------------------------

Engine-Match Monday, July 28, 2025 10:51:09 PM
 Blitz 2/1 

Pairing 1/36 :    Cecilia_v0.1.0_Basic  -  Cecilia_v0.2.0_Enhanced

PGN-File: C:\Program Files (x86)\Arena\Tournaments\Engine Battle 20250728.pgn

No:  B/W 1/2     W:B       1:2           Time        Value Moves Dep 1:2       1-2-Draws
   1 * *     0.0:0.0        0.0:0.0       10:51:38 PM     0.00     1 0:0 0-0-0
