Starting Cece v1.3 - Enhanced Chess Engine
Features: Dynamic evaluation, tactical improvements, adaptive time management
Initialized Cece v1.3
Author: Pat Snyder
Attribution: Built on python-chess by Niklas Fiekas
id name Cece
id author Pat Snyder
option name Debug type check default false
option name Hash type spin default 64 min 1 max 1024
option name Threads type spin default 1 min 1 max 8
option name MaterialWeight type spin default 100 min 50 max 200
option name PositionalWeight type spin default 30 min 0 max 100
option name TacticalWeight type spin default 20 min 0 max 100
option name SafetyWeight type spin default 15 min 0 max 100
uciok
readyok
Initialized Cece v1.3
Author: Pat Snyder
Attribution: Built on python-chess by Niklas Fiekas
readyok
Position set: rnbqkbnr/pppppppp/8/8/8/8/PPPPPPPP/RNBQKBNR w KQkq - 0 1
\nSearching position (depth: 6, time: 1.0s)...
Searching position to depth 6...
Depth 1: g1f3 (score: 90) PV: g1f3
Depth 2: g1f3 (score: 0) PV: g1f3 g8f6
Depth 3: g1f3 (score: 90) PV: g1f3 g8f6 b1c3
Depth 4: g1h3 (score: -57) PV: g1h3 g8f6 b1c3 b8c6
Search completed:
  Nodes searched: 2,101
  Time taken: 1.011s
  NPS: 2,077
  Evaluation: -57
  Thoughts collected: 977
  Ideas formed: 4
  Principal variation: g1h3 g8f6 b1c3 b8c6
bestmove g1h3
Position set: rnbqkbnr/pppppppp/8/8/8/8/PPPPPPPP/RNBQKBNR w KQkq - 0 1
\nSearching position (depth: 6, time: 0.06666666666666667s)...
Searching position to depth 6...
Depth 1: g1f3 (score: 90) PV: g1f3
Depth 2: g1f3 (score: 0) PV: g1f3 g8f6
Search completed:
  Nodes searched: 158
  Time taken: 0.070s
  NPS: 2,230
  Evaluation: 0
  Thoughts collected: 74
  Ideas formed: 2
  Principal variation: g1f3 g8f6
bestmove g1f3
Position set: rnbqkbnr/pppppppp/8/8/8/8/PPPPPPPP/RNBQKBNR w KQkq - 0 1
\nSearching position (depth: 6, time: 0.5s)...
Searching position to depth 6...
Depth 1: g1f3 (score: 90) PV: g1f3
Depth 2: g1f3 (score: 0) PV: g1f3 g8f6
Depth 3: g1f3 (score: 90) PV: g1f3 g8f6 b1c3
Search completed:
  Nodes searched: 994
  Time taken: 0.510s
  NPS: 1,945
  Evaluation: 90
  Thoughts collected: 457
  Ideas formed: 3
  Principal variation: g1f3 g8f6 b1c3
bestmove g1f3
Position set: rnbqkbnr/pppp1ppp/8/4p3/4P3/8/PPPP1PPP/RNBQKBNR w KQkq - 0 2
\nSearching position (depth: 6, time: 0.5s)...
Searching position to depth 6...
Depth 1: g1f3 (score: 142) PV: g1f3
Depth 2: g1f3 (score: 2) PV: g1f3 b8c6
Depth 3: g1f3 (score: 59) PV: g1f3 b8c6 f1c4
Search completed:
  Nodes searched: 1,018
  Time taken: 0.501s
  NPS: 2,030
  Evaluation: 59
  Thoughts collected: 472
  Ideas formed: 3
  Principal variation: g1f3 b8c6 f1c4
bestmove g1f3
Position set: rnbqkbnr/pppp1ppp/8/4p3/4P3/5N2/PPPP1PPP/RNBQKB1R b KQkq - 1 2
\nSearching position (depth: 6, time: 0.5s)...
Searching position to depth 6...
Depth 1: b8c6 (score: -2) PV: b8c6
Depth 2: b8c6 (score: -92) PV: b8c6 b1c3
Depth 3: g8h6 (score: 51) PV: g8h6 f3g1 b8c6
Search completed:
  Nodes searched: 961
  Time taken: 0.513s
  NPS: 1,871
  Evaluation: 51
  Thoughts collected: 449
  Ideas formed: 3
  Principal variation: g8h6 f3g1 b8c6
bestmove g8h6