Initialized Cece v1.0
Author: Pat Snyder
Attribution: Built on python-chess by Niklas Fiekas
id name Cece
id author Pat Snyder
option name Debug type check default false
option name Hash type spin default 64 min 1 max 1024
option name Threads type spin default 1 min 1 max 8
option name MaterialWeight type spin default 100 min 50 max 200
option name PositionalWeight type spin default 30 min 0 max 100
option name TacticalWeight type spin default 20 min 0 max 100
option name SafetyWeight type spin default 15 min 0 max 100
uciok
readyok
Initialized Cece v1.0
Author: Pat Snyder
Attribution: Built on python-chess by Niklas Fiekas
readyok
Position set: rnbqkbnr/pppppppp/8/8/8/8/PPPPPPPP/RNBQKBNR w KQkq - 0 1
\nSearching position (depth: 10, time: 1.0s)...
Searching position to depth 10...
Depth 1: f2f4 (score: 26) PV: f2f4
Depth 2: g1f3 (score: 0) PV: g1f3 g8f6
Depth 3: a2a3 (score: 26) PV: a2a3 g8h6 a3a4
Search completed:
  Nodes searched: 3,628
  Time taken: 1.000s
  NPS: 3,626
  Evaluation: 26
  Thoughts collected: 1735
  Ideas formed: 3
  Principal variation: a2a3 g8h6 a3a4
bestmove a2a3
Position set: rnbqkbnr/pppppppp/8/8/8/8/PPPPPPPP/RNBQKBNR w KQkq - 0 1
\nSearching position (depth: 10, time: 0.06666666666666667s)...
Searching position to depth 10...
Depth 1: f2f4 (score: 26) PV: f2f4
Depth 2: g1f3 (score: 0) PV: g1f3 g8f6
Depth 3: g1h3 (score: -20) PV: g1h3 h7h6 h3g1
Search completed:
  Nodes searched: 274
  Time taken: 0.066s
  NPS: 4,100
  Evaluation: -20
  Thoughts collected: 124
  Ideas formed: 3
  Principal variation: g1h3 h7h6 h3g1
bestmove g1h3
Position set: rnbqkbnr/pppppppp/8/8/8/8/PPPPPPPP/RNBQKBNR w KQkq - 0 1
\nSearching position (depth: 10, time: 0.5s)...
Searching position to depth 10...
Depth 1: f2f4 (score: 26) PV: f2f4
Depth 2: g1f3 (score: 0) PV: g1f3 g8f6
Depth 3: g1h3 (score: -5) PV: g1h3 f7f5 f2f4
Search completed:
  Nodes searched: 1,713
  Time taken: 0.500s
  NPS: 3,423
  Evaluation: -5
  Thoughts collected: 814
  Ideas formed: 3
  Principal variation: g1h3 f7f5 f2f4
bestmove g1h3
Position set: rnbqkbnr/pppp1ppp/8/4p3/4P3/8/PPPP1PPP/RNBQKBNR w KQkq - 0 2
\nSearching position (depth: 10, time: 0.5s)...
Searching position to depth 10...
Depth 1: f2f4 (score: 26) PV: f2f4
Depth 2: b1c3 (score: 0) PV: b1c3 b8c6
Depth 3: g1f3 (score: 14) PV: g1f3 g8e7 f3g1
Search completed:
  Nodes searched: 1,321
  Time taken: 0.500s
  NPS: 2,637
  Evaluation: 14
  Thoughts collected: 630
  Ideas formed: 3
  Principal variation: g1f3 g8e7 f3g1
bestmove g1f3
Position set: rnbqkbnr/pppp1ppp/8/4p3/4P3/5N2/PPPP1PPP/RNBQKB1R b KQkq - 1 2
\nSearching position (depth: 10, time: 0.5s)...
Searching position to depth 10...
Depth 1: b8c6 (score: 2) PV: b8c6
Depth 2: f7f5 (score: 26) PV: f7f5 f3g1
Depth 3: d8f6 (score: 204) PV: d8f6 f3e5 f6e5
Search completed:
  Nodes searched: 1,797
  Time taken: 0.500s
  NPS: 3,592
  Evaluation: 204
  Thoughts collected: 828
  Ideas formed: 3
  Principal variation: d8f6 f3e5 f6e5
bestmove d8f6