SlowMate engine initialized with knowledge base (data: C:\Users\patss\AppData\Local\Temp\_MEI57402\data)
Opening book: True
Endgame patterns: True (0 mate patterns)
Endgame tactics: True
Knowledge base ready
SlowMate Chess Engine v0.2.01 by Pat Snyder
id name SlowMate
id author Pat Snyder
option name Debug type check default false
option name Threads type spin default 1 min 1 max 1
option name Hash type spin default 16 min 1 max 128
option name Move Overhead type spin default 50 min 0 max 5000
uciok
readyok
readyok
info depth 1 score cp -2500 time 23 nodes 20 nps 869 pv b1c3
info depth 2 score cp -2500 time 58 nodes 40 nps 689 pv b1c3
info depth 3 score cp -2500 time 95 nodes 60 nps 631 pv b1c3
info depth 4 score cp -2500 time 134 nodes 80 nps 597 pv g1f3
info depth 5 score cp -2500 time 172 nodes 100 nps 581 pv g1f3
info depth 6 score cp -2500 time 211 nodes 120 nps 568 pv g1f3
info depth 7 score cp -2500 time 249 nodes 140 nps 562 pv g1f3
info depth 8 score cp -2500 time 289 nodes 160 nps 553 pv g1f3
bestmove g1f3
info depth 1 score cp -2500 time 15 nodes 20 nps 1333 pv b1c3
info depth 2 score cp -2500 time 55 nodes 40 nps 727 pv g1f3
info depth 3 score cp -2500 time 93 nodes 60 nps 645 pv g1f3
info depth 4 score cp -2500 time 132 nodes 80 nps 606 pv g1f3
bestmove g1f3
info depth 1 score cp -2500 time 31 nodes 20 nps 645 pv b1c3
info depth 2 score cp -2500 time 68 nodes 40 nps 588 pv b1c3
info depth 3 score cp -2500 time 109 nodes 60 nps 550 pv g1f3
bestmove g1f3
info depth 1 score cp 18000 time 46 nodes 29 nps 630 pv f1c4
info depth 2 score cp 18000 time 100 nodes 58 nps 580 pv f1c4
info depth 3 score cp 18000 time 155 nodes 87 nps 561 pv f1c4
bestmove f1c4
info depth 1 score cp 7100 time 52 nodes 29 nps 557 pv f8a3
info depth 2 score cp 7100 time 107 nodes 58 nps 542 pv f8a3
info depth 3 score cp 7100 time 155 nodes 87 nps 561 pv f8a3
bestmove f8a3