SlowMate engine initialized with knowledge base (data: C:\Users\patss\AppData\Local\Temp\_MEI19882\data)
Opening book: True
Endgame patterns: True (0 mate patterns)
Endgame tactics: True
Knowledge base ready
SlowMate Chess Engine v0.2.01 by Pat Snyder
id name SlowMate
id author Pat Snyder
option name Debug type check default false
option name Threads type spin default 1 min 1 max 1
option name Hash type spin default 16 min 1 max 128
option name Move Overhead type spin default 50 min 0 max 5000
uciok
readyok
readyok
info depth 1 score cp -2500 time 20 nodes 20 nps 1000 pv b1c3
info depth 2 score cp -2500 time 57 nodes 40 nps 701 pv g1f3
info depth 3 score cp -2500 time 113 nodes 60 nps 530 pv g1f3
info depth 4 score cp -2500 time 156 nodes 80 nps 512 pv b1c3
info depth 5 score cp -2500 time 182 nodes 100 nps 549 pv b1c3
info depth 6 score cp -2500 time 224 nodes 120 nps 535 pv g1f3
info depth 7 score cp -2500 time 280 nodes 140 nps 500 pv g1f3
info depth 8 score cp -2500 time 316 nodes 160 nps 506 pv g1f3
bestmove g1f3
info depth 1 score cp -2500 time 31 nodes 20 nps 645 pv g1f3
info depth 2 score cp -2500 time 67 nodes 40 nps 597 pv g1f3
info depth 3 score cp -2500 time 96 nodes 60 nps 625 pv g1f3
info depth 4 score cp -2500 time 136 nodes 80 nps 588 pv b1c3
bestmove b1c3
info depth 1 score cp -2500 time 31 nodes 20 nps 645 pv g1f3
info depth 2 score cp -2500 time 67 nodes 40 nps 597 pv b1c3
info depth 3 score cp -2500 time 105 nodes 60 nps 571 pv g1f3
bestmove g1f3
info depth 1 score cp 18000 time 46 nodes 29 nps 630 pv f1c4
info depth 2 score cp 18000 time 103 nodes 58 nps 563 pv f1c4
info depth 3 score cp 18000 time 150 nodes 87 nps 580 pv f1c4
bestmove f1c4
info depth 1 score cp 7100 time 49 nodes 29 nps 591 pv f8a3
info depth 2 score cp 7100 time 95 nodes 58 nps 610 pv f8a3
info depth 3 score cp 7100 time 156 nodes 87 nps 557 pv f8a3
bestmove f8a3