SlowMate engine initialized with knowledge base (data: C:\Users\patss\AppData\Local\Temp\_MEI95482\data)
Opening book: True
Endgame patterns: True (0 mate patterns)
Endgame tactics: True
Knowledge base ready
SlowMate Chess Engine v0.2.01 by Pat Snyder
id name SlowMate
id author Pat Snyder
option name Debug type check default false
option name Threads type spin default 1 min 1 max 1
option name Hash type spin default 16 min 1 max 128
option name Move Overhead type spin default 50 min 0 max 5000
uciok
readyok
readyok
info depth 1 score cp -2500 time 29 nodes 20 nps 689 pv g1f3
info depth 2 score cp -2500 time 69 nodes 40 nps 579 pv g1f3
info depth 3 score cp -2500 time 109 nodes 60 nps 550 pv g1f3
info depth 4 score cp -2500 time 152 nodes 80 nps 526 pv b1c3
info depth 5 score cp -2500 time 191 nodes 100 nps 523 pv g1f3
info depth 6 score cp -2500 time 232 nodes 120 nps 517 pv g1f3
info depth 7 score cp -2500 time 271 nodes 140 nps 516 pv b1c3
info depth 8 score cp -2500 time 310 nodes 160 nps 516 pv b1c3
bestmove b1c3
info depth 1 score cp -2500 time 29 nodes 20 nps 689 pv g1f3
info depth 2 score cp -2500 time 69 nodes 40 nps 579 pv b1c3
info depth 3 score cp -2500 time 111 nodes 60 nps 540 pv g1f3
bestmove g1f3
info depth 1 score cp -2500 time 29 nodes 20 nps 689 pv b1c3
info depth 2 score cp -2500 time 70 nodes 40 nps 571 pv g1f3
info depth 3 score cp -2500 time 109 nodes 60 nps 550 pv b1c3
bestmove b1c3
info depth 1 score cp 18000 time 44 nodes 29 nps 659 pv f1c4
info depth 2 score cp 18000 time 99 nodes 58 nps 585 pv f1c4
info depth 3 score cp 18000 time 153 nodes 87 nps 568 pv f1c4
bestmove f1c4
info depth 1 score cp 7100 time 43 nodes 29 nps 674 pv f8a3
info depth 2 score cp 7100 time 98 nodes 58 nps 591 pv f8a3
info depth 3 score cp 7100 time 152 nodes 87 nps 572 pv f8a3
bestmove f8a3