SlowMate engine initialized with knowledge base (data: C:\Users\patss\AppData\Local\Temp\_MEI41562\data)
Opening book: True
Endgame patterns: True (0 mate patterns)
Endgame tactics: True
Knowledge base ready
id name SlowMate 0.2.01
id author Pat Snyder
option name Intelligence type check default true
uciok
readyok
readyok
info depth 1 score cp -25
bestmove b1c3
info depth 1 score cp -25
bestmove g1f3
info depth 1 score cp -25
bestmove g1f3
info depth 1 score cp 180
bestmove f1c4
info depth 1 score cp 71
bestmove f8a3