SlowMate engine initialized with knowledge base (data: C:\Users\patss\AppData\Local\Temp\_MEI173722\data)
Opening book: True
Endgame patterns: True (0 mate patterns)
Endgame tactics: True
Knowledge base ready
SlowMate Chess Engine v0.2.01 by Pat Snyder
id name SlowMate
id author Pat Snyder
option name Debug type check default false
option name Threads type spin default 1 min 1 max 1
option name Hash type spin default 16 min 1 max 128
option name Move Overhead type spin default 50 min 0 max 5000
uciok
readyok
readyok
info depth 1 score cp -2500 time 20 nodes 20 nps 1000 pv b1c3
info depth 2 score cp -2500 time 57 nodes 40 nps 701 pv b1c3
info depth 3 score cp -2500 time 96 nodes 60 nps 625 pv g1f3
info depth 4 score cp -2500 time 135 nodes 80 nps 592 pv g1f3
info depth 5 score cp -2500 time 174 nodes 100 nps 574 pv b1c3
info depth 6 score cp -2500 time 213 nodes 120 nps 563 pv g1f3
info depth 7 score cp -2500 time 251 nodes 140 nps 557 pv g1f3
info depth 8 score cp -2500 time 290 nodes 160 nps 551 pv g1f3
bestmove g1f3
info depth 1 score cp -2500 time 15 nodes 20 nps 1333 pv b1c3
info depth 2 score cp -2500 time 54 nodes 40 nps 740 pv b1c3
info depth 3 score cp -2500 time 93 nodes 60 nps 645 pv b1c3
info depth 4 score cp -2500 time 133 nodes 80 nps 601 pv b1c3
bestmove b1c3
info depth 1 score cp -2500 time 31 nodes 20 nps 645 pv b1c3
info depth 2 score cp -2500 time 69 nodes 40 nps 579 pv g1f3
info depth 3 score cp -2500 time 113 nodes 60 nps 530 pv g1f3
bestmove g1f3
info depth 1 score cp 18000 time 46 nodes 29 nps 630 pv f1c4
info depth 2 score cp 18000 time 96 nodes 58 nps 604 pv f1c4
info depth 3 score cp 18000 time 152 nodes 87 nps 572 pv f1c4
bestmove f1c4
info depth 1 score cp 7100 time 59 nodes 29 nps 491 pv f8a3
info depth 2 score cp 7100 time 114 nodes 58 nps 508 pv f8a3
info depth 3 score cp 7100 time 156 nodes 87 nps 557 pv f8a3
bestmove f8a3