id name SlowMate 0.4.01 Professional
id author SlowMate Development Team
option name Hash type spin default 16 min 1 max 1024
option name Threads type spin default 1 min 1 max 16
option name MultiPV type spin default 1 min 1 max 10
option name Move Overhead type spin default 10 min 0 max 5000
option name Minimum Thinking Time type spin default 20 min 0 max 5000
option name UCI_ShowWDL type check default false
option name UCI_Chess960 type check default false
option name Ponder type check default true
option name Debug Log File type string default 
option name UCI_AnalyseMode type check default false
option name UCI_LimitStrength type check default false
option name UCI_Elo type spin default 1350 min 1350 max 2850
option name Enable Checkmate Detection type check default true
option name Enable Stalemate Avoidance type check default true
option name Show Evaluation Details type check default true
option name Show Material Count type check default true
option name Verbose Output type check default false
option name Time Allocation Base type spin default 4 min 1 max 20
option name Opening Time Factor type spin default 80 min 50 max 150
option name Middlegame Time Factor type spin default 120 min 80 max 200
option name Critical Position Bonus type spin default 200 min 100 max 400
option name Emergency Reserve type spin default 10 min 5 max 25
option name Minimum Move Time type spin default 50 min 10 max 500
uciok
readyok
readyok
info depth 1 seldepth 1 multipv 1 score cp 0 nodes 20 nps 20000 time 0 pv h2h3
info string Material evaluation: 0.00
info depth 2 seldepth 2 multipv 1 score cp 0 nodes 69 nps 1326 time 52 pv e2e3 b7b5
info string Material evaluation: 0.00
info depth 3 seldepth 3 multipv 1 score cp 0 nodes 129 nps 1240 time 104 pv a2a3 g7g5 g1h3
info string Material evaluation: 0.00
info depth 4 seldepth 4 multipv 1 score cp 0 nodes 225 nps 1433 time 157 pv d2d4 f7f5 g1f3 f5f4
info string Material evaluation: 0.00
info depth 5 seldepth 5 multipv 1 score cp 0 nodes 342 nps 1628 time 210 pv b1c3 g7g5 e2e4 c7c6 f1c4
info string Material evaluation: 0.00
bestmove b1c3
info depth 1 seldepth 1 multipv 1 score cp 0 nodes 20 nps 20000 time 0 pv f2f3
info string Material evaluation: 0.00
info depth 2 seldepth 2 multipv 1 score cp 0 nodes 67 nps 1313 time 51 pv d2d3 b8c6
info string Material evaluation: 0.00
info depth 3 seldepth 3 multipv 1 score cp 0 nodes 128 nps 1242 time 103 pv a2a3 b8c6 b1c3
info string Material evaluation: 0.00
bestmove a2a3
info depth 1 seldepth 1 multipv 1 score cp 0 nodes 20 nps 20000 time 0 pv g1h3
info string Material evaluation: 0.00
info depth 2 seldepth 2 multipv 1 score cp 0 nodes 60 nps 1176 time 51 pv g1h3 d7d6
info string Material evaluation: 0.00
info depth 3 seldepth 3 multipv 1 score cp 0 nodes 120 nps 1165 time 103 pv b2b3 f7f6 c2c4
info string Material evaluation: 0.00
info depth 4 seldepth 4 multipv 1 score cp 0 nodes 210 nps 1354 time 155 pv a2a4 f7f5 d2d4 h7h6
info string Material evaluation: 0.00
info depth 5 seldepth 5 multipv 1 score cp 0 nodes 328 nps 1576 time 208 pv e2e4 a7a5 e1e2 g8f6 e2e3
info string Material evaluation: 0.00
bestmove e2e4
info depth 1 seldepth 1 multipv 1 score cp 0 nodes 29 nps 29000 time 0 pv a2a4
info string Material evaluation: 0.00
info depth 2 seldepth 2 multipv 1 score cp 0 nodes 87 nps 1705 time 51 pv b1a3 b7b6
info string Material evaluation: 0.00
info depth 3 seldepth 3 multipv 1 score cp 0 nodes 174 nps 1641 time 106 pv c2c3 f8d6 h2h4
info string Material evaluation: 0.00
info depth 4 seldepth 4 multipv 1 score cp 0 nodes 295 nps 1878 time 157 pv h2h3 f8c5 h3h4 f7f5
info string Material evaluation: 0.00
info depth 5 seldepth 5 multipv 1 score cp 0 nodes 431 nps 2042 time 211 pv f2f3 c7c6 b2b4 f8e7 h2h3
info string Material evaluation: 0.00
bestmove f2f3
info depth 1 seldepth 1 multipv 1 score cp 0 nodes 27 nps 27000 time 0 pv g7g5
info string Material evaluation: 0.00
info depth 2 seldepth 2 multipv 1 score cp 0 nodes 82 nps 1576 time 52 pv a7a6 b1c3
info string Material evaluation: 0.00
info depth 3 seldepth 3 multipv 1 score cp 0 nodes 173 nps 1663 time 104 pv d8h4 g2g4 d7d5
info string Material evaluation: 0.00
info depth 4 seldepth 4 multipv 1 score cp 0 nodes 290 nps 1847 time 157 pv h7h5 b1c3 g7g6 h1g1
info string Material evaluation: 0.00
info depth 5 seldepth 5 multipv 1 score cp 0 nodes 436 nps 2076 time 210 pv c7c5 f1b5 a7a6 f3g5 h7h5
info string Material evaluation: 0.00
bestmove c7c5