Engine-Match Wednesday, August 20, 2025 10:03:11 AM
 Blitz 10/5 

Pairing 1/15 :    Slowmate_v1.0  -  C0BR4_v1.0

PGN-File: C:\Program Files (x86)\Arena\Tournaments\Engine Battle Demo PC 20250820.pgn

No:  B/W 1/2     W:B       1:2           Time        Value Moves Dep 1:2       1-2-Draws
   1 W 1    1.0:0.0        1.0:0.0       10:04:02 AM     0.00    28 0:4.000  1-0-0

--------------------------------------------------------------

Engine-Match Wednesday, August 20, 2025 10:04:03 AM
 Blitz 10/5 

Pairing 2/15 :    SlowMate_v2.0  -  V7P3R_v4.1

PGN-File: C:\Program Files (x86)\Arena\Tournaments\Engine Battle Demo PC 20250820.pgn

No:  B/W 1/2     W:B       1:2           Time        Value Moves Dep 1:2       1-2-Draws
   1 B 2    1.0:0.0        0.0:1.0       10:13:12 AM     0.00    19 0:0 0-1-0

--------------------------------------------------------------

Engine-Match Wednesday, August 20, 2025 10:13:13 AM
 Blitz 10/5 

Pairing 3/15 :    V7P3R_v4.3  -  C0BR4_v2.0

PGN-File: C:\Program Files (x86)\Arena\Tournaments\Engine Battle Demo PC 20250820.pgn

No:  B/W 1/2     W:B       1:2           Time        Value Moves Dep 1:2       1-2-Draws
   1 B 2    1.0:0.0        0.0:1.0       10:16:03 AM  -299.99    25 0:4.000  0-1-0

--------------------------------------------------------------

Engine-Match Wednesday, August 20, 2025 10:16:04 AM
 Blitz 10/5 

Pairing 4/15 :    SlowMate_v2.0  -  Slowmate_v1.0

PGN-File: C:\Program Files (x86)\Arena\Tournaments\Engine Battle Demo PC 20250820.pgn

No:  B/W 1/2     W:B       1:2           Time        Value Moves Dep 1:2       1-2-Draws
   1 B 2    1.0:0.0        0.0:1.0       10:18:19 AM     0.00     8 0:0 0-1-0

--------------------------------------------------------------

Engine-Match Wednesday, August 20, 2025 10:18:20 AM
 Blitz 10/5 

Pairing 5/15 :    C0BR4_v2.0  -  C0BR4_v1.0

PGN-File: C:\Program Files (x86)\Arena\Tournaments\Engine Battle Demo PC 20250820.pgn

No:  B/W 1/2     W:B       1:2           Time        Value Moves Dep 1:2       1-2-Draws
   1 = =    0.5:0.5        0.5:0.5       10:18:59 AM    +2.20    62 4.000 :4.000  0-0-1

--------------------------------------------------------------

Engine-Match Wednesday, August 20, 2025 10:19:00 AM
 Blitz 10/5 

Pairing 6/15 :    V7P3R_v4.1  -  V7P3R_v4.3

PGN-File: C:\Program Files (x86)\Arena\Tournaments\Engine Battle Demo PC 20250820.pgn

No:  B/W 1/2     W:B       1:2           Time        Value Moves Dep 1:2       1-2-Draws
   1 W 1    1.0:0.0        1.0:0.0       10:39:17 AM     0.00   108 0:0 1-0-0

--------------------------------------------------------------

Engine-Match Wednesday, August 20, 2025 10:39:18 AM
 Blitz 10/5 

Pairing 7/15 :    Slowmate_v1.0  -  C0BR4_v2.0

PGN-File: C:\Program Files (x86)\Arena\Tournaments\Engine Battle Demo PC 20250820.pgn

No:  B/W 1/2     W:B       1:2           Time        Value Moves Dep 1:2       1-2-Draws
   1 W 1    1.0:0.0        1.0:0.0       10:39:39 AM     0.00    13 0:4.000  1-0-0

--------------------------------------------------------------

Engine-Match Wednesday, August 20, 2025 10:39:40 AM
 Blitz 10/5 

Pairing 8/15 :    V7P3R_v4.3  -  SlowMate_v2.0

PGN-File: C:\Program Files (x86)\Arena\Tournaments\Engine Battle Demo PC 20250820.pgn

No:  B/W 1/2     W:B       1:2           Time        Value Moves Dep 1:2       1-2-Draws
   1 = =    0.5:0.5        0.5:0.5       10:52:16 AM     0.00    32 0:0 0-0-1

--------------------------------------------------------------

Engine-Match Wednesday, August 20, 2025 10:52:17 AM
 Blitz 10/5 

Pairing 9/15 :    C0BR4_v1.0  -  V7P3R_v4.1

PGN-File: C:\Program Files (x86)\Arena\Tournaments\Engine Battle Demo PC 20250820.pgn

No:  B/W 1/2     W:B       1:2           Time        Value Moves Dep 1:2       1-2-Draws
   1 B 2    1.0:0.0        0.0:1.0       10:54:27 AM     0.00    12 4.000 :0 0-1-0

--------------------------------------------------------------

Engine-Match Wednesday, August 20, 2025 10:54:29 AM
 Blitz 10/5 

Pairing 10/15 :    V7P3R_v4.3  -  Slowmate_v1.0

PGN-File: C:\Program Files (x86)\Arena\Tournaments\Engine Battle Demo PC 20250820.pgn

No:  B/W 1/2     W:B       1:2           Time        Value Moves Dep 1:2       1-2-Draws
   1 = =    0.5:0.5        0.5:0.5       10:55:17 AM     0.00     9 0:0 0-0-1

--------------------------------------------------------------

Engine-Match Wednesday, August 20, 2025 10:55:19 AM
 Blitz 10/5 

Pairing 11/15 :    V7P3R_v4.1  -  C0BR4_v2.0

PGN-File: C:\Program Files (x86)\Arena\Tournaments\Engine Battle Demo PC 20250820.pgn

No:  B/W 1/2     W:B       1:2           Time        Value Moves Dep 1:2       1-2-Draws
   1 W 1    1.0:0.0        1.0:0.0       10:56:48 AM     0.00     7 0:4.000  1-0-0

--------------------------------------------------------------

Engine-Match Wednesday, August 20, 2025 10:56:49 AM
 Blitz 10/5 

Pairing 12/15 :    SlowMate_v2.0  -  C0BR4_v1.0

PGN-File: C:\Program Files (x86)\Arena\Tournaments\Engine Battle Demo PC 20250820.pgn

No:  B/W 1/2     W:B       1:2           Time        Value Moves Dep 1:2       1-2-Draws
   1 B 2    1.0:0.0        0.0:1.0       10:59:09 AM  -299.99     8 0:4.000  0-1-0

--------------------------------------------------------------

Engine-Match Wednesday, August 20, 2025 10:59:11 AM
 Blitz 10/5 

Pairing 13/15 :    Slowmate_v1.0  -  V7P3R_v4.1

PGN-File: C:\Program Files (x86)\Arena\Tournaments\Engine Battle Demo PC 20250820.pgn

No:  B/W 1/2     W:B       1:2           Time        Value Moves Dep 1:2       1-2-Draws
   1 B 2    1.0:0.0        0.0:1.0       11:14:36 AM     0.00    70 0:0 0-1-0

--------------------------------------------------------------

Engine-Match Wednesday, August 20, 2025 11:14:37 AM
 Blitz 10/5 

Pairing 14/15 :    C0BR4_v1.0  -  V7P3R_v4.3

PGN-File: C:\Program Files (x86)\Arena\Tournaments\Engine Battle Demo PC 20250820.pgn

No:  B/W 1/2     W:B       1:2           Time        Value Moves Dep 1:2       1-2-Draws
   1 W 1    1.0:0.0        1.0:0.0       11:15:58 AM  +299.99    18 4.000 :0 1-0-0

--------------------------------------------------------------

Engine-Match Wednesday, August 20, 2025 11:15:59 AM
 Blitz 10/5 

Pairing 15/15 :    C0BR4_v2.0  -  SlowMate_v2.0

PGN-File: C:\Program Files (x86)\Arena\Tournaments\Engine Battle Demo PC 20250820.pgn

No:  B/W 1/2     W:B       1:2           Time        Value Moves Dep 1:2       1-2-Draws
   1 W 1    1.0:0.0        1.0:0.0       11:17:33 AM  +299.99     6 4.000 :0 1-0-0

--------------------------------------------------------------

Engine-Match Wednesday, August 20, 2025 11:17:34 AM
 Blitz 10/5 

Pairing 1/15 :    Slowmate_v1.0  -  C0BR4_v1.0

PGN-File: C:\Program Files (x86)\Arena\Tournaments\Engine Battle Demo PC 20250820.pgn

No:  B/W 1/2     W:B       1:2           Time        Value Moves Dep 1:2       1-2-Draws
   2 B 1    1.0:0.0        2.0:0.0       11:17:50 AM     0.00    14 0:4.000  2-0-0

--------------------------------------------------------------

Engine-Match Wednesday, August 20, 2025 11:17:52 AM
 Blitz 10/5 

Pairing 2/15 :    SlowMate_v2.0  -  V7P3R_v4.1

PGN-File: C:\Program Files (x86)\Arena\Tournaments\Engine Battle Demo PC 20250820.pgn

No:  B/W 1/2     W:B       1:2           Time        Value Moves Dep 1:2       1-2-Draws
   2 W 2    1.0:0.0        0.0:2.0       11:24:37 AM     0.00    15 0:0 0-2-0

--------------------------------------------------------------

Engine-Match Wednesday, August 20, 2025 11:24:38 AM
 Blitz 10/5 

Pairing 3/15 :    V7P3R_v4.3  -  C0BR4_v2.0

PGN-File: C:\Program Files (x86)\Arena\Tournaments\Engine Battle Demo PC 20250820.pgn

No:  B/W 1/2     W:B       1:2           Time        Value Moves Dep 1:2       1-2-Draws
   2 B 1    1.0:0.0        1.0:1.0       11:25:09 AM     0.00     4 0:4.000  1-1-0

--------------------------------------------------------------

Engine-Match Wednesday, August 20, 2025 11:25:10 AM
 Blitz 10/5 

Pairing 4/15 :    SlowMate_v2.0  -  Slowmate_v1.0

PGN-File: C:\Program Files (x86)\Arena\Tournaments\Engine Battle Demo PC 20250820.pgn

No:  B/W 1/2     W:B       1:2           Time        Value Moves Dep 1:2       1-2-Draws
   2 = =    0.5:0.5        0.5:1.5       11:28:08 AM     0.00    11 0:0 0-1-1

--------------------------------------------------------------

Engine-Match Wednesday, August 20, 2025 11:28:10 AM
 Blitz 10/5 

Pairing 5/15 :    C0BR4_v2.0  -  C0BR4_v1.0

PGN-File: C:\Program Files (x86)\Arena\Tournaments\Engine Battle Demo PC 20250820.pgn

No:  B/W 1/2     W:B       1:2           Time        Value Moves Dep 1:2       1-2-Draws
   2 W 2    1.5:0.5        0.5:1.5       11:28:40 AM  +299.99    43 4.000 :4.000  0-1-1

--------------------------------------------------------------

Engine-Match Wednesday, August 20, 2025 11:28:47 AM
 Blitz 10/5 

Pairing 6/15 :    V7P3R_v4.1  -  V7P3R_v4.3

PGN-File: C:\Program Files (x86)\Arena\Tournaments\Engine Battle Demo PC 20250820.pgn

No:  B/W 1/2     W:B       1:2           Time        Value Moves Dep 1:2       1-2-Draws
   2 B 1    1.0:0.0        2.0:0.0       11:41:03 AM     0.00    79 0:0 2-0-0

--------------------------------------------------------------

Engine-Match Wednesday, August 20, 2025 11:41:04 AM
 Blitz 10/5 

Pairing 7/15 :    Slowmate_v1.0  -  C0BR4_v2.0

PGN-File: C:\Program Files (x86)\Arena\Tournaments\Engine Battle Demo PC 20250820.pgn

No:  B/W 1/2     W:B       1:2           Time        Value Moves Dep 1:2       1-2-Draws
   2 B 1    1.0:0.0        2.0:0.0       11:41:54 AM     0.00    39 0:4.000  2-0-0

--------------------------------------------------------------

Engine-Match Wednesday, August 20, 2025 11:41:56 AM
 Blitz 10/5 

Pairing 8/15 :    V7P3R_v4.3  -  SlowMate_v2.0

PGN-File: C:\Program Files (x86)\Arena\Tournaments\Engine Battle Demo PC 20250820.pgn

No:  B/W 1/2     W:B       1:2           Time        Value Moves Dep 1:2       1-2-Draws
   2 = =    1.0:1.0        1.0:1.0       11:44:45 AM     0.00     7 0:0 0-0-2

--------------------------------------------------------------

Engine-Match Wednesday, August 20, 2025 11:44:46 AM
 Blitz 10/5 

Pairing 9/15 :    C0BR4_v1.0  -  V7P3R_v4.1

PGN-File: C:\Program Files (x86)\Arena\Tournaments\Engine Battle Demo PC 20250820.pgn

No:  B/W 1/2     W:B       1:2           Time        Value Moves Dep 1:2       1-2-Draws
   2 W 2    1.0:0.0        0.0:2.0       11:46:50 AM     0.00    12 4.000 :0 0-2-0

--------------------------------------------------------------

Engine-Match Wednesday, August 20, 2025 11:46:51 AM
 Blitz 10/5 

Pairing 10/15 :    V7P3R_v4.3  -  Slowmate_v1.0

PGN-File: C:\Program Files (x86)\Arena\Tournaments\Engine Battle Demo PC 20250820.pgn

No:  B/W 1/2     W:B       1:2           Time        Value Moves Dep 1:2       1-2-Draws
   2 = =    1.0:1.0        1.0:1.0       11:47:49 AM     0.00    15 0:0 0-0-2

--------------------------------------------------------------

Engine-Match Wednesday, August 20, 2025 11:47:51 AM
 Blitz 10/5 

Pairing 11/15 :    V7P3R_v4.1  -  C0BR4_v2.0

PGN-File: C:\Program Files (x86)\Arena\Tournaments\Engine Battle Demo PC 20250820.pgn

No:  B/W 1/2     W:B       1:2           Time        Value Moves Dep 1:2       1-2-Draws
   2 B 1    1.0:0.0        2.0:0.0       11:48:57 AM     0.00     6 0:4.000  2-0-0

--------------------------------------------------------------

Engine-Match Wednesday, August 20, 2025 11:48:59 AM
 Blitz 10/5 

Pairing 12/15 :    SlowMate_v2.0  -  C0BR4_v1.0

PGN-File: C:\Program Files (x86)\Arena\Tournaments\Engine Battle Demo PC 20250820.pgn

No:  B/W 1/2     W:B       1:2           Time        Value Moves Dep 1:2       1-2-Draws
   2 = =    0.5:0.5        0.5:1.5       11:51:00 AM    +0.25     8 0:4.000  0-1-1

--------------------------------------------------------------

Engine-Match Wednesday, August 20, 2025 11:51:01 AM
 Blitz 10/5 

Pairing 13/15 :    Slowmate_v1.0  -  V7P3R_v4.1

PGN-File: C:\Program Files (x86)\Arena\Tournaments\Engine Battle Demo PC 20250820.pgn

No:  B/W 1/2     W:B       1:2           Time        Value Moves Dep 1:2       1-2-Draws
   2 B 1    1.0:0.0        1.0:1.0       11:56:41 AM     0.00    29 0:0 1-1-0

--------------------------------------------------------------

Engine-Match Wednesday, August 20, 2025 11:56:43 AM
 Blitz 10/5 

Pairing 14/15 :    C0BR4_v1.0  -  V7P3R_v4.3

PGN-File: C:\Program Files (x86)\Arena\Tournaments\Engine Battle Demo PC 20250820.pgn

No:  B/W 1/2     W:B       1:2           Time        Value Moves Dep 1:2       1-2-Draws
   2 W 2    1.0:0.0        1.0:1.0       11:57:37 AM     0.00    14 4.000 :0 1-1-0

--------------------------------------------------------------

Engine-Match Wednesday, August 20, 2025 11:57:39 AM
 Blitz 10/5 

Pairing 15/15 :    C0BR4_v2.0  -  SlowMate_v2.0

PGN-File: C:\Program Files (x86)\Arena\Tournaments\Engine Battle Demo PC 20250820.pgn

No:  B/W 1/2     W:B       1:2           Time        Value Moves Dep 1:2       1-2-Draws
   2 B 1    1.0:0.0        2.0:0.0       12:00:40 PM  -299.99    10 4.000 :0 2-0-0

--------------------------------------------------------------

Engine-Match Wednesday, August 20, 2025 12:00:41 PM
 Blitz 10/5 

Pairing 1/15 :    Slowmate_v1.0  -  C0BR4_v1.0

PGN-File: C:\Program Files (x86)\Arena\Tournaments\Engine Battle Demo PC 20250820.pgn

No:  B/W 1/2     W:B       1:2           Time        Value Moves Dep 1:2       1-2-Draws
   3 W 1    1.0:0.0        3.0:0.0       12:01:32 PM     0.00    28 0:4.000  3-0-0

--------------------------------------------------------------

Engine-Match Wednesday, August 20, 2025 12:01:34 PM
 Blitz 10/5 

Pairing 2/15 :    SlowMate_v2.0  -  V7P3R_v4.1

PGN-File: C:\Program Files (x86)\Arena\Tournaments\Engine Battle Demo PC 20250820.pgn

No:  B/W 1/2     W:B       1:2           Time        Value Moves Dep 1:2       1-2-Draws
   3 B 2    1.0:0.0        0.0:3.0       12:10:42 PM     0.00    19 0:0 0-3-0

--------------------------------------------------------------

Engine-Match Wednesday, August 20, 2025 12:10:43 PM
 Blitz 10/5 

Pairing 3/15 :    V7P3R_v4.3  -  C0BR4_v2.0

PGN-File: C:\Program Files (x86)\Arena\Tournaments\Engine Battle Demo PC 20250820.pgn

No:  B/W 1/2     W:B       1:2           Time        Value Moves Dep 1:2       1-2-Draws
   3 W 1    1.0:0.0        2.0:1.0       12:12:29 PM     0.00    20 0:4.000  2-1-0

--------------------------------------------------------------

Engine-Match Wednesday, August 20, 2025 12:12:30 PM
 Blitz 10/5 

Pairing 4/15 :    SlowMate_v2.0  -  Slowmate_v1.0

PGN-File: C:\Program Files (x86)\Arena\Tournaments\Engine Battle Demo PC 20250820.pgn

No:  B/W 1/2     W:B       1:2           Time        Value Moves Dep 1:2       1-2-Draws
   3 B 2    1.5:0.5        0.5:2.5       12:14:46 PM     0.00     8 0:0 0-2-1

--------------------------------------------------------------

Engine-Match Wednesday, August 20, 2025 12:14:47 PM
 Blitz 10/5 

Pairing 5/15 :    C0BR4_v2.0  -  C0BR4_v1.0

PGN-File: C:\Program Files (x86)\Arena\Tournaments\Engine Battle Demo PC 20250820.pgn

No:  B/W 1/2     W:B       1:2           Time        Value Moves Dep 1:2       1-2-Draws
   3 = =    1.0:1.0        1.0:2.0       12:15:21 PM    -4.60    39 4.000 :4.000  0-1-2

--------------------------------------------------------------

Engine-Match Wednesday, August 20, 2025 12:15:22 PM
 Blitz 10/5 

Pairing 6/15 :    V7P3R_v4.1  -  V7P3R_v4.3

PGN-File: C:\Program Files (x86)\Arena\Tournaments\Engine Battle Demo PC 20250820.pgn

No:  B/W 1/2     W:B       1:2           Time        Value Moves Dep 1:2       1-2-Draws
   3 W 1    1.0:0.0        3.0:0.0       12:40:15 PM     0.00   106 0:0 3-0-0

--------------------------------------------------------------

Engine-Match Wednesday, August 20, 2025 12:40:17 PM
 Blitz 10/5 

Pairing 7/15 :    Slowmate_v1.0  -  C0BR4_v2.0

PGN-File: C:\Program Files (x86)\Arena\Tournaments\Engine Battle Demo PC 20250820.pgn

No:  B/W 1/2     W:B       1:2           Time        Value Moves Dep 1:2       1-2-Draws
   3 W 1    1.0:0.0        3.0:0.0       12:40:57 PM     0.00    32 0:4.000  3-0-0

--------------------------------------------------------------

Engine-Match Wednesday, August 20, 2025 12:40:58 PM
 Blitz 10/5 

Pairing 8/15 :    V7P3R_v4.3  -  SlowMate_v2.0

PGN-File: C:\Program Files (x86)\Arena\Tournaments\Engine Battle Demo PC 20250820.pgn

No:  B/W 1/2     W:B       1:2           Time        Value Moves Dep 1:2       1-2-Draws
   3 = =    1.5:1.5        1.5:1.5       12:53:34 PM     0.00    32 0:0 0-0-3

--------------------------------------------------------------

Engine-Match Wednesday, August 20, 2025 12:53:36 PM
 Blitz 10/5 

Pairing 9/15 :    C0BR4_v1.0  -  V7P3R_v4.1

PGN-File: C:\Program Files (x86)\Arena\Tournaments\Engine Battle Demo PC 20250820.pgn

No:  B/W 1/2     W:B       1:2           Time        Value Moves Dep 1:2       1-2-Draws
   3 B 2    1.0:0.0        0.0:3.0       12:55:45 PM     0.00    12 4.000 :0 0-3-0

--------------------------------------------------------------

Engine-Match Wednesday, August 20, 2025 12:55:46 PM
 Blitz 10/5 

Pairing 10/15 :    V7P3R_v4.3  -  Slowmate_v1.0

PGN-File: C:\Program Files (x86)\Arena\Tournaments\Engine Battle Demo PC 20250820.pgn

No:  B/W 1/2     W:B       1:2           Time        Value Moves Dep 1:2       1-2-Draws
   3 = =    1.5:1.5        1.5:1.5       12:56:35 PM     0.00     9 0:0 0-0-3

--------------------------------------------------------------

Engine-Match Wednesday, August 20, 2025 12:56:42 PM
 Blitz 10/5 

Pairing 11/15 :    V7P3R_v4.1  -  C0BR4_v2.0

PGN-File: C:\Program Files (x86)\Arena\Tournaments\Engine Battle Demo PC 20250820.pgn

No:  B/W 1/2     W:B       1:2           Time        Value Moves Dep 1:2       1-2-Draws
   3 W 1    1.0:0.0        3.0:0.0       12:58:56 PM     0.00     9 0:4.000  3-0-0

--------------------------------------------------------------

Engine-Match Wednesday, August 20, 2025 12:58:58 PM
 Blitz 10/5 

Pairing 12/15 :    SlowMate_v2.0  -  C0BR4_v1.0

PGN-File: C:\Program Files (x86)\Arena\Tournaments\Engine Battle Demo PC 20250820.pgn

No:  B/W 1/2     W:B       1:2           Time        Value Moves Dep 1:2       1-2-Draws
   3 B 2    1.5:0.5        0.5:2.5       1:01:18 PM  -299.99     8 0:4.000  0-2-1

--------------------------------------------------------------

Engine-Match Wednesday, August 20, 2025 1:01:19 PM
 Blitz 10/5 

Pairing 13/15 :    Slowmate_v1.0  -  V7P3R_v4.1

PGN-File: C:\Program Files (x86)\Arena\Tournaments\Engine Battle Demo PC 20250820.pgn

No:  B/W 1/2     W:B       1:2           Time        Value Moves Dep 1:2       1-2-Draws
   3 B 2    1.0:0.0        1.0:2.0       1:16:43 PM     0.00    70 0:0 1-2-0

--------------------------------------------------------------

Engine-Match Wednesday, August 20, 2025 1:16:44 PM
 Blitz 10/5 

Pairing 14/15 :    C0BR4_v1.0  -  V7P3R_v4.3

PGN-File: C:\Program Files (x86)\Arena\Tournaments\Engine Battle Demo PC 20250820.pgn

No:  B/W 1/2     W:B       1:2           Time        Value Moves Dep 1:2       1-2-Draws
   3 W 1    1.0:0.0        2.0:1.0       1:18:04 PM  +299.99    18 4.000 :0 2-1-0

--------------------------------------------------------------

Engine-Match Wednesday, August 20, 2025 1:18:05 PM
 Blitz 10/5 

Pairing 15/15 :    C0BR4_v2.0  -  SlowMate_v2.0

PGN-File: C:\Program Files (x86)\Arena\Tournaments\Engine Battle Demo PC 20250820.pgn

No:  B/W 1/2     W:B       1:2           Time        Value Moves Dep 1:2       1-2-Draws
   3 B 2    1.0:0.0        2.0:1.0       1:20:59 PM     0.00     9 4.000 :0 2-1-0

--------------------------------------------------------------

Engine-Match Wednesday, August 20, 2025 1:21:00 PM
 Blitz 10/5 

Pairing 1/15 :    Slowmate_v1.0  -  C0BR4_v1.0

PGN-File: C:\Program Files (x86)\Arena\Tournaments\Engine Battle Demo PC 20250820.pgn

No:  B/W 1/2     W:B       1:2           Time        Value Moves Dep 1:2       1-2-Draws
   4 B 1    1.0:0.0        4.0:0.0       1:21:16 PM     0.00    14 0:4.000  4-0-0

--------------------------------------------------------------

Engine-Match Wednesday, August 20, 2025 1:21:18 PM
 Blitz 10/5 

Pairing 2/15 :    SlowMate_v2.0  -  V7P3R_v4.1

PGN-File: C:\Program Files (x86)\Arena\Tournaments\Engine Battle Demo PC 20250820.pgn

No:  B/W 1/2     W:B       1:2           Time        Value Moves Dep 1:2       1-2-Draws
   4 W 2    1.0:0.0        0.0:4.0       1:28:03 PM     0.00    15 0:0 0-4-0

--------------------------------------------------------------

Engine-Match Wednesday, August 20, 2025 1:28:04 PM
 Blitz 10/5 

Pairing 3/15 :    V7P3R_v4.3  -  C0BR4_v2.0

PGN-File: C:\Program Files (x86)\Arena\Tournaments\Engine Battle Demo PC 20250820.pgn

No:  B/W 1/2     W:B       1:2           Time        Value Moves Dep 1:2       1-2-Draws
   4 W 2    1.0:0.0        2.0:2.0       1:29:44 PM  +299.99    24 0:4.000  2-2-0

--------------------------------------------------------------

Engine-Match Wednesday, August 20, 2025 1:29:45 PM
 Blitz 10/5 

Pairing 4/15 :    SlowMate_v2.0  -  Slowmate_v1.0

PGN-File: C:\Program Files (x86)\Arena\Tournaments\Engine Battle Demo PC 20250820.pgn

No:  B/W 1/2     W:B       1:2           Time        Value Moves Dep 1:2       1-2-Draws
   4 = =    1.0:1.0        1.0:3.0       1:32:44 PM     0.00    11 0:0 0-2-2

--------------------------------------------------------------

Engine-Match Wednesday, August 20, 2025 1:32:45 PM
 Blitz 10/5 

Pairing 5/15 :    C0BR4_v2.0  -  C0BR4_v1.0

PGN-File: C:\Program Files (x86)\Arena\Tournaments\Engine Battle Demo PC 20250820.pgn

No:  B/W 1/2     W:B       1:2           Time        Value Moves Dep 1:2       1-2-Draws
   4 B 1    2.0:1.0        2.0:2.0       1:33:25 PM  -299.98    43 4.000 :4.000  1-1-2

--------------------------------------------------------------

Engine-Match Wednesday, August 20, 2025 1:33:26 PM
 Blitz 10/5 

Pairing 6/15 :    V7P3R_v4.1  -  V7P3R_v4.3

PGN-File: C:\Program Files (x86)\Arena\Tournaments\Engine Battle Demo PC 20250820.pgn

No:  B/W 1/2     W:B       1:2           Time        Value Moves Dep 1:2       1-2-Draws
   4 B 1    1.0:0.0        4.0:0.0       1:45:46 PM     0.00    79 0:0 4-0-0

--------------------------------------------------------------

Engine-Match Wednesday, August 20, 2025 1:45:47 PM
 Blitz 10/5 

Pairing 7/15 :    Slowmate_v1.0  -  C0BR4_v2.0

PGN-File: C:\Program Files (x86)\Arena\Tournaments\Engine Battle Demo PC 20250820.pgn

No:  B/W 1/2     W:B       1:2           Time        Value Moves Dep 1:2       1-2-Draws
   4 B 1    1.0:0.0        4.0:0.0       1:46:27 PM     0.00    32 0:4.000  4-0-0

--------------------------------------------------------------

Engine-Match Wednesday, August 20, 2025 1:46:28 PM
 Blitz 10/5 

Pairing 8/15 :    V7P3R_v4.3  -  SlowMate_v2.0

PGN-File: C:\Program Files (x86)\Arena\Tournaments\Engine Battle Demo PC 20250820.pgn

No:  B/W 1/2     W:B       1:2           Time        Value Moves Dep 1:2       1-2-Draws
   4 = =    2.0:2.0        2.0:2.0       1:49:17 PM     0.00     7 0:0 0-0-4

--------------------------------------------------------------

Engine-Match Wednesday, August 20, 2025 1:49:18 PM
 Blitz 10/5 

Pairing 9/15 :    C0BR4_v1.0  -  V7P3R_v4.1

PGN-File: C:\Program Files (x86)\Arena\Tournaments\Engine Battle Demo PC 20250820.pgn

No:  B/W 1/2     W:B       1:2           Time        Value Moves Dep 1:2       1-2-Draws
   4 W 2    1.0:0.0        0.0:4.0       1:51:22 PM     0.00    12 4.000 :0 0-4-0

--------------------------------------------------------------

Engine-Match Wednesday, August 20, 2025 1:51:23 PM
 Blitz 10/5 

Pairing 10/15 :    V7P3R_v4.3  -  Slowmate_v1.0

PGN-File: C:\Program Files (x86)\Arena\Tournaments\Engine Battle Demo PC 20250820.pgn

No:  B/W 1/2     W:B       1:2           Time        Value Moves Dep 1:2       1-2-Draws
   4 = =    2.0:2.0        2.0:2.0       1:52:22 PM     0.00    15 0:0 0-0-4

--------------------------------------------------------------

Engine-Match Wednesday, August 20, 2025 1:52:23 PM
 Blitz 10/5 

Pairing 11/15 :    V7P3R_v4.1  -  C0BR4_v2.0

PGN-File: C:\Program Files (x86)\Arena\Tournaments\Engine Battle Demo PC 20250820.pgn

No:  B/W 1/2     W:B       1:2           Time        Value Moves Dep 1:2       1-2-Draws
   4 B 1    1.0:0.0        4.0:0.0       1:54:37 PM     0.00    13 0:4.000  4-0-0

--------------------------------------------------------------

Engine-Match Wednesday, August 20, 2025 1:54:38 PM
 Blitz 10/5 

Pairing 12/15 :    SlowMate_v2.0  -  C0BR4_v1.0

PGN-File: C:\Program Files (x86)\Arena\Tournaments\Engine Battle Demo PC 20250820.pgn

No:  B/W 1/2     W:B       1:2           Time        Value Moves Dep 1:2       1-2-Draws
   4 = =    1.0:1.0        1.0:3.0       1:56:39 PM    +0.25     8 0:4.000  0-2-2

--------------------------------------------------------------

Engine-Match Wednesday, August 20, 2025 1:56:41 PM
 Blitz 10/5 

Pairing 13/15 :    Slowmate_v1.0  -  V7P3R_v4.1

PGN-File: C:\Program Files (x86)\Arena\Tournaments\Engine Battle Demo PC 20250820.pgn

No:  B/W 1/2     W:B       1:2           Time        Value Moves Dep 1:2       1-2-Draws
   4 B 1    1.0:0.0        2.0:2.0       2:02:20 PM     0.00    29 0:0 2-2-0

--------------------------------------------------------------

Engine-Match Wednesday, August 20, 2025 2:02:22 PM
 Blitz 10/5 

Pairing 14/15 :    C0BR4_v1.0  -  V7P3R_v4.3

PGN-File: C:\Program Files (x86)\Arena\Tournaments\Engine Battle Demo PC 20250820.pgn

No:  B/W 1/2     W:B       1:2           Time        Value Moves Dep 1:2       1-2-Draws
   4 W 2    1.0:0.0        2.0:2.0       2:03:17 PM     0.00    14 4.000 :0 2-2-0

--------------------------------------------------------------

Engine-Match Wednesday, August 20, 2025 2:03:19 PM
 Blitz 10/5 

Pairing 15/15 :    C0BR4_v2.0  -  SlowMate_v2.0

PGN-File: C:\Program Files (x86)\Arena\Tournaments\Engine Battle Demo PC 20250820.pgn

No:  B/W 1/2     W:B       1:2           Time        Value Moves Dep 1:2       1-2-Draws
   4 B 1    1.0:0.0        3.0:1.0       2:06:01 PM  -299.99     9 4.000 :0 3-1-0

--------------------------------------------------------------

Engine-Match Wednesday, August 20, 2025 2:06:08 PM
 Blitz 10/5 

Pairing 1/15 :    Slowmate_v1.0  -  C0BR4_v1.0

PGN-File: C:\Program Files (x86)\Arena\Tournaments\Engine Battle Demo PC 20250820.pgn

No:  B/W 1/2     W:B       1:2           Time        Value Moves Dep 1:2       1-2-Draws
   5 W 1    1.0:0.0        5.0:0.0       2:06:59 PM     0.00    28 0:4.000  5-0-0

--------------------------------------------------------------

Engine-Match Wednesday, August 20, 2025 2:07:00 PM
 Blitz 10/5 

Pairing 2/15 :    SlowMate_v2.0  -  V7P3R_v4.1

PGN-File: C:\Program Files (x86)\Arena\Tournaments\Engine Battle Demo PC 20250820.pgn

No:  B/W 1/2     W:B       1:2           Time        Value Moves Dep 1:2       1-2-Draws
   5 B 2    1.0:0.0        0.0:5.0       2:16:08 PM     0.00    19 0:0 0-5-0

--------------------------------------------------------------

Engine-Match Wednesday, August 20, 2025 2:16:09 PM
 Blitz 10/5 

Pairing 3/15 :    V7P3R_v4.3  -  C0BR4_v2.0

PGN-File: C:\Program Files (x86)\Arena\Tournaments\Engine Battle Demo PC 20250820.pgn

No:  B/W 1/2     W:B       1:2           Time        Value Moves Dep 1:2       1-2-Draws
   5 W 1    1.0:0.0        3.0:2.0       2:17:16 PM     0.00    13 0:4.000  3-2-0

--------------------------------------------------------------

Engine-Match Wednesday, August 20, 2025 2:17:18 PM
 Blitz 10/5 

Pairing 4/15 :    SlowMate_v2.0  -  Slowmate_v1.0

PGN-File: C:\Program Files (x86)\Arena\Tournaments\Engine Battle Demo PC 20250820.pgn

No:  B/W 1/2     W:B       1:2           Time        Value Moves Dep 1:2       1-2-Draws
   5 B 2    2.0:1.0        1.0:4.0       2:19:32 PM     0.00     8 0:0 0-3-2

--------------------------------------------------------------

Engine-Match Wednesday, August 20, 2025 2:19:34 PM
 Blitz 10/5 

Pairing 5/15 :    C0BR4_v2.0  -  C0BR4_v1.0

PGN-File: C:\Program Files (x86)\Arena\Tournaments\Engine Battle Demo PC 20250820.pgn

No:  B/W 1/2     W:B       1:2           Time        Value Moves Dep 1:2       1-2-Draws
   5 = =    1.5:1.5        2.5:2.5       2:20:12 PM    +2.20    62 4.000 :4.000  1-1-3

--------------------------------------------------------------

Engine-Match Wednesday, August 20, 2025 2:20:13 PM
 Blitz 10/5 

Pairing 6/15 :    V7P3R_v4.1  -  V7P3R_v4.3

PGN-File: C:\Program Files (x86)\Arena\Tournaments\Engine Battle Demo PC 20250820.pgn

No:  B/W 1/2     W:B       1:2           Time        Value Moves Dep 1:2       1-2-Draws
   5 = =    0.5:0.5        4.5:0.5       2:45:51 PM     0.00    97 0:0 4-0-1

--------------------------------------------------------------

Engine-Match Wednesday, August 20, 2025 2:45:52 PM
 Blitz 10/5 

Pairing 7/15 :    Slowmate_v1.0  -  C0BR4_v2.0

PGN-File: C:\Program Files (x86)\Arena\Tournaments\Engine Battle Demo PC 20250820.pgn

No:  B/W 1/2     W:B       1:2           Time        Value Moves Dep 1:2       1-2-Draws
   5 W 1    1.0:0.0        5.0:0.0       2:46:26 PM     0.00    17 0:4.000  5-0-0

--------------------------------------------------------------

Engine-Match Wednesday, August 20, 2025 2:46:28 PM
 Blitz 10/5 

Pairing 8/15 :    V7P3R_v4.3  -  SlowMate_v2.0

PGN-File: C:\Program Files (x86)\Arena\Tournaments\Engine Battle Demo PC 20250820.pgn

No:  B/W 1/2     W:B       1:2           Time        Value Moves Dep 1:2       1-2-Draws
   5 = =    2.5:2.5        2.5:2.5       2:59:03 PM     0.00    32 0:0 0-0-5

--------------------------------------------------------------

Engine-Match Wednesday, August 20, 2025 2:59:05 PM
 Blitz 10/5 

Pairing 9/15 :    C0BR4_v1.0  -  V7P3R_v4.1

PGN-File: C:\Program Files (x86)\Arena\Tournaments\Engine Battle Demo PC 20250820.pgn

No:  B/W 1/2     W:B       1:2           Time        Value Moves Dep 1:2       1-2-Draws
   5 B 2    1.0:0.0        0.0:5.0       3:01:15 PM     0.00    12 4.000 :0 0-5-0

--------------------------------------------------------------

Engine-Match Wednesday, August 20, 2025 3:01:16 PM
 Blitz 10/5 

Pairing 10/15 :    V7P3R_v4.3  -  Slowmate_v1.0

PGN-File: C:\Program Files (x86)\Arena\Tournaments\Engine Battle Demo PC 20250820.pgn

No:  B/W 1/2     W:B       1:2           Time        Value Moves Dep 1:2       1-2-Draws
   5 = =    2.5:2.5        2.5:2.5       3:02:05 PM     0.00     9 0:0 0-0-5

--------------------------------------------------------------

Engine-Match Wednesday, August 20, 2025 3:02:06 PM
 Blitz 10/5 

Pairing 11/15 :    V7P3R_v4.1  -  C0BR4_v2.0

PGN-File: C:\Program Files (x86)\Arena\Tournaments\Engine Battle Demo PC 20250820.pgn

No:  B/W 1/2     W:B       1:2           Time        Value Moves Dep 1:2       1-2-Draws
   5 W 1    1.0:0.0        5.0:0.0       3:04:22 PM     0.00     9 0:4.000  5-0-0

--------------------------------------------------------------

Engine-Match Wednesday, August 20, 2025 3:04:24 PM
 Blitz 10/5 

Pairing 12/15 :    SlowMate_v2.0  -  C0BR4_v1.0

PGN-File: C:\Program Files (x86)\Arena\Tournaments\Engine Battle Demo PC 20250820.pgn

No:  B/W 1/2     W:B       1:2           Time        Value Moves Dep 1:2       1-2-Draws
   5 B 2    2.0:1.0        1.0:4.0       3:06:44 PM  -299.99     8 0:4.000  0-3-2

--------------------------------------------------------------

Engine-Match Wednesday, August 20, 2025 3:06:45 PM
 Blitz 10/5 

Pairing 13/15 :    Slowmate_v1.0  -  V7P3R_v4.1

PGN-File: C:\Program Files (x86)\Arena\Tournaments\Engine Battle Demo PC 20250820.pgn

No:  B/W 1/2     W:B       1:2           Time        Value Moves Dep 1:2       1-2-Draws
   5 B 2    1.0:0.0        2.0:3.0       3:22:11 PM     0.00    70 0:0 2-3-0

--------------------------------------------------------------

Engine-Match Wednesday, August 20, 2025 3:22:12 PM
 Blitz 10/5 

Pairing 14/15 :    C0BR4_v1.0  -  V7P3R_v4.3

PGN-File: C:\Program Files (x86)\Arena\Tournaments\Engine Battle Demo PC 20250820.pgn

No:  B/W 1/2     W:B       1:2           Time        Value Moves Dep 1:2       1-2-Draws
   5 W 1    1.0:0.0        3.0:2.0       3:23:34 PM  +299.99    18 4.000 :0 3-2-0

--------------------------------------------------------------

Engine-Match Wednesday, August 20, 2025 3:23:35 PM
 Blitz 10/5 

Pairing 15/15 :    C0BR4_v2.0  -  SlowMate_v2.0

PGN-File: C:\Program Files (x86)\Arena\Tournaments\Engine Battle Demo PC 20250820.pgn

No:  B/W 1/2     W:B       1:2           Time        Value Moves Dep 1:2       1-2-Draws
   5 W 1    1.0:0.0        4.0:1.0       3:25:27 PM  +299.99     7 4.000 :0 4-1-0

--------------------------------------------------------------

Engine-Match Wednesday, August 20, 2025 3:25:28 PM
 Blitz 10/5 

Pairing 1/15 :    Slowmate_v1.0  -  C0BR4_v1.0

PGN-File: C:\Program Files (x86)\Arena\Tournaments\Engine Battle Demo PC 20250820.pgn

No:  B/W 1/2     W:B       1:2           Time        Value Moves Dep 1:2       1-2-Draws
   6 B 1    1.0:0.0        6.0:0.0       3:25:45 PM     0.00    14 0:4.000  6-0-0

--------------------------------------------------------------

Engine-Match Wednesday, August 20, 2025 3:25:46 PM
 Blitz 10/5 

Pairing 2/15 :    SlowMate_v2.0  -  V7P3R_v4.1

PGN-File: C:\Program Files (x86)\Arena\Tournaments\Engine Battle Demo PC 20250820.pgn

No:  B/W 1/2     W:B       1:2           Time        Value Moves Dep 1:2       1-2-Draws
   6 W 2    1.0:0.0        0.0:6.0       3:32:31 PM     0.00    15 0:0 0-6-0

--------------------------------------------------------------

Engine-Match Wednesday, August 20, 2025 3:32:32 PM
 Blitz 10/5 

Pairing 3/15 :    V7P3R_v4.3  -  C0BR4_v2.0

PGN-File: C:\Program Files (x86)\Arena\Tournaments\Engine Battle Demo PC 20250820.pgn

No:  B/W 1/2     W:B       1:2           Time        Value Moves Dep 1:2       1-2-Draws
   6 B 1    1.0:0.0        4.0:2.0       3:33:10 PM     0.00     6 0:4.000  4-2-0

--------------------------------------------------------------

Engine-Match Wednesday, August 20, 2025 3:33:11 PM
 Blitz 10/5 

Pairing 4/15 :    SlowMate_v2.0  -  Slowmate_v1.0

PGN-File: C:\Program Files (x86)\Arena\Tournaments\Engine Battle Demo PC 20250820.pgn

No:  B/W 1/2     W:B       1:2           Time        Value Moves Dep 1:2       1-2-Draws
   6 = =    1.5:1.5        1.5:4.5       3:36:10 PM     0.00    11 0:0 0-3-3

--------------------------------------------------------------

Engine-Match Wednesday, August 20, 2025 3:36:11 PM
 Blitz 10/5 

Pairing 5/15 :    C0BR4_v2.0  -  C0BR4_v1.0

PGN-File: C:\Program Files (x86)\Arena\Tournaments\Engine Battle Demo PC 20250820.pgn

No:  B/W 1/2     W:B       1:2           Time        Value Moves Dep 1:2       1-2-Draws
   6 = =    2.0:2.0        3.0:3.0       3:36:36 PM    +2.30    25 4.000 :4.000  1-1-4

--------------------------------------------------------------

Engine-Match Wednesday, August 20, 2025 3:36:43 PM
 Blitz 10/5 

Pairing 6/15 :    V7P3R_v4.1  -  V7P3R_v4.3

PGN-File: C:\Program Files (x86)\Arena\Tournaments\Engine Battle Demo PC 20250820.pgn

No:  B/W 1/2     W:B       1:2           Time        Value Moves Dep 1:2       1-2-Draws
   6 B 1    1.5:0.5        5.5:0.5       3:49:01 PM     0.00    79 0:0 5-0-1

--------------------------------------------------------------

Engine-Match Wednesday, August 20, 2025 3:49:02 PM
 Blitz 10/5 

Pairing 7/15 :    Slowmate_v1.0  -  C0BR4_v2.0

PGN-File: C:\Program Files (x86)\Arena\Tournaments\Engine Battle Demo PC 20250820.pgn

No:  B/W 1/2     W:B       1:2           Time        Value Moves Dep 1:2       1-2-Draws
   6 B 1    1.0:0.0        6.0:0.0       3:49:23 PM     0.00    10 0:4.000  6-0-0

--------------------------------------------------------------

Engine-Match Wednesday, August 20, 2025 3:49:24 PM
 Blitz 10/5 

Pairing 8/15 :    V7P3R_v4.3  -  SlowMate_v2.0

PGN-File: C:\Program Files (x86)\Arena\Tournaments\Engine Battle Demo PC 20250820.pgn

No:  B/W 1/2     W:B       1:2           Time        Value Moves Dep 1:2       1-2-Draws
   6 = =    3.0:3.0        3.0:3.0       3:52:13 PM     0.00     7 0:0 0-0-6

--------------------------------------------------------------

Engine-Match Wednesday, August 20, 2025 3:52:14 PM
 Blitz 10/5 

Pairing 9/15 :    C0BR4_v1.0  -  V7P3R_v4.1

PGN-File: C:\Program Files (x86)\Arena\Tournaments\Engine Battle Demo PC 20250820.pgn

No:  B/W 1/2     W:B       1:2           Time        Value Moves Dep 1:2       1-2-Draws
   6 W 2    1.0:0.0        0.0:6.0       3:54:19 PM     0.00    12 4.000 :0 0-6-0

--------------------------------------------------------------

Engine-Match Wednesday, August 20, 2025 3:54:20 PM
 Blitz 10/5 

Pairing 10/15 :    V7P3R_v4.3  -  Slowmate_v1.0

PGN-File: C:\Program Files (x86)\Arena\Tournaments\Engine Battle Demo PC 20250820.pgn

No:  B/W 1/2     W:B       1:2           Time        Value Moves Dep 1:2       1-2-Draws
   6 = =    3.0:3.0        3.0:3.0       3:55:19 PM     0.00    15 0:0 0-0-6

--------------------------------------------------------------

Engine-Match Wednesday, August 20, 2025 3:55:20 PM
 Blitz 10/5 

Pairing 11/15 :    V7P3R_v4.1  -  C0BR4_v2.0

PGN-File: C:\Program Files (x86)\Arena\Tournaments\Engine Battle Demo PC 20250820.pgn

No:  B/W 1/2     W:B       1:2           Time        Value Moves Dep 1:2       1-2-Draws
   6 B 1    1.0:0.0        6.0:0.0       3:57:43 PM     0.00    12 0:4.000  6-0-0

--------------------------------------------------------------

Engine-Match Wednesday, August 20, 2025 3:57:44 PM
 Blitz 10/5 

Pairing 12/15 :    SlowMate_v2.0  -  C0BR4_v1.0

PGN-File: C:\Program Files (x86)\Arena\Tournaments\Engine Battle Demo PC 20250820.pgn

No:  B/W 1/2     W:B       1:2           Time        Value Moves Dep 1:2       1-2-Draws
   6 = =    1.5:1.5        1.5:4.5       3:59:46 PM    +0.25     8 0:4.000  0-3-3

--------------------------------------------------------------

Engine-Match Wednesday, August 20, 2025 3:59:47 PM
 Blitz 10/5 

Pairing 13/15 :    Slowmate_v1.0  -  V7P3R_v4.1

PGN-File: C:\Program Files (x86)\Arena\Tournaments\Engine Battle Demo PC 20250820.pgn

No:  B/W 1/2     W:B       1:2           Time        Value Moves Dep 1:2       1-2-Draws
   6 B 1    1.0:0.0        3.0:3.0       4:05:26 PM     0.00    29 0:0 3-3-0

--------------------------------------------------------------

Engine-Match Wednesday, August 20, 2025 4:05:27 PM
 Blitz 10/5 

Pairing 14/15 :    C0BR4_v1.0  -  V7P3R_v4.3

PGN-File: C:\Program Files (x86)\Arena\Tournaments\Engine Battle Demo PC 20250820.pgn

No:  B/W 1/2     W:B       1:2           Time        Value Moves Dep 1:2       1-2-Draws
   6 W 2    1.0:0.0        3.0:3.0       4:06:21 PM     0.00    14 4.000 :0 3-3-0

--------------------------------------------------------------

Engine-Match Wednesday, August 20, 2025 4:06:22 PM
 Blitz 10/5 

Pairing 15/15 :    C0BR4_v2.0  -  SlowMate_v2.0

PGN-File: C:\Program Files (x86)\Arena\Tournaments\Engine Battle Demo PC 20250820.pgn

No:  B/W 1/2     W:B       1:2           Time        Value Moves Dep 1:2       1-2-Draws
   6 B 1    1.0:0.0        5.0:1.0       4:09:03 PM  -299.99     9 4.000 :0 5-1-0

--------------------------------------------------------------

Engine-Match Wednesday, August 20, 2025 4:09:05 PM
 Blitz 10/5 

Pairing 1/15 :    Slowmate_v1.0  -  C0BR4_v1.0

PGN-File: C:\Program Files (x86)\Arena\Tournaments\Engine Battle Demo PC 20250820.pgn

No:  B/W 1/2     W:B       1:2           Time        Value Moves Dep 1:2       1-2-Draws
   7 W 1    1.0:0.0        7.0:0.0       4:09:56 PM     0.00    28 0:4.000  7-0-0

--------------------------------------------------------------

Engine-Match Wednesday, August 20, 2025 4:09:57 PM
 Blitz 10/5 

Pairing 2/15 :    SlowMate_v2.0  -  V7P3R_v4.1

PGN-File: C:\Program Files (x86)\Arena\Tournaments\Engine Battle Demo PC 20250820.pgn

No:  B/W 1/2     W:B       1:2           Time        Value Moves Dep 1:2       1-2-Draws
   7 B 2    1.0:0.0        0.0:7.0       4:19:05 PM     0.00    19 0:0 0-7-0

--------------------------------------------------------------

Engine-Match Wednesday, August 20, 2025 4:19:06 PM
 Blitz 10/5 

Pairing 3/15 :    V7P3R_v4.3  -  C0BR4_v2.0

PGN-File: C:\Program Files (x86)\Arena\Tournaments\Engine Battle Demo PC 20250820.pgn

No:  B/W 1/2     W:B       1:2           Time        Value Moves Dep 1:2       1-2-Draws
   7 W 1    1.0:0.0        5.0:2.0       4:20:37 PM     0.00    16 0:4.000  5-2-0

--------------------------------------------------------------

Engine-Match Wednesday, August 20, 2025 4:20:38 PM
 Blitz 10/5 

Pairing 4/15 :    SlowMate_v2.0  -  Slowmate_v1.0

PGN-File: C:\Program Files (x86)\Arena\Tournaments\Engine Battle Demo PC 20250820.pgn

No:  B/W 1/2     W:B       1:2           Time        Value Moves Dep 1:2       1-2-Draws
   7 B 2    2.5:1.5        1.5:5.5       4:22:53 PM     0.00     8 0:0 0-4-3

--------------------------------------------------------------

Engine-Match Wednesday, August 20, 2025 4:22:54 PM
 Blitz 10/5 

Pairing 5/15 :    C0BR4_v2.0  -  C0BR4_v1.0

PGN-File: C:\Program Files (x86)\Arena\Tournaments\Engine Battle Demo PC 20250820.pgn

No:  B/W 1/2     W:B       1:2           Time        Value Moves Dep 1:2       1-2-Draws
   7 = =    2.5:2.5        3.5:3.5       4:23:44 PM    +1.92    59 4.000 :4.000  1-1-5

--------------------------------------------------------------

Engine-Match Wednesday, August 20, 2025 4:23:45 PM
 Blitz 10/5 

Pairing 6/15 :    V7P3R_v4.1  -  V7P3R_v4.3

PGN-File: C:\Program Files (x86)\Arena\Tournaments\Engine Battle Demo PC 20250820.pgn

No:  B/W 1/2     W:B       1:2           Time        Value Moves Dep 1:2       1-2-Draws
   7 = =    1.0:1.0        6.0:1.0       4:49:53 PM     0.00   100 0:0 5-0-2

--------------------------------------------------------------

Engine-Match Wednesday, August 20, 2025 4:49:54 PM
 Blitz 10/5 

Pairing 7/15 :    Slowmate_v1.0  -  C0BR4_v2.0

PGN-File: C:\Program Files (x86)\Arena\Tournaments\Engine Battle Demo PC 20250820.pgn

No:  B/W 1/2     W:B       1:2           Time        Value Moves Dep 1:2       1-2-Draws
   7 W 1    1.0:0.0        7.0:0.0       4:50:32 PM     0.00    17 0:4.000  7-0-0

--------------------------------------------------------------

Engine-Match Wednesday, August 20, 2025 4:50:34 PM
 Blitz 10/5 

Pairing 8/15 :    V7P3R_v4.3  -  SlowMate_v2.0

PGN-File: C:\Program Files (x86)\Arena\Tournaments\Engine Battle Demo PC 20250820.pgn

No:  B/W 1/2     W:B       1:2           Time        Value Moves Dep 1:2       1-2-Draws
   7 = =    3.5:3.5        3.5:3.5       5:03:09 PM     0.00    32 0:0 0-0-7

--------------------------------------------------------------

Engine-Match Wednesday, August 20, 2025 5:03:11 PM
 Blitz 10/5 

Pairing 9/15 :    C0BR4_v1.0  -  V7P3R_v4.1

PGN-File: C:\Program Files (x86)\Arena\Tournaments\Engine Battle Demo PC 20250820.pgn

No:  B/W 1/2     W:B       1:2           Time        Value Moves Dep 1:2       1-2-Draws
   7 B 2    1.0:0.0        0.0:7.0       5:05:19 PM     0.00    12 4.000 :0 0-7-0

--------------------------------------------------------------

Engine-Match Wednesday, August 20, 2025 5:05:20 PM
 Blitz 10/5 

Pairing 10/15 :    V7P3R_v4.3  -  Slowmate_v1.0

PGN-File: C:\Program Files (x86)\Arena\Tournaments\Engine Battle Demo PC 20250820.pgn

No:  B/W 1/2     W:B       1:2           Time        Value Moves Dep 1:2       1-2-Draws
   7 = =    3.5:3.5        3.5:3.5       5:06:10 PM     0.00     9 0:0 0-0-7

--------------------------------------------------------------

Engine-Match Wednesday, August 20, 2025 5:06:17 PM
 Blitz 10/5 

Pairing 11/15 :    V7P3R_v4.1  -  C0BR4_v2.0

PGN-File: C:\Program Files (x86)\Arena\Tournaments\Engine Battle Demo PC 20250820.pgn

No:  B/W 1/2     W:B       1:2           Time        Value Moves Dep 1:2       1-2-Draws
   7 W 1    1.0:0.0        7.0:0.0       5:07:38 PM     0.00     9 0:4.000  7-0-0

--------------------------------------------------------------

Engine-Match Wednesday, August 20, 2025 5:07:39 PM
 Blitz 10/5 

Pairing 12/15 :    SlowMate_v2.0  -  C0BR4_v1.0

PGN-File: C:\Program Files (x86)\Arena\Tournaments\Engine Battle Demo PC 20250820.pgn

No:  B/W 1/2     W:B       1:2           Time        Value Moves Dep 1:2       1-2-Draws
   7 B 2    2.5:1.5        1.5:5.5       5:09:59 PM  -299.99     8 0:4.000  0-4-3

--------------------------------------------------------------

Engine-Match Wednesday, August 20, 2025 5:10:00 PM
 Blitz 10/5 

Pairing 13/15 :    Slowmate_v1.0  -  V7P3R_v4.1

PGN-File: C:\Program Files (x86)\Arena\Tournaments\Engine Battle Demo PC 20250820.pgn

No:  B/W 1/2     W:B       1:2           Time        Value Moves Dep 1:2       1-2-Draws
   7 B 2    1.0:0.0        3.0:4.0       5:25:30 PM     0.00    70 0:0 3-4-0

--------------------------------------------------------------

Engine-Match Wednesday, August 20, 2025 5:25:31 PM
 Blitz 10/5 

Pairing 14/15 :    C0BR4_v1.0  -  V7P3R_v4.3

PGN-File: C:\Program Files (x86)\Arena\Tournaments\Engine Battle Demo PC 20250820.pgn

No:  B/W 1/2     W:B       1:2           Time        Value Moves Dep 1:2       1-2-Draws
   7 W 1    1.0:0.0        4.0:3.0       5:26:53 PM  +299.99    18 4.000 :0 4-3-0

--------------------------------------------------------------

Engine-Match Wednesday, August 20, 2025 5:26:54 PM
 Blitz 10/5 

Pairing 15/15 :    C0BR4_v2.0  -  SlowMate_v2.0

PGN-File: C:\Program Files (x86)\Arena\Tournaments\Engine Battle Demo PC 20250820.pgn

No:  B/W 1/2     W:B       1:2           Time        Value Moves Dep 1:2       1-2-Draws
   7 W 1    1.0:0.0        6.0:1.0       5:33:00 PM  +299.99    17 4.000 :0 6-1-0

--------------------------------------------------------------

Engine-Match Wednesday, August 20, 2025 5:33:01 PM
 Blitz 10/5 

Pairing 1/15 :    Slowmate_v1.0  -  C0BR4_v1.0

PGN-File: C:\Program Files (x86)\Arena\Tournaments\Engine Battle Demo PC 20250820.pgn

No:  B/W 1/2     W:B       1:2           Time        Value Moves Dep 1:2       1-2-Draws
   8 B 1    1.0:0.0        8.0:0.0       5:33:17 PM     0.00    14 0:4.000  8-0-0

--------------------------------------------------------------

Engine-Match Wednesday, August 20, 2025 5:33:19 PM
 Blitz 10/5 

Pairing 2/15 :    SlowMate_v2.0  -  V7P3R_v4.1

PGN-File: C:\Program Files (x86)\Arena\Tournaments\Engine Battle Demo PC 20250820.pgn

No:  B/W 1/2     W:B       1:2           Time        Value Moves Dep 1:2       1-2-Draws
   8 W 2    1.0:0.0        0.0:8.0       5:40:03 PM     0.00    15 0:0 0-8-0

--------------------------------------------------------------

Engine-Match Wednesday, August 20, 2025 5:40:04 PM
 Blitz 10/5 

Pairing 3/15 :    V7P3R_v4.3  -  C0BR4_v2.0

PGN-File: C:\Program Files (x86)\Arena\Tournaments\Engine Battle Demo PC 20250820.pgn

No:  B/W 1/2     W:B       1:2           Time        Value Moves Dep 1:2       1-2-Draws
   8 B 1    1.0:0.0        6.0:2.0       5:41:13 PM     0.00    12 0:4.000  6-2-0

--------------------------------------------------------------

Engine-Match Wednesday, August 20, 2025 5:41:14 PM
 Blitz 10/5 

Pairing 4/15 :    SlowMate_v2.0  -  Slowmate_v1.0

PGN-File: C:\Program Files (x86)\Arena\Tournaments\Engine Battle Demo PC 20250820.pgn

No:  B/W 1/2     W:B       1:2           Time        Value Moves Dep 1:2       1-2-Draws
   8 = =    2.0:2.0        2.0:6.0       5:44:12 PM     0.00    11 0:0 0-4-4

--------------------------------------------------------------

Engine-Match Wednesday, August 20, 2025 5:44:14 PM
 Blitz 10/5 

Pairing 5/15 :    C0BR4_v2.0  -  C0BR4_v1.0

PGN-File: C:\Program Files (x86)\Arena\Tournaments\Engine Battle Demo PC 20250820.pgn

No:  B/W 1/2     W:B       1:2           Time        Value Moves Dep 1:2       1-2-Draws
   8 W 2    3.5:2.5        3.5:4.5       5:44:26 PM   +10.02    16 4.000 :4.000  1-2-5

--------------------------------------------------------------

Engine-Match Wednesday, August 20, 2025 5:44:27 PM
 Blitz 10/5 

Pairing 6/15 :    V7P3R_v4.1  -  V7P3R_v4.3

PGN-File: C:\Program Files (x86)\Arena\Tournaments\Engine Battle Demo PC 20250820.pgn

No:  B/W 1/2     W:B       1:2           Time        Value Moves Dep 1:2       1-2-Draws
   8 B 1    2.0:1.0        7.0:1.0       5:56:45 PM     0.00    79 0:0 6-0-2

--------------------------------------------------------------

Engine-Match Wednesday, August 20, 2025 5:56:47 PM
 Blitz 10/5 

Pairing 7/15 :    Slowmate_v1.0  -  C0BR4_v2.0

PGN-File: C:\Program Files (x86)\Arena\Tournaments\Engine Battle Demo PC 20250820.pgn

No:  B/W 1/2     W:B       1:2           Time        Value Moves Dep 1:2       1-2-Draws
   8 B 1    1.0:0.0        8.0:0.0       5:57:07 PM     0.00    10 0:4.000  8-0-0

--------------------------------------------------------------

Engine-Match Wednesday, August 20, 2025 5:57:08 PM
 Blitz 10/5 

Pairing 8/15 :    V7P3R_v4.3  -  SlowMate_v2.0

PGN-File: C:\Program Files (x86)\Arena\Tournaments\Engine Battle Demo PC 20250820.pgn

No:  B/W 1/2     W:B       1:2           Time        Value Moves Dep 1:2       1-2-Draws
   8 = =    4.0:4.0        4.0:4.0       5:59:57 PM     0.00     7 0:0 0-0-8

--------------------------------------------------------------

Engine-Match Wednesday, August 20, 2025 5:59:58 PM
 Blitz 10/5 

Pairing 9/15 :    C0BR4_v1.0  -  V7P3R_v4.1

PGN-File: C:\Program Files (x86)\Arena\Tournaments\Engine Battle Demo PC 20250820.pgn

No:  B/W 1/2     W:B       1:2           Time        Value Moves Dep 1:2       1-2-Draws
   8 W 2    1.0:0.0        0.0:8.0       6:02:02 PM     0.00    12 4.000 :0 0-8-0

--------------------------------------------------------------

Engine-Match Wednesday, August 20, 2025 6:02:03 PM
 Blitz 10/5 

Pairing 10/15 :    V7P3R_v4.3  -  Slowmate_v1.0

PGN-File: C:\Program Files (x86)\Arena\Tournaments\Engine Battle Demo PC 20250820.pgn

No:  B/W 1/2     W:B       1:2           Time        Value Moves Dep 1:2       1-2-Draws
   8 = =    4.0:4.0        4.0:4.0       6:03:07 PM     0.00    15 0:0 0-0-8

--------------------------------------------------------------

Engine-Match Wednesday, August 20, 2025 6:03:08 PM
 Blitz 10/5 

Pairing 11/15 :    V7P3R_v4.1  -  C0BR4_v2.0

PGN-File: C:\Program Files (x86)\Arena\Tournaments\Engine Battle Demo PC 20250820.pgn

No:  B/W 1/2     W:B       1:2           Time        Value Moves Dep 1:2       1-2-Draws
   8 B 1    1.0:0.0        8.0:0.0       6:05:33 PM     0.00    12 0:4.000  8-0-0

--------------------------------------------------------------

Engine-Match Wednesday, August 20, 2025 6:05:34 PM
 Blitz 10/5 

Pairing 12/15 :    SlowMate_v2.0  -  C0BR4_v1.0

PGN-File: C:\Program Files (x86)\Arena\Tournaments\Engine Battle Demo PC 20250820.pgn

No:  B/W 1/2     W:B       1:2           Time        Value Moves Dep 1:2       1-2-Draws
   8 = =    2.0:2.0        2.0:6.0       6:07:35 PM    +0.25     8 0:4.000  0-4-4

--------------------------------------------------------------

Engine-Match Wednesday, August 20, 2025 6:07:37 PM
 Blitz 10/5 

Pairing 13/15 :    Slowmate_v1.0  -  V7P3R_v4.1

PGN-File: C:\Program Files (x86)\Arena\Tournaments\Engine Battle Demo PC 20250820.pgn

No:  B/W 1/2     W:B       1:2           Time        Value Moves Dep 1:2       1-2-Draws
   8 B 1    1.0:0.0        4.0:4.0       6:13:16 PM     0.00    29 0:0 4-4-0

--------------------------------------------------------------

Engine-Match Wednesday, August 20, 2025 6:13:17 PM
 Blitz 10/5 

Pairing 14/15 :    C0BR4_v1.0  -  V7P3R_v4.3

PGN-File: C:\Program Files (x86)\Arena\Tournaments\Engine Battle Demo PC 20250820.pgn

No:  B/W 1/2     W:B       1:2           Time        Value Moves Dep 1:2       1-2-Draws
   8 W 2    1.0:0.0        4.0:4.0       6:14:10 PM     0.00    14 4.000 :0 4-4-0

--------------------------------------------------------------

Engine-Match Wednesday, August 20, 2025 6:14:11 PM
 Blitz 10/5 

Pairing 15/15 :    C0BR4_v2.0  -  SlowMate_v2.0

PGN-File: C:\Program Files (x86)\Arena\Tournaments\Engine Battle Demo PC 20250820.pgn

No:  B/W 1/2     W:B       1:2           Time        Value Moves Dep 1:2       1-2-Draws
   8 B 1    1.0:0.0        7.0:1.0       6:17:40 PM  -299.99    11 4.000 :0 7-1-0

--------------------------------------------------------------

Engine-Match Wednesday, August 20, 2025 6:17:47 PM
 Blitz 10/5 

Pairing 1/15 :    Slowmate_v1.0  -  C0BR4_v1.0

PGN-File: C:\Program Files (x86)\Arena\Tournaments\Engine Battle Demo PC 20250820.pgn

No:  B/W 1/2     W:B       1:2           Time        Value Moves Dep 1:2       1-2-Draws
   9 W 1    1.0:0.0        9.0:0.0       6:18:37 PM     0.00    28 0:4.000  9-0-0

--------------------------------------------------------------

Engine-Match Wednesday, August 20, 2025 6:18:38 PM
 Blitz 10/5 

Pairing 2/15 :    SlowMate_v2.0  -  V7P3R_v4.1

PGN-File: C:\Program Files (x86)\Arena\Tournaments\Engine Battle Demo PC 20250820.pgn

No:  B/W 1/2     W:B       1:2           Time        Value Moves Dep 1:2       1-2-Draws
   9 B 2    1.0:0.0        0.0:9.0       6:27:46 PM     0.00    19 0:0 0-9-0

--------------------------------------------------------------

Engine-Match Wednesday, August 20, 2025 6:27:47 PM
 Blitz 10/5 

Pairing 3/15 :    V7P3R_v4.3  -  C0BR4_v2.0

PGN-File: C:\Program Files (x86)\Arena\Tournaments\Engine Battle Demo PC 20250820.pgn

No:  B/W 1/2     W:B       1:2           Time        Value Moves Dep 1:2       1-2-Draws
   9 W 1    1.0:0.0        7.0:2.0       6:28:54 PM     0.00    13 0:4.000  7-2-0

--------------------------------------------------------------

Engine-Match Wednesday, August 20, 2025 6:28:55 PM
 Blitz 10/5 

Pairing 4/15 :    SlowMate_v2.0  -  Slowmate_v1.0

PGN-File: C:\Program Files (x86)\Arena\Tournaments\Engine Battle Demo PC 20250820.pgn

No:  B/W 1/2     W:B       1:2           Time        Value Moves Dep 1:2       1-2-Draws
   9 B 2    3.0:2.0        2.0:7.0       6:31:10 PM     0.00     8 0:0 0-5-4

--------------------------------------------------------------

Engine-Match Wednesday, August 20, 2025 6:31:12 PM
 Blitz 10/5 

Pairing 5/15 :    C0BR4_v2.0  -  C0BR4_v1.0

PGN-File: C:\Program Files (x86)\Arena\Tournaments\Engine Battle Demo PC 20250820.pgn

No:  B/W 1/2     W:B       1:2           Time        Value Moves Dep 1:2       1-2-Draws
   9 = =    3.0:3.0        4.0:5.0       6:32:02 PM    +1.92    59 4.000 :4.000  1-2-6

--------------------------------------------------------------

Engine-Match Wednesday, August 20, 2025 6:32:03 PM
 Blitz 10/5 

Pairing 6/15 :    V7P3R_v4.1  -  V7P3R_v4.3

PGN-File: C:\Program Files (x86)\Arena\Tournaments\Engine Battle Demo PC 20250820.pgn

No:  B/W 1/2     W:B       1:2           Time        Value Moves Dep 1:2       1-2-Draws
   9 = =    1.5:1.5        7.5:1.5       6:57:33 PM     0.00    96 0:0 6-0-3

--------------------------------------------------------------

Engine-Match Wednesday, August 20, 2025 6:57:34 PM
 Blitz 10/5 

Pairing 7/15 :    Slowmate_v1.0  -  C0BR4_v2.0

PGN-File: C:\Program Files (x86)\Arena\Tournaments\Engine Battle Demo PC 20250820.pgn

No:  B/W 1/2     W:B       1:2           Time        Value Moves Dep 1:2       1-2-Draws
   9 W 1    1.0:0.0        9.0:0.0       6:57:57 PM     0.00    13 0:4.000  9-0-0

--------------------------------------------------------------

Engine-Match Wednesday, August 20, 2025 6:57:58 PM
 Blitz 10/5 

Pairing 8/15 :    V7P3R_v4.3  -  SlowMate_v2.0

PGN-File: C:\Program Files (x86)\Arena\Tournaments\Engine Battle Demo PC 20250820.pgn

No:  B/W 1/2     W:B       1:2           Time        Value Moves Dep 1:2       1-2-Draws
   9 = =    4.5:4.5        4.5:4.5       7:10:34 PM     0.00    32 0:0 0-0-9

--------------------------------------------------------------

Engine-Match Wednesday, August 20, 2025 7:10:36 PM
 Blitz 10/5 

Pairing 9/15 :    C0BR4_v1.0  -  V7P3R_v4.1

PGN-File: C:\Program Files (x86)\Arena\Tournaments\Engine Battle Demo PC 20250820.pgn

No:  B/W 1/2     W:B       1:2           Time        Value Moves Dep 1:2       1-2-Draws
   9 B 2    1.0:0.0        0.0:9.0       7:12:45 PM     0.00    12 4.000 :0 0-9-0

--------------------------------------------------------------

Engine-Match Wednesday, August 20, 2025 7:12:46 PM
 Blitz 10/5 

Pairing 10/15 :    V7P3R_v4.3  -  Slowmate_v1.0

PGN-File: C:\Program Files (x86)\Arena\Tournaments\Engine Battle Demo PC 20250820.pgn

No:  B/W 1/2     W:B       1:2           Time        Value Moves Dep 1:2       1-2-Draws
   9 = =    4.5:4.5        4.5:4.5       7:13:36 PM     0.00     9 0:0 0-0-9

--------------------------------------------------------------

Engine-Match Wednesday, August 20, 2025 7:13:37 PM
 Blitz 10/5 

Pairing 11/15 :    V7P3R_v4.1  -  C0BR4_v2.0

PGN-File: C:\Program Files (x86)\Arena\Tournaments\Engine Battle Demo PC 20250820.pgn

No:  B/W 1/2     W:B       1:2           Time        Value Moves Dep 1:2       1-2-Draws
   9 W 1    1.0:0.0        9.0:0.0       7:16:32 PM     0.00    20 0:4.000  9-0-0

--------------------------------------------------------------

Engine-Match Wednesday, August 20, 2025 7:16:33 PM
 Blitz 10/5 

Pairing 12/15 :    SlowMate_v2.0  -  C0BR4_v1.0

PGN-File: C:\Program Files (x86)\Arena\Tournaments\Engine Battle Demo PC 20250820.pgn

No:  B/W 1/2     W:B       1:2           Time        Value Moves Dep 1:2       1-2-Draws
   9 B 2    3.0:2.0        2.0:7.0       7:18:53 PM  -299.99     8 0:4.000  0-5-4

--------------------------------------------------------------

Engine-Match Wednesday, August 20, 2025 7:18:54 PM
 Blitz 10/5 

Pairing 13/15 :    Slowmate_v1.0  -  V7P3R_v4.1

PGN-File: C:\Program Files (x86)\Arena\Tournaments\Engine Battle Demo PC 20250820.pgn

No:  B/W 1/2     W:B       1:2           Time        Value Moves Dep 1:2       1-2-Draws
   9 B 2    1.0:0.0        4.0:5.0       7:34:26 PM     0.00    70 0:0 4-5-0

--------------------------------------------------------------

Engine-Match Wednesday, August 20, 2025 7:34:27 PM
 Blitz 10/5 

Pairing 14/15 :    C0BR4_v1.0  -  V7P3R_v4.3

PGN-File: C:\Program Files (x86)\Arena\Tournaments\Engine Battle Demo PC 20250820.pgn

No:  B/W 1/2     W:B       1:2           Time        Value Moves Dep 1:2       1-2-Draws
   9 W 1    1.0:0.0        5.0:4.0       7:35:46 PM  +299.99    18 4.000 :0 5-4-0

--------------------------------------------------------------

Engine-Match Wednesday, August 20, 2025 7:35:48 PM
 Blitz 10/5 

Pairing 15/15 :    C0BR4_v2.0  -  SlowMate_v2.0

PGN-File: C:\Program Files (x86)\Arena\Tournaments\Engine Battle Demo PC 20250820.pgn

No:  B/W 1/2     W:B       1:2           Time        Value Moves Dep 1:2       1-2-Draws
   9 B 2    1.0:0.0        7.0:2.0       7:43:58 PM     0.00    20 4.000 :0 7-2-0

--------------------------------------------------------------

Engine-Match Wednesday, August 20, 2025 7:43:59 PM
 Blitz 10/5 

Pairing 1/15 :    Slowmate_v1.0  -  C0BR4_v1.0

PGN-File: C:\Program Files (x86)\Arena\Tournaments\Engine Battle Demo PC 20250820.pgn

No:  B/W 1/2     W:B       1:2           Time        Value Moves Dep 1:2       1-2-Draws
  10 B 1    1.0:0.0        10.0:0.0      7:44:16 PM     0.00    14 0:4.000  10-0-0

--------------------------------------------------------------

Engine-Match Wednesday, August 20, 2025 7:44:17 PM
 Blitz 10/5 

Pairing 2/15 :    SlowMate_v2.0  -  V7P3R_v4.1

PGN-File: C:\Program Files (x86)\Arena\Tournaments\Engine Battle Demo PC 20250820.pgn

No:  B/W 1/2     W:B       1:2           Time        Value Moves Dep 1:2       1-2-Draws
  10 W 2    1.0:0.0        0.0:10.0      7:51:02 PM     0.00    15 0:0 0-10-0

--------------------------------------------------------------

Engine-Match Wednesday, August 20, 2025 7:51:03 PM
 Blitz 10/5 

Pairing 3/15 :    V7P3R_v4.3  -  C0BR4_v2.0

PGN-File: C:\Program Files (x86)\Arena\Tournaments\Engine Battle Demo PC 20250820.pgn

No:  B/W 1/2     W:B       1:2           Time        Value Moves Dep 1:2       1-2-Draws
  10 B 1    1.0:0.0        8.0:2.0       7:51:34 PM     0.00     4 0:4.000  8-2-0

--------------------------------------------------------------

Engine-Match Wednesday, August 20, 2025 7:51:35 PM
 Blitz 10/5 

Pairing 4/15 :    SlowMate_v2.0  -  Slowmate_v1.0

PGN-File: C:\Program Files (x86)\Arena\Tournaments\Engine Battle Demo PC 20250820.pgn

No:  B/W 1/2     W:B       1:2           Time        Value Moves Dep 1:2       1-2-Draws
  10 = =    2.5:2.5        2.5:7.5       7:54:33 PM     0.00    11 0:0 0-5-5

--------------------------------------------------------------

Engine-Match Wednesday, August 20, 2025 7:54:34 PM
 Blitz 10/5 

Pairing 5/15 :    C0BR4_v2.0  -  C0BR4_v1.0

PGN-File: C:\Program Files (x86)\Arena\Tournaments\Engine Battle Demo PC 20250820.pgn

No:  B/W 1/2     W:B       1:2           Time        Value Moves Dep 1:2       1-2-Draws
  10 B 1    4.0:3.0        5.0:5.0       7:55:06 PM  -299.99    39 4.000 :4.000  2-2-6

--------------------------------------------------------------

Engine-Match Wednesday, August 20, 2025 7:55:13 PM
 Blitz 10/5 

Pairing 6/15 :    V7P3R_v4.1  -  V7P3R_v4.3

PGN-File: C:\Program Files (x86)\Arena\Tournaments\Engine Battle Demo PC 20250820.pgn

No:  B/W 1/2     W:B       1:2           Time        Value Moves Dep 1:2       1-2-Draws
  10 B 1    2.5:1.5        8.5:1.5       8:07:47 PM     0.00    79 0:0 7-0-3

--------------------------------------------------------------

Engine-Match Wednesday, August 20, 2025 8:07:48 PM
 Blitz 10/5 

Pairing 7/15 :    Slowmate_v1.0  -  C0BR4_v2.0

PGN-File: C:\Program Files (x86)\Arena\Tournaments\Engine Battle Demo PC 20250820.pgn

No:  B/W 1/2     W:B       1:2           Time        Value Moves Dep 1:2       1-2-Draws
  10 B 1    1.0:0.0        10.0:0.0      8:08:08 PM     0.00    10 0:4.000  10-0-0

--------------------------------------------------------------

Engine-Match Wednesday, August 20, 2025 8:08:10 PM
 Blitz 10/5 

Pairing 8/15 :    V7P3R_v4.3  -  SlowMate_v2.0

PGN-File: C:\Program Files (x86)\Arena\Tournaments\Engine Battle Demo PC 20250820.pgn

No:  B/W 1/2     W:B       1:2           Time        Value Moves Dep 1:2       1-2-Draws
  10 = =    5.0:5.0        5.0:5.0       8:10:59 PM     0.00     7 0:0 0-0-10

--------------------------------------------------------------

Engine-Match Wednesday, August 20, 2025 8:11:00 PM
 Blitz 10/5 

Pairing 9/15 :    C0BR4_v1.0  -  V7P3R_v4.1

PGN-File: C:\Program Files (x86)\Arena\Tournaments\Engine Battle Demo PC 20250820.pgn

No:  B/W 1/2     W:B       1:2           Time        Value Moves Dep 1:2       1-2-Draws
  10 W 2    1.0:0.0        0.0:10.0      8:13:03 PM     0.00    12 4.000 :0 0-10-0

--------------------------------------------------------------

Engine-Match Wednesday, August 20, 2025 8:13:04 PM
 Blitz 10/5 

Pairing 10/15 :    V7P3R_v4.3  -  Slowmate_v1.0

PGN-File: C:\Program Files (x86)\Arena\Tournaments\Engine Battle Demo PC 20250820.pgn

No:  B/W 1/2     W:B       1:2           Time        Value Moves Dep 1:2       1-2-Draws
  10 = =    5.0:5.0        5.0:5.0       8:14:03 PM     0.00    15 0:0 0-0-10

--------------------------------------------------------------

Engine-Match Wednesday, August 20, 2025 8:14:04 PM
 Blitz 10/5 

Pairing 11/15 :    V7P3R_v4.1  -  C0BR4_v2.0

PGN-File: C:\Program Files (x86)\Arena\Tournaments\Engine Battle Demo PC 20250820.pgn

No:  B/W 1/2     W:B       1:2           Time        Value Moves Dep 1:2       1-2-Draws
  10 B 1    1.0:0.0        10.0:0.0      8:16:48 PM     0.00    24 0:4.000  10-0-0

--------------------------------------------------------------

Engine-Match Wednesday, August 20, 2025 8:16:49 PM
 Blitz 10/5 

Pairing 12/15 :    SlowMate_v2.0  -  C0BR4_v1.0

PGN-File: C:\Program Files (x86)\Arena\Tournaments\Engine Battle Demo PC 20250820.pgn

No:  B/W 1/2     W:B       1:2           Time        Value Moves Dep 1:2       1-2-Draws
  10 = =    2.5:2.5        2.5:7.5       8:18:51 PM    +0.25     8 0:4.000  0-5-5

--------------------------------------------------------------

Engine-Match Wednesday, August 20, 2025 8:18:52 PM
 Blitz 10/5 

Pairing 13/15 :    Slowmate_v1.0  -  V7P3R_v4.1

PGN-File: C:\Program Files (x86)\Arena\Tournaments\Engine Battle Demo PC 20250820.pgn

No:  B/W 1/2     W:B       1:2           Time        Value Moves Dep 1:2       1-2-Draws
  10 B 1    1.0:0.0        5.0:5.0       8:24:32 PM     0.00    29 0:0 5-5-0

--------------------------------------------------------------

Engine-Match Wednesday, August 20, 2025 8:24:33 PM
 Blitz 10/5 

Pairing 14/15 :    C0BR4_v1.0  -  V7P3R_v4.3

PGN-File: C:\Program Files (x86)\Arena\Tournaments\Engine Battle Demo PC 20250820.pgn

No:  B/W 1/2     W:B       1:2           Time        Value Moves Dep 1:2       1-2-Draws
  10 W 2    1.0:0.0        5.0:5.0       8:25:26 PM     0.00    14 4.000 :0 5-5-0

--------------------------------------------------------------

Engine-Match Wednesday, August 20, 2025 8:25:28 PM
 Blitz 10/5 

Pairing 15/15 :    C0BR4_v2.0  -  SlowMate_v2.0

PGN-File: C:\Program Files (x86)\Arena\Tournaments\Engine Battle Demo PC 20250820.pgn

No:  B/W 1/2     W:B       1:2           Time        Value Moves Dep 1:2       1-2-Draws
  10 B 1    1.0:0.0        8.0:2.0       8:28:29 PM  -299.99    10 4.000 :0 8-2-0
