Engine-Match Wednesday, August 20, 2025 9:45:32 AM
 Blitz 5/5 

Pairing 1/10 :    C0BR4_v2.0  -  SlowMate_v2.0

PGN-File: C:\Program Files (x86)\Arena\Tournaments\Engine Battle 20250820.pgn

No:  B/W 1/2     W:B       1:2           Time        Value Moves Dep 1:2       1-2-Draws
   1 B 2    1.0:0.0        0.0:1.0       9:50:27 AM     0.00    20 4.000 :0 0-1-0

--------------------------------------------------------------

Engine-Match Wednesday, August 20, 2025 9:50:28 AM
 Blitz 5/5 

Pairing 2/10 :    V7P3R_v4.3  -  Slowmate_v1.0

PGN-File: C:\Program Files (x86)\Arena\Tournaments\Engine Battle 20250820.pgn

No:  B/W 1/2     W:B       1:2           Time        Value Moves Dep 1:2       1-2-Draws
   1 = =    0.5:0.5        0.5:0.5       9:51:04 AM     0.00     9 0:0 0-0-1

--------------------------------------------------------------

Engine-Match Wednesday, August 20, 2025 9:51:06 AM
 Blitz 5/5 

Pairing 3/10 :    Cece_v2.3  -  V7P3R_v4.3

PGN-File: C:\Program Files (x86)\Arena\Tournaments\Engine Battle 20250820.pgn

No:  B/W 1/2     W:B       1:2           Time        Value Moves Dep 1:2       1-2-Draws
   1 B 2    1.0:0.0        0.0:1.0       9:53:02 AM     0.00     9 0:0 0-1-0

--------------------------------------------------------------

Engine-Match Wednesday, August 20, 2025 9:53:03 AM
 Blitz 5/5 

Pairing 4/10 :    Slowmate_v1.0  -  C0BR4_v2.0

PGN-File: C:\Program Files (x86)\Arena\Tournaments\Engine Battle 20250820.pgn

No:  B/W 1/2     W:B       1:2           Time        Value Moves Dep 1:2       1-2-Draws
   1 W 1    1.0:0.0        1.0:0.0       9:53:14 AM     0.00     8 0:4.000  1-0-0

--------------------------------------------------------------

Engine-Match Wednesday, August 20, 2025 9:53:15 AM
 Blitz 5/5 

Pairing 5/10 :    SlowMate_v2.0  -  Slowmate_v1.0

PGN-File: C:\Program Files (x86)\Arena\Tournaments\Engine Battle 20250820.pgn

No:  B/W 1/2     W:B       1:2           Time        Value Moves Dep 1:2       1-2-Draws
   1 B 2    1.0:0.0        0.0:1.0       9:54:55 AM     0.00     9 0:0 0-1-0

--------------------------------------------------------------

Engine-Match Wednesday, August 20, 2025 9:54:56 AM
 Blitz 5/5 

Pairing 6/10 :    C0BR4_v2.0  -  Cece_v2.3

PGN-File: C:\Program Files (x86)\Arena\Tournaments\Engine Battle 20250820.pgn

No:  B/W 1/2     W:B       1:2           Time        Value Moves Dep 1:2       1-2-Draws
   1 B 2    1.0:0.0        0.0:1.0       10:00:43 AM     0.00    39 4.000 :0 0-1-0

--------------------------------------------------------------

Engine-Match Wednesday, August 20, 2025 10:00:44 AM
 Blitz 5/5 

Pairing 7/10 :    V7P3R_v4.3  -  C0BR4_v2.0

PGN-File: C:\Program Files (x86)\Arena\Tournaments\Engine Battle 20250820.pgn

No:  B/W 1/2     W:B       1:2           Time        Value Moves Dep 1:2       1-2-Draws
   1 B 2    1.0:0.0        0.0:1.0       10:02:28 AM  -299.99    27 0:4.000  0-1-0

--------------------------------------------------------------

Engine-Match Wednesday, August 20, 2025 10:02:29 AM
 Blitz 5/5 

Pairing 8/10 :    Cece_v2.3  -  SlowMate_v2.0

PGN-File: C:\Program Files (x86)\Arena\Tournaments\Engine Battle 20250820.pgn

No:  B/W 1/2     W:B       1:2           Time        Value Moves Dep 1:2       1-2-Draws
   1 = =    0.5:0.5        0.5:0.5       10:18:06 AM     0.00    51 0:0 0-0-1

--------------------------------------------------------------

Engine-Match Wednesday, August 20, 2025 10:18:08 AM
 Blitz 5/5 

Pairing 9/10 :    Slowmate_v1.0  -  Cece_v2.3

PGN-File: C:\Program Files (x86)\Arena\Tournaments\Engine Battle 20250820.pgn

No:  B/W 1/2     W:B       1:2           Time        Value Moves Dep 1:2       1-2-Draws
   1 W 1    1.0:0.0        1.0:0.0       10:23:07 AM     0.00    33 0:0 1-0-0

--------------------------------------------------------------

Engine-Match Wednesday, August 20, 2025 10:23:08 AM
 Blitz 5/5 

Pairing 10/10 :    SlowMate_v2.0  -  V7P3R_v4.3

PGN-File: C:\Program Files (x86)\Arena\Tournaments\Engine Battle 20250820.pgn

No:  B/W 1/2     W:B       1:2           Time        Value Moves Dep 1:2       1-2-Draws
   1 B 2    1.0:0.0        0.0:1.0       10:25:09 AM     0.00     9 0:0 0-1-0

--------------------------------------------------------------

Engine-Match Wednesday, August 20, 2025 10:25:11 AM
 Blitz 5/5 

Pairing 1/10 :    C0BR4_v2.0  -  SlowMate_v2.0

PGN-File: C:\Program Files (x86)\Arena\Tournaments\Engine Battle 20250820.pgn

No:  B/W 1/2     W:B       1:2           Time        Value Moves Dep 1:2       1-2-Draws
   2 B 1    1.0:0.0        1.0:1.0       10:27:22 AM  -299.99    11 4.000 :0 1-1-0

--------------------------------------------------------------

Engine-Match Wednesday, August 20, 2025 10:27:24 AM
 Blitz 5/5 

Pairing 2/10 :    V7P3R_v4.3  -  Slowmate_v1.0

PGN-File: C:\Program Files (x86)\Arena\Tournaments\Engine Battle 20250820.pgn

No:  B/W 1/2     W:B       1:2           Time        Value Moves Dep 1:2       1-2-Draws
   2 = =    1.0:1.0        1.0:1.0       10:28:06 AM     0.00    15 0:0 0-0-2

--------------------------------------------------------------

Engine-Match Wednesday, August 20, 2025 10:28:07 AM
 Blitz 5/5 

Pairing 3/10 :    Cece_v2.3  -  V7P3R_v4.3

PGN-File: C:\Program Files (x86)\Arena\Tournaments\Engine Battle 20250820.pgn

No:  B/W 1/2     W:B       1:2           Time        Value Moves Dep 1:2       1-2-Draws
   2 = =    0.5:0.5        0.5:1.5       10:32:42 AM     0.00    26 0:0 0-1-1

--------------------------------------------------------------

Engine-Match Wednesday, August 20, 2025 10:32:43 AM
 Blitz 5/5 

Pairing 4/10 :    Slowmate_v1.0  -  C0BR4_v2.0

PGN-File: C:\Program Files (x86)\Arena\Tournaments\Engine Battle 20250820.pgn

No:  B/W 1/2     W:B       1:2           Time        Value Moves Dep 1:2       1-2-Draws
   2 B 1    1.0:0.0        2.0:0.0       10:32:59 AM     0.00    10 0:4.000  2-0-0

--------------------------------------------------------------

Engine-Match Wednesday, August 20, 2025 10:33:00 AM
 Blitz 5/5 

Pairing 5/10 :    SlowMate_v2.0  -  Slowmate_v1.0

PGN-File: C:\Program Files (x86)\Arena\Tournaments\Engine Battle 20250820.pgn

No:  B/W 1/2     W:B       1:2           Time        Value Moves Dep 1:2       1-2-Draws
   2 = =    0.5:0.5        0.5:1.5       10:34:50 AM     0.00    11 0:0 0-1-1

--------------------------------------------------------------

Engine-Match Wednesday, August 20, 2025 10:34:51 AM
 Blitz 5/5 

Pairing 6/10 :    C0BR4_v2.0  -  Cece_v2.3

PGN-File: C:\Program Files (x86)\Arena\Tournaments\Engine Battle 20250820.pgn

No:  B/W 1/2     W:B       1:2           Time        Value Moves Dep 1:2       1-2-Draws
   2 W 2    1.0:0.0        0.0:2.0       10:37:24 AM     0.00    16 4.000 :0 0-2-0

--------------------------------------------------------------

Engine-Match Wednesday, August 20, 2025 10:37:25 AM
 Blitz 5/5 

Pairing 7/10 :    V7P3R_v4.3  -  C0BR4_v2.0

PGN-File: C:\Program Files (x86)\Arena\Tournaments\Engine Battle 20250820.pgn

No:  B/W 1/2     W:B       1:2           Time        Value Moves Dep 1:2       1-2-Draws
   2 W 2    1.0:0.0        0.0:2.0       10:38:43 AM  +299.99    24 0:4.000  0-2-0

--------------------------------------------------------------

Engine-Match Wednesday, August 20, 2025 10:38:44 AM
 Blitz 5/5 

Pairing 8/10 :    Cece_v2.3  -  SlowMate_v2.0

PGN-File: C:\Program Files (x86)\Arena\Tournaments\Engine Battle 20250820.pgn

No:  B/W 1/2     W:B       1:2           Time        Value Moves Dep 1:2       1-2-Draws
   2 = =    1.0:1.0        1.0:1.0       10:46:10 AM     0.00    21 0:0 0-0-2

--------------------------------------------------------------

Engine-Match Wednesday, August 20, 2025 10:46:11 AM
 Blitz 5/5 

Pairing 9/10 :    Slowmate_v1.0  -  Cece_v2.3

PGN-File: C:\Program Files (x86)\Arena\Tournaments\Engine Battle 20250820.pgn

No:  B/W 1/2     W:B       1:2           Time        Value Moves Dep 1:2       1-2-Draws
   2 B 1    1.0:0.0        2.0:0.0       10:48:42 AM     0.00    14 0:0 2-0-0

--------------------------------------------------------------

Engine-Match Wednesday, August 20, 2025 10:48:44 AM
 Blitz 5/5 

Pairing 10/10 :    SlowMate_v2.0  -  V7P3R_v4.3

PGN-File: C:\Program Files (x86)\Arena\Tournaments\Engine Battle 20250820.pgn

No:  B/W 1/2     W:B       1:2           Time        Value Moves Dep 1:2       1-2-Draws
   2 = =    0.5:0.5        0.5:1.5       10:52:45 AM     0.00    15 0:0 0-1-1

--------------------------------------------------------------

Engine-Match Wednesday, August 20, 2025 10:52:51 AM
 Blitz 5/5 

Pairing 1/10 :    C0BR4_v2.0  -  SlowMate_v2.0

PGN-File: C:\Program Files (x86)\Arena\Tournaments\Engine Battle 20250820.pgn

No:  B/W 1/2     W:B       1:2           Time        Value Moves Dep 1:2       1-2-Draws
   3 W 1    1.0:0.0        2.0:1.0       10:56:12 AM  +299.99    16 4.000 :0 2-1-0

--------------------------------------------------------------

Engine-Match Wednesday, August 20, 2025 10:56:13 AM
 Blitz 5/5 

Pairing 2/10 :    V7P3R_v4.3  -  Slowmate_v1.0

PGN-File: C:\Program Files (x86)\Arena\Tournaments\Engine Battle 20250820.pgn

No:  B/W 1/2     W:B       1:2           Time        Value Moves Dep 1:2       1-2-Draws
   3 = =    1.5:1.5        1.5:1.5       10:56:48 AM     0.00     9 0:0 0-0-3

--------------------------------------------------------------

Engine-Match Wednesday, August 20, 2025 10:56:49 AM
 Blitz 5/5 

Pairing 3/10 :    Cece_v2.3  -  V7P3R_v4.3

PGN-File: C:\Program Files (x86)\Arena\Tournaments\Engine Battle 20250820.pgn

No:  B/W 1/2     W:B       1:2           Time        Value Moves Dep 1:2       1-2-Draws
   3 B 2    1.5:0.5        0.5:2.5       10:58:44 AM     0.00     9 0:0 0-2-1

--------------------------------------------------------------

Engine-Match Wednesday, August 20, 2025 10:58:46 AM
 Blitz 5/5 

Pairing 4/10 :    Slowmate_v1.0  -  C0BR4_v2.0

PGN-File: C:\Program Files (x86)\Arena\Tournaments\Engine Battle 20250820.pgn

No:  B/W 1/2     W:B       1:2           Time        Value Moves Dep 1:2       1-2-Draws
   3 W 1    1.0:0.0        3.0:0.0       10:59:17 AM     0.00    32 0:4.000  3-0-0

--------------------------------------------------------------

Engine-Match Wednesday, August 20, 2025 10:59:18 AM
 Blitz 5/5 

Pairing 5/10 :    SlowMate_v2.0  -  Slowmate_v1.0

PGN-File: C:\Program Files (x86)\Arena\Tournaments\Engine Battle 20250820.pgn

No:  B/W 1/2     W:B       1:2           Time        Value Moves Dep 1:2       1-2-Draws
   3 B 2    1.5:0.5        0.5:2.5       11:00:58 AM     0.00     9 0:0 0-2-1

--------------------------------------------------------------

Engine-Match Wednesday, August 20, 2025 11:00:59 AM
 Blitz 5/5 

Pairing 6/10 :    C0BR4_v2.0  -  Cece_v2.3

PGN-File: C:\Program Files (x86)\Arena\Tournaments\Engine Battle 20250820.pgn

No:  B/W 1/2     W:B       1:2           Time        Value Moves Dep 1:2       1-2-Draws
   3 B 2    1.0:0.0        0.0:3.0       11:02:59 AM     0.00    12 4.000 :0 0-3-0

--------------------------------------------------------------

Engine-Match Wednesday, August 20, 2025 11:03:00 AM
 Blitz 5/5 

Pairing 7/10 :    V7P3R_v4.3  -  C0BR4_v2.0

PGN-File: C:\Program Files (x86)\Arena\Tournaments\Engine Battle 20250820.pgn

No:  B/W 1/2     W:B       1:2           Time        Value Moves Dep 1:2       1-2-Draws
   3 W 1    1.0:0.0        1.0:2.0       11:03:49 AM     0.00    13 0:4.000  1-2-0

--------------------------------------------------------------

Engine-Match Wednesday, August 20, 2025 11:03:50 AM
 Blitz 5/5 

Pairing 8/10 :    Cece_v2.3  -  SlowMate_v2.0

PGN-File: C:\Program Files (x86)\Arena\Tournaments\Engine Battle 20250820.pgn

No:  B/W 1/2     W:B       1:2           Time        Value Moves Dep 1:2       1-2-Draws
   3 = =    1.5:1.5        1.5:1.5       11:17:45 AM     0.00    42 0:0 0-0-3

--------------------------------------------------------------

Engine-Match Wednesday, August 20, 2025 11:17:46 AM
 Blitz 5/5 

Pairing 9/10 :    Slowmate_v1.0  -  Cece_v2.3

PGN-File: C:\Program Files (x86)\Arena\Tournaments\Engine Battle 20250820.pgn

No:  B/W 1/2     W:B       1:2           Time        Value Moves Dep 1:2       1-2-Draws
   3 W 1    1.0:0.0        3.0:0.0       11:21:24 AM     0.00    24 0:0 3-0-0

--------------------------------------------------------------

Engine-Match Wednesday, August 20, 2025 11:21:25 AM
 Blitz 5/5 

Pairing 10/10 :    SlowMate_v2.0  -  V7P3R_v4.3

PGN-File: C:\Program Files (x86)\Arena\Tournaments\Engine Battle 20250820.pgn

No:  B/W 1/2     W:B       1:2           Time        Value Moves Dep 1:2       1-2-Draws
   3 B 2    1.5:0.5        0.5:2.5       11:23:26 AM     0.00     9 0:0 0-2-1

--------------------------------------------------------------

Engine-Match Wednesday, August 20, 2025 11:23:27 AM
 Blitz 5/5 

Pairing 1/10 :    C0BR4_v2.0  -  SlowMate_v2.0

PGN-File: C:\Program Files (x86)\Arena\Tournaments\Engine Battle 20250820.pgn

No:  B/W 1/2     W:B       1:2           Time        Value Moves Dep 1:2       1-2-Draws
   4 B 1    1.0:0.0        3.0:1.0       11:24:42 AM  -299.99     7 4.000 :0 3-1-0

--------------------------------------------------------------

Engine-Match Wednesday, August 20, 2025 11:24:43 AM
 Blitz 5/5 

Pairing 2/10 :    V7P3R_v4.3  -  Slowmate_v1.0

PGN-File: C:\Program Files (x86)\Arena\Tournaments\Engine Battle 20250820.pgn

No:  B/W 1/2     W:B       1:2           Time        Value Moves Dep 1:2       1-2-Draws
   4 = =    2.0:2.0        2.0:2.0       11:25:25 AM     0.00    15 0:0 0-0-4

--------------------------------------------------------------

Engine-Match Wednesday, August 20, 2025 11:25:26 AM
 Blitz 5/5 

Pairing 3/10 :    Cece_v2.3  -  V7P3R_v4.3

PGN-File: C:\Program Files (x86)\Arena\Tournaments\Engine Battle 20250820.pgn

No:  B/W 1/2     W:B       1:2           Time        Value Moves Dep 1:2       1-2-Draws
   4 W 2    1.5:0.5        0.5:3.5       11:27:43 AM     0.00    12 0:0 0-3-1

--------------------------------------------------------------

Engine-Match Wednesday, August 20, 2025 11:27:44 AM
 Blitz 5/5 

Pairing 4/10 :    Slowmate_v1.0  -  C0BR4_v2.0

PGN-File: C:\Program Files (x86)\Arena\Tournaments\Engine Battle 20250820.pgn

No:  B/W 1/2     W:B       1:2           Time        Value Moves Dep 1:2       1-2-Draws
   4 B 1    1.0:0.0        4.0:0.0       11:28:00 AM     0.00    10 0:4.000  4-0-0

--------------------------------------------------------------

Engine-Match Wednesday, August 20, 2025 11:28:01 AM
 Blitz 5/5 

Pairing 5/10 :    SlowMate_v2.0  -  Slowmate_v1.0

PGN-File: C:\Program Files (x86)\Arena\Tournaments\Engine Battle 20250820.pgn

No:  B/W 1/2     W:B       1:2           Time        Value Moves Dep 1:2       1-2-Draws
   4 = =    1.0:1.0        1.0:3.0       11:29:50 AM     0.00    11 0:0 0-2-2

--------------------------------------------------------------

Engine-Match Wednesday, August 20, 2025 11:29:52 AM
 Blitz 5/5 

Pairing 6/10 :    C0BR4_v2.0  -  Cece_v2.3

PGN-File: C:\Program Files (x86)\Arena\Tournaments\Engine Battle 20250820.pgn

No:  B/W 1/2     W:B       1:2           Time        Value Moves Dep 1:2       1-2-Draws
   4 B 1    1.0:0.0        1.0:3.0       11:35:45 AM  -299.99    43 4.000 :0 1-3-0

--------------------------------------------------------------

Engine-Match Wednesday, August 20, 2025 11:35:46 AM
 Blitz 5/5 

Pairing 7/10 :    V7P3R_v4.3  -  C0BR4_v2.0

PGN-File: C:\Program Files (x86)\Arena\Tournaments\Engine Battle 20250820.pgn

No:  B/W 1/2     W:B       1:2           Time        Value Moves Dep 1:2       1-2-Draws
   4 B 1    1.0:0.0        2.0:2.0       11:36:08 AM     0.00     4 0:4.000  2-2-0

--------------------------------------------------------------

Engine-Match Wednesday, August 20, 2025 11:36:10 AM
 Blitz 5/5 

Pairing 8/10 :    Cece_v2.3  -  SlowMate_v2.0

PGN-File: C:\Program Files (x86)\Arena\Tournaments\Engine Battle 20250820.pgn

No:  B/W 1/2     W:B       1:2           Time        Value Moves Dep 1:2       1-2-Draws
   4 = =    2.0:2.0        2.0:2.0       11:50:21 AM     0.00    43 0:0 0-0-4

--------------------------------------------------------------

Engine-Match Wednesday, August 20, 2025 11:50:22 AM
 Blitz 5/5 

Pairing 9/10 :    Slowmate_v1.0  -  Cece_v2.3

PGN-File: C:\Program Files (x86)\Arena\Tournaments\Engine Battle 20250820.pgn

No:  B/W 1/2     W:B       1:2           Time        Value Moves Dep 1:2       1-2-Draws
   4 = =    0.5:0.5        3.5:0.5       11:53:46 AM     0.00    21 0:0 3-0-1

--------------------------------------------------------------

Engine-Match Wednesday, August 20, 2025 11:53:48 AM
 Blitz 5/5 

Pairing 10/10 :    SlowMate_v2.0  -  V7P3R_v4.3

PGN-File: C:\Program Files (x86)\Arena\Tournaments\Engine Battle 20250820.pgn

No:  B/W 1/2     W:B       1:2           Time        Value Moves Dep 1:2       1-2-Draws
   4 = =    1.0:1.0        1.0:3.0       11:57:48 AM     0.00    15 0:0 0-2-2

--------------------------------------------------------------

Engine-Match Wednesday, August 20, 2025 11:57:54 AM
 Blitz 5/5 

Pairing 1/10 :    C0BR4_v2.0  -  SlowMate_v2.0

PGN-File: C:\Program Files (x86)\Arena\Tournaments\Engine Battle 20250820.pgn

No:  B/W 1/2     W:B       1:2           Time        Value Moves Dep 1:2       1-2-Draws
   5 W 1    1.0:0.0        4.0:1.0       11:59:02 AM  +299.99     7 4.000 :0 4-1-0

--------------------------------------------------------------

Engine-Match Wednesday, August 20, 2025 11:59:03 AM
 Blitz 5/5 

Pairing 2/10 :    V7P3R_v4.3  -  Slowmate_v1.0

PGN-File: C:\Program Files (x86)\Arena\Tournaments\Engine Battle 20250820.pgn

No:  B/W 1/2     W:B       1:2           Time        Value Moves Dep 1:2       1-2-Draws
   5 = =    2.5:2.5        2.5:2.5       11:59:38 AM     0.00     9 0:0 0-0-5

--------------------------------------------------------------

Engine-Match Wednesday, August 20, 2025 11:59:39 AM
 Blitz 5/5 

Pairing 3/10 :    Cece_v2.3  -  V7P3R_v4.3

PGN-File: C:\Program Files (x86)\Arena\Tournaments\Engine Battle 20250820.pgn

No:  B/W 1/2     W:B       1:2           Time        Value Moves Dep 1:2       1-2-Draws
   5 B 2    1.5:0.5        0.5:4.5       12:03:54 PM     0.00    20 0:0 0-4-1

--------------------------------------------------------------

Engine-Match Wednesday, August 20, 2025 12:03:56 PM
 Blitz 5/5 

Pairing 4/10 :    Slowmate_v1.0  -  C0BR4_v2.0

PGN-File: C:\Program Files (x86)\Arena\Tournaments\Engine Battle 20250820.pgn

No:  B/W 1/2     W:B       1:2           Time        Value Moves Dep 1:2       1-2-Draws
   5 W 1    1.0:0.0        5.0:0.0       12:04:27 PM     0.00    32 0:4.000  5-0-0

--------------------------------------------------------------

Engine-Match Wednesday, August 20, 2025 12:04:28 PM
 Blitz 5/5 

Pairing 5/10 :    SlowMate_v2.0  -  Slowmate_v1.0

PGN-File: C:\Program Files (x86)\Arena\Tournaments\Engine Battle 20250820.pgn

No:  B/W 1/2     W:B       1:2           Time        Value Moves Dep 1:2       1-2-Draws
   5 B 2    2.0:1.0        1.0:4.0       12:06:08 PM     0.00     9 0:0 0-3-2

--------------------------------------------------------------

Engine-Match Wednesday, August 20, 2025 12:06:09 PM
 Blitz 5/5 

Pairing 6/10 :    C0BR4_v2.0  -  Cece_v2.3

PGN-File: C:\Program Files (x86)\Arena\Tournaments\Engine Battle 20250820.pgn

No:  B/W 1/2     W:B       1:2           Time        Value Moves Dep 1:2       1-2-Draws
   5 B 2    1.0:0.0        1.0:4.0       12:06:42 PM     0.00     3 0:0 1-4-0

--------------------------------------------------------------

Engine-Match Wednesday, August 20, 2025 12:06:44 PM
 Blitz 5/5 

Pairing 7/10 :    V7P3R_v4.3  -  C0BR4_v2.0

PGN-File: C:\Program Files (x86)\Arena\Tournaments\Engine Battle 20250820.pgn

No:  B/W 1/2     W:B       1:2           Time        Value Moves Dep 1:2       1-2-Draws
   5 B 2    1.0:0.0        2.0:3.0       12:08:00 PM  -299.99    22 0:4.000  2-3-0

--------------------------------------------------------------

Engine-Match Wednesday, August 20, 2025 12:08:01 PM
 Blitz 5/5 

Pairing 8/10 :    Cece_v2.3  -  SlowMate_v2.0

PGN-File: C:\Program Files (x86)\Arena\Tournaments\Engine Battle 20250820.pgn

No:  B/W 1/2     W:B       1:2           Time        Value Moves Dep 1:2       1-2-Draws
   5 = =    2.5:2.5        2.5:2.5       12:17:04 PM     0.00    23 0:0 0-0-5

--------------------------------------------------------------

Engine-Match Wednesday, August 20, 2025 12:17:06 PM
 Blitz 5/5 

Pairing 9/10 :    Slowmate_v1.0  -  Cece_v2.3

PGN-File: C:\Program Files (x86)\Arena\Tournaments\Engine Battle 20250820.pgn

No:  B/W 1/2     W:B       1:2           Time        Value Moves Dep 1:2       1-2-Draws
   5 W 1    1.5:0.5        4.5:0.5       12:21:46 PM     0.00    30 0:0 4-0-1

--------------------------------------------------------------

Engine-Match Wednesday, August 20, 2025 12:21:47 PM
 Blitz 5/5 

Pairing 10/10 :    SlowMate_v2.0  -  V7P3R_v4.3

PGN-File: C:\Program Files (x86)\Arena\Tournaments\Engine Battle 20250820.pgn

No:  B/W 1/2     W:B       1:2           Time        Value Moves Dep 1:2       1-2-Draws
   5 B 2    2.0:1.0        1.0:4.0       12:23:47 PM     0.00     9 0:0 0-3-2

--------------------------------------------------------------

Engine-Match Wednesday, August 20, 2025 12:23:48 PM
 Blitz 5/5 

Pairing 1/10 :    C0BR4_v2.0  -  SlowMate_v2.0

PGN-File: C:\Program Files (x86)\Arena\Tournaments\Engine Battle 20250820.pgn

No:  B/W 1/2     W:B       1:2           Time        Value Moves Dep 1:2       1-2-Draws
   6 B 1    1.0:0.0        5.0:1.0       12:25:33 PM  -299.99     9 4.000 :0 5-1-0

--------------------------------------------------------------

Engine-Match Wednesday, August 20, 2025 12:25:34 PM
 Blitz 5/5 

Pairing 2/10 :    V7P3R_v4.3  -  Slowmate_v1.0

PGN-File: C:\Program Files (x86)\Arena\Tournaments\Engine Battle 20250820.pgn

No:  B/W 1/2     W:B       1:2           Time        Value Moves Dep 1:2       1-2-Draws
   6 = =    3.0:3.0        3.0:3.0       12:26:16 PM     0.00    15 0:0 0-0-6

--------------------------------------------------------------

Engine-Match Wednesday, August 20, 2025 12:26:18 PM
 Blitz 5/5 

Pairing 3/10 :    Cece_v2.3  -  V7P3R_v4.3

PGN-File: C:\Program Files (x86)\Arena\Tournaments\Engine Battle 20250820.pgn

No:  B/W 1/2     W:B       1:2           Time        Value Moves Dep 1:2       1-2-Draws
   6 = =    1.0:1.0        1.0:5.0       12:32:21 PM     0.00    34 0:0 0-4-2

--------------------------------------------------------------

Engine-Match Wednesday, August 20, 2025 12:32:22 PM
 Blitz 5/5 

Pairing 4/10 :    Slowmate_v1.0  -  C0BR4_v2.0

PGN-File: C:\Program Files (x86)\Arena\Tournaments\Engine Battle 20250820.pgn

No:  B/W 1/2     W:B       1:2           Time        Value Moves Dep 1:2       1-2-Draws
   6 B 1    1.0:0.0        6.0:0.0       12:33:01 PM     0.00    39 0:4.000  6-0-0

--------------------------------------------------------------

Engine-Match Wednesday, August 20, 2025 12:33:02 PM
 Blitz 5/5 

Pairing 5/10 :    SlowMate_v2.0  -  Slowmate_v1.0

PGN-File: C:\Program Files (x86)\Arena\Tournaments\Engine Battle 20250820.pgn

No:  B/W 1/2     W:B       1:2           Time        Value Moves Dep 1:2       1-2-Draws
   6 = =    1.5:1.5        1.5:4.5       12:34:52 PM     0.00    11 0:0 0-3-3

--------------------------------------------------------------

Engine-Match Wednesday, August 20, 2025 12:34:53 PM
 Blitz 5/5 

Pairing 6/10 :    C0BR4_v2.0  -  Cece_v2.3

PGN-File: C:\Program Files (x86)\Arena\Tournaments\Engine Battle 20250820.pgn

No:  B/W 1/2     W:B       1:2           Time        Value Moves Dep 1:2       1-2-Draws
   6 B 1    1.0:0.0        2.0:4.0       12:38:17 PM  -299.99    22 4.000 :0 2-4-0

--------------------------------------------------------------

Engine-Match Wednesday, August 20, 2025 12:38:18 PM
 Blitz 5/5 

Pairing 7/10 :    V7P3R_v4.3  -  C0BR4_v2.0

PGN-File: C:\Program Files (x86)\Arena\Tournaments\Engine Battle 20250820.pgn

No:  B/W 1/2     W:B       1:2           Time        Value Moves Dep 1:2       1-2-Draws
   6 W 2    1.0:0.0        2.0:4.0       12:39:36 PM  +299.99    28 0:4.000  2-4-0

--------------------------------------------------------------

Engine-Match Wednesday, August 20, 2025 12:39:38 PM
 Blitz 5/5 

Pairing 8/10 :    Cece_v2.3  -  SlowMate_v2.0

PGN-File: C:\Program Files (x86)\Arena\Tournaments\Engine Battle 20250820.pgn

No:  B/W 1/2     W:B       1:2           Time        Value Moves Dep 1:2       1-2-Draws
   6 = =    3.0:3.0        3.0:3.0       12:49:56 PM     0.00    27 0:0 0-0-6

--------------------------------------------------------------

Engine-Match Wednesday, August 20, 2025 12:49:57 PM
 Blitz 5/5 

Pairing 9/10 :    Slowmate_v1.0  -  Cece_v2.3

PGN-File: C:\Program Files (x86)\Arena\Tournaments\Engine Battle 20250820.pgn

No:  B/W 1/2     W:B       1:2           Time        Value Moves Dep 1:2       1-2-Draws
   6 B 1    1.5:0.5        5.5:0.5       12:53:02 PM     0.00    19 0:0 5-0-1

--------------------------------------------------------------

Engine-Match Wednesday, August 20, 2025 12:53:04 PM
 Blitz 5/5 

Pairing 10/10 :    SlowMate_v2.0  -  V7P3R_v4.3

PGN-File: C:\Program Files (x86)\Arena\Tournaments\Engine Battle 20250820.pgn

No:  B/W 1/2     W:B       1:2           Time        Value Moves Dep 1:2       1-2-Draws
   6 = =    1.5:1.5        1.5:4.5       12:57:03 PM     0.00    15 0:0 0-3-3

--------------------------------------------------------------

Engine-Match Wednesday, August 20, 2025 12:57:10 PM
 Blitz 5/5 

Pairing 1/10 :    C0BR4_v2.0  -  SlowMate_v2.0

PGN-File: C:\Program Files (x86)\Arena\Tournaments\Engine Battle 20250820.pgn

No:  B/W 1/2     W:B       1:2           Time        Value Moves Dep 1:2       1-2-Draws
   7 W 1    1.0:0.0        6.0:1.0       1:00:30 PM  +299.99    16 4.000 :0 6-1-0

--------------------------------------------------------------

Engine-Match Wednesday, August 20, 2025 1:00:31 PM
 Blitz 5/5 

Pairing 2/10 :    V7P3R_v4.3  -  Slowmate_v1.0

PGN-File: C:\Program Files (x86)\Arena\Tournaments\Engine Battle 20250820.pgn

No:  B/W 1/2     W:B       1:2           Time        Value Moves Dep 1:2       1-2-Draws
   7 = =    3.5:3.5        3.5:3.5       1:01:06 PM     0.00     9 0:0 0-0-7

--------------------------------------------------------------

Engine-Match Wednesday, August 20, 2025 1:01:08 PM
 Blitz 5/5 

Pairing 3/10 :    Cece_v2.3  -  V7P3R_v4.3

PGN-File: C:\Program Files (x86)\Arena\Tournaments\Engine Battle 20250820.pgn

No:  B/W 1/2     W:B       1:2           Time        Value Moves Dep 1:2       1-2-Draws
   7 B 2    2.0:1.0        1.0:6.0       1:03:53 PM     0.00    12 0:0 0-5-2

--------------------------------------------------------------

Engine-Match Wednesday, August 20, 2025 1:03:54 PM
 Blitz 5/5 

Pairing 4/10 :    Slowmate_v1.0  -  C0BR4_v2.0

PGN-File: C:\Program Files (x86)\Arena\Tournaments\Engine Battle 20250820.pgn

No:  B/W 1/2     W:B       1:2           Time        Value Moves Dep 1:2       1-2-Draws
   7 W 1    1.0:0.0        7.0:0.0       1:04:07 PM     0.00     9 0:4.000  7-0-0

--------------------------------------------------------------

Engine-Match Wednesday, August 20, 2025 1:04:09 PM
 Blitz 5/5 

Pairing 5/10 :    SlowMate_v2.0  -  Slowmate_v1.0

PGN-File: C:\Program Files (x86)\Arena\Tournaments\Engine Battle 20250820.pgn

No:  B/W 1/2     W:B       1:2           Time        Value Moves Dep 1:2       1-2-Draws
   7 B 2    2.5:1.5        1.5:5.5       1:05:48 PM     0.00     9 0:0 0-4-3

--------------------------------------------------------------

Engine-Match Wednesday, August 20, 2025 1:05:49 PM
 Blitz 5/5 

Pairing 6/10 :    C0BR4_v2.0  -  Cece_v2.3

PGN-File: C:\Program Files (x86)\Arena\Tournaments\Engine Battle 20250820.pgn

No:  B/W 1/2     W:B       1:2           Time        Value Moves Dep 1:2       1-2-Draws
   7 B 2    1.0:0.0        2.0:5.0       1:06:23 PM     0.00     3 0:0 2-5-0

--------------------------------------------------------------

Engine-Match Wednesday, August 20, 2025 1:06:24 PM
 Blitz 5/5 

Pairing 7/10 :    V7P3R_v4.3  -  C0BR4_v2.0

PGN-File: C:\Program Files (x86)\Arena\Tournaments\Engine Battle 20250820.pgn

No:  B/W 1/2     W:B       1:2           Time        Value Moves Dep 1:2       1-2-Draws
   7 W 1    1.0:0.0        3.0:4.0       1:07:09 PM     0.00    19 0:4.000  3-4-0

--------------------------------------------------------------

Engine-Match Wednesday, August 20, 2025 1:07:11 PM
 Blitz 5/5 

Pairing 8/10 :    Cece_v2.3  -  SlowMate_v2.0

PGN-File: C:\Program Files (x86)\Arena\Tournaments\Engine Battle 20250820.pgn

No:  B/W 1/2     W:B       1:2           Time        Value Moves Dep 1:2       1-2-Draws
   7 = =    3.5:3.5        3.5:3.5       1:24:55 PM     0.00    62 0:0 0-0-7

--------------------------------------------------------------

Engine-Match Wednesday, August 20, 2025 1:24:56 PM
 Blitz 5/5 

Pairing 9/10 :    Slowmate_v1.0  -  Cece_v2.3

PGN-File: C:\Program Files (x86)\Arena\Tournaments\Engine Battle 20250820.pgn

No:  B/W 1/2     W:B       1:2           Time        Value Moves Dep 1:2       1-2-Draws
   7 W 1    1.5:0.5        6.5:0.5       1:28:16 PM     0.00    22 0:0 6-0-1

--------------------------------------------------------------

Engine-Match Wednesday, August 20, 2025 1:28:17 PM
 Blitz 5/5 

Pairing 10/10 :    SlowMate_v2.0  -  V7P3R_v4.3

PGN-File: C:\Program Files (x86)\Arena\Tournaments\Engine Battle 20250820.pgn

No:  B/W 1/2     W:B       1:2           Time        Value Moves Dep 1:2       1-2-Draws
   7 B 2    2.5:1.5        1.5:5.5       1:30:18 PM     0.00     9 0:0 0-4-3

--------------------------------------------------------------

Engine-Match Wednesday, August 20, 2025 1:30:19 PM
 Blitz 5/5 

Pairing 1/10 :    C0BR4_v2.0  -  SlowMate_v2.0

PGN-File: C:\Program Files (x86)\Arena\Tournaments\Engine Battle 20250820.pgn

No:  B/W 1/2     W:B       1:2           Time        Value Moves Dep 1:2       1-2-Draws
   8 B 1    1.0:0.0        7.0:1.0       1:35:07 PM  -299.99    20 4.000 :0 7-1-0

--------------------------------------------------------------

Engine-Match Wednesday, August 20, 2025 1:35:08 PM
 Blitz 5/5 

Pairing 2/10 :    V7P3R_v4.3  -  Slowmate_v1.0

PGN-File: C:\Program Files (x86)\Arena\Tournaments\Engine Battle 20250820.pgn

No:  B/W 1/2     W:B       1:2           Time        Value Moves Dep 1:2       1-2-Draws
   8 = =    4.0:4.0        4.0:4.0       1:35:50 PM     0.00    15 0:0 0-0-8

--------------------------------------------------------------

Engine-Match Wednesday, August 20, 2025 1:35:52 PM
 Blitz 5/5 

Pairing 3/10 :    Cece_v2.3  -  V7P3R_v4.3

PGN-File: C:\Program Files (x86)\Arena\Tournaments\Engine Battle 20250820.pgn

No:  B/W 1/2     W:B       1:2           Time        Value Moves Dep 1:2       1-2-Draws
   8 = =    1.5:1.5        1.5:6.5       1:41:40 PM     0.00    33 0:0 0-5-3

--------------------------------------------------------------

Engine-Match Wednesday, August 20, 2025 1:41:42 PM
 Blitz 5/5 

Pairing 4/10 :    Slowmate_v1.0  -  C0BR4_v2.0

PGN-File: C:\Program Files (x86)\Arena\Tournaments\Engine Battle 20250820.pgn

No:  B/W 1/2     W:B       1:2           Time        Value Moves Dep 1:2       1-2-Draws
   8 B 1    1.0:0.0        8.0:0.0       1:42:12 PM     0.00    32 0:4.000  8-0-0

--------------------------------------------------------------

Engine-Match Wednesday, August 20, 2025 1:42:13 PM
 Blitz 5/5 

Pairing 5/10 :    SlowMate_v2.0  -  Slowmate_v1.0

PGN-File: C:\Program Files (x86)\Arena\Tournaments\Engine Battle 20250820.pgn

No:  B/W 1/2     W:B       1:2           Time        Value Moves Dep 1:2       1-2-Draws
   8 = =    2.0:2.0        2.0:6.0       1:44:03 PM     0.00    11 0:0 0-4-4

--------------------------------------------------------------

Engine-Match Wednesday, August 20, 2025 1:44:04 PM
 Blitz 5/5 

Pairing 6/10 :    C0BR4_v2.0  -  Cece_v2.3

PGN-File: C:\Program Files (x86)\Arena\Tournaments\Engine Battle 20250820.pgn

No:  B/W 1/2     W:B       1:2           Time        Value Moves Dep 1:2       1-2-Draws
   8 W 2    1.0:0.0        2.0:6.0       1:45:27 PM     0.00     8 4.000 :0 2-6-0

--------------------------------------------------------------

Engine-Match Wednesday, August 20, 2025 1:45:28 PM
 Blitz 5/5 

Pairing 7/10 :    V7P3R_v4.3  -  C0BR4_v2.0

PGN-File: C:\Program Files (x86)\Arena\Tournaments\Engine Battle 20250820.pgn

No:  B/W 1/2     W:B       1:2           Time        Value Moves Dep 1:2       1-2-Draws
   8 B 1    1.0:0.0        4.0:4.0       1:46:19 PM     0.00    12 0:4.000  4-4-0

--------------------------------------------------------------

Engine-Match Wednesday, August 20, 2025 1:46:20 PM
 Blitz 5/5 

Pairing 8/10 :    Cece_v2.3  -  SlowMate_v2.0

PGN-File: C:\Program Files (x86)\Arena\Tournaments\Engine Battle 20250820.pgn

No:  B/W 1/2     W:B       1:2           Time        Value Moves Dep 1:2       1-2-Draws
   8 = =    4.0:4.0        4.0:4.0       2:00:08 PM     0.00    41 0:0 0-0-8

--------------------------------------------------------------

Engine-Match Wednesday, August 20, 2025 2:00:10 PM
 Blitz 5/5 

Pairing 9/10 :    Slowmate_v1.0  -  Cece_v2.3

PGN-File: C:\Program Files (x86)\Arena\Tournaments\Engine Battle 20250820.pgn

No:  B/W 1/2     W:B       1:2           Time        Value Moves Dep 1:2       1-2-Draws
   8 B 1    1.5:0.5        7.5:0.5       2:03:57 PM     0.00    23 0:0 7-0-1

--------------------------------------------------------------

Engine-Match Wednesday, August 20, 2025 2:03:58 PM
 Blitz 5/5 

Pairing 10/10 :    SlowMate_v2.0  -  V7P3R_v4.3

PGN-File: C:\Program Files (x86)\Arena\Tournaments\Engine Battle 20250820.pgn

No:  B/W 1/2     W:B       1:2           Time        Value Moves Dep 1:2       1-2-Draws
   8 = =    2.0:2.0        2.0:6.0       2:07:58 PM     0.00    15 0:0 0-4-4

--------------------------------------------------------------

Engine-Match Wednesday, August 20, 2025 2:08:04 PM
 Blitz 5/5 

Pairing 1/10 :    C0BR4_v2.0  -  SlowMate_v2.0

PGN-File: C:\Program Files (x86)\Arena\Tournaments\Engine Battle 20250820.pgn

No:  B/W 1/2     W:B       1:2           Time        Value Moves Dep 1:2       1-2-Draws
   9 W 1    1.0:0.0        8.0:1.0       2:12:02 PM  +299.99    17 4.000 :0 8-1-0

--------------------------------------------------------------

Engine-Match Wednesday, August 20, 2025 2:12:03 PM
 Blitz 5/5 

Pairing 2/10 :    V7P3R_v4.3  -  Slowmate_v1.0

PGN-File: C:\Program Files (x86)\Arena\Tournaments\Engine Battle 20250820.pgn

No:  B/W 1/2     W:B       1:2           Time        Value Moves Dep 1:2       1-2-Draws
   9 = =    4.5:4.5        4.5:4.5       2:12:38 PM     0.00     9 0:0 0-0-9

--------------------------------------------------------------

Engine-Match Wednesday, August 20, 2025 2:12:39 PM
 Blitz 5/5 

Pairing 3/10 :    Cece_v2.3  -  V7P3R_v4.3

PGN-File: C:\Program Files (x86)\Arena\Tournaments\Engine Battle 20250820.pgn

No:  B/W 1/2     W:B       1:2           Time        Value Moves Dep 1:2       1-2-Draws
   9 B 2    2.5:1.5        1.5:7.5       2:17:07 PM     0.00    26 0:0 0-6-3

--------------------------------------------------------------

Engine-Match Wednesday, August 20, 2025 2:17:09 PM
 Blitz 5/5 

Pairing 4/10 :    Slowmate_v1.0  -  C0BR4_v2.0

PGN-File: C:\Program Files (x86)\Arena\Tournaments\Engine Battle 20250820.pgn

No:  B/W 1/2     W:B       1:2           Time        Value Moves Dep 1:2       1-2-Draws
   9 B 2    1.0:0.0        8.0:1.0       2:17:32 PM  -299.99    19 0:4.000  8-1-0

--------------------------------------------------------------

Engine-Match Wednesday, August 20, 2025 2:17:34 PM
 Blitz 5/5 

Pairing 5/10 :    SlowMate_v2.0  -  Slowmate_v1.0

PGN-File: C:\Program Files (x86)\Arena\Tournaments\Engine Battle 20250820.pgn

No:  B/W 1/2     W:B       1:2           Time        Value Moves Dep 1:2       1-2-Draws
   9 B 2    3.0:2.0        2.0:7.0       2:19:13 PM     0.00     9 0:0 0-5-4

--------------------------------------------------------------

Engine-Match Wednesday, August 20, 2025 2:19:14 PM
 Blitz 5/5 

Pairing 6/10 :    C0BR4_v2.0  -  Cece_v2.3

PGN-File: C:\Program Files (x86)\Arena\Tournaments\Engine Battle 20250820.pgn

No:  B/W 1/2     W:B       1:2           Time        Value Moves Dep 1:2       1-2-Draws
   9 B 2    1.0:0.0        2.0:7.0       2:20:18 PM     0.00     6 4.000 :0 2-7-0

--------------------------------------------------------------

Engine-Match Wednesday, August 20, 2025 2:20:19 PM
 Blitz 5/5 

Pairing 7/10 :    V7P3R_v4.3  -  C0BR4_v2.0

PGN-File: C:\Program Files (x86)\Arena\Tournaments\Engine Battle 20250820.pgn

No:  B/W 1/2     W:B       1:2           Time        Value Moves Dep 1:2       1-2-Draws
   9 B 2    1.0:0.0        4.0:5.0       2:21:29 PM  -299.99    24 0:4.000  4-5-0

--------------------------------------------------------------

Engine-Match Wednesday, August 20, 2025 2:21:30 PM
 Blitz 5/5 

Pairing 8/10 :    Cece_v2.3  -  SlowMate_v2.0

PGN-File: C:\Program Files (x86)\Arena\Tournaments\Engine Battle 20250820.pgn

No:  B/W 1/2     W:B       1:2           Time        Value Moves Dep 1:2       1-2-Draws
   9 = =    4.5:4.5        4.5:4.5       2:27:34 PM     0.00    18 0:0 0-0-9

--------------------------------------------------------------

Engine-Match Wednesday, August 20, 2025 2:27:35 PM
 Blitz 5/5 

Pairing 9/10 :    Slowmate_v1.0  -  Cece_v2.3

PGN-File: C:\Program Files (x86)\Arena\Tournaments\Engine Battle 20250820.pgn

No:  B/W 1/2     W:B       1:2           Time        Value Moves Dep 1:2       1-2-Draws
   9 = =    1.0:1.0        8.0:1.0       2:32:31 PM     0.00    34 0:0 7-0-2

--------------------------------------------------------------

Engine-Match Wednesday, August 20, 2025 2:32:33 PM
 Blitz 5/5 

Pairing 10/10 :    SlowMate_v2.0  -  V7P3R_v4.3

PGN-File: C:\Program Files (x86)\Arena\Tournaments\Engine Battle 20250820.pgn

No:  B/W 1/2     W:B       1:2           Time        Value Moves Dep 1:2       1-2-Draws
   9 B 2    3.0:2.0        2.0:7.0       2:34:33 PM     0.00     9 0:0 0-5-4

--------------------------------------------------------------

Engine-Match Wednesday, August 20, 2025 2:34:34 PM
 Blitz 5/5 

Pairing 1/10 :    C0BR4_v2.0  -  SlowMate_v2.0

PGN-File: C:\Program Files (x86)\Arena\Tournaments\Engine Battle 20250820.pgn

No:  B/W 1/2     W:B       1:2           Time        Value Moves Dep 1:2       1-2-Draws
  10 B 1    1.0:0.0        9.0:1.0       2:35:49 PM  -299.99     7 4.000 :0 9-1-0

--------------------------------------------------------------

Engine-Match Wednesday, August 20, 2025 2:35:50 PM
 Blitz 5/5 

Pairing 2/10 :    V7P3R_v4.3  -  Slowmate_v1.0

PGN-File: C:\Program Files (x86)\Arena\Tournaments\Engine Battle 20250820.pgn

No:  B/W 1/2     W:B       1:2           Time        Value Moves Dep 1:2       1-2-Draws
  10 = =    5.0:5.0        5.0:5.0       2:36:33 PM     0.00    15 0:0 0-0-10

--------------------------------------------------------------

Engine-Match Wednesday, August 20, 2025 2:36:34 PM
 Blitz 5/5 

Pairing 3/10 :    Cece_v2.3  -  V7P3R_v4.3

PGN-File: C:\Program Files (x86)\Arena\Tournaments\Engine Battle 20250820.pgn

No:  B/W 1/2     W:B       1:2           Time        Value Moves Dep 1:2       1-2-Draws
  10 = =    2.0:2.0        2.0:8.0       2:45:26 PM     0.00    53 0:0 0-6-4

--------------------------------------------------------------

Engine-Match Wednesday, August 20, 2025 2:45:27 PM
 Blitz 5/5 

Pairing 4/10 :    Slowmate_v1.0  -  C0BR4_v2.0

PGN-File: C:\Program Files (x86)\Arena\Tournaments\Engine Battle 20250820.pgn

No:  B/W 1/2     W:B       1:2           Time        Value Moves Dep 1:2       1-2-Draws
  10 B 1    1.0:0.0        9.0:1.0       2:45:54 PM     0.00    24 0:4.000  9-1-0

--------------------------------------------------------------

Engine-Match Wednesday, August 20, 2025 2:45:56 PM
 Blitz 5/5 

Pairing 5/10 :    SlowMate_v2.0  -  Slowmate_v1.0

PGN-File: C:\Program Files (x86)\Arena\Tournaments\Engine Battle 20250820.pgn

No:  B/W 1/2     W:B       1:2           Time        Value Moves Dep 1:2       1-2-Draws
  10 = =    2.5:2.5        2.5:7.5       2:47:45 PM     0.00    11 0:0 0-5-5

--------------------------------------------------------------

Engine-Match Wednesday, August 20, 2025 2:47:46 PM
 Blitz 5/5 

Pairing 6/10 :    C0BR4_v2.0  -  Cece_v2.3

PGN-File: C:\Program Files (x86)\Arena\Tournaments\Engine Battle 20250820.pgn

No:  B/W 1/2     W:B       1:2           Time        Value Moves Dep 1:2       1-2-Draws
  10 W 2    1.0:0.0        2.0:8.0       2:50:03 PM     0.00    14 4.000 :0 2-8-0

--------------------------------------------------------------

Engine-Match Wednesday, August 20, 2025 2:50:04 PM
 Blitz 5/5 

Pairing 7/10 :    V7P3R_v4.3  -  C0BR4_v2.0

PGN-File: C:\Program Files (x86)\Arena\Tournaments\Engine Battle 20250820.pgn

No:  B/W 1/2     W:B       1:2           Time        Value Moves Dep 1:2       1-2-Draws
  10 B 1    1.0:0.0        5.0:5.0       2:50:26 PM     0.00     4 0:4.000  5-5-0

--------------------------------------------------------------

Engine-Match Wednesday, August 20, 2025 2:50:27 PM
 Blitz 5/5 

Pairing 8/10 :    Cece_v2.3  -  SlowMate_v2.0

PGN-File: C:\Program Files (x86)\Arena\Tournaments\Engine Battle 20250820.pgn

No:  B/W 1/2     W:B       1:2           Time        Value Moves Dep 1:2       1-2-Draws
  10 = =    5.0:5.0        5.0:5.0       3:03:37 PM     0.00    39 0:0 0-0-10

--------------------------------------------------------------

Engine-Match Wednesday, August 20, 2025 3:03:39 PM
 Blitz 5/5 

Pairing 9/10 :    Slowmate_v1.0  -  Cece_v2.3

PGN-File: C:\Program Files (x86)\Arena\Tournaments\Engine Battle 20250820.pgn

No:  B/W 1/2     W:B       1:2           Time        Value Moves Dep 1:2       1-2-Draws
  10 B 1    2.0:1.0        9.0:1.0       3:08:41 PM     0.00    34 0:0 8-0-2

--------------------------------------------------------------

Engine-Match Wednesday, August 20, 2025 3:08:42 PM
 Blitz 5/5 

Pairing 10/10 :    SlowMate_v2.0  -  V7P3R_v4.3

PGN-File: C:\Program Files (x86)\Arena\Tournaments\Engine Battle 20250820.pgn

No:  B/W 1/2     W:B       1:2           Time        Value Moves Dep 1:2       1-2-Draws
  10 = =    2.5:2.5        2.5:7.5       3:12:43 PM     0.00    15 0:0 0-5-5
