Engine-Match Wednesday, August 20, 2025 11:28:06 PM
 Tournament Game in 10 Minutes 

Pairing 1/4 :    Slowmate_v1.0  -  V7P3R_v4.3

PGN-File: C:\Program Files (x86)\Arena\Tournaments\Engine Battle 20250820_2.pgn

No:  B/W 1/2     W:B       1:2           Time        Value Moves Dep 1:2       1-2-Draws
   1 = =    0.5:0.5        0.5:0.5       11:28:50 PM     0.00    15 0:0 0-0-1

--------------------------------------------------------------

Engine-Match Wednesday, August 20, 2025 11:28:52 PM
 Tournament Game in 10 Minutes 

Pairing 2/4 :    Slowmate_v1.0  -  V7P3R_v4.1

PGN-File: C:\Program Files (x86)\Arena\Tournaments\Engine Battle 20250820_2.pgn

No:  B/W 1/2     W:B       1:2           Time        Value Moves Dep 1:2       1-2-Draws
   1 W 1    1.0:0.0        1.0:0.0       11:39:46 PM     0.00    58 0:0 1-0-0

--------------------------------------------------------------

Engine-Match Wednesday, August 20, 2025 11:39:47 PM
 Tournament Game in 10 Minutes 

Pairing 3/4 :    Slowmate_v1.0  -  Cece_v2.0

PGN-File: C:\Program Files (x86)\Arena\Tournaments\Engine Battle 20250820_2.pgn

No:  B/W 1/2     W:B       1:2           Time        Value Moves Dep 1:2       1-2-Draws
   1 W 1    1.0:0.0        1.0:0.0       11:47:58 PM     0.00    50 0:0 1-0-0

--------------------------------------------------------------

Engine-Match Wednesday, August 20, 2025 11:47:59 PM
 Tournament Game in 10 Minutes 

Pairing 4/4 :    Slowmate_v1.0  -  SlowMate_v2.0

PGN-File: C:\Program Files (x86)\Arena\Tournaments\Engine Battle 20250820_2.pgn

No:  B/W 1/2     W:B       1:2           Time        Value Moves Dep 1:2       1-2-Draws
   1 = =    0.5:0.5        0.5:0.5       11:50:20 PM     0.00    11 0:0 0-0-1

--------------------------------------------------------------

Engine-Match Wednesday, August 20, 2025 11:50:21 PM
 Tournament Game in 10 Minutes 

Pairing 1/4 :    Slowmate_v1.0  -  V7P3R_v4.3

PGN-File: C:\Program Files (x86)\Arena\Tournaments\Engine Battle 20250820_2.pgn

No:  B/W 1/2     W:B       1:2           Time        Value Moves Dep 1:2       1-2-Draws
   2 = =    1.0:1.0        1.0:1.0       11:50:57 PM     0.00     9 0:0 0-0-2

--------------------------------------------------------------

Engine-Match Wednesday, August 20, 2025 11:50:58 PM
 Tournament Game in 10 Minutes 

Pairing 2/4 :    Slowmate_v1.0  -  V7P3R_v4.1

PGN-File: C:\Program Files (x86)\Arena\Tournaments\Engine Battle 20250820_2.pgn

No:  B/W 1/2     W:B       1:2           Time        Value Moves Dep 1:2       1-2-Draws
   2 B 1    1.0:0.0        2.0:0.0       11:55:19 PM     0.00    29 0:0 2-0-0

--------------------------------------------------------------

Engine-Match Wednesday, August 20, 2025 11:55:20 PM
 Tournament Game in 10 Minutes 

Pairing 3/4 :    Slowmate_v1.0  -  Cece_v2.0

PGN-File: C:\Program Files (x86)\Arena\Tournaments\Engine Battle 20250820_2.pgn

No:  B/W 1/2     W:B       1:2           Time        Value Moves Dep 1:2       1-2-Draws
   2 B 1    1.0:0.0        2.0:0.0       11:57:00 PM     0.00     8 0:0 2-0-0

--------------------------------------------------------------

Engine-Match Wednesday, August 20, 2025 11:57:02 PM
 Tournament Game in 10 Minutes 

Pairing 4/4 :    Slowmate_v1.0  -  SlowMate_v2.0

PGN-File: C:\Program Files (x86)\Arena\Tournaments\Engine Battle 20250820_2.pgn

No:  B/W 1/2     W:B       1:2           Time        Value Moves Dep 1:2       1-2-Draws
   2 B 1    1.5:0.5        1.5:0.5       11:58:47 PM     0.00     8 0:0 1-0-1

--------------------------------------------------------------

Engine-Match Wednesday, August 20, 2025 11:58:49 PM
 Tournament Game in 10 Minutes 

Pairing 1/4 :    Slowmate_v1.0  -  V7P3R_v4.3

PGN-File: C:\Program Files (x86)\Arena\Tournaments\Engine Battle 20250820_2.pgn

No:  B/W 1/2     W:B       1:2           Time        Value Moves Dep 1:2       1-2-Draws
   3 = =    1.5:1.5        1.5:1.5       11:59:32 PM     0.00    15 0:0 0-0-3

--------------------------------------------------------------

Engine-Match Wednesday, August 20, 2025 11:59:33 PM
 Tournament Game in 10 Minutes 

Pairing 2/4 :    Slowmate_v1.0  -  V7P3R_v4.1

PGN-File: C:\Program Files (x86)\Arena\Tournaments\Engine Battle 20250820_2.pgn

No:  B/W 1/2     W:B       1:2           Time        Value Moves Dep 1:2       1-2-Draws
   3 W 1    1.0:0.0        3.0:0.0       12:10:26 AM     0.00    57 0:0 3-0-0

--------------------------------------------------------------

Engine-Match Thursday, August 21, 2025 12:10:27 AM
 Tournament Game in 10 Minutes 

Pairing 3/4 :    Slowmate_v1.0  -  Cece_v2.0

PGN-File: C:\Program Files (x86)\Arena\Tournaments\Engine Battle 20250820_2.pgn

No:  B/W 1/2     W:B       1:2           Time        Value Moves Dep 1:2       1-2-Draws
   3 = =    0.5:0.5        2.5:0.5       12:13:38 AM     0.00    18 0:0 2-0-1

--------------------------------------------------------------

Engine-Match Thursday, August 21, 2025 12:13:39 AM
 Tournament Game in 10 Minutes 

Pairing 4/4 :    Slowmate_v1.0  -  SlowMate_v2.0

PGN-File: C:\Program Files (x86)\Arena\Tournaments\Engine Battle 20250820_2.pgn

No:  B/W 1/2     W:B       1:2           Time        Value Moves Dep 1:2       1-2-Draws
   3 = =    1.0:1.0        2.0:1.0       12:16:00 AM     0.00    11 0:0 1-0-2

--------------------------------------------------------------

Engine-Match Thursday, August 21, 2025 12:16:01 AM
 Tournament Game in 10 Minutes 

Pairing 1/4 :    Slowmate_v1.0  -  V7P3R_v4.3

PGN-File: C:\Program Files (x86)\Arena\Tournaments\Engine Battle 20250820_2.pgn

No:  B/W 1/2     W:B       1:2           Time        Value Moves Dep 1:2       1-2-Draws
   4 = =    2.0:2.0        2.0:2.0       12:16:37 AM     0.00     9 0:0 0-0-4

--------------------------------------------------------------

Engine-Match Thursday, August 21, 2025 12:16:38 AM
 Tournament Game in 10 Minutes 

Pairing 2/4 :    Slowmate_v1.0  -  V7P3R_v4.1

PGN-File: C:\Program Files (x86)\Arena\Tournaments\Engine Battle 20250820_2.pgn

No:  B/W 1/2     W:B       1:2           Time        Value Moves Dep 1:2       1-2-Draws
   4 B 1    1.0:0.0        4.0:0.0       12:21:01 AM     0.00    29 0:0 4-0-0

--------------------------------------------------------------

Engine-Match Thursday, August 21, 2025 12:21:02 AM
 Tournament Game in 10 Minutes 

Pairing 3/4 :    Slowmate_v1.0  -  Cece_v2.0

PGN-File: C:\Program Files (x86)\Arena\Tournaments\Engine Battle 20250820_2.pgn

No:  B/W 1/2     W:B       1:2           Time        Value Moves Dep 1:2       1-2-Draws
   4 B 1    1.5:0.5        3.5:0.5       12:27:27 AM     0.00    36 0:0 3-0-1

--------------------------------------------------------------

Engine-Match Thursday, August 21, 2025 12:27:28 AM
 Tournament Game in 10 Minutes 

Pairing 4/4 :    Slowmate_v1.0  -  SlowMate_v2.0

PGN-File: C:\Program Files (x86)\Arena\Tournaments\Engine Battle 20250820_2.pgn

No:  B/W 1/2     W:B       1:2           Time        Value Moves Dep 1:2       1-2-Draws
   4 B 1    2.0:1.0        3.0:1.0       12:29:14 AM     0.00     8 0:0 2-0-2

--------------------------------------------------------------

Engine-Match Thursday, August 21, 2025 12:29:16 AM
 Tournament Game in 10 Minutes 

Pairing 1/4 :    Slowmate_v1.0  -  V7P3R_v4.3

PGN-File: C:\Program Files (x86)\Arena\Tournaments\Engine Battle 20250820_2.pgn

No:  B/W 1/2     W:B       1:2           Time        Value Moves Dep 1:2       1-2-Draws
   5 = =    2.5:2.5        2.5:2.5       12:29:59 AM     0.00    15 0:0 0-0-5

--------------------------------------------------------------

Engine-Match Thursday, August 21, 2025 12:30:00 AM
 Tournament Game in 10 Minutes 

Pairing 2/4 :    Slowmate_v1.0  -  V7P3R_v4.1

PGN-File: C:\Program Files (x86)\Arena\Tournaments\Engine Battle 20250820_2.pgn

No:  B/W 1/2     W:B       1:2           Time        Value Moves Dep 1:2       1-2-Draws
   5 W 1    1.0:0.0        5.0:0.0       12:40:55 AM     0.00    58 0:0 5-0-0

--------------------------------------------------------------

Engine-Match Thursday, August 21, 2025 12:40:56 AM
 Tournament Game in 10 Minutes 

Pairing 3/4 :    Slowmate_v1.0  -  Cece_v2.0

PGN-File: C:\Program Files (x86)\Arena\Tournaments\Engine Battle 20250820_2.pgn

No:  B/W 1/2     W:B       1:2           Time        Value Moves Dep 1:2       1-2-Draws
   5 * *     0.5:0.5        3.5:0.5       12:41:23 AM     0.00     2 0:0 3-0-1

--------------------------------------------------------------

Engine-Match Thursday, August 21, 2025 12:41:57 AM
 Blitz 5/5 

Pairing 1/3 :    Slowmate_v1.0  -  V7P3R_v4.3

PGN-File: C:\Program Files (x86)\Arena\Tournaments\Engine Battle 20250820_2.pgn

No:  B/W 1/2     W:B       1:2           Time        Value Moves Dep 1:2       1-2-Draws
   1 = =    0.5:0.5        0.5:0.5       12:42:39 AM     0.00    15 0:0 0-0-1

--------------------------------------------------------------

Engine-Match Thursday, August 21, 2025 12:42:40 AM
 Blitz 5/5 

Pairing 2/3 :    Slowmate_v1.0  -  V7P3R_v4.1

PGN-File: C:\Program Files (x86)\Arena\Tournaments\Engine Battle 20250820_2.pgn

No:  B/W 1/2     W:B       1:2           Time        Value Moves Dep 1:2       1-2-Draws
   1 * *     0.0:0.0        0.0:0.0       12:51:12 AM     0.00    42 0:0 0-0-0
