Engine-Match Sunday, August 10, 2025 3:03:56 AM
 Blitz 2/1 

Pairing 1/21 :    Cece_v1.3  -  Copycat_uci

PGN-File: C:\Program Files (x86)\Arena\Tournaments\Engine Battle 20250810.pgn

No:  B/W 1/2     W:B       1:2           Time        Value Moves Dep 1:2       1-2-Draws
   1 = =    0.5:0.5        0.5:0.5       3:10:01 AM     0.00    76 0:0 0-0-1

--------------------------------------------------------------

Engine-Match Sunday, August 10, 2025 3:10:02 AM
 Blitz 2/1 

Pairing 2/21 :    Random_Opponent  -  SlowMate_v0.0.10_Tactical_Intelligence

PGN-File: C:\Program Files (x86)\Arena\Tournaments\Engine Battle 20250810.pgn

No:  B/W 1/2     W:B       1:2           Time        Value Moves Dep 1:2       1-2-Draws
   1 B 2    1.0:0.0        0.0:1.0       3:10:19 AM   -40.16    37 0:0 0-1-0

--------------------------------------------------------------

Engine-Match Sunday, August 10, 2025 3:10:21 AM
 Blitz 2/1 

Pairing 3/21 :    SlowMate_v0.2.01_Enhanced_Search  -  V7P3RAI_v1.0

PGN-File: C:\Program Files (x86)\Arena\Tournaments\Engine Battle 20250810.pgn

No:  B/W 1/2     W:B       1:2           Time        Value Moves Dep 1:2       1-2-Draws
   1 W 1    1.0:0.0        1.0:0.0       3:10:29 AM    +9.90    10 0:0 1-0-0

--------------------------------------------------------------

Engine-Match Sunday, August 10, 2025 3:10:31 AM
 Blitz 2/1 

Pairing 4/21 :    SlowMate_v1.0_RELEASE  -  Random_Opponent

PGN-File: C:\Program Files (x86)\Arena\Tournaments\Engine Battle 20250810.pgn

No:  B/W 1/2     W:B       1:2           Time        Value Moves Dep 1:2       1-2-Draws
   1 W 1    1.0:0.0        1.0:0.0       3:10:52 AM     0.00    31 0:0 1-0-0

--------------------------------------------------------------

Engine-Match Sunday, August 10, 2025 3:10:53 AM
 Blitz 2/1 

Pairing 5/21 :    V7P3RAI_v1.0  -  Cece_v1.3

PGN-File: C:\Program Files (x86)\Arena\Tournaments\Engine Battle 20250810.pgn

No:  B/W 1/2     W:B       1:2           Time        Value Moves Dep 1:2       1-2-Draws
   1 = =    0.5:0.5        0.5:0.5       3:11:51 AM     0.00    14 0:0 0-0-1

--------------------------------------------------------------

Engine-Match Sunday, August 10, 2025 3:11:52 AM
 Blitz 2/1 

Pairing 6/21 :    SlowMate_v0.0.10_Tactical_Intelligence  -  SlowMate_v0.2.01_Enhanced_Search

PGN-File: C:\Program Files (x86)\Arena\Tournaments\Engine Battle 20250810.pgn

No:  B/W 1/2     W:B       1:2           Time        Value Moves Dep 1:2       1-2-Draws
   1 B 2    1.0:0.0        0.0:1.0       3:12:09 AM    -9.65    38 0:0 0-1-0

--------------------------------------------------------------

Engine-Match Sunday, August 10, 2025 3:12:10 AM
 Blitz 2/1 

Pairing 7/21 :    Copycat_uci  -  V7P3RAI_v1.0

PGN-File: C:\Program Files (x86)\Arena\Tournaments\Engine Battle 20250810.pgn

No:  B/W 1/2     W:B       1:2           Time        Value Moves Dep 1:2       1-2-Draws
   1 = =    0.5:0.5        0.5:0.5       3:14:32 AM     0.00    45 0:0 0-0-1

--------------------------------------------------------------

Engine-Match Sunday, August 10, 2025 3:14:34 AM
 Blitz 2/1 

Pairing 8/21 :    SlowMate_v0.2.01_Enhanced_Search  -  SlowMate_v1.0_RELEASE

PGN-File: C:\Program Files (x86)\Arena\Tournaments\Engine Battle 20250810.pgn

No:  B/W 1/2     W:B       1:2           Time        Value Moves Dep 1:2       1-2-Draws
   1 B 2    1.0:0.0        0.0:1.0       3:14:45 AM   -17.00    14 0:0 0-1-0

--------------------------------------------------------------

Engine-Match Sunday, August 10, 2025 3:14:46 AM
 Blitz 2/1 

Pairing 9/21 :    Cece_v1.3  -  SlowMate_v0.0.10_Tactical_Intelligence

PGN-File: C:\Program Files (x86)\Arena\Tournaments\Engine Battle 20250810.pgn

No:  B/W 1/2     W:B       1:2           Time        Value Moves Dep 1:2       1-2-Draws
   1 B 2    1.0:0.0        0.0:1.0       3:17:26 AM   -13.45    55 0:0 0-1-0

--------------------------------------------------------------

Engine-Match Sunday, August 10, 2025 3:17:27 AM
 Blitz 2/1 

Pairing 10/21 :    Random_Opponent  -  SlowMate_v0.2.01_Enhanced_Search

PGN-File: C:\Program Files (x86)\Arena\Tournaments\Engine Battle 20250810.pgn

No:  B/W 1/2     W:B       1:2           Time        Value Moves Dep 1:2       1-2-Draws
   1 B 2    1.0:0.0        0.0:1.0       3:17:43 AM   -35.82    34 0:0 0-1-0

--------------------------------------------------------------

Engine-Match Sunday, August 10, 2025 3:17:44 AM
 Blitz 2/1 

Pairing 11/21 :    SlowMate_v0.0.10_Tactical_Intelligence  -  Copycat_uci

PGN-File: C:\Program Files (x86)\Arena\Tournaments\Engine Battle 20250810.pgn

No:  B/W 1/2     W:B       1:2           Time        Value Moves Dep 1:2       1-2-Draws
   1 = =    0.5:0.5        0.5:0.5       3:21:52 AM   +13.60   108 0:0 0-0-1

--------------------------------------------------------------

Engine-Match Sunday, August 10, 2025 3:21:53 AM
 Blitz 2/1 

Pairing 12/21 :    SlowMate_v1.0_RELEASE  -  Cece_v1.3

PGN-File: C:\Program Files (x86)\Arena\Tournaments\Engine Battle 20250810.pgn

No:  B/W 1/2     W:B       1:2           Time        Value Moves Dep 1:2       1-2-Draws
   1 W 1    1.0:0.0        1.0:0.0       3:23:50 AM     0.00    30 0:0 1-0-0

--------------------------------------------------------------

Engine-Match Sunday, August 10, 2025 3:23:52 AM
 Blitz 2/1 

Pairing 13/21 :    V7P3RAI_v1.0  -  SlowMate_v0.0.10_Tactical_Intelligence

PGN-File: C:\Program Files (x86)\Arena\Tournaments\Engine Battle 20250810.pgn

No:  B/W 1/2     W:B       1:2           Time        Value Moves Dep 1:2       1-2-Draws
   1 W 1    1.0:0.0        1.0:0.0       3:24:04 AM   +23.23    19 0:0 1-0-0

--------------------------------------------------------------

Engine-Match Sunday, August 10, 2025 3:24:05 AM
 Blitz 2/1 

Pairing 14/21 :    Cece_v1.3  -  Random_Opponent

PGN-File: C:\Program Files (x86)\Arena\Tournaments\Engine Battle 20250810.pgn

No:  B/W 1/2     W:B       1:2           Time        Value Moves Dep 1:2       1-2-Draws
   1 W 1    1.0:0.0        1.0:0.0       3:26:01 AM     0.00    35 0:0 1-0-0

--------------------------------------------------------------

Engine-Match Sunday, August 10, 2025 3:26:02 AM
 Blitz 2/1 

Pairing 15/21 :    Copycat_uci  -  SlowMate_v1.0_RELEASE

PGN-File: C:\Program Files (x86)\Arena\Tournaments\Engine Battle 20250810.pgn

No:  B/W 1/2     W:B       1:2           Time        Value Moves Dep 1:2       1-2-Draws
   1 B 2    1.0:0.0        0.0:1.0       3:28:44 AM     0.00    43 0:0 0-1-0

--------------------------------------------------------------

Engine-Match Sunday, August 10, 2025 3:28:45 AM
 Blitz 2/1 

Pairing 16/21 :    SlowMate_v0.2.01_Enhanced_Search  -  Cece_v1.3

PGN-File: C:\Program Files (x86)\Arena\Tournaments\Engine Battle 20250810.pgn

No:  B/W 1/2     W:B       1:2           Time        Value Moves Dep 1:2       1-2-Draws
   1 B 2    1.0:0.0        0.0:1.0       3:29:41 AM   -10.54    14 0:0 0-1-0

--------------------------------------------------------------

Engine-Match Sunday, August 10, 2025 3:29:42 AM
 Blitz 2/1 

Pairing 17/21 :    SlowMate_v1.0_RELEASE  -  V7P3RAI_v1.0

PGN-File: C:\Program Files (x86)\Arena\Tournaments\Engine Battle 20250810.pgn

No:  B/W 1/2     W:B       1:2           Time        Value Moves Dep 1:2       1-2-Draws
   1 W 1    1.0:0.0        1.0:0.0       3:29:52 AM     0.00     8 0:0 1-0-0

--------------------------------------------------------------

Engine-Match Sunday, August 10, 2025 3:29:54 AM
 Blitz 2/1 

Pairing 18/21 :    Random_Opponent  -  Copycat_uci

PGN-File: C:\Program Files (x86)\Arena\Tournaments\Engine Battle 20250810.pgn

No:  B/W 1/2     W:B       1:2           Time        Value Moves Dep 1:2       1-2-Draws
   1 = =    0.5:0.5        0.5:0.5       3:34:45 AM     0.00   143 0:0 0-0-1

--------------------------------------------------------------

Engine-Match Sunday, August 10, 2025 3:34:46 AM
 Blitz 2/1 

Pairing 19/21 :    SlowMate_v0.0.10_Tactical_Intelligence  -  SlowMate_v1.0_RELEASE

PGN-File: C:\Program Files (x86)\Arena\Tournaments\Engine Battle 20250810.pgn

No:  B/W 1/2     W:B       1:2           Time        Value Moves Dep 1:2       1-2-Draws
   1 B 2    1.0:0.0        0.0:1.0       3:34:57 AM   -16.32    13 0:0 0-1-0

--------------------------------------------------------------

Engine-Match Sunday, August 10, 2025 3:34:59 AM
 Blitz 2/1 

Pairing 20/21 :    Copycat_uci  -  SlowMate_v0.2.01_Enhanced_Search

PGN-File: C:\Program Files (x86)\Arena\Tournaments\Engine Battle 20250810.pgn

No:  B/W 1/2     W:B       1:2           Time        Value Moves Dep 1:2       1-2-Draws
   1 B 2    1.0:0.0        0.0:1.0       3:41:43 AM   -14.10   223 0:0 0-1-0

--------------------------------------------------------------

Engine-Match Sunday, August 10, 2025 3:41:49 AM
 Blitz 2/1 

Pairing 21/21 :    V7P3RAI_v1.0  -  Random_Opponent

PGN-File: C:\Program Files (x86)\Arena\Tournaments\Engine Battle 20250810.pgn

No:  B/W 1/2     W:B       1:2           Time        Value Moves Dep 1:2       1-2-Draws
   1 W 1    1.0:0.0        1.0:0.0       3:41:58 AM     0.00    16 0:0 1-0-0

--------------------------------------------------------------

Engine-Match Sunday, August 10, 2025 3:41:59 AM
 Blitz 2/1 

Pairing 1/21 :    Cece_v1.3  -  Copycat_uci

PGN-File: C:\Program Files (x86)\Arena\Tournaments\Engine Battle 20250810.pgn

No:  B/W 1/2     W:B       1:2           Time        Value Moves Dep 1:2       1-2-Draws
   2 B 1    1.5:0.5        1.5:0.5       3:46:41 AM     0.00    46 0:0 1-0-1

--------------------------------------------------------------

Engine-Match Sunday, August 10, 2025 3:46:43 AM
 Blitz 2/1 

Pairing 2/21 :    Random_Opponent  -  SlowMate_v0.0.10_Tactical_Intelligence

PGN-File: C:\Program Files (x86)\Arena\Tournaments\Engine Battle 20250810.pgn

No:  B/W 1/2     W:B       1:2           Time        Value Moves Dep 1:2       1-2-Draws
   2 W 2    1.0:0.0        0.0:2.0       3:46:54 AM   +42.37    24 0:0 0-2-0

--------------------------------------------------------------

Engine-Match Sunday, August 10, 2025 3:46:55 AM
 Blitz 2/1 

Pairing 3/21 :    SlowMate_v0.2.01_Enhanced_Search  -  V7P3RAI_v1.0

PGN-File: C:\Program Files (x86)\Arena\Tournaments\Engine Battle 20250810.pgn

No:  B/W 1/2     W:B       1:2           Time        Value Moves Dep 1:2       1-2-Draws
   2 W 2    1.0:0.0        1.0:1.0       3:47:05 AM     0.00    13 0:0 1-1-0

--------------------------------------------------------------

Engine-Match Sunday, August 10, 2025 3:47:06 AM
 Blitz 2/1 

Pairing 4/21 :    SlowMate_v1.0_RELEASE  -  Random_Opponent

PGN-File: C:\Program Files (x86)\Arena\Tournaments\Engine Battle 20250810.pgn

No:  B/W 1/2     W:B       1:2           Time        Value Moves Dep 1:2       1-2-Draws
   2 B 1    1.0:0.0        2.0:0.0       3:47:27 AM     0.00    25 0:0 2-0-0

--------------------------------------------------------------

Engine-Match Sunday, August 10, 2025 3:47:28 AM
 Blitz 2/1 

Pairing 5/21 :    V7P3RAI_v1.0  -  Cece_v1.3

PGN-File: C:\Program Files (x86)\Arena\Tournaments\Engine Battle 20250810.pgn

No:  B/W 1/2     W:B       1:2           Time        Value Moves Dep 1:2       1-2-Draws
   2 W 2    1.5:0.5        0.5:1.5       3:49:32 AM     0.00    37 0:0 0-1-1

--------------------------------------------------------------

Engine-Match Sunday, August 10, 2025 3:49:33 AM
 Blitz 2/1 

Pairing 6/21 :    SlowMate_v0.0.10_Tactical_Intelligence  -  SlowMate_v0.2.01_Enhanced_Search

PGN-File: C:\Program Files (x86)\Arena\Tournaments\Engine Battle 20250810.pgn

No:  B/W 1/2     W:B       1:2           Time        Value Moves Dep 1:2       1-2-Draws
   2 B 1    1.0:0.0        1.0:1.0       3:49:50 AM   -10.85    38 0:0 1-1-0

--------------------------------------------------------------

Engine-Match Sunday, August 10, 2025 3:49:52 AM
 Blitz 2/1 

Pairing 7/21 :    Copycat_uci  -  V7P3RAI_v1.0

PGN-File: C:\Program Files (x86)\Arena\Tournaments\Engine Battle 20250810.pgn

No:  B/W 1/2     W:B       1:2           Time        Value Moves Dep 1:2       1-2-Draws
   2 W 2    1.5:0.5        0.5:1.5       3:51:11 AM     0.00    26 0:0 0-1-1

--------------------------------------------------------------

Engine-Match Sunday, August 10, 2025 3:51:12 AM
 Blitz 2/1 

Pairing 8/21 :    SlowMate_v0.2.01_Enhanced_Search  -  SlowMate_v1.0_RELEASE

PGN-File: C:\Program Files (x86)\Arena\Tournaments\Engine Battle 20250810.pgn

No:  B/W 1/2     W:B       1:2           Time        Value Moves Dep 1:2       1-2-Draws
   2 W 2    1.0:0.0        0.0:2.0       3:51:37 AM     0.00    31 0:0 0-2-0

--------------------------------------------------------------

Engine-Match Sunday, August 10, 2025 3:51:38 AM
 Blitz 2/1 

Pairing 9/21 :    Cece_v1.3  -  SlowMate_v0.0.10_Tactical_Intelligence

PGN-File: C:\Program Files (x86)\Arena\Tournaments\Engine Battle 20250810.pgn

No:  B/W 1/2     W:B       1:2           Time        Value Moves Dep 1:2       1-2-Draws
   2 W 2    1.0:0.0        0.0:2.0       3:53:18 AM   +13.77    28 0:0 0-2-0

--------------------------------------------------------------

Engine-Match Sunday, August 10, 2025 3:53:20 AM
 Blitz 2/1 

Pairing 10/21 :    Random_Opponent  -  SlowMate_v0.2.01_Enhanced_Search

PGN-File: C:\Program Files (x86)\Arena\Tournaments\Engine Battle 20250810.pgn

No:  B/W 1/2     W:B       1:2           Time        Value Moves Dep 1:2       1-2-Draws
   2 W 2    1.0:0.0        0.0:2.0       3:53:38 AM   +35.04    41 0:0 0-2-0

--------------------------------------------------------------

Engine-Match Sunday, August 10, 2025 3:53:40 AM
 Blitz 2/1 

Pairing 11/21 :    SlowMate_v0.0.10_Tactical_Intelligence  -  Copycat_uci

PGN-File: C:\Program Files (x86)\Arena\Tournaments\Engine Battle 20250810.pgn

No:  B/W 1/2     W:B       1:2           Time        Value Moves Dep 1:2       1-2-Draws
   2 = =    1.0:1.0        1.0:1.0       4:01:13 AM   -20.43   250 0:0 0-0-2

--------------------------------------------------------------

Engine-Match Sunday, August 10, 2025 4:01:14 AM
 Blitz 2/1 

Pairing 12/21 :    SlowMate_v1.0_RELEASE  -  Cece_v1.3

PGN-File: C:\Program Files (x86)\Arena\Tournaments\Engine Battle 20250810.pgn

No:  B/W 1/2     W:B       1:2           Time        Value Moves Dep 1:2       1-2-Draws
   2 B 1    1.0:0.0        2.0:0.0       4:02:31 AM     0.00    17 0:0 2-0-0

--------------------------------------------------------------

Engine-Match Sunday, August 10, 2025 4:02:32 AM
 Blitz 2/1 

Pairing 13/21 :    V7P3RAI_v1.0  -  SlowMate_v0.0.10_Tactical_Intelligence

PGN-File: C:\Program Files (x86)\Arena\Tournaments\Engine Battle 20250810.pgn

No:  B/W 1/2     W:B       1:2           Time        Value Moves Dep 1:2       1-2-Draws
   2 W 2    1.0:0.0        1.0:1.0       4:02:40 AM    +9.90    10 0:0 1-1-0

--------------------------------------------------------------

Engine-Match Sunday, August 10, 2025 4:02:41 AM
 Blitz 2/1 

Pairing 14/21 :    Cece_v1.3  -  Random_Opponent

PGN-File: C:\Program Files (x86)\Arena\Tournaments\Engine Battle 20250810.pgn

No:  B/W 1/2     W:B       1:2           Time        Value Moves Dep 1:2       1-2-Draws
   2 = =    0.5:0.5        1.5:0.5       4:06:42 AM     0.00   111 0:0 1-0-1

--------------------------------------------------------------

Engine-Match Sunday, August 10, 2025 4:06:44 AM
 Blitz 2/1 

Pairing 15/21 :    Copycat_uci  -  SlowMate_v1.0_RELEASE

PGN-File: C:\Program Files (x86)\Arena\Tournaments\Engine Battle 20250810.pgn

No:  B/W 1/2     W:B       1:2           Time        Value Moves Dep 1:2       1-2-Draws
   2 W 2    1.0:0.0        0.0:2.0       4:07:43 AM     0.00    20 0:0 0-2-0

--------------------------------------------------------------

Engine-Match Sunday, August 10, 2025 4:07:44 AM
 Blitz 2/1 

Pairing 16/21 :    SlowMate_v0.2.01_Enhanced_Search  -  Cece_v1.3

PGN-File: C:\Program Files (x86)\Arena\Tournaments\Engine Battle 20250810.pgn

No:  B/W 1/2     W:B       1:2           Time        Value Moves Dep 1:2       1-2-Draws
   2 B 1    1.0:0.0        1.0:1.0       4:11:08 AM   -12.30    81 0:0 1-1-0

--------------------------------------------------------------

Engine-Match Sunday, August 10, 2025 4:11:09 AM
 Blitz 2/1 

Pairing 17/21 :    SlowMate_v1.0_RELEASE  -  V7P3RAI_v1.0

PGN-File: C:\Program Files (x86)\Arena\Tournaments\Engine Battle 20250810.pgn

No:  B/W 1/2     W:B       1:2           Time        Value Moves Dep 1:2       1-2-Draws
   2 B 1    1.0:0.0        2.0:0.0       4:11:37 AM     0.00    32 0:0 2-0-0

--------------------------------------------------------------

Engine-Match Sunday, August 10, 2025 4:11:39 AM
 Blitz 2/1 

Pairing 18/21 :    Random_Opponent  -  Copycat_uci

PGN-File: C:\Program Files (x86)\Arena\Tournaments\Engine Battle 20250810.pgn

No:  B/W 1/2     W:B       1:2           Time        Value Moves Dep 1:2       1-2-Draws
   2 = =    1.0:1.0        1.0:1.0       4:15:50 AM     0.00   110 0:0 0-0-2

--------------------------------------------------------------

Engine-Match Sunday, August 10, 2025 4:15:51 AM
 Blitz 2/1 

Pairing 19/21 :    SlowMate_v0.0.10_Tactical_Intelligence  -  SlowMate_v1.0_RELEASE

PGN-File: C:\Program Files (x86)\Arena\Tournaments\Engine Battle 20250810.pgn

No:  B/W 1/2     W:B       1:2           Time        Value Moves Dep 1:2       1-2-Draws
   2 = =    0.5:0.5        0.5:1.5       4:16:16 AM     0.00    29 0:0 0-1-1

--------------------------------------------------------------

Engine-Match Sunday, August 10, 2025 4:16:22 AM
 Blitz 2/1 

Pairing 20/21 :    Copycat_uci  -  SlowMate_v0.2.01_Enhanced_Search

PGN-File: C:\Program Files (x86)\Arena\Tournaments\Engine Battle 20250810.pgn

No:  B/W 1/2     W:B       1:2           Time        Value Moves Dep 1:2       1-2-Draws
   2 = =    0.5:0.5        0.5:1.5       4:20:22 AM    +2.75   102 0:0 0-1-1

--------------------------------------------------------------

Engine-Match Sunday, August 10, 2025 4:20:23 AM
 Blitz 2/1 

Pairing 21/21 :    V7P3RAI_v1.0  -  Random_Opponent

PGN-File: C:\Program Files (x86)\Arena\Tournaments\Engine Battle 20250810.pgn

No:  B/W 1/2     W:B       1:2           Time        Value Moves Dep 1:2       1-2-Draws
   2 = =    0.5:0.5        1.5:0.5       4:21:48 AM     0.00   231 0:0 1-0-1

--------------------------------------------------------------

Engine-Match Sunday, August 10, 2025 4:21:50 AM
 Blitz 2/1 

Pairing 1/21 :    Cece_v1.3  -  Copycat_uci

PGN-File: C:\Program Files (x86)\Arena\Tournaments\Engine Battle 20250810.pgn

No:  B/W 1/2     W:B       1:2           Time        Value Moves Dep 1:2       1-2-Draws
   3 = =    1.0:1.0        2.0:1.0       4:30:43 AM     0.00   145 0:0 1-0-2

--------------------------------------------------------------

Engine-Match Sunday, August 10, 2025 4:30:44 AM
 Blitz 2/1 

Pairing 2/21 :    Random_Opponent  -  SlowMate_v0.0.10_Tactical_Intelligence

PGN-File: C:\Program Files (x86)\Arena\Tournaments\Engine Battle 20250810.pgn

No:  B/W 1/2     W:B       1:2           Time        Value Moves Dep 1:2       1-2-Draws
   3 B 2    1.0:0.0        0.0:3.0       4:31:01 AM   -39.16    38 0:0 0-3-0

--------------------------------------------------------------

Engine-Match Sunday, August 10, 2025 4:31:03 AM
 Blitz 2/1 

Pairing 3/21 :    SlowMate_v0.2.01_Enhanced_Search  -  V7P3RAI_v1.0

PGN-File: C:\Program Files (x86)\Arena\Tournaments\Engine Battle 20250810.pgn

No:  B/W 1/2     W:B       1:2           Time        Value Moves Dep 1:2       1-2-Draws
   3 W 1    1.0:0.0        2.0:1.0       4:31:11 AM    +9.90    10 0:0 2-1-0

--------------------------------------------------------------

Engine-Match Sunday, August 10, 2025 4:31:13 AM
 Blitz 2/1 

Pairing 4/21 :    SlowMate_v1.0_RELEASE  -  Random_Opponent

PGN-File: C:\Program Files (x86)\Arena\Tournaments\Engine Battle 20250810.pgn

No:  B/W 1/2     W:B       1:2           Time        Value Moves Dep 1:2       1-2-Draws
   3 W 1    1.0:0.0        3.0:0.0       4:31:20 AM     0.00     8 0:0 3-0-0

--------------------------------------------------------------

Engine-Match Sunday, August 10, 2025 4:31:21 AM
 Blitz 2/1 

Pairing 5/21 :    V7P3RAI_v1.0  -  Cece_v1.3

PGN-File: C:\Program Files (x86)\Arena\Tournaments\Engine Battle 20250810.pgn

No:  B/W 1/2     W:B       1:2           Time        Value Moves Dep 1:2       1-2-Draws
   3 W 1    1.5:0.5        1.5:1.5       4:31:49 AM     0.00     6 0:0 1-1-1

--------------------------------------------------------------

Engine-Match Sunday, August 10, 2025 4:31:50 AM
 Blitz 2/1 

Pairing 6/21 :    SlowMate_v0.0.10_Tactical_Intelligence  -  SlowMate_v0.2.01_Enhanced_Search

PGN-File: C:\Program Files (x86)\Arena\Tournaments\Engine Battle 20250810.pgn

No:  B/W 1/2     W:B       1:2           Time        Value Moves Dep 1:2       1-2-Draws
   3 B 2    1.0:0.0        1.0:2.0       4:32:09 AM    -9.70    42 0:0 1-2-0

--------------------------------------------------------------

Engine-Match Sunday, August 10, 2025 4:32:10 AM
 Blitz 2/1 

Pairing 7/21 :    Copycat_uci  -  V7P3RAI_v1.0

PGN-File: C:\Program Files (x86)\Arena\Tournaments\Engine Battle 20250810.pgn

No:  B/W 1/2     W:B       1:2           Time        Value Moves Dep 1:2       1-2-Draws
   3 = =    1.0:1.0        1.0:2.0       4:36:57 AM     0.00   131 0:0 0-1-2

--------------------------------------------------------------

Engine-Match Sunday, August 10, 2025 4:36:58 AM
 Blitz 2/1 

Pairing 8/21 :    SlowMate_v0.2.01_Enhanced_Search  -  SlowMate_v1.0_RELEASE

PGN-File: C:\Program Files (x86)\Arena\Tournaments\Engine Battle 20250810.pgn

No:  B/W 1/2     W:B       1:2           Time        Value Moves Dep 1:2       1-2-Draws
   3 B 2    1.0:0.0        0.0:3.0       4:37:09 AM   -17.00    14 0:0 0-3-0

--------------------------------------------------------------

Engine-Match Sunday, August 10, 2025 4:37:11 AM
 Blitz 2/1 

Pairing 9/21 :    Cece_v1.3  -  SlowMate_v0.0.10_Tactical_Intelligence

PGN-File: C:\Program Files (x86)\Arena\Tournaments\Engine Battle 20250810.pgn

No:  B/W 1/2     W:B       1:2           Time        Value Moves Dep 1:2       1-2-Draws
   3 B 2    1.0:0.0        0.0:3.0       4:40:30 AM    -9.55    78 0:0 0-3-0

--------------------------------------------------------------

Engine-Match Sunday, August 10, 2025 4:40:31 AM
 Blitz 2/1 

Pairing 10/21 :    Random_Opponent  -  SlowMate_v0.2.01_Enhanced_Search

PGN-File: C:\Program Files (x86)\Arena\Tournaments\Engine Battle 20250810.pgn

No:  B/W 1/2     W:B       1:2           Time        Value Moves Dep 1:2       1-2-Draws
   3 B 2    1.0:0.0        0.0:3.0       4:40:44 AM   -31.03    28 0:0 0-3-0

--------------------------------------------------------------

Engine-Match Sunday, August 10, 2025 4:40:46 AM
 Blitz 2/1 

Pairing 11/21 :    SlowMate_v0.0.10_Tactical_Intelligence  -  Copycat_uci

PGN-File: C:\Program Files (x86)\Arena\Tournaments\Engine Battle 20250810.pgn

No:  B/W 1/2     W:B       1:2           Time        Value Moves Dep 1:2       1-2-Draws
   3 B 2    2.0:1.0        1.0:2.0       4:42:57 AM     0.00    36 0:0 0-1-2

--------------------------------------------------------------

Engine-Match Sunday, August 10, 2025 4:42:59 AM
 Blitz 2/1 

Pairing 12/21 :    SlowMate_v1.0_RELEASE  -  Cece_v1.3

PGN-File: C:\Program Files (x86)\Arena\Tournaments\Engine Battle 20250810.pgn

No:  B/W 1/2     W:B       1:2           Time        Value Moves Dep 1:2       1-2-Draws
   3 W 1    1.0:0.0        3.0:0.0       4:44:23 AM     0.00    21 0:0 3-0-0

--------------------------------------------------------------

Engine-Match Sunday, August 10, 2025 4:44:24 AM
 Blitz 2/1 

Pairing 13/21 :    V7P3RAI_v1.0  -  SlowMate_v0.0.10_Tactical_Intelligence

PGN-File: C:\Program Files (x86)\Arena\Tournaments\Engine Battle 20250810.pgn

No:  B/W 1/2     W:B       1:2           Time        Value Moves Dep 1:2       1-2-Draws
   3 W 1    1.0:0.0        2.0:1.0       4:44:36 AM   +23.23    19 0:0 2-1-0

--------------------------------------------------------------

Engine-Match Sunday, August 10, 2025 4:44:38 AM
 Blitz 2/1 

Pairing 14/21 :    Cece_v1.3  -  Random_Opponent

PGN-File: C:\Program Files (x86)\Arena\Tournaments\Engine Battle 20250810.pgn

No:  B/W 1/2     W:B       1:2           Time        Value Moves Dep 1:2       1-2-Draws
   3 = =    1.0:1.0        2.0:1.0       4:47:43 AM     0.00    72 0:0 1-0-2

--------------------------------------------------------------

Engine-Match Sunday, August 10, 2025 4:47:44 AM
 Blitz 2/1 

Pairing 15/21 :    Copycat_uci  -  SlowMate_v1.0_RELEASE

PGN-File: C:\Program Files (x86)\Arena\Tournaments\Engine Battle 20250810.pgn

No:  B/W 1/2     W:B       1:2           Time        Value Moves Dep 1:2       1-2-Draws
   3 B 2    1.0:0.0        0.0:3.0       4:48:21 AM     0.00    17 0:0 0-3-0

--------------------------------------------------------------

Engine-Match Sunday, August 10, 2025 4:48:22 AM
 Blitz 2/1 

Pairing 16/21 :    SlowMate_v0.2.01_Enhanced_Search  -  Cece_v1.3

PGN-File: C:\Program Files (x86)\Arena\Tournaments\Engine Battle 20250810.pgn

No:  B/W 1/2     W:B       1:2           Time        Value Moves Dep 1:2       1-2-Draws
   3 W 1    1.0:0.0        2.0:1.0       4:49:50 AM   +24.19    23 0:0 2-1-0

--------------------------------------------------------------

Engine-Match Sunday, August 10, 2025 4:49:51 AM
 Blitz 2/1 

Pairing 17/21 :    SlowMate_v1.0_RELEASE  -  V7P3RAI_v1.0

PGN-File: C:\Program Files (x86)\Arena\Tournaments\Engine Battle 20250810.pgn

No:  B/W 1/2     W:B       1:2           Time        Value Moves Dep 1:2       1-2-Draws
   3 W 1    1.0:0.0        3.0:0.0       4:50:01 AM     0.00     8 0:0 3-0-0

--------------------------------------------------------------

Engine-Match Sunday, August 10, 2025 4:50:03 AM
 Blitz 2/1 

Pairing 18/21 :    Random_Opponent  -  Copycat_uci

PGN-File: C:\Program Files (x86)\Arena\Tournaments\Engine Battle 20250810.pgn

No:  B/W 1/2     W:B       1:2           Time        Value Moves Dep 1:2       1-2-Draws
   3 B 2    2.0:1.0        1.0:2.0       4:50:53 AM     0.00    21 0:0 0-1-2

--------------------------------------------------------------

Engine-Match Sunday, August 10, 2025 4:50:59 AM
 Blitz 2/1 

Pairing 19/21 :    SlowMate_v0.0.10_Tactical_Intelligence  -  SlowMate_v1.0_RELEASE

PGN-File: C:\Program Files (x86)\Arena\Tournaments\Engine Battle 20250810.pgn

No:  B/W 1/2     W:B       1:2           Time        Value Moves Dep 1:2       1-2-Draws
   3 B 2    1.5:0.5        0.5:2.5       4:51:10 AM   -16.32    13 0:0 0-2-1

--------------------------------------------------------------

Engine-Match Sunday, August 10, 2025 4:51:11 AM
 Blitz 2/1 

Pairing 20/21 :    Copycat_uci  -  SlowMate_v0.2.01_Enhanced_Search

PGN-File: C:\Program Files (x86)\Arena\Tournaments\Engine Battle 20250810.pgn

No:  B/W 1/2     W:B       1:2           Time        Value Moves Dep 1:2       1-2-Draws
   3 B 2    1.5:0.5        0.5:2.5       4:56:53 AM   -19.50   175 0:0 0-2-1

--------------------------------------------------------------

Engine-Match Sunday, August 10, 2025 4:56:55 AM
 Blitz 2/1 

Pairing 21/21 :    V7P3RAI_v1.0  -  Random_Opponent

PGN-File: C:\Program Files (x86)\Arena\Tournaments\Engine Battle 20250810.pgn

No:  B/W 1/2     W:B       1:2           Time        Value Moves Dep 1:2       1-2-Draws
   3 W 1    1.5:0.5        2.5:0.5       4:57:01 AM     0.00     7 0:0 2-0-1

--------------------------------------------------------------

Engine-Match Sunday, August 10, 2025 4:57:02 AM
 Blitz 2/1 

Pairing 1/21 :    Cece_v1.3  -  Copycat_uci

PGN-File: C:\Program Files (x86)\Arena\Tournaments\Engine Battle 20250810.pgn

No:  B/W 1/2     W:B       1:2           Time        Value Moves Dep 1:2       1-2-Draws
   4 B 1    2.0:1.0        3.0:1.0       5:00:11 AM     0.00    32 0:0 2-0-2

--------------------------------------------------------------

Engine-Match Sunday, August 10, 2025 5:00:13 AM
 Blitz 2/1 

Pairing 2/21 :    Random_Opponent  -  SlowMate_v0.0.10_Tactical_Intelligence

PGN-File: C:\Program Files (x86)\Arena\Tournaments\Engine Battle 20250810.pgn

No:  B/W 1/2     W:B       1:2           Time        Value Moves Dep 1:2       1-2-Draws
   4 W 2    1.0:0.0        0.0:4.0       5:00:27 AM   +24.88    31 0:0 0-4-0

--------------------------------------------------------------

Engine-Match Sunday, August 10, 2025 5:00:28 AM
 Blitz 2/1 

Pairing 3/21 :    SlowMate_v0.2.01_Enhanced_Search  -  V7P3RAI_v1.0

PGN-File: C:\Program Files (x86)\Arena\Tournaments\Engine Battle 20250810.pgn

No:  B/W 1/2     W:B       1:2           Time        Value Moves Dep 1:2       1-2-Draws
   4 W 2    1.0:0.0        2.0:2.0       5:00:38 AM     0.00    13 0:0 2-2-0

--------------------------------------------------------------

Engine-Match Sunday, August 10, 2025 5:00:39 AM
 Blitz 2/1 

Pairing 4/21 :    SlowMate_v1.0_RELEASE  -  Random_Opponent

PGN-File: C:\Program Files (x86)\Arena\Tournaments\Engine Battle 20250810.pgn

No:  B/W 1/2     W:B       1:2           Time        Value Moves Dep 1:2       1-2-Draws
   4 B 1    1.0:0.0        4.0:0.0       5:00:56 AM     0.00    20 0:0 4-0-0

--------------------------------------------------------------

Engine-Match Sunday, August 10, 2025 5:00:57 AM
 Blitz 2/1 

Pairing 5/21 :    V7P3RAI_v1.0  -  Cece_v1.3

PGN-File: C:\Program Files (x86)\Arena\Tournaments\Engine Battle 20250810.pgn

No:  B/W 1/2     W:B       1:2           Time        Value Moves Dep 1:2       1-2-Draws
   4 W 2    1.5:0.5        1.5:2.5       5:02:22 AM     0.00    22 0:0 1-2-1

--------------------------------------------------------------

Engine-Match Sunday, August 10, 2025 5:02:23 AM
 Blitz 2/1 

Pairing 6/21 :    SlowMate_v0.0.10_Tactical_Intelligence  -  SlowMate_v0.2.01_Enhanced_Search

PGN-File: C:\Program Files (x86)\Arena\Tournaments\Engine Battle 20250810.pgn

No:  B/W 1/2     W:B       1:2           Time        Value Moves Dep 1:2       1-2-Draws
   4 B 1    1.0:0.0        2.0:2.0       5:02:56 AM   -10.50    79 0:0 2-2-0

--------------------------------------------------------------

Engine-Match Sunday, August 10, 2025 5:02:57 AM
 Blitz 2/1 

Pairing 7/21 :    Copycat_uci  -  V7P3RAI_v1.0

PGN-File: C:\Program Files (x86)\Arena\Tournaments\Engine Battle 20250810.pgn

No:  B/W 1/2     W:B       1:2           Time        Value Moves Dep 1:2       1-2-Draws
   4 W 2    2.0:1.0        1.0:3.0       5:03:54 AM     0.00    23 0:0 0-2-2

--------------------------------------------------------------

Engine-Match Sunday, August 10, 2025 5:03:56 AM
 Blitz 2/1 

Pairing 8/21 :    SlowMate_v0.2.01_Enhanced_Search  -  SlowMate_v1.0_RELEASE

PGN-File: C:\Program Files (x86)\Arena\Tournaments\Engine Battle 20250810.pgn

No:  B/W 1/2     W:B       1:2           Time        Value Moves Dep 1:2       1-2-Draws
   4 W 2    1.0:0.0        0.0:4.0       5:04:20 AM     0.00    31 0:0 0-4-0

--------------------------------------------------------------

Engine-Match Sunday, August 10, 2025 5:04:21 AM
 Blitz 2/1 

Pairing 9/21 :    Cece_v1.3  -  SlowMate_v0.0.10_Tactical_Intelligence

PGN-File: C:\Program Files (x86)\Arena\Tournaments\Engine Battle 20250810.pgn

No:  B/W 1/2     W:B       1:2           Time        Value Moves Dep 1:2       1-2-Draws
   4 W 2    1.0:0.0        0.0:4.0       5:06:16 AM    +9.00    34 0:0 0-4-0

--------------------------------------------------------------

Engine-Match Sunday, August 10, 2025 5:06:18 AM
 Blitz 2/1 

Pairing 10/21 :    Random_Opponent  -  SlowMate_v0.2.01_Enhanced_Search

PGN-File: C:\Program Files (x86)\Arena\Tournaments\Engine Battle 20250810.pgn

No:  B/W 1/2     W:B       1:2           Time        Value Moves Dep 1:2       1-2-Draws
   4 W 2    1.0:0.0        0.0:4.0       5:06:32 AM   +30.06    30 0:0 0-4-0

--------------------------------------------------------------

Engine-Match Sunday, August 10, 2025 5:06:33 AM
 Blitz 2/1 

Pairing 11/21 :    SlowMate_v0.0.10_Tactical_Intelligence  -  Copycat_uci

PGN-File: C:\Program Files (x86)\Arena\Tournaments\Engine Battle 20250810.pgn

No:  B/W 1/2     W:B       1:2           Time        Value Moves Dep 1:2       1-2-Draws
   4 B 1    2.0:1.0        2.0:2.0       5:06:54 AM   -14.33    12 0:0 1-1-2

--------------------------------------------------------------

Engine-Match Sunday, August 10, 2025 5:06:55 AM
 Blitz 2/1 

Pairing 12/21 :    SlowMate_v1.0_RELEASE  -  Cece_v1.3

PGN-File: C:\Program Files (x86)\Arena\Tournaments\Engine Battle 20250810.pgn

No:  B/W 1/2     W:B       1:2           Time        Value Moves Dep 1:2       1-2-Draws
   4 = =    0.5:0.5        3.5:0.5       5:07:56 AM     0.00    13 0:0 3-0-1

--------------------------------------------------------------

Engine-Match Sunday, August 10, 2025 5:07:57 AM
 Blitz 2/1 

Pairing 13/21 :    V7P3RAI_v1.0  -  SlowMate_v0.0.10_Tactical_Intelligence

PGN-File: C:\Program Files (x86)\Arena\Tournaments\Engine Battle 20250810.pgn

No:  B/W 1/2     W:B       1:2           Time        Value Moves Dep 1:2       1-2-Draws
   4 W 2    1.0:0.0        2.0:2.0       5:08:04 AM    +8.77     6 0:0 2-2-0

--------------------------------------------------------------

Engine-Match Sunday, August 10, 2025 5:08:05 AM
 Blitz 2/1 

Pairing 14/21 :    Cece_v1.3  -  Random_Opponent

PGN-File: C:\Program Files (x86)\Arena\Tournaments\Engine Battle 20250810.pgn

No:  B/W 1/2     W:B       1:2           Time        Value Moves Dep 1:2       1-2-Draws
   4 B 1    2.0:1.0        3.0:1.0       5:09:20 AM     0.00    19 0:0 2-0-2

--------------------------------------------------------------

Engine-Match Sunday, August 10, 2025 5:09:21 AM
 Blitz 2/1 

Pairing 15/21 :    Copycat_uci  -  SlowMate_v1.0_RELEASE

PGN-File: C:\Program Files (x86)\Arena\Tournaments\Engine Battle 20250810.pgn

No:  B/W 1/2     W:B       1:2           Time        Value Moves Dep 1:2       1-2-Draws
   4 W 2    1.0:0.0        0.0:4.0       5:09:40 AM     0.00     9 0:0 0-4-0

--------------------------------------------------------------

Engine-Match Sunday, August 10, 2025 5:09:41 AM
 Blitz 2/1 

Pairing 16/21 :    SlowMate_v0.2.01_Enhanced_Search  -  Cece_v1.3

PGN-File: C:\Program Files (x86)\Arena\Tournaments\Engine Battle 20250810.pgn

No:  B/W 1/2     W:B       1:2           Time        Value Moves Dep 1:2       1-2-Draws
   4 B 1    1.0:0.0        3.0:1.0       5:10:22 AM    -3.76     9 0:0 3-1-0

--------------------------------------------------------------

Engine-Match Sunday, August 10, 2025 5:10:24 AM
 Blitz 2/1 

Pairing 17/21 :    SlowMate_v1.0_RELEASE  -  V7P3RAI_v1.0

PGN-File: C:\Program Files (x86)\Arena\Tournaments\Engine Battle 20250810.pgn

No:  B/W 1/2     W:B       1:2           Time        Value Moves Dep 1:2       1-2-Draws
   4 B 1    1.0:0.0        4.0:0.0       5:10:53 AM     0.00    32 0:0 4-0-0

--------------------------------------------------------------

Engine-Match Sunday, August 10, 2025 5:10:59 AM
 Blitz 2/1 

Pairing 18/21 :    Random_Opponent  -  Copycat_uci

PGN-File: C:\Program Files (x86)\Arena\Tournaments\Engine Battle 20250810.pgn

No:  B/W 1/2     W:B       1:2           Time        Value Moves Dep 1:2       1-2-Draws
   4 W 2    2.0:1.0        1.0:3.0       5:11:09 AM     0.00     6 0:0 0-2-2

--------------------------------------------------------------

Engine-Match Sunday, August 10, 2025 5:11:11 AM
 Blitz 2/1 

Pairing 19/21 :    SlowMate_v0.0.10_Tactical_Intelligence  -  SlowMate_v1.0_RELEASE

PGN-File: C:\Program Files (x86)\Arena\Tournaments\Engine Battle 20250810.pgn

No:  B/W 1/2     W:B       1:2           Time        Value Moves Dep 1:2       1-2-Draws
   4 = =    1.0:1.0        1.0:3.0       5:11:35 AM     0.00    29 0:0 0-2-2

--------------------------------------------------------------

Engine-Match Sunday, August 10, 2025 5:11:37 AM
 Blitz 2/1 

Pairing 20/21 :    Copycat_uci  -  SlowMate_v0.2.01_Enhanced_Search

PGN-File: C:\Program Files (x86)\Arena\Tournaments\Engine Battle 20250810.pgn

No:  B/W 1/2     W:B       1:2           Time        Value Moves Dep 1:2       1-2-Draws
   4 W 2    1.5:0.5        0.5:3.5       5:14:46 AM   +27.20    66 0:0 0-3-1

--------------------------------------------------------------

Engine-Match Sunday, August 10, 2025 5:14:48 AM
 Blitz 2/1 

Pairing 21/21 :    V7P3RAI_v1.0  -  Random_Opponent

PGN-File: C:\Program Files (x86)\Arena\Tournaments\Engine Battle 20250810.pgn

No:  B/W 1/2     W:B       1:2           Time        Value Moves Dep 1:2       1-2-Draws
   4 W 2    1.5:0.5        2.5:1.5       5:15:17 AM     0.00    70 0:0 2-1-1

--------------------------------------------------------------

Engine-Match Sunday, August 10, 2025 5:15:18 AM
 Blitz 2/1 

Pairing 1/21 :    Cece_v1.3  -  Copycat_uci

PGN-File: C:\Program Files (x86)\Arena\Tournaments\Engine Battle 20250810.pgn

No:  B/W 1/2     W:B       1:2           Time        Value Moves Dep 1:2       1-2-Draws
   5 W 1    2.0:1.0        4.0:1.0       5:18:45 AM     0.00    36 0:0 3-0-2

--------------------------------------------------------------

Engine-Match Sunday, August 10, 2025 5:18:46 AM
 Blitz 2/1 

Pairing 2/21 :    Random_Opponent  -  SlowMate_v0.0.10_Tactical_Intelligence

PGN-File: C:\Program Files (x86)\Arena\Tournaments\Engine Battle 20250810.pgn

No:  B/W 1/2     W:B       1:2           Time        Value Moves Dep 1:2       1-2-Draws
   5 B 2    1.0:0.0        0.0:5.0       5:19:05 AM   -38.23    42 0:0 0-5-0

--------------------------------------------------------------

Engine-Match Sunday, August 10, 2025 5:19:06 AM
 Blitz 2/1 

Pairing 3/21 :    SlowMate_v0.2.01_Enhanced_Search  -  V7P3RAI_v1.0

PGN-File: C:\Program Files (x86)\Arena\Tournaments\Engine Battle 20250810.pgn

No:  B/W 1/2     W:B       1:2           Time        Value Moves Dep 1:2       1-2-Draws
   5 W 1    1.0:0.0        3.0:2.0       5:19:14 AM    +9.90    10 0:0 3-2-0

--------------------------------------------------------------

Engine-Match Sunday, August 10, 2025 5:19:16 AM
 Blitz 2/1 

Pairing 4/21 :    SlowMate_v1.0_RELEASE  -  Random_Opponent

PGN-File: C:\Program Files (x86)\Arena\Tournaments\Engine Battle 20250810.pgn

No:  B/W 1/2     W:B       1:2           Time        Value Moves Dep 1:2       1-2-Draws
   5 W 1    1.0:0.0        5.0:0.0       5:19:34 AM     0.00    20 0:0 5-0-0

--------------------------------------------------------------

Engine-Match Sunday, August 10, 2025 5:19:35 AM
 Blitz 2/1 

Pairing 5/21 :    V7P3RAI_v1.0  -  Cece_v1.3

PGN-File: C:\Program Files (x86)\Arena\Tournaments\Engine Battle 20250810.pgn

No:  B/W 1/2     W:B       1:2           Time        Value Moves Dep 1:2       1-2-Draws
   5 W 1    1.5:0.5        2.5:2.5       5:20:03 AM     0.00     6 0:0 2-2-1

--------------------------------------------------------------

Engine-Match Sunday, August 10, 2025 5:20:04 AM
 Blitz 2/1 

Pairing 6/21 :    SlowMate_v0.0.10_Tactical_Intelligence  -  SlowMate_v0.2.01_Enhanced_Search

PGN-File: C:\Program Files (x86)\Arena\Tournaments\Engine Battle 20250810.pgn

No:  B/W 1/2     W:B       1:2           Time        Value Moves Dep 1:2       1-2-Draws
   5 W 1    1.0:0.0        3.0:2.0       5:20:21 AM   +16.05    37 0:0 3-2-0

--------------------------------------------------------------

Engine-Match Sunday, August 10, 2025 5:20:23 AM
 Blitz 2/1 

Pairing 7/21 :    Copycat_uci  -  V7P3RAI_v1.0

PGN-File: C:\Program Files (x86)\Arena\Tournaments\Engine Battle 20250810.pgn

No:  B/W 1/2     W:B       1:2           Time        Value Moves Dep 1:2       1-2-Draws
   5 W 1    2.0:1.0        2.0:3.0       5:21:39 AM     0.00    27 0:0 1-2-2

--------------------------------------------------------------

Engine-Match Sunday, August 10, 2025 5:21:41 AM
 Blitz 2/1 

Pairing 8/21 :    SlowMate_v0.2.01_Enhanced_Search  -  SlowMate_v1.0_RELEASE

PGN-File: C:\Program Files (x86)\Arena\Tournaments\Engine Battle 20250810.pgn

No:  B/W 1/2     W:B       1:2           Time        Value Moves Dep 1:2       1-2-Draws
   5 B 2    1.0:0.0        0.0:5.0       5:21:52 AM   -17.00    14 0:0 0-5-0

--------------------------------------------------------------

Engine-Match Sunday, August 10, 2025 5:21:53 AM
 Blitz 2/1 

Pairing 9/21 :    Cece_v1.3  -  SlowMate_v0.0.10_Tactical_Intelligence

PGN-File: C:\Program Files (x86)\Arena\Tournaments\Engine Battle 20250810.pgn

No:  B/W 1/2     W:B       1:2           Time        Value Moves Dep 1:2       1-2-Draws
   5 W 1    1.0:0.0        1.0:4.0       5:22:52 AM     0.00    14 0:0 1-4-0

--------------------------------------------------------------

Engine-Match Sunday, August 10, 2025 5:22:54 AM
 Blitz 2/1 

Pairing 10/21 :    Random_Opponent  -  SlowMate_v0.2.01_Enhanced_Search

PGN-File: C:\Program Files (x86)\Arena\Tournaments\Engine Battle 20250810.pgn

No:  B/W 1/2     W:B       1:2           Time        Value Moves Dep 1:2       1-2-Draws
   5 B 2    1.0:0.0        0.0:5.0       5:23:15 AM   -48.38    51 0:0 0-5-0

--------------------------------------------------------------

Engine-Match Sunday, August 10, 2025 5:23:17 AM
 Blitz 2/1 

Pairing 11/21 :    SlowMate_v0.0.10_Tactical_Intelligence  -  Copycat_uci

PGN-File: C:\Program Files (x86)\Arena\Tournaments\Engine Battle 20250810.pgn

No:  B/W 1/2     W:B       1:2           Time        Value Moves Dep 1:2       1-2-Draws
   5 = =    1.5:1.5        2.5:2.5       5:27:03 AM    +3.00    92 0:0 1-1-3

--------------------------------------------------------------

Engine-Match Sunday, August 10, 2025 5:27:04 AM
 Blitz 2/1 

Pairing 12/21 :    SlowMate_v1.0_RELEASE  -  Cece_v1.3

PGN-File: C:\Program Files (x86)\Arena\Tournaments\Engine Battle 20250810.pgn

No:  B/W 1/2     W:B       1:2           Time        Value Moves Dep 1:2       1-2-Draws
   5 W 1    1.5:0.5        4.5:0.5       5:28:46 AM     0.00    27 0:0 4-0-1

--------------------------------------------------------------

Engine-Match Sunday, August 10, 2025 5:28:47 AM
 Blitz 2/1 

Pairing 13/21 :    V7P3RAI_v1.0  -  SlowMate_v0.0.10_Tactical_Intelligence

PGN-File: C:\Program Files (x86)\Arena\Tournaments\Engine Battle 20250810.pgn

No:  B/W 1/2     W:B       1:2           Time        Value Moves Dep 1:2       1-2-Draws
   5 W 1    1.0:0.0        3.0:2.0       5:28:59 AM   +23.23    19 0:0 3-2-0

--------------------------------------------------------------

Engine-Match Sunday, August 10, 2025 5:29:00 AM
 Blitz 2/1 

Pairing 14/21 :    Cece_v1.3  -  Random_Opponent

PGN-File: C:\Program Files (x86)\Arena\Tournaments\Engine Battle 20250810.pgn

No:  B/W 1/2     W:B       1:2           Time        Value Moves Dep 1:2       1-2-Draws
   5 W 1    2.0:1.0        4.0:1.0       5:30:54 AM     0.00    34 0:0 3-0-2

--------------------------------------------------------------

Engine-Match Sunday, August 10, 2025 5:30:56 AM
 Blitz 2/1 

Pairing 15/21 :    Copycat_uci  -  SlowMate_v1.0_RELEASE

PGN-File: C:\Program Files (x86)\Arena\Tournaments\Engine Battle 20250810.pgn

No:  B/W 1/2     W:B       1:2           Time        Value Moves Dep 1:2       1-2-Draws
   5 B 2    1.0:0.0        0.0:5.0       5:31:15 AM     0.00    10 0:0 0-5-0

--------------------------------------------------------------

Engine-Match Sunday, August 10, 2025 5:31:17 AM
 Blitz 2/1 

Pairing 16/21 :    SlowMate_v0.2.01_Enhanced_Search  -  Cece_v1.3

PGN-File: C:\Program Files (x86)\Arena\Tournaments\Engine Battle 20250810.pgn

No:  B/W 1/2     W:B       1:2           Time        Value Moves Dep 1:2       1-2-Draws
   5 W 1    1.0:0.0        4.0:1.0       5:33:13 AM   +20.20    35 0:0 4-1-0

--------------------------------------------------------------

Engine-Match Sunday, August 10, 2025 5:33:19 AM
 Blitz 2/1 

Pairing 17/21 :    SlowMate_v1.0_RELEASE  -  V7P3RAI_v1.0

PGN-File: C:\Program Files (x86)\Arena\Tournaments\Engine Battle 20250810.pgn

No:  B/W 1/2     W:B       1:2           Time        Value Moves Dep 1:2       1-2-Draws
   5 W 1    1.0:0.0        5.0:0.0       5:33:28 AM     0.00     8 0:0 5-0-0

--------------------------------------------------------------

Engine-Match Sunday, August 10, 2025 5:33:29 AM
 Blitz 2/1 

Pairing 18/21 :    Random_Opponent  -  Copycat_uci

PGN-File: C:\Program Files (x86)\Arena\Tournaments\Engine Battle 20250810.pgn

No:  B/W 1/2     W:B       1:2           Time        Value Moves Dep 1:2       1-2-Draws
   5 = =    1.5:1.5        1.5:3.5       5:37:34 AM     0.00   106 0:0 0-2-3

--------------------------------------------------------------

Engine-Match Sunday, August 10, 2025 5:37:35 AM
 Blitz 2/1 

Pairing 19/21 :    SlowMate_v0.0.10_Tactical_Intelligence  -  SlowMate_v1.0_RELEASE

PGN-File: C:\Program Files (x86)\Arena\Tournaments\Engine Battle 20250810.pgn

No:  B/W 1/2     W:B       1:2           Time        Value Moves Dep 1:2       1-2-Draws
   5 B 2    2.0:1.0        1.0:4.0       5:37:47 AM   -16.32    13 0:0 0-3-2

--------------------------------------------------------------

Engine-Match Sunday, August 10, 2025 5:37:48 AM
 Blitz 2/1 

Pairing 20/21 :    Copycat_uci  -  SlowMate_v0.2.01_Enhanced_Search

PGN-File: C:\Program Files (x86)\Arena\Tournaments\Engine Battle 20250810.pgn

No:  B/W 1/2     W:B       1:2           Time        Value Moves Dep 1:2       1-2-Draws
   5 B 2    1.5:0.5        0.5:4.5       5:39:04 AM   -30.40    27 0:0 0-4-1

--------------------------------------------------------------

Engine-Match Sunday, August 10, 2025 5:39:06 AM
 Blitz 2/1 

Pairing 21/21 :    V7P3RAI_v1.0  -  Random_Opponent

PGN-File: C:\Program Files (x86)\Arena\Tournaments\Engine Battle 20250810.pgn

No:  B/W 1/2     W:B       1:2           Time        Value Moves Dep 1:2       1-2-Draws
   5 = =    1.0:1.0        3.0:2.0       5:39:24 AM     0.00    42 0:0 2-1-2

--------------------------------------------------------------

Engine-Match Sunday, August 10, 2025 5:39:26 AM
 Blitz 2/1 

Pairing 1/21 :    Cece_v1.3  -  Copycat_uci

PGN-File: C:\Program Files (x86)\Arena\Tournaments\Engine Battle 20250810.pgn

No:  B/W 1/2     W:B       1:2           Time        Value Moves Dep 1:2       1-2-Draws
   6 B 1    2.0:1.0        5.0:1.0       5:42:50 AM     0.00    35 0:0 4-0-2

--------------------------------------------------------------

Engine-Match Sunday, August 10, 2025 5:42:52 AM
 Blitz 2/1 

Pairing 2/21 :    Random_Opponent  -  SlowMate_v0.0.10_Tactical_Intelligence

PGN-File: C:\Program Files (x86)\Arena\Tournaments\Engine Battle 20250810.pgn

No:  B/W 1/2     W:B       1:2           Time        Value Moves Dep 1:2       1-2-Draws
   6 W 2    1.0:0.0        0.0:6.0       5:43:14 AM   +45.52    54 0:0 0-6-0

--------------------------------------------------------------

Engine-Match Sunday, August 10, 2025 5:43:16 AM
 Blitz 2/1 

Pairing 3/21 :    SlowMate_v0.2.01_Enhanced_Search  -  V7P3RAI_v1.0

PGN-File: C:\Program Files (x86)\Arena\Tournaments\Engine Battle 20250810.pgn

No:  B/W 1/2     W:B       1:2           Time        Value Moves Dep 1:2       1-2-Draws
   6 W 2    1.0:0.0        3.0:3.0       5:43:28 AM   +23.23    19 0:0 3-3-0

--------------------------------------------------------------

Engine-Match Sunday, August 10, 2025 5:43:29 AM
 Blitz 2/1 

Pairing 4/21 :    SlowMate_v1.0_RELEASE  -  Random_Opponent

PGN-File: C:\Program Files (x86)\Arena\Tournaments\Engine Battle 20250810.pgn

No:  B/W 1/2     W:B       1:2           Time        Value Moves Dep 1:2       1-2-Draws
   6 B 1    1.0:0.0        6.0:0.0       5:43:52 AM     0.00    26 0:0 6-0-0

--------------------------------------------------------------

Engine-Match Sunday, August 10, 2025 5:43:53 AM
 Blitz 2/1 

Pairing 5/21 :    V7P3RAI_v1.0  -  Cece_v1.3

PGN-File: C:\Program Files (x86)\Arena\Tournaments\Engine Battle 20250810.pgn

No:  B/W 1/2     W:B       1:2           Time        Value Moves Dep 1:2       1-2-Draws
   6 W 2    1.5:0.5        2.5:3.5       5:45:42 AM     0.00    31 0:0 2-3-1

--------------------------------------------------------------

Engine-Match Sunday, August 10, 2025 5:45:44 AM
 Blitz 2/1 

Pairing 6/21 :    SlowMate_v0.0.10_Tactical_Intelligence  -  SlowMate_v0.2.01_Enhanced_Search

PGN-File: C:\Program Files (x86)\Arena\Tournaments\Engine Battle 20250810.pgn

No:  B/W 1/2     W:B       1:2           Time        Value Moves Dep 1:2       1-2-Draws
   6 B 1    1.0:0.0        4.0:2.0       5:46:37 AM    -9.15   134 0:0 4-2-0

--------------------------------------------------------------

Engine-Match Sunday, August 10, 2025 5:46:38 AM
 Blitz 2/1 

Pairing 7/21 :    Copycat_uci  -  V7P3RAI_v1.0

PGN-File: C:\Program Files (x86)\Arena\Tournaments\Engine Battle 20250810.pgn

No:  B/W 1/2     W:B       1:2           Time        Value Moves Dep 1:2       1-2-Draws
   6 W 2    2.0:1.0        2.0:4.0       5:47:13 AM     0.00    18 0:0 1-3-2

--------------------------------------------------------------

Engine-Match Sunday, August 10, 2025 5:47:14 AM
 Blitz 2/1 

Pairing 8/21 :    SlowMate_v0.2.01_Enhanced_Search  -  SlowMate_v1.0_RELEASE

PGN-File: C:\Program Files (x86)\Arena\Tournaments\Engine Battle 20250810.pgn

No:  B/W 1/2     W:B       1:2           Time        Value Moves Dep 1:2       1-2-Draws
   6 W 2    1.0:0.0        0.0:6.0       5:47:38 AM     0.00    31 0:0 0-6-0

--------------------------------------------------------------

Engine-Match Sunday, August 10, 2025 5:47:40 AM
 Blitz 2/1 

Pairing 9/21 :    Cece_v1.3  -  SlowMate_v0.0.10_Tactical_Intelligence

PGN-File: C:\Program Files (x86)\Arena\Tournaments\Engine Battle 20250810.pgn

No:  B/W 1/2     W:B       1:2           Time        Value Moves Dep 1:2       1-2-Draws
   6 B 1    1.0:0.0        2.0:4.0       5:48:36 AM   -14.67    14 0:0 2-4-0

--------------------------------------------------------------

Engine-Match Sunday, August 10, 2025 5:48:37 AM
 Blitz 2/1 

Pairing 10/21 :    Random_Opponent  -  SlowMate_v0.2.01_Enhanced_Search

PGN-File: C:\Program Files (x86)\Arena\Tournaments\Engine Battle 20250810.pgn

No:  B/W 1/2     W:B       1:2           Time        Value Moves Dep 1:2       1-2-Draws
   6 W 2    1.0:0.0        0.0:6.0       5:48:57 AM   +49.10    46 0:0 0-6-0

--------------------------------------------------------------

Engine-Match Sunday, August 10, 2025 5:48:58 AM
 Blitz 2/1 

Pairing 11/21 :    SlowMate_v0.0.10_Tactical_Intelligence  -  Copycat_uci

PGN-File: C:\Program Files (x86)\Arena\Tournaments\Engine Battle 20250810.pgn

No:  B/W 1/2     W:B       1:2           Time        Value Moves Dep 1:2       1-2-Draws
   6 B 1    2.5:1.5        3.5:2.5       5:51:09 AM   -22.08    33 0:0 2-1-3

--------------------------------------------------------------

Engine-Match Sunday, August 10, 2025 5:51:10 AM
 Blitz 2/1 

Pairing 12/21 :    SlowMate_v1.0_RELEASE  -  Cece_v1.3

PGN-File: C:\Program Files (x86)\Arena\Tournaments\Engine Battle 20250810.pgn

No:  B/W 1/2     W:B       1:2           Time        Value Moves Dep 1:2       1-2-Draws
   6 B 1    1.5:0.5        5.5:0.5       5:53:14 AM     0.00    32 0:0 5-0-1

--------------------------------------------------------------

Engine-Match Sunday, August 10, 2025 5:53:15 AM
 Blitz 2/1 

Pairing 13/21 :    V7P3RAI_v1.0  -  SlowMate_v0.0.10_Tactical_Intelligence

PGN-File: C:\Program Files (x86)\Arena\Tournaments\Engine Battle 20250810.pgn

No:  B/W 1/2     W:B       1:2           Time        Value Moves Dep 1:2       1-2-Draws
   6 W 2    1.0:0.0        3.0:3.0       5:53:22 AM    +8.77     6 0:0 3-3-0

--------------------------------------------------------------

Engine-Match Sunday, August 10, 2025 5:53:23 AM
 Blitz 2/1 

Pairing 14/21 :    Cece_v1.3  -  Random_Opponent

PGN-File: C:\Program Files (x86)\Arena\Tournaments\Engine Battle 20250810.pgn

No:  B/W 1/2     W:B       1:2           Time        Value Moves Dep 1:2       1-2-Draws
   6 B 1    2.0:1.0        5.0:1.0       5:54:15 AM     0.00    12 0:0 4-0-2

--------------------------------------------------------------

Engine-Match Sunday, August 10, 2025 5:54:16 AM
 Blitz 2/1 

Pairing 15/21 :    Copycat_uci  -  SlowMate_v1.0_RELEASE

PGN-File: C:\Program Files (x86)\Arena\Tournaments\Engine Battle 20250810.pgn

No:  B/W 1/2     W:B       1:2           Time        Value Moves Dep 1:2       1-2-Draws
   6 W 2    1.0:0.0        0.0:6.0       5:54:46 AM     0.00    16 0:0 0-6-0

--------------------------------------------------------------

Engine-Match Sunday, August 10, 2025 5:54:52 AM
 Blitz 2/1 

Pairing 16/21 :    SlowMate_v0.2.01_Enhanced_Search  -  Cece_v1.3

PGN-File: C:\Program Files (x86)\Arena\Tournaments\Engine Battle 20250810.pgn

No:  B/W 1/2     W:B       1:2           Time        Value Moves Dep 1:2       1-2-Draws
   6 B 1    1.0:0.0        5.0:1.0       5:55:33 AM    -3.76     9 0:0 5-1-0

--------------------------------------------------------------

Engine-Match Sunday, August 10, 2025 5:55:34 AM
 Blitz 2/1 

Pairing 17/21 :    SlowMate_v1.0_RELEASE  -  V7P3RAI_v1.0

PGN-File: C:\Program Files (x86)\Arena\Tournaments\Engine Battle 20250810.pgn

No:  B/W 1/2     W:B       1:2           Time        Value Moves Dep 1:2       1-2-Draws
   6 B 1    1.0:0.0        6.0:0.0       5:56:03 AM     0.00    32 0:0 6-0-0

--------------------------------------------------------------

Engine-Match Sunday, August 10, 2025 5:56:04 AM
 Blitz 2/1 

Pairing 18/21 :    Random_Opponent  -  Copycat_uci

PGN-File: C:\Program Files (x86)\Arena\Tournaments\Engine Battle 20250810.pgn

No:  B/W 1/2     W:B       1:2           Time        Value Moves Dep 1:2       1-2-Draws
   6 = =    2.0:2.0        2.0:4.0       6:00:37 AM     0.00   127 0:0 0-2-4

--------------------------------------------------------------

Engine-Match Sunday, August 10, 2025 6:00:39 AM
 Blitz 2/1 

Pairing 19/21 :    SlowMate_v0.0.10_Tactical_Intelligence  -  SlowMate_v1.0_RELEASE

PGN-File: C:\Program Files (x86)\Arena\Tournaments\Engine Battle 20250810.pgn

No:  B/W 1/2     W:B       1:2           Time        Value Moves Dep 1:2       1-2-Draws
   6 W 2    2.0:1.0        1.0:5.0       6:01:03 AM     0.00    31 0:0 0-4-2

--------------------------------------------------------------

Engine-Match Sunday, August 10, 2025 6:01:04 AM
 Blitz 2/1 

Pairing 20/21 :    Copycat_uci  -  SlowMate_v0.2.01_Enhanced_Search

PGN-File: C:\Program Files (x86)\Arena\Tournaments\Engine Battle 20250810.pgn

No:  B/W 1/2     W:B       1:2           Time        Value Moves Dep 1:2       1-2-Draws
   6 W 2    1.5:0.5        0.5:5.5       6:04:13 AM   +24.45    66 0:0 0-5-1

--------------------------------------------------------------

Engine-Match Sunday, August 10, 2025 6:04:14 AM
 Blitz 2/1 

Pairing 21/21 :    V7P3RAI_v1.0  -  Random_Opponent

PGN-File: C:\Program Files (x86)\Arena\Tournaments\Engine Battle 20250810.pgn

No:  B/W 1/2     W:B       1:2           Time        Value Moves Dep 1:2       1-2-Draws
   6 = =    1.5:1.5        3.5:2.5       6:05:48 AM     0.00   250 0:0 2-1-3

--------------------------------------------------------------

Engine-Match Sunday, August 10, 2025 6:05:49 AM
 Blitz 2/1 

Pairing 1/21 :    Cece_v1.3  -  Copycat_uci

PGN-File: C:\Program Files (x86)\Arena\Tournaments\Engine Battle 20250810.pgn

No:  B/W 1/2     W:B       1:2           Time        Value Moves Dep 1:2       1-2-Draws
   7 = =    1.5:1.5        5.5:1.5       6:12:38 AM     0.00    92 0:0 4-0-3

--------------------------------------------------------------

Engine-Match Sunday, August 10, 2025 6:12:40 AM
 Blitz 2/1 

Pairing 2/21 :    Random_Opponent  -  SlowMate_v0.0.10_Tactical_Intelligence

PGN-File: C:\Program Files (x86)\Arena\Tournaments\Engine Battle 20250810.pgn

No:  B/W 1/2     W:B       1:2           Time        Value Moves Dep 1:2       1-2-Draws
   7 B 2    1.0:0.0        0.0:7.0       6:12:55 AM   -41.13    33 0:0 0-7-0

--------------------------------------------------------------

Engine-Match Sunday, August 10, 2025 6:12:56 AM
 Blitz 2/1 

Pairing 3/21 :    SlowMate_v0.2.01_Enhanced_Search  -  V7P3RAI_v1.0

PGN-File: C:\Program Files (x86)\Arena\Tournaments\Engine Battle 20250810.pgn

No:  B/W 1/2     W:B       1:2           Time        Value Moves Dep 1:2       1-2-Draws
   7 W 1    1.0:0.0        4.0:3.0       6:13:05 AM    +9.90    10 0:0 4-3-0

--------------------------------------------------------------

Engine-Match Sunday, August 10, 2025 6:13:06 AM
 Blitz 2/1 

Pairing 4/21 :    SlowMate_v1.0_RELEASE  -  Random_Opponent

PGN-File: C:\Program Files (x86)\Arena\Tournaments\Engine Battle 20250810.pgn

No:  B/W 1/2     W:B       1:2           Time        Value Moves Dep 1:2       1-2-Draws
   7 = =    0.5:0.5        6.5:0.5       6:13:23 AM     0.00    26 0:0 6-0-1

--------------------------------------------------------------

Engine-Match Sunday, August 10, 2025 6:13:24 AM
 Blitz 2/1 

Pairing 5/21 :    V7P3RAI_v1.0  -  Cece_v1.3

PGN-File: C:\Program Files (x86)\Arena\Tournaments\Engine Battle 20250810.pgn

No:  B/W 1/2     W:B       1:2           Time        Value Moves Dep 1:2       1-2-Draws
   7 W 1    1.5:0.5        3.5:3.5       6:13:52 AM     0.00     6 0:0 3-3-1

--------------------------------------------------------------

Engine-Match Sunday, August 10, 2025 6:13:53 AM
 Blitz 2/1 

Pairing 6/21 :    SlowMate_v0.0.10_Tactical_Intelligence  -  SlowMate_v0.2.01_Enhanced_Search

PGN-File: C:\Program Files (x86)\Arena\Tournaments\Engine Battle 20250810.pgn

No:  B/W 1/2     W:B       1:2           Time        Value Moves Dep 1:2       1-2-Draws
   7 W 1    1.0:0.0        5.0:2.0       6:14:11 AM   +13.17    37 0:0 5-2-0

--------------------------------------------------------------

Engine-Match Sunday, August 10, 2025 6:14:12 AM
 Blitz 2/1 

Pairing 7/21 :    Copycat_uci  -  V7P3RAI_v1.0

PGN-File: C:\Program Files (x86)\Arena\Tournaments\Engine Battle 20250810.pgn

No:  B/W 1/2     W:B       1:2           Time        Value Moves Dep 1:2       1-2-Draws
   7 = =    1.5:1.5        2.5:4.5       6:16:04 AM     0.00    33 0:0 1-3-3

--------------------------------------------------------------

Engine-Match Sunday, August 10, 2025 6:16:05 AM
 Blitz 2/1 

Pairing 8/21 :    SlowMate_v0.2.01_Enhanced_Search  -  SlowMate_v1.0_RELEASE

PGN-File: C:\Program Files (x86)\Arena\Tournaments\Engine Battle 20250810.pgn

No:  B/W 1/2     W:B       1:2           Time        Value Moves Dep 1:2       1-2-Draws
   7 B 2    1.0:0.0        0.0:7.0       6:16:17 AM   -17.00    14 0:0 0-7-0

--------------------------------------------------------------

Engine-Match Sunday, August 10, 2025 6:16:18 AM
 Blitz 2/1 

Pairing 9/21 :    Cece_v1.3  -  SlowMate_v0.0.10_Tactical_Intelligence

PGN-File: C:\Program Files (x86)\Arena\Tournaments\Engine Battle 20250810.pgn

No:  B/W 1/2     W:B       1:2           Time        Value Moves Dep 1:2       1-2-Draws
   7 B 2    1.0:0.0        2.0:5.0       6:17:59 AM   -32.07    28 0:0 2-5-0

--------------------------------------------------------------

Engine-Match Sunday, August 10, 2025 6:18:00 AM
 Blitz 2/1 

Pairing 10/21 :    Random_Opponent  -  SlowMate_v0.2.01_Enhanced_Search

PGN-File: C:\Program Files (x86)\Arena\Tournaments\Engine Battle 20250810.pgn

No:  B/W 1/2     W:B       1:2           Time        Value Moves Dep 1:2       1-2-Draws
   7 B 2    1.0:0.0        0.0:7.0       6:18:24 AM   -39.13    57 0:0 0-7-0

--------------------------------------------------------------

Engine-Match Sunday, August 10, 2025 6:18:26 AM
 Blitz 2/1 

Pairing 11/21 :    SlowMate_v0.0.10_Tactical_Intelligence  -  Copycat_uci

PGN-File: C:\Program Files (x86)\Arena\Tournaments\Engine Battle 20250810.pgn

No:  B/W 1/2     W:B       1:2           Time        Value Moves Dep 1:2       1-2-Draws
   7 W 1    2.5:1.5        4.5:2.5       6:20:46 AM   +24.85    45 0:0 3-1-3

--------------------------------------------------------------

Engine-Match Sunday, August 10, 2025 6:20:47 AM
 Blitz 2/1 

Pairing 12/21 :    SlowMate_v1.0_RELEASE  -  Cece_v1.3

PGN-File: C:\Program Files (x86)\Arena\Tournaments\Engine Battle 20250810.pgn

No:  B/W 1/2     W:B       1:2           Time        Value Moves Dep 1:2       1-2-Draws
   7 W 1    1.5:0.5        6.5:0.5       6:22:44 AM     0.00    30 0:0 6-0-1

--------------------------------------------------------------

Engine-Match Sunday, August 10, 2025 6:22:45 AM
 Blitz 2/1 

Pairing 13/21 :    V7P3RAI_v1.0  -  SlowMate_v0.0.10_Tactical_Intelligence

PGN-File: C:\Program Files (x86)\Arena\Tournaments\Engine Battle 20250810.pgn

No:  B/W 1/2     W:B       1:2           Time        Value Moves Dep 1:2       1-2-Draws
   7 W 1    1.0:0.0        4.0:3.0       6:22:57 AM   +23.23    19 0:0 4-3-0

--------------------------------------------------------------

Engine-Match Sunday, August 10, 2025 6:22:58 AM
 Blitz 2/1 

Pairing 14/21 :    Cece_v1.3  -  Random_Opponent

PGN-File: C:\Program Files (x86)\Arena\Tournaments\Engine Battle 20250810.pgn

No:  B/W 1/2     W:B       1:2           Time        Value Moves Dep 1:2       1-2-Draws
   7 B 2    2.0:1.0        5.0:2.0       6:24:45 AM     0.00    30 0:0 4-1-2

--------------------------------------------------------------

Engine-Match Sunday, August 10, 2025 6:24:51 AM
 Blitz 2/1 

Pairing 15/21 :    Copycat_uci  -  SlowMate_v1.0_RELEASE

PGN-File: C:\Program Files (x86)\Arena\Tournaments\Engine Battle 20250810.pgn

No:  B/W 1/2     W:B       1:2           Time        Value Moves Dep 1:2       1-2-Draws
   7 B 2    1.0:0.0        0.0:7.0       6:26:28 AM     0.00    29 0:0 0-7-0

--------------------------------------------------------------

Engine-Match Sunday, August 10, 2025 6:26:29 AM
 Blitz 2/1 

Pairing 16/21 :    SlowMate_v0.2.01_Enhanced_Search  -  Cece_v1.3

PGN-File: C:\Program Files (x86)\Arena\Tournaments\Engine Battle 20250810.pgn

No:  B/W 1/2     W:B       1:2           Time        Value Moves Dep 1:2       1-2-Draws
   7 B 2    1.0:0.0        5.0:2.0       6:27:25 AM     0.00    13 0:0 5-2-0

--------------------------------------------------------------

Engine-Match Sunday, August 10, 2025 6:27:26 AM
 Blitz 2/1 

Pairing 17/21 :    SlowMate_v1.0_RELEASE  -  V7P3RAI_v1.0

PGN-File: C:\Program Files (x86)\Arena\Tournaments\Engine Battle 20250810.pgn

No:  B/W 1/2     W:B       1:2           Time        Value Moves Dep 1:2       1-2-Draws
   7 W 1    1.0:0.0        7.0:0.0       6:27:36 AM     0.00     8 0:0 7-0-0

--------------------------------------------------------------

Engine-Match Sunday, August 10, 2025 6:27:37 AM
 Blitz 2/1 

Pairing 18/21 :    Random_Opponent  -  Copycat_uci

PGN-File: C:\Program Files (x86)\Arena\Tournaments\Engine Battle 20250810.pgn

No:  B/W 1/2     W:B       1:2           Time        Value Moves Dep 1:2       1-2-Draws
   7 = =    2.5:2.5        2.5:4.5       6:31:54 AM     0.00   116 0:0 0-2-5

--------------------------------------------------------------

Engine-Match Sunday, August 10, 2025 6:31:55 AM
 Blitz 2/1 

Pairing 19/21 :    SlowMate_v0.0.10_Tactical_Intelligence  -  SlowMate_v1.0_RELEASE

PGN-File: C:\Program Files (x86)\Arena\Tournaments\Engine Battle 20250810.pgn

No:  B/W 1/2     W:B       1:2           Time        Value Moves Dep 1:2       1-2-Draws
   7 B 2    2.0:1.0        1.0:6.0       6:32:06 AM   -17.00    14 0:0 0-5-2

--------------------------------------------------------------

Engine-Match Sunday, August 10, 2025 6:32:08 AM
 Blitz 2/1 

Pairing 20/21 :    Copycat_uci  -  SlowMate_v0.2.01_Enhanced_Search

PGN-File: C:\Program Files (x86)\Arena\Tournaments\Engine Battle 20250810.pgn

No:  B/W 1/2     W:B       1:2           Time        Value Moves Dep 1:2       1-2-Draws
   7 B 2    1.5:0.5        0.5:6.5       6:39:15 AM   -24.90   232 0:0 0-6-1

--------------------------------------------------------------

Engine-Match Sunday, August 10, 2025 6:39:16 AM
 Blitz 2/1 

Pairing 21/21 :    V7P3RAI_v1.0  -  Random_Opponent

PGN-File: C:\Program Files (x86)\Arena\Tournaments\Engine Battle 20250810.pgn

No:  B/W 1/2     W:B       1:2           Time        Value Moves Dep 1:2       1-2-Draws
   7 W 1    2.5:1.5        4.5:2.5       6:39:26 AM     0.00    16 0:0 3-1-3

--------------------------------------------------------------

Engine-Match Sunday, August 10, 2025 6:39:27 AM
 Blitz 2/1 

Pairing 1/21 :    Cece_v1.3  -  Copycat_uci

PGN-File: C:\Program Files (x86)\Arena\Tournaments\Engine Battle 20250810.pgn

No:  B/W 1/2     W:B       1:2           Time        Value Moves Dep 1:2       1-2-Draws
   8 = =    2.0:2.0        6.0:2.0       6:43:57 AM     0.00    46 0:0 4-0-4

--------------------------------------------------------------

Engine-Match Sunday, August 10, 2025 6:43:59 AM
 Blitz 2/1 

Pairing 2/21 :    Random_Opponent  -  SlowMate_v0.0.10_Tactical_Intelligence

PGN-File: C:\Program Files (x86)\Arena\Tournaments\Engine Battle 20250810.pgn

No:  B/W 1/2     W:B       1:2           Time        Value Moves Dep 1:2       1-2-Draws
   8 W 2    1.0:0.0        0.0:8.0       6:44:16 AM   +49.31    38 0:0 0-8-0

--------------------------------------------------------------

Engine-Match Sunday, August 10, 2025 6:44:17 AM
 Blitz 2/1 

Pairing 3/21 :    SlowMate_v0.2.01_Enhanced_Search  -  V7P3RAI_v1.0

PGN-File: C:\Program Files (x86)\Arena\Tournaments\Engine Battle 20250810.pgn

No:  B/W 1/2     W:B       1:2           Time        Value Moves Dep 1:2       1-2-Draws
   8 W 2    1.0:0.0        4.0:4.0       6:44:29 AM   +23.23    19 0:0 4-4-0

--------------------------------------------------------------

Engine-Match Sunday, August 10, 2025 6:44:31 AM
 Blitz 2/1 

Pairing 4/21 :    SlowMate_v1.0_RELEASE  -  Random_Opponent

PGN-File: C:\Program Files (x86)\Arena\Tournaments\Engine Battle 20250810.pgn

No:  B/W 1/2     W:B       1:2           Time        Value Moves Dep 1:2       1-2-Draws
   8 B 1    1.5:0.5        7.5:0.5       6:44:53 AM     0.00    31 0:0 7-0-1

--------------------------------------------------------------

Engine-Match Sunday, August 10, 2025 6:44:54 AM
 Blitz 2/1 

Pairing 5/21 :    V7P3RAI_v1.0  -  Cece_v1.3

PGN-File: C:\Program Files (x86)\Arena\Tournaments\Engine Battle 20250810.pgn

No:  B/W 1/2     W:B       1:2           Time        Value Moves Dep 1:2       1-2-Draws
   8 W 2    1.5:0.5        3.5:4.5       6:47:20 AM     0.00    48 0:0 3-4-1

--------------------------------------------------------------

Engine-Match Sunday, August 10, 2025 6:47:22 AM
 Blitz 2/1 

Pairing 6/21 :    SlowMate_v0.0.10_Tactical_Intelligence  -  SlowMate_v0.2.01_Enhanced_Search

PGN-File: C:\Program Files (x86)\Arena\Tournaments\Engine Battle 20250810.pgn

No:  B/W 1/2     W:B       1:2           Time        Value Moves Dep 1:2       1-2-Draws
   8 W 2    1.0:0.0        5.0:3.0       6:47:55 AM    +9.05    80 0:0 5-3-0

--------------------------------------------------------------

Engine-Match Sunday, August 10, 2025 6:47:56 AM
 Blitz 2/1 

Pairing 7/21 :    Copycat_uci  -  V7P3RAI_v1.0

PGN-File: C:\Program Files (x86)\Arena\Tournaments\Engine Battle 20250810.pgn

No:  B/W 1/2     W:B       1:2           Time        Value Moves Dep 1:2       1-2-Draws
   8 W 2    2.5:1.5        2.5:5.5       6:50:44 AM     0.00    50 0:0 1-4-3

--------------------------------------------------------------

Engine-Match Sunday, August 10, 2025 6:50:45 AM
 Blitz 2/1 

Pairing 8/21 :    SlowMate_v0.2.01_Enhanced_Search  -  SlowMate_v1.0_RELEASE

PGN-File: C:\Program Files (x86)\Arena\Tournaments\Engine Battle 20250810.pgn

No:  B/W 1/2     W:B       1:2           Time        Value Moves Dep 1:2       1-2-Draws
   8 W 2    1.0:0.0        0.0:8.0       6:51:09 AM     0.00    31 0:0 0-8-0

--------------------------------------------------------------

Engine-Match Sunday, August 10, 2025 6:51:11 AM
 Blitz 2/1 

Pairing 9/21 :    Cece_v1.3  -  SlowMate_v0.0.10_Tactical_Intelligence

PGN-File: C:\Program Files (x86)\Arena\Tournaments\Engine Battle 20250810.pgn

No:  B/W 1/2     W:B       1:2           Time        Value Moves Dep 1:2       1-2-Draws
   8 B 1    1.0:0.0        3.0:5.0       6:52:23 AM   -25.68    19 0:0 3-5-0

--------------------------------------------------------------

Engine-Match Sunday, August 10, 2025 6:52:24 AM
 Blitz 2/1 

Pairing 10/21 :    Random_Opponent  -  SlowMate_v0.2.01_Enhanced_Search

PGN-File: C:\Program Files (x86)\Arena\Tournaments\Engine Battle 20250810.pgn

No:  B/W 1/2     W:B       1:2           Time        Value Moves Dep 1:2       1-2-Draws
   8 W 2    1.0:0.0        0.0:8.0       6:52:37 AM   +37.94    26 0:0 0-8-0

--------------------------------------------------------------

Engine-Match Sunday, August 10, 2025 6:52:38 AM
 Blitz 2/1 

Pairing 11/21 :    SlowMate_v0.0.10_Tactical_Intelligence  -  Copycat_uci

PGN-File: C:\Program Files (x86)\Arena\Tournaments\Engine Battle 20250810.pgn

No:  B/W 1/2     W:B       1:2           Time        Value Moves Dep 1:2       1-2-Draws
   8 = =    2.0:2.0        5.0:3.0       6:58:26 AM   -13.45   180 0:0 3-1-4

--------------------------------------------------------------

Engine-Match Sunday, August 10, 2025 6:58:28 AM
 Blitz 2/1 

Pairing 12/21 :    SlowMate_v1.0_RELEASE  -  Cece_v1.3

PGN-File: C:\Program Files (x86)\Arena\Tournaments\Engine Battle 20250810.pgn

No:  B/W 1/2     W:B       1:2           Time        Value Moves Dep 1:2       1-2-Draws
   8 = =    1.0:1.0        7.0:1.0       6:59:29 AM     0.00    13 0:0 6-0-2

--------------------------------------------------------------

Engine-Match Sunday, August 10, 2025 6:59:30 AM
 Blitz 2/1 

Pairing 13/21 :    V7P3RAI_v1.0  -  SlowMate_v0.0.10_Tactical_Intelligence

PGN-File: C:\Program Files (x86)\Arena\Tournaments\Engine Battle 20250810.pgn

No:  B/W 1/2     W:B       1:2           Time        Value Moves Dep 1:2       1-2-Draws
   8 W 2    1.0:0.0        4.0:4.0       6:59:38 AM    +9.90    10 0:0 4-4-0

--------------------------------------------------------------

Engine-Match Sunday, August 10, 2025 6:59:45 AM
 Blitz 2/1 

Pairing 14/21 :    Cece_v1.3  -  Random_Opponent

PGN-File: C:\Program Files (x86)\Arena\Tournaments\Engine Battle 20250810.pgn

No:  B/W 1/2     W:B       1:2           Time        Value Moves Dep 1:2       1-2-Draws
   8 B 1    2.0:1.0        6.0:2.0       7:01:04 AM     0.00    21 0:0 5-1-2

--------------------------------------------------------------

Engine-Match Sunday, August 10, 2025 7:01:05 AM
 Blitz 2/1 

Pairing 15/21 :    Copycat_uci  -  SlowMate_v1.0_RELEASE

PGN-File: C:\Program Files (x86)\Arena\Tournaments\Engine Battle 20250810.pgn

No:  B/W 1/2     W:B       1:2           Time        Value Moves Dep 1:2       1-2-Draws
   8 W 2    1.0:0.0        0.0:8.0       7:01:29 AM     0.00    13 0:0 0-8-0

--------------------------------------------------------------

Engine-Match Sunday, August 10, 2025 7:01:31 AM
 Blitz 2/1 

Pairing 16/21 :    SlowMate_v0.2.01_Enhanced_Search  -  Cece_v1.3

PGN-File: C:\Program Files (x86)\Arena\Tournaments\Engine Battle 20250810.pgn

No:  B/W 1/2     W:B       1:2           Time        Value Moves Dep 1:2       1-2-Draws
   8 B 1    1.0:0.0        6.0:2.0       7:02:12 AM    -3.76     9 0:0 6-2-0

--------------------------------------------------------------

Engine-Match Sunday, August 10, 2025 7:02:13 AM
 Blitz 2/1 

Pairing 17/21 :    SlowMate_v1.0_RELEASE  -  V7P3RAI_v1.0

PGN-File: C:\Program Files (x86)\Arena\Tournaments\Engine Battle 20250810.pgn

No:  B/W 1/2     W:B       1:2           Time        Value Moves Dep 1:2       1-2-Draws
   8 B 1    1.0:0.0        8.0:0.0       7:02:41 AM     0.00    32 0:0 8-0-0

--------------------------------------------------------------

Engine-Match Sunday, August 10, 2025 7:02:43 AM
 Blitz 2/1 

Pairing 18/21 :    Random_Opponent  -  Copycat_uci

PGN-File: C:\Program Files (x86)\Arena\Tournaments\Engine Battle 20250810.pgn

No:  B/W 1/2     W:B       1:2           Time        Value Moves Dep 1:2       1-2-Draws
   8 = =    3.0:3.0        3.0:5.0       7:07:21 AM     0.00   131 0:0 0-2-6

--------------------------------------------------------------

Engine-Match Sunday, August 10, 2025 7:07:22 AM
 Blitz 2/1 

Pairing 19/21 :    SlowMate_v0.0.10_Tactical_Intelligence  -  SlowMate_v1.0_RELEASE

PGN-File: C:\Program Files (x86)\Arena\Tournaments\Engine Battle 20250810.pgn

No:  B/W 1/2     W:B       1:2           Time        Value Moves Dep 1:2       1-2-Draws
   8 W 2    2.0:1.0        1.0:7.0       7:07:47 AM     0.00    31 0:0 0-6-2

--------------------------------------------------------------

Engine-Match Sunday, August 10, 2025 7:07:48 AM
 Blitz 2/1 

Pairing 20/21 :    Copycat_uci  -  SlowMate_v0.2.01_Enhanced_Search

PGN-File: C:\Program Files (x86)\Arena\Tournaments\Engine Battle 20250810.pgn

No:  B/W 1/2     W:B       1:2           Time        Value Moves Dep 1:2       1-2-Draws
   8 W 2    1.5:0.5        0.5:7.5       7:10:28 AM   +35.03    48 0:0 0-7-1

--------------------------------------------------------------

Engine-Match Sunday, August 10, 2025 7:10:29 AM
 Blitz 2/1 

Pairing 21/21 :    V7P3RAI_v1.0  -  Random_Opponent

PGN-File: C:\Program Files (x86)\Arena\Tournaments\Engine Battle 20250810.pgn

No:  B/W 1/2     W:B       1:2           Time        Value Moves Dep 1:2       1-2-Draws
   8 W 2    2.5:1.5        4.5:3.5       7:11:25 AM     0.00   148 0:0 3-2-3

--------------------------------------------------------------

Engine-Match Sunday, August 10, 2025 7:11:27 AM
 Blitz 2/1 

Pairing 1/21 :    Cece_v1.3  -  Copycat_uci

PGN-File: C:\Program Files (x86)\Arena\Tournaments\Engine Battle 20250810.pgn

No:  B/W 1/2     W:B       1:2           Time        Value Moves Dep 1:2       1-2-Draws
   9 B 2    3.0:2.0        6.0:3.0       7:17:18 AM     0.00    67 0:0 4-1-4

--------------------------------------------------------------

Engine-Match Sunday, August 10, 2025 7:17:20 AM
 Blitz 2/1 

Pairing 2/21 :    Random_Opponent  -  SlowMate_v0.0.10_Tactical_Intelligence

PGN-File: C:\Program Files (x86)\Arena\Tournaments\Engine Battle 20250810.pgn

No:  B/W 1/2     W:B       1:2           Time        Value Moves Dep 1:2       1-2-Draws
   9 B 2    1.0:0.0        0.0:9.0       7:17:24 AM    -3.57     5 0:0 0-9-0

--------------------------------------------------------------

Engine-Match Sunday, August 10, 2025 7:17:25 AM
 Blitz 2/1 

Pairing 3/21 :    SlowMate_v0.2.01_Enhanced_Search  -  V7P3RAI_v1.0

PGN-File: C:\Program Files (x86)\Arena\Tournaments\Engine Battle 20250810.pgn

No:  B/W 1/2     W:B       1:2           Time        Value Moves Dep 1:2       1-2-Draws
   9 W 1    1.0:0.0        5.0:4.0       7:17:32 AM    +8.77     6 0:0 5-4-0

--------------------------------------------------------------

Engine-Match Sunday, August 10, 2025 7:17:33 AM
 Blitz 2/1 

Pairing 4/21 :    SlowMate_v1.0_RELEASE  -  Random_Opponent

PGN-File: C:\Program Files (x86)\Arena\Tournaments\Engine Battle 20250810.pgn

No:  B/W 1/2     W:B       1:2           Time        Value Moves Dep 1:2       1-2-Draws
   9 W 1    1.5:0.5        8.5:0.5       7:18:02 AM     0.00    41 0:0 8-0-1

--------------------------------------------------------------

Engine-Match Sunday, August 10, 2025 7:18:03 AM
 Blitz 2/1 

Pairing 5/21 :    V7P3RAI_v1.0  -  Cece_v1.3

PGN-File: C:\Program Files (x86)\Arena\Tournaments\Engine Battle 20250810.pgn

No:  B/W 1/2     W:B       1:2           Time        Value Moves Dep 1:2       1-2-Draws
   9 = =    1.0:1.0        4.0:5.0       7:19:01 AM     0.00    14 0:0 3-4-2

--------------------------------------------------------------

Engine-Match Sunday, August 10, 2025 7:19:02 AM
 Blitz 2/1 

Pairing 6/21 :    SlowMate_v0.0.10_Tactical_Intelligence  -  SlowMate_v0.2.01_Enhanced_Search

PGN-File: C:\Program Files (x86)\Arena\Tournaments\Engine Battle 20250810.pgn

No:  B/W 1/2     W:B       1:2           Time        Value Moves Dep 1:2       1-2-Draws
   9 W 1    1.0:0.0        6.0:3.0       7:19:19 AM    +7.47    37 0:0 6-3-0

--------------------------------------------------------------

Engine-Match Sunday, August 10, 2025 7:19:21 AM
 Blitz 2/1 

Pairing 7/21 :    Copycat_uci  -  V7P3RAI_v1.0

PGN-File: C:\Program Files (x86)\Arena\Tournaments\Engine Battle 20250810.pgn

No:  B/W 1/2     W:B       1:2           Time        Value Moves Dep 1:2       1-2-Draws
   9 W 1    2.5:1.5        3.5:5.5       7:20:30 AM     0.00    25 0:0 2-4-3

--------------------------------------------------------------

Engine-Match Sunday, August 10, 2025 7:20:31 AM
 Blitz 2/1 

Pairing 8/21 :    SlowMate_v0.2.01_Enhanced_Search  -  SlowMate_v1.0_RELEASE

PGN-File: C:\Program Files (x86)\Arena\Tournaments\Engine Battle 20250810.pgn

No:  B/W 1/2     W:B       1:2           Time        Value Moves Dep 1:2       1-2-Draws
   9 B 2    1.0:0.0        0.0:9.0       7:20:42 AM   -16.32    13 0:0 0-9-0

--------------------------------------------------------------

Engine-Match Sunday, August 10, 2025 7:20:44 AM
 Blitz 2/1 

Pairing 9/21 :    Cece_v1.3  -  SlowMate_v0.0.10_Tactical_Intelligence

PGN-File: C:\Program Files (x86)\Arena\Tournaments\Engine Battle 20250810.pgn

No:  B/W 1/2     W:B       1:2           Time        Value Moves Dep 1:2       1-2-Draws
   9 B 2    1.0:0.0        3.0:6.0       7:22:46 AM   -13.92    36 0:0 3-6-0

--------------------------------------------------------------

Engine-Match Sunday, August 10, 2025 7:22:47 AM
 Blitz 2/1 

Pairing 10/21 :    Random_Opponent  -  SlowMate_v0.2.01_Enhanced_Search

PGN-File: C:\Program Files (x86)\Arena\Tournaments\Engine Battle 20250810.pgn

No:  B/W 1/2     W:B       1:2           Time        Value Moves Dep 1:2       1-2-Draws
   9 B 2    1.0:0.0        0.0:9.0       7:23:06 AM   -35.25    43 0:0 0-9-0

--------------------------------------------------------------

Engine-Match Sunday, August 10, 2025 7:23:07 AM
 Blitz 2/1 

Pairing 11/21 :    SlowMate_v0.0.10_Tactical_Intelligence  -  Copycat_uci

PGN-File: C:\Program Files (x86)\Arena\Tournaments\Engine Battle 20250810.pgn

No:  B/W 1/2     W:B       1:2           Time        Value Moves Dep 1:2       1-2-Draws
   9 W 1    3.0:2.0        6.0:3.0       7:25:23 AM   +32.18    41 0:0 4-1-4

--------------------------------------------------------------

Engine-Match Sunday, August 10, 2025 7:25:24 AM
 Blitz 2/1 

Pairing 12/21 :    SlowMate_v1.0_RELEASE  -  Cece_v1.3

PGN-File: C:\Program Files (x86)\Arena\Tournaments\Engine Battle 20250810.pgn

No:  B/W 1/2     W:B       1:2           Time        Value Moves Dep 1:2       1-2-Draws
   9 W 1    2.0:1.0        8.0:1.0       7:27:18 AM     0.00    31 0:0 7-0-2

--------------------------------------------------------------

Engine-Match Sunday, August 10, 2025 7:27:24 AM
 Blitz 2/1 

Pairing 13/21 :    V7P3RAI_v1.0  -  SlowMate_v0.0.10_Tactical_Intelligence

PGN-File: C:\Program Files (x86)\Arena\Tournaments\Engine Battle 20250810.pgn

No:  B/W 1/2     W:B       1:2           Time        Value Moves Dep 1:2       1-2-Draws
   9 W 1    1.0:0.0        5.0:4.0       7:27:35 AM   +23.23    19 0:0 5-4-0

--------------------------------------------------------------

Engine-Match Sunday, August 10, 2025 7:27:37 AM
 Blitz 2/1 

Pairing 14/21 :    Cece_v1.3  -  Random_Opponent

PGN-File: C:\Program Files (x86)\Arena\Tournaments\Engine Battle 20250810.pgn

No:  B/W 1/2     W:B       1:2           Time        Value Moves Dep 1:2       1-2-Draws
   9 B 2    2.0:1.0        6.0:3.0       7:28:57 AM     0.00    20 0:0 5-2-2

--------------------------------------------------------------

Engine-Match Sunday, August 10, 2025 7:28:58 AM
 Blitz 2/1 

Pairing 15/21 :    Copycat_uci  -  SlowMate_v1.0_RELEASE

PGN-File: C:\Program Files (x86)\Arena\Tournaments\Engine Battle 20250810.pgn

No:  B/W 1/2     W:B       1:2           Time        Value Moves Dep 1:2       1-2-Draws
   9 B 2    1.0:0.0        0.0:9.0       7:29:44 AM     0.00    14 0:0 0-9-0

--------------------------------------------------------------

Engine-Match Sunday, August 10, 2025 7:29:45 AM
 Blitz 2/1 

Pairing 16/21 :    SlowMate_v0.2.01_Enhanced_Search  -  Cece_v1.3

PGN-File: C:\Program Files (x86)\Arena\Tournaments\Engine Battle 20250810.pgn

No:  B/W 1/2     W:B       1:2           Time        Value Moves Dep 1:2       1-2-Draws
   9 W 1    1.0:0.0        7.0:2.0       7:32:03 AM   +28.55    45 0:0 7-2-0

--------------------------------------------------------------

Engine-Match Sunday, August 10, 2025 7:32:04 AM
 Blitz 2/1 

Pairing 17/21 :    SlowMate_v1.0_RELEASE  -  V7P3RAI_v1.0

PGN-File: C:\Program Files (x86)\Arena\Tournaments\Engine Battle 20250810.pgn

No:  B/W 1/2     W:B       1:2           Time        Value Moves Dep 1:2       1-2-Draws
   9 W 1    1.0:0.0        9.0:0.0       7:32:14 AM     0.00     8 0:0 9-0-0

--------------------------------------------------------------

Engine-Match Sunday, August 10, 2025 7:32:15 AM
 Blitz 2/1 

Pairing 18/21 :    Random_Opponent  -  Copycat_uci

PGN-File: C:\Program Files (x86)\Arena\Tournaments\Engine Battle 20250810.pgn

No:  B/W 1/2     W:B       1:2           Time        Value Moves Dep 1:2       1-2-Draws
   9 = =    3.5:3.5        3.5:5.5       7:37:23 AM     0.00   155 0:0 0-2-7

--------------------------------------------------------------

Engine-Match Sunday, August 10, 2025 7:37:24 AM
 Blitz 2/1 

Pairing 19/21 :    SlowMate_v0.0.10_Tactical_Intelligence  -  SlowMate_v1.0_RELEASE

PGN-File: C:\Program Files (x86)\Arena\Tournaments\Engine Battle 20250810.pgn

No:  B/W 1/2     W:B       1:2           Time        Value Moves Dep 1:2       1-2-Draws
   9 B 2    2.0:1.0        1.0:8.0       7:37:36 AM   -16.32    13 0:0 0-7-2

--------------------------------------------------------------

Engine-Match Sunday, August 10, 2025 7:37:37 AM
 Blitz 2/1 

Pairing 20/21 :    Copycat_uci  -  SlowMate_v0.2.01_Enhanced_Search

PGN-File: C:\Program Files (x86)\Arena\Tournaments\Engine Battle 20250810.pgn

No:  B/W 1/2     W:B       1:2           Time        Value Moves Dep 1:2       1-2-Draws
   9 = =    1.0:1.0        1.0:8.0       7:41:27 AM     0.00    94 0:0 0-7-2

--------------------------------------------------------------

Engine-Match Sunday, August 10, 2025 7:41:28 AM
 Blitz 2/1 

Pairing 21/21 :    V7P3RAI_v1.0  -  Random_Opponent

PGN-File: C:\Program Files (x86)\Arena\Tournaments\Engine Battle 20250810.pgn

No:  B/W 1/2     W:B       1:2           Time        Value Moves Dep 1:2       1-2-Draws
   9 W 1    2.5:1.5        5.5:3.5       7:41:41 AM     0.00    24 0:0 4-2-3

--------------------------------------------------------------

Engine-Match Sunday, August 10, 2025 7:41:42 AM
 Blitz 2/1 

Pairing 1/21 :    Cece_v1.3  -  Copycat_uci

PGN-File: C:\Program Files (x86)\Arena\Tournaments\Engine Battle 20250810.pgn

No:  B/W 1/2     W:B       1:2           Time        Value Moves Dep 1:2       1-2-Draws
  10 = =    2.5:2.5        6.5:3.5       7:46:29 AM     0.00    49 0:0 4-1-5

--------------------------------------------------------------

Engine-Match Sunday, August 10, 2025 7:46:30 AM
 Blitz 2/1 

Pairing 2/21 :    Random_Opponent  -  SlowMate_v0.0.10_Tactical_Intelligence

PGN-File: C:\Program Files (x86)\Arena\Tournaments\Engine Battle 20250810.pgn

No:  B/W 1/2     W:B       1:2           Time        Value Moves Dep 1:2       1-2-Draws
  10 W 2    1.0:0.0        0.0:10.0      7:46:47 AM   +21.68    37 0:0 0-10-0

--------------------------------------------------------------

Engine-Match Sunday, August 10, 2025 7:46:48 AM
 Blitz 2/1 

Pairing 3/21 :    SlowMate_v0.2.01_Enhanced_Search  -  V7P3RAI_v1.0

PGN-File: C:\Program Files (x86)\Arena\Tournaments\Engine Battle 20250810.pgn

No:  B/W 1/2     W:B       1:2           Time        Value Moves Dep 1:2       1-2-Draws
  10 W 2    1.0:0.0        5.0:5.0       7:47:00 AM   +23.23    19 0:0 5-5-0

--------------------------------------------------------------

Engine-Match Sunday, August 10, 2025 7:47:02 AM
 Blitz 2/1 

Pairing 4/21 :    SlowMate_v1.0_RELEASE  -  Random_Opponent

PGN-File: C:\Program Files (x86)\Arena\Tournaments\Engine Battle 20250810.pgn

No:  B/W 1/2     W:B       1:2           Time        Value Moves Dep 1:2       1-2-Draws
  10 B 1    1.5:0.5        9.5:0.5       7:47:22 AM     0.00    25 0:0 9-0-1

--------------------------------------------------------------

Engine-Match Sunday, August 10, 2025 7:47:23 AM
 Blitz 2/1 

Pairing 5/21 :    V7P3RAI_v1.0  -  Cece_v1.3

PGN-File: C:\Program Files (x86)\Arena\Tournaments\Engine Battle 20250810.pgn

No:  B/W 1/2     W:B       1:2           Time        Value Moves Dep 1:2       1-2-Draws
  10 W 2    2.0:1.0        4.0:6.0       7:49:10 AM     0.00    30 0:0 3-5-2

--------------------------------------------------------------

Engine-Match Sunday, August 10, 2025 7:49:11 AM
 Blitz 2/1 

Pairing 6/21 :    SlowMate_v0.0.10_Tactical_Intelligence  -  SlowMate_v0.2.01_Enhanced_Search

PGN-File: C:\Program Files (x86)\Arena\Tournaments\Engine Battle 20250810.pgn

No:  B/W 1/2     W:B       1:2           Time        Value Moves Dep 1:2       1-2-Draws
  10 W 2    1.0:0.0        6.0:4.0       7:49:38 AM    +9.10    63 0:0 6-4-0

--------------------------------------------------------------

Engine-Match Sunday, August 10, 2025 7:49:39 AM
 Blitz 2/1 

Pairing 7/21 :    Copycat_uci  -  V7P3RAI_v1.0

PGN-File: C:\Program Files (x86)\Arena\Tournaments\Engine Battle 20250810.pgn

No:  B/W 1/2     W:B       1:2           Time        Value Moves Dep 1:2       1-2-Draws
  10 W 2    2.5:1.5        3.5:6.5       7:50:32 AM     0.00    22 0:0 2-5-3

--------------------------------------------------------------

Engine-Match Sunday, August 10, 2025 7:50:33 AM
 Blitz 2/1 

Pairing 8/21 :    SlowMate_v0.2.01_Enhanced_Search  -  SlowMate_v1.0_RELEASE

PGN-File: C:\Program Files (x86)\Arena\Tournaments\Engine Battle 20250810.pgn

No:  B/W 1/2     W:B       1:2           Time        Value Moves Dep 1:2       1-2-Draws
  10 W 2    1.0:0.0        0.0:10.0      7:50:58 AM     0.00    31 0:0 0-10-0

--------------------------------------------------------------

Engine-Match Sunday, August 10, 2025 7:50:59 AM
 Blitz 2/1 

Pairing 9/21 :    Cece_v1.3  -  SlowMate_v0.0.10_Tactical_Intelligence

PGN-File: C:\Program Files (x86)\Arena\Tournaments\Engine Battle 20250810.pgn

No:  B/W 1/2     W:B       1:2           Time        Value Moves Dep 1:2       1-2-Draws
  10 W 2    1.0:0.0        3.0:7.0       7:53:40 AM   +29.63    56 0:0 3-7-0

--------------------------------------------------------------

Engine-Match Sunday, August 10, 2025 7:53:42 AM
 Blitz 2/1 

Pairing 10/21 :    Random_Opponent  -  SlowMate_v0.2.01_Enhanced_Search

PGN-File: C:\Program Files (x86)\Arena\Tournaments\Engine Battle 20250810.pgn

No:  B/W 1/2     W:B       1:2           Time        Value Moves Dep 1:2       1-2-Draws
  10 W 2    1.0:0.0        0.0:10.0      7:54:02 AM   +55.20    48 0:0 0-10-0

--------------------------------------------------------------

Engine-Match Sunday, August 10, 2025 7:54:03 AM
 Blitz 2/1 

Pairing 11/21 :    SlowMate_v0.0.10_Tactical_Intelligence  -  Copycat_uci

PGN-File: C:\Program Files (x86)\Arena\Tournaments\Engine Battle 20250810.pgn

No:  B/W 1/2     W:B       1:2           Time        Value Moves Dep 1:2       1-2-Draws
  10 = =    2.5:2.5        6.5:3.5       8:01:28 AM   -16.03   250 0:0 4-1-5

--------------------------------------------------------------

Engine-Match Sunday, August 10, 2025 8:01:35 AM
 Blitz 2/1 

Pairing 12/21 :    SlowMate_v1.0_RELEASE  -  Cece_v1.3

PGN-File: C:\Program Files (x86)\Arena\Tournaments\Engine Battle 20250810.pgn

No:  B/W 1/2     W:B       1:2           Time        Value Moves Dep 1:2       1-2-Draws
  10 B 1    2.0:1.0        9.0:1.0       8:02:47 AM     0.00    16 0:0 8-0-2

--------------------------------------------------------------

Engine-Match Sunday, August 10, 2025 8:02:48 AM
 Blitz 2/1 

Pairing 13/21 :    V7P3RAI_v1.0  -  SlowMate_v0.0.10_Tactical_Intelligence

PGN-File: C:\Program Files (x86)\Arena\Tournaments\Engine Battle 20250810.pgn

No:  B/W 1/2     W:B       1:2           Time        Value Moves Dep 1:2       1-2-Draws
  10 W 2    1.0:0.0        5.0:5.0       8:02:55 AM    +8.77     6 0:0 5-5-0

--------------------------------------------------------------

Engine-Match Sunday, August 10, 2025 8:02:56 AM
 Blitz 2/1 

Pairing 14/21 :    Cece_v1.3  -  Random_Opponent

PGN-File: C:\Program Files (x86)\Arena\Tournaments\Engine Battle 20250810.pgn

No:  B/W 1/2     W:B       1:2           Time        Value Moves Dep 1:2       1-2-Draws
  10 B 1    2.0:1.0        7.0:3.0       8:04:38 AM     0.00    29 0:0 6-2-2

--------------------------------------------------------------

Engine-Match Sunday, August 10, 2025 8:04:39 AM
 Blitz 2/1 

Pairing 15/21 :    Copycat_uci  -  SlowMate_v1.0_RELEASE

PGN-File: C:\Program Files (x86)\Arena\Tournaments\Engine Battle 20250810.pgn

No:  B/W 1/2     W:B       1:2           Time        Value Moves Dep 1:2       1-2-Draws
  10 W 2    1.0:0.0        0.0:10.0      8:05:22 AM     0.00    19 0:0 0-10-0

--------------------------------------------------------------

Engine-Match Sunday, August 10, 2025 8:05:23 AM
 Blitz 2/1 

Pairing 16/21 :    SlowMate_v0.2.01_Enhanced_Search  -  Cece_v1.3

PGN-File: C:\Program Files (x86)\Arena\Tournaments\Engine Battle 20250810.pgn

No:  B/W 1/2     W:B       1:2           Time        Value Moves Dep 1:2       1-2-Draws
  10 B 1    1.0:0.0        8.0:2.0       8:10:54 AM   -12.75   172 0:0 8-2-0

--------------------------------------------------------------

Engine-Match Sunday, August 10, 2025 8:10:55 AM
 Blitz 2/1 

Pairing 17/21 :    SlowMate_v1.0_RELEASE  -  V7P3RAI_v1.0

PGN-File: C:\Program Files (x86)\Arena\Tournaments\Engine Battle 20250810.pgn

No:  B/W 1/2     W:B       1:2           Time        Value Moves Dep 1:2       1-2-Draws
  10 B 1    1.0:0.0        10.0:0.0      8:11:23 AM     0.00    32 0:0 10-0-0

--------------------------------------------------------------

Engine-Match Sunday, August 10, 2025 8:11:25 AM
 Blitz 2/1 

Pairing 18/21 :    Random_Opponent  -  Copycat_uci

PGN-File: C:\Program Files (x86)\Arena\Tournaments\Engine Battle 20250810.pgn

No:  B/W 1/2     W:B       1:2           Time        Value Moves Dep 1:2       1-2-Draws
  10 W 2    4.5:3.5        3.5:6.5       8:13:18 AM     0.00    30 0:0 0-3-7

--------------------------------------------------------------

Engine-Match Sunday, August 10, 2025 8:13:19 AM
 Blitz 2/1 

Pairing 19/21 :    SlowMate_v0.0.10_Tactical_Intelligence  -  SlowMate_v1.0_RELEASE

PGN-File: C:\Program Files (x86)\Arena\Tournaments\Engine Battle 20250810.pgn

No:  B/W 1/2     W:B       1:2           Time        Value Moves Dep 1:2       1-2-Draws
  10 W 2    2.0:1.0        1.0:9.0       8:13:39 AM   +23.96    26 0:0 0-8-2

--------------------------------------------------------------

Engine-Match Sunday, August 10, 2025 8:13:40 AM
 Blitz 2/1 

Pairing 20/21 :    Copycat_uci  -  SlowMate_v0.2.01_Enhanced_Search

PGN-File: C:\Program Files (x86)\Arena\Tournaments\Engine Battle 20250810.pgn

No:  B/W 1/2     W:B       1:2           Time        Value Moves Dep 1:2       1-2-Draws
  10 W 2    2.0:1.0        1.0:9.0       8:15:42 AM   +15.22    38 0:0 0-8-2

--------------------------------------------------------------

Engine-Match Sunday, August 10, 2025 8:15:43 AM
 Blitz 2/1 

Pairing 21/21 :    V7P3RAI_v1.0  -  Random_Opponent

PGN-File: C:\Program Files (x86)\Arena\Tournaments\Engine Battle 20250810.pgn

No:  B/W 1/2     W:B       1:2           Time        Value Moves Dep 1:2       1-2-Draws
  10 W 2    2.5:1.5        5.5:4.5       8:16:06 AM     0.00    54 0:0 4-3-3
