Engine-Match Tuesday, August 12, 2025 2:45:03 PM
 Tournament Game in 2 Minutes 

Pairing 1/36 :    Cece_v2.0  -  Stockfish 1%

PGN-File: C:\Program Files (x86)\Arena\Tournaments\Engine Battle 20250812.pgn

No:  B/W 1/2     W:B       1:2           Time        Value Moves Dep 1:2       1-2-Draws
   1 B 2    1.0:0.0        0.0:1.0       2:46:14 PM      -M1    20 0:10.400  0-1-0

--------------------------------------------------------------

Engine-Match Tuesday, August 12, 2025 2:46:15 PM
 Tournament Game in 2 Minutes 

Pairing 2/36 :    Slowmate_v1.0  -  Cecilia_v0.3

PGN-File: C:\Program Files (x86)\Arena\Tournaments\Engine Battle 20250812.pgn

No:  B/W 1/2     W:B       1:2           Time        Value Moves Dep 1:2       1-2-Draws
   1 = =    0.5:0.5        0.5:0.5       2:46:25 PM     0.00    10 0:0 0-0-1

--------------------------------------------------------------

Engine-Match Tuesday, August 12, 2025 2:46:26 PM
 Tournament Game in 2 Minutes 

Pairing 3/36 :    Cecilia_v0.1  -  Random_Opponent

PGN-File: C:\Program Files (x86)\Arena\Tournaments\Engine Battle 20250812.pgn

No:  B/W 1/2     W:B       1:2           Time        Value Moves Dep 1:2       1-2-Draws
   1 = =    0.5:0.5        0.5:0.5       2:47:54 PM     0.00   250 0:0 0-0-1

--------------------------------------------------------------

Engine-Match Tuesday, August 12, 2025 2:47:55 PM
 Tournament Game in 2 Minutes 

Pairing 4/36 :    Copycat_v1.0  -  Cecilia_v0.2

PGN-File: C:\Program Files (x86)\Arena\Tournaments\Engine Battle 20250812.pgn

No:  B/W 1/2     W:B       1:2           Time        Value Moves Dep 1:2       1-2-Draws
   1 = =    0.5:0.5        0.5:0.5       2:49:01 PM     0.00    29 0:0 0-0-1

--------------------------------------------------------------

Engine-Match Tuesday, August 12, 2025 2:49:03 PM
 Tournament Game in 2 Minutes 

Pairing 5/36 :    V7P3RAI_v1.0  -  Slowmate_v1.0

PGN-File: C:\Program Files (x86)\Arena\Tournaments\Engine Battle 20250812.pgn

No:  B/W 1/2     W:B       1:2           Time        Value Moves Dep 1:2       1-2-Draws
   1 B 2    1.0:0.0        0.0:1.0       2:49:34 PM     0.00    32 0:0 0-1-0

--------------------------------------------------------------

Engine-Match Tuesday, August 12, 2025 2:49:36 PM
 Tournament Game in 2 Minutes 

Pairing 6/36 :    Random_Opponent  -  Cece_v2.0

PGN-File: C:\Program Files (x86)\Arena\Tournaments\Engine Battle 20250812.pgn

No:  B/W 1/2     W:B       1:2           Time        Value Moves Dep 1:2       1-2-Draws
   1 B 2    1.0:0.0        0.0:1.0       2:50:03 PM     0.00     6 0:0 0-1-0

--------------------------------------------------------------

Engine-Match Tuesday, August 12, 2025 2:50:05 PM
 Tournament Game in 2 Minutes 

Pairing 7/36 :    Cecilia_v0.3  -  Copycat_v1.0

PGN-File: C:\Program Files (x86)\Arena\Tournaments\Engine Battle 20250812.pgn

No:  B/W 1/2     W:B       1:2           Time        Value Moves Dep 1:2       1-2-Draws
   1 = =    0.5:0.5        0.5:0.5       2:52:53 PM     0.00   141 0:0 0-0-1

--------------------------------------------------------------

Engine-Match Tuesday, August 12, 2025 2:52:54 PM
 Tournament Game in 2 Minutes 

Pairing 8/36 :    Cecilia_v0.2  -  Cecilia_v0.1

PGN-File: C:\Program Files (x86)\Arena\Tournaments\Engine Battle 20250812.pgn

No:  B/W 1/2     W:B       1:2           Time        Value Moves Dep 1:2       1-2-Draws
   1 = =    0.5:0.5        0.5:0.5       2:53:00 PM     0.00     8 0:0 0-0-1

--------------------------------------------------------------

Engine-Match Tuesday, August 12, 2025 2:53:01 PM
 Tournament Game in 2 Minutes 

Pairing 9/36 :    Stockfish 1%  -  Random_Opponent

PGN-File: C:\Program Files (x86)\Arena\Tournaments\Engine Battle 20250812.pgn

No:  B/W 1/2     W:B       1:2           Time        Value Moves Dep 1:2       1-2-Draws
   1 W 1    1.0:0.0        1.0:0.0       2:53:13 PM      +M1    24 10.250 :0 1-0-0

--------------------------------------------------------------

Engine-Match Tuesday, August 12, 2025 2:53:14 PM
 Tournament Game in 2 Minutes 

Pairing 10/36 :    Copycat_v1.0  -  V7P3RAI_v1.0

PGN-File: C:\Program Files (x86)\Arena\Tournaments\Engine Battle 20250812.pgn

No:  B/W 1/2     W:B       1:2           Time        Value Moves Dep 1:2       1-2-Draws
   1 = =    0.5:0.5        0.5:0.5       2:55:13 PM     0.00    54 0:0 0-0-1

--------------------------------------------------------------

Engine-Match Tuesday, August 12, 2025 2:55:14 PM
 Tournament Game in 2 Minutes 

Pairing 11/36 :    Cece_v2.0  -  Cecilia_v0.2

PGN-File: C:\Program Files (x86)\Arena\Tournaments\Engine Battle 20250812.pgn

No:  B/W 1/2     W:B       1:2           Time        Value Moves Dep 1:2       1-2-Draws
   1 W 1    1.0:0.0        1.0:0.0       2:57:10 PM     0.00    46 0:0 1-0-0

--------------------------------------------------------------

Engine-Match Tuesday, August 12, 2025 2:57:11 PM
 Tournament Game in 2 Minutes 

Pairing 12/36 :    Cecilia_v0.1  -  Cecilia_v0.3

PGN-File: C:\Program Files (x86)\Arena\Tournaments\Engine Battle 20250812.pgn

No:  B/W 1/2     W:B       1:2           Time        Value Moves Dep 1:2       1-2-Draws
   1 = =    0.5:0.5        0.5:0.5       2:57:17 PM     0.00     8 0:0 0-0-1

--------------------------------------------------------------

Engine-Match Tuesday, August 12, 2025 2:57:18 PM
 Tournament Game in 2 Minutes 

Pairing 13/36 :    Slowmate_v1.0  -  Copycat_v1.0

PGN-File: C:\Program Files (x86)\Arena\Tournaments\Engine Battle 20250812.pgn

No:  B/W 1/2     W:B       1:2           Time        Value Moves Dep 1:2       1-2-Draws
   1 W 1    1.0:0.0        1.0:0.0       2:58:40 PM     0.00    31 0:0 1-0-0

--------------------------------------------------------------

Engine-Match Tuesday, August 12, 2025 2:58:42 PM
 Tournament Game in 2 Minutes 

Pairing 14/36 :    Cecilia_v0.2  -  Stockfish 1%

PGN-File: C:\Program Files (x86)\Arena\Tournaments\Engine Battle 20250812.pgn

No:  B/W 1/2     W:B       1:2           Time        Value Moves Dep 1:2       1-2-Draws
   1 B 2    1.0:0.0        0.0:1.0       2:58:54 PM      -M1    27 0:11.750  0-1-0

--------------------------------------------------------------

Engine-Match Tuesday, August 12, 2025 2:58:56 PM
 Tournament Game in 2 Minutes 

Pairing 15/36 :    V7P3RAI_v1.0  -  Cecilia_v0.1

PGN-File: C:\Program Files (x86)\Arena\Tournaments\Engine Battle 20250812.pgn

No:  B/W 1/2     W:B       1:2           Time        Value Moves Dep 1:2       1-2-Draws
   1 = =    0.5:0.5        0.5:0.5       2:59:04 PM     0.00    11 0:0 0-0-1

--------------------------------------------------------------

Engine-Match Tuesday, August 12, 2025 2:59:06 PM
 Tournament Game in 2 Minutes 

Pairing 16/36 :    Cecilia_v0.3  -  Cece_v2.0

PGN-File: C:\Program Files (x86)\Arena\Tournaments\Engine Battle 20250812.pgn

No:  B/W 1/2     W:B       1:2           Time        Value Moves Dep 1:2       1-2-Draws
   1 B 2    1.0:0.0        0.0:1.0       2:59:57 PM     0.00    13 0:0 0-1-0

--------------------------------------------------------------

Engine-Match Tuesday, August 12, 2025 2:59:59 PM
 Tournament Game in 2 Minutes 

Pairing 17/36 :    Random_Opponent  -  Cecilia_v0.2

PGN-File: C:\Program Files (x86)\Arena\Tournaments\Engine Battle 20250812.pgn

No:  B/W 1/2     W:B       1:2           Time        Value Moves Dep 1:2       1-2-Draws
   1 = =    0.5:0.5        0.5:0.5       3:01:21 PM     0.00   236 0:0 0-0-1

--------------------------------------------------------------

Engine-Match Tuesday, August 12, 2025 3:01:23 PM
 Tournament Game in 2 Minutes 

Pairing 18/36 :    Cecilia_v0.1  -  Slowmate_v1.0

PGN-File: C:\Program Files (x86)\Arena\Tournaments\Engine Battle 20250812.pgn

No:  B/W 1/2     W:B       1:2           Time        Value Moves Dep 1:2       1-2-Draws
   1 B 2    1.0:0.0        0.0:1.0       3:01:30 PM     0.00     7 0:0 0-1-0

--------------------------------------------------------------

Engine-Match Tuesday, August 12, 2025 3:01:31 PM
 Tournament Game in 2 Minutes 

Pairing 19/36 :    Stockfish 1%  -  Cecilia_v0.3

PGN-File: C:\Program Files (x86)\Arena\Tournaments\Engine Battle 20250812.pgn

No:  B/W 1/2     W:B       1:2           Time        Value Moves Dep 1:2       1-2-Draws
   1 W 1    1.0:0.0        1.0:0.0       3:01:58 PM      +M1    65 10.167 :0 1-0-0

--------------------------------------------------------------

Engine-Match Tuesday, August 12, 2025 3:01:59 PM
 Tournament Game in 2 Minutes 

Pairing 20/36 :    Cece_v2.0  -  V7P3RAI_v1.0

PGN-File: C:\Program Files (x86)\Arena\Tournaments\Engine Battle 20250812.pgn

No:  B/W 1/2     W:B       1:2           Time        Value Moves Dep 1:2       1-2-Draws
   1 W 1    1.0:0.0        1.0:0.0       3:02:46 PM     0.00    11 0:0 1-0-0

--------------------------------------------------------------

Engine-Match Tuesday, August 12, 2025 3:02:53 PM
 Tournament Game in 2 Minutes 

Pairing 21/36 :    Copycat_v1.0  -  Cecilia_v0.1

PGN-File: C:\Program Files (x86)\Arena\Tournaments\Engine Battle 20250812.pgn

No:  B/W 1/2     W:B       1:2           Time        Value Moves Dep 1:2       1-2-Draws
   1 = =    0.5:0.5        0.5:0.5       3:04:08 PM     0.00    39 0:0 0-0-1

--------------------------------------------------------------

Engine-Match Tuesday, August 12, 2025 3:04:09 PM
 Tournament Game in 2 Minutes 

Pairing 22/36 :    Cecilia_v0.3  -  Random_Opponent

PGN-File: C:\Program Files (x86)\Arena\Tournaments\Engine Battle 20250812.pgn

No:  B/W 1/2     W:B       1:2           Time        Value Moves Dep 1:2       1-2-Draws
   1 = =    0.5:0.5        0.5:0.5       3:05:15 PM     0.00   180 0:0 0-0-1

--------------------------------------------------------------

Engine-Match Tuesday, August 12, 2025 3:05:16 PM
 Tournament Game in 2 Minutes 

Pairing 23/36 :    Slowmate_v1.0  -  Cece_v2.0

PGN-File: C:\Program Files (x86)\Arena\Tournaments\Engine Battle 20250812.pgn

No:  B/W 1/2     W:B       1:2           Time        Value Moves Dep 1:2       1-2-Draws
   1 W 1    1.0:0.0        1.0:0.0       3:06:38 PM     0.00    21 0:0 1-0-0

--------------------------------------------------------------

Engine-Match Tuesday, August 12, 2025 3:06:40 PM
 Tournament Game in 2 Minutes 

Pairing 24/36 :    V7P3RAI_v1.0  -  Stockfish 1%

PGN-File: C:\Program Files (x86)\Arena\Tournaments\Engine Battle 20250812.pgn

No:  B/W 1/2     W:B       1:2           Time        Value Moves Dep 1:2       1-2-Draws
   1 B 2    1.0:0.0        0.0:1.0       3:07:04 PM      -M1    46 0:8.667  0-1-0

--------------------------------------------------------------

Engine-Match Tuesday, August 12, 2025 3:07:06 PM
 Tournament Game in 2 Minutes 

Pairing 25/36 :    Cecilia_v0.2  -  Cecilia_v0.3

PGN-File: C:\Program Files (x86)\Arena\Tournaments\Engine Battle 20250812.pgn

No:  B/W 1/2     W:B       1:2           Time        Value Moves Dep 1:2       1-2-Draws
   1 = =    0.5:0.5        0.5:0.5       3:07:11 PM     0.00     8 0:0 0-0-1

--------------------------------------------------------------

Engine-Match Tuesday, August 12, 2025 3:07:12 PM
 Tournament Game in 2 Minutes 

Pairing 26/36 :    Cece_v2.0  -  Copycat_v1.0

PGN-File: C:\Program Files (x86)\Arena\Tournaments\Engine Battle 20250812.pgn

No:  B/W 1/2     W:B       1:2           Time        Value Moves Dep 1:2       1-2-Draws
   1 B 2    1.0:0.0        0.0:1.0       3:11:42 PM     0.00    97 0:0 0-1-0

--------------------------------------------------------------

Engine-Match Tuesday, August 12, 2025 3:11:44 PM
 Tournament Game in 2 Minutes 

Pairing 27/36 :    Random_Opponent  -  V7P3RAI_v1.0

PGN-File: C:\Program Files (x86)\Arena\Tournaments\Engine Battle 20250812.pgn

No:  B/W 1/2     W:B       1:2           Time        Value Moves Dep 1:2       1-2-Draws
   1 W 1    1.0:0.0        1.0:0.0       3:12:40 PM     0.00   143 0:0 1-0-0

--------------------------------------------------------------

Engine-Match Tuesday, August 12, 2025 3:12:42 PM
 Tournament Game in 2 Minutes 

Pairing 28/36 :    Stockfish 1%  -  Slowmate_v1.0

PGN-File: C:\Program Files (x86)\Arena\Tournaments\Engine Battle 20250812.pgn

No:  B/W 1/2     W:B       1:2           Time        Value Moves Dep 1:2       1-2-Draws
   1 W 1    1.0:0.0        1.0:0.0       3:13:21 PM      +M1    32 9.600 :0 1-0-0

--------------------------------------------------------------

Engine-Match Tuesday, August 12, 2025 3:13:22 PM
 Tournament Game in 2 Minutes 

Pairing 29/36 :    Cecilia_v0.1  -  Cece_v2.0

PGN-File: C:\Program Files (x86)\Arena\Tournaments\Engine Battle 20250812.pgn

No:  B/W 1/2     W:B       1:2           Time        Value Moves Dep 1:2       1-2-Draws
   1 = =    0.5:0.5        0.5:0.5       3:14:46 PM     0.00    26 0:0 0-0-1

--------------------------------------------------------------

Engine-Match Tuesday, August 12, 2025 3:14:47 PM
 Tournament Game in 2 Minutes 

Pairing 30/36 :    V7P3RAI_v1.0  -  Cecilia_v0.2

PGN-File: C:\Program Files (x86)\Arena\Tournaments\Engine Battle 20250812.pgn

No:  B/W 1/2     W:B       1:2           Time        Value Moves Dep 1:2       1-2-Draws
   1 = =    0.5:0.5        0.5:0.5       3:14:56 PM     0.00    11 0:0 0-0-1

--------------------------------------------------------------

Engine-Match Tuesday, August 12, 2025 3:14:57 PM
 Tournament Game in 2 Minutes 

Pairing 31/36 :    Copycat_v1.0  -  Stockfish 1%

PGN-File: C:\Program Files (x86)\Arena\Tournaments\Engine Battle 20250812.pgn

No:  B/W 1/2     W:B       1:2           Time        Value Moves Dep 1:2       1-2-Draws
   1 B 2    1.0:0.0        0.0:1.0       3:16:13 PM      -M1    30 0:10.571  0-1-0

--------------------------------------------------------------

Engine-Match Tuesday, August 12, 2025 3:16:15 PM
 Tournament Game in 2 Minutes 

Pairing 32/36 :    Slowmate_v1.0  -  Random_Opponent

PGN-File: C:\Program Files (x86)\Arena\Tournaments\Engine Battle 20250812.pgn

No:  B/W 1/2     W:B       1:2           Time        Value Moves Dep 1:2       1-2-Draws
   1 W 1    1.0:0.0        1.0:0.0       3:16:46 PM     0.00    37 0:0 1-0-0

--------------------------------------------------------------

Engine-Match Tuesday, August 12, 2025 3:16:48 PM
 Tournament Game in 2 Minutes 

Pairing 33/36 :    Cecilia_v0.3  -  V7P3RAI_v1.0

PGN-File: C:\Program Files (x86)\Arena\Tournaments\Engine Battle 20250812.pgn

No:  B/W 1/2     W:B       1:2           Time        Value Moves Dep 1:2       1-2-Draws
   1 = =    0.5:0.5        0.5:0.5       3:17:00 PM     0.00    19 0:0 0-0-1

--------------------------------------------------------------

Engine-Match Tuesday, August 12, 2025 3:17:01 PM
 Tournament Game in 2 Minutes 

Pairing 34/36 :    Stockfish 1%  -  Cecilia_v0.1

PGN-File: C:\Program Files (x86)\Arena\Tournaments\Engine Battle 20250812.pgn

No:  B/W 1/2     W:B       1:2           Time        Value Moves Dep 1:2       1-2-Draws
   1 W 1    1.0:0.0        1.0:0.0       3:17:16 PM      +M1    33 9.250 :0 1-0-0

--------------------------------------------------------------

Engine-Match Tuesday, August 12, 2025 3:17:18 PM
 Tournament Game in 2 Minutes 

Pairing 35/36 :    Cecilia_v0.2  -  Slowmate_v1.0

PGN-File: C:\Program Files (x86)\Arena\Tournaments\Engine Battle 20250812.pgn

No:  B/W 1/2     W:B       1:2           Time        Value Moves Dep 1:2       1-2-Draws
   1 B 2    1.0:0.0        0.0:1.0       3:17:24 PM     0.00     7 0:0 0-1-0

--------------------------------------------------------------

Engine-Match Tuesday, August 12, 2025 3:17:26 PM
 Tournament Game in 2 Minutes 

Pairing 36/36 :    Random_Opponent  -  Copycat_v1.0

PGN-File: C:\Program Files (x86)\Arena\Tournaments\Engine Battle 20250812.pgn

No:  B/W 1/2     W:B       1:2           Time        Value Moves Dep 1:2       1-2-Draws
   1 = =    0.5:0.5        0.5:0.5       3:19:54 PM     0.00    98 0:0 0-0-1

--------------------------------------------------------------

Engine-Match Tuesday, August 12, 2025 3:19:55 PM
 Tournament Game in 2 Minutes 

Pairing 1/36 :    Cece_v2.0  -  Stockfish 1%

PGN-File: C:\Program Files (x86)\Arena\Tournaments\Engine Battle 20250812.pgn

No:  B/W 1/2     W:B       1:2           Time        Value Moves Dep 1:2       1-2-Draws
   2 W 2    1.0:0.0        0.0:2.0       3:20:22 PM    +1.92     6 0:9.800  0-2-0

--------------------------------------------------------------

Engine-Match Tuesday, August 12, 2025 3:20:24 PM
 Tournament Game in 2 Minutes 

Pairing 2/36 :    Slowmate_v1.0  -  Cecilia_v0.3

PGN-File: C:\Program Files (x86)\Arena\Tournaments\Engine Battle 20250812.pgn

No:  B/W 1/2     W:B       1:2           Time        Value Moves Dep 1:2       1-2-Draws
   2 B 1    1.5:0.5        1.5:0.5       3:20:30 PM     0.00     7 0:0 1-0-1

--------------------------------------------------------------

Engine-Match Tuesday, August 12, 2025 3:20:32 PM
 Tournament Game in 2 Minutes 

Pairing 3/36 :    Cecilia_v0.1  -  Random_Opponent

PGN-File: C:\Program Files (x86)\Arena\Tournaments\Engine Battle 20250812.pgn

No:  B/W 1/2     W:B       1:2           Time        Value Moves Dep 1:2       1-2-Draws
   2 W 2    1.5:0.5        0.5:1.5       3:21:44 PM     0.00   206 0:0 0-1-1

--------------------------------------------------------------

Engine-Match Tuesday, August 12, 2025 3:21:46 PM
 Tournament Game in 2 Minutes 

Pairing 4/36 :    Copycat_v1.0  -  Cecilia_v0.2

PGN-File: C:\Program Files (x86)\Arena\Tournaments\Engine Battle 20250812.pgn

No:  B/W 1/2     W:B       1:2           Time        Value Moves Dep 1:2       1-2-Draws
   2 B 1    1.5:0.5        1.5:0.5       3:22:15 PM     0.00    16 0:0 1-0-1

--------------------------------------------------------------

Engine-Match Tuesday, August 12, 2025 3:22:22 PM
 Tournament Game in 2 Minutes 

Pairing 5/36 :    V7P3RAI_v1.0  -  Slowmate_v1.0

PGN-File: C:\Program Files (x86)\Arena\Tournaments\Engine Battle 20250812.pgn

No:  B/W 1/2     W:B       1:2           Time        Value Moves Dep 1:2       1-2-Draws
   2 W 2    1.0:0.0        0.0:2.0       3:22:32 PM     0.00     8 0:0 0-2-0

--------------------------------------------------------------

Engine-Match Tuesday, August 12, 2025 3:22:34 PM
 Tournament Game in 2 Minutes 

Pairing 6/36 :    Random_Opponent  -  Cece_v2.0

PGN-File: C:\Program Files (x86)\Arena\Tournaments\Engine Battle 20250812.pgn

No:  B/W 1/2     W:B       1:2           Time        Value Moves Dep 1:2       1-2-Draws
   2 W 2    1.0:0.0        0.0:2.0       3:23:56 PM     0.00    26 0:0 0-2-0

--------------------------------------------------------------

Engine-Match Tuesday, August 12, 2025 3:23:58 PM
 Tournament Game in 2 Minutes 

Pairing 7/36 :    Cecilia_v0.3  -  Copycat_v1.0

PGN-File: C:\Program Files (x86)\Arena\Tournaments\Engine Battle 20250812.pgn

No:  B/W 1/2     W:B       1:2           Time        Value Moves Dep 1:2       1-2-Draws
   2 W 2    1.5:0.5        0.5:1.5       3:26:04 PM     0.00    64 0:0 0-1-1

--------------------------------------------------------------

Engine-Match Tuesday, August 12, 2025 3:26:06 PM
 Tournament Game in 2 Minutes 

Pairing 8/36 :    Cecilia_v0.2  -  Cecilia_v0.1

PGN-File: C:\Program Files (x86)\Arena\Tournaments\Engine Battle 20250812.pgn

No:  B/W 1/2     W:B       1:2           Time        Value Moves Dep 1:2       1-2-Draws
   2 = =    1.0:1.0        1.0:1.0       3:26:11 PM     0.00     8 0:0 0-0-2

--------------------------------------------------------------

Engine-Match Tuesday, August 12, 2025 3:26:13 PM
 Tournament Game in 2 Minutes 

Pairing 9/36 :    Stockfish 1%  -  Random_Opponent

PGN-File: C:\Program Files (x86)\Arena\Tournaments\Engine Battle 20250812.pgn

No:  B/W 1/2     W:B       1:2           Time        Value Moves Dep 1:2       1-2-Draws
   2 B 1    1.0:0.0        2.0:0.0       3:26:24 PM      -M1    25 9.200 :0 2-0-0

--------------------------------------------------------------

Engine-Match Tuesday, August 12, 2025 3:26:26 PM
 Tournament Game in 2 Minutes 

Pairing 10/36 :    Copycat_v1.0  -  V7P3RAI_v1.0

PGN-File: C:\Program Files (x86)\Arena\Tournaments\Engine Battle 20250812.pgn

No:  B/W 1/2     W:B       1:2           Time        Value Moves Dep 1:2       1-2-Draws
   2 W 2    1.5:0.5        0.5:1.5       3:26:57 PM     0.00    20 0:0 0-1-1

--------------------------------------------------------------

Engine-Match Tuesday, August 12, 2025 3:26:58 PM
 Tournament Game in 2 Minutes 

Pairing 11/36 :    Cece_v2.0  -  Cecilia_v0.2

PGN-File: C:\Program Files (x86)\Arena\Tournaments\Engine Battle 20250812.pgn

No:  B/W 1/2     W:B       1:2           Time        Value Moves Dep 1:2       1-2-Draws
   2 B 1    1.0:0.0        2.0:0.0       3:28:19 PM     0.00    25 0:0 2-0-0

--------------------------------------------------------------

Engine-Match Tuesday, August 12, 2025 3:28:21 PM
 Tournament Game in 2 Minutes 

Pairing 12/36 :    Cecilia_v0.1  -  Cecilia_v0.3

PGN-File: C:\Program Files (x86)\Arena\Tournaments\Engine Battle 20250812.pgn

No:  B/W 1/2     W:B       1:2           Time        Value Moves Dep 1:2       1-2-Draws
   2 = =    1.0:1.0        1.0:1.0       3:28:26 PM     0.00     8 0:0 0-0-2

--------------------------------------------------------------

Engine-Match Tuesday, August 12, 2025 3:28:27 PM
 Tournament Game in 2 Minutes 

Pairing 13/36 :    Slowmate_v1.0  -  Copycat_v1.0

PGN-File: C:\Program Files (x86)\Arena\Tournaments\Engine Battle 20250812.pgn

No:  B/W 1/2     W:B       1:2           Time        Value Moves Dep 1:2       1-2-Draws
   2 B 1    1.0:0.0        2.0:0.0       3:28:44 PM     0.00    10 0:0 2-0-0

--------------------------------------------------------------

Engine-Match Tuesday, August 12, 2025 3:28:46 PM
 Tournament Game in 2 Minutes 

Pairing 14/36 :    Cecilia_v0.2  -  Stockfish 1%

PGN-File: C:\Program Files (x86)\Arena\Tournaments\Engine Battle 20250812.pgn

No:  B/W 1/2     W:B       1:2           Time        Value Moves Dep 1:2       1-2-Draws
   2 W 2    1.0:0.0        0.0:2.0       3:28:55 PM      +M1    19 0:9.333  0-2-0

--------------------------------------------------------------

Engine-Match Tuesday, August 12, 2025 3:28:57 PM
 Tournament Game in 2 Minutes 

Pairing 15/36 :    V7P3RAI_v1.0  -  Cecilia_v0.1

PGN-File: C:\Program Files (x86)\Arena\Tournaments\Engine Battle 20250812.pgn

No:  B/W 1/2     W:B       1:2           Time        Value Moves Dep 1:2       1-2-Draws
   2 = =    1.0:1.0        1.0:1.0       3:29:09 PM     0.00    19 0:0 0-0-2

--------------------------------------------------------------

Engine-Match Tuesday, August 12, 2025 3:29:10 PM
 Tournament Game in 2 Minutes 

Pairing 16/36 :    Cecilia_v0.3  -  Cece_v2.0

PGN-File: C:\Program Files (x86)\Arena\Tournaments\Engine Battle 20250812.pgn

No:  B/W 1/2     W:B       1:2           Time        Value Moves Dep 1:2       1-2-Draws
   2 = =    0.5:0.5        0.5:1.5       3:31:04 PM     0.00    44 0:0 0-1-1

--------------------------------------------------------------

Engine-Match Tuesday, August 12, 2025 3:31:05 PM
 Tournament Game in 2 Minutes 

Pairing 17/36 :    Random_Opponent  -  Cecilia_v0.2

PGN-File: C:\Program Files (x86)\Arena\Tournaments\Engine Battle 20250812.pgn

No:  B/W 1/2     W:B       1:2           Time        Value Moves Dep 1:2       1-2-Draws
   2 = =    1.0:1.0        1.0:1.0       3:31:58 PM     0.00   145 0:0 0-0-2

--------------------------------------------------------------

Engine-Match Tuesday, August 12, 2025 3:31:59 PM
 Tournament Game in 2 Minutes 

Pairing 18/36 :    Cecilia_v0.1  -  Slowmate_v1.0

PGN-File: C:\Program Files (x86)\Arena\Tournaments\Engine Battle 20250812.pgn

No:  B/W 1/2     W:B       1:2           Time        Value Moves Dep 1:2       1-2-Draws
   2 = =    0.5:0.5        0.5:1.5       3:32:09 PM     0.00    10 0:0 0-1-1

--------------------------------------------------------------

Engine-Match Tuesday, August 12, 2025 3:32:10 PM
 Tournament Game in 2 Minutes 

Pairing 19/36 :    Stockfish 1%  -  Cecilia_v0.3

PGN-File: C:\Program Files (x86)\Arena\Tournaments\Engine Battle 20250812.pgn

No:  B/W 1/2     W:B       1:2           Time        Value Moves Dep 1:2       1-2-Draws
   2 B 1    1.0:0.0        2.0:0.0       3:32:25 PM      -M1    32 11.500 :0 2-0-0

--------------------------------------------------------------

Engine-Match Tuesday, August 12, 2025 3:32:27 PM
 Tournament Game in 2 Minutes 

Pairing 20/36 :    Cece_v2.0  -  V7P3RAI_v1.0

PGN-File: C:\Program Files (x86)\Arena\Tournaments\Engine Battle 20250812.pgn

No:  B/W 1/2     W:B       1:2           Time        Value Moves Dep 1:2       1-2-Draws
   2 W 2    1.0:0.0        1.0:1.0       3:33:07 PM     0.00     9 0:0 1-1-0

--------------------------------------------------------------

Engine-Match Tuesday, August 12, 2025 3:33:09 PM
 Tournament Game in 2 Minutes 

Pairing 21/36 :    Copycat_v1.0  -  Cecilia_v0.1

PGN-File: C:\Program Files (x86)\Arena\Tournaments\Engine Battle 20250812.pgn

No:  B/W 1/2     W:B       1:2           Time        Value Moves Dep 1:2       1-2-Draws
   2 = =    1.0:1.0        1.0:1.0       3:34:46 PM     0.00    39 0:0 0-0-2

--------------------------------------------------------------

Engine-Match Tuesday, August 12, 2025 3:34:48 PM
 Tournament Game in 2 Minutes 

Pairing 22/36 :    Cecilia_v0.3  -  Random_Opponent

PGN-File: C:\Program Files (x86)\Arena\Tournaments\Engine Battle 20250812.pgn

No:  B/W 1/2     W:B       1:2           Time        Value Moves Dep 1:2       1-2-Draws
   2 = =    1.0:1.0        1.0:1.0       3:36:17 PM     0.00   250 0:0 0-0-2

--------------------------------------------------------------

Engine-Match Tuesday, August 12, 2025 3:36:19 PM
 Tournament Game in 2 Minutes 

Pairing 23/36 :    Slowmate_v1.0  -  Cece_v2.0

PGN-File: C:\Program Files (x86)\Arena\Tournaments\Engine Battle 20250812.pgn

No:  B/W 1/2     W:B       1:2           Time        Value Moves Dep 1:2       1-2-Draws
   2 B 1    1.0:0.0        2.0:0.0       3:38:30 PM     0.00    44 0:0 2-0-0

--------------------------------------------------------------

Engine-Match Tuesday, August 12, 2025 3:38:31 PM
 Tournament Game in 2 Minutes 

Pairing 24/36 :    V7P3RAI_v1.0  -  Stockfish 1%

PGN-File: C:\Program Files (x86)\Arena\Tournaments\Engine Battle 20250812.pgn

No:  B/W 1/2     W:B       1:2           Time        Value Moves Dep 1:2       1-2-Draws
   2 W 2    1.0:0.0        0.0:2.0       3:38:39 PM      +M1     7 0:9.667  0-2-0

--------------------------------------------------------------

Engine-Match Tuesday, August 12, 2025 3:38:45 PM
 Tournament Game in 2 Minutes 

Pairing 25/36 :    Cecilia_v0.2  -  Cecilia_v0.3

PGN-File: C:\Program Files (x86)\Arena\Tournaments\Engine Battle 20250812.pgn

No:  B/W 1/2     W:B       1:2           Time        Value Moves Dep 1:2       1-2-Draws
   2 = =    1.0:1.0        1.0:1.0       3:38:50 PM     0.00     8 0:0 0-0-2

--------------------------------------------------------------

Engine-Match Tuesday, August 12, 2025 3:38:51 PM
 Tournament Game in 2 Minutes 

Pairing 26/36 :    Cece_v2.0  -  Copycat_v1.0

PGN-File: C:\Program Files (x86)\Arena\Tournaments\Engine Battle 20250812.pgn

No:  B/W 1/2     W:B       1:2           Time        Value Moves Dep 1:2       1-2-Draws
   2 B 1    1.0:0.0        1.0:1.0       3:39:22 PM     0.00     6 0:0 1-1-0

--------------------------------------------------------------

Engine-Match Tuesday, August 12, 2025 3:39:23 PM
 Tournament Game in 2 Minutes 

Pairing 27/36 :    Random_Opponent  -  V7P3RAI_v1.0

PGN-File: C:\Program Files (x86)\Arena\Tournaments\Engine Battle 20250812.pgn

No:  B/W 1/2     W:B       1:2           Time        Value Moves Dep 1:2       1-2-Draws
   2 W 2    1.0:0.0        1.0:1.0       3:39:35 PM     0.00    21 0:0 1-1-0

--------------------------------------------------------------

Engine-Match Tuesday, August 12, 2025 3:39:37 PM
 Tournament Game in 2 Minutes 

Pairing 28/36 :    Stockfish 1%  -  Slowmate_v1.0

PGN-File: C:\Program Files (x86)\Arena\Tournaments\Engine Battle 20250812.pgn

No:  B/W 1/2     W:B       1:2           Time        Value Moves Dep 1:2       1-2-Draws
   2 = =    0.5:0.5        1.5:0.5       3:41:42 PM     0.00   184 10.200 :0 1-0-1

--------------------------------------------------------------

Engine-Match Tuesday, August 12, 2025 3:41:43 PM
 Tournament Game in 2 Minutes 

Pairing 29/36 :    Cecilia_v0.1  -  Cece_v2.0

PGN-File: C:\Program Files (x86)\Arena\Tournaments\Engine Battle 20250812.pgn

No:  B/W 1/2     W:B       1:2           Time        Value Moves Dep 1:2       1-2-Draws
   2 W 2    1.5:0.5        0.5:1.5       3:43:18 PM     0.00    32 0:0 0-1-1

--------------------------------------------------------------

Engine-Match Tuesday, August 12, 2025 3:43:20 PM
 Tournament Game in 2 Minutes 

Pairing 30/36 :    V7P3RAI_v1.0  -  Cecilia_v0.2

PGN-File: C:\Program Files (x86)\Arena\Tournaments\Engine Battle 20250812.pgn

No:  B/W 1/2     W:B       1:2           Time        Value Moves Dep 1:2       1-2-Draws
   2 = =    1.0:1.0        1.0:1.0       3:43:32 PM     0.00    19 0:0 0-0-2

--------------------------------------------------------------

Engine-Match Tuesday, August 12, 2025 3:43:33 PM
 Tournament Game in 2 Minutes 

Pairing 31/36 :    Copycat_v1.0  -  Stockfish 1%

PGN-File: C:\Program Files (x86)\Arena\Tournaments\Engine Battle 20250812.pgn

No:  B/W 1/2     W:B       1:2           Time        Value Moves Dep 1:2       1-2-Draws
   2 W 2    1.0:0.0        0.0:2.0       3:45:59 PM      +M1    84 0:11.400  0-2-0

--------------------------------------------------------------

Engine-Match Tuesday, August 12, 2025 3:46:01 PM
 Tournament Game in 2 Minutes 

Pairing 32/36 :    Slowmate_v1.0  -  Random_Opponent

PGN-File: C:\Program Files (x86)\Arena\Tournaments\Engine Battle 20250812.pgn

No:  B/W 1/2     W:B       1:2           Time        Value Moves Dep 1:2       1-2-Draws
   2 B 1    1.0:0.0        2.0:0.0       3:46:24 PM     0.00    23 0:0 2-0-0

--------------------------------------------------------------

Engine-Match Tuesday, August 12, 2025 3:46:26 PM
 Tournament Game in 2 Minutes 

Pairing 33/36 :    Cecilia_v0.3  -  V7P3RAI_v1.0

PGN-File: C:\Program Files (x86)\Arena\Tournaments\Engine Battle 20250812.pgn

No:  B/W 1/2     W:B       1:2           Time        Value Moves Dep 1:2       1-2-Draws
   2 = =    1.0:1.0        1.0:1.0       3:46:34 PM     0.00    11 0:0 0-0-2

--------------------------------------------------------------

Engine-Match Tuesday, August 12, 2025 3:46:36 PM
 Tournament Game in 2 Minutes 

Pairing 34/36 :    Stockfish 1%  -  Cecilia_v0.1

PGN-File: C:\Program Files (x86)\Arena\Tournaments\Engine Battle 20250812.pgn

No:  B/W 1/2     W:B       1:2           Time        Value Moves Dep 1:2       1-2-Draws
   2 B 1    1.0:0.0        2.0:0.0       3:46:45 PM      -M1    17 10.600 :0 2-0-0

--------------------------------------------------------------

Engine-Match Tuesday, August 12, 2025 3:46:46 PM
 Tournament Game in 2 Minutes 

Pairing 35/36 :    Cecilia_v0.2  -  Slowmate_v1.0

PGN-File: C:\Program Files (x86)\Arena\Tournaments\Engine Battle 20250812.pgn

No:  B/W 1/2     W:B       1:2           Time        Value Moves Dep 1:2       1-2-Draws
   2 = =    0.5:0.5        0.5:1.5       3:46:56 PM     0.00    10 0:0 0-1-1

--------------------------------------------------------------

Engine-Match Tuesday, August 12, 2025 3:46:57 PM
 Tournament Game in 2 Minutes 

Pairing 36/36 :    Random_Opponent  -  Copycat_v1.0

PGN-File: C:\Program Files (x86)\Arena\Tournaments\Engine Battle 20250812.pgn

No:  B/W 1/2     W:B       1:2           Time        Value Moves Dep 1:2       1-2-Draws
   2 = =    1.0:1.0        1.0:1.0       3:49:33 PM     0.00   113 0:0 0-0-2
