Engine-Match Tuesday, August 12, 2025 4:52:09 PM
 Tournament Game in 2 Minutes 

Pairing 1/21 :    Stockfish 1%  -  Copycat_v1.0

PGN-File: C:\Program Files (x86)\Arena\Tournaments\Engine Battle 20250812_2.pgn

No:  B/W 1/2     W:B       1:2           Time        Value Moves Dep 1:2       1-2-Draws
   1 W 1    1.0:0.0        1.0:0.0       4:53:04 PM      +M1    27 9.750 :0 1-0-0

--------------------------------------------------------------

Engine-Match Tuesday, August 12, 2025 4:53:05 PM
 Tournament Game in 2 Minutes 

Pairing 2/21 :    Cecilia_v0.3  -  Slowmate_v1.0

PGN-File: C:\Program Files (x86)\Arena\Tournaments\Engine Battle 20250812_2.pgn

No:  B/W 1/2     W:B       1:2           Time        Value Moves Dep 1:2       1-2-Draws
   1 B 2    1.0:0.0        0.0:1.0       4:53:12 PM     0.00     7 0:0 0-1-0

--------------------------------------------------------------

Engine-Match Tuesday, August 12, 2025 4:53:13 PM
 Tournament Game in 2 Minutes 

Pairing 3/21 :    Cece_v2.0  -  Random_Opponent

PGN-File: C:\Program Files (x86)\Arena\Tournaments\Engine Battle 20250812_2.pgn

No:  B/W 1/2     W:B       1:2           Time        Value Moves Dep 1:2       1-2-Draws
   1 W 1    1.0:0.0        1.0:0.0       4:54:20 PM     0.00    19 0:0 1-0-0

--------------------------------------------------------------

Engine-Match Tuesday, August 12, 2025 4:54:21 PM
 Tournament Game in 2 Minutes 

Pairing 4/21 :    V7P3RAI_v1.0  -  Cecilia_v0.3

PGN-File: C:\Program Files (x86)\Arena\Tournaments\Engine Battle 20250812_2.pgn

No:  B/W 1/2     W:B       1:2           Time        Value Moves Dep 1:2       1-2-Draws
   1 = =    0.5:0.5        0.5:0.5       4:54:30 PM     0.00    11 0:0 0-0-1

--------------------------------------------------------------

Engine-Match Tuesday, August 12, 2025 4:54:32 PM
 Tournament Game in 2 Minutes 

Pairing 5/21 :    Random_Opponent  -  Stockfish 1%

PGN-File: C:\Program Files (x86)\Arena\Tournaments\Engine Battle 20250812_2.pgn

No:  B/W 1/2     W:B       1:2           Time        Value Moves Dep 1:2       1-2-Draws
   1 B 2    1.0:0.0        0.0:1.0       4:54:37 PM      -M1     5 0:15.800  0-1-0

--------------------------------------------------------------

Engine-Match Tuesday, August 12, 2025 4:54:38 PM
 Tournament Game in 2 Minutes 

Pairing 6/21 :    Slowmate_v1.0  -  Cece_v2.0

PGN-File: C:\Program Files (x86)\Arena\Tournaments\Engine Battle 20250812_2.pgn

No:  B/W 1/2     W:B       1:2           Time        Value Moves Dep 1:2       1-2-Draws
   1 W 1    1.0:0.0        1.0:0.0       4:55:38 PM     0.00    14 0:0 1-0-0

--------------------------------------------------------------

Engine-Match Tuesday, August 12, 2025 4:55:39 PM
 Tournament Game in 2 Minutes 

Pairing 7/21 :    Copycat_v1.0  -  Random_Opponent

PGN-File: C:\Program Files (x86)\Arena\Tournaments\Engine Battle 20250812_2.pgn

No:  B/W 1/2     W:B       1:2           Time        Value Moves Dep 1:2       1-2-Draws
   1 = =    0.5:0.5        0.5:0.5       4:58:54 PM     0.00   251 0:0 0-0-1

--------------------------------------------------------------

Engine-Match Tuesday, August 12, 2025 4:58:55 PM
 Tournament Game in 2 Minutes 

Pairing 8/21 :    Cece_v2.0  -  V7P3RAI_v1.0

PGN-File: C:\Program Files (x86)\Arena\Tournaments\Engine Battle 20250812_2.pgn

No:  B/W 1/2     W:B       1:2           Time        Value Moves Dep 1:2       1-2-Draws
   1 W 1    1.0:0.0        1.0:0.0       5:00:11 PM     0.00    21 0:0 1-0-0

--------------------------------------------------------------

Engine-Match Tuesday, August 12, 2025 5:00:12 PM
 Tournament Game in 2 Minutes 

Pairing 9/21 :    Stockfish 1%  -  Slowmate_v1.0

PGN-File: C:\Program Files (x86)\Arena\Tournaments\Engine Battle 20250812_2.pgn

No:  B/W 1/2     W:B       1:2           Time        Value Moves Dep 1:2       1-2-Draws
   1 W 1    1.0:0.0        1.0:0.0       5:01:18 PM      +M1    60 8.625 :0 1-0-0

--------------------------------------------------------------

Engine-Match Tuesday, August 12, 2025 5:01:19 PM
 Tournament Game in 2 Minutes 

Pairing 10/21 :    Cecilia_v0.3  -  Cece_v2.0

PGN-File: C:\Program Files (x86)\Arena\Tournaments\Engine Battle 20250812_2.pgn

No:  B/W 1/2     W:B       1:2           Time        Value Moves Dep 1:2       1-2-Draws
   1 B 2    1.0:0.0        0.0:1.0       5:02:44 PM     0.00    27 0:0 0-1-0

--------------------------------------------------------------

Engine-Match Tuesday, August 12, 2025 5:02:45 PM
 Tournament Game in 2 Minutes 

Pairing 11/21 :    Slowmate_v1.0  -  Copycat_v1.0

PGN-File: C:\Program Files (x86)\Arena\Tournaments\Engine Battle 20250812_2.pgn

No:  B/W 1/2     W:B       1:2           Time        Value Moves Dep 1:2       1-2-Draws
   1 W 1    1.0:0.0        1.0:0.0       5:04:36 PM     0.00    39 0:0 1-0-0

--------------------------------------------------------------

Engine-Match Tuesday, August 12, 2025 5:04:38 PM
 Tournament Game in 2 Minutes 

Pairing 12/21 :    V7P3RAI_v1.0  -  Stockfish 1%

PGN-File: C:\Program Files (x86)\Arena\Tournaments\Engine Battle 20250812_2.pgn

No:  B/W 1/2     W:B       1:2           Time        Value Moves Dep 1:2       1-2-Draws
   1 = =    0.5:0.5        0.5:0.5       5:06:08 PM     0.00   223 0:9.167  0-0-1

--------------------------------------------------------------

Engine-Match Tuesday, August 12, 2025 5:06:09 PM
 Tournament Game in 2 Minutes 

Pairing 13/21 :    Random_Opponent  -  Slowmate_v1.0

PGN-File: C:\Program Files (x86)\Arena\Tournaments\Engine Battle 20250812_2.pgn

No:  B/W 1/2     W:B       1:2           Time        Value Moves Dep 1:2       1-2-Draws
   1 B 2    1.0:0.0        0.0:1.0       5:06:38 PM     0.00    37 0:0 0-1-0

--------------------------------------------------------------

Engine-Match Tuesday, August 12, 2025 5:06:39 PM
 Tournament Game in 2 Minutes 

Pairing 14/21 :    Stockfish 1%  -  Cecilia_v0.3

PGN-File: C:\Program Files (x86)\Arena\Tournaments\Engine Battle 20250812_2.pgn

No:  B/W 1/2     W:B       1:2           Time        Value Moves Dep 1:2       1-2-Draws
   1 W 1    1.0:0.0        1.0:0.0       5:06:57 PM      +M1    43 10.400 :0 1-0-0

--------------------------------------------------------------

Engine-Match Tuesday, August 12, 2025 5:06:58 PM
 Tournament Game in 2 Minutes 

Pairing 15/21 :    Copycat_v1.0  -  V7P3RAI_v1.0

PGN-File: C:\Program Files (x86)\Arena\Tournaments\Engine Battle 20250812_2.pgn

No:  B/W 1/2     W:B       1:2           Time        Value Moves Dep 1:2       1-2-Draws
   1 W 1    1.0:0.0        1.0:0.0       5:07:09 PM     0.00     6 0:0 1-0-0

--------------------------------------------------------------

Engine-Match Tuesday, August 12, 2025 5:07:10 PM
 Tournament Game in 2 Minutes 

Pairing 16/21 :    Cece_v2.0  -  Stockfish 1%

PGN-File: C:\Program Files (x86)\Arena\Tournaments\Engine Battle 20250812_2.pgn

No:  B/W 1/2     W:B       1:2           Time        Value Moves Dep 1:2       1-2-Draws
   1 B 2    1.0:0.0        0.0:1.0       5:08:33 PM      -M1    25 0:11.167  0-1-0

--------------------------------------------------------------

Engine-Match Tuesday, August 12, 2025 5:08:34 PM
 Tournament Game in 2 Minutes 

Pairing 17/21 :    V7P3RAI_v1.0  -  Random_Opponent

PGN-File: C:\Program Files (x86)\Arena\Tournaments\Engine Battle 20250812_2.pgn

No:  B/W 1/2     W:B       1:2           Time        Value Moves Dep 1:2       1-2-Draws
   1 W 1    1.0:0.0        1.0:0.0       5:08:46 PM     0.00    17 0:0 1-0-0

--------------------------------------------------------------

Engine-Match Tuesday, August 12, 2025 5:08:48 PM
 Tournament Game in 2 Minutes 

Pairing 18/21 :    Cecilia_v0.3  -  Copycat_v1.0

PGN-File: C:\Program Files (x86)\Arena\Tournaments\Engine Battle 20250812_2.pgn

No:  B/W 1/2     W:B       1:2           Time        Value Moves Dep 1:2       1-2-Draws
   1 = =    0.5:0.5        0.5:0.5       5:09:48 PM     0.00    31 0:0 0-0-1

--------------------------------------------------------------

Engine-Match Tuesday, August 12, 2025 5:09:49 PM
 Tournament Game in 2 Minutes 

Pairing 19/21 :    Slowmate_v1.0  -  V7P3RAI_v1.0

PGN-File: C:\Program Files (x86)\Arena\Tournaments\Engine Battle 20250812_2.pgn

No:  B/W 1/2     W:B       1:2           Time        Value Moves Dep 1:2       1-2-Draws
   1 W 1    1.0:0.0        1.0:0.0       5:10:00 PM     0.00     8 0:0 1-0-0

--------------------------------------------------------------

Engine-Match Tuesday, August 12, 2025 5:10:01 PM
 Tournament Game in 2 Minutes 

Pairing 20/21 :    Copycat_v1.0  -  Cece_v2.0

PGN-File: C:\Program Files (x86)\Arena\Tournaments\Engine Battle 20250812_2.pgn

No:  B/W 1/2     W:B       1:2           Time        Value Moves Dep 1:2       1-2-Draws
   1 = =    0.5:0.5        0.5:0.5       5:14:36 PM     0.00   114 0:0 0-0-1

--------------------------------------------------------------

Engine-Match Tuesday, August 12, 2025 5:14:43 PM
 Tournament Game in 2 Minutes 

Pairing 21/21 :    Random_Opponent  -  Cecilia_v0.3

PGN-File: C:\Program Files (x86)\Arena\Tournaments\Engine Battle 20250812_2.pgn

No:  B/W 1/2     W:B       1:2           Time        Value Moves Dep 1:2       1-2-Draws
   1 = =    0.5:0.5        0.5:0.5       5:15:57 PM     0.00   207 0:0 0-0-1

--------------------------------------------------------------

Engine-Match Tuesday, August 12, 2025 5:15:58 PM
 Tournament Game in 2 Minutes 

Pairing 1/21 :    Stockfish 1%  -  Copycat_v1.0

PGN-File: C:\Program Files (x86)\Arena\Tournaments\Engine Battle 20250812_2.pgn

No:  B/W 1/2     W:B       1:2           Time        Value Moves Dep 1:2       1-2-Draws
   2 B 1    1.0:0.0        2.0:0.0       5:16:08 PM      -M1     6 16.250 :0 2-0-0

--------------------------------------------------------------

Engine-Match Tuesday, August 12, 2025 5:16:10 PM
 Tournament Game in 2 Minutes 

Pairing 2/21 :    Cecilia_v0.3  -  Slowmate_v1.0

PGN-File: C:\Program Files (x86)\Arena\Tournaments\Engine Battle 20250812_2.pgn

No:  B/W 1/2     W:B       1:2           Time        Value Moves Dep 1:2       1-2-Draws
   2 = =    0.5:0.5        0.5:1.5       5:16:19 PM     0.00    10 0:0 0-1-1

--------------------------------------------------------------

Engine-Match Tuesday, August 12, 2025 5:16:20 PM
 Tournament Game in 2 Minutes 

Pairing 3/21 :    Cece_v2.0  -  Random_Opponent

PGN-File: C:\Program Files (x86)\Arena\Tournaments\Engine Battle 20250812_2.pgn

No:  B/W 1/2     W:B       1:2           Time        Value Moves Dep 1:2       1-2-Draws
   2 B 1    1.0:0.0        2.0:0.0       5:17:30 PM     0.00    20 0:0 2-0-0

--------------------------------------------------------------

Engine-Match Tuesday, August 12, 2025 5:17:32 PM
 Tournament Game in 2 Minutes 

Pairing 4/21 :    V7P3RAI_v1.0  -  Cecilia_v0.3

PGN-File: C:\Program Files (x86)\Arena\Tournaments\Engine Battle 20250812_2.pgn

No:  B/W 1/2     W:B       1:2           Time        Value Moves Dep 1:2       1-2-Draws
   2 = =    1.0:1.0        1.0:1.0       5:17:44 PM     0.00    19 0:0 0-0-2

--------------------------------------------------------------

Engine-Match Tuesday, August 12, 2025 5:17:45 PM
 Tournament Game in 2 Minutes 

Pairing 5/21 :    Random_Opponent  -  Stockfish 1%

PGN-File: C:\Program Files (x86)\Arena\Tournaments\Engine Battle 20250812_2.pgn

No:  B/W 1/2     W:B       1:2           Time        Value Moves Dep 1:2       1-2-Draws
   2 W 2    1.0:0.0        0.0:2.0       5:17:58 PM      +M1    27 0:9.400  0-2-0

--------------------------------------------------------------

Engine-Match Tuesday, August 12, 2025 5:17:59 PM
 Tournament Game in 2 Minutes 

Pairing 6/21 :    Slowmate_v1.0  -  Cece_v2.0

PGN-File: C:\Program Files (x86)\Arena\Tournaments\Engine Battle 20250812_2.pgn

No:  B/W 1/2     W:B       1:2           Time        Value Moves Dep 1:2       1-2-Draws
   2 B 1    1.0:0.0        2.0:0.0       5:19:12 PM     0.00    17 0:0 2-0-0

--------------------------------------------------------------

Engine-Match Tuesday, August 12, 2025 5:19:14 PM
 Tournament Game in 2 Minutes 

Pairing 7/21 :    Copycat_v1.0  -  Random_Opponent

PGN-File: C:\Program Files (x86)\Arena\Tournaments\Engine Battle 20250812_2.pgn

No:  B/W 1/2     W:B       1:2           Time        Value Moves Dep 1:2       1-2-Draws
   2 = =    1.0:1.0        1.0:1.0       5:21:49 PM     0.00   109 0:0 0-0-2

--------------------------------------------------------------

Engine-Match Tuesday, August 12, 2025 5:21:50 PM
 Tournament Game in 2 Minutes 

Pairing 8/21 :    Cece_v2.0  -  V7P3RAI_v1.0

PGN-File: C:\Program Files (x86)\Arena\Tournaments\Engine Battle 20250812_2.pgn

No:  B/W 1/2     W:B       1:2           Time        Value Moves Dep 1:2       1-2-Draws
   2 W 2    1.0:0.0        1.0:1.0       5:22:41 PM     0.00    13 0:0 1-1-0

--------------------------------------------------------------

Engine-Match Tuesday, August 12, 2025 5:22:43 PM
 Tournament Game in 2 Minutes 

Pairing 9/21 :    Stockfish 1%  -  Slowmate_v1.0

PGN-File: C:\Program Files (x86)\Arena\Tournaments\Engine Battle 20250812_2.pgn

No:  B/W 1/2     W:B       1:2           Time        Value Moves Dep 1:2       1-2-Draws
   2 B 1    1.0:0.0        2.0:0.0       5:23:49 PM      -M1    40 8.800 :0 2-0-0

--------------------------------------------------------------

Engine-Match Tuesday, August 12, 2025 5:23:51 PM
 Tournament Game in 2 Minutes 

Pairing 10/21 :    Cecilia_v0.3  -  Cece_v2.0

PGN-File: C:\Program Files (x86)\Arena\Tournaments\Engine Battle 20250812_2.pgn

No:  B/W 1/2     W:B       1:2           Time        Value Moves Dep 1:2       1-2-Draws
   2 = =    0.5:0.5        0.5:1.5       5:25:18 PM     0.00    28 0:0 0-1-1

--------------------------------------------------------------

Engine-Match Tuesday, August 12, 2025 5:25:20 PM
 Tournament Game in 2 Minutes 

Pairing 11/21 :    Slowmate_v1.0  -  Copycat_v1.0

PGN-File: C:\Program Files (x86)\Arena\Tournaments\Engine Battle 20250812_2.pgn

No:  B/W 1/2     W:B       1:2           Time        Value Moves Dep 1:2       1-2-Draws
   2 B 1    1.0:0.0        2.0:0.0       5:26:09 PM     0.00    23 0:0 2-0-0

--------------------------------------------------------------

Engine-Match Tuesday, August 12, 2025 5:26:11 PM
 Tournament Game in 2 Minutes 

Pairing 12/21 :    V7P3RAI_v1.0  -  Stockfish 1%

PGN-File: C:\Program Files (x86)\Arena\Tournaments\Engine Battle 20250812_2.pgn

No:  B/W 1/2     W:B       1:2           Time        Value Moves Dep 1:2       1-2-Draws
   2 W 2    1.5:0.5        0.5:1.5       5:26:19 PM      +M1     7 0:10.750  0-1-1

--------------------------------------------------------------

Engine-Match Tuesday, August 12, 2025 5:26:20 PM
 Tournament Game in 2 Minutes 

Pairing 13/21 :    Random_Opponent  -  Slowmate_v1.0

PGN-File: C:\Program Files (x86)\Arena\Tournaments\Engine Battle 20250812_2.pgn

No:  B/W 1/2     W:B       1:2           Time        Value Moves Dep 1:2       1-2-Draws
   2 W 2    1.0:0.0        0.0:2.0       5:26:40 PM     0.00    22 0:0 0-2-0

--------------------------------------------------------------

Engine-Match Tuesday, August 12, 2025 5:26:41 PM
 Tournament Game in 2 Minutes 

Pairing 14/21 :    Stockfish 1%  -  Cecilia_v0.3

PGN-File: C:\Program Files (x86)\Arena\Tournaments\Engine Battle 20250812_2.pgn

No:  B/W 1/2     W:B       1:2           Time        Value Moves Dep 1:2       1-2-Draws
   2 B 1    1.0:0.0        2.0:0.0       5:26:54 PM      -M1    27 9.750 :0 2-0-0

--------------------------------------------------------------

Engine-Match Tuesday, August 12, 2025 5:26:56 PM
 Tournament Game in 2 Minutes 

Pairing 15/21 :    Copycat_v1.0  -  V7P3RAI_v1.0

PGN-File: C:\Program Files (x86)\Arena\Tournaments\Engine Battle 20250812_2.pgn

No:  B/W 1/2     W:B       1:2           Time        Value Moves Dep 1:2       1-2-Draws
   2 W 2    1.0:0.0        1.0:1.0       5:27:18 PM     0.00    17 0:0 1-1-0

--------------------------------------------------------------

Engine-Match Tuesday, August 12, 2025 5:27:19 PM
 Tournament Game in 2 Minutes 

Pairing 16/21 :    Cece_v2.0  -  Stockfish 1%

PGN-File: C:\Program Files (x86)\Arena\Tournaments\Engine Battle 20250812_2.pgn

No:  B/W 1/2     W:B       1:2           Time        Value Moves Dep 1:2       1-2-Draws
   2 W 2    1.0:0.0        0.0:2.0       5:28:40 PM      +M1    25 0:9.750  0-2-0

--------------------------------------------------------------

Engine-Match Tuesday, August 12, 2025 5:28:41 PM
 Tournament Game in 2 Minutes 

Pairing 17/21 :    V7P3RAI_v1.0  -  Random_Opponent

PGN-File: C:\Program Files (x86)\Arena\Tournaments\Engine Battle 20250812_2.pgn

No:  B/W 1/2     W:B       1:2           Time        Value Moves Dep 1:2       1-2-Draws
   2 = =    0.5:0.5        1.5:0.5       5:30:15 PM     0.00   250 0:0 1-0-1

--------------------------------------------------------------

Engine-Match Tuesday, August 12, 2025 5:30:16 PM
 Tournament Game in 2 Minutes 

Pairing 18/21 :    Cecilia_v0.3  -  Copycat_v1.0

PGN-File: C:\Program Files (x86)\Arena\Tournaments\Engine Battle 20250812_2.pgn

No:  B/W 1/2     W:B       1:2           Time        Value Moves Dep 1:2       1-2-Draws
   2 = =    1.0:1.0        1.0:1.0       5:31:09 PM     0.00    28 0:0 0-0-2

--------------------------------------------------------------

Engine-Match Tuesday, August 12, 2025 5:31:10 PM
 Tournament Game in 2 Minutes 

Pairing 19/21 :    Slowmate_v1.0  -  V7P3RAI_v1.0

PGN-File: C:\Program Files (x86)\Arena\Tournaments\Engine Battle 20250812_2.pgn

No:  B/W 1/2     W:B       1:2           Time        Value Moves Dep 1:2       1-2-Draws
   2 B 1    1.0:0.0        2.0:0.0       5:31:40 PM     0.00    32 0:0 2-0-0

--------------------------------------------------------------

Engine-Match Tuesday, August 12, 2025 5:31:47 PM
 Tournament Game in 2 Minutes 

Pairing 20/21 :    Copycat_v1.0  -  Cece_v2.0

PGN-File: C:\Program Files (x86)\Arena\Tournaments\Engine Battle 20250812_2.pgn

No:  B/W 1/2     W:B       1:2           Time        Value Moves Dep 1:2       1-2-Draws
   2 W 2    1.5:0.5        0.5:1.5       5:35:47 PM     0.00    67 0:0 0-1-1

--------------------------------------------------------------

Engine-Match Tuesday, August 12, 2025 5:35:49 PM
 Tournament Game in 2 Minutes 

Pairing 21/21 :    Random_Opponent  -  Cecilia_v0.3

PGN-File: C:\Program Files (x86)\Arena\Tournaments\Engine Battle 20250812_2.pgn

No:  B/W 1/2     W:B       1:2           Time        Value Moves Dep 1:2       1-2-Draws
   2 B 1    1.5:0.5        1.5:0.5       5:36:06 PM     0.00    44 0:0 1-0-1

--------------------------------------------------------------

Engine-Match Tuesday, August 12, 2025 5:36:07 PM
 Tournament Game in 2 Minutes 

Pairing 1/21 :    Stockfish 1%  -  Copycat_v1.0

PGN-File: C:\Program Files (x86)\Arena\Tournaments\Engine Battle 20250812_2.pgn

No:  B/W 1/2     W:B       1:2           Time        Value Moves Dep 1:2       1-2-Draws
   3 W 1    1.0:0.0        3.0:0.0       5:36:43 PM      +M1    22 9.750 :0 3-0-0

--------------------------------------------------------------

Engine-Match Tuesday, August 12, 2025 5:36:44 PM
 Tournament Game in 2 Minutes 

Pairing 2/21 :    Cecilia_v0.3  -  Slowmate_v1.0

PGN-File: C:\Program Files (x86)\Arena\Tournaments\Engine Battle 20250812_2.pgn

No:  B/W 1/2     W:B       1:2           Time        Value Moves Dep 1:2       1-2-Draws
   3 B 2    1.5:0.5        0.5:2.5       5:36:50 PM     0.00     7 0:0 0-2-1

--------------------------------------------------------------

Engine-Match Tuesday, August 12, 2025 5:36:52 PM
 Tournament Game in 2 Minutes 

Pairing 3/21 :    Cece_v2.0  -  Random_Opponent

PGN-File: C:\Program Files (x86)\Arena\Tournaments\Engine Battle 20250812_2.pgn

No:  B/W 1/2     W:B       1:2           Time        Value Moves Dep 1:2       1-2-Draws
   3 W 1    1.0:0.0        3.0:0.0       5:38:53 PM     0.00    51 0:0 3-0-0

--------------------------------------------------------------

Engine-Match Tuesday, August 12, 2025 5:38:54 PM
 Tournament Game in 2 Minutes 

Pairing 4/21 :    V7P3RAI_v1.0  -  Cecilia_v0.3

PGN-File: C:\Program Files (x86)\Arena\Tournaments\Engine Battle 20250812_2.pgn

No:  B/W 1/2     W:B       1:2           Time        Value Moves Dep 1:2       1-2-Draws
   3 = =    1.5:1.5        1.5:1.5       5:39:03 PM     0.00    11 0:0 0-0-3

--------------------------------------------------------------

Engine-Match Tuesday, August 12, 2025 5:39:04 PM
 Tournament Game in 2 Minutes 

Pairing 5/21 :    Random_Opponent  -  Stockfish 1%

PGN-File: C:\Program Files (x86)\Arena\Tournaments\Engine Battle 20250812_2.pgn

No:  B/W 1/2     W:B       1:2           Time        Value Moves Dep 1:2       1-2-Draws
   3 B 2    1.0:0.0        0.0:3.0       5:39:25 PM      -M1    50 0:10.500  0-3-0

--------------------------------------------------------------

Engine-Match Tuesday, August 12, 2025 5:39:27 PM
 Tournament Game in 2 Minutes 

Pairing 6/21 :    Slowmate_v1.0  -  Cece_v2.0

PGN-File: C:\Program Files (x86)\Arena\Tournaments\Engine Battle 20250812_2.pgn

No:  B/W 1/2     W:B       1:2           Time        Value Moves Dep 1:2       1-2-Draws
   3 W 1    1.0:0.0        3.0:0.0       5:40:40 PM     0.00    19 0:0 3-0-0

--------------------------------------------------------------

Engine-Match Tuesday, August 12, 2025 5:40:41 PM
 Tournament Game in 2 Minutes 

Pairing 7/21 :    Copycat_v1.0  -  Random_Opponent

PGN-File: C:\Program Files (x86)\Arena\Tournaments\Engine Battle 20250812_2.pgn

No:  B/W 1/2     W:B       1:2           Time        Value Moves Dep 1:2       1-2-Draws
   3 = =    1.5:1.5        1.5:1.5       5:43:11 PM     0.00   101 0:0 0-0-3

--------------------------------------------------------------

Engine-Match Tuesday, August 12, 2025 5:43:12 PM
 Tournament Game in 2 Minutes 

Pairing 8/21 :    Cece_v2.0  -  V7P3RAI_v1.0

PGN-File: C:\Program Files (x86)\Arena\Tournaments\Engine Battle 20250812_2.pgn

No:  B/W 1/2     W:B       1:2           Time        Value Moves Dep 1:2       1-2-Draws
   3 W 1    1.0:0.0        2.0:1.0       5:43:42 PM     0.00     6 0:0 2-1-0

--------------------------------------------------------------

Engine-Match Tuesday, August 12, 2025 5:43:43 PM
 Tournament Game in 2 Minutes 

Pairing 9/21 :    Stockfish 1%  -  Slowmate_v1.0

PGN-File: C:\Program Files (x86)\Arena\Tournaments\Engine Battle 20250812_2.pgn

No:  B/W 1/2     W:B       1:2           Time        Value Moves Dep 1:2       1-2-Draws
   3 W 1    1.0:0.0        3.0:0.0       5:45:02 PM      +M1    48 8.167 :0 3-0-0

--------------------------------------------------------------

Engine-Match Tuesday, August 12, 2025 5:45:03 PM
 Tournament Game in 2 Minutes 

Pairing 10/21 :    Cecilia_v0.3  -  Cece_v2.0

PGN-File: C:\Program Files (x86)\Arena\Tournaments\Engine Battle 20250812_2.pgn

No:  B/W 1/2     W:B       1:2           Time        Value Moves Dep 1:2       1-2-Draws
   3 B 2    1.5:0.5        0.5:2.5       5:45:55 PM     0.00    13 0:0 0-2-1

--------------------------------------------------------------

Engine-Match Tuesday, August 12, 2025 5:45:56 PM
 Tournament Game in 2 Minutes 

Pairing 11/21 :    Slowmate_v1.0  -  Copycat_v1.0

PGN-File: C:\Program Files (x86)\Arena\Tournaments\Engine Battle 20250812_2.pgn

No:  B/W 1/2     W:B       1:2           Time        Value Moves Dep 1:2       1-2-Draws
   3 W 1    1.0:0.0        3.0:0.0       5:46:17 PM     0.00    14 0:0 3-0-0

--------------------------------------------------------------

Engine-Match Tuesday, August 12, 2025 5:46:18 PM
 Tournament Game in 2 Minutes 

Pairing 12/21 :    V7P3RAI_v1.0  -  Stockfish 1%

PGN-File: C:\Program Files (x86)\Arena\Tournaments\Engine Battle 20250812_2.pgn

No:  B/W 1/2     W:B       1:2           Time        Value Moves Dep 1:2       1-2-Draws
   3 = =    1.0:1.0        1.0:2.0       5:47:54 PM     0.00   241 0:8.333  0-1-2

--------------------------------------------------------------

Engine-Match Tuesday, August 12, 2025 5:47:55 PM
 Tournament Game in 2 Minutes 

Pairing 13/21 :    Random_Opponent  -  Slowmate_v1.0

PGN-File: C:\Program Files (x86)\Arena\Tournaments\Engine Battle 20250812_2.pgn

No:  B/W 1/2     W:B       1:2           Time        Value Moves Dep 1:2       1-2-Draws
   3 B 2    1.0:0.0        0.0:3.0       5:48:17 PM     0.00    29 0:0 0-3-0

--------------------------------------------------------------

Engine-Match Tuesday, August 12, 2025 5:48:18 PM
 Tournament Game in 2 Minutes 

Pairing 14/21 :    Stockfish 1%  -  Cecilia_v0.3

PGN-File: C:\Program Files (x86)\Arena\Tournaments\Engine Battle 20250812_2.pgn

No:  B/W 1/2     W:B       1:2           Time        Value Moves Dep 1:2       1-2-Draws
   3 W 1    1.0:0.0        3.0:0.0       5:48:47 PM      +M1    68 9.750 :0 3-0-0

--------------------------------------------------------------

Engine-Match Tuesday, August 12, 2025 5:48:48 PM
 Tournament Game in 2 Minutes 

Pairing 15/21 :    Copycat_v1.0  -  V7P3RAI_v1.0

PGN-File: C:\Program Files (x86)\Arena\Tournaments\Engine Battle 20250812_2.pgn

No:  B/W 1/2     W:B       1:2           Time        Value Moves Dep 1:2       1-2-Draws
   3 W 1    1.0:0.0        2.0:1.0       5:49:27 PM     0.00    22 0:0 2-1-0

--------------------------------------------------------------

Engine-Match Tuesday, August 12, 2025 5:49:29 PM
 Tournament Game in 2 Minutes 

Pairing 16/21 :    Cece_v2.0  -  Stockfish 1%

PGN-File: C:\Program Files (x86)\Arena\Tournaments\Engine Battle 20250812_2.pgn

No:  B/W 1/2     W:B       1:2           Time        Value Moves Dep 1:2       1-2-Draws
   3 B 2    1.0:0.0        0.0:3.0       5:52:03 PM    -9.26    93 0:10.200  0-3-0

--------------------------------------------------------------

Engine-Match Tuesday, August 12, 2025 5:52:05 PM
 Tournament Game in 2 Minutes 

Pairing 17/21 :    V7P3RAI_v1.0  -  Random_Opponent

PGN-File: C:\Program Files (x86)\Arena\Tournaments\Engine Battle 20250812_2.pgn

No:  B/W 1/2     W:B       1:2           Time        Value Moves Dep 1:2       1-2-Draws
   3 W 1    1.5:0.5        2.5:0.5       5:52:17 PM     0.00    20 0:0 2-0-1

--------------------------------------------------------------

Engine-Match Tuesday, August 12, 2025 5:52:18 PM
 Tournament Game in 2 Minutes 

Pairing 18/21 :    Cecilia_v0.3  -  Copycat_v1.0

PGN-File: C:\Program Files (x86)\Arena\Tournaments\Engine Battle 20250812_2.pgn

No:  B/W 1/2     W:B       1:2           Time        Value Moves Dep 1:2       1-2-Draws
   3 B 2    2.0:1.0        1.0:2.0       5:53:35 PM     0.00    39 0:0 0-1-2

--------------------------------------------------------------

Engine-Match Tuesday, August 12, 2025 5:53:42 PM
 Tournament Game in 2 Minutes 

Pairing 19/21 :    Slowmate_v1.0  -  V7P3RAI_v1.0

PGN-File: C:\Program Files (x86)\Arena\Tournaments\Engine Battle 20250812_2.pgn

No:  B/W 1/2     W:B       1:2           Time        Value Moves Dep 1:2       1-2-Draws
   3 W 1    1.0:0.0        3.0:0.0       5:53:51 PM     0.00     8 0:0 3-0-0

--------------------------------------------------------------

Engine-Match Tuesday, August 12, 2025 5:53:53 PM
 Tournament Game in 2 Minutes 

Pairing 20/21 :    Copycat_v1.0  -  Cece_v2.0

PGN-File: C:\Program Files (x86)\Arena\Tournaments\Engine Battle 20250812_2.pgn

No:  B/W 1/2     W:B       1:2           Time        Value Moves Dep 1:2       1-2-Draws
   3 B 2    1.5:0.5        0.5:2.5       5:54:33 PM     0.00     8 0:0 0-2-1

--------------------------------------------------------------

Engine-Match Tuesday, August 12, 2025 5:54:34 PM
 Tournament Game in 2 Minutes 

Pairing 21/21 :    Random_Opponent  -  Cecilia_v0.3

PGN-File: C:\Program Files (x86)\Arena\Tournaments\Engine Battle 20250812_2.pgn

No:  B/W 1/2     W:B       1:2           Time        Value Moves Dep 1:2       1-2-Draws
   3 W 1    1.5:0.5        2.5:0.5       5:55:08 PM     0.00    91 0:0 2-0-1

--------------------------------------------------------------

Engine-Match Tuesday, August 12, 2025 5:55:09 PM
 Tournament Game in 2 Minutes 

Pairing 1/21 :    Stockfish 1%  -  Copycat_v1.0

PGN-File: C:\Program Files (x86)\Arena\Tournaments\Engine Battle 20250812_2.pgn

No:  B/W 1/2     W:B       1:2           Time        Value Moves Dep 1:2       1-2-Draws
   4 B 1    1.0:0.0        4.0:0.0       5:56:15 PM      -M1    30 10.000 :0 4-0-0

--------------------------------------------------------------

Engine-Match Tuesday, August 12, 2025 5:56:17 PM
 Tournament Game in 2 Minutes 

Pairing 2/21 :    Cecilia_v0.3  -  Slowmate_v1.0

PGN-File: C:\Program Files (x86)\Arena\Tournaments\Engine Battle 20250812_2.pgn

No:  B/W 1/2     W:B       1:2           Time        Value Moves Dep 1:2       1-2-Draws
   4 = =    1.0:1.0        1.0:3.0       5:56:26 PM     0.00    10 0:0 0-2-2

--------------------------------------------------------------

Engine-Match Tuesday, August 12, 2025 5:56:27 PM
 Tournament Game in 2 Minutes 

Pairing 3/21 :    Cece_v2.0  -  Random_Opponent

PGN-File: C:\Program Files (x86)\Arena\Tournaments\Engine Battle 20250812_2.pgn

No:  B/W 1/2     W:B       1:2           Time        Value Moves Dep 1:2       1-2-Draws
   4 B 1    1.0:0.0        4.0:0.0       5:57:55 PM     0.00    28 0:0 4-0-0

--------------------------------------------------------------

Engine-Match Tuesday, August 12, 2025 5:57:57 PM
 Tournament Game in 2 Minutes 

Pairing 4/21 :    V7P3RAI_v1.0  -  Cecilia_v0.3

PGN-File: C:\Program Files (x86)\Arena\Tournaments\Engine Battle 20250812_2.pgn

No:  B/W 1/2     W:B       1:2           Time        Value Moves Dep 1:2       1-2-Draws
   4 = =    2.0:2.0        2.0:2.0       5:58:09 PM     0.00    19 0:0 0-0-4

--------------------------------------------------------------

Engine-Match Tuesday, August 12, 2025 5:58:10 PM
 Tournament Game in 2 Minutes 

Pairing 5/21 :    Random_Opponent  -  Stockfish 1%

PGN-File: C:\Program Files (x86)\Arena\Tournaments\Engine Battle 20250812_2.pgn

No:  B/W 1/2     W:B       1:2           Time        Value Moves Dep 1:2       1-2-Draws
   4 W 2    1.0:0.0        0.0:4.0       5:58:26 PM      +M1    37 0:8.800  0-4-0

--------------------------------------------------------------

Engine-Match Tuesday, August 12, 2025 5:58:28 PM
 Tournament Game in 2 Minutes 

Pairing 6/21 :    Slowmate_v1.0  -  Cece_v2.0

PGN-File: C:\Program Files (x86)\Arena\Tournaments\Engine Battle 20250812_2.pgn

No:  B/W 1/2     W:B       1:2           Time        Value Moves Dep 1:2       1-2-Draws
   4 = =    0.5:0.5        3.5:0.5       6:00:41 PM     0.00    43 0:0 3-0-1

--------------------------------------------------------------

Engine-Match Tuesday, August 12, 2025 6:00:42 PM
 Tournament Game in 2 Minutes 

Pairing 7/21 :    Copycat_v1.0  -  Random_Opponent

PGN-File: C:\Program Files (x86)\Arena\Tournaments\Engine Battle 20250812_2.pgn

No:  B/W 1/2     W:B       1:2           Time        Value Moves Dep 1:2       1-2-Draws
   4 B 1    2.5:1.5        2.5:1.5       6:01:02 PM     0.00    13 0:0 1-0-3

--------------------------------------------------------------

Engine-Match Tuesday, August 12, 2025 6:01:04 PM
 Tournament Game in 2 Minutes 

Pairing 8/21 :    Cece_v2.0  -  V7P3RAI_v1.0

PGN-File: C:\Program Files (x86)\Arena\Tournaments\Engine Battle 20250812_2.pgn

No:  B/W 1/2     W:B       1:2           Time        Value Moves Dep 1:2       1-2-Draws
   4 W 2    1.0:0.0        2.0:2.0       6:02:45 PM     0.00    34 0:0 2-2-0

--------------------------------------------------------------

Engine-Match Tuesday, August 12, 2025 6:02:46 PM
 Tournament Game in 2 Minutes 

Pairing 9/21 :    Stockfish 1%  -  Slowmate_v1.0

PGN-File: C:\Program Files (x86)\Arena\Tournaments\Engine Battle 20250812_2.pgn

No:  B/W 1/2     W:B       1:2           Time        Value Moves Dep 1:2       1-2-Draws
   4 = =    0.5:0.5        3.5:0.5       6:04:01 PM     0.00   126 9.000 :0 3-0-1

--------------------------------------------------------------

Engine-Match Tuesday, August 12, 2025 6:04:02 PM
 Tournament Game in 2 Minutes 

Pairing 10/21 :    Cecilia_v0.3  -  Cece_v2.0

PGN-File: C:\Program Files (x86)\Arena\Tournaments\Engine Battle 20250812_2.pgn

No:  B/W 1/2     W:B       1:2           Time        Value Moves Dep 1:2       1-2-Draws
   4 W 2    1.5:0.5        0.5:3.5       6:04:59 PM     0.00    15 0:0 0-3-1

--------------------------------------------------------------

Engine-Match Tuesday, August 12, 2025 6:05:00 PM
 Tournament Game in 2 Minutes 

Pairing 11/21 :    Slowmate_v1.0  -  Copycat_v1.0

PGN-File: C:\Program Files (x86)\Arena\Tournaments\Engine Battle 20250812_2.pgn

No:  B/W 1/2     W:B       1:2           Time        Value Moves Dep 1:2       1-2-Draws
   4 B 1    1.0:0.0        4.0:0.0       6:05:50 PM     0.00    22 0:0 4-0-0

--------------------------------------------------------------

Engine-Match Tuesday, August 12, 2025 6:05:51 PM
 Tournament Game in 2 Minutes 

Pairing 12/21 :    V7P3RAI_v1.0  -  Stockfish 1%

PGN-File: C:\Program Files (x86)\Arena\Tournaments\Engine Battle 20250812_2.pgn

No:  B/W 1/2     W:B       1:2           Time        Value Moves Dep 1:2       1-2-Draws
   4 W 2    2.0:1.0        1.0:3.0       6:05:59 PM      +M1     6 0:14.400  0-2-2

--------------------------------------------------------------

Engine-Match Tuesday, August 12, 2025 6:06:01 PM
 Tournament Game in 2 Minutes 

Pairing 13/21 :    Random_Opponent  -  Slowmate_v1.0

PGN-File: C:\Program Files (x86)\Arena\Tournaments\Engine Battle 20250812_2.pgn

No:  B/W 1/2     W:B       1:2           Time        Value Moves Dep 1:2       1-2-Draws
   4 W 2    1.0:0.0        0.0:4.0       6:06:18 PM     0.00    22 0:0 0-4-0

--------------------------------------------------------------

Engine-Match Tuesday, August 12, 2025 6:06:19 PM
 Tournament Game in 2 Minutes 

Pairing 14/21 :    Stockfish 1%  -  Cecilia_v0.3

PGN-File: C:\Program Files (x86)\Arena\Tournaments\Engine Battle 20250812_2.pgn

No:  B/W 1/2     W:B       1:2           Time        Value Moves Dep 1:2       1-2-Draws
   4 B 1    1.0:0.0        4.0:0.0       6:06:34 PM      -M1    30 11.750 :0 4-0-0

--------------------------------------------------------------

Engine-Match Tuesday, August 12, 2025 6:06:35 PM
 Tournament Game in 2 Minutes 

Pairing 15/21 :    Copycat_v1.0  -  V7P3RAI_v1.0

PGN-File: C:\Program Files (x86)\Arena\Tournaments\Engine Battle 20250812_2.pgn

No:  B/W 1/2     W:B       1:2           Time        Value Moves Dep 1:2       1-2-Draws
   4 W 2    1.0:0.0        2.0:2.0       6:08:12 PM     0.00    38 0:0 2-2-0

--------------------------------------------------------------

Engine-Match Tuesday, August 12, 2025 6:08:13 PM
 Tournament Game in 2 Minutes 

Pairing 16/21 :    Cece_v2.0  -  Stockfish 1%

PGN-File: C:\Program Files (x86)\Arena\Tournaments\Engine Battle 20250812_2.pgn

No:  B/W 1/2     W:B       1:2           Time        Value Moves Dep 1:2       1-2-Draws
   4 W 2    1.0:0.0        0.0:4.0       6:09:22 PM      +M1    20 0:8.400  0-4-0

--------------------------------------------------------------

Engine-Match Tuesday, August 12, 2025 6:09:23 PM
 Tournament Game in 2 Minutes 

Pairing 17/21 :    V7P3RAI_v1.0  -  Random_Opponent

PGN-File: C:\Program Files (x86)\Arena\Tournaments\Engine Battle 20250812_2.pgn

No:  B/W 1/2     W:B       1:2           Time        Value Moves Dep 1:2       1-2-Draws
   4 W 2    1.5:0.5        2.5:1.5       6:10:05 PM     0.00   103 0:0 2-1-1

--------------------------------------------------------------

Engine-Match Tuesday, August 12, 2025 6:10:12 PM
 Tournament Game in 2 Minutes 

Pairing 18/21 :    Cecilia_v0.3  -  Copycat_v1.0

PGN-File: C:\Program Files (x86)\Arena\Tournaments\Engine Battle 20250812_2.pgn

No:  B/W 1/2     W:B       1:2           Time        Value Moves Dep 1:2       1-2-Draws
   4 W 2    2.0:1.0        1.0:3.0       6:10:39 PM     0.00    19 0:0 0-2-2

--------------------------------------------------------------

Engine-Match Tuesday, August 12, 2025 6:10:40 PM
 Tournament Game in 2 Minutes 

Pairing 19/21 :    Slowmate_v1.0  -  V7P3RAI_v1.0

PGN-File: C:\Program Files (x86)\Arena\Tournaments\Engine Battle 20250812_2.pgn

No:  B/W 1/2     W:B       1:2           Time        Value Moves Dep 1:2       1-2-Draws
   4 B 1    1.0:0.0        4.0:0.0       6:11:10 PM     0.00    32 0:0 4-0-0

--------------------------------------------------------------

Engine-Match Tuesday, August 12, 2025 6:11:12 PM
 Tournament Game in 2 Minutes 

Pairing 20/21 :    Copycat_v1.0  -  Cece_v2.0

PGN-File: C:\Program Files (x86)\Arena\Tournaments\Engine Battle 20250812_2.pgn

No:  B/W 1/2     W:B       1:2           Time        Value Moves Dep 1:2       1-2-Draws
   4 = =    1.0:1.0        1.0:3.0       6:15:44 PM     0.00   106 0:0 0-2-2

--------------------------------------------------------------

Engine-Match Tuesday, August 12, 2025 6:15:45 PM
 Tournament Game in 2 Minutes 

Pairing 21/21 :    Random_Opponent  -  Cecilia_v0.3

PGN-File: C:\Program Files (x86)\Arena\Tournaments\Engine Battle 20250812_2.pgn

No:  B/W 1/2     W:B       1:2           Time        Value Moves Dep 1:2       1-2-Draws
   4 B 1    1.5:0.5        3.5:0.5       6:16:59 PM     0.00   204 0:0 3-0-1

--------------------------------------------------------------

Engine-Match Tuesday, August 12, 2025 6:17:01 PM
 Tournament Game in 2 Minutes 

Pairing 1/21 :    Stockfish 1%  -  Copycat_v1.0

PGN-File: C:\Program Files (x86)\Arena\Tournaments\Engine Battle 20250812_2.pgn

No:  B/W 1/2     W:B       1:2           Time        Value Moves Dep 1:2       1-2-Draws
   5 W 1    1.0:0.0        5.0:0.0       6:17:10 PM      +M1     7 9.750 :0 5-0-0

--------------------------------------------------------------

Engine-Match Tuesday, August 12, 2025 6:17:12 PM
 Tournament Game in 2 Minutes 

Pairing 2/21 :    Cecilia_v0.3  -  Slowmate_v1.0

PGN-File: C:\Program Files (x86)\Arena\Tournaments\Engine Battle 20250812_2.pgn

No:  B/W 1/2     W:B       1:2           Time        Value Moves Dep 1:2       1-2-Draws
   5 B 2    2.0:1.0        1.0:4.0       6:17:18 PM     0.00     7 0:0 0-3-2

--------------------------------------------------------------

Engine-Match Tuesday, August 12, 2025 6:17:19 PM
 Tournament Game in 2 Minutes 

Pairing 3/21 :    Cece_v2.0  -  Random_Opponent

PGN-File: C:\Program Files (x86)\Arena\Tournaments\Engine Battle 20250812_2.pgn

No:  B/W 1/2     W:B       1:2           Time        Value Moves Dep 1:2       1-2-Draws
   5 W 1    1.0:0.0        5.0:0.0       6:19:06 PM     0.00    40 0:0 5-0-0

--------------------------------------------------------------

Engine-Match Tuesday, August 12, 2025 6:19:08 PM
 Tournament Game in 2 Minutes 

Pairing 4/21 :    V7P3RAI_v1.0  -  Cecilia_v0.3

PGN-File: C:\Program Files (x86)\Arena\Tournaments\Engine Battle 20250812_2.pgn

No:  B/W 1/2     W:B       1:2           Time        Value Moves Dep 1:2       1-2-Draws
   5 = =    2.5:2.5        2.5:2.5       6:19:17 PM     0.00    11 0:0 0-0-5

--------------------------------------------------------------

Engine-Match Tuesday, August 12, 2025 6:19:18 PM
 Tournament Game in 2 Minutes 

Pairing 5/21 :    Random_Opponent  -  Stockfish 1%

PGN-File: C:\Program Files (x86)\Arena\Tournaments\Engine Battle 20250812_2.pgn

No:  B/W 1/2     W:B       1:2           Time        Value Moves Dep 1:2       1-2-Draws
   5 B 2    1.0:0.0        0.0:5.0       6:19:28 PM      -M1    18 0:8.800  0-5-0

--------------------------------------------------------------

Engine-Match Tuesday, August 12, 2025 6:19:29 PM
 Tournament Game in 2 Minutes 

Pairing 6/21 :    Slowmate_v1.0  -  Cece_v2.0

PGN-File: C:\Program Files (x86)\Arena\Tournaments\Engine Battle 20250812_2.pgn

No:  B/W 1/2     W:B       1:2           Time        Value Moves Dep 1:2       1-2-Draws
   5 W 1    1.5:0.5        4.5:0.5       6:21:00 PM     0.00    23 0:0 4-0-1

--------------------------------------------------------------

Engine-Match Tuesday, August 12, 2025 6:21:02 PM
 Tournament Game in 2 Minutes 

Pairing 7/21 :    Copycat_v1.0  -  Random_Opponent

PGN-File: C:\Program Files (x86)\Arena\Tournaments\Engine Battle 20250812_2.pgn

No:  B/W 1/2     W:B       1:2           Time        Value Moves Dep 1:2       1-2-Draws
   5 = =    2.0:2.0        3.0:2.0       6:23:53 PM     0.00   154 0:0 1-0-4

--------------------------------------------------------------

Engine-Match Tuesday, August 12, 2025 6:23:55 PM
 Tournament Game in 2 Minutes 

Pairing 8/21 :    Cece_v2.0  -  V7P3RAI_v1.0

PGN-File: C:\Program Files (x86)\Arena\Tournaments\Engine Battle 20250812_2.pgn

No:  B/W 1/2     W:B       1:2           Time        Value Moves Dep 1:2       1-2-Draws
   5 W 1    1.0:0.0        3.0:2.0       6:24:24 PM     0.00     6 0:0 3-2-0

--------------------------------------------------------------

Engine-Match Tuesday, August 12, 2025 6:24:26 PM
 Tournament Game in 2 Minutes 

Pairing 9/21 :    Stockfish 1%  -  Slowmate_v1.0

PGN-File: C:\Program Files (x86)\Arena\Tournaments\Engine Battle 20250812_2.pgn

No:  B/W 1/2     W:B       1:2           Time        Value Moves Dep 1:2       1-2-Draws
   5 B 2    1.5:0.5        3.5:1.5       6:24:43 PM     0.00    13 8.600 :0 3-1-1

--------------------------------------------------------------

Engine-Match Tuesday, August 12, 2025 6:24:45 PM
 Tournament Game in 2 Minutes 

Pairing 10/21 :    Cecilia_v0.3  -  Cece_v2.0

PGN-File: C:\Program Files (x86)\Arena\Tournaments\Engine Battle 20250812_2.pgn

No:  B/W 1/2     W:B       1:2           Time        Value Moves Dep 1:2       1-2-Draws
   5 B 2    1.5:0.5        0.5:4.5       6:25:33 PM     0.00    12 0:0 0-4-1

--------------------------------------------------------------

Engine-Match Tuesday, August 12, 2025 6:25:34 PM
 Tournament Game in 2 Minutes 

Pairing 11/21 :    Slowmate_v1.0  -  Copycat_v1.0

PGN-File: C:\Program Files (x86)\Arena\Tournaments\Engine Battle 20250812_2.pgn

No:  B/W 1/2     W:B       1:2           Time        Value Moves Dep 1:2       1-2-Draws
   5 W 1    1.0:0.0        5.0:0.0       6:26:01 PM     0.00    17 0:0 5-0-0

--------------------------------------------------------------

Engine-Match Tuesday, August 12, 2025 6:26:02 PM
 Tournament Game in 2 Minutes 

Pairing 12/21 :    V7P3RAI_v1.0  -  Stockfish 1%

PGN-File: C:\Program Files (x86)\Arena\Tournaments\Engine Battle 20250812_2.pgn

No:  B/W 1/2     W:B       1:2           Time        Value Moves Dep 1:2       1-2-Draws
   5 B 2    2.0:1.0        1.0:4.0       6:26:24 PM      -M1    41 0:8.800  0-3-2

--------------------------------------------------------------

Engine-Match Tuesday, August 12, 2025 6:26:25 PM
 Tournament Game in 2 Minutes 

Pairing 13/21 :    Random_Opponent  -  Slowmate_v1.0

PGN-File: C:\Program Files (x86)\Arena\Tournaments\Engine Battle 20250812_2.pgn

No:  B/W 1/2     W:B       1:2           Time        Value Moves Dep 1:2       1-2-Draws
   5 B 2    1.0:0.0        0.0:5.0       6:26:35 PM     0.00     9 0:0 0-5-0

--------------------------------------------------------------

Engine-Match Tuesday, August 12, 2025 6:26:36 PM
 Tournament Game in 2 Minutes 

Pairing 14/21 :    Stockfish 1%  -  Cecilia_v0.3

PGN-File: C:\Program Files (x86)\Arena\Tournaments\Engine Battle 20250812_2.pgn

No:  B/W 1/2     W:B       1:2           Time        Value Moves Dep 1:2       1-2-Draws
   5 W 1    1.0:0.0        5.0:0.0       6:26:45 PM      +M1    17 9.750 :0 5-0-0

--------------------------------------------------------------

Engine-Match Tuesday, August 12, 2025 6:26:46 PM
 Tournament Game in 2 Minutes 

Pairing 15/21 :    Copycat_v1.0  -  V7P3RAI_v1.0

PGN-File: C:\Program Files (x86)\Arena\Tournaments\Engine Battle 20250812_2.pgn

No:  B/W 1/2     W:B       1:2           Time        Value Moves Dep 1:2       1-2-Draws
   5 W 1    1.0:0.0        3.0:2.0       6:28:22 PM     0.00    45 0:0 3-2-0

--------------------------------------------------------------

Engine-Match Tuesday, August 12, 2025 6:28:24 PM
 Tournament Game in 2 Minutes 

Pairing 16/21 :    Cece_v2.0  -  Stockfish 1%

PGN-File: C:\Program Files (x86)\Arena\Tournaments\Engine Battle 20250812_2.pgn

No:  B/W 1/2     W:B       1:2           Time        Value Moves Dep 1:2       1-2-Draws
   5 B 2    1.0:0.0        0.0:5.0       6:29:42 PM      -M1    23 0:10.000  0-5-0

--------------------------------------------------------------

Engine-Match Tuesday, August 12, 2025 6:29:48 PM
 Tournament Game in 2 Minutes 

Pairing 17/21 :    V7P3RAI_v1.0  -  Random_Opponent

PGN-File: C:\Program Files (x86)\Arena\Tournaments\Engine Battle 20250812_2.pgn

No:  B/W 1/2     W:B       1:2           Time        Value Moves Dep 1:2       1-2-Draws
   5 W 1    1.5:0.5        3.5:1.5       6:30:01 PM     0.00    25 0:0 3-1-1

--------------------------------------------------------------

Engine-Match Tuesday, August 12, 2025 6:30:02 PM
 Tournament Game in 2 Minutes 

Pairing 18/21 :    Cecilia_v0.3  -  Copycat_v1.0

PGN-File: C:\Program Files (x86)\Arena\Tournaments\Engine Battle 20250812_2.pgn

No:  B/W 1/2     W:B       1:2           Time        Value Moves Dep 1:2       1-2-Draws
   5 = =    1.5:1.5        1.5:3.5       6:31:00 PM     0.00    30 0:0 0-2-3

--------------------------------------------------------------

Engine-Match Tuesday, August 12, 2025 6:31:01 PM
 Tournament Game in 2 Minutes 

Pairing 19/21 :    Slowmate_v1.0  -  V7P3RAI_v1.0

PGN-File: C:\Program Files (x86)\Arena\Tournaments\Engine Battle 20250812_2.pgn

No:  B/W 1/2     W:B       1:2           Time        Value Moves Dep 1:2       1-2-Draws
   5 W 1    1.0:0.0        5.0:0.0       6:31:12 PM     0.00     8 0:0 5-0-0

--------------------------------------------------------------

Engine-Match Tuesday, August 12, 2025 6:31:14 PM
 Tournament Game in 2 Minutes 

Pairing 20/21 :    Copycat_v1.0  -  Cece_v2.0

PGN-File: C:\Program Files (x86)\Arena\Tournaments\Engine Battle 20250812_2.pgn

No:  B/W 1/2     W:B       1:2           Time        Value Moves Dep 1:2       1-2-Draws
   5 B 2    2.0:1.0        1.0:4.0       6:31:45 PM     0.00     6 0:0 0-3-2

--------------------------------------------------------------

Engine-Match Tuesday, August 12, 2025 6:31:46 PM
 Tournament Game in 2 Minutes 

Pairing 21/21 :    Random_Opponent  -  Cecilia_v0.3

PGN-File: C:\Program Files (x86)\Arena\Tournaments\Engine Battle 20250812_2.pgn

No:  B/W 1/2     W:B       1:2           Time        Value Moves Dep 1:2       1-2-Draws
   5 W 1    1.5:0.5        4.5:0.5       6:33:11 PM     0.00   232 0:0 4-0-1

--------------------------------------------------------------

Engine-Match Tuesday, August 12, 2025 6:33:12 PM
 Tournament Game in 2 Minutes 

Pairing 1/21 :    Stockfish 1%  -  Copycat_v1.0

PGN-File: C:\Program Files (x86)\Arena\Tournaments\Engine Battle 20250812_2.pgn

No:  B/W 1/2     W:B       1:2           Time        Value Moves Dep 1:2       1-2-Draws
   6 B 1    1.0:0.0        6.0:0.0       6:35:35 PM      -M1    77 9.000 :0 6-0-0

--------------------------------------------------------------

Engine-Match Tuesday, August 12, 2025 6:35:36 PM
 Tournament Game in 2 Minutes 

Pairing 2/21 :    Cecilia_v0.3  -  Slowmate_v1.0

PGN-File: C:\Program Files (x86)\Arena\Tournaments\Engine Battle 20250812_2.pgn

No:  B/W 1/2     W:B       1:2           Time        Value Moves Dep 1:2       1-2-Draws
   6 = =    1.5:1.5        1.5:4.5       6:35:46 PM     0.00    10 0:0 0-3-3

--------------------------------------------------------------

Engine-Match Tuesday, August 12, 2025 6:35:47 PM
 Tournament Game in 2 Minutes 

Pairing 3/21 :    Cece_v2.0  -  Random_Opponent

PGN-File: C:\Program Files (x86)\Arena\Tournaments\Engine Battle 20250812_2.pgn

No:  B/W 1/2     W:B       1:2           Time        Value Moves Dep 1:2       1-2-Draws
   6 = =    0.5:0.5        5.5:0.5       6:38:04 PM     0.00    70 0:0 5-0-1

--------------------------------------------------------------

Engine-Match Tuesday, August 12, 2025 6:38:06 PM
 Tournament Game in 2 Minutes 

Pairing 4/21 :    V7P3RAI_v1.0  -  Cecilia_v0.3

PGN-File: C:\Program Files (x86)\Arena\Tournaments\Engine Battle 20250812_2.pgn

No:  B/W 1/2     W:B       1:2           Time        Value Moves Dep 1:2       1-2-Draws
   6 = =    3.0:3.0        3.0:3.0       6:38:18 PM     0.00    19 0:0 0-0-6

--------------------------------------------------------------

Engine-Match Tuesday, August 12, 2025 6:38:19 PM
 Tournament Game in 2 Minutes 

Pairing 5/21 :    Random_Opponent  -  Stockfish 1%

PGN-File: C:\Program Files (x86)\Arena\Tournaments\Engine Battle 20250812_2.pgn

No:  B/W 1/2     W:B       1:2           Time        Value Moves Dep 1:2       1-2-Draws
   6 W 2    1.0:0.0        0.0:6.0       6:38:25 PM      +M1     8 0:9.250  0-6-0

--------------------------------------------------------------

Engine-Match Tuesday, August 12, 2025 6:38:27 PM
 Tournament Game in 2 Minutes 

Pairing 6/21 :    Slowmate_v1.0  -  Cece_v2.0

PGN-File: C:\Program Files (x86)\Arena\Tournaments\Engine Battle 20250812_2.pgn

No:  B/W 1/2     W:B       1:2           Time        Value Moves Dep 1:2       1-2-Draws
   6 = =    1.0:1.0        5.0:1.0       6:40:24 PM     0.00    37 0:0 4-0-2

--------------------------------------------------------------

Engine-Match Tuesday, August 12, 2025 6:40:25 PM
 Tournament Game in 2 Minutes 

Pairing 7/21 :    Copycat_v1.0  -  Random_Opponent

PGN-File: C:\Program Files (x86)\Arena\Tournaments\Engine Battle 20250812_2.pgn

No:  B/W 1/2     W:B       1:2           Time        Value Moves Dep 1:2       1-2-Draws
   6 = =    2.5:2.5        3.5:2.5       6:43:07 PM     0.00   125 0:0 1-0-5

--------------------------------------------------------------

Engine-Match Tuesday, August 12, 2025 6:43:08 PM
 Tournament Game in 2 Minutes 

Pairing 8/21 :    Cece_v2.0  -  V7P3RAI_v1.0

PGN-File: C:\Program Files (x86)\Arena\Tournaments\Engine Battle 20250812_2.pgn

No:  B/W 1/2     W:B       1:2           Time        Value Moves Dep 1:2       1-2-Draws
   6 W 2    1.0:0.0        3.0:3.0       6:44:59 PM     0.00    40 0:0 3-3-0

--------------------------------------------------------------

Engine-Match Tuesday, August 12, 2025 6:45:01 PM
 Tournament Game in 2 Minutes 

Pairing 9/21 :    Stockfish 1%  -  Slowmate_v1.0

PGN-File: C:\Program Files (x86)\Arena\Tournaments\Engine Battle 20250812_2.pgn

No:  B/W 1/2     W:B       1:2           Time        Value Moves Dep 1:2       1-2-Draws
   6 = =    1.0:1.0        4.0:2.0       6:47:32 PM    -4.51   205 9.000 :0 3-1-2

--------------------------------------------------------------

Engine-Match Tuesday, August 12, 2025 6:47:33 PM
 Tournament Game in 2 Minutes 

Pairing 10/21 :    Cecilia_v0.3  -  Cece_v2.0

PGN-File: C:\Program Files (x86)\Arena\Tournaments\Engine Battle 20250812_2.pgn

No:  B/W 1/2     W:B       1:2           Time        Value Moves Dep 1:2       1-2-Draws
   6 W 2    1.5:0.5        0.5:5.5       6:49:44 PM     0.00    61 0:0 0-5-1

--------------------------------------------------------------

Engine-Match Tuesday, August 12, 2025 6:49:46 PM
 Tournament Game in 2 Minutes 

Pairing 11/21 :    Slowmate_v1.0  -  Copycat_v1.0

PGN-File: C:\Program Files (x86)\Arena\Tournaments\Engine Battle 20250812_2.pgn

No:  B/W 1/2     W:B       1:2           Time        Value Moves Dep 1:2       1-2-Draws
   6 B 1    1.0:0.0        6.0:0.0       6:50:23 PM     0.00    19 0:0 6-0-0

--------------------------------------------------------------

Engine-Match Tuesday, August 12, 2025 6:50:24 PM
 Tournament Game in 2 Minutes 

Pairing 12/21 :    V7P3RAI_v1.0  -  Stockfish 1%

PGN-File: C:\Program Files (x86)\Arena\Tournaments\Engine Battle 20250812_2.pgn

No:  B/W 1/2     W:B       1:2           Time        Value Moves Dep 1:2       1-2-Draws
   6 W 2    2.0:1.0        1.0:5.0       6:50:32 PM      +M1     6 0:9.750  0-4-2

--------------------------------------------------------------

Engine-Match Tuesday, August 12, 2025 6:50:33 PM
 Tournament Game in 2 Minutes 

Pairing 13/21 :    Random_Opponent  -  Slowmate_v1.0

PGN-File: C:\Program Files (x86)\Arena\Tournaments\Engine Battle 20250812_2.pgn

No:  B/W 1/2     W:B       1:2           Time        Value Moves Dep 1:2       1-2-Draws
   6 = =    0.5:0.5        0.5:5.5       6:50:50 PM     0.00    20 0:0 0-5-1

--------------------------------------------------------------

Engine-Match Tuesday, August 12, 2025 6:50:52 PM
 Tournament Game in 2 Minutes 

Pairing 14/21 :    Stockfish 1%  -  Cecilia_v0.3

PGN-File: C:\Program Files (x86)\Arena\Tournaments\Engine Battle 20250812_2.pgn

No:  B/W 1/2     W:B       1:2           Time        Value Moves Dep 1:2       1-2-Draws
   6 B 1    1.0:0.0        6.0:0.0       6:51:05 PM      -M1    27 11.500 :0 6-0-0

--------------------------------------------------------------

Engine-Match Tuesday, August 12, 2025 6:51:06 PM
 Tournament Game in 2 Minutes 

Pairing 15/21 :    Copycat_v1.0  -  V7P3RAI_v1.0

PGN-File: C:\Program Files (x86)\Arena\Tournaments\Engine Battle 20250812_2.pgn

No:  B/W 1/2     W:B       1:2           Time        Value Moves Dep 1:2       1-2-Draws
   6 W 2    1.0:0.0        3.0:3.0       6:52:35 PM     0.00    45 0:0 3-3-0

--------------------------------------------------------------

Engine-Match Tuesday, August 12, 2025 6:52:41 PM
 Tournament Game in 2 Minutes 

Pairing 16/21 :    Cece_v2.0  -  Stockfish 1%

PGN-File: C:\Program Files (x86)\Arena\Tournaments\Engine Battle 20250812_2.pgn

No:  B/W 1/2     W:B       1:2           Time        Value Moves Dep 1:2       1-2-Draws
   6 W 2    1.0:0.0        0.0:6.0       6:54:54 PM      +M1    63 0:9.400  0-6-0

--------------------------------------------------------------

Engine-Match Tuesday, August 12, 2025 6:54:56 PM
 Tournament Game in 2 Minutes 

Pairing 17/21 :    V7P3RAI_v1.0  -  Random_Opponent

PGN-File: C:\Program Files (x86)\Arena\Tournaments\Engine Battle 20250812_2.pgn

No:  B/W 1/2     W:B       1:2           Time        Value Moves Dep 1:2       1-2-Draws
   6 W 2    1.5:0.5        3.5:2.5       6:55:39 PM     0.00   109 0:0 3-2-1

--------------------------------------------------------------

Engine-Match Tuesday, August 12, 2025 6:55:40 PM
 Tournament Game in 2 Minutes 

Pairing 18/21 :    Cecilia_v0.3  -  Copycat_v1.0

PGN-File: C:\Program Files (x86)\Arena\Tournaments\Engine Battle 20250812_2.pgn

No:  B/W 1/2     W:B       1:2           Time        Value Moves Dep 1:2       1-2-Draws
   6 = =    2.0:2.0        2.0:4.0       6:57:41 PM     0.00    54 0:0 0-2-4

--------------------------------------------------------------

Engine-Match Tuesday, August 12, 2025 6:57:42 PM
 Tournament Game in 2 Minutes 

Pairing 19/21 :    Slowmate_v1.0  -  V7P3RAI_v1.0

PGN-File: C:\Program Files (x86)\Arena\Tournaments\Engine Battle 20250812_2.pgn

No:  B/W 1/2     W:B       1:2           Time        Value Moves Dep 1:2       1-2-Draws
   6 B 1    1.0:0.0        6.0:0.0       6:58:12 PM     0.00    32 0:0 6-0-0

--------------------------------------------------------------

Engine-Match Tuesday, August 12, 2025 6:58:13 PM
 Tournament Game in 2 Minutes 

Pairing 20/21 :    Copycat_v1.0  -  Cece_v2.0

PGN-File: C:\Program Files (x86)\Arena\Tournaments\Engine Battle 20250812_2.pgn

No:  B/W 1/2     W:B       1:2           Time        Value Moves Dep 1:2       1-2-Draws
   6 W 2    2.0:1.0        1.0:5.0       6:59:38 PM     0.00    18 0:0 0-4-2

--------------------------------------------------------------

Engine-Match Tuesday, August 12, 2025 6:59:40 PM
 Tournament Game in 2 Minutes 

Pairing 21/21 :    Random_Opponent  -  Cecilia_v0.3

PGN-File: C:\Program Files (x86)\Arena\Tournaments\Engine Battle 20250812_2.pgn

No:  B/W 1/2     W:B       1:2           Time        Value Moves Dep 1:2       1-2-Draws
   6 = =    1.0:1.0        5.0:1.0       7:01:10 PM     0.00   250 0:0 4-0-2

--------------------------------------------------------------

Engine-Match Tuesday, August 12, 2025 7:01:11 PM
 Tournament Game in 2 Minutes 

Pairing 1/21 :    Stockfish 1%  -  Copycat_v1.0

PGN-File: C:\Program Files (x86)\Arena\Tournaments\Engine Battle 20250812_2.pgn

No:  B/W 1/2     W:B       1:2           Time        Value Moves Dep 1:2       1-2-Draws
   7 W 1    1.0:0.0        7.0:0.0       7:01:25 PM      +M1    11 9.250 :0 7-0-0

--------------------------------------------------------------

Engine-Match Tuesday, August 12, 2025 7:01:26 PM
 Tournament Game in 2 Minutes 

Pairing 2/21 :    Cecilia_v0.3  -  Slowmate_v1.0

PGN-File: C:\Program Files (x86)\Arena\Tournaments\Engine Battle 20250812_2.pgn

No:  B/W 1/2     W:B       1:2           Time        Value Moves Dep 1:2       1-2-Draws
   7 B 2    2.5:1.5        1.5:5.5       7:01:33 PM     0.00     7 0:0 0-4-3

--------------------------------------------------------------

Engine-Match Tuesday, August 12, 2025 7:01:34 PM
 Tournament Game in 2 Minutes 

Pairing 3/21 :    Cece_v2.0  -  Random_Opponent

PGN-File: C:\Program Files (x86)\Arena\Tournaments\Engine Battle 20250812_2.pgn

No:  B/W 1/2     W:B       1:2           Time        Value Moves Dep 1:2       1-2-Draws
   7 W 1    1.5:0.5        6.5:0.5       7:03:00 PM     0.00    27 0:0 6-0-1

--------------------------------------------------------------

Engine-Match Tuesday, August 12, 2025 7:03:01 PM
 Tournament Game in 2 Minutes 

Pairing 4/21 :    V7P3RAI_v1.0  -  Cecilia_v0.3

PGN-File: C:\Program Files (x86)\Arena\Tournaments\Engine Battle 20250812_2.pgn

No:  B/W 1/2     W:B       1:2           Time        Value Moves Dep 1:2       1-2-Draws
   7 = =    3.5:3.5        3.5:3.5       7:03:10 PM     0.00    11 0:0 0-0-7

--------------------------------------------------------------

Engine-Match Tuesday, August 12, 2025 7:03:11 PM
 Tournament Game in 2 Minutes 

Pairing 5/21 :    Random_Opponent  -  Stockfish 1%

PGN-File: C:\Program Files (x86)\Arena\Tournaments\Engine Battle 20250812_2.pgn

No:  B/W 1/2     W:B       1:2           Time        Value Moves Dep 1:2       1-2-Draws
   7 B 2    1.0:0.0        0.0:7.0       7:03:23 PM      -M1    24 0:8.333  0-7-0

--------------------------------------------------------------

Engine-Match Tuesday, August 12, 2025 7:03:24 PM
 Tournament Game in 2 Minutes 

Pairing 6/21 :    Slowmate_v1.0  -  Cece_v2.0

PGN-File: C:\Program Files (x86)\Arena\Tournaments\Engine Battle 20250812_2.pgn

No:  B/W 1/2     W:B       1:2           Time        Value Moves Dep 1:2       1-2-Draws
   7 W 1    2.0:1.0        6.0:1.0       7:04:49 PM     0.00    22 0:0 5-0-2

--------------------------------------------------------------

Engine-Match Tuesday, August 12, 2025 7:04:50 PM
 Tournament Game in 2 Minutes 

Pairing 7/21 :    Copycat_v1.0  -  Random_Opponent

PGN-File: C:\Program Files (x86)\Arena\Tournaments\Engine Battle 20250812_2.pgn

No:  B/W 1/2     W:B       1:2           Time        Value Moves Dep 1:2       1-2-Draws
   7 W 1    3.5:2.5        4.5:2.5       7:06:31 PM     0.00    41 0:0 2-0-5

--------------------------------------------------------------

Engine-Match Tuesday, August 12, 2025 7:06:33 PM
 Tournament Game in 2 Minutes 

Pairing 8/21 :    Cece_v2.0  -  V7P3RAI_v1.0

PGN-File: C:\Program Files (x86)\Arena\Tournaments\Engine Battle 20250812_2.pgn

No:  B/W 1/2     W:B       1:2           Time        Value Moves Dep 1:2       1-2-Draws
   7 W 1    1.0:0.0        4.0:3.0       7:07:03 PM     0.00     6 0:0 4-3-0

--------------------------------------------------------------

Engine-Match Tuesday, August 12, 2025 7:07:04 PM
 Tournament Game in 2 Minutes 

Pairing 9/21 :    Stockfish 1%  -  Slowmate_v1.0

PGN-File: C:\Program Files (x86)\Arena\Tournaments\Engine Battle 20250812_2.pgn

No:  B/W 1/2     W:B       1:2           Time        Value Moves Dep 1:2       1-2-Draws
   7 W 1    2.0:1.0        5.0:2.0       7:08:53 PM      +M1   128 9.400 :0 4-1-2

--------------------------------------------------------------

Engine-Match Tuesday, August 12, 2025 7:08:55 PM
 Tournament Game in 2 Minutes 

Pairing 10/21 :    Cecilia_v0.3  -  Cece_v2.0

PGN-File: C:\Program Files (x86)\Arena\Tournaments\Engine Battle 20250812_2.pgn

No:  B/W 1/2     W:B       1:2           Time        Value Moves Dep 1:2       1-2-Draws
   7 B 2    1.5:0.5        0.5:6.5       7:09:52 PM     0.00    15 0:0 0-6-1

--------------------------------------------------------------

Engine-Match Tuesday, August 12, 2025 7:09:53 PM
 Tournament Game in 2 Minutes 

Pairing 11/21 :    Slowmate_v1.0  -  Copycat_v1.0

PGN-File: C:\Program Files (x86)\Arena\Tournaments\Engine Battle 20250812_2.pgn

No:  B/W 1/2     W:B       1:2           Time        Value Moves Dep 1:2       1-2-Draws
   7 W 1    1.0:0.0        7.0:0.0       7:10:29 PM     0.00    17 0:0 7-0-0

--------------------------------------------------------------

Engine-Match Tuesday, August 12, 2025 7:10:30 PM
 Tournament Game in 2 Minutes 

Pairing 12/21 :    V7P3RAI_v1.0  -  Stockfish 1%

PGN-File: C:\Program Files (x86)\Arena\Tournaments\Engine Battle 20250812_2.pgn

No:  B/W 1/2     W:B       1:2           Time        Value Moves Dep 1:2       1-2-Draws
   7 B 2    2.0:1.0        1.0:6.0       7:10:56 PM      -M1    48 0:9.000  0-5-2

--------------------------------------------------------------

Engine-Match Tuesday, August 12, 2025 7:10:57 PM
 Tournament Game in 2 Minutes 

Pairing 13/21 :    Random_Opponent  -  Slowmate_v1.0

PGN-File: C:\Program Files (x86)\Arena\Tournaments\Engine Battle 20250812_2.pgn

No:  B/W 1/2     W:B       1:2           Time        Value Moves Dep 1:2       1-2-Draws
   7 B 2    1.5:0.5        0.5:6.5       7:11:21 PM     0.00    31 0:0 0-6-1

--------------------------------------------------------------

Engine-Match Tuesday, August 12, 2025 7:11:22 PM
 Tournament Game in 2 Minutes 

Pairing 14/21 :    Stockfish 1%  -  Cecilia_v0.3

PGN-File: C:\Program Files (x86)\Arena\Tournaments\Engine Battle 20250812_2.pgn

No:  B/W 1/2     W:B       1:2           Time        Value Moves Dep 1:2       1-2-Draws
   7 W 1    1.0:0.0        7.0:0.0       7:11:34 PM      +M1    24 9.250 :0 7-0-0

--------------------------------------------------------------

Engine-Match Tuesday, August 12, 2025 7:11:41 PM
 Tournament Game in 2 Minutes 

Pairing 15/21 :    Copycat_v1.0  -  V7P3RAI_v1.0

PGN-File: C:\Program Files (x86)\Arena\Tournaments\Engine Battle 20250812_2.pgn

No:  B/W 1/2     W:B       1:2           Time        Value Moves Dep 1:2       1-2-Draws
   7 W 1    1.0:0.0        4.0:3.0       7:11:50 PM     0.00     6 0:0 4-3-0

--------------------------------------------------------------

Engine-Match Tuesday, August 12, 2025 7:11:52 PM
 Tournament Game in 2 Minutes 

Pairing 16/21 :    Cece_v2.0  -  Stockfish 1%

PGN-File: C:\Program Files (x86)\Arena\Tournaments\Engine Battle 20250812_2.pgn

No:  B/W 1/2     W:B       1:2           Time        Value Moves Dep 1:2       1-2-Draws
   7 B 2    1.0:0.0        0.0:7.0       7:13:42 PM      -M1    41 0:9.800  0-7-0

--------------------------------------------------------------

Engine-Match Tuesday, August 12, 2025 7:13:44 PM
 Tournament Game in 2 Minutes 

Pairing 17/21 :    V7P3RAI_v1.0  -  Random_Opponent

PGN-File: C:\Program Files (x86)\Arena\Tournaments\Engine Battle 20250812_2.pgn

No:  B/W 1/2     W:B       1:2           Time        Value Moves Dep 1:2       1-2-Draws
   7 W 1    1.5:0.5        4.5:2.5       7:13:57 PM     0.00    26 0:0 4-2-1

--------------------------------------------------------------

Engine-Match Tuesday, August 12, 2025 7:13:59 PM
 Tournament Game in 2 Minutes 

Pairing 18/21 :    Cecilia_v0.3  -  Copycat_v1.0

PGN-File: C:\Program Files (x86)\Arena\Tournaments\Engine Battle 20250812_2.pgn

No:  B/W 1/2     W:B       1:2           Time        Value Moves Dep 1:2       1-2-Draws
   7 B 2    3.0:2.0        2.0:5.0       7:14:36 PM     0.00    19 0:0 0-3-4

--------------------------------------------------------------

Engine-Match Tuesday, August 12, 2025 7:14:37 PM
 Tournament Game in 2 Minutes 

Pairing 19/21 :    Slowmate_v1.0  -  V7P3RAI_v1.0

PGN-File: C:\Program Files (x86)\Arena\Tournaments\Engine Battle 20250812_2.pgn

No:  B/W 1/2     W:B       1:2           Time        Value Moves Dep 1:2       1-2-Draws
   7 W 1    1.0:0.0        7.0:0.0       7:14:48 PM     0.00     8 0:0 7-0-0

--------------------------------------------------------------

Engine-Match Tuesday, August 12, 2025 7:14:49 PM
 Tournament Game in 2 Minutes 

Pairing 20/21 :    Copycat_v1.0  -  Cece_v2.0

PGN-File: C:\Program Files (x86)\Arena\Tournaments\Engine Battle 20250812_2.pgn

No:  B/W 1/2     W:B       1:2           Time        Value Moves Dep 1:2       1-2-Draws
   7 B 2    2.0:1.0        1.0:6.0       7:17:44 PM     0.00    35 0:0 0-5-2

--------------------------------------------------------------

Engine-Match Tuesday, August 12, 2025 7:17:46 PM
 Tournament Game in 2 Minutes 

Pairing 21/21 :    Random_Opponent  -  Cecilia_v0.3

PGN-File: C:\Program Files (x86)\Arena\Tournaments\Engine Battle 20250812_2.pgn

No:  B/W 1/2     W:B       1:2           Time        Value Moves Dep 1:2       1-2-Draws
   7 = =    1.5:1.5        5.5:1.5       7:19:16 PM     0.00   250 0:0 4-0-3

--------------------------------------------------------------

Engine-Match Tuesday, August 12, 2025 7:19:17 PM
 Tournament Game in 2 Minutes 

Pairing 1/21 :    Stockfish 1%  -  Copycat_v1.0

PGN-File: C:\Program Files (x86)\Arena\Tournaments\Engine Battle 20250812_2.pgn

No:  B/W 1/2     W:B       1:2           Time        Value Moves Dep 1:2       1-2-Draws
   8 B 1    1.0:0.0        8.0:0.0       7:21:08 PM      -M1    57 10.250 :0 8-0-0

--------------------------------------------------------------

Engine-Match Tuesday, August 12, 2025 7:21:09 PM
 Tournament Game in 2 Minutes 

Pairing 2/21 :    Cecilia_v0.3  -  Slowmate_v1.0

PGN-File: C:\Program Files (x86)\Arena\Tournaments\Engine Battle 20250812_2.pgn

No:  B/W 1/2     W:B       1:2           Time        Value Moves Dep 1:2       1-2-Draws
   8 = =    2.0:2.0        2.0:6.0       7:21:19 PM     0.00    10 0:0 0-4-4

--------------------------------------------------------------

Engine-Match Tuesday, August 12, 2025 7:21:20 PM
 Tournament Game in 2 Minutes 

Pairing 3/21 :    Cece_v2.0  -  Random_Opponent

PGN-File: C:\Program Files (x86)\Arena\Tournaments\Engine Battle 20250812_2.pgn

No:  B/W 1/2     W:B       1:2           Time        Value Moves Dep 1:2       1-2-Draws
   8 B 1    1.5:0.5        7.5:0.5       7:22:08 PM     0.00    12 0:0 7-0-1

--------------------------------------------------------------

Engine-Match Tuesday, August 12, 2025 7:22:09 PM
 Tournament Game in 2 Minutes 

Pairing 4/21 :    V7P3RAI_v1.0  -  Cecilia_v0.3

PGN-File: C:\Program Files (x86)\Arena\Tournaments\Engine Battle 20250812_2.pgn

No:  B/W 1/2     W:B       1:2           Time        Value Moves Dep 1:2       1-2-Draws
   8 = =    4.0:4.0        4.0:4.0       7:22:22 PM     0.00    19 0:0 0-0-8

--------------------------------------------------------------

Engine-Match Tuesday, August 12, 2025 7:22:23 PM
 Tournament Game in 2 Minutes 

Pairing 5/21 :    Random_Opponent  -  Stockfish 1%

PGN-File: C:\Program Files (x86)\Arena\Tournaments\Engine Battle 20250812_2.pgn

No:  B/W 1/2     W:B       1:2           Time        Value Moves Dep 1:2       1-2-Draws
   8 W 2    1.0:0.0        0.0:8.0       7:22:35 PM      +M1    25 0:9.600  0-8-0

--------------------------------------------------------------

Engine-Match Tuesday, August 12, 2025 7:22:36 PM
 Tournament Game in 2 Minutes 

Pairing 6/21 :    Slowmate_v1.0  -  Cece_v2.0

PGN-File: C:\Program Files (x86)\Arena\Tournaments\Engine Battle 20250812_2.pgn

No:  B/W 1/2     W:B       1:2           Time        Value Moves Dep 1:2       1-2-Draws
   8 B 1    2.0:1.0        7.0:1.0       7:23:42 PM     0.00    16 0:0 6-0-2

--------------------------------------------------------------

Engine-Match Tuesday, August 12, 2025 7:23:43 PM
 Tournament Game in 2 Minutes 

Pairing 7/21 :    Copycat_v1.0  -  Random_Opponent

PGN-File: C:\Program Files (x86)\Arena\Tournaments\Engine Battle 20250812_2.pgn

No:  B/W 1/2     W:B       1:2           Time        Value Moves Dep 1:2       1-2-Draws
   8 = =    3.0:3.0        5.0:3.0       7:26:38 PM     0.00   164 0:0 2-0-6

--------------------------------------------------------------

Engine-Match Tuesday, August 12, 2025 7:26:39 PM
 Tournament Game in 2 Minutes 

Pairing 8/21 :    Cece_v2.0  -  V7P3RAI_v1.0

PGN-File: C:\Program Files (x86)\Arena\Tournaments\Engine Battle 20250812_2.pgn

No:  B/W 1/2     W:B       1:2           Time        Value Moves Dep 1:2       1-2-Draws
   8 W 2    1.0:0.0        4.0:4.0       7:28:26 PM     0.00    37 0:0 4-4-0

--------------------------------------------------------------

Engine-Match Tuesday, August 12, 2025 7:28:27 PM
 Tournament Game in 2 Minutes 

Pairing 9/21 :    Stockfish 1%  -  Slowmate_v1.0

PGN-File: C:\Program Files (x86)\Arena\Tournaments\Engine Battle 20250812_2.pgn

No:  B/W 1/2     W:B       1:2           Time        Value Moves Dep 1:2       1-2-Draws
   8 = =    1.5:1.5        5.5:2.5       7:30:49 PM     0.00   230 9.750 :0 4-1-3

--------------------------------------------------------------

Engine-Match Tuesday, August 12, 2025 7:30:51 PM
 Tournament Game in 2 Minutes 

Pairing 10/21 :    Cecilia_v0.3  -  Cece_v2.0

PGN-File: C:\Program Files (x86)\Arena\Tournaments\Engine Battle 20250812_2.pgn

No:  B/W 1/2     W:B       1:2           Time        Value Moves Dep 1:2       1-2-Draws
   8 W 2    1.5:0.5        0.5:7.5       7:32:22 PM     0.00    30 0:0 0-7-1

--------------------------------------------------------------

Engine-Match Tuesday, August 12, 2025 7:32:23 PM
 Tournament Game in 2 Minutes 

Pairing 11/21 :    Slowmate_v1.0  -  Copycat_v1.0

PGN-File: C:\Program Files (x86)\Arena\Tournaments\Engine Battle 20250812_2.pgn

No:  B/W 1/2     W:B       1:2           Time        Value Moves Dep 1:2       1-2-Draws
   8 B 1    1.0:0.0        8.0:0.0       7:33:32 PM     0.00    27 0:0 8-0-0

--------------------------------------------------------------

Engine-Match Tuesday, August 12, 2025 7:33:33 PM
 Tournament Game in 2 Minutes 

Pairing 12/21 :    V7P3RAI_v1.0  -  Stockfish 1%

PGN-File: C:\Program Files (x86)\Arena\Tournaments\Engine Battle 20250812_2.pgn

No:  B/W 1/2     W:B       1:2           Time        Value Moves Dep 1:2       1-2-Draws
   8 W 2    2.0:1.0        1.0:7.0       7:33:42 PM      +M1     9 0:8.250  0-6-2

--------------------------------------------------------------

Engine-Match Tuesday, August 12, 2025 7:33:43 PM
 Tournament Game in 2 Minutes 

Pairing 13/21 :    Random_Opponent  -  Slowmate_v1.0

PGN-File: C:\Program Files (x86)\Arena\Tournaments\Engine Battle 20250812_2.pgn

No:  B/W 1/2     W:B       1:2           Time        Value Moves Dep 1:2       1-2-Draws
   8 W 2    1.5:0.5        0.5:7.5       7:34:02 PM     0.00    21 0:0 0-7-1

--------------------------------------------------------------

Engine-Match Tuesday, August 12, 2025 7:34:09 PM
 Tournament Game in 2 Minutes 

Pairing 14/21 :    Stockfish 1%  -  Cecilia_v0.3

PGN-File: C:\Program Files (x86)\Arena\Tournaments\Engine Battle 20250812_2.pgn

No:  B/W 1/2     W:B       1:2           Time        Value Moves Dep 1:2       1-2-Draws
   8 B 1    1.0:0.0        8.0:0.0       7:34:31 PM      -M1    54 9.600 :0 8-0-0

--------------------------------------------------------------

Engine-Match Tuesday, August 12, 2025 7:34:33 PM
 Tournament Game in 2 Minutes 

Pairing 15/21 :    Copycat_v1.0  -  V7P3RAI_v1.0

PGN-File: C:\Program Files (x86)\Arena\Tournaments\Engine Battle 20250812_2.pgn

No:  B/W 1/2     W:B       1:2           Time        Value Moves Dep 1:2       1-2-Draws
   8 W 2    1.0:0.0        4.0:4.0       7:35:16 PM     0.00    24 0:0 4-4-0

--------------------------------------------------------------

Engine-Match Tuesday, August 12, 2025 7:35:17 PM
 Tournament Game in 2 Minutes 

Pairing 16/21 :    Cece_v2.0  -  Stockfish 1%

PGN-File: C:\Program Files (x86)\Arena\Tournaments\Engine Battle 20250812_2.pgn

No:  B/W 1/2     W:B       1:2           Time        Value Moves Dep 1:2       1-2-Draws
   8 = =    0.5:0.5        0.5:7.5       7:38:10 PM     0.00   139 0:9.000  0-7-1

--------------------------------------------------------------

Engine-Match Tuesday, August 12, 2025 7:38:11 PM
 Tournament Game in 2 Minutes 

Pairing 17/21 :    V7P3RAI_v1.0  -  Random_Opponent

PGN-File: C:\Program Files (x86)\Arena\Tournaments\Engine Battle 20250812_2.pgn

No:  B/W 1/2     W:B       1:2           Time        Value Moves Dep 1:2       1-2-Draws
   8 = =    1.0:1.0        5.0:3.0       7:39:18 PM     0.00   172 0:0 4-2-2

--------------------------------------------------------------

Engine-Match Tuesday, August 12, 2025 7:39:20 PM
 Tournament Game in 2 Minutes 

Pairing 18/21 :    Cecilia_v0.3  -  Copycat_v1.0

PGN-File: C:\Program Files (x86)\Arena\Tournaments\Engine Battle 20250812_2.pgn

No:  B/W 1/2     W:B       1:2           Time        Value Moves Dep 1:2       1-2-Draws
   8 = =    2.5:2.5        2.5:5.5       7:40:58 PM     0.00    48 0:0 0-3-5

--------------------------------------------------------------

Engine-Match Tuesday, August 12, 2025 7:40:59 PM
 Tournament Game in 2 Minutes 

Pairing 19/21 :    Slowmate_v1.0  -  V7P3RAI_v1.0

PGN-File: C:\Program Files (x86)\Arena\Tournaments\Engine Battle 20250812_2.pgn

No:  B/W 1/2     W:B       1:2           Time        Value Moves Dep 1:2       1-2-Draws
   8 B 1    1.0:0.0        8.0:0.0       7:41:29 PM     0.00    32 0:0 8-0-0

--------------------------------------------------------------

Engine-Match Tuesday, August 12, 2025 7:41:31 PM
 Tournament Game in 2 Minutes 

Pairing 20/21 :    Copycat_v1.0  -  Cece_v2.0

PGN-File: C:\Program Files (x86)\Arena\Tournaments\Engine Battle 20250812_2.pgn

No:  B/W 1/2     W:B       1:2           Time        Value Moves Dep 1:2       1-2-Draws
   8 W 2    2.0:1.0        1.0:7.0       7:44:42 PM     0.00    40 0:0 0-6-2

--------------------------------------------------------------

Engine-Match Tuesday, August 12, 2025 7:44:43 PM
 Tournament Game in 2 Minutes 

Pairing 21/21 :    Random_Opponent  -  Cecilia_v0.3

PGN-File: C:\Program Files (x86)\Arena\Tournaments\Engine Battle 20250812_2.pgn

No:  B/W 1/2     W:B       1:2           Time        Value Moves Dep 1:2       1-2-Draws
   8 B 1    2.5:1.5        6.5:1.5       7:45:09 PM     0.00    68 0:0 5-0-3

--------------------------------------------------------------

Engine-Match Tuesday, August 12, 2025 7:45:10 PM
 Tournament Game in 2 Minutes 

Pairing 1/21 :    Stockfish 1%  -  Copycat_v1.0

PGN-File: C:\Program Files (x86)\Arena\Tournaments\Engine Battle 20250812_2.pgn

No:  B/W 1/2     W:B       1:2           Time        Value Moves Dep 1:2       1-2-Draws
   9 W 1    1.0:0.0        9.0:0.0       7:45:42 PM      +M1    18 8.800 :0 9-0-0

--------------------------------------------------------------

Engine-Match Tuesday, August 12, 2025 7:45:44 PM
 Tournament Game in 2 Minutes 

Pairing 2/21 :    Cecilia_v0.3  -  Slowmate_v1.0

PGN-File: C:\Program Files (x86)\Arena\Tournaments\Engine Battle 20250812_2.pgn

No:  B/W 1/2     W:B       1:2           Time        Value Moves Dep 1:2       1-2-Draws
   9 B 2    3.0:2.0        2.0:7.0       7:45:50 PM     0.00     7 0:0 0-5-4

--------------------------------------------------------------

Engine-Match Tuesday, August 12, 2025 7:45:51 PM
 Tournament Game in 2 Minutes 

Pairing 3/21 :    Cece_v2.0  -  Random_Opponent

PGN-File: C:\Program Files (x86)\Arena\Tournaments\Engine Battle 20250812_2.pgn

No:  B/W 1/2     W:B       1:2           Time        Value Moves Dep 1:2       1-2-Draws
   9 W 1    1.5:0.5        8.5:0.5       7:47:15 PM     0.00    26 0:0 8-0-1

--------------------------------------------------------------

Engine-Match Tuesday, August 12, 2025 7:47:16 PM
 Tournament Game in 2 Minutes 

Pairing 4/21 :    V7P3RAI_v1.0  -  Cecilia_v0.3

PGN-File: C:\Program Files (x86)\Arena\Tournaments\Engine Battle 20250812_2.pgn

No:  B/W 1/2     W:B       1:2           Time        Value Moves Dep 1:2       1-2-Draws
   9 = =    4.5:4.5        4.5:4.5       7:47:25 PM     0.00    11 0:0 0-0-9

--------------------------------------------------------------

Engine-Match Tuesday, August 12, 2025 7:47:26 PM
 Tournament Game in 2 Minutes 

Pairing 5/21 :    Random_Opponent  -  Stockfish 1%

PGN-File: C:\Program Files (x86)\Arena\Tournaments\Engine Battle 20250812_2.pgn

No:  B/W 1/2     W:B       1:2           Time        Value Moves Dep 1:2       1-2-Draws
   9 B 2    1.0:0.0        0.0:9.0       7:47:40 PM      -M1    30 0:8.800  0-9-0

--------------------------------------------------------------

Engine-Match Tuesday, August 12, 2025 7:47:41 PM
 Tournament Game in 2 Minutes 

Pairing 6/21 :    Slowmate_v1.0  -  Cece_v2.0

PGN-File: C:\Program Files (x86)\Arena\Tournaments\Engine Battle 20250812_2.pgn

No:  B/W 1/2     W:B       1:2           Time        Value Moves Dep 1:2       1-2-Draws
   9 W 1    2.0:1.0        8.0:1.0       7:50:08 PM     0.00    51 0:0 7-0-2

--------------------------------------------------------------

Engine-Match Tuesday, August 12, 2025 7:50:09 PM
 Tournament Game in 2 Minutes 

Pairing 7/21 :    Copycat_v1.0  -  Random_Opponent

PGN-File: C:\Program Files (x86)\Arena\Tournaments\Engine Battle 20250812_2.pgn

No:  B/W 1/2     W:B       1:2           Time        Value Moves Dep 1:2       1-2-Draws
   9 = =    3.5:3.5        5.5:3.5       7:52:49 PM     0.00   124 0:0 2-0-7

--------------------------------------------------------------

Engine-Match Tuesday, August 12, 2025 7:52:50 PM
 Tournament Game in 2 Minutes 

Pairing 8/21 :    Cece_v2.0  -  V7P3RAI_v1.0

PGN-File: C:\Program Files (x86)\Arena\Tournaments\Engine Battle 20250812_2.pgn

No:  B/W 1/2     W:B       1:2           Time        Value Moves Dep 1:2       1-2-Draws
   9 W 1    1.0:0.0        5.0:4.0       7:53:19 PM     0.00     6 0:0 5-4-0

--------------------------------------------------------------

Engine-Match Tuesday, August 12, 2025 7:53:21 PM
 Tournament Game in 2 Minutes 

Pairing 9/21 :    Stockfish 1%  -  Slowmate_v1.0

PGN-File: C:\Program Files (x86)\Arena\Tournaments\Engine Battle 20250812_2.pgn

No:  B/W 1/2     W:B       1:2           Time        Value Moves Dep 1:2       1-2-Draws
   9 W 1    2.5:1.5        6.5:2.5       7:54:45 PM      +M1    82 8.500 :0 5-1-3

--------------------------------------------------------------

Engine-Match Tuesday, August 12, 2025 7:54:46 PM
 Tournament Game in 2 Minutes 

Pairing 10/21 :    Cecilia_v0.3  -  Cece_v2.0

PGN-File: C:\Program Files (x86)\Arena\Tournaments\Engine Battle 20250812_2.pgn

No:  B/W 1/2     W:B       1:2           Time        Value Moves Dep 1:2       1-2-Draws
   9 = =    1.0:1.0        1.0:8.0       7:56:05 PM     0.00    24 0:0 0-7-2

--------------------------------------------------------------

Engine-Match Tuesday, August 12, 2025 7:56:07 PM
 Tournament Game in 2 Minutes 

Pairing 11/21 :    Slowmate_v1.0  -  Copycat_v1.0

PGN-File: C:\Program Files (x86)\Arena\Tournaments\Engine Battle 20250812_2.pgn

No:  B/W 1/2     W:B       1:2           Time        Value Moves Dep 1:2       1-2-Draws
   9 W 1    1.0:0.0        9.0:0.0       7:57:00 PM     0.00    25 0:0 9-0-0

--------------------------------------------------------------

Engine-Match Tuesday, August 12, 2025 7:57:01 PM
 Tournament Game in 2 Minutes 

Pairing 12/21 :    V7P3RAI_v1.0  -  Stockfish 1%

PGN-File: C:\Program Files (x86)\Arena\Tournaments\Engine Battle 20250812_2.pgn

No:  B/W 1/2     W:B       1:2           Time        Value Moves Dep 1:2       1-2-Draws
   9 B 2    2.0:1.0        1.0:8.0       7:57:24 PM      -M1    39 0:9.500  0-7-2

--------------------------------------------------------------

Engine-Match Tuesday, August 12, 2025 7:57:31 PM
 Tournament Game in 2 Minutes 

Pairing 13/21 :    Random_Opponent  -  Slowmate_v1.0

PGN-File: C:\Program Files (x86)\Arena\Tournaments\Engine Battle 20250812_2.pgn

No:  B/W 1/2     W:B       1:2           Time        Value Moves Dep 1:2       1-2-Draws
   9 B 2    1.5:0.5        0.5:8.5       7:57:54 PM     0.00    31 0:0 0-8-1

--------------------------------------------------------------

Engine-Match Tuesday, August 12, 2025 7:57:56 PM
 Tournament Game in 2 Minutes 

Pairing 14/21 :    Stockfish 1%  -  Cecilia_v0.3

PGN-File: C:\Program Files (x86)\Arena\Tournaments\Engine Battle 20250812_2.pgn

No:  B/W 1/2     W:B       1:2           Time        Value Moves Dep 1:2       1-2-Draws
   9 W 1    1.0:0.0        9.0:0.0       7:58:05 PM      +M1    17 9.600 :0 9-0-0

--------------------------------------------------------------

Engine-Match Tuesday, August 12, 2025 7:58:06 PM
 Tournament Game in 2 Minutes 

Pairing 15/21 :    Copycat_v1.0  -  V7P3RAI_v1.0

PGN-File: C:\Program Files (x86)\Arena\Tournaments\Engine Battle 20250812_2.pgn

No:  B/W 1/2     W:B       1:2           Time        Value Moves Dep 1:2       1-2-Draws
   9 = =    0.5:0.5        4.5:4.5       8:00:19 PM     0.00    66 0:0 4-4-1

--------------------------------------------------------------

Engine-Match Tuesday, August 12, 2025 8:00:21 PM
 Tournament Game in 2 Minutes 

Pairing 16/21 :    Cece_v2.0  -  Stockfish 1%

PGN-File: C:\Program Files (x86)\Arena\Tournaments\Engine Battle 20250812_2.pgn

No:  B/W 1/2     W:B       1:2           Time        Value Moves Dep 1:2       1-2-Draws
   9 B 2    1.5:0.5        0.5:8.5       8:01:41 PM      -M1    24 0:9.000  0-8-1

--------------------------------------------------------------

Engine-Match Tuesday, August 12, 2025 8:01:42 PM
 Tournament Game in 2 Minutes 

Pairing 17/21 :    V7P3RAI_v1.0  -  Random_Opponent

PGN-File: C:\Program Files (x86)\Arena\Tournaments\Engine Battle 20250812_2.pgn

No:  B/W 1/2     W:B       1:2           Time        Value Moves Dep 1:2       1-2-Draws
   9 W 1    2.0:1.0        6.0:3.0       8:01:49 PM     0.00     7 0:0 5-2-2

--------------------------------------------------------------

Engine-Match Tuesday, August 12, 2025 8:01:51 PM
 Tournament Game in 2 Minutes 

Pairing 18/21 :    Cecilia_v0.3  -  Copycat_v1.0

PGN-File: C:\Program Files (x86)\Arena\Tournaments\Engine Battle 20250812_2.pgn

No:  B/W 1/2     W:B       1:2           Time        Value Moves Dep 1:2       1-2-Draws
   9 B 2    3.5:2.5        2.5:6.5       8:04:16 PM     0.00    89 0:0 0-4-5

--------------------------------------------------------------

Engine-Match Tuesday, August 12, 2025 8:04:18 PM
 Tournament Game in 2 Minutes 

Pairing 19/21 :    Slowmate_v1.0  -  V7P3RAI_v1.0

PGN-File: C:\Program Files (x86)\Arena\Tournaments\Engine Battle 20250812_2.pgn

No:  B/W 1/2     W:B       1:2           Time        Value Moves Dep 1:2       1-2-Draws
   9 W 1    1.0:0.0        9.0:0.0       8:04:29 PM     0.00     8 0:0 9-0-0

--------------------------------------------------------------

Engine-Match Tuesday, August 12, 2025 8:04:30 PM
 Tournament Game in 2 Minutes 

Pairing 20/21 :    Copycat_v1.0  -  Cece_v2.0

PGN-File: C:\Program Files (x86)\Arena\Tournaments\Engine Battle 20250812_2.pgn

No:  B/W 1/2     W:B       1:2           Time        Value Moves Dep 1:2       1-2-Draws
   9 = =    1.5:1.5        1.5:7.5       8:08:24 PM     0.00    58 0:0 0-6-3

--------------------------------------------------------------

Engine-Match Tuesday, August 12, 2025 8:08:25 PM
 Tournament Game in 2 Minutes 

Pairing 21/21 :    Random_Opponent  -  Cecilia_v0.3

PGN-File: C:\Program Files (x86)\Arena\Tournaments\Engine Battle 20250812_2.pgn

No:  B/W 1/2     W:B       1:2           Time        Value Moves Dep 1:2       1-2-Draws
   9 = =    2.0:2.0        7.0:2.0       8:09:26 PM     0.00   173 0:0 5-0-4

--------------------------------------------------------------

Engine-Match Tuesday, August 12, 2025 8:09:28 PM
 Tournament Game in 2 Minutes 

Pairing 1/21 :    Stockfish 1%  -  Copycat_v1.0

PGN-File: C:\Program Files (x86)\Arena\Tournaments\Engine Battle 20250812_2.pgn

No:  B/W 1/2     W:B       1:2           Time        Value Moves Dep 1:2       1-2-Draws
  10 B 1    1.0:0.0        10.0:0.0      8:11:47 PM      -M1    72 10.167 :0 10-0-0

--------------------------------------------------------------

Engine-Match Tuesday, August 12, 2025 8:11:48 PM
 Tournament Game in 2 Minutes 

Pairing 2/21 :    Cecilia_v0.3  -  Slowmate_v1.0

PGN-File: C:\Program Files (x86)\Arena\Tournaments\Engine Battle 20250812_2.pgn

No:  B/W 1/2     W:B       1:2           Time        Value Moves Dep 1:2       1-2-Draws
  10 = =    2.5:2.5        2.5:7.5       8:11:57 PM     0.00    10 0:0 0-5-5

--------------------------------------------------------------

Engine-Match Tuesday, August 12, 2025 8:11:59 PM
 Tournament Game in 2 Minutes 

Pairing 3/21 :    Cece_v2.0  -  Random_Opponent

PGN-File: C:\Program Files (x86)\Arena\Tournaments\Engine Battle 20250812_2.pgn

No:  B/W 1/2     W:B       1:2           Time        Value Moves Dep 1:2       1-2-Draws
  10 B 1    1.5:0.5        9.5:0.5       8:13:08 PM     0.00    20 0:0 9-0-1

--------------------------------------------------------------

Engine-Match Tuesday, August 12, 2025 8:13:10 PM
 Tournament Game in 2 Minutes 

Pairing 4/21 :    V7P3RAI_v1.0  -  Cecilia_v0.3

PGN-File: C:\Program Files (x86)\Arena\Tournaments\Engine Battle 20250812_2.pgn

No:  B/W 1/2     W:B       1:2           Time        Value Moves Dep 1:2       1-2-Draws
  10 = =    5.0:5.0        5.0:5.0       8:13:22 PM     0.00    19 0:0 0-0-10

--------------------------------------------------------------

Engine-Match Tuesday, August 12, 2025 8:13:23 PM
 Tournament Game in 2 Minutes 

Pairing 5/21 :    Random_Opponent  -  Stockfish 1%

PGN-File: C:\Program Files (x86)\Arena\Tournaments\Engine Battle 20250812_2.pgn

No:  B/W 1/2     W:B       1:2           Time        Value Moves Dep 1:2       1-2-Draws
  10 W 2    1.0:0.0        0.0:10.0      8:13:29 PM      +M1     8 0:8.750  0-10-0

--------------------------------------------------------------

Engine-Match Tuesday, August 12, 2025 8:13:31 PM
 Tournament Game in 2 Minutes 

Pairing 6/21 :    Slowmate_v1.0  -  Cece_v2.0

PGN-File: C:\Program Files (x86)\Arena\Tournaments\Engine Battle 20250812_2.pgn

No:  B/W 1/2     W:B       1:2           Time        Value Moves Dep 1:2       1-2-Draws
  10 B 1    2.0:1.0        9.0:1.0       8:15:22 PM     0.00    31 0:0 8-0-2

--------------------------------------------------------------

Engine-Match Tuesday, August 12, 2025 8:15:24 PM
 Tournament Game in 2 Minutes 

Pairing 7/21 :    Copycat_v1.0  -  Random_Opponent

PGN-File: C:\Program Files (x86)\Arena\Tournaments\Engine Battle 20250812_2.pgn

No:  B/W 1/2     W:B       1:2           Time        Value Moves Dep 1:2       1-2-Draws
  10 = =    4.0:4.0        6.0:4.0       8:18:10 PM     0.00   138 0:0 2-0-8

--------------------------------------------------------------

Engine-Match Tuesday, August 12, 2025 8:18:11 PM
 Tournament Game in 2 Minutes 

Pairing 8/21 :    Cece_v2.0  -  V7P3RAI_v1.0

PGN-File: C:\Program Files (x86)\Arena\Tournaments\Engine Battle 20250812_2.pgn

No:  B/W 1/2     W:B       1:2           Time        Value Moves Dep 1:2       1-2-Draws
  10 W 2    1.0:0.0        5.0:5.0       8:19:49 PM     0.00    32 0:0 5-5-0

--------------------------------------------------------------

Engine-Match Tuesday, August 12, 2025 8:19:50 PM
 Tournament Game in 2 Minutes 

Pairing 9/21 :    Stockfish 1%  -  Slowmate_v1.0

PGN-File: C:\Program Files (x86)\Arena\Tournaments\Engine Battle 20250812_2.pgn

No:  B/W 1/2     W:B       1:2           Time        Value Moves Dep 1:2       1-2-Draws
  10 B 1    2.5:1.5        7.5:2.5       8:21:06 PM      -M1    59 9.833 :0 6-1-3

--------------------------------------------------------------

Engine-Match Tuesday, August 12, 2025 8:21:07 PM
 Tournament Game in 2 Minutes 

Pairing 10/21 :    Cecilia_v0.3  -  Cece_v2.0

PGN-File: C:\Program Files (x86)\Arena\Tournaments\Engine Battle 20250812_2.pgn

No:  B/W 1/2     W:B       1:2           Time        Value Moves Dep 1:2       1-2-Draws
  10 W 2    2.0:1.0        1.0:9.0       8:22:55 PM     0.00    40 0:0 0-8-2

--------------------------------------------------------------

Engine-Match Tuesday, August 12, 2025 8:22:56 PM
 Tournament Game in 2 Minutes 

Pairing 11/21 :    Slowmate_v1.0  -  Copycat_v1.0

PGN-File: C:\Program Files (x86)\Arena\Tournaments\Engine Battle 20250812_2.pgn

No:  B/W 1/2     W:B       1:2           Time        Value Moves Dep 1:2       1-2-Draws
  10 B 1    1.0:0.0        10.0:0.0      8:24:14 PM     0.00    35 0:0 10-0-0

--------------------------------------------------------------

Engine-Match Tuesday, August 12, 2025 8:24:20 PM
 Tournament Game in 2 Minutes 

Pairing 12/21 :    V7P3RAI_v1.0  -  Stockfish 1%

PGN-File: C:\Program Files (x86)\Arena\Tournaments\Engine Battle 20250812_2.pgn

No:  B/W 1/2     W:B       1:2           Time        Value Moves Dep 1:2       1-2-Draws
  10 W 2    2.0:1.0        1.0:9.0       8:24:32 PM      +M1    20 0:7.800  0-8-2

--------------------------------------------------------------

Engine-Match Tuesday, August 12, 2025 8:24:33 PM
 Tournament Game in 2 Minutes 

Pairing 13/21 :    Random_Opponent  -  Slowmate_v1.0

PGN-File: C:\Program Files (x86)\Arena\Tournaments\Engine Battle 20250812_2.pgn

No:  B/W 1/2     W:B       1:2           Time        Value Moves Dep 1:2       1-2-Draws
  10 W 2    1.5:0.5        0.5:9.5       8:24:42 PM     0.00    10 0:0 0-9-1

--------------------------------------------------------------

Engine-Match Tuesday, August 12, 2025 8:24:43 PM
 Tournament Game in 2 Minutes 

Pairing 14/21 :    Stockfish 1%  -  Cecilia_v0.3

PGN-File: C:\Program Files (x86)\Arena\Tournaments\Engine Battle 20250812_2.pgn

No:  B/W 1/2     W:B       1:2           Time        Value Moves Dep 1:2       1-2-Draws
  10 B 1    1.0:0.0        10.0:0.0      8:25:12 PM      -M1    69 9.400 :0 10-0-0

--------------------------------------------------------------

Engine-Match Tuesday, August 12, 2025 8:25:13 PM
 Tournament Game in 2 Minutes 

Pairing 15/21 :    Copycat_v1.0  -  V7P3RAI_v1.0

PGN-File: C:\Program Files (x86)\Arena\Tournaments\Engine Battle 20250812_2.pgn

No:  B/W 1/2     W:B       1:2           Time        Value Moves Dep 1:2       1-2-Draws
  10 W 2    1.5:0.5        4.5:5.5       8:26:34 PM     0.00    41 0:0 4-5-1

--------------------------------------------------------------

Engine-Match Tuesday, August 12, 2025 8:26:35 PM
 Tournament Game in 2 Minutes 

Pairing 16/21 :    Cece_v2.0  -  Stockfish 1%

PGN-File: C:\Program Files (x86)\Arena\Tournaments\Engine Battle 20250812_2.pgn

No:  B/W 1/2     W:B       1:2           Time        Value Moves Dep 1:2       1-2-Draws
  10 W 2    1.5:0.5        0.5:9.5       8:28:37 PM      +M1    51 0:8.333  0-9-1

--------------------------------------------------------------

Engine-Match Tuesday, August 12, 2025 8:28:39 PM
 Tournament Game in 2 Minutes 

Pairing 17/21 :    V7P3RAI_v1.0  -  Random_Opponent

PGN-File: C:\Program Files (x86)\Arena\Tournaments\Engine Battle 20250812_2.pgn

No:  B/W 1/2     W:B       1:2           Time        Value Moves Dep 1:2       1-2-Draws
  10 W 2    2.0:1.0        6.0:4.0       8:29:26 PM     0.00   121 0:0 5-3-2

--------------------------------------------------------------

Engine-Match Tuesday, August 12, 2025 8:29:27 PM
 Tournament Game in 2 Minutes 

Pairing 18/21 :    Cecilia_v0.3  -  Copycat_v1.0

PGN-File: C:\Program Files (x86)\Arena\Tournaments\Engine Battle 20250812_2.pgn

No:  B/W 1/2     W:B       1:2           Time        Value Moves Dep 1:2       1-2-Draws
  10 W 2    3.5:2.5        2.5:7.5       8:30:18 PM     0.00    27 0:0 0-5-5

--------------------------------------------------------------

Engine-Match Tuesday, August 12, 2025 8:30:19 PM
 Tournament Game in 2 Minutes 

Pairing 19/21 :    Slowmate_v1.0  -  V7P3RAI_v1.0

PGN-File: C:\Program Files (x86)\Arena\Tournaments\Engine Battle 20250812_2.pgn

No:  B/W 1/2     W:B       1:2           Time        Value Moves Dep 1:2       1-2-Draws
  10 B 1    1.0:0.0        10.0:0.0      8:30:50 PM     0.00    32 0:0 10-0-0

--------------------------------------------------------------

Engine-Match Tuesday, August 12, 2025 8:30:51 PM
 Tournament Game in 2 Minutes 

Pairing 20/21 :    Copycat_v1.0  -  Cece_v2.0

PGN-File: C:\Program Files (x86)\Arena\Tournaments\Engine Battle 20250812_2.pgn

No:  B/W 1/2     W:B       1:2           Time        Value Moves Dep 1:2       1-2-Draws
  10 W 2    2.5:1.5        1.5:8.5       8:32:27 PM     0.00    18 0:0 0-7-3

--------------------------------------------------------------

Engine-Match Tuesday, August 12, 2025 8:32:29 PM
 Tournament Game in 2 Minutes 

Pairing 21/21 :    Random_Opponent  -  Cecilia_v0.3

PGN-File: C:\Program Files (x86)\Arena\Tournaments\Engine Battle 20250812_2.pgn

No:  B/W 1/2     W:B       1:2           Time        Value Moves Dep 1:2       1-2-Draws
  10 = =    2.5:2.5        7.5:2.5       8:33:55 PM     0.00   250 0:0 5-0-5
