Engine-Match Tuesday, August 12, 2025 8:41:55 PM
 Tournament Game in 2 Minutes 

Pairing 1/6 :    Cece_v2.1  -  Cece_v2.0

PGN-File: C:\Program Files (x86)\Arena\Tournaments\Engine Battle 20250812_3.pgn

No:  B/W 1/2     W:B       1:2           Time        Value Moves Dep 1:2       1-2-Draws
   1 * *     0.0:0.0        0.0:0.0       8:43:16 PM     0.00    11 0:0 0-0-0

--------------------------------------------------------------

Engine-Match Tuesday, August 12, 2025 8:43:43 PM
 Tournament Game in 2 Minutes 

Pairing 1/21 :    Cece_v2.1  -  Stockfish 1%

PGN-File: C:\Program Files (x86)\Arena\Tournaments\Engine Battle 20250812_3.pgn

No:  B/W 1/2     W:B       1:2           Time        Value Moves Dep 1:2       1-2-Draws
   1 B 2    1.0:0.0        0.0:1.0       8:45:17 PM      -M1    32 0:11.000  0-1-0

--------------------------------------------------------------

Engine-Match Tuesday, August 12, 2025 8:45:19 PM
 Tournament Game in 2 Minutes 

Pairing 2/21 :    Slowmate_v1.0  -  Cece_v2.0

PGN-File: C:\Program Files (x86)\Arena\Tournaments\Engine Battle 20250812_3.pgn

No:  B/W 1/2     W:B       1:2           Time        Value Moves Dep 1:2       1-2-Draws
   1 W 1    1.0:0.0        1.0:0.0       8:47:17 PM     0.00    35 0:0 1-0-0

--------------------------------------------------------------

Engine-Match Tuesday, August 12, 2025 8:47:18 PM
 Tournament Game in 2 Minutes 

Pairing 3/21 :    Copycat_v1.0  -  Random_Opponent

PGN-File: C:\Program Files (x86)\Arena\Tournaments\Engine Battle 20250812_3.pgn

No:  B/W 1/2     W:B       1:2           Time        Value Moves Dep 1:2       1-2-Draws
   1 = =    0.5:0.5        0.5:0.5       8:50:05 PM     0.00   137 0:0 0-0-1

--------------------------------------------------------------

Engine-Match Tuesday, August 12, 2025 8:50:06 PM
 Tournament Game in 2 Minutes 

Pairing 4/21 :    V7P3RAI_v1.0  -  Slowmate_v1.0

PGN-File: C:\Program Files (x86)\Arena\Tournaments\Engine Battle 20250812_3.pgn

No:  B/W 1/2     W:B       1:2           Time        Value Moves Dep 1:2       1-2-Draws
   1 B 2    1.0:0.0        0.0:1.0       8:50:36 PM     0.00    32 0:0 0-1-0

--------------------------------------------------------------

Engine-Match Tuesday, August 12, 2025 8:50:38 PM
 Tournament Game in 2 Minutes 

Pairing 5/21 :    Random_Opponent  -  Cece_v2.1

PGN-File: C:\Program Files (x86)\Arena\Tournaments\Engine Battle 20250812_3.pgn

No:  B/W 1/2     W:B       1:2           Time        Value Moves Dep 1:2       1-2-Draws
   1 W 1    1.0:0.0        1.0:0.0       8:53:19 PM     0.00   117 0:0 1-0-0

--------------------------------------------------------------

Engine-Match Tuesday, August 12, 2025 8:53:21 PM
 Tournament Game in 2 Minutes 

Pairing 6/21 :    Cece_v2.0  -  Copycat_v1.0

PGN-File: C:\Program Files (x86)\Arena\Tournaments\Engine Battle 20250812_3.pgn

No:  B/W 1/2     W:B       1:2           Time        Value Moves Dep 1:2       1-2-Draws
   1 W 1    1.0:0.0        1.0:0.0       8:54:19 PM     0.00    13 0:0 1-0-0

--------------------------------------------------------------

Engine-Match Tuesday, August 12, 2025 8:54:21 PM
 Tournament Game in 2 Minutes 

Pairing 7/21 :    Stockfish 1%  -  Random_Opponent

PGN-File: C:\Program Files (x86)\Arena\Tournaments\Engine Battle 20250812_3.pgn

No:  B/W 1/2     W:B       1:2           Time        Value Moves Dep 1:2       1-2-Draws
   1 W 1    1.0:0.0        1.0:0.0       8:54:39 PM      +M1    47 11.000 :0 1-0-0

--------------------------------------------------------------

Engine-Match Tuesday, August 12, 2025 8:54:40 PM
 Tournament Game in 2 Minutes 

Pairing 8/21 :    Copycat_v1.0  -  V7P3RAI_v1.0

PGN-File: C:\Program Files (x86)\Arena\Tournaments\Engine Battle 20250812_3.pgn

No:  B/W 1/2     W:B       1:2           Time        Value Moves Dep 1:2       1-2-Draws
   1 = =    0.5:0.5        0.5:0.5       8:55:55 PM     0.00    37 0:0 0-0-1

--------------------------------------------------------------

Engine-Match Tuesday, August 12, 2025 8:55:56 PM
 Tournament Game in 2 Minutes 

Pairing 9/21 :    Cece_v2.1  -  Cece_v2.0

PGN-File: C:\Program Files (x86)\Arena\Tournaments\Engine Battle 20250812_3.pgn

No:  B/W 1/2     W:B       1:2           Time        Value Moves Dep 1:2       1-2-Draws
   1 = =    0.5:0.5        0.5:0.5       8:58:21 PM     0.00    23 0:0 0-0-1

--------------------------------------------------------------

Engine-Match Tuesday, August 12, 2025 8:58:23 PM
 Tournament Game in 2 Minutes 

Pairing 10/21 :    Slowmate_v1.0  -  Copycat_v1.0

PGN-File: C:\Program Files (x86)\Arena\Tournaments\Engine Battle 20250812_3.pgn

No:  B/W 1/2     W:B       1:2           Time        Value Moves Dep 1:2       1-2-Draws
   1 W 1    1.0:0.0        1.0:0.0       8:58:49 PM     0.00    15 0:0 1-0-0

--------------------------------------------------------------

Engine-Match Tuesday, August 12, 2025 8:58:50 PM
 Tournament Game in 2 Minutes 

Pairing 11/21 :    Cece_v2.0  -  Stockfish 1%

PGN-File: C:\Program Files (x86)\Arena\Tournaments\Engine Battle 20250812_3.pgn

No:  B/W 1/2     W:B       1:2           Time        Value Moves Dep 1:2       1-2-Draws
   1 B 2    1.0:0.0        0.0:1.0       9:00:29 PM      -M1    34 0:10.333  0-1-0

--------------------------------------------------------------

Engine-Match Tuesday, August 12, 2025 9:00:30 PM
 Tournament Game in 2 Minutes 

Pairing 12/21 :    V7P3RAI_v1.0  -  Cece_v2.1

PGN-File: C:\Program Files (x86)\Arena\Tournaments\Engine Battle 20250812_3.pgn

No:  B/W 1/2     W:B       1:2           Time        Value Moves Dep 1:2       1-2-Draws
   1 W 1    1.0:0.0        1.0:0.0       9:01:31 PM     0.00    16 0:0 1-0-0

--------------------------------------------------------------

Engine-Match Tuesday, August 12, 2025 9:01:33 PM
 Tournament Game in 2 Minutes 

Pairing 13/21 :    Random_Opponent  -  Cece_v2.0

PGN-File: C:\Program Files (x86)\Arena\Tournaments\Engine Battle 20250812_3.pgn

No:  B/W 1/2     W:B       1:2           Time        Value Moves Dep 1:2       1-2-Draws
   1 B 2    1.0:0.0        0.0:1.0       9:02:15 PM     0.00    10 0:0 0-1-0

--------------------------------------------------------------

Engine-Match Tuesday, August 12, 2025 9:02:16 PM
 Tournament Game in 2 Minutes 

Pairing 14/21 :    Cece_v2.1  -  Slowmate_v1.0

PGN-File: C:\Program Files (x86)\Arena\Tournaments\Engine Battle 20250812_3.pgn

No:  B/W 1/2     W:B       1:2           Time        Value Moves Dep 1:2       1-2-Draws
   1 B 2    1.0:0.0        0.0:1.0       9:03:33 PM     0.00    19 0:0 0-1-0

--------------------------------------------------------------

Engine-Match Tuesday, August 12, 2025 9:03:35 PM
 Tournament Game in 2 Minutes 

Pairing 15/21 :    Stockfish 1%  -  V7P3RAI_v1.0

PGN-File: C:\Program Files (x86)\Arena\Tournaments\Engine Battle 20250812_3.pgn

No:  B/W 1/2     W:B       1:2           Time        Value Moves Dep 1:2       1-2-Draws
   1 W 1    1.0:0.0        1.0:0.0       9:03:43 PM      +M1     6 13.833 :0 1-0-0

--------------------------------------------------------------

Engine-Match Tuesday, August 12, 2025 9:03:44 PM
 Tournament Game in 2 Minutes 

Pairing 16/21 :    Copycat_v1.0  -  Cece_v2.1

PGN-File: C:\Program Files (x86)\Arena\Tournaments\Engine Battle 20250812_3.pgn

No:  B/W 1/2     W:B       1:2           Time        Value Moves Dep 1:2       1-2-Draws
   1 W 1    1.0:0.0        1.0:0.0       9:07:49 PM     0.00    66 0:0 1-0-0

--------------------------------------------------------------

Engine-Match Tuesday, August 12, 2025 9:07:50 PM
 Tournament Game in 2 Minutes 

Pairing 17/21 :    V7P3RAI_v1.0  -  Random_Opponent

PGN-File: C:\Program Files (x86)\Arena\Tournaments\Engine Battle 20250812_3.pgn

No:  B/W 1/2     W:B       1:2           Time        Value Moves Dep 1:2       1-2-Draws
   1 W 1    1.0:0.0        1.0:0.0       9:08:01 PM     0.00    17 0:0 1-0-0

--------------------------------------------------------------

Engine-Match Tuesday, August 12, 2025 9:08:02 PM
 Tournament Game in 2 Minutes 

Pairing 18/21 :    Slowmate_v1.0  -  Stockfish 1%

PGN-File: C:\Program Files (x86)\Arena\Tournaments\Engine Battle 20250812_3.pgn

No:  B/W 1/2     W:B       1:2           Time        Value Moves Dep 1:2       1-2-Draws
   1 B 2    1.0:0.0        0.0:1.0       9:09:23 PM      -M1    70 0:10.667  0-1-0

--------------------------------------------------------------

Engine-Match Tuesday, August 12, 2025 9:09:25 PM
 Tournament Game in 2 Minutes 

Pairing 19/21 :    Cece_v2.0  -  V7P3RAI_v1.0

PGN-File: C:\Program Files (x86)\Arena\Tournaments\Engine Battle 20250812_3.pgn

No:  B/W 1/2     W:B       1:2           Time        Value Moves Dep 1:2       1-2-Draws
   1 W 1    1.0:0.0        1.0:0.0       9:09:58 PM     0.00     7 0:0 1-0-0

--------------------------------------------------------------

Engine-Match Tuesday, August 12, 2025 9:09:59 PM
 Tournament Game in 2 Minutes 

Pairing 20/21 :    Stockfish 1%  -  Copycat_v1.0

PGN-File: C:\Program Files (x86)\Arena\Tournaments\Engine Battle 20250812_3.pgn

No:  B/W 1/2     W:B       1:2           Time        Value Moves Dep 1:2       1-2-Draws
   1 W 1    1.0:0.0        1.0:0.0       9:10:17 PM      +M1    15 10.714 :0 1-0-0

--------------------------------------------------------------

Engine-Match Tuesday, August 12, 2025 9:10:23 PM
 Tournament Game in 2 Minutes 

Pairing 21/21 :    Random_Opponent  -  Slowmate_v1.0

PGN-File: C:\Program Files (x86)\Arena\Tournaments\Engine Battle 20250812_3.pgn

No:  B/W 1/2     W:B       1:2           Time        Value Moves Dep 1:2       1-2-Draws
   1 B 2    1.0:0.0        0.0:1.0       9:10:56 PM     0.00    43 0:0 0-1-0

--------------------------------------------------------------

Engine-Match Tuesday, August 12, 2025 9:10:57 PM
 Tournament Game in 2 Minutes 

Pairing 1/21 :    Cece_v2.1  -  Stockfish 1%

PGN-File: C:\Program Files (x86)\Arena\Tournaments\Engine Battle 20250812_3.pgn

No:  B/W 1/2     W:B       1:2           Time        Value Moves Dep 1:2       1-2-Draws
   2 W 2    1.0:0.0        0.0:2.0       9:11:31 PM      +M1     8 0:10.200  0-2-0

--------------------------------------------------------------

Engine-Match Tuesday, August 12, 2025 9:11:32 PM
 Tournament Game in 2 Minutes 

Pairing 2/21 :    Slowmate_v1.0  -  Cece_v2.0

PGN-File: C:\Program Files (x86)\Arena\Tournaments\Engine Battle 20250812_3.pgn

No:  B/W 1/2     W:B       1:2           Time        Value Moves Dep 1:2       1-2-Draws
   2 B 1    1.0:0.0        2.0:0.0       9:13:00 PM     0.00    23 0:0 2-0-0

--------------------------------------------------------------

Engine-Match Tuesday, August 12, 2025 9:13:01 PM
 Tournament Game in 2 Minutes 

Pairing 3/21 :    Copycat_v1.0  -  Random_Opponent

PGN-File: C:\Program Files (x86)\Arena\Tournaments\Engine Battle 20250812_3.pgn

No:  B/W 1/2     W:B       1:2           Time        Value Moves Dep 1:2       1-2-Draws
   2 = =    1.0:1.0        1.0:1.0       9:15:36 PM     0.00   115 0:0 0-0-2

--------------------------------------------------------------

Engine-Match Tuesday, August 12, 2025 9:15:38 PM
 Tournament Game in 2 Minutes 

Pairing 4/21 :    V7P3RAI_v1.0  -  Slowmate_v1.0

PGN-File: C:\Program Files (x86)\Arena\Tournaments\Engine Battle 20250812_3.pgn

No:  B/W 1/2     W:B       1:2           Time        Value Moves Dep 1:2       1-2-Draws
   2 W 2    1.0:0.0        0.0:2.0       9:15:49 PM     0.00     8 0:0 0-2-0

--------------------------------------------------------------

Engine-Match Tuesday, August 12, 2025 9:15:51 PM
 Tournament Game in 2 Minutes 

Pairing 5/21 :    Random_Opponent  -  Cece_v2.1

PGN-File: C:\Program Files (x86)\Arena\Tournaments\Engine Battle 20250812_3.pgn

No:  B/W 1/2     W:B       1:2           Time        Value Moves Dep 1:2       1-2-Draws
   2 B 1    1.0:0.0        2.0:0.0       9:16:37 PM     0.00    10 0:0 2-0-0

--------------------------------------------------------------

Engine-Match Tuesday, August 12, 2025 9:16:38 PM
 Tournament Game in 2 Minutes 

Pairing 6/21 :    Cece_v2.0  -  Copycat_v1.0

PGN-File: C:\Program Files (x86)\Arena\Tournaments\Engine Battle 20250812_3.pgn

No:  B/W 1/2     W:B       1:2           Time        Value Moves Dep 1:2       1-2-Draws
   2 = =    0.5:0.5        1.5:0.5       9:21:18 PM     0.00   125 0:0 1-0-1

--------------------------------------------------------------

Engine-Match Tuesday, August 12, 2025 9:21:19 PM
 Tournament Game in 2 Minutes 

Pairing 7/21 :    Stockfish 1%  -  Random_Opponent

PGN-File: C:\Program Files (x86)\Arena\Tournaments\Engine Battle 20250812_3.pgn

No:  B/W 1/2     W:B       1:2           Time        Value Moves Dep 1:2       1-2-Draws
   2 B 1    1.0:0.0        2.0:0.0       9:22:08 PM      -M1   139 9.833 :0 2-0-0

--------------------------------------------------------------

Engine-Match Tuesday, August 12, 2025 9:22:10 PM
 Tournament Game in 2 Minutes 

Pairing 8/21 :    Copycat_v1.0  -  V7P3RAI_v1.0

PGN-File: C:\Program Files (x86)\Arena\Tournaments\Engine Battle 20250812_3.pgn

No:  B/W 1/2     W:B       1:2           Time        Value Moves Dep 1:2       1-2-Draws
   2 W 2    1.5:0.5        0.5:1.5       9:22:22 PM     0.00     8 0:0 0-1-1

--------------------------------------------------------------

Engine-Match Tuesday, August 12, 2025 9:22:23 PM
 Tournament Game in 2 Minutes 

Pairing 9/21 :    Cece_v2.1  -  Cece_v2.0

PGN-File: C:\Program Files (x86)\Arena\Tournaments\Engine Battle 20250812_3.pgn

No:  B/W 1/2     W:B       1:2           Time        Value Moves Dep 1:2       1-2-Draws
   2 = =    1.0:1.0        1.0:1.0       9:25:15 PM     0.00    30 0:0 0-0-2

--------------------------------------------------------------

Engine-Match Tuesday, August 12, 2025 9:25:16 PM
 Tournament Game in 2 Minutes 

Pairing 10/21 :    Slowmate_v1.0  -  Copycat_v1.0

PGN-File: C:\Program Files (x86)\Arena\Tournaments\Engine Battle 20250812_3.pgn

No:  B/W 1/2     W:B       1:2           Time        Value Moves Dep 1:2       1-2-Draws
   2 B 1    1.0:0.0        2.0:0.0       9:25:40 PM     0.00    15 0:0 2-0-0

--------------------------------------------------------------

Engine-Match Tuesday, August 12, 2025 9:25:41 PM
 Tournament Game in 2 Minutes 

Pairing 11/21 :    Cece_v2.0  -  Stockfish 1%

PGN-File: C:\Program Files (x86)\Arena\Tournaments\Engine Battle 20250812_3.pgn

No:  B/W 1/2     W:B       1:2           Time        Value Moves Dep 1:2       1-2-Draws
   2 W 2    1.0:0.0        0.0:2.0       9:26:09 PM      +M1     7 0:9.500  0-2-0

--------------------------------------------------------------

Engine-Match Tuesday, August 12, 2025 9:26:10 PM
 Tournament Game in 2 Minutes 

Pairing 12/21 :    V7P3RAI_v1.0  -  Cece_v2.1

PGN-File: C:\Program Files (x86)\Arena\Tournaments\Engine Battle 20250812_3.pgn

No:  B/W 1/2     W:B       1:2           Time        Value Moves Dep 1:2       1-2-Draws
   2 = =    0.5:0.5        1.5:0.5       9:27:49 PM     0.00    32 0:0 1-0-1

--------------------------------------------------------------

Engine-Match Tuesday, August 12, 2025 9:27:50 PM
 Tournament Game in 2 Minutes 

Pairing 13/21 :    Random_Opponent  -  Cece_v2.0

PGN-File: C:\Program Files (x86)\Arena\Tournaments\Engine Battle 20250812_3.pgn

No:  B/W 1/2     W:B       1:2           Time        Value Moves Dep 1:2       1-2-Draws
   2 W 2    1.0:0.0        0.0:2.0       9:28:41 PM     0.00    13 0:0 0-2-0

--------------------------------------------------------------

Engine-Match Tuesday, August 12, 2025 9:28:42 PM
 Tournament Game in 2 Minutes 

Pairing 14/21 :    Cece_v2.1  -  Slowmate_v1.0

PGN-File: C:\Program Files (x86)\Arena\Tournaments\Engine Battle 20250812_3.pgn

No:  B/W 1/2     W:B       1:2           Time        Value Moves Dep 1:2       1-2-Draws
   2 W 2    1.0:0.0        0.0:2.0       9:29:40 PM     0.00    13 0:0 0-2-0

--------------------------------------------------------------

Engine-Match Tuesday, August 12, 2025 9:29:42 PM
 Tournament Game in 2 Minutes 

Pairing 15/21 :    Stockfish 1%  -  V7P3RAI_v1.0

PGN-File: C:\Program Files (x86)\Arena\Tournaments\Engine Battle 20250812_3.pgn

No:  B/W 1/2     W:B       1:2           Time        Value Moves Dep 1:2       1-2-Draws
   2 B 1    1.0:0.0        2.0:0.0       9:30:41 PM      -M1   133 9.250 :0 2-0-0

--------------------------------------------------------------

Engine-Match Tuesday, August 12, 2025 9:30:42 PM
 Tournament Game in 2 Minutes 

Pairing 16/21 :    Copycat_v1.0  -  Cece_v2.1

PGN-File: C:\Program Files (x86)\Arena\Tournaments\Engine Battle 20250812_3.pgn

No:  B/W 1/2     W:B       1:2           Time        Value Moves Dep 1:2       1-2-Draws
   2 B 1    1.0:0.0        2.0:0.0       9:34:46 PM     0.00    64 0:0 2-0-0

--------------------------------------------------------------

Engine-Match Tuesday, August 12, 2025 9:34:47 PM
 Tournament Game in 2 Minutes 

Pairing 17/21 :    V7P3RAI_v1.0  -  Random_Opponent

PGN-File: C:\Program Files (x86)\Arena\Tournaments\Engine Battle 20250812_3.pgn

No:  B/W 1/2     W:B       1:2           Time        Value Moves Dep 1:2       1-2-Draws
   2 W 2    1.0:0.0        1.0:1.0       9:35:14 PM     0.00    65 0:0 1-1-0

--------------------------------------------------------------

Engine-Match Tuesday, August 12, 2025 9:35:16 PM
 Tournament Game in 2 Minutes 

Pairing 18/21 :    Slowmate_v1.0  -  Stockfish 1%

PGN-File: C:\Program Files (x86)\Arena\Tournaments\Engine Battle 20250812_3.pgn

No:  B/W 1/2     W:B       1:2           Time        Value Moves Dep 1:2       1-2-Draws
   2 W 2    1.0:0.0        0.0:2.0       9:35:49 PM      +M1    28 0:7.500  0-2-0

--------------------------------------------------------------

Engine-Match Tuesday, August 12, 2025 9:35:51 PM
 Tournament Game in 2 Minutes 

Pairing 19/21 :    Cece_v2.0  -  V7P3RAI_v1.0

PGN-File: C:\Program Files (x86)\Arena\Tournaments\Engine Battle 20250812_3.pgn

No:  B/W 1/2     W:B       1:2           Time        Value Moves Dep 1:2       1-2-Draws
   2 = =    0.5:0.5        1.5:0.5       9:37:25 PM     0.00    31 0:0 1-0-1

--------------------------------------------------------------

Engine-Match Tuesday, August 12, 2025 9:37:31 PM
 Tournament Game in 2 Minutes 

Pairing 20/21 :    Stockfish 1%  -  Copycat_v1.0

PGN-File: C:\Program Files (x86)\Arena\Tournaments\Engine Battle 20250812_3.pgn

No:  B/W 1/2     W:B       1:2           Time        Value Moves Dep 1:2       1-2-Draws
   2 B 1    1.0:0.0        2.0:0.0       9:39:49 PM      -M1    75 9.833 :0 2-0-0

--------------------------------------------------------------

Engine-Match Tuesday, August 12, 2025 9:39:51 PM
 Tournament Game in 2 Minutes 

Pairing 21/21 :    Random_Opponent  -  Slowmate_v1.0

PGN-File: C:\Program Files (x86)\Arena\Tournaments\Engine Battle 20250812_3.pgn

No:  B/W 1/2     W:B       1:2           Time        Value Moves Dep 1:2       1-2-Draws
   2 W 2    1.0:0.0        0.0:2.0       9:40:01 PM     0.00    13 0:0 0-2-0
