Engine-Match Sunday, August 3, 2025 7:39:35 PM
 Blitz 2/1 

Pairing 1/45 :    Cecilia_v0.1.0_Basic  -  Cece_v1.0

PGN-File: C:\Program Files (x86)\Arena\Tournaments\Engine Battle 20250803.pgn

No:  B/W 1/2     W:B       1:2           Time        Value Moves Dep 1:2       1-2-Draws
   1 = =    0.5:0.5        0.5:0.5       7:41:02 PM     0.00    23 0:0 0-0-1

--------------------------------------------------------------

Engine-Match Sunday, August 3, 2025 7:41:03 PM
 Blitz 2/1 

Pairing 2/45 :    Cecilia_v0.3.0_Advanced  -  SlowMate_v0.0.00_DELTA

PGN-File: C:\Program Files (x86)\Arena\Tournaments\Engine Battle 20250803.pgn

No:  B/W 1/2     W:B       1:2           Time        Value Moves Dep 1:2       1-2-Draws
   1 B 2    1.0:0.0        0.0:1.0       7:43:08 PM     0.00     1 0:0 0-1-0

--------------------------------------------------------------

Engine-Match Sunday, August 3, 2025 7:43:10 PM
 Blitz 2/1 

Pairing 4/45 :    SlowMate_v0.4.03_Stable_Baseline  -  SlowMate_v0.2.0_BETA

PGN-File: C:\Program Files (x86)\Arena\Tournaments\Engine Battle 20250803.pgn

No:  B/W 1/2     W:B       1:2           Time        Value Moves Dep 1:2       1-2-Draws
   1 * *     0.0:0.0        0.0:0.0       7:43:35 PM     0.00     0 0:0 0-0-0

--------------------------------------------------------------

Engine-Match Sunday, August 3, 2025 7:43:54 PM
 Blitz 2/1 

Pairing 1/36 :    Cecilia_v0.1.0_Basic  -  Cecilia_v0.3.0_Advanced

PGN-File: C:\Program Files (x86)\Arena\Tournaments\Engine Battle 20250803.pgn

No:  B/W 1/2     W:B       1:2           Time        Value Moves Dep 1:2       1-2-Draws
   1 * *     0.0:0.0        0.0:0.0       7:44:07 PM     0.00     1 0:0 0-0-0

--------------------------------------------------------------

Engine-Match Sunday, August 3, 2025 7:44:21 PM
 Blitz 2/1 

Pairing 1/21 :    Cecilia_v0.1.0_Basic  -  SlowMate_v0.4.0_BETA

PGN-File: C:\Program Files (x86)\Arena\Tournaments\Engine Battle 20250803.pgn

No:  B/W 1/2     W:B       1:2           Time        Value Moves Dep 1:2       1-2-Draws
   1 * *     0.0:0.0        0.0:0.0       7:44:42 PM     0.00     1 0:0 0-0-0

--------------------------------------------------------------

Engine-Match Wednesday, August 6, 2025 9:35:28 PM
 Blitz 2/1 

Pairing 1/28 :    SlowMate_v0.1.0_BETA  -  Cece_v1.3

PGN-File: C:\Program Files (x86)\Arena\Tournaments\Engine Battle 20250803.pgn

No:  B/W 1/2     W:B       1:2           Time        Value Moves Dep 1:2       1-2-Draws
   1 * *     0.0:0.0        0.0:0.0       9:36:54 PM     0.00     0 0:0 0-0-0

--------------------------------------------------------------

Engine-Match Wednesday, August 6, 2025 9:37:33 PM
 Blitz 2/1 

Pairing 1/3 :    SlowMate_v0.4.0_BETA  -  Cecilia_v0.1.0_Basic

PGN-File: C:\Program Files (x86)\Arena\Tournaments\Engine Battle 20250803.pgn

No:  B/W 1/2     W:B       1:2           Time        Value Moves Dep 1:2       1-2-Draws
   1 * *     0.0:0.0        0.0:0.0       9:37:51 PM     0.00     0 0:0 0-0-0

--------------------------------------------------------------

Engine-Match Wednesday, August 6, 2025 9:38:16 PM
 Blitz 2/1 

Pairing 1/3 :    Cecilia_v0.1.0_Basic  -  Cece_v1.3

PGN-File: C:\Program Files (x86)\Arena\Tournaments\Engine Battle 20250803.pgn

No:  B/W 1/2     W:B       1:2           Time        Value Moves Dep 1:2       1-2-Draws
   1 * *     0.0:0.0        0.0:0.0       9:38:34 PM     0.00     0 0:0 0-0-0

--------------------------------------------------------------

Engine-Match Wednesday, August 6, 2025 9:39:07 PM
 Blitz 2/1 

Pairing 1/3 :    Cecilia_v0.1.0_Basic  -  Cece_v1.3

PGN-File: C:\Program Files (x86)\Arena\Tournaments\Engine Battle 20250803.pgn

No:  B/W 1/2     W:B       1:2           Time        Value Moves Dep 1:2       1-2-Draws
   1 * *     0.0:0.0        0.0:0.0       9:39:13 PM     0.00     0 0:0 0-0-0

--------------------------------------------------------------

Engine-Match Wednesday, August 6, 2025 9:47:43 PM
 Blitz 2/1 

Pairing 1/3 :    Cecilia_v0.1.0_Basic  -  Cece_v1.3

PGN-File: C:\Program Files (x86)\Arena\Tournaments\Engine Battle 20250803.pgn

No:  B/W 1/2     W:B       1:2           Time        Value Moves Dep 1:2       1-2-Draws
   1 = =    0.5:0.5        0.5:0.5       9:48:20 PM     0.00     8 0:0 0-0-1

--------------------------------------------------------------

Engine-Match Wednesday, August 6, 2025 9:48:22 PM
 Blitz 2/1 

Pairing 2/3 :    SlowMate_v0.4.03_Stable_Baseline  -  Cecilia_v0.1.0_Basic

PGN-File: C:\Program Files (x86)\Arena\Tournaments\Engine Battle 20250803.pgn

No:  B/W 1/2     W:B       1:2           Time        Value Moves Dep 1:2       1-2-Draws
   1 W 1    1.0:0.0        1.0:0.0       9:48:50 PM   +23.40    34 8.000 :0 1-0-0

--------------------------------------------------------------

Engine-Match Wednesday, August 6, 2025 9:48:52 PM
 Blitz 2/1 

Pairing 3/3 :    Cece_v1.3  -  SlowMate_v0.4.03_Stable_Baseline

PGN-File: C:\Program Files (x86)\Arena\Tournaments\Engine Battle 20250803.pgn

No:  B/W 1/2     W:B       1:2           Time        Value Moves Dep 1:2       1-2-Draws
   1 W 1    1.0:0.0        1.0:0.0       9:50:25 PM   +10.00    22 0:8.000  1-0-0

--------------------------------------------------------------

Engine-Match Wednesday, August 6, 2025 9:50:26 PM
 Blitz 2/1 

Pairing 1/3 :    Cecilia_v0.1.0_Basic  -  Cece_v1.3

PGN-File: C:\Program Files (x86)\Arena\Tournaments\Engine Battle 20250803.pgn

No:  B/W 1/2     W:B       1:2           Time        Value Moves Dep 1:2       1-2-Draws
   2 = =    1.0:1.0        1.0:1.0       9:50:59 PM     0.00     7 0:0 0-0-2

--------------------------------------------------------------

Engine-Match Wednesday, August 6, 2025 9:51:01 PM
 Blitz 2/1 

Pairing 2/3 :    SlowMate_v0.4.03_Stable_Baseline  -  Cecilia_v0.1.0_Basic

PGN-File: C:\Program Files (x86)\Arena\Tournaments\Engine Battle 20250803.pgn

No:  B/W 1/2     W:B       1:2           Time        Value Moves Dep 1:2       1-2-Draws
   2 B 1    1.0:0.0        2.0:0.0       9:51:26 PM   -18.50    29 8.000 :0 2-0-0

--------------------------------------------------------------

Engine-Match Wednesday, August 6, 2025 9:51:27 PM
 Blitz 2/1 

Pairing 3/3 :    Cece_v1.3  -  SlowMate_v0.4.03_Stable_Baseline

PGN-File: C:\Program Files (x86)\Arena\Tournaments\Engine Battle 20250803.pgn

No:  B/W 1/2     W:B       1:2           Time        Value Moves Dep 1:2       1-2-Draws
   2 B 1    1.0:0.0        2.0:0.0       9:53:13 PM   -16.20    27 0:8.000  2-0-0

--------------------------------------------------------------

Engine-Match Wednesday, August 6, 2025 9:53:14 PM
 Blitz 2/1 

Pairing 1/3 :    Cecilia_v0.1.0_Basic  -  Cece_v1.3

PGN-File: C:\Program Files (x86)\Arena\Tournaments\Engine Battle 20250803.pgn

No:  B/W 1/2     W:B       1:2           Time        Value Moves Dep 1:2       1-2-Draws
   3 = =    1.5:1.5        1.5:1.5       9:53:52 PM     0.00     8 0:0 0-0-3

--------------------------------------------------------------

Engine-Match Wednesday, August 6, 2025 9:53:53 PM
 Blitz 2/1 

Pairing 2/3 :    SlowMate_v0.4.03_Stable_Baseline  -  Cecilia_v0.1.0_Basic

PGN-File: C:\Program Files (x86)\Arena\Tournaments\Engine Battle 20250803.pgn

No:  B/W 1/2     W:B       1:2           Time        Value Moves Dep 1:2       1-2-Draws
   3 W 1    1.0:0.0        3.0:0.0       9:56:09 PM   +30.20   171 8.000 :0 3-0-0

--------------------------------------------------------------

Engine-Match Wednesday, August 6, 2025 9:56:10 PM
 Blitz 2/1 

Pairing 3/3 :    Cece_v1.3  -  SlowMate_v0.4.03_Stable_Baseline

PGN-File: C:\Program Files (x86)\Arena\Tournaments\Engine Battle 20250803.pgn

No:  B/W 1/2     W:B       1:2           Time        Value Moves Dep 1:2       1-2-Draws
   3 W 1    1.0:0.0        3.0:0.0       9:57:15 PM   +10.70    14 0:8.000  3-0-0

--------------------------------------------------------------

Engine-Match Wednesday, August 6, 2025 9:57:16 PM
 Blitz 2/1 

Pairing 1/3 :    Cecilia_v0.1.0_Basic  -  Cece_v1.3

PGN-File: C:\Program Files (x86)\Arena\Tournaments\Engine Battle 20250803.pgn

No:  B/W 1/2     W:B       1:2           Time        Value Moves Dep 1:2       1-2-Draws
   4 = =    2.0:2.0        2.0:2.0       9:57:50 PM     0.00     7 0:0 0-0-4

--------------------------------------------------------------

Engine-Match Wednesday, August 6, 2025 9:57:51 PM
 Blitz 2/1 

Pairing 2/3 :    SlowMate_v0.4.03_Stable_Baseline  -  Cecilia_v0.1.0_Basic

PGN-File: C:\Program Files (x86)\Arena\Tournaments\Engine Battle 20250803.pgn

No:  B/W 1/2     W:B       1:2           Time        Value Moves Dep 1:2       1-2-Draws
   4 B 1    1.0:0.0        4.0:0.0       9:58:19 PM    -9.00    33 8.000 :0 4-0-0

--------------------------------------------------------------

Engine-Match Wednesday, August 6, 2025 9:58:20 PM
 Blitz 2/1 

Pairing 3/3 :    Cece_v1.3  -  SlowMate_v0.4.03_Stable_Baseline

PGN-File: C:\Program Files (x86)\Arena\Tournaments\Engine Battle 20250803.pgn

No:  B/W 1/2     W:B       1:2           Time        Value Moves Dep 1:2       1-2-Draws
   4 B 1    1.0:0.0        4.0:0.0       9:59:33 PM   -12.80    17 0:8.000  4-0-0

--------------------------------------------------------------

Engine-Match Wednesday, August 6, 2025 9:59:34 PM
 Blitz 2/1 

Pairing 1/3 :    Cecilia_v0.1.0_Basic  -  Cece_v1.3

PGN-File: C:\Program Files (x86)\Arena\Tournaments\Engine Battle 20250803.pgn

No:  B/W 1/2     W:B       1:2           Time        Value Moves Dep 1:2       1-2-Draws
   5 = =    2.5:2.5        2.5:2.5       10:00:12 PM     0.00     8 0:0 0-0-5

--------------------------------------------------------------

Engine-Match Wednesday, August 6, 2025 10:00:13 PM
 Blitz 2/1 

Pairing 2/3 :    SlowMate_v0.4.03_Stable_Baseline  -  Cecilia_v0.1.0_Basic

PGN-File: C:\Program Files (x86)\Arena\Tournaments\Engine Battle 20250803.pgn

No:  B/W 1/2     W:B       1:2           Time        Value Moves Dep 1:2       1-2-Draws
   5 W 1    1.0:0.0        5.0:0.0       10:01:44 PM   +26.70   113 8.000 :0 5-0-0

--------------------------------------------------------------

Engine-Match Wednesday, August 6, 2025 10:01:45 PM
 Blitz 2/1 

Pairing 3/3 :    Cece_v1.3  -  SlowMate_v0.4.03_Stable_Baseline

PGN-File: C:\Program Files (x86)\Arena\Tournaments\Engine Battle 20250803.pgn

No:  B/W 1/2     W:B       1:2           Time        Value Moves Dep 1:2       1-2-Draws
   5 W 1    1.0:0.0        5.0:0.0       10:03:56 PM     0.00    35 0:8.000  5-0-0

--------------------------------------------------------------

Engine-Match Wednesday, August 6, 2025 10:03:57 PM
 Blitz 2/1 

Pairing 1/3 :    Cecilia_v0.1.0_Basic  -  Cece_v1.3

PGN-File: C:\Program Files (x86)\Arena\Tournaments\Engine Battle 20250803.pgn

No:  B/W 1/2     W:B       1:2           Time        Value Moves Dep 1:2       1-2-Draws
   6 = =    3.0:3.0        3.0:3.0       10:04:31 PM     0.00     7 0:0 0-0-6

--------------------------------------------------------------

Engine-Match Wednesday, August 6, 2025 10:04:32 PM
 Blitz 2/1 

Pairing 2/3 :    SlowMate_v0.4.03_Stable_Baseline  -  Cecilia_v0.1.0_Basic

PGN-File: C:\Program Files (x86)\Arena\Tournaments\Engine Battle 20250803.pgn

No:  B/W 1/2     W:B       1:2           Time        Value Moves Dep 1:2       1-2-Draws
   6 B 1    1.0:0.0        6.0:0.0       10:05:37 PM   -18.60    80 8.000 :0 6-0-0

--------------------------------------------------------------

Engine-Match Wednesday, August 6, 2025 10:05:38 PM
 Blitz 2/1 

Pairing 3/3 :    Cece_v1.3  -  SlowMate_v0.4.03_Stable_Baseline

PGN-File: C:\Program Files (x86)\Arena\Tournaments\Engine Battle 20250803.pgn

No:  B/W 1/2     W:B       1:2           Time        Value Moves Dep 1:2       1-2-Draws
   6 B 1    1.0:0.0        6.0:0.0       10:07:39 PM   -12.30    32 0:8.000  6-0-0

--------------------------------------------------------------

Engine-Match Wednesday, August 6, 2025 10:07:40 PM
 Blitz 2/1 

Pairing 1/3 :    Cecilia_v0.1.0_Basic  -  Cece_v1.3

PGN-File: C:\Program Files (x86)\Arena\Tournaments\Engine Battle 20250803.pgn

No:  B/W 1/2     W:B       1:2           Time        Value Moves Dep 1:2       1-2-Draws
   7 = =    3.5:3.5        3.5:3.5       10:08:18 PM     0.00     8 0:0 0-0-7

--------------------------------------------------------------

Engine-Match Wednesday, August 6, 2025 10:08:19 PM
 Blitz 2/1 

Pairing 2/3 :    SlowMate_v0.4.03_Stable_Baseline  -  Cecilia_v0.1.0_Basic

PGN-File: C:\Program Files (x86)\Arena\Tournaments\Engine Battle 20250803.pgn

No:  B/W 1/2     W:B       1:2           Time        Value Moves Dep 1:2       1-2-Draws
   7 W 1    1.0:0.0        7.0:0.0       10:09:12 PM   +32.40    65 8.000 :0 7-0-0

--------------------------------------------------------------

Engine-Match Wednesday, August 6, 2025 10:09:18 PM
 Blitz 2/1 

Pairing 3/3 :    Cece_v1.3  -  SlowMate_v0.4.03_Stable_Baseline

PGN-File: C:\Program Files (x86)\Arena\Tournaments\Engine Battle 20250803.pgn

No:  B/W 1/2     W:B       1:2           Time        Value Moves Dep 1:2       1-2-Draws
   7 B 2    1.0:0.0        6.0:1.0       10:12:32 PM    +5.00    61 0:8.000  6-1-0

--------------------------------------------------------------

Engine-Match Wednesday, August 6, 2025 10:12:34 PM
 Blitz 2/1 

Pairing 1/3 :    Cecilia_v0.1.0_Basic  -  Cece_v1.3

PGN-File: C:\Program Files (x86)\Arena\Tournaments\Engine Battle 20250803.pgn

No:  B/W 1/2     W:B       1:2           Time        Value Moves Dep 1:2       1-2-Draws
   8 = =    4.0:4.0        4.0:4.0       10:13:07 PM     0.00     7 0:0 0-0-8

--------------------------------------------------------------

Engine-Match Wednesday, August 6, 2025 10:13:09 PM
 Blitz 2/1 

Pairing 2/3 :    SlowMate_v0.4.03_Stable_Baseline  -  Cecilia_v0.1.0_Basic

PGN-File: C:\Program Files (x86)\Arena\Tournaments\Engine Battle 20250803.pgn

No:  B/W 1/2     W:B       1:2           Time        Value Moves Dep 1:2       1-2-Draws
   8 B 1    1.0:0.0        8.0:0.0       10:13:53 PM   -24.00    54 8.000 :0 8-0-0

--------------------------------------------------------------

Engine-Match Wednesday, August 6, 2025 10:13:54 PM
 Blitz 2/1 

Pairing 3/3 :    Cece_v1.3  -  SlowMate_v0.4.03_Stable_Baseline

PGN-File: C:\Program Files (x86)\Arena\Tournaments\Engine Battle 20250803.pgn

No:  B/W 1/2     W:B       1:2           Time        Value Moves Dep 1:2       1-2-Draws
   8 = =    0.5:0.5        6.5:1.5       10:18:35 PM    +5.00   106 0:8.000  6-1-1

--------------------------------------------------------------

Engine-Match Wednesday, August 6, 2025 10:18:36 PM
 Blitz 2/1 

Pairing 1/3 :    Cecilia_v0.1.0_Basic  -  Cece_v1.3

PGN-File: C:\Program Files (x86)\Arena\Tournaments\Engine Battle 20250803.pgn

No:  B/W 1/2     W:B       1:2           Time        Value Moves Dep 1:2       1-2-Draws
   9 = =    4.5:4.5        4.5:4.5       10:19:14 PM     0.00     8 0:0 0-0-9

--------------------------------------------------------------

Engine-Match Wednesday, August 6, 2025 10:19:15 PM
 Blitz 2/1 

Pairing 2/3 :    SlowMate_v0.4.03_Stable_Baseline  -  Cecilia_v0.1.0_Basic

PGN-File: C:\Program Files (x86)\Arena\Tournaments\Engine Battle 20250803.pgn

No:  B/W 1/2     W:B       1:2           Time        Value Moves Dep 1:2       1-2-Draws
   9 W 1    1.0:0.0        9.0:0.0       10:20:06 PM   +33.70    63 8.000 :0 9-0-0

--------------------------------------------------------------

Engine-Match Wednesday, August 6, 2025 10:20:08 PM
 Blitz 2/1 

Pairing 3/3 :    Cece_v1.3  -  SlowMate_v0.4.03_Stable_Baseline

PGN-File: C:\Program Files (x86)\Arena\Tournaments\Engine Battle 20250803.pgn

No:  B/W 1/2     W:B       1:2           Time        Value Moves Dep 1:2       1-2-Draws
   9 W 1    1.5:0.5        7.5:1.5       10:21:30 PM   +21.40    19 0:8.000  7-1-1

--------------------------------------------------------------

Engine-Match Wednesday, August 6, 2025 10:21:32 PM
 Blitz 2/1 

Pairing 1/3 :    Cecilia_v0.1.0_Basic  -  Cece_v1.3

PGN-File: C:\Program Files (x86)\Arena\Tournaments\Engine Battle 20250803.pgn

No:  B/W 1/2     W:B       1:2           Time        Value Moves Dep 1:2       1-2-Draws
  10 = =    5.0:5.0        5.0:5.0       10:22:05 PM     0.00     7 0:0 0-0-10

--------------------------------------------------------------

Engine-Match Wednesday, August 6, 2025 10:22:07 PM
 Blitz 2/1 

Pairing 2/3 :    SlowMate_v0.4.03_Stable_Baseline  -  Cecilia_v0.1.0_Basic

PGN-File: C:\Program Files (x86)\Arena\Tournaments\Engine Battle 20250803.pgn

No:  B/W 1/2     W:B       1:2           Time        Value Moves Dep 1:2       1-2-Draws
  10 B 1    1.0:0.0        10.0:0.0      10:22:52 PM   -28.80    55 8.000 :0 10-0-0

--------------------------------------------------------------

Engine-Match Wednesday, August 6, 2025 10:22:53 PM
 Blitz 2/1 

Pairing 3/3 :    Cece_v1.3  -  SlowMate_v0.4.03_Stable_Baseline

PGN-File: C:\Program Files (x86)\Arena\Tournaments\Engine Battle 20250803.pgn

No:  B/W 1/2     W:B       1:2           Time        Value Moves Dep 1:2       1-2-Draws
  10 = =    1.0:1.0        8.0:2.0       10:27:35 PM    -9.00   108 0:8.000  7-1-2
