Engine-Match Tuesday, August 12, 2025 3:06:05 AM
 Blitz 2/1 

Pairing 1/8 :    Cece_v2.0  -  Cecilia_v0.1

PGN-File: C:\Program Files (x86)\Arena\Tournaments\Engine Battle 20250811_2.pgn

No:  B/W 1/2     W:B       1:2           Time        Value Moves Dep 1:2       1-2-Draws
   1 * *     0.0:0.0        0.0:0.0       3:06:24 AM     0.00     0 0:0 0-0-0

--------------------------------------------------------------

Engine-Match Tuesday, August 12, 2025 3:11:37 AM
 Blitz 2/1 

Pairing 1/8 :    Cece_v2.0  -  Cecilia_v0.1

PGN-File: C:\Program Files (x86)\Arena\Tournaments\Engine Battle 20250811_2.pgn

No:  B/W 1/2     W:B       1:2           Time        Value Moves Dep 1:2       1-2-Draws
   1 W 1    1.0:0.0        1.0:0.0       3:13:14 AM     0.00    28 0:0 1-0-0

--------------------------------------------------------------

Engine-Match Tuesday, August 12, 2025 3:13:15 AM
 Blitz 2/1 

Pairing 2/8 :    Cece_v2.0  -  Cecilia_v0.2

PGN-File: C:\Program Files (x86)\Arena\Tournaments\Engine Battle 20250811_2.pgn

No:  B/W 1/2     W:B       1:2           Time        Value Moves Dep 1:2       1-2-Draws
   1 W 1    1.0:0.0        1.0:0.0       3:15:13 AM     0.00    37 0:0 1-0-0

--------------------------------------------------------------

Engine-Match Tuesday, August 12, 2025 3:15:14 AM
 Blitz 2/1 

Pairing 3/8 :    Cece_v2.0  -  Cecilia_v0.3

PGN-File: C:\Program Files (x86)\Arena\Tournaments\Engine Battle 20250811_2.pgn

No:  B/W 1/2     W:B       1:2           Time        Value Moves Dep 1:2       1-2-Draws
   1 = =    0.5:0.5        0.5:0.5       3:15:49 AM     0.00     8 0:0 0-0-1

--------------------------------------------------------------

Engine-Match Tuesday, August 12, 2025 3:15:50 AM
 Blitz 2/1 

Pairing 4/8 :    Cece_v2.0  -  Copycat_v1.0

PGN-File: C:\Program Files (x86)\Arena\Tournaments\Engine Battle 20250811_2.pgn

No:  B/W 1/2     W:B       1:2           Time        Value Moves Dep 1:2       1-2-Draws
   1 W 1    1.0:0.0        1.0:0.0       3:19:34 AM     0.00    35 0:0 1-0-0

--------------------------------------------------------------

Engine-Match Tuesday, August 12, 2025 3:19:35 AM
 Blitz 2/1 

Pairing 5/8 :    Cece_v2.0  -  Random_Opponent

PGN-File: C:\Program Files (x86)\Arena\Tournaments\Engine Battle 20250811_2.pgn

No:  B/W 1/2     W:B       1:2           Time        Value Moves Dep 1:2       1-2-Draws
   1 W 1    1.0:0.0        1.0:0.0       3:21:21 AM     0.00    32 0:0 1-0-0

--------------------------------------------------------------

Engine-Match Tuesday, August 12, 2025 3:21:22 AM
 Blitz 2/1 

Pairing 6/8 :    Cece_v2.0  -  Slowmate_v1.0

PGN-File: C:\Program Files (x86)\Arena\Tournaments\Engine Battle 20250811_2.pgn

No:  B/W 1/2     W:B       1:2           Time        Value Moves Dep 1:2       1-2-Draws
   1 = =    0.5:0.5        0.5:0.5       3:23:56 AM     0.00    47 0:0 0-0-1

--------------------------------------------------------------

Engine-Match Tuesday, August 12, 2025 3:23:57 AM
 Blitz 2/1 

Pairing 7/8 :    Cece_v2.0  -  Stockfish 1%

PGN-File: C:\Program Files (x86)\Arena\Tournaments\Engine Battle 20250811_2.pgn

No:  B/W 1/2     W:B       1:2           Time        Value Moves Dep 1:2       1-2-Draws
   1 B 2    1.0:0.0        0.0:1.0       3:25:45 AM      -M1    32 0:12.500  0-1-0

--------------------------------------------------------------

Engine-Match Tuesday, August 12, 2025 3:25:47 AM
 Blitz 2/1 

Pairing 8/8 :    Cece_v2.0  -  V7P3RAI_v1.0

PGN-File: C:\Program Files (x86)\Arena\Tournaments\Engine Battle 20250811_2.pgn

No:  B/W 1/2     W:B       1:2           Time        Value Moves Dep 1:2       1-2-Draws
   1 W 1    1.0:0.0        1.0:0.0       3:26:16 AM     0.00     6 0:0 1-0-0

--------------------------------------------------------------

Engine-Match Tuesday, August 12, 2025 3:26:17 AM
 Blitz 2/1 

Pairing 1/8 :    Cece_v2.0  -  Cecilia_v0.1

PGN-File: C:\Program Files (x86)\Arena\Tournaments\Engine Battle 20250811_2.pgn

No:  B/W 1/2     W:B       1:2           Time        Value Moves Dep 1:2       1-2-Draws
   2 = =    0.5:0.5        1.5:0.5       3:27:51 AM     0.00    28 0:0 1-0-1

--------------------------------------------------------------

Engine-Match Tuesday, August 12, 2025 3:27:52 AM
 Blitz 2/1 

Pairing 2/8 :    Cece_v2.0  -  Cecilia_v0.2

PGN-File: C:\Program Files (x86)\Arena\Tournaments\Engine Battle 20250811_2.pgn

No:  B/W 1/2     W:B       1:2           Time        Value Moves Dep 1:2       1-2-Draws
   2 B 1    1.0:0.0        2.0:0.0       3:28:38 AM     0.00    11 0:0 2-0-0

--------------------------------------------------------------

Engine-Match Tuesday, August 12, 2025 3:28:39 AM
 Blitz 2/1 

Pairing 3/8 :    Cece_v2.0  -  Cecilia_v0.3

PGN-File: C:\Program Files (x86)\Arena\Tournaments\Engine Battle 20250811_2.pgn

No:  B/W 1/2     W:B       1:2           Time        Value Moves Dep 1:2       1-2-Draws
   2 B 1    1.5:0.5        1.5:0.5       3:29:25 AM     0.00    11 0:0 1-0-1

--------------------------------------------------------------

Engine-Match Tuesday, August 12, 2025 3:29:26 AM
 Blitz 2/1 

Pairing 4/8 :    Cece_v2.0  -  Copycat_v1.0

PGN-File: C:\Program Files (x86)\Arena\Tournaments\Engine Battle 20250811_2.pgn

No:  B/W 1/2     W:B       1:2           Time        Value Moves Dep 1:2       1-2-Draws
   2 B 1    1.0:0.0        2.0:0.0       3:30:47 AM     0.00    16 0:0 2-0-0

--------------------------------------------------------------

Engine-Match Tuesday, August 12, 2025 3:30:48 AM
 Blitz 2/1 

Pairing 5/8 :    Cece_v2.0  -  Random_Opponent

PGN-File: C:\Program Files (x86)\Arena\Tournaments\Engine Battle 20250811_2.pgn

No:  B/W 1/2     W:B       1:2           Time        Value Moves Dep 1:2       1-2-Draws
   2 B 1    1.0:0.0        2.0:0.0       3:31:47 AM     0.00    15 0:0 2-0-0

--------------------------------------------------------------

Engine-Match Tuesday, August 12, 2025 3:31:48 AM
 Blitz 2/1 

Pairing 6/8 :    Cece_v2.0  -  Slowmate_v1.0

PGN-File: C:\Program Files (x86)\Arena\Tournaments\Engine Battle 20250811_2.pgn

No:  B/W 1/2     W:B       1:2           Time        Value Moves Dep 1:2       1-2-Draws
   2 W 2    1.5:0.5        0.5:1.5       3:33:24 AM     0.00    24 0:0 0-1-1

--------------------------------------------------------------

Engine-Match Tuesday, August 12, 2025 3:33:26 AM
 Blitz 2/1 

Pairing 7/8 :    Cece_v2.0  -  Stockfish 1%

PGN-File: C:\Program Files (x86)\Arena\Tournaments\Engine Battle 20250811_2.pgn

No:  B/W 1/2     W:B       1:2           Time        Value Moves Dep 1:2       1-2-Draws
   2 W 2    1.0:0.0        0.0:2.0       3:35:34 AM      +M1    42 0:11.833  0-2-0

--------------------------------------------------------------

Engine-Match Tuesday, August 12, 2025 3:35:35 AM
 Blitz 2/1 

Pairing 8/8 :    Cece_v2.0  -  V7P3RAI_v1.0

PGN-File: C:\Program Files (x86)\Arena\Tournaments\Engine Battle 20250811_2.pgn

No:  B/W 1/2     W:B       1:2           Time        Value Moves Dep 1:2       1-2-Draws
   2 = =    0.5:0.5        1.5:0.5       3:37:39 AM     0.00    39 0:0 1-0-1

--------------------------------------------------------------

Engine-Match Tuesday, August 12, 2025 3:37:40 AM
 Blitz 2/1 

Pairing 1/8 :    Cece_v2.0  -  Cecilia_v0.1

PGN-File: C:\Program Files (x86)\Arena\Tournaments\Engine Battle 20250811_2.pgn

No:  B/W 1/2     W:B       1:2           Time        Value Moves Dep 1:2       1-2-Draws
   3 W 1    1.5:0.5        2.5:0.5       3:40:16 AM     0.00    56 0:0 2-0-1

--------------------------------------------------------------

Engine-Match Tuesday, August 12, 2025 3:40:17 AM
 Blitz 2/1 

Pairing 2/8 :    Cece_v2.0  -  Cecilia_v0.2

PGN-File: C:\Program Files (x86)\Arena\Tournaments\Engine Battle 20250811_2.pgn

No:  B/W 1/2     W:B       1:2           Time        Value Moves Dep 1:2       1-2-Draws
   3 W 1    1.0:0.0        3.0:0.0       3:41:09 AM     0.00    13 0:0 3-0-0

--------------------------------------------------------------

Engine-Match Tuesday, August 12, 2025 3:41:11 AM
 Blitz 2/1 

Pairing 3/8 :    Cece_v2.0  -  Cecilia_v0.3

PGN-File: C:\Program Files (x86)\Arena\Tournaments\Engine Battle 20250811_2.pgn

No:  B/W 1/2     W:B       1:2           Time        Value Moves Dep 1:2       1-2-Draws
   3 W 1    1.5:0.5        2.5:0.5       3:42:19 AM     0.00    18 0:0 2-0-1

--------------------------------------------------------------

Engine-Match Tuesday, August 12, 2025 3:42:20 AM
 Blitz 2/1 

Pairing 4/8 :    Cece_v2.0  -  Copycat_v1.0

PGN-File: C:\Program Files (x86)\Arena\Tournaments\Engine Battle 20250811_2.pgn

No:  B/W 1/2     W:B       1:2           Time        Value Moves Dep 1:2       1-2-Draws
   3 W 1    1.0:0.0        3.0:0.0       3:46:20 AM     0.00    40 0:0 3-0-0

--------------------------------------------------------------

Engine-Match Tuesday, August 12, 2025 3:46:26 AM
 Blitz 2/1 

Pairing 5/8 :    Cece_v2.0  -  Random_Opponent

PGN-File: C:\Program Files (x86)\Arena\Tournaments\Engine Battle 20250811_2.pgn

No:  B/W 1/2     W:B       1:2           Time        Value Moves Dep 1:2       1-2-Draws
   3 W 1    1.0:0.0        3.0:0.0       3:46:49 AM     0.00     5 0:0 3-0-0

--------------------------------------------------------------

Engine-Match Tuesday, August 12, 2025 3:46:50 AM
 Blitz 2/1 

Pairing 6/8 :    Cece_v2.0  -  Slowmate_v1.0

PGN-File: C:\Program Files (x86)\Arena\Tournaments\Engine Battle 20250811_2.pgn

No:  B/W 1/2     W:B       1:2           Time        Value Moves Dep 1:2       1-2-Draws
   3 = =    1.0:1.0        1.0:2.0       3:49:31 AM     0.00    49 0:0 0-1-2

--------------------------------------------------------------

Engine-Match Tuesday, August 12, 2025 3:49:32 AM
 Blitz 2/1 

Pairing 7/8 :    Cece_v2.0  -  Stockfish 1%

PGN-File: C:\Program Files (x86)\Arena\Tournaments\Engine Battle 20250811_2.pgn

No:  B/W 1/2     W:B       1:2           Time        Value Moves Dep 1:2       1-2-Draws
   3 B 2    1.0:0.0        0.0:3.0       3:52:22 AM    -8.87    62 0:11.833  0-3-0

--------------------------------------------------------------

Engine-Match Tuesday, August 12, 2025 3:52:24 AM
 Blitz 2/1 

Pairing 8/8 :    Cece_v2.0  -  V7P3RAI_v1.0

PGN-File: C:\Program Files (x86)\Arena\Tournaments\Engine Battle 20250811_2.pgn

No:  B/W 1/2     W:B       1:2           Time        Value Moves Dep 1:2       1-2-Draws
   3 W 1    1.5:0.5        2.5:0.5       3:52:52 AM     0.00     6 0:0 2-0-1

--------------------------------------------------------------

Engine-Match Tuesday, August 12, 2025 3:52:54 AM
 Blitz 2/1 

Pairing 1/8 :    Cece_v2.0  -  Cecilia_v0.1

PGN-File: C:\Program Files (x86)\Arena\Tournaments\Engine Battle 20250811_2.pgn

No:  B/W 1/2     W:B       1:2           Time        Value Moves Dep 1:2       1-2-Draws
   4 B 1    1.5:0.5        3.5:0.5       3:54:56 AM     0.00    39 0:0 3-0-1

--------------------------------------------------------------

Engine-Match Tuesday, August 12, 2025 3:54:57 AM
 Blitz 2/1 

Pairing 2/8 :    Cece_v2.0  -  Cecilia_v0.2

PGN-File: C:\Program Files (x86)\Arena\Tournaments\Engine Battle 20250811_2.pgn

No:  B/W 1/2     W:B       1:2           Time        Value Moves Dep 1:2       1-2-Draws
   4 B 1    1.0:0.0        4.0:0.0       3:55:47 AM     0.00    12 0:0 4-0-0

--------------------------------------------------------------

Engine-Match Tuesday, August 12, 2025 3:55:48 AM
 Blitz 2/1 

Pairing 3/8 :    Cece_v2.0  -  Cecilia_v0.3

PGN-File: C:\Program Files (x86)\Arena\Tournaments\Engine Battle 20250811_2.pgn

No:  B/W 1/2     W:B       1:2           Time        Value Moves Dep 1:2       1-2-Draws
   4 = =    1.0:1.0        3.0:1.0       3:56:44 AM     0.00    15 0:0 2-0-2

--------------------------------------------------------------

Engine-Match Tuesday, August 12, 2025 3:56:45 AM
 Blitz 2/1 

Pairing 4/8 :    Cece_v2.0  -  Copycat_v1.0

PGN-File: C:\Program Files (x86)\Arena\Tournaments\Engine Battle 20250811_2.pgn

No:  B/W 1/2     W:B       1:2           Time        Value Moves Dep 1:2       1-2-Draws
   4 B 1    1.0:0.0        4.0:0.0       3:58:10 AM     0.00    16 0:0 4-0-0

--------------------------------------------------------------

Engine-Match Tuesday, August 12, 2025 3:58:11 AM
 Blitz 2/1 

Pairing 5/8 :    Cece_v2.0  -  Random_Opponent

PGN-File: C:\Program Files (x86)\Arena\Tournaments\Engine Battle 20250811_2.pgn

No:  B/W 1/2     W:B       1:2           Time        Value Moves Dep 1:2       1-2-Draws
   4 B 1    1.0:0.0        4.0:0.0       4:00:26 AM     0.00    45 0:0 4-0-0

--------------------------------------------------------------

Engine-Match Tuesday, August 12, 2025 4:00:27 AM
 Blitz 2/1 

Pairing 6/8 :    Cece_v2.0  -  Slowmate_v1.0

PGN-File: C:\Program Files (x86)\Arena\Tournaments\Engine Battle 20250811_2.pgn

No:  B/W 1/2     W:B       1:2           Time        Value Moves Dep 1:2       1-2-Draws
   4 W 2    2.0:1.0        1.0:3.0       4:02:51 AM     0.00    34 0:0 0-2-2

--------------------------------------------------------------

Engine-Match Tuesday, August 12, 2025 4:02:53 AM
 Blitz 2/1 

Pairing 7/8 :    Cece_v2.0  -  Stockfish 1%

PGN-File: C:\Program Files (x86)\Arena\Tournaments\Engine Battle 20250811_2.pgn

No:  B/W 1/2     W:B       1:2           Time        Value Moves Dep 1:2       1-2-Draws
   4 W 2    1.0:0.0        0.0:4.0       4:08:30 AM    +6.19   180 0:12.500  0-4-0

--------------------------------------------------------------

Engine-Match Tuesday, August 12, 2025 4:08:31 AM
 Blitz 2/1 

Pairing 8/8 :    Cece_v2.0  -  V7P3RAI_v1.0

PGN-File: C:\Program Files (x86)\Arena\Tournaments\Engine Battle 20250811_2.pgn

No:  B/W 1/2     W:B       1:2           Time        Value Moves Dep 1:2       1-2-Draws
   4 = =    1.0:1.0        3.0:1.0       4:09:48 AM     0.00    21 0:0 2-0-2

--------------------------------------------------------------

Engine-Match Tuesday, August 12, 2025 4:09:49 AM
 Blitz 2/1 

Pairing 1/8 :    Cece_v2.0  -  Cecilia_v0.1

PGN-File: C:\Program Files (x86)\Arena\Tournaments\Engine Battle 20250811_2.pgn

No:  B/W 1/2     W:B       1:2           Time        Value Moves Dep 1:2       1-2-Draws
   5 = =    1.0:1.0        4.0:1.0       4:11:36 AM     0.00    32 0:0 3-0-2

--------------------------------------------------------------

Engine-Match Tuesday, August 12, 2025 4:11:37 AM
 Blitz 2/1 

Pairing 2/8 :    Cece_v2.0  -  Cecilia_v0.2

PGN-File: C:\Program Files (x86)\Arena\Tournaments\Engine Battle 20250811_2.pgn

No:  B/W 1/2     W:B       1:2           Time        Value Moves Dep 1:2       1-2-Draws
   5 W 1    1.0:0.0        5.0:0.0       4:12:54 AM     0.00    21 0:0 5-0-0

--------------------------------------------------------------

Engine-Match Tuesday, August 12, 2025 4:12:56 AM
 Blitz 2/1 

Pairing 3/8 :    Cece_v2.0  -  Cecilia_v0.3

PGN-File: C:\Program Files (x86)\Arena\Tournaments\Engine Battle 20250811_2.pgn

No:  B/W 1/2     W:B       1:2           Time        Value Moves Dep 1:2       1-2-Draws
   5 W 1    2.0:1.0        4.0:1.0       4:14:10 AM     0.00    20 0:0 3-0-2

--------------------------------------------------------------

Engine-Match Tuesday, August 12, 2025 4:14:11 AM
 Blitz 2/1 

Pairing 4/8 :    Cece_v2.0  -  Copycat_v1.0

PGN-File: C:\Program Files (x86)\Arena\Tournaments\Engine Battle 20250811_2.pgn

No:  B/W 1/2     W:B       1:2           Time        Value Moves Dep 1:2       1-2-Draws
   5 W 1    1.0:0.0        5.0:0.0       4:17:54 AM     0.00    35 0:0 5-0-0

--------------------------------------------------------------

Engine-Match Tuesday, August 12, 2025 4:17:55 AM
 Blitz 2/1 

Pairing 5/8 :    Cece_v2.0  -  Random_Opponent

PGN-File: C:\Program Files (x86)\Arena\Tournaments\Engine Battle 20250811_2.pgn

No:  B/W 1/2     W:B       1:2           Time        Value Moves Dep 1:2       1-2-Draws
   5 W 1    1.0:0.0        5.0:0.0       4:19:26 AM     0.00    26 0:0 5-0-0

--------------------------------------------------------------

Engine-Match Tuesday, August 12, 2025 4:19:27 AM
 Blitz 2/1 

Pairing 6/8 :    Cece_v2.0  -  Slowmate_v1.0

PGN-File: C:\Program Files (x86)\Arena\Tournaments\Engine Battle 20250811_2.pgn

No:  B/W 1/2     W:B       1:2           Time        Value Moves Dep 1:2       1-2-Draws
   5 B 2    2.0:1.0        1.0:4.0       4:20:44 AM     0.00    18 0:0 0-3-2

--------------------------------------------------------------

Engine-Match Tuesday, August 12, 2025 4:20:45 AM
 Blitz 2/1 

Pairing 7/8 :    Cece_v2.0  -  Stockfish 1%

PGN-File: C:\Program Files (x86)\Arena\Tournaments\Engine Battle 20250811_2.pgn

No:  B/W 1/2     W:B       1:2           Time        Value Moves Dep 1:2       1-2-Draws
   5 B 2    1.0:0.0        0.0:5.0       4:23:37 AM    -8.12    63 0:12.800  0-5-0

--------------------------------------------------------------

Engine-Match Tuesday, August 12, 2025 4:23:38 AM
 Blitz 2/1 

Pairing 8/8 :    Cece_v2.0  -  V7P3RAI_v1.0

PGN-File: C:\Program Files (x86)\Arena\Tournaments\Engine Battle 20250811_2.pgn

No:  B/W 1/2     W:B       1:2           Time        Value Moves Dep 1:2       1-2-Draws
   5 W 1    2.0:1.0        4.0:1.0       4:25:38 AM     0.00    37 0:0 3-0-2

--------------------------------------------------------------

Engine-Match Tuesday, August 12, 2025 8:34:28 AM
 Blitz 2/1 

Pairing 1/8 :    Cece_v2.0  -  Cecilia_v0.1

PGN-File: C:\Program Files (x86)\Arena\Tournaments\Engine Battle 20250811_2.pgn

No:  B/W 1/2     W:B       1:2           Time        Value Moves Dep 1:2       1-2-Draws
   6 = =    1.5:1.5        4.5:1.5       8:36:42 AM     0.00    44 0:0 3-0-3

--------------------------------------------------------------

Engine-Match Tuesday, August 12, 2025 8:36:43 AM
 Blitz 2/1 

Pairing 2/8 :    Cece_v2.0  -  Cecilia_v0.2

PGN-File: C:\Program Files (x86)\Arena\Tournaments\Engine Battle 20250811_2.pgn

No:  B/W 1/2     W:B       1:2           Time        Value Moves Dep 1:2       1-2-Draws
   6 B 1    1.0:0.0        6.0:0.0       8:37:35 AM     0.00    13 0:0 6-0-0

--------------------------------------------------------------

Engine-Match Tuesday, August 12, 2025 8:37:37 AM
 Blitz 2/1 

Pairing 3/8 :    Cece_v2.0  -  Cecilia_v0.3

PGN-File: C:\Program Files (x86)\Arena\Tournaments\Engine Battle 20250811_2.pgn

No:  B/W 1/2     W:B       1:2           Time        Value Moves Dep 1:2       1-2-Draws
   6 B 1    2.0:1.0        5.0:1.0       8:38:29 AM     0.00    13 0:0 4-0-2

--------------------------------------------------------------

Engine-Match Tuesday, August 12, 2025 8:38:30 AM
 Blitz 2/1 

Pairing 4/8 :    Cece_v2.0  -  Copycat_v1.0

PGN-File: C:\Program Files (x86)\Arena\Tournaments\Engine Battle 20250811_2.pgn

No:  B/W 1/2     W:B       1:2           Time        Value Moves Dep 1:2       1-2-Draws
   6 = =    0.5:0.5        5.5:0.5       8:45:35 AM     0.00   100 0:0 5-0-1

--------------------------------------------------------------

Engine-Match Tuesday, August 12, 2025 8:45:36 AM
 Blitz 2/1 

Pairing 5/8 :    Cece_v2.0  -  Random_Opponent

PGN-File: C:\Program Files (x86)\Arena\Tournaments\Engine Battle 20250811_2.pgn

No:  B/W 1/2     W:B       1:2           Time        Value Moves Dep 1:2       1-2-Draws
   6 = =    0.5:0.5        5.5:0.5       8:48:05 AM     0.00    48 0:0 5-0-1

--------------------------------------------------------------

Engine-Match Tuesday, August 12, 2025 8:48:06 AM
 Blitz 2/1 

Pairing 6/8 :    Cece_v2.0  -  Slowmate_v1.0

PGN-File: C:\Program Files (x86)\Arena\Tournaments\Engine Battle 20250811_2.pgn

No:  B/W 1/2     W:B       1:2           Time        Value Moves Dep 1:2       1-2-Draws
   6 W 2    2.0:1.0        1.0:5.0       8:49:43 AM     0.00    23 0:0 0-4-2

--------------------------------------------------------------

Engine-Match Tuesday, August 12, 2025 8:49:44 AM
 Blitz 2/1 

Pairing 7/8 :    Cece_v2.0  -  Stockfish 1%

PGN-File: C:\Program Files (x86)\Arena\Tournaments\Engine Battle 20250811_2.pgn

No:  B/W 1/2     W:B       1:2           Time        Value Moves Dep 1:2       1-2-Draws
   6 W 2    1.0:0.0        0.0:6.0       8:51:06 AM      +M1    23 0:12.167  0-6-0

--------------------------------------------------------------

Engine-Match Tuesday, August 12, 2025 8:51:07 AM
 Blitz 2/1 

Pairing 8/8 :    Cece_v2.0  -  V7P3RAI_v1.0

PGN-File: C:\Program Files (x86)\Arena\Tournaments\Engine Battle 20250811_2.pgn

No:  B/W 1/2     W:B       1:2           Time        Value Moves Dep 1:2       1-2-Draws
   6 = =    1.5:1.5        4.5:1.5       8:51:52 AM     0.00    11 0:0 3-0-3

--------------------------------------------------------------

Engine-Match Tuesday, August 12, 2025 8:51:53 AM
 Blitz 2/1 

Pairing 1/8 :    Cece_v2.0  -  Cecilia_v0.1

PGN-File: C:\Program Files (x86)\Arena\Tournaments\Engine Battle 20250811_2.pgn

No:  B/W 1/2     W:B       1:2           Time        Value Moves Dep 1:2       1-2-Draws
   7 = =    2.0:2.0        5.0:2.0       8:54:26 AM     0.00    54 0:0 3-0-4

--------------------------------------------------------------

Engine-Match Tuesday, August 12, 2025 8:54:27 AM
 Blitz 2/1 

Pairing 2/8 :    Cece_v2.0  -  Cecilia_v0.2

PGN-File: C:\Program Files (x86)\Arena\Tournaments\Engine Battle 20250811_2.pgn

No:  B/W 1/2     W:B       1:2           Time        Value Moves Dep 1:2       1-2-Draws
   7 W 1    1.0:0.0        7.0:0.0       8:56:16 AM     0.00    33 0:0 7-0-0

--------------------------------------------------------------

Engine-Match Tuesday, August 12, 2025 8:56:18 AM
 Blitz 2/1 

Pairing 3/8 :    Cece_v2.0  -  Cecilia_v0.3

PGN-File: C:\Program Files (x86)\Arena\Tournaments\Engine Battle 20250811_2.pgn

No:  B/W 1/2     W:B       1:2           Time        Value Moves Dep 1:2       1-2-Draws
   7 W 1    2.0:1.0        6.0:1.0       8:58:22 AM     0.00    40 0:0 5-0-2

--------------------------------------------------------------

Engine-Match Tuesday, August 12, 2025 8:58:23 AM
 Blitz 2/1 

Pairing 4/8 :    Cece_v2.0  -  Copycat_v1.0

PGN-File: C:\Program Files (x86)\Arena\Tournaments\Engine Battle 20250811_2.pgn

No:  B/W 1/2     W:B       1:2           Time        Value Moves Dep 1:2       1-2-Draws
   7 = =    1.0:1.0        6.0:1.0       9:04:20 AM     0.00    71 0:0 5-0-2

--------------------------------------------------------------

Engine-Match Tuesday, August 12, 2025 9:04:21 AM
 Blitz 2/1 

Pairing 5/8 :    Cece_v2.0  -  Random_Opponent

PGN-File: C:\Program Files (x86)\Arena\Tournaments\Engine Battle 20250811_2.pgn

No:  B/W 1/2     W:B       1:2           Time        Value Moves Dep 1:2       1-2-Draws
   7 W 1    1.5:0.5        6.5:0.5       9:04:59 AM     0.00     9 0:0 6-0-1

--------------------------------------------------------------

Engine-Match Tuesday, August 12, 2025 9:05:00 AM
 Blitz 2/1 

Pairing 6/8 :    Cece_v2.0  -  Slowmate_v1.0

PGN-File: C:\Program Files (x86)\Arena\Tournaments\Engine Battle 20250811_2.pgn

No:  B/W 1/2     W:B       1:2           Time        Value Moves Dep 1:2       1-2-Draws
   7 B 2    2.0:1.0        1.0:6.0       9:05:53 AM     0.00    12 0:0 0-5-2

--------------------------------------------------------------

Engine-Match Tuesday, August 12, 2025 9:05:55 AM
 Blitz 2/1 

Pairing 7/8 :    Cece_v2.0  -  Stockfish 1%

PGN-File: C:\Program Files (x86)\Arena\Tournaments\Engine Battle 20250811_2.pgn

No:  B/W 1/2     W:B       1:2           Time        Value Moves Dep 1:2       1-2-Draws
   7 B 2    1.0:0.0        0.0:7.0       9:08:36 AM    -7.86    57 0:12.500  0-7-0

--------------------------------------------------------------

Engine-Match Tuesday, August 12, 2025 9:08:37 AM
 Blitz 2/1 

Pairing 8/8 :    Cece_v2.0  -  V7P3RAI_v1.0

PGN-File: C:\Program Files (x86)\Arena\Tournaments\Engine Battle 20250811_2.pgn

No:  B/W 1/2     W:B       1:2           Time        Value Moves Dep 1:2       1-2-Draws
   7 W 1    2.5:1.5        5.5:1.5       9:09:06 AM     0.00     6 0:0 4-0-3

--------------------------------------------------------------

Engine-Match Tuesday, August 12, 2025 9:09:07 AM
 Blitz 2/1 

Pairing 1/8 :    Cece_v2.0  -  Cecilia_v0.1

PGN-File: C:\Program Files (x86)\Arena\Tournaments\Engine Battle 20250811_2.pgn

No:  B/W 1/2     W:B       1:2           Time        Value Moves Dep 1:2       1-2-Draws
   8 = =    2.5:2.5        5.5:2.5       9:11:01 AM     0.00    36 0:0 3-0-5

--------------------------------------------------------------

Engine-Match Tuesday, August 12, 2025 9:11:03 AM
 Blitz 2/1 

Pairing 2/8 :    Cece_v2.0  -  Cecilia_v0.2

PGN-File: C:\Program Files (x86)\Arena\Tournaments\Engine Battle 20250811_2.pgn

No:  B/W 1/2     W:B       1:2           Time        Value Moves Dep 1:2       1-2-Draws
   8 B 1    1.0:0.0        8.0:0.0       9:11:45 AM     0.00    10 0:0 8-0-0

--------------------------------------------------------------

Engine-Match Tuesday, August 12, 2025 9:11:46 AM
 Blitz 2/1 

Pairing 3/8 :    Cece_v2.0  -  Cecilia_v0.3

PGN-File: C:\Program Files (x86)\Arena\Tournaments\Engine Battle 20250811_2.pgn

No:  B/W 1/2     W:B       1:2           Time        Value Moves Dep 1:2       1-2-Draws
   8 B 1    2.0:1.0        7.0:1.0       9:12:38 AM     0.00    13 0:0 6-0-2

--------------------------------------------------------------

Engine-Match Tuesday, August 12, 2025 9:12:40 AM
 Blitz 2/1 

Pairing 4/8 :    Cece_v2.0  -  Copycat_v1.0

PGN-File: C:\Program Files (x86)\Arena\Tournaments\Engine Battle 20250811_2.pgn

No:  B/W 1/2     W:B       1:2           Time        Value Moves Dep 1:2       1-2-Draws
   8 = =    1.5:1.5        6.5:1.5       9:17:41 AM     0.00    54 0:0 5-0-3

--------------------------------------------------------------

Engine-Match Tuesday, August 12, 2025 9:17:47 AM
 Blitz 2/1 

Pairing 5/8 :    Cece_v2.0  -  Random_Opponent

PGN-File: C:\Program Files (x86)\Arena\Tournaments\Engine Battle 20250811_2.pgn

No:  B/W 1/2     W:B       1:2           Time        Value Moves Dep 1:2       1-2-Draws
   8 B 1    1.5:0.5        7.5:0.5       9:18:50 AM     0.00    16 0:0 7-0-1

--------------------------------------------------------------

Engine-Match Tuesday, August 12, 2025 9:18:51 AM
 Blitz 2/1 

Pairing 6/8 :    Cece_v2.0  -  Slowmate_v1.0

PGN-File: C:\Program Files (x86)\Arena\Tournaments\Engine Battle 20250811_2.pgn

No:  B/W 1/2     W:B       1:2           Time        Value Moves Dep 1:2       1-2-Draws
   8 W 2    2.0:1.0        1.0:7.0       9:20:43 AM     0.00    28 0:0 0-6-2

--------------------------------------------------------------

Engine-Match Tuesday, August 12, 2025 9:20:44 AM
 Blitz 2/1 

Pairing 7/8 :    Cece_v2.0  -  Stockfish 1%

PGN-File: C:\Program Files (x86)\Arena\Tournaments\Engine Battle 20250811_2.pgn

No:  B/W 1/2     W:B       1:2           Time        Value Moves Dep 1:2       1-2-Draws
   8 W 2    1.0:0.0        0.0:8.0       9:22:22 AM   +10.03    28 0:13.800  0-8-0

--------------------------------------------------------------

Engine-Match Tuesday, August 12, 2025 9:22:24 AM
 Blitz 2/1 

Pairing 8/8 :    Cece_v2.0  -  V7P3RAI_v1.0

PGN-File: C:\Program Files (x86)\Arena\Tournaments\Engine Battle 20250811_2.pgn

No:  B/W 1/2     W:B       1:2           Time        Value Moves Dep 1:2       1-2-Draws
   8 = =    2.0:2.0        6.0:2.0       9:24:38 AM     0.00    44 0:0 4-0-4

--------------------------------------------------------------

Engine-Match Tuesday, August 12, 2025 9:24:39 AM
 Blitz 2/1 

Pairing 1/8 :    Cece_v2.0  -  Cecilia_v0.1

PGN-File: C:\Program Files (x86)\Arena\Tournaments\Engine Battle 20250811_2.pgn

No:  B/W 1/2     W:B       1:2           Time        Value Moves Dep 1:2       1-2-Draws
   9 = =    3.0:3.0        6.0:3.0       9:25:59 AM     0.00    22 0:0 3-0-6

--------------------------------------------------------------

Engine-Match Tuesday, August 12, 2025 9:26:01 AM
 Blitz 2/1 

Pairing 2/8 :    Cece_v2.0  -  Cecilia_v0.2

PGN-File: C:\Program Files (x86)\Arena\Tournaments\Engine Battle 20250811_2.pgn

No:  B/W 1/2     W:B       1:2           Time        Value Moves Dep 1:2       1-2-Draws
   9 W 1    1.0:0.0        9.0:0.0       9:27:06 AM     0.00    17 0:0 9-0-0

--------------------------------------------------------------

Engine-Match Tuesday, August 12, 2025 9:27:07 AM
 Blitz 2/1 

Pairing 3/8 :    Cece_v2.0  -  Cecilia_v0.3

PGN-File: C:\Program Files (x86)\Arena\Tournaments\Engine Battle 20250811_2.pgn

No:  B/W 1/2     W:B       1:2           Time        Value Moves Dep 1:2       1-2-Draws
   9 = =    1.5:1.5        7.5:1.5       9:28:44 AM     0.00    28 0:0 6-0-3

--------------------------------------------------------------

Engine-Match Tuesday, August 12, 2025 9:28:45 AM
 Blitz 2/1 

Pairing 4/8 :    Cece_v2.0  -  Copycat_v1.0

PGN-File: C:\Program Files (x86)\Arena\Tournaments\Engine Battle 20250811_2.pgn

No:  B/W 1/2     W:B       1:2           Time        Value Moves Dep 1:2       1-2-Draws
   9 = =    2.0:2.0        7.0:2.0       9:33:31 AM     0.00    48 0:0 5-0-4

--------------------------------------------------------------

Engine-Match Tuesday, August 12, 2025 9:33:32 AM
 Blitz 2/1 

Pairing 5/8 :    Cece_v2.0  -  Random_Opponent

PGN-File: C:\Program Files (x86)\Arena\Tournaments\Engine Battle 20250811_2.pgn

No:  B/W 1/2     W:B       1:2           Time        Value Moves Dep 1:2       1-2-Draws
   9 W 1    1.5:0.5        8.5:0.5       9:36:03 AM     0.00    54 0:0 8-0-1

--------------------------------------------------------------

Engine-Match Tuesday, August 12, 2025 9:36:05 AM
 Blitz 2/1 

Pairing 6/8 :    Cece_v2.0  -  Slowmate_v1.0

PGN-File: C:\Program Files (x86)\Arena\Tournaments\Engine Battle 20250811_2.pgn

No:  B/W 1/2     W:B       1:2           Time        Value Moves Dep 1:2       1-2-Draws
   9 B 2    2.0:1.0        1.0:8.0       9:37:57 AM     0.00    29 0:0 0-7-2

--------------------------------------------------------------

Engine-Match Tuesday, August 12, 2025 9:37:59 AM
 Blitz 2/1 

Pairing 7/8 :    Cece_v2.0  -  Stockfish 1%

PGN-File: C:\Program Files (x86)\Arena\Tournaments\Engine Battle 20250811_2.pgn

No:  B/W 1/2     W:B       1:2           Time        Value Moves Dep 1:2       1-2-Draws
   9 B 2    1.0:0.0        0.0:9.0       9:39:54 AM      -M1    35 0:11.500  0-9-0

--------------------------------------------------------------

Engine-Match Tuesday, August 12, 2025 9:39:55 AM
 Blitz 2/1 

Pairing 8/8 :    Cece_v2.0  -  V7P3RAI_v1.0

PGN-File: C:\Program Files (x86)\Arena\Tournaments\Engine Battle 20250811_2.pgn

No:  B/W 1/2     W:B       1:2           Time        Value Moves Dep 1:2       1-2-Draws
   9 W 1    3.0:2.0        7.0:2.0       9:40:24 AM     0.00     6 0:0 5-0-4

--------------------------------------------------------------

Engine-Match Tuesday, August 12, 2025 9:40:25 AM
 Blitz 2/1 

Pairing 1/8 :    Cece_v2.0  -  Cecilia_v0.1

PGN-File: C:\Program Files (x86)\Arena\Tournaments\Engine Battle 20250811_2.pgn

No:  B/W 1/2     W:B       1:2           Time        Value Moves Dep 1:2       1-2-Draws
  10 B 1    4.0:3.0        7.0:3.0       9:42:04 AM     0.00    29 0:0 4-0-6

--------------------------------------------------------------

Engine-Match Tuesday, August 12, 2025 9:42:06 AM
 Blitz 2/1 

Pairing 2/8 :    Cece_v2.0  -  Cecilia_v0.2

PGN-File: C:\Program Files (x86)\Arena\Tournaments\Engine Battle 20250811_2.pgn

No:  B/W 1/2     W:B       1:2           Time        Value Moves Dep 1:2       1-2-Draws
  10 = =    0.5:0.5        9.5:0.5       9:44:08 AM     0.00    39 0:0 9-0-1

--------------------------------------------------------------

Engine-Match Tuesday, August 12, 2025 9:44:10 AM
 Blitz 2/1 

Pairing 3/8 :    Cece_v2.0  -  Cecilia_v0.3

PGN-File: C:\Program Files (x86)\Arena\Tournaments\Engine Battle 20250811_2.pgn

No:  B/W 1/2     W:B       1:2           Time        Value Moves Dep 1:2       1-2-Draws
  10 W 2    2.5:1.5        7.5:2.5       9:45:18 AM     0.00    18 0:0 6-1-3

--------------------------------------------------------------

Engine-Match Tuesday, August 12, 2025 9:45:20 AM
 Blitz 2/1 

Pairing 4/8 :    Cece_v2.0  -  Copycat_v1.0

PGN-File: C:\Program Files (x86)\Arena\Tournaments\Engine Battle 20250811_2.pgn

No:  B/W 1/2     W:B       1:2           Time        Value Moves Dep 1:2       1-2-Draws
  10 = =    2.5:2.5        7.5:2.5       9:48:49 AM     0.00    37 0:0 5-0-5

--------------------------------------------------------------

Engine-Match Tuesday, August 12, 2025 9:48:51 AM
 Blitz 2/1 

Pairing 5/8 :    Cece_v2.0  -  Random_Opponent

PGN-File: C:\Program Files (x86)\Arena\Tournaments\Engine Battle 20250811_2.pgn

No:  B/W 1/2     W:B       1:2           Time        Value Moves Dep 1:2       1-2-Draws
  10 B 1    1.5:0.5        9.5:0.5       9:49:46 AM     0.00    14 0:0 9-0-1

--------------------------------------------------------------

Engine-Match Tuesday, August 12, 2025 9:49:47 AM
 Blitz 2/1 

Pairing 6/8 :    Cece_v2.0  -  Slowmate_v1.0

PGN-File: C:\Program Files (x86)\Arena\Tournaments\Engine Battle 20250811_2.pgn

No:  B/W 1/2     W:B       1:2           Time        Value Moves Dep 1:2       1-2-Draws
  10 W 2    2.0:1.0        1.0:9.0       9:51:29 AM     0.00    26 0:0 0-8-2

--------------------------------------------------------------

Engine-Match Tuesday, August 12, 2025 9:51:31 AM
 Blitz 2/1 

Pairing 7/8 :    Cece_v2.0  -  Stockfish 1%

PGN-File: C:\Program Files (x86)\Arena\Tournaments\Engine Battle 20250811_2.pgn

No:  B/W 1/2     W:B       1:2           Time        Value Moves Dep 1:2       1-2-Draws
  10 W 2    1.0:0.0        0.0:10.0      9:53:01 AM      +M1    26 0:11.167  0-10-0

--------------------------------------------------------------

Engine-Match Tuesday, August 12, 2025 9:53:02 AM
 Blitz 2/1 

Pairing 8/8 :    Cece_v2.0  -  V7P3RAI_v1.0

PGN-File: C:\Program Files (x86)\Arena\Tournaments\Engine Battle 20250811_2.pgn

No:  B/W 1/2     W:B       1:2           Time        Value Moves Dep 1:2       1-2-Draws
  10 W 2    3.0:2.0        7.0:3.0       9:54:07 AM     0.00    17 0:0 5-1-4

--------------------------------------------------------------

Engine-Match Tuesday, August 12, 2025 9:54:13 AM
 Blitz 2/1 

Pairing 1/8 :    Cece_v2.0  -  Cecilia_v0.1

PGN-File: C:\Program Files (x86)\Arena\Tournaments\Engine Battle 20250811_2.pgn

No:  B/W 1/2     W:B       1:2           Time        Value Moves Dep 1:2       1-2-Draws
  11 = =    3.5:3.5        7.5:3.5       9:56:38 AM     0.00    50 0:0 4-0-7

--------------------------------------------------------------

Engine-Match Tuesday, August 12, 2025 9:56:40 AM
 Blitz 2/1 

Pairing 2/8 :    Cece_v2.0  -  Cecilia_v0.2

PGN-File: C:\Program Files (x86)\Arena\Tournaments\Engine Battle 20250811_2.pgn

No:  B/W 1/2     W:B       1:2           Time        Value Moves Dep 1:2       1-2-Draws
  11 W 1    1.5:0.5        10.5:0.5      9:58:16 AM     0.00    28 0:0 10-0-1

--------------------------------------------------------------

Engine-Match Tuesday, August 12, 2025 9:58:18 AM
 Blitz 2/1 

Pairing 3/8 :    Cece_v2.0  -  Cecilia_v0.3

PGN-File: C:\Program Files (x86)\Arena\Tournaments\Engine Battle 20250811_2.pgn

No:  B/W 1/2     W:B       1:2           Time        Value Moves Dep 1:2       1-2-Draws
  11 = =    2.0:2.0        8.0:3.0       10:00:43 AM     0.00    50 0:0 6-1-4

--------------------------------------------------------------

Engine-Match Tuesday, August 12, 2025 10:00:44 AM
 Blitz 2/1 

Pairing 4/8 :    Cece_v2.0  -  Copycat_v1.0

PGN-File: C:\Program Files (x86)\Arena\Tournaments\Engine Battle 20250811_2.pgn

No:  B/W 1/2     W:B       1:2           Time        Value Moves Dep 1:2       1-2-Draws
  11 = =    3.0:3.0        8.0:3.0       10:04:33 AM     0.00    38 0:0 5-0-6

--------------------------------------------------------------

Engine-Match Tuesday, August 12, 2025 10:04:35 AM
 Blitz 2/1 

Pairing 5/8 :    Cece_v2.0  -  Random_Opponent

PGN-File: C:\Program Files (x86)\Arena\Tournaments\Engine Battle 20250811_2.pgn

No:  B/W 1/2     W:B       1:2           Time        Value Moves Dep 1:2       1-2-Draws
  11 W 1    1.5:0.5        10.5:0.5      10:05:33 AM     0.00    15 0:0 10-0-1

--------------------------------------------------------------

Engine-Match Tuesday, August 12, 2025 10:05:34 AM
 Blitz 2/1 

Pairing 6/8 :    Cece_v2.0  -  Slowmate_v1.0

PGN-File: C:\Program Files (x86)\Arena\Tournaments\Engine Battle 20250811_2.pgn

No:  B/W 1/2     W:B       1:2           Time        Value Moves Dep 1:2       1-2-Draws
  11 B 2    2.0:1.0        1.0:10.0      10:06:31 AM     0.00    12 0:0 0-9-2

--------------------------------------------------------------

Engine-Match Tuesday, August 12, 2025 10:06:33 AM
 Blitz 2/1 

Pairing 7/8 :    Cece_v2.0  -  Stockfish 1%

PGN-File: C:\Program Files (x86)\Arena\Tournaments\Engine Battle 20250811_2.pgn

No:  B/W 1/2     W:B       1:2           Time        Value Moves Dep 1:2       1-2-Draws
  11 B 2    1.0:0.0        0.0:11.0      10:07:42 AM      -M1    18 0:12.400  0-11-0

--------------------------------------------------------------

Engine-Match Tuesday, August 12, 2025 10:07:44 AM
 Blitz 2/1 

Pairing 8/8 :    Cece_v2.0  -  V7P3RAI_v1.0

PGN-File: C:\Program Files (x86)\Arena\Tournaments\Engine Battle 20250811_2.pgn

No:  B/W 1/2     W:B       1:2           Time        Value Moves Dep 1:2       1-2-Draws
  11 W 1    3.0:2.0        8.0:3.0       10:08:12 AM     0.00     6 0:0 6-1-4

--------------------------------------------------------------

Engine-Match Tuesday, August 12, 2025 10:08:13 AM
 Blitz 2/1 

Pairing 1/8 :    Cece_v2.0  -  Cecilia_v0.1

PGN-File: C:\Program Files (x86)\Arena\Tournaments\Engine Battle 20250811_2.pgn

No:  B/W 1/2     W:B       1:2           Time        Value Moves Dep 1:2       1-2-Draws
  12 B 1    4.5:3.5        8.5:3.5       10:08:59 AM     0.00    11 0:0 5-0-7

--------------------------------------------------------------

Engine-Match Tuesday, August 12, 2025 10:09:00 AM
 Blitz 2/1 

Pairing 2/8 :    Cece_v2.0  -  Cecilia_v0.2

PGN-File: C:\Program Files (x86)\Arena\Tournaments\Engine Battle 20250811_2.pgn

No:  B/W 1/2     W:B       1:2           Time        Value Moves Dep 1:2       1-2-Draws
  12 B 1    1.5:0.5        11.5:0.5      10:09:53 AM     0.00    13 0:0 11-0-1

--------------------------------------------------------------

Engine-Match Tuesday, August 12, 2025 10:09:54 AM
 Blitz 2/1 

Pairing 3/8 :    Cece_v2.0  -  Cecilia_v0.3

PGN-File: C:\Program Files (x86)\Arena\Tournaments\Engine Battle 20250811_2.pgn

No:  B/W 1/2     W:B       1:2           Time        Value Moves Dep 1:2       1-2-Draws
  12 B 1    3.0:2.0        9.0:3.0       10:10:36 AM     0.00    10 0:0 7-1-4

--------------------------------------------------------------

Engine-Match Tuesday, August 12, 2025 10:10:38 AM
 Blitz 2/1 

Pairing 4/8 :    Cece_v2.0  -  Copycat_v1.0

PGN-File: C:\Program Files (x86)\Arena\Tournaments\Engine Battle 20250811_2.pgn

No:  B/W 1/2     W:B       1:2           Time        Value Moves Dep 1:2       1-2-Draws
  12 = =    3.5:3.5        8.5:3.5       10:14:27 AM     0.00    38 0:0 5-0-7

--------------------------------------------------------------

Engine-Match Tuesday, August 12, 2025 10:14:28 AM
 Blitz 2/1 

Pairing 5/8 :    Cece_v2.0  -  Random_Opponent

PGN-File: C:\Program Files (x86)\Arena\Tournaments\Engine Battle 20250811_2.pgn

No:  B/W 1/2     W:B       1:2           Time        Value Moves Dep 1:2       1-2-Draws
  12 B 1    1.5:0.5        11.5:0.5      10:15:13 AM     0.00    11 0:0 11-0-1

--------------------------------------------------------------

Engine-Match Tuesday, August 12, 2025 10:15:15 AM
 Blitz 2/1 

Pairing 6/8 :    Cece_v2.0  -  Slowmate_v1.0

PGN-File: C:\Program Files (x86)\Arena\Tournaments\Engine Battle 20250811_2.pgn

No:  B/W 1/2     W:B       1:2           Time        Value Moves Dep 1:2       1-2-Draws
  12 W 2    2.0:1.0        1.0:11.0      10:16:01 AM     0.00    10 0:0 0-10-2

--------------------------------------------------------------

Engine-Match Tuesday, August 12, 2025 10:16:02 AM
 Blitz 2/1 

Pairing 7/8 :    Cece_v2.0  -  Stockfish 1%

PGN-File: C:\Program Files (x86)\Arena\Tournaments\Engine Battle 20250811_2.pgn

No:  B/W 1/2     W:B       1:2           Time        Value Moves Dep 1:2       1-2-Draws
  12 W 2    1.0:0.0        0.0:12.0      10:17:26 AM    +9.65    23 0:12.167  0-12-0

--------------------------------------------------------------

Engine-Match Tuesday, August 12, 2025 10:17:28 AM
 Blitz 2/1 

Pairing 8/8 :    Cece_v2.0  -  V7P3RAI_v1.0

PGN-File: C:\Program Files (x86)\Arena\Tournaments\Engine Battle 20250811_2.pgn

No:  B/W 1/2     W:B       1:2           Time        Value Moves Dep 1:2       1-2-Draws
  12 W 2    3.0:2.0        8.0:4.0       10:19:03 AM     0.00    27 0:0 6-2-4

--------------------------------------------------------------

Engine-Match Tuesday, August 12, 2025 10:19:04 AM
 Blitz 2/1 

Pairing 1/8 :    Cece_v2.0  -  Cecilia_v0.1

PGN-File: C:\Program Files (x86)\Arena\Tournaments\Engine Battle 20250811_2.pgn

No:  B/W 1/2     W:B       1:2           Time        Value Moves Dep 1:2       1-2-Draws
  13 W 1    4.5:3.5        9.5:3.5       10:21:04 AM     0.00    38 0:0 6-0-7

--------------------------------------------------------------

Engine-Match Tuesday, August 12, 2025 10:21:05 AM
 Blitz 2/1 

Pairing 2/8 :    Cece_v2.0  -  Cecilia_v0.2

PGN-File: C:\Program Files (x86)\Arena\Tournaments\Engine Battle 20250811_2.pgn

No:  B/W 1/2     W:B       1:2           Time        Value Moves Dep 1:2       1-2-Draws
  13 = =    1.0:1.0        12.0:1.0      10:23:29 AM     0.00    49 0:0 11-0-2

--------------------------------------------------------------

Engine-Match Tuesday, August 12, 2025 10:23:30 AM
 Blitz 2/1 

Pairing 3/8 :    Cece_v2.0  -  Cecilia_v0.3

PGN-File: C:\Program Files (x86)\Arena\Tournaments\Engine Battle 20250811_2.pgn

No:  B/W 1/2     W:B       1:2           Time        Value Moves Dep 1:2       1-2-Draws
  13 W 1    3.0:2.0        10.0:3.0      10:24:53 AM     0.00    23 0:0 8-1-4

--------------------------------------------------------------

Engine-Match Tuesday, August 12, 2025 10:24:54 AM
 Blitz 2/1 

Pairing 4/8 :    Cece_v2.0  -  Copycat_v1.0

PGN-File: C:\Program Files (x86)\Arena\Tournaments\Engine Battle 20250811_2.pgn

No:  B/W 1/2     W:B       1:2           Time        Value Moves Dep 1:2       1-2-Draws
  13 W 1    4.5:3.5        9.5:3.5       10:29:44 AM     0.00    50 0:0 6-0-7

--------------------------------------------------------------

Engine-Match Tuesday, August 12, 2025 10:29:50 AM
 Blitz 2/1 

Pairing 5/8 :    Cece_v2.0  -  Random_Opponent

PGN-File: C:\Program Files (x86)\Arena\Tournaments\Engine Battle 20250811_2.pgn

No:  B/W 1/2     W:B       1:2           Time        Value Moves Dep 1:2       1-2-Draws
  13 = =    1.0:1.0        12.0:1.0      10:32:01 AM     0.00    43 0:0 11-0-2

--------------------------------------------------------------

Engine-Match Tuesday, August 12, 2025 10:32:02 AM
 Blitz 2/1 

Pairing 6/8 :    Cece_v2.0  -  Slowmate_v1.0

PGN-File: C:\Program Files (x86)\Arena\Tournaments\Engine Battle 20250811_2.pgn

No:  B/W 1/2     W:B       1:2           Time        Value Moves Dep 1:2       1-2-Draws
  13 B 2    2.0:1.0        1.0:12.0      10:34:14 AM     0.00    36 0:0 0-11-2

--------------------------------------------------------------

Engine-Match Tuesday, August 12, 2025 10:34:15 AM
 Blitz 2/1 

Pairing 7/8 :    Cece_v2.0  -  Stockfish 1%

PGN-File: C:\Program Files (x86)\Arena\Tournaments\Engine Battle 20250811_2.pgn

No:  B/W 1/2     W:B       1:2           Time        Value Moves Dep 1:2       1-2-Draws
  13 B 2    1.0:0.0        0.0:13.0      10:35:30 AM      -M1    20 0:12.667  0-13-0

--------------------------------------------------------------

Engine-Match Tuesday, August 12, 2025 10:35:32 AM
 Blitz 2/1 

Pairing 8/8 :    Cece_v2.0  -  V7P3RAI_v1.0

PGN-File: C:\Program Files (x86)\Arena\Tournaments\Engine Battle 20250811_2.pgn

No:  B/W 1/2     W:B       1:2           Time        Value Moves Dep 1:2       1-2-Draws
  13 W 1    3.0:2.0        9.0:4.0       10:36:02 AM     0.00     6 0:0 7-2-4

--------------------------------------------------------------

Engine-Match Tuesday, August 12, 2025 10:36:03 AM
 Blitz 2/1 

Pairing 1/8 :    Cece_v2.0  -  Cecilia_v0.1

PGN-File: C:\Program Files (x86)\Arena\Tournaments\Engine Battle 20250811_2.pgn

No:  B/W 1/2     W:B       1:2           Time        Value Moves Dep 1:2       1-2-Draws
  14 = =    4.0:4.0        10.0:4.0      10:37:15 AM     0.00    19 0:0 6-0-8

--------------------------------------------------------------

Engine-Match Tuesday, August 12, 2025 10:37:16 AM
 Blitz 2/1 

Pairing 2/8 :    Cece_v2.0  -  Cecilia_v0.2

PGN-File: C:\Program Files (x86)\Arena\Tournaments\Engine Battle 20250811_2.pgn

No:  B/W 1/2     W:B       1:2           Time        Value Moves Dep 1:2       1-2-Draws
  14 B 1    2.0:1.0        13.0:1.0      10:38:15 AM     0.00    15 0:0 12-0-2

--------------------------------------------------------------

Engine-Match Tuesday, August 12, 2025 10:38:17 AM
 Blitz 2/1 

Pairing 3/8 :    Cece_v2.0  -  Cecilia_v0.3

PGN-File: C:\Program Files (x86)\Arena\Tournaments\Engine Battle 20250811_2.pgn

No:  B/W 1/2     W:B       1:2           Time        Value Moves Dep 1:2       1-2-Draws
  14 B 1    3.0:2.0        11.0:3.0      10:40:26 AM     0.00    42 0:0 9-1-4

--------------------------------------------------------------

Engine-Match Tuesday, August 12, 2025 10:40:27 AM
 Blitz 2/1 

Pairing 4/8 :    Cece_v2.0  -  Copycat_v1.0

PGN-File: C:\Program Files (x86)\Arena\Tournaments\Engine Battle 20250811_2.pgn

No:  B/W 1/2     W:B       1:2           Time        Value Moves Dep 1:2       1-2-Draws
  14 = =    4.0:4.0        10.0:4.0      10:50:15 AM     0.00   169 0:0 6-0-8

--------------------------------------------------------------

Engine-Match Tuesday, August 12, 2025 10:50:17 AM
 Blitz 2/1 

Pairing 5/8 :    Cece_v2.0  -  Random_Opponent

PGN-File: C:\Program Files (x86)\Arena\Tournaments\Engine Battle 20250811_2.pgn

No:  B/W 1/2     W:B       1:2           Time        Value Moves Dep 1:2       1-2-Draws
  14 B 1    2.0:1.0        13.0:1.0      10:51:12 AM     0.00    14 0:0 12-0-2

--------------------------------------------------------------

Engine-Match Tuesday, August 12, 2025 10:51:14 AM
 Blitz 2/1 

Pairing 6/8 :    Cece_v2.0  -  Slowmate_v1.0

PGN-File: C:\Program Files (x86)\Arena\Tournaments\Engine Battle 20250811_2.pgn

No:  B/W 1/2     W:B       1:2           Time        Value Moves Dep 1:2       1-2-Draws
  14 = =    1.5:1.5        1.5:12.5      10:52:56 AM     0.00    24 0:0 0-11-3

--------------------------------------------------------------

Engine-Match Tuesday, August 12, 2025 10:52:57 AM
 Blitz 2/1 

Pairing 7/8 :    Cece_v2.0  -  Stockfish 1%

PGN-File: C:\Program Files (x86)\Arena\Tournaments\Engine Battle 20250811_2.pgn

No:  B/W 1/2     W:B       1:2           Time        Value Moves Dep 1:2       1-2-Draws
  14 W 2    1.0:0.0        0.0:14.0      10:55:48 AM    +8.77    63 0:12.167  0-14-0

--------------------------------------------------------------

Engine-Match Tuesday, August 12, 2025 10:55:49 AM
 Blitz 2/1 

Pairing 8/8 :    Cece_v2.0  -  V7P3RAI_v1.0

PGN-File: C:\Program Files (x86)\Arena\Tournaments\Engine Battle 20250811_2.pgn

No:  B/W 1/2     W:B       1:2           Time        Value Moves Dep 1:2       1-2-Draws
  14 W 2    3.0:2.0        9.0:5.0       10:57:43 AM     0.00    34 0:0 7-3-4

--------------------------------------------------------------

Engine-Match Tuesday, August 12, 2025 10:57:45 AM
 Blitz 2/1 

Pairing 1/8 :    Cece_v2.0  -  Cecilia_v0.1

PGN-File: C:\Program Files (x86)\Arena\Tournaments\Engine Battle 20250811_2.pgn

No:  B/W 1/2     W:B       1:2           Time        Value Moves Dep 1:2       1-2-Draws
  15 = =    4.5:4.5        10.5:4.5      10:59:21 AM     0.00    28 0:0 6-0-9

--------------------------------------------------------------

Engine-Match Tuesday, August 12, 2025 10:59:22 AM
 Blitz 2/1 

Pairing 2/8 :    Cece_v2.0  -  Cecilia_v0.2

PGN-File: C:\Program Files (x86)\Arena\Tournaments\Engine Battle 20250811_2.pgn

No:  B/W 1/2     W:B       1:2           Time        Value Moves Dep 1:2       1-2-Draws
  15 W 1    2.0:1.0        14.0:1.0      11:01:53 AM     0.00    53 0:0 13-0-2

--------------------------------------------------------------

Engine-Match Tuesday, August 12, 2025 11:01:55 AM
 Blitz 2/1 

Pairing 3/8 :    Cece_v2.0  -  Cecilia_v0.3

PGN-File: C:\Program Files (x86)\Arena\Tournaments\Engine Battle 20250811_2.pgn

No:  B/W 1/2     W:B       1:2           Time        Value Moves Dep 1:2       1-2-Draws
  15 W 1    3.0:2.0        12.0:3.0      11:02:57 AM     0.00    16 0:0 10-1-4

--------------------------------------------------------------

Engine-Match Tuesday, August 12, 2025 11:02:58 AM
 Blitz 2/1 

Pairing 4/8 :    Cece_v2.0  -  Copycat_v1.0

PGN-File: C:\Program Files (x86)\Arena\Tournaments\Engine Battle 20250811_2.pgn

No:  B/W 1/2     W:B       1:2           Time        Value Moves Dep 1:2       1-2-Draws
  15 W 1    5.0:4.0        11.0:4.0      11:05:26 AM     0.00    25 0:0 7-0-8

--------------------------------------------------------------

Engine-Match Tuesday, August 12, 2025 11:05:28 AM
 Blitz 2/1 

Pairing 5/8 :    Cece_v2.0  -  Random_Opponent

PGN-File: C:\Program Files (x86)\Arena\Tournaments\Engine Battle 20250811_2.pgn

No:  B/W 1/2     W:B       1:2           Time        Value Moves Dep 1:2       1-2-Draws
  15 W 1    2.0:1.0        14.0:1.0      11:07:16 AM     0.00    33 0:0 13-0-2

--------------------------------------------------------------

Engine-Match Tuesday, August 12, 2025 11:07:17 AM
 Blitz 2/1 

Pairing 6/8 :    Cece_v2.0  -  Slowmate_v1.0

PGN-File: C:\Program Files (x86)\Arena\Tournaments\Engine Battle 20250811_2.pgn

No:  B/W 1/2     W:B       1:2           Time        Value Moves Dep 1:2       1-2-Draws
  15 B 2    2.5:1.5        1.5:13.5      11:08:38 AM     0.00    19 0:0 0-12-3

--------------------------------------------------------------

Engine-Match Tuesday, August 12, 2025 11:08:39 AM
 Blitz 2/1 

Pairing 7/8 :    Cece_v2.0  -  Stockfish 1%

PGN-File: C:\Program Files (x86)\Arena\Tournaments\Engine Battle 20250811_2.pgn

No:  B/W 1/2     W:B       1:2           Time        Value Moves Dep 1:2       1-2-Draws
  15 B 2    1.0:0.0        0.0:15.0      11:10:52 AM      -M1    43 0:12.167  0-15-0

--------------------------------------------------------------

Engine-Match Tuesday, August 12, 2025 11:10:53 AM
 Blitz 2/1 

Pairing 8/8 :    Cece_v2.0  -  V7P3RAI_v1.0

PGN-File: C:\Program Files (x86)\Arena\Tournaments\Engine Battle 20250811_2.pgn

No:  B/W 1/2     W:B       1:2           Time        Value Moves Dep 1:2       1-2-Draws
  15 W 1    3.0:2.0        10.0:5.0      11:11:23 AM     0.00     6 0:0 8-3-4

--------------------------------------------------------------

Engine-Match Tuesday, August 12, 2025 11:11:29 AM
 Blitz 2/1 

Pairing 1/8 :    Cece_v2.0  -  Cecilia_v0.1

PGN-File: C:\Program Files (x86)\Arena\Tournaments\Engine Battle 20250811_2.pgn

No:  B/W 1/2     W:B       1:2           Time        Value Moves Dep 1:2       1-2-Draws
  16 = =    5.0:5.0        11.0:5.0      11:14:02 AM     0.00    54 0:0 6-0-10

--------------------------------------------------------------

Engine-Match Tuesday, August 12, 2025 11:14:03 AM
 Blitz 2/1 

Pairing 2/8 :    Cece_v2.0  -  Cecilia_v0.2

PGN-File: C:\Program Files (x86)\Arena\Tournaments\Engine Battle 20250811_2.pgn

No:  B/W 1/2     W:B       1:2           Time        Value Moves Dep 1:2       1-2-Draws
  16 B 1    2.0:1.0        15.0:1.0      11:14:56 AM     0.00    13 0:0 14-0-2

--------------------------------------------------------------

Engine-Match Tuesday, August 12, 2025 11:14:57 AM
 Blitz 2/1 

Pairing 3/8 :    Cece_v2.0  -  Cecilia_v0.3

PGN-File: C:\Program Files (x86)\Arena\Tournaments\Engine Battle 20250811_2.pgn

No:  B/W 1/2     W:B       1:2           Time        Value Moves Dep 1:2       1-2-Draws
  16 B 1    3.0:2.0        13.0:3.0      11:15:50 AM     0.00    13 0:0 11-1-4

--------------------------------------------------------------

Engine-Match Tuesday, August 12, 2025 11:15:51 AM
 Blitz 2/1 

Pairing 4/8 :    Cece_v2.0  -  Copycat_v1.0

PGN-File: C:\Program Files (x86)\Arena\Tournaments\Engine Battle 20250811_2.pgn

No:  B/W 1/2     W:B       1:2           Time        Value Moves Dep 1:2       1-2-Draws
  16 B 1    5.0:4.0        12.0:4.0      11:18:12 AM     0.00    21 0:0 8-0-8

--------------------------------------------------------------

Engine-Match Tuesday, August 12, 2025 11:18:14 AM
 Blitz 2/1 

Pairing 5/8 :    Cece_v2.0  -  Random_Opponent

PGN-File: C:\Program Files (x86)\Arena\Tournaments\Engine Battle 20250811_2.pgn

No:  B/W 1/2     W:B       1:2           Time        Value Moves Dep 1:2       1-2-Draws
  16 B 1    2.0:1.0        15.0:1.0      11:20:04 AM     0.00    34 0:0 14-0-2

--------------------------------------------------------------

Engine-Match Tuesday, August 12, 2025 11:20:06 AM
 Blitz 2/1 

Pairing 6/8 :    Cece_v2.0  -  Slowmate_v1.0

PGN-File: C:\Program Files (x86)\Arena\Tournaments\Engine Battle 20250811_2.pgn

No:  B/W 1/2     W:B       1:2           Time        Value Moves Dep 1:2       1-2-Draws
  16 W 2    2.5:1.5        1.5:14.5      11:22:29 AM     0.00    43 0:0 0-13-3

--------------------------------------------------------------

Engine-Match Tuesday, August 12, 2025 11:22:30 AM
 Blitz 2/1 

Pairing 7/8 :    Cece_v2.0  -  Stockfish 1%

PGN-File: C:\Program Files (x86)\Arena\Tournaments\Engine Battle 20250811_2.pgn

No:  B/W 1/2     W:B       1:2           Time        Value Moves Dep 1:2       1-2-Draws
  16 W 2    1.0:0.0        0.0:16.0      11:23:09 AM      +M1    10 0:11.500  0-16-0

--------------------------------------------------------------

Engine-Match Tuesday, August 12, 2025 11:23:11 AM
 Blitz 2/1 

Pairing 8/8 :    Cece_v2.0  -  V7P3RAI_v1.0

PGN-File: C:\Program Files (x86)\Arena\Tournaments\Engine Battle 20250811_2.pgn

No:  B/W 1/2     W:B       1:2           Time        Value Moves Dep 1:2       1-2-Draws
  16 = =    2.5:2.5        10.5:5.5      11:25:24 AM     0.00    43 0:0 8-3-5

--------------------------------------------------------------

Engine-Match Tuesday, August 12, 2025 11:25:26 AM
 Blitz 2/1 

Pairing 1/8 :    Cece_v2.0  -  Cecilia_v0.1

PGN-File: C:\Program Files (x86)\Arena\Tournaments\Engine Battle 20250811_2.pgn

No:  B/W 1/2     W:B       1:2           Time        Value Moves Dep 1:2       1-2-Draws
  17 = =    5.5:5.5        11.5:5.5      11:26:40 AM     0.00    20 0:0 6-0-11

--------------------------------------------------------------

Engine-Match Tuesday, August 12, 2025 11:26:42 AM
 Blitz 2/1 

Pairing 2/8 :    Cece_v2.0  -  Cecilia_v0.2

PGN-File: C:\Program Files (x86)\Arena\Tournaments\Engine Battle 20250811_2.pgn

No:  B/W 1/2     W:B       1:2           Time        Value Moves Dep 1:2       1-2-Draws
  17 W 1    2.0:1.0        16.0:1.0      11:28:39 AM     0.00    37 0:0 15-0-2

--------------------------------------------------------------

Engine-Match Tuesday, August 12, 2025 11:28:41 AM
 Blitz 2/1 

Pairing 3/8 :    Cece_v2.0  -  Cecilia_v0.3

PGN-File: C:\Program Files (x86)\Arena\Tournaments\Engine Battle 20250811_2.pgn

No:  B/W 1/2     W:B       1:2           Time        Value Moves Dep 1:2       1-2-Draws
  17 W 1    3.0:2.0        14.0:3.0      11:31:10 AM     0.00    52 0:0 12-1-4

--------------------------------------------------------------

Engine-Match Tuesday, August 12, 2025 11:31:11 AM
 Blitz 2/1 

Pairing 4/8 :    Cece_v2.0  -  Copycat_v1.0

PGN-File: C:\Program Files (x86)\Arena\Tournaments\Engine Battle 20250811_2.pgn

No:  B/W 1/2     W:B       1:2           Time        Value Moves Dep 1:2       1-2-Draws
  17 W 1    5.0:4.0        13.0:4.0      11:35:22 AM     0.00    40 0:0 9-0-8

--------------------------------------------------------------

Engine-Match Tuesday, August 12, 2025 11:35:23 AM
 Blitz 2/1 

Pairing 5/8 :    Cece_v2.0  -  Random_Opponent

PGN-File: C:\Program Files (x86)\Arena\Tournaments\Engine Battle 20250811_2.pgn

No:  B/W 1/2     W:B       1:2           Time        Value Moves Dep 1:2       1-2-Draws
  17 W 1    2.0:1.0        16.0:1.0      11:36:43 AM     0.00    22 0:0 15-0-2

--------------------------------------------------------------

Engine-Match Tuesday, August 12, 2025 11:36:44 AM
 Blitz 2/1 

Pairing 6/8 :    Cece_v2.0  -  Slowmate_v1.0

PGN-File: C:\Program Files (x86)\Arena\Tournaments\Engine Battle 20250811_2.pgn

No:  B/W 1/2     W:B       1:2           Time        Value Moves Dep 1:2       1-2-Draws
  17 B 2    2.5:1.5        1.5:15.5      11:38:53 AM     0.00    34 0:0 0-14-3

--------------------------------------------------------------

Engine-Match Tuesday, August 12, 2025 11:38:55 AM
 Blitz 2/1 

Pairing 7/8 :    Cece_v2.0  -  Stockfish 1%

PGN-File: C:\Program Files (x86)\Arena\Tournaments\Engine Battle 20250811_2.pgn

No:  B/W 1/2     W:B       1:2           Time        Value Moves Dep 1:2       1-2-Draws
  17 B 2    1.0:0.0        0.0:17.0      11:42:50 AM      -M1   105 0:12.800  0-17-0

--------------------------------------------------------------

Engine-Match Tuesday, August 12, 2025 11:42:52 AM
 Blitz 2/1 

Pairing 8/8 :    Cece_v2.0  -  V7P3RAI_v1.0

PGN-File: C:\Program Files (x86)\Arena\Tournaments\Engine Battle 20250811_2.pgn

No:  B/W 1/2     W:B       1:2           Time        Value Moves Dep 1:2       1-2-Draws
  17 W 1    3.5:2.5        11.5:5.5      11:43:21 AM     0.00     6 0:0 9-3-5

--------------------------------------------------------------

Engine-Match Tuesday, August 12, 2025 11:43:22 AM
 Blitz 2/1 

Pairing 1/8 :    Cece_v2.0  -  Cecilia_v0.1

PGN-File: C:\Program Files (x86)\Arena\Tournaments\Engine Battle 20250811_2.pgn

No:  B/W 1/2     W:B       1:2           Time        Value Moves Dep 1:2       1-2-Draws
  18 B 1    6.5:5.5        12.5:5.5      11:44:04 AM     0.00    10 0:0 7-0-11

--------------------------------------------------------------

Engine-Match Tuesday, August 12, 2025 11:44:06 AM
 Blitz 2/1 

Pairing 2/8 :    Cece_v2.0  -  Cecilia_v0.2

PGN-File: C:\Program Files (x86)\Arena\Tournaments\Engine Battle 20250811_2.pgn

No:  B/W 1/2     W:B       1:2           Time        Value Moves Dep 1:2       1-2-Draws
  18 B 1    2.0:1.0        17.0:1.0      11:44:48 AM     0.00    10 0:0 16-0-2

--------------------------------------------------------------

Engine-Match Tuesday, August 12, 2025 11:44:49 AM
 Blitz 2/1 

Pairing 3/8 :    Cece_v2.0  -  Cecilia_v0.3

PGN-File: C:\Program Files (x86)\Arena\Tournaments\Engine Battle 20250811_2.pgn

No:  B/W 1/2     W:B       1:2           Time        Value Moves Dep 1:2       1-2-Draws
  18 = =    2.5:2.5        14.5:3.5      11:48:05 AM     0.00    80 0:0 12-1-5

--------------------------------------------------------------

Engine-Match Tuesday, August 12, 2025 11:48:07 AM
 Blitz 2/1 

Pairing 4/8 :    Cece_v2.0  -  Copycat_v1.0

PGN-File: C:\Program Files (x86)\Arena\Tournaments\Engine Battle 20250811_2.pgn

No:  B/W 1/2     W:B       1:2           Time        Value Moves Dep 1:2       1-2-Draws
  18 B 1    5.0:4.0        14.0:4.0      11:49:43 AM     0.00    18 0:0 10-0-8

--------------------------------------------------------------

Engine-Match Tuesday, August 12, 2025 11:49:49 AM
 Blitz 2/1 

Pairing 5/8 :    Cece_v2.0  -  Random_Opponent

PGN-File: C:\Program Files (x86)\Arena\Tournaments\Engine Battle 20250811_2.pgn

No:  B/W 1/2     W:B       1:2           Time        Value Moves Dep 1:2       1-2-Draws
  18 = =    1.5:1.5        16.5:1.5      11:52:19 AM     0.00    53 0:0 15-0-3

--------------------------------------------------------------

Engine-Match Tuesday, August 12, 2025 11:52:21 AM
 Blitz 2/1 

Pairing 6/8 :    Cece_v2.0  -  Slowmate_v1.0

PGN-File: C:\Program Files (x86)\Arena\Tournaments\Engine Battle 20250811_2.pgn

No:  B/W 1/2     W:B       1:2           Time        Value Moves Dep 1:2       1-2-Draws
  18 = =    2.0:2.0        2.0:16.0      11:54:07 AM     0.00    27 0:0 0-14-4

--------------------------------------------------------------

Engine-Match Tuesday, August 12, 2025 11:54:08 AM
 Blitz 2/1 

Pairing 7/8 :    Cece_v2.0  -  Stockfish 1%

PGN-File: C:\Program Files (x86)\Arena\Tournaments\Engine Battle 20250811_2.pgn

No:  B/W 1/2     W:B       1:2           Time        Value Moves Dep 1:2       1-2-Draws
  18 W 2    1.0:0.0        0.0:18.0      11:56:06 AM      +M1    37 0:11.833  0-18-0

--------------------------------------------------------------

Engine-Match Tuesday, August 12, 2025 11:56:07 AM
 Blitz 2/1 

Pairing 8/8 :    Cece_v2.0  -  V7P3RAI_v1.0

PGN-File: C:\Program Files (x86)\Arena\Tournaments\Engine Battle 20250811_2.pgn

No:  B/W 1/2     W:B       1:2           Time        Value Moves Dep 1:2       1-2-Draws
  18 W 2    3.5:2.5        11.5:6.5      11:57:40 AM     0.00    26 0:0 9-4-5

--------------------------------------------------------------

Engine-Match Tuesday, August 12, 2025 11:57:41 AM
 Blitz 2/1 

Pairing 1/8 :    Cece_v2.0  -  Cecilia_v0.1

PGN-File: C:\Program Files (x86)\Arena\Tournaments\Engine Battle 20250811_2.pgn

No:  B/W 1/2     W:B       1:2           Time        Value Moves Dep 1:2       1-2-Draws
  19 W 1    6.5:5.5        13.5:5.5      12:00:23 PM     0.00    59 0:0 8-0-11

--------------------------------------------------------------

Engine-Match Tuesday, August 12, 2025 12:00:24 PM
 Blitz 2/1 

Pairing 2/8 :    Cece_v2.0  -  Cecilia_v0.2

PGN-File: C:\Program Files (x86)\Arena\Tournaments\Engine Battle 20250811_2.pgn

No:  B/W 1/2     W:B       1:2           Time        Value Moves Dep 1:2       1-2-Draws
  19 W 1    2.0:1.0        18.0:1.0      12:03:16 PM     0.00    65 0:0 17-0-2

--------------------------------------------------------------

Engine-Match Tuesday, August 12, 2025 12:03:18 PM
 Blitz 2/1 

Pairing 3/8 :    Cece_v2.0  -  Cecilia_v0.3

PGN-File: C:\Program Files (x86)\Arena\Tournaments\Engine Battle 20250811_2.pgn

No:  B/W 1/2     W:B       1:2           Time        Value Moves Dep 1:2       1-2-Draws
  19 = =    3.0:3.0        15.0:4.0      12:05:41 PM     0.00    49 0:0 12-1-6

--------------------------------------------------------------

Engine-Match Tuesday, August 12, 2025 12:05:42 PM
 Blitz 2/1 

Pairing 4/8 :    Cece_v2.0  -  Copycat_v1.0

PGN-File: C:\Program Files (x86)\Arena\Tournaments\Engine Battle 20250811_2.pgn

No:  B/W 1/2     W:B       1:2           Time        Value Moves Dep 1:2       1-2-Draws
  19 W 1    5.0:4.0        15.0:4.0      12:09:27 PM     0.00    35 0:0 11-0-8

--------------------------------------------------------------

Engine-Match Tuesday, August 12, 2025 12:09:28 PM
 Blitz 2/1 

Pairing 5/8 :    Cece_v2.0  -  Random_Opponent

PGN-File: C:\Program Files (x86)\Arena\Tournaments\Engine Battle 20250811_2.pgn

No:  B/W 1/2     W:B       1:2           Time        Value Moves Dep 1:2       1-2-Draws
  19 W 1    2.5:1.5        17.5:1.5      12:10:24 PM     0.00    14 0:0 16-0-3

--------------------------------------------------------------

Engine-Match Tuesday, August 12, 2025 12:10:25 PM
 Blitz 2/1 

Pairing 6/8 :    Cece_v2.0  -  Slowmate_v1.0

PGN-File: C:\Program Files (x86)\Arena\Tournaments\Engine Battle 20250811_2.pgn

No:  B/W 1/2     W:B       1:2           Time        Value Moves Dep 1:2       1-2-Draws
  19 B 2    3.0:2.0        2.0:17.0      12:11:41 PM     0.00    17 0:0 0-15-4

--------------------------------------------------------------

Engine-Match Tuesday, August 12, 2025 12:11:43 PM
 Blitz 2/1 

Pairing 7/8 :    Cece_v2.0  -  Stockfish 1%

PGN-File: C:\Program Files (x86)\Arena\Tournaments\Engine Battle 20250811_2.pgn

No:  B/W 1/2     W:B       1:2           Time        Value Moves Dep 1:2       1-2-Draws
  19 B 2    1.0:0.0        0.0:19.0      12:13:38 PM      -M1    35 0:13.600  0-19-0

--------------------------------------------------------------

Engine-Match Tuesday, August 12, 2025 12:13:39 PM
 Blitz 2/1 

Pairing 8/8 :    Cece_v2.0  -  V7P3RAI_v1.0

PGN-File: C:\Program Files (x86)\Arena\Tournaments\Engine Battle 20250811_2.pgn

No:  B/W 1/2     W:B       1:2           Time        Value Moves Dep 1:2       1-2-Draws
  19 W 1    3.5:2.5        12.5:6.5      12:14:08 PM     0.00     6 0:0 10-4-5

--------------------------------------------------------------

Engine-Match Tuesday, August 12, 2025 12:14:10 PM
 Blitz 2/1 

Pairing 1/8 :    Cece_v2.0  -  Cecilia_v0.1

PGN-File: C:\Program Files (x86)\Arena\Tournaments\Engine Battle 20250811_2.pgn

No:  B/W 1/2     W:B       1:2           Time        Value Moves Dep 1:2       1-2-Draws
  20 B 1    6.5:5.5        14.5:5.5      12:16:06 PM     0.00    36 0:0 9-0-11

--------------------------------------------------------------

Engine-Match Tuesday, August 12, 2025 12:16:07 PM
 Blitz 2/1 

Pairing 2/8 :    Cece_v2.0  -  Cecilia_v0.2

PGN-File: C:\Program Files (x86)\Arena\Tournaments\Engine Battle 20250811_2.pgn

No:  B/W 1/2     W:B       1:2           Time        Value Moves Dep 1:2       1-2-Draws
  20 B 1    2.0:1.0        19.0:1.0      12:16:53 PM     0.00    11 0:0 18-0-2

--------------------------------------------------------------

Engine-Match Tuesday, August 12, 2025 12:16:54 PM
 Blitz 2/1 

Pairing 3/8 :    Cece_v2.0  -  Cecilia_v0.3

PGN-File: C:\Program Files (x86)\Arena\Tournaments\Engine Battle 20250811_2.pgn

No:  B/W 1/2     W:B       1:2           Time        Value Moves Dep 1:2       1-2-Draws
  20 = =    3.5:3.5        15.5:4.5      12:18:17 PM     0.00    23 0:0 12-1-7

--------------------------------------------------------------

Engine-Match Tuesday, August 12, 2025 12:18:19 PM
 Blitz 2/1 

Pairing 4/8 :    Cece_v2.0  -  Copycat_v1.0

PGN-File: C:\Program Files (x86)\Arena\Tournaments\Engine Battle 20250811_2.pgn

No:  B/W 1/2     W:B       1:2           Time        Value Moves Dep 1:2       1-2-Draws
  20 = =    4.5:4.5        15.5:4.5      12:22:50 PM     0.00    46 0:0 11-0-9

--------------------------------------------------------------

Engine-Match Tuesday, August 12, 2025 12:22:51 PM
 Blitz 2/1 

Pairing 5/8 :    Cece_v2.0  -  Random_Opponent

PGN-File: C:\Program Files (x86)\Arena\Tournaments\Engine Battle 20250811_2.pgn

No:  B/W 1/2     W:B       1:2           Time        Value Moves Dep 1:2       1-2-Draws
  20 B 1    2.5:1.5        18.5:1.5      12:24:33 PM     0.00    30 0:0 17-0-3

--------------------------------------------------------------

Engine-Match Tuesday, August 12, 2025 12:24:34 PM
 Blitz 2/1 

Pairing 6/8 :    Cece_v2.0  -  Slowmate_v1.0

PGN-File: C:\Program Files (x86)\Arena\Tournaments\Engine Battle 20250811_2.pgn

No:  B/W 1/2     W:B       1:2           Time        Value Moves Dep 1:2       1-2-Draws
  20 = =    2.5:2.5        2.5:17.5      12:26:02 PM     0.00    19 0:0 0-15-5

--------------------------------------------------------------

Engine-Match Tuesday, August 12, 2025 12:26:04 PM
 Blitz 2/1 

Pairing 7/8 :    Cece_v2.0  -  Stockfish 1%

PGN-File: C:\Program Files (x86)\Arena\Tournaments\Engine Battle 20250811_2.pgn

No:  B/W 1/2     W:B       1:2           Time        Value Moves Dep 1:2       1-2-Draws
  20 W 2    1.0:0.0        0.0:20.0      12:28:21 PM      +M1    46 0:12.167  0-20-0

--------------------------------------------------------------

Engine-Match Tuesday, August 12, 2025 12:28:22 PM
 Blitz 2/1 

Pairing 8/8 :    Cece_v2.0  -  V7P3RAI_v1.0

PGN-File: C:\Program Files (x86)\Arena\Tournaments\Engine Battle 20250811_2.pgn

No:  B/W 1/2     W:B       1:2           Time        Value Moves Dep 1:2       1-2-Draws
  20 W 2    3.5:2.5        12.5:7.5      12:30:23 PM     0.00    37 0:0 10-5-5
