Engine-Match Tuesday, August 19, 2025 9:49:35 PM
 Blitz 10/5 

Pairing 1/10 :    Slowmate_v1.0  -  C0BR4_v2.0

PGN-File: C:\Program Files (x86)\Arena\Tournaments\Engine Battle Demo PC 20250819.pgn

No:  B/W 1/2     W:B       1:2           Time        Value Moves Dep 1:2       1-2-Draws
   1 W 1    1.0:0.0        1.0:0.0       9:49:55 PM     0.00    13 0:4.000  1-0-0

--------------------------------------------------------------

Engine-Match Tuesday, August 19, 2025 9:49:57 PM
 Blitz 10/5 

Pairing 2/10 :    V7P3R_v4.3  -  V7P3R_v4.1

PGN-File: C:\Program Files (x86)\Arena\Tournaments\Engine Battle Demo PC 20250819.pgn

No:  B/W 1/2     W:B       1:2           Time        Value Moves Dep 1:2       1-2-Draws
   1 B 2    1.0:0.0        0.0:1.0       10:02:27 PM     0.00    79 0:0 0-1-0

--------------------------------------------------------------

Engine-Match Tuesday, August 19, 2025 10:02:28 PM
 Blitz 10/5 

Pairing 3/10 :    Cece_v2.0  -  V7P3R_v4.3

PGN-File: C:\Program Files (x86)\Arena\Tournaments\Engine Battle Demo PC 20250819.pgn

No:  B/W 1/2     W:B       1:2           Time        Value Moves Dep 1:2       1-2-Draws
   1 B 2    1.0:0.0        0.0:1.0       10:06:52 PM     0.00    18 0:0 0-1-0

--------------------------------------------------------------

Engine-Match Tuesday, August 19, 2025 10:06:53 PM
 Blitz 10/5 

Pairing 4/10 :    V7P3R_v4.1  -  Slowmate_v1.0

PGN-File: C:\Program Files (x86)\Arena\Tournaments\Engine Battle Demo PC 20250819.pgn

No:  B/W 1/2     W:B       1:2           Time        Value Moves Dep 1:2       1-2-Draws
   1 B 2    1.0:0.0        0.0:1.0       10:12:33 PM     0.00    29 0:0 0-1-0

--------------------------------------------------------------

Engine-Match Tuesday, August 19, 2025 10:12:35 PM
 Blitz 10/5 

Pairing 5/10 :    C0BR4_v2.0  -  V7P3R_v4.1

PGN-File: C:\Program Files (x86)\Arena\Tournaments\Engine Battle Demo PC 20250819.pgn

No:  B/W 1/2     W:B       1:2           Time        Value Moves Dep 1:2       1-2-Draws
   1 B 2    1.0:0.0        0.0:1.0       10:14:49 PM     0.00    13 4.000 :0 0-1-0

--------------------------------------------------------------

Engine-Match Tuesday, August 19, 2025 10:14:50 PM
 Blitz 10/5 

Pairing 6/10 :    Slowmate_v1.0  -  Cece_v2.0

PGN-File: C:\Program Files (x86)\Arena\Tournaments\Engine Battle Demo PC 20250819.pgn

No:  B/W 1/2     W:B       1:2           Time        Value Moves Dep 1:2       1-2-Draws
   1 W 1    1.0:0.0        1.0:0.0       10:18:12 PM     0.00    18 0:0 1-0-0

--------------------------------------------------------------

Engine-Match Tuesday, August 19, 2025 10:18:13 PM
 Blitz 10/5 

Pairing 7/10 :    V7P3R_v4.3  -  Slowmate_v1.0

PGN-File: C:\Program Files (x86)\Arena\Tournaments\Engine Battle Demo PC 20250819.pgn

No:  B/W 1/2     W:B       1:2           Time        Value Moves Dep 1:2       1-2-Draws
   1 = =    0.5:0.5        0.5:0.5       10:19:02 PM     0.00     9 0:0 0-0-1

--------------------------------------------------------------

Engine-Match Tuesday, August 19, 2025 10:19:03 PM
 Blitz 10/5 

Pairing 8/10 :    Cece_v2.0  -  C0BR4_v2.0

PGN-File: C:\Program Files (x86)\Arena\Tournaments\Engine Battle Demo PC 20250819.pgn

No:  B/W 1/2     W:B       1:2           Time        Value Moves Dep 1:2       1-2-Draws
   1 B 2    1.0:0.0        0.0:1.0       10:24:14 PM  -299.99    29 0:4.000  0-1-0

--------------------------------------------------------------

Engine-Match Tuesday, August 19, 2025 10:24:15 PM
 Blitz 10/5 

Pairing 9/10 :    V7P3R_v4.1  -  Cece_v2.0

PGN-File: C:\Program Files (x86)\Arena\Tournaments\Engine Battle Demo PC 20250819.pgn

No:  B/W 1/2     W:B       1:2           Time        Value Moves Dep 1:2       1-2-Draws
   1 W 1    1.0:0.0        1.0:0.0       10:34:23 PM     0.00    35 0:0 1-0-0

--------------------------------------------------------------

Engine-Match Tuesday, August 19, 2025 10:34:24 PM
 Blitz 10/5 

Pairing 10/10 :    C0BR4_v2.0  -  V7P3R_v4.3

PGN-File: C:\Program Files (x86)\Arena\Tournaments\Engine Battle Demo PC 20250819.pgn

No:  B/W 1/2     W:B       1:2           Time        Value Moves Dep 1:2       1-2-Draws
   1 B 2    1.0:0.0        0.0:1.0       10:35:33 PM     0.00    12 4.000 :0 0-1-0

--------------------------------------------------------------

Engine-Match Tuesday, August 19, 2025 10:35:35 PM
 Blitz 10/5 

Pairing 1/10 :    Slowmate_v1.0  -  C0BR4_v2.0

PGN-File: C:\Program Files (x86)\Arena\Tournaments\Engine Battle Demo PC 20250819.pgn

No:  B/W 1/2     W:B       1:2           Time        Value Moves Dep 1:2       1-2-Draws
   2 B 1    1.0:0.0        2.0:0.0       10:36:25 PM     0.00    39 0:4.000  2-0-0

--------------------------------------------------------------

Engine-Match Tuesday, August 19, 2025 10:36:26 PM
 Blitz 10/5 

Pairing 2/10 :    V7P3R_v4.3  -  V7P3R_v4.1

PGN-File: C:\Program Files (x86)\Arena\Tournaments\Engine Battle Demo PC 20250819.pgn

No:  B/W 1/2     W:B       1:2           Time        Value Moves Dep 1:2       1-2-Draws
   2 W 2    1.0:0.0        0.0:2.0       10:57:57 PM     0.00    90 0:0 0-2-0

--------------------------------------------------------------

Engine-Match Tuesday, August 19, 2025 10:57:58 PM
 Blitz 10/5 

Pairing 3/10 :    Cece_v2.0  -  V7P3R_v4.3

PGN-File: C:\Program Files (x86)\Arena\Tournaments\Engine Battle Demo PC 20250819.pgn

No:  B/W 1/2     W:B       1:2           Time        Value Moves Dep 1:2       1-2-Draws
   2 = =    0.5:0.5        0.5:1.5       11:05:08 PM     0.00    33 0:0 0-1-1

--------------------------------------------------------------

Engine-Match Tuesday, August 19, 2025 11:05:10 PM
 Blitz 10/5 

Pairing 4/10 :    V7P3R_v4.1  -  Slowmate_v1.0

PGN-File: C:\Program Files (x86)\Arena\Tournaments\Engine Battle Demo PC 20250819.pgn

No:  B/W 1/2     W:B       1:2           Time        Value Moves Dep 1:2       1-2-Draws
   2 B 1    1.0:0.0        1.0:1.0       11:20:36 PM     0.00    70 0:0 1-1-0

--------------------------------------------------------------

Engine-Match Tuesday, August 19, 2025 11:20:38 PM
 Blitz 10/5 

Pairing 5/10 :    C0BR4_v2.0  -  V7P3R_v4.1

PGN-File: C:\Program Files (x86)\Arena\Tournaments\Engine Battle Demo PC 20250819.pgn

No:  B/W 1/2     W:B       1:2           Time        Value Moves Dep 1:2       1-2-Draws
   2 W 2    1.0:0.0        0.0:2.0       11:22:08 PM     0.00     7 4.000 :0 0-2-0

--------------------------------------------------------------

Engine-Match Tuesday, August 19, 2025 11:22:09 PM
 Blitz 10/5 

Pairing 6/10 :    Slowmate_v1.0  -  Cece_v2.0

PGN-File: C:\Program Files (x86)\Arena\Tournaments\Engine Battle Demo PC 20250819.pgn

No:  B/W 1/2     W:B       1:2           Time        Value Moves Dep 1:2       1-2-Draws
   2 = =    0.5:0.5        1.5:0.5       11:29:14 PM     0.00    38 0:0 1-0-1

--------------------------------------------------------------

Engine-Match Tuesday, August 19, 2025 11:29:16 PM
 Blitz 10/5 

Pairing 7/10 :    V7P3R_v4.3  -  Slowmate_v1.0

PGN-File: C:\Program Files (x86)\Arena\Tournaments\Engine Battle Demo PC 20250819.pgn

No:  B/W 1/2     W:B       1:2           Time        Value Moves Dep 1:2       1-2-Draws
   2 = =    1.0:1.0        1.0:1.0       11:30:14 PM     0.00    15 0:0 0-0-2

--------------------------------------------------------------

Engine-Match Tuesday, August 19, 2025 11:30:15 PM
 Blitz 10/5 

Pairing 8/10 :    Cece_v2.0  -  C0BR4_v2.0

PGN-File: C:\Program Files (x86)\Arena\Tournaments\Engine Battle Demo PC 20250819.pgn

No:  B/W 1/2     W:B       1:2           Time        Value Moves Dep 1:2       1-2-Draws
   2 W 2    1.0:0.0        0.0:2.0       11:33:09 PM   +28.38    16 0:4.000  0-2-0

--------------------------------------------------------------

Engine-Match Tuesday, August 19, 2025 11:33:10 PM
 Blitz 10/5 

Pairing 9/10 :    V7P3R_v4.1  -  Cece_v2.0

PGN-File: C:\Program Files (x86)\Arena\Tournaments\Engine Battle Demo PC 20250819.pgn

No:  B/W 1/2     W:B       1:2           Time        Value Moves Dep 1:2       1-2-Draws
   2 B 1    1.0:0.0        2.0:0.0       11:47:41 PM     0.00    53 0:0 2-0-0

--------------------------------------------------------------

Engine-Match Tuesday, August 19, 2025 11:47:43 PM
 Blitz 10/5 

Pairing 10/10 :    C0BR4_v2.0  -  V7P3R_v4.3

PGN-File: C:\Program Files (x86)\Arena\Tournaments\Engine Battle Demo PC 20250819.pgn

No:  B/W 1/2     W:B       1:2           Time        Value Moves Dep 1:2       1-2-Draws
   2 W 2    1.0:0.0        0.0:2.0       11:48:48 PM     0.00    13 4.000 :0 0-2-0

--------------------------------------------------------------

Engine-Match Tuesday, August 19, 2025 11:48:55 PM
 Blitz 10/5 

Pairing 1/10 :    Slowmate_v1.0  -  C0BR4_v2.0

PGN-File: C:\Program Files (x86)\Arena\Tournaments\Engine Battle Demo PC 20250819.pgn

No:  B/W 1/2     W:B       1:2           Time        Value Moves Dep 1:2       1-2-Draws
   3 W 1    1.0:0.0        3.0:0.0       11:49:15 PM     0.00    13 0:4.000  3-0-0

--------------------------------------------------------------

Engine-Match Tuesday, August 19, 2025 11:49:16 PM
 Blitz 10/5 

Pairing 2/10 :    V7P3R_v4.3  -  V7P3R_v4.1

PGN-File: C:\Program Files (x86)\Arena\Tournaments\Engine Battle Demo PC 20250819.pgn

No:  B/W 1/2     W:B       1:2           Time        Value Moves Dep 1:2       1-2-Draws
   3 B 2    1.0:0.0        0.0:3.0       12:01:32 AM     0.00    79 0:0 0-3-0

--------------------------------------------------------------

Engine-Match Wednesday, August 20, 2025 12:01:33 AM
 Blitz 10/5 

Pairing 3/10 :    Cece_v2.0  -  V7P3R_v4.3

PGN-File: C:\Program Files (x86)\Arena\Tournaments\Engine Battle Demo PC 20250819.pgn

No:  B/W 1/2     W:B       1:2           Time        Value Moves Dep 1:2       1-2-Draws
   3 = =    1.0:1.0        1.0:2.0       12:06:44 AM     0.00    22 0:0 0-1-2

--------------------------------------------------------------

Engine-Match Wednesday, August 20, 2025 12:06:46 AM
 Blitz 10/5 

Pairing 4/10 :    V7P3R_v4.1  -  Slowmate_v1.0

PGN-File: C:\Program Files (x86)\Arena\Tournaments\Engine Battle Demo PC 20250819.pgn

No:  B/W 1/2     W:B       1:2           Time        Value Moves Dep 1:2       1-2-Draws
   3 B 2    1.0:0.0        1.0:2.0       12:12:27 AM     0.00    29 0:0 1-2-0

--------------------------------------------------------------

Engine-Match Wednesday, August 20, 2025 12:12:28 AM
 Blitz 10/5 

Pairing 5/10 :    C0BR4_v2.0  -  V7P3R_v4.1

PGN-File: C:\Program Files (x86)\Arena\Tournaments\Engine Battle Demo PC 20250819.pgn

No:  B/W 1/2     W:B       1:2           Time        Value Moves Dep 1:2       1-2-Draws
   3 B 2    1.0:0.0        0.0:3.0       12:14:52 AM     0.00    12 4.000 :0 0-3-0

--------------------------------------------------------------

Engine-Match Wednesday, August 20, 2025 12:14:53 AM
 Blitz 10/5 

Pairing 6/10 :    Slowmate_v1.0  -  Cece_v2.0

PGN-File: C:\Program Files (x86)\Arena\Tournaments\Engine Battle Demo PC 20250819.pgn

No:  B/W 1/2     W:B       1:2           Time        Value Moves Dep 1:2       1-2-Draws
   3 = =    1.0:1.0        2.0:1.0       12:21:22 AM     0.00    35 0:0 1-0-2

--------------------------------------------------------------

Engine-Match Wednesday, August 20, 2025 12:21:23 AM
 Blitz 10/5 

Pairing 7/10 :    V7P3R_v4.3  -  Slowmate_v1.0

PGN-File: C:\Program Files (x86)\Arena\Tournaments\Engine Battle Demo PC 20250819.pgn

No:  B/W 1/2     W:B       1:2           Time        Value Moves Dep 1:2       1-2-Draws
   3 = =    1.5:1.5        1.5:1.5       12:22:11 AM     0.00     9 0:0 0-0-3

--------------------------------------------------------------

Engine-Match Wednesday, August 20, 2025 12:22:12 AM
 Blitz 10/5 

Pairing 8/10 :    Cece_v2.0  -  C0BR4_v2.0

PGN-File: C:\Program Files (x86)\Arena\Tournaments\Engine Battle Demo PC 20250819.pgn

No:  B/W 1/2     W:B       1:2           Time        Value Moves Dep 1:2       1-2-Draws
   3 B 2    1.0:0.0        0.0:3.0       12:25:27 AM   -29.15    17 0:4.000  0-3-0

--------------------------------------------------------------

Engine-Match Wednesday, August 20, 2025 12:25:28 AM
 Blitz 10/5 

Pairing 9/10 :    V7P3R_v4.1  -  Cece_v2.0

PGN-File: C:\Program Files (x86)\Arena\Tournaments\Engine Battle Demo PC 20250819.pgn

No:  B/W 1/2     W:B       1:2           Time        Value Moves Dep 1:2       1-2-Draws
   3 W 1    1.0:0.0        3.0:0.0       12:38:57 AM     0.00    44 0:0 3-0-0

--------------------------------------------------------------

Engine-Match Wednesday, August 20, 2025 12:38:58 AM
 Blitz 10/5 

Pairing 10/10 :    C0BR4_v2.0  -  V7P3R_v4.3

PGN-File: C:\Program Files (x86)\Arena\Tournaments\Engine Battle Demo PC 20250819.pgn

No:  B/W 1/2     W:B       1:2           Time        Value Moves Dep 1:2       1-2-Draws
   3 B 2    1.0:0.0        0.0:3.0       12:39:32 AM     0.00     4 4.000 :0 0-3-0

--------------------------------------------------------------

Engine-Match Wednesday, August 20, 2025 12:39:33 AM
 Blitz 10/5 

Pairing 1/10 :    Slowmate_v1.0  -  C0BR4_v2.0

PGN-File: C:\Program Files (x86)\Arena\Tournaments\Engine Battle Demo PC 20250819.pgn

No:  B/W 1/2     W:B       1:2           Time        Value Moves Dep 1:2       1-2-Draws
   4 B 1    1.0:0.0        4.0:0.0       12:40:06 AM     0.00    17 0:4.000  4-0-0

--------------------------------------------------------------

Engine-Match Wednesday, August 20, 2025 12:40:08 AM
 Blitz 10/5 

Pairing 2/10 :    V7P3R_v4.3  -  V7P3R_v4.1

PGN-File: C:\Program Files (x86)\Arena\Tournaments\Engine Battle Demo PC 20250819.pgn

No:  B/W 1/2     W:B       1:2           Time        Value Moves Dep 1:2       1-2-Draws
   4 = =    0.5:0.5        0.5:3.5       1:05:27 AM     0.00    95 0:0 0-3-1

--------------------------------------------------------------

Engine-Match Wednesday, August 20, 2025 1:05:29 AM
 Blitz 10/5 

Pairing 3/10 :    Cece_v2.0  -  V7P3R_v4.3

PGN-File: C:\Program Files (x86)\Arena\Tournaments\Engine Battle Demo PC 20250819.pgn

No:  B/W 1/2     W:B       1:2           Time        Value Moves Dep 1:2       1-2-Draws
   4 W 2    2.0:1.0        1.0:3.0       1:14:34 AM     0.00    35 0:0 0-2-2

--------------------------------------------------------------

Engine-Match Wednesday, August 20, 2025 1:14:35 AM
 Blitz 10/5 

Pairing 4/10 :    V7P3R_v4.1  -  Slowmate_v1.0

PGN-File: C:\Program Files (x86)\Arena\Tournaments\Engine Battle Demo PC 20250819.pgn

No:  B/W 1/2     W:B       1:2           Time        Value Moves Dep 1:2       1-2-Draws
   4 B 1    1.0:0.0        2.0:2.0       1:30:01 AM     0.00    70 0:0 2-2-0

--------------------------------------------------------------

Engine-Match Wednesday, August 20, 2025 1:30:03 AM
 Blitz 10/5 

Pairing 5/10 :    C0BR4_v2.0  -  V7P3R_v4.1

PGN-File: C:\Program Files (x86)\Arena\Tournaments\Engine Battle Demo PC 20250819.pgn

No:  B/W 1/2     W:B       1:2           Time        Value Moves Dep 1:2       1-2-Draws
   4 W 2    1.0:0.0        0.0:4.0       1:31:25 AM     0.00    10 4.000 :0 0-4-0

--------------------------------------------------------------

Engine-Match Wednesday, August 20, 2025 1:31:26 AM
 Blitz 10/5 

Pairing 6/10 :    Slowmate_v1.0  -  Cece_v2.0

PGN-File: C:\Program Files (x86)\Arena\Tournaments\Engine Battle Demo PC 20250819.pgn

No:  B/W 1/2     W:B       1:2           Time        Value Moves Dep 1:2       1-2-Draws
   4 = =    1.5:1.5        2.5:1.5       1:34:56 AM     0.00    18 0:0 1-0-3

--------------------------------------------------------------

Engine-Match Wednesday, August 20, 2025 1:34:58 AM
 Blitz 10/5 

Pairing 7/10 :    V7P3R_v4.3  -  Slowmate_v1.0

PGN-File: C:\Program Files (x86)\Arena\Tournaments\Engine Battle Demo PC 20250819.pgn

No:  B/W 1/2     W:B       1:2           Time        Value Moves Dep 1:2       1-2-Draws
   4 = =    2.0:2.0        2.0:2.0       1:35:56 AM     0.00    15 0:0 0-0-4

--------------------------------------------------------------

Engine-Match Wednesday, August 20, 2025 1:35:57 AM
 Blitz 10/5 

Pairing 8/10 :    Cece_v2.0  -  C0BR4_v2.0

PGN-File: C:\Program Files (x86)\Arena\Tournaments\Engine Battle Demo PC 20250819.pgn

No:  B/W 1/2     W:B       1:2           Time        Value Moves Dep 1:2       1-2-Draws
   4 W 2    1.0:0.0        0.0:4.0       1:40:17 AM   +26.97    24 0:4.000  0-4-0

--------------------------------------------------------------

Engine-Match Wednesday, August 20, 2025 1:40:18 AM
 Blitz 10/5 

Pairing 9/10 :    V7P3R_v4.1  -  Cece_v2.0

PGN-File: C:\Program Files (x86)\Arena\Tournaments\Engine Battle Demo PC 20250819.pgn

No:  B/W 1/2     W:B       1:2           Time        Value Moves Dep 1:2       1-2-Draws
   4 B 1    1.0:0.0        4.0:0.0       1:51:00 AM     0.00    33 0:0 4-0-0

--------------------------------------------------------------

Engine-Match Wednesday, August 20, 2025 1:51:02 AM
 Blitz 10/5 

Pairing 10/10 :    C0BR4_v2.0  -  V7P3R_v4.3

PGN-File: C:\Program Files (x86)\Arena\Tournaments\Engine Battle Demo PC 20250819.pgn

No:  B/W 1/2     W:B       1:2           Time        Value Moves Dep 1:2       1-2-Draws
   4 B 1    1.0:0.0        1.0:3.0       1:54:11 AM  -299.99    30 4.000 :0 1-3-0

--------------------------------------------------------------

Engine-Match Wednesday, August 20, 2025 1:54:18 AM
 Blitz 10/5 

Pairing 1/10 :    Slowmate_v1.0  -  C0BR4_v2.0

PGN-File: C:\Program Files (x86)\Arena\Tournaments\Engine Battle Demo PC 20250819.pgn

No:  B/W 1/2     W:B       1:2           Time        Value Moves Dep 1:2       1-2-Draws
   5 W 1    1.0:0.0        5.0:0.0       1:54:38 AM     0.00    13 0:4.000  5-0-0

--------------------------------------------------------------

Engine-Match Wednesday, August 20, 2025 1:54:40 AM
 Blitz 10/5 

Pairing 2/10 :    V7P3R_v4.3  -  V7P3R_v4.1

PGN-File: C:\Program Files (x86)\Arena\Tournaments\Engine Battle Demo PC 20250819.pgn

No:  B/W 1/2     W:B       1:2           Time        Value Moves Dep 1:2       1-2-Draws
   5 B 2    1.5:0.5        0.5:4.5       2:06:59 AM     0.00    79 0:0 0-4-1

--------------------------------------------------------------

Engine-Match Wednesday, August 20, 2025 2:07:01 AM
 Blitz 10/5 

Pairing 3/10 :    Cece_v2.0  -  V7P3R_v4.3

PGN-File: C:\Program Files (x86)\Arena\Tournaments\Engine Battle Demo PC 20250819.pgn

No:  B/W 1/2     W:B       1:2           Time        Value Moves Dep 1:2       1-2-Draws
   5 B 2    2.0:1.0        1.0:4.0       2:11:23 AM     0.00    18 0:0 0-3-2

--------------------------------------------------------------

Engine-Match Wednesday, August 20, 2025 2:11:25 AM
 Blitz 10/5 

Pairing 4/10 :    V7P3R_v4.1  -  Slowmate_v1.0

PGN-File: C:\Program Files (x86)\Arena\Tournaments\Engine Battle Demo PC 20250819.pgn

No:  B/W 1/2     W:B       1:2           Time        Value Moves Dep 1:2       1-2-Draws
   5 B 2    1.0:0.0        2.0:3.0       2:17:07 AM     0.00    29 0:0 2-3-0

--------------------------------------------------------------

Engine-Match Wednesday, August 20, 2025 2:17:08 AM
 Blitz 10/5 

Pairing 5/10 :    C0BR4_v2.0  -  V7P3R_v4.1

PGN-File: C:\Program Files (x86)\Arena\Tournaments\Engine Battle Demo PC 20250819.pgn

No:  B/W 1/2     W:B       1:2           Time        Value Moves Dep 1:2       1-2-Draws
   5 B 2    1.0:0.0        0.0:5.0       2:18:41 AM     0.00     7 4.000 :0 0-5-0

--------------------------------------------------------------

Engine-Match Wednesday, August 20, 2025 2:18:42 AM
 Blitz 10/5 

Pairing 6/10 :    Slowmate_v1.0  -  Cece_v2.0

PGN-File: C:\Program Files (x86)\Arena\Tournaments\Engine Battle Demo PC 20250819.pgn

No:  B/W 1/2     W:B       1:2           Time        Value Moves Dep 1:2       1-2-Draws
   5 = =    2.0:2.0        3.0:2.0       2:20:17 AM     0.00     9 0:0 1-0-4

--------------------------------------------------------------

Engine-Match Wednesday, August 20, 2025 2:20:19 AM
 Blitz 10/5 

Pairing 7/10 :    V7P3R_v4.3  -  Slowmate_v1.0

PGN-File: C:\Program Files (x86)\Arena\Tournaments\Engine Battle Demo PC 20250819.pgn

No:  B/W 1/2     W:B       1:2           Time        Value Moves Dep 1:2       1-2-Draws
   5 = =    2.5:2.5        2.5:2.5       2:21:07 AM     0.00     9 0:0 0-0-5

--------------------------------------------------------------

Engine-Match Wednesday, August 20, 2025 2:21:08 AM
 Blitz 10/5 

Pairing 8/10 :    Cece_v2.0  -  C0BR4_v2.0

PGN-File: C:\Program Files (x86)\Arena\Tournaments\Engine Battle Demo PC 20250819.pgn

No:  B/W 1/2     W:B       1:2           Time        Value Moves Dep 1:2       1-2-Draws
   5 B 2    1.0:0.0        0.0:5.0       2:25:16 AM  -299.99    23 0:4.000  0-5-0

--------------------------------------------------------------

Engine-Match Wednesday, August 20, 2025 2:25:18 AM
 Blitz 10/5 

Pairing 9/10 :    V7P3R_v4.1  -  Cece_v2.0

PGN-File: C:\Program Files (x86)\Arena\Tournaments\Engine Battle Demo PC 20250819.pgn

No:  B/W 1/2     W:B       1:2           Time        Value Moves Dep 1:2       1-2-Draws
   5 W 1    1.0:0.0        5.0:0.0       2:31:45 AM     0.00    27 0:0 5-0-0

--------------------------------------------------------------

Engine-Match Wednesday, August 20, 2025 2:31:47 AM
 Blitz 10/5 

Pairing 10/10 :    C0BR4_v2.0  -  V7P3R_v4.3

PGN-File: C:\Program Files (x86)\Arena\Tournaments\Engine Battle Demo PC 20250819.pgn

No:  B/W 1/2     W:B       1:2           Time        Value Moves Dep 1:2       1-2-Draws
   5 B 2    1.0:0.0        1.0:4.0       2:32:59 AM     0.00    12 4.000 :0 1-4-0

--------------------------------------------------------------

Engine-Match Wednesday, August 20, 2025 2:33:00 AM
 Blitz 10/5 

Pairing 1/10 :    Slowmate_v1.0  -  C0BR4_v2.0

PGN-File: C:\Program Files (x86)\Arena\Tournaments\Engine Battle Demo PC 20250819.pgn

No:  B/W 1/2     W:B       1:2           Time        Value Moves Dep 1:2       1-2-Draws
   6 B 1    1.0:0.0        6.0:0.0       2:33:20 AM     0.00    10 0:4.000  6-0-0

--------------------------------------------------------------

Engine-Match Wednesday, August 20, 2025 2:33:22 AM
 Blitz 10/5 

Pairing 2/10 :    V7P3R_v4.3  -  V7P3R_v4.1

PGN-File: C:\Program Files (x86)\Arena\Tournaments\Engine Battle Demo PC 20250819.pgn

No:  B/W 1/2     W:B       1:2           Time        Value Moves Dep 1:2       1-2-Draws
   6 = =    1.0:1.0        1.0:5.0       2:58:47 AM     0.00    96 0:0 0-4-2

--------------------------------------------------------------

Engine-Match Wednesday, August 20, 2025 2:58:49 AM
 Blitz 10/5 

Pairing 3/10 :    Cece_v2.0  -  V7P3R_v4.3

PGN-File: C:\Program Files (x86)\Arena\Tournaments\Engine Battle Demo PC 20250819.pgn

No:  B/W 1/2     W:B       1:2           Time        Value Moves Dep 1:2       1-2-Draws
   6 = =    1.5:1.5        1.5:4.5       3:10:48 AM     0.00    51 0:0 0-3-3

--------------------------------------------------------------

Engine-Match Wednesday, August 20, 2025 3:10:49 AM
 Blitz 10/5 

Pairing 4/10 :    V7P3R_v4.1  -  Slowmate_v1.0

PGN-File: C:\Program Files (x86)\Arena\Tournaments\Engine Battle Demo PC 20250819.pgn

No:  B/W 1/2     W:B       1:2           Time        Value Moves Dep 1:2       1-2-Draws
   6 B 1    1.0:0.0        3.0:3.0       3:26:22 AM     0.00    70 0:0 3-3-0

--------------------------------------------------------------

Engine-Match Wednesday, August 20, 2025 3:26:23 AM
 Blitz 10/5 

Pairing 5/10 :    C0BR4_v2.0  -  V7P3R_v4.1

PGN-File: C:\Program Files (x86)\Arena\Tournaments\Engine Battle Demo PC 20250819.pgn

No:  B/W 1/2     W:B       1:2           Time        Value Moves Dep 1:2       1-2-Draws
   6 W 2    1.0:0.0        0.0:6.0       3:28:39 AM     0.00     9 4.000 :0 0-6-0

--------------------------------------------------------------

Engine-Match Wednesday, August 20, 2025 3:28:40 AM
 Blitz 10/5 

Pairing 6/10 :    Slowmate_v1.0  -  Cece_v2.0

PGN-File: C:\Program Files (x86)\Arena\Tournaments\Engine Battle Demo PC 20250819.pgn

No:  B/W 1/2     W:B       1:2           Time        Value Moves Dep 1:2       1-2-Draws
   6 = =    2.5:2.5        3.5:2.5       3:35:54 AM     0.00    39 0:0 1-0-5

--------------------------------------------------------------

Engine-Match Wednesday, August 20, 2025 3:35:55 AM
 Blitz 10/5 

Pairing 7/10 :    V7P3R_v4.3  -  Slowmate_v1.0

PGN-File: C:\Program Files (x86)\Arena\Tournaments\Engine Battle Demo PC 20250819.pgn

No:  B/W 1/2     W:B       1:2           Time        Value Moves Dep 1:2       1-2-Draws
   6 = =    3.0:3.0        3.0:3.0       3:36:53 AM     0.00    15 0:0 0-0-6

--------------------------------------------------------------

Engine-Match Wednesday, August 20, 2025 3:36:55 AM
 Blitz 10/5 

Pairing 8/10 :    Cece_v2.0  -  C0BR4_v2.0

PGN-File: C:\Program Files (x86)\Arena\Tournaments\Engine Battle Demo PC 20250819.pgn

No:  B/W 1/2     W:B       1:2           Time        Value Moves Dep 1:2       1-2-Draws
   6 B 1    1.0:0.0        1.0:5.0       3:39:58 AM     0.00    17 0:4.000  1-5-0

--------------------------------------------------------------

Engine-Match Wednesday, August 20, 2025 3:39:59 AM
 Blitz 10/5 

Pairing 9/10 :    V7P3R_v4.1  -  Cece_v2.0

PGN-File: C:\Program Files (x86)\Arena\Tournaments\Engine Battle Demo PC 20250819.pgn

No:  B/W 1/2     W:B       1:2           Time        Value Moves Dep 1:2       1-2-Draws
   6 B 1    1.0:0.0        6.0:0.0       3:45:57 AM     0.00    24 0:0 6-0-0

--------------------------------------------------------------

Engine-Match Wednesday, August 20, 2025 3:45:59 AM
 Blitz 10/5 

Pairing 10/10 :    C0BR4_v2.0  -  V7P3R_v4.3

PGN-File: C:\Program Files (x86)\Arena\Tournaments\Engine Battle Demo PC 20250819.pgn

No:  B/W 1/2     W:B       1:2           Time        Value Moves Dep 1:2       1-2-Draws
   6 W 2    1.0:0.0        1.0:5.0       3:48:31 AM     0.00    24 4.000 :0 1-5-0

--------------------------------------------------------------

Engine-Match Wednesday, August 20, 2025 3:48:38 AM
 Blitz 10/5 

Pairing 1/10 :    Slowmate_v1.0  -  C0BR4_v2.0

PGN-File: C:\Program Files (x86)\Arena\Tournaments\Engine Battle Demo PC 20250819.pgn

No:  B/W 1/2     W:B       1:2           Time        Value Moves Dep 1:2       1-2-Draws
   7 B 2    1.0:0.0        6.0:1.0       3:49:08 AM  -299.99    19 0:4.000  6-1-0

--------------------------------------------------------------

Engine-Match Wednesday, August 20, 2025 3:49:09 AM
 Blitz 10/5 

Pairing 2/10 :    V7P3R_v4.3  -  V7P3R_v4.1

PGN-File: C:\Program Files (x86)\Arena\Tournaments\Engine Battle Demo PC 20250819.pgn

No:  B/W 1/2     W:B       1:2           Time        Value Moves Dep 1:2       1-2-Draws
   7 B 2    2.0:1.0        1.0:6.0       4:01:37 AM     0.00    79 0:0 0-5-2

--------------------------------------------------------------

Engine-Match Wednesday, August 20, 2025 4:01:38 AM
 Blitz 10/5 

Pairing 3/10 :    Cece_v2.0  -  V7P3R_v4.3

PGN-File: C:\Program Files (x86)\Arena\Tournaments\Engine Battle Demo PC 20250819.pgn

No:  B/W 1/2     W:B       1:2           Time        Value Moves Dep 1:2       1-2-Draws
   7 = =    2.0:2.0        2.0:5.0       4:10:05 AM     0.00    36 0:0 0-3-4

--------------------------------------------------------------

Engine-Match Wednesday, August 20, 2025 4:10:06 AM
 Blitz 10/5 

Pairing 4/10 :    V7P3R_v4.1  -  Slowmate_v1.0

PGN-File: C:\Program Files (x86)\Arena\Tournaments\Engine Battle Demo PC 20250819.pgn

No:  B/W 1/2     W:B       1:2           Time        Value Moves Dep 1:2       1-2-Draws
   7 B 2    1.0:0.0        3.0:4.0       4:15:46 AM     0.00    29 0:0 3-4-0

--------------------------------------------------------------

Engine-Match Wednesday, August 20, 2025 4:15:48 AM
 Blitz 10/5 

Pairing 5/10 :    C0BR4_v2.0  -  V7P3R_v4.1

PGN-File: C:\Program Files (x86)\Arena\Tournaments\Engine Battle Demo PC 20250819.pgn

No:  B/W 1/2     W:B       1:2           Time        Value Moves Dep 1:2       1-2-Draws
   7 B 2    1.0:0.0        0.0:7.0       4:18:04 AM     0.00    13 4.000 :0 0-7-0

--------------------------------------------------------------

Engine-Match Wednesday, August 20, 2025 4:18:05 AM
 Blitz 10/5 

Pairing 6/10 :    Slowmate_v1.0  -  Cece_v2.0

PGN-File: C:\Program Files (x86)\Arena\Tournaments\Engine Battle Demo PC 20250819.pgn

No:  B/W 1/2     W:B       1:2           Time        Value Moves Dep 1:2       1-2-Draws
   7 W 1    3.5:2.5        4.5:2.5       4:24:04 AM     0.00    32 0:0 2-0-5

--------------------------------------------------------------

Engine-Match Wednesday, August 20, 2025 4:24:05 AM
 Blitz 10/5 

Pairing 7/10 :    V7P3R_v4.3  -  Slowmate_v1.0

PGN-File: C:\Program Files (x86)\Arena\Tournaments\Engine Battle Demo PC 20250819.pgn

No:  B/W 1/2     W:B       1:2           Time        Value Moves Dep 1:2       1-2-Draws
   7 = =    3.5:3.5        3.5:3.5       4:24:54 AM     0.00     9 0:0 0-0-7

--------------------------------------------------------------

Engine-Match Wednesday, August 20, 2025 4:24:55 AM
 Blitz 10/5 

Pairing 8/10 :    Cece_v2.0  -  C0BR4_v2.0

PGN-File: C:\Program Files (x86)\Arena\Tournaments\Engine Battle Demo PC 20250819.pgn

No:  B/W 1/2     W:B       1:2           Time        Value Moves Dep 1:2       1-2-Draws
   7 B 2    1.0:0.0        1.0:6.0       4:26:24 AM  -299.99     8 0:4.000  1-6-0

--------------------------------------------------------------

Engine-Match Wednesday, August 20, 2025 4:26:25 AM
 Blitz 10/5 

Pairing 9/10 :    V7P3R_v4.1  -  Cece_v2.0

PGN-File: C:\Program Files (x86)\Arena\Tournaments\Engine Battle Demo PC 20250819.pgn

No:  B/W 1/2     W:B       1:2           Time        Value Moves Dep 1:2       1-2-Draws
   7 W 1    1.0:0.0        7.0:0.0       4:35:38 AM     0.00    34 0:0 7-0-0

--------------------------------------------------------------

Engine-Match Wednesday, August 20, 2025 4:35:39 AM
 Blitz 10/5 

Pairing 10/10 :    C0BR4_v2.0  -  V7P3R_v4.3

PGN-File: C:\Program Files (x86)\Arena\Tournaments\Engine Battle Demo PC 20250819.pgn

No:  B/W 1/2     W:B       1:2           Time        Value Moves Dep 1:2       1-2-Draws
   7 W 1    1.0:0.0        2.0:5.0       4:37:19 AM  +299.99    24 4.000 :0 2-5-0

--------------------------------------------------------------

Engine-Match Wednesday, August 20, 2025 4:37:20 AM
 Blitz 10/5 

Pairing 1/10 :    Slowmate_v1.0  -  C0BR4_v2.0

PGN-File: C:\Program Files (x86)\Arena\Tournaments\Engine Battle Demo PC 20250819.pgn

No:  B/W 1/2     W:B       1:2           Time        Value Moves Dep 1:2       1-2-Draws
   8 B 1    1.0:0.0        7.0:1.0       4:37:41 AM     0.00    10 0:4.000  7-1-0

--------------------------------------------------------------

Engine-Match Wednesday, August 20, 2025 4:37:42 AM
 Blitz 10/5 

Pairing 2/10 :    V7P3R_v4.3  -  V7P3R_v4.1

PGN-File: C:\Program Files (x86)\Arena\Tournaments\Engine Battle Demo PC 20250819.pgn

No:  B/W 1/2     W:B       1:2           Time        Value Moves Dep 1:2       1-2-Draws
   8 W 2    2.0:1.0        1.0:7.0       5:02:21 AM     0.00   102 0:0 0-6-2

--------------------------------------------------------------

Engine-Match Wednesday, August 20, 2025 5:02:22 AM
 Blitz 10/5 

Pairing 3/10 :    Cece_v2.0  -  V7P3R_v4.3

PGN-File: C:\Program Files (x86)\Arena\Tournaments\Engine Battle Demo PC 20250819.pgn

No:  B/W 1/2     W:B       1:2           Time        Value Moves Dep 1:2       1-2-Draws
   8 W 2    3.0:2.0        2.0:6.0       5:09:58 AM     0.00    34 0:0 0-4-4

--------------------------------------------------------------

Engine-Match Wednesday, August 20, 2025 5:09:59 AM
 Blitz 10/5 

Pairing 4/10 :    V7P3R_v4.1  -  Slowmate_v1.0

PGN-File: C:\Program Files (x86)\Arena\Tournaments\Engine Battle Demo PC 20250819.pgn

No:  B/W 1/2     W:B       1:2           Time        Value Moves Dep 1:2       1-2-Draws
   8 B 1    1.0:0.0        4.0:4.0       5:25:20 AM     0.00    70 0:0 4-4-0

--------------------------------------------------------------

Engine-Match Wednesday, August 20, 2025 5:25:21 AM
 Blitz 10/5 

Pairing 5/10 :    C0BR4_v2.0  -  V7P3R_v4.1

PGN-File: C:\Program Files (x86)\Arena\Tournaments\Engine Battle Demo PC 20250819.pgn

No:  B/W 1/2     W:B       1:2           Time        Value Moves Dep 1:2       1-2-Draws
   8 W 2    1.0:0.0        0.0:8.0       5:27:39 AM     0.00     9 4.000 :0 0-8-0

--------------------------------------------------------------

Engine-Match Wednesday, August 20, 2025 5:27:40 AM
 Blitz 10/5 

Pairing 6/10 :    Slowmate_v1.0  -  Cece_v2.0

PGN-File: C:\Program Files (x86)\Arena\Tournaments\Engine Battle Demo PC 20250819.pgn

No:  B/W 1/2     W:B       1:2           Time        Value Moves Dep 1:2       1-2-Draws
   8 B 1    3.5:2.5        5.5:2.5       5:31:59 AM     0.00    22 0:0 3-0-5

--------------------------------------------------------------

Engine-Match Wednesday, August 20, 2025 5:32:00 AM
 Blitz 10/5 

Pairing 7/10 :    V7P3R_v4.3  -  Slowmate_v1.0

PGN-File: C:\Program Files (x86)\Arena\Tournaments\Engine Battle Demo PC 20250819.pgn

No:  B/W 1/2     W:B       1:2           Time        Value Moves Dep 1:2       1-2-Draws
   8 = =    4.0:4.0        4.0:4.0       5:32:58 AM     0.00    15 0:0 0-0-8

--------------------------------------------------------------

Engine-Match Wednesday, August 20, 2025 5:33:00 AM
 Blitz 10/5 

Pairing 8/10 :    Cece_v2.0  -  C0BR4_v2.0

PGN-File: C:\Program Files (x86)\Arena\Tournaments\Engine Battle Demo PC 20250819.pgn

No:  B/W 1/2     W:B       1:2           Time        Value Moves Dep 1:2       1-2-Draws
   8 B 1    1.0:0.0        2.0:6.0       5:35:01 AM     0.00    11 0:4.000  2-6-0

--------------------------------------------------------------

Engine-Match Wednesday, August 20, 2025 5:35:03 AM
 Blitz 10/5 

Pairing 9/10 :    V7P3R_v4.1  -  Cece_v2.0

PGN-File: C:\Program Files (x86)\Arena\Tournaments\Engine Battle Demo PC 20250819.pgn

No:  B/W 1/2     W:B       1:2           Time        Value Moves Dep 1:2       1-2-Draws
   8 B 1    1.0:0.0        8.0:0.0       5:47:19 AM     0.00    35 0:0 8-0-0

--------------------------------------------------------------

Engine-Match Wednesday, August 20, 2025 5:47:20 AM
 Blitz 10/5 

Pairing 10/10 :    C0BR4_v2.0  -  V7P3R_v4.3

PGN-File: C:\Program Files (x86)\Arena\Tournaments\Engine Battle Demo PC 20250819.pgn

No:  B/W 1/2     W:B       1:2           Time        Value Moves Dep 1:2       1-2-Draws
   8 W 2    1.0:0.0        2.0:6.0       5:48:51 AM     0.00    16 4.000 :0 2-6-0

--------------------------------------------------------------

Engine-Match Wednesday, August 20, 2025 5:48:58 AM
 Blitz 10/5 

Pairing 1/10 :    Slowmate_v1.0  -  C0BR4_v2.0

PGN-File: C:\Program Files (x86)\Arena\Tournaments\Engine Battle Demo PC 20250819.pgn

No:  B/W 1/2     W:B       1:2           Time        Value Moves Dep 1:2       1-2-Draws
   9 W 1    1.0:0.0        8.0:1.0       5:49:30 AM     0.00    17 0:4.000  8-1-0

--------------------------------------------------------------

Engine-Match Wednesday, August 20, 2025 5:49:31 AM
 Blitz 10/5 

Pairing 2/10 :    V7P3R_v4.3  -  V7P3R_v4.1

PGN-File: C:\Program Files (x86)\Arena\Tournaments\Engine Battle Demo PC 20250819.pgn

No:  B/W 1/2     W:B       1:2           Time        Value Moves Dep 1:2       1-2-Draws
   9 B 2    2.0:1.0        1.0:8.0       6:01:51 AM     0.00    79 0:0 0-7-2

--------------------------------------------------------------

Engine-Match Wednesday, August 20, 2025 6:01:52 AM
 Blitz 10/5 

Pairing 3/10 :    Cece_v2.0  -  V7P3R_v4.3

PGN-File: C:\Program Files (x86)\Arena\Tournaments\Engine Battle Demo PC 20250819.pgn

No:  B/W 1/2     W:B       1:2           Time        Value Moves Dep 1:2       1-2-Draws
   9 = =    2.5:2.5        2.5:6.5       6:14:18 AM     0.00    54 0:0 0-4-5

--------------------------------------------------------------

Engine-Match Wednesday, August 20, 2025 6:14:19 AM
 Blitz 10/5 

Pairing 4/10 :    V7P3R_v4.1  -  Slowmate_v1.0

PGN-File: C:\Program Files (x86)\Arena\Tournaments\Engine Battle Demo PC 20250819.pgn

No:  B/W 1/2     W:B       1:2           Time        Value Moves Dep 1:2       1-2-Draws
   9 B 2    1.0:0.0        4.0:5.0       6:19:59 AM     0.00    29 0:0 4-5-0

--------------------------------------------------------------

Engine-Match Wednesday, August 20, 2025 6:20:01 AM
 Blitz 10/5 

Pairing 5/10 :    C0BR4_v2.0  -  V7P3R_v4.1

PGN-File: C:\Program Files (x86)\Arena\Tournaments\Engine Battle Demo PC 20250819.pgn

No:  B/W 1/2     W:B       1:2           Time        Value Moves Dep 1:2       1-2-Draws
   9 B 2    1.0:0.0        0.0:9.0       6:22:46 AM     0.00    24 4.000 :0 0-9-0

--------------------------------------------------------------

Engine-Match Wednesday, August 20, 2025 6:22:48 AM
 Blitz 10/5 

Pairing 6/10 :    Slowmate_v1.0  -  Cece_v2.0

PGN-File: C:\Program Files (x86)\Arena\Tournaments\Engine Battle Demo PC 20250819.pgn

No:  B/W 1/2     W:B       1:2           Time        Value Moves Dep 1:2       1-2-Draws
   9 = =    3.0:3.0        6.0:3.0       6:24:21 AM     0.00     9 0:0 3-0-6

--------------------------------------------------------------

Engine-Match Wednesday, August 20, 2025 6:24:22 AM
 Blitz 10/5 

Pairing 7/10 :    V7P3R_v4.3  -  Slowmate_v1.0

PGN-File: C:\Program Files (x86)\Arena\Tournaments\Engine Battle Demo PC 20250819.pgn

No:  B/W 1/2     W:B       1:2           Time        Value Moves Dep 1:2       1-2-Draws
   9 = =    4.5:4.5        4.5:4.5       6:25:11 AM     0.00     9 0:0 0-0-9

--------------------------------------------------------------

Engine-Match Wednesday, August 20, 2025 6:25:12 AM
 Blitz 10/5 

Pairing 8/10 :    Cece_v2.0  -  C0BR4_v2.0

PGN-File: C:\Program Files (x86)\Arena\Tournaments\Engine Battle Demo PC 20250819.pgn

No:  B/W 1/2     W:B       1:2           Time        Value Moves Dep 1:2       1-2-Draws
   9 B 2    1.0:0.0        2.0:7.0       6:29:30 AM  -299.99    24 0:4.000  2-7-0

--------------------------------------------------------------

Engine-Match Wednesday, August 20, 2025 6:29:32 AM
 Blitz 10/5 

Pairing 9/10 :    V7P3R_v4.1  -  Cece_v2.0

PGN-File: C:\Program Files (x86)\Arena\Tournaments\Engine Battle Demo PC 20250819.pgn

No:  B/W 1/2     W:B       1:2           Time        Value Moves Dep 1:2       1-2-Draws
   9 W 1    1.0:0.0        9.0:0.0       6:42:35 AM     0.00    40 0:0 9-0-0

--------------------------------------------------------------

Engine-Match Wednesday, August 20, 2025 6:42:36 AM
 Blitz 10/5 

Pairing 10/10 :    C0BR4_v2.0  -  V7P3R_v4.3

PGN-File: C:\Program Files (x86)\Arena\Tournaments\Engine Battle Demo PC 20250819.pgn

No:  B/W 1/2     W:B       1:2           Time        Value Moves Dep 1:2       1-2-Draws
   9 B 2    1.0:0.0        2.0:7.0       6:43:07 AM     0.00     4 4.000 :0 2-7-0

--------------------------------------------------------------

Engine-Match Wednesday, August 20, 2025 6:43:09 AM
 Blitz 10/5 

Pairing 1/10 :    Slowmate_v1.0  -  C0BR4_v2.0

PGN-File: C:\Program Files (x86)\Arena\Tournaments\Engine Battle Demo PC 20250819.pgn

No:  B/W 1/2     W:B       1:2           Time        Value Moves Dep 1:2       1-2-Draws
  10 B 1    1.0:0.0        9.0:1.0       6:43:59 AM     0.00    39 0:4.000  9-1-0

--------------------------------------------------------------

Engine-Match Wednesday, August 20, 2025 6:44:00 AM
 Blitz 10/5 

Pairing 2/10 :    V7P3R_v4.3  -  V7P3R_v4.1

PGN-File: C:\Program Files (x86)\Arena\Tournaments\Engine Battle Demo PC 20250819.pgn

No:  B/W 1/2     W:B       1:2           Time        Value Moves Dep 1:2       1-2-Draws
  10 = =    1.5:1.5        1.5:8.5       7:10:09 AM     0.00   100 0:0 0-7-3

--------------------------------------------------------------

Engine-Match Wednesday, August 20, 2025 7:10:10 AM
 Blitz 10/5 

Pairing 3/10 :    Cece_v2.0  -  V7P3R_v4.3

PGN-File: C:\Program Files (x86)\Arena\Tournaments\Engine Battle Demo PC 20250819.pgn

No:  B/W 1/2     W:B       1:2           Time        Value Moves Dep 1:2       1-2-Draws
  10 W 2    3.5:2.5        2.5:7.5       7:14:23 AM     0.00    17 0:0 0-5-5

--------------------------------------------------------------

Engine-Match Wednesday, August 20, 2025 7:14:24 AM
 Blitz 10/5 

Pairing 4/10 :    V7P3R_v4.1  -  Slowmate_v1.0

PGN-File: C:\Program Files (x86)\Arena\Tournaments\Engine Battle Demo PC 20250819.pgn

No:  B/W 1/2     W:B       1:2           Time        Value Moves Dep 1:2       1-2-Draws
  10 B 1    1.0:0.0        5.0:5.0       7:29:52 AM     0.00    70 0:0 5-5-0

--------------------------------------------------------------

Engine-Match Wednesday, August 20, 2025 7:29:53 AM
 Blitz 10/5 

Pairing 5/10 :    C0BR4_v2.0  -  V7P3R_v4.1

PGN-File: C:\Program Files (x86)\Arena\Tournaments\Engine Battle Demo PC 20250819.pgn

No:  B/W 1/2     W:B       1:2           Time        Value Moves Dep 1:2       1-2-Draws
  10 W 2    1.0:0.0        0.0:10.0      7:32:07 AM     0.00     9 4.000 :0 0-10-0

--------------------------------------------------------------

Engine-Match Wednesday, August 20, 2025 7:32:09 AM
 Blitz 10/5 

Pairing 6/10 :    Slowmate_v1.0  -  Cece_v2.0

PGN-File: C:\Program Files (x86)\Arena\Tournaments\Engine Battle Demo PC 20250819.pgn

No:  B/W 1/2     W:B       1:2           Time        Value Moves Dep 1:2       1-2-Draws
  10 B 1    4.0:3.0        7.0:3.0       7:36:47 AM     0.00    24 0:0 4-0-6

--------------------------------------------------------------

Engine-Match Wednesday, August 20, 2025 7:36:48 AM
 Blitz 10/5 

Pairing 7/10 :    V7P3R_v4.3  -  Slowmate_v1.0

PGN-File: C:\Program Files (x86)\Arena\Tournaments\Engine Battle Demo PC 20250819.pgn

No:  B/W 1/2     W:B       1:2           Time        Value Moves Dep 1:2       1-2-Draws
  10 = =    5.0:5.0        5.0:5.0       7:37:46 AM     0.00    15 0:0 0-0-10

--------------------------------------------------------------

Engine-Match Wednesday, August 20, 2025 7:37:47 AM
 Blitz 10/5 

Pairing 8/10 :    Cece_v2.0  -  C0BR4_v2.0

PGN-File: C:\Program Files (x86)\Arena\Tournaments\Engine Battle Demo PC 20250819.pgn

No:  B/W 1/2     W:B       1:2           Time        Value Moves Dep 1:2       1-2-Draws
  10 W 2    1.0:0.0        2.0:8.0       7:43:32 AM  +299.99    33 0:4.000  2-8-0

--------------------------------------------------------------

Engine-Match Wednesday, August 20, 2025 7:43:34 AM
 Blitz 10/5 

Pairing 9/10 :    V7P3R_v4.1  -  Cece_v2.0

PGN-File: C:\Program Files (x86)\Arena\Tournaments\Engine Battle Demo PC 20250819.pgn

No:  B/W 1/2     W:B       1:2           Time        Value Moves Dep 1:2       1-2-Draws
  10 B 1    1.0:0.0        10.0:0.0      7:51:46 AM     0.00    27 0:0 10-0-0

--------------------------------------------------------------

Engine-Match Wednesday, August 20, 2025 7:51:48 AM
 Blitz 10/5 

Pairing 10/10 :    C0BR4_v2.0  -  V7P3R_v4.3

PGN-File: C:\Program Files (x86)\Arena\Tournaments\Engine Battle Demo PC 20250819.pgn

No:  B/W 1/2     W:B       1:2           Time        Value Moves Dep 1:2       1-2-Draws
  10 W 2    1.0:0.0        2.0:8.0       7:53:23 AM     0.00    16 4.000 :0 2-8-0
