Engine-Match Tuesday, July 22, 2025 8:48:31 PM
 Blitz 2/1 

Pairing 1/6 :    SlowMate_v0.0.00_DELTA  -  SlowMate_v0.3.0_BETA

PGN-File: C:\Program Files (x86)\Arena\Tournaments\Slowmate_tournament_20250722.pgn

No:  B/W 1/2     W:B       1:2           Time        Value Moves Dep 1:2       1-2-Draws
   1 W 1    1.0:0.0        1.0:0.0       8:48:45 PM   +38.00    11 0:8.000  1-0-0

--------------------------------------------------------------

Engine-Match Tuesday, July 22, 2025 8:48:46 PM
 Blitz 2/1 

Pairing 2/6 :    SlowMate_v0.2.0_BETA  -  SlowMate_v0.1.0_BETA

PGN-File: C:\Program Files (x86)\Arena\Tournaments\Slowmate_tournament_20250722.pgn

No:  B/W 1/2     W:B       1:2           Time        Value Moves Dep 1:2       1-2-Draws
   1 B 2    1.0:0.0        0.0:1.0       8:50:28 PM   -12.85   242 0:0 0-1-0

--------------------------------------------------------------

Engine-Match Tuesday, July 22, 2025 8:50:29 PM
 Blitz 2/1 

Pairing 3/6 :    SlowMate_v0.2.0_BETA  -  SlowMate_v0.0.00_DELTA

PGN-File: C:\Program Files (x86)\Arena\Tournaments\Slowmate_tournament_20250722.pgn

No:  B/W 1/2     W:B       1:2           Time        Value Moves Dep 1:2       1-2-Draws
   1 W 1    1.0:0.0        1.0:0.0       8:50:42 PM   +18.51    20 0:0 1-0-0

--------------------------------------------------------------

Engine-Match Tuesday, July 22, 2025 8:50:43 PM
 Blitz 2/1 

Pairing 4/6 :    SlowMate_v0.1.0_BETA  -  SlowMate_v0.3.0_BETA

PGN-File: C:\Program Files (x86)\Arena\Tournaments\Slowmate_tournament_20250722.pgn

No:  B/W 1/2     W:B       1:2           Time        Value Moves Dep 1:2       1-2-Draws
   1 W 1    1.0:0.0        1.0:0.0       8:50:59 PM    +M500    14 0:8.000  1-0-0

--------------------------------------------------------------

Engine-Match Tuesday, July 22, 2025 8:51:00 PM
 Blitz 2/1 

Pairing 5/6 :    SlowMate_v0.0.00_DELTA  -  SlowMate_v0.1.0_BETA

PGN-File: C:\Program Files (x86)\Arena\Tournaments\Slowmate_tournament_20250722.pgn

No:  B/W 1/2     W:B       1:2           Time        Value Moves Dep 1:2       1-2-Draws
   1 W 1    1.0:0.0        1.0:0.0       8:51:25 PM   +14.98    35 0:0 1-0-0

--------------------------------------------------------------

Engine-Match Tuesday, July 22, 2025 8:53:03 PM
 Blitz 2/1 

Pairing 6/6 :    SlowMate_v0.3.0_BETA  -  SlowMate_v0.2.0_BETA

PGN-File: C:\Program Files (x86)\Arena\Tournaments\Slowmate_tournament_20250722.pgn

No:  B/W 1/2     W:B       1:2           Time        Value Moves Dep 1:2       1-2-Draws
   1 B 2    1.0:0.0        0.0:1.0       8:53:12 PM    -M500     8 8.000 :0 0-1-0

--------------------------------------------------------------

Engine-Match Tuesday, July 22, 2025 8:53:13 PM
 Blitz 2/1 

Pairing 1/6 :    SlowMate_v0.0.00_DELTA  -  SlowMate_v0.3.0_BETA

PGN-File: C:\Program Files (x86)\Arena\Tournaments\Slowmate_tournament_20250722.pgn

No:  B/W 1/2     W:B       1:2           Time        Value Moves Dep 1:2       1-2-Draws
   2 W 2    1.0:0.0        1.0:1.0       8:53:32 PM   +18.51    20 0:8.000  1-1-0

--------------------------------------------------------------

Engine-Match Tuesday, July 22, 2025 8:53:34 PM
 Blitz 2/1 

Pairing 2/6 :    SlowMate_v0.2.0_BETA  -  SlowMate_v0.1.0_BETA

PGN-File: C:\Program Files (x86)\Arena\Tournaments\Slowmate_tournament_20250722.pgn

No:  B/W 1/2     W:B       1:2           Time        Value Moves Dep 1:2       1-2-Draws
   2 W 2    1.0:0.0        0.0:2.0       8:53:52 PM   +11.79    30 0:0 0-2-0

--------------------------------------------------------------

Engine-Match Tuesday, July 22, 2025 8:53:54 PM
 Blitz 2/1 

Pairing 3/6 :    SlowMate_v0.2.0_BETA  -  SlowMate_v0.0.00_DELTA

PGN-File: C:\Program Files (x86)\Arena\Tournaments\Slowmate_tournament_20250722.pgn

No:  B/W 1/2     W:B       1:2           Time        Value Moves Dep 1:2       1-2-Draws
   2 W 2    1.0:0.0        1.0:1.0       8:54:11 PM   +11.79    30 0:0 1-1-0

--------------------------------------------------------------

Engine-Match Tuesday, July 22, 2025 8:54:12 PM
 Blitz 2/1 

Pairing 4/6 :    SlowMate_v0.1.0_BETA  -  SlowMate_v0.3.0_BETA

PGN-File: C:\Program Files (x86)\Arena\Tournaments\Slowmate_tournament_20250722.pgn

No:  B/W 1/2     W:B       1:2           Time        Value Moves Dep 1:2       1-2-Draws
   2 B 1    1.0:0.0        2.0:0.0       8:54:22 PM  -140.00     8 0:8.000  2-0-0

--------------------------------------------------------------

Engine-Match Tuesday, July 22, 2025 8:54:23 PM
 Blitz 2/1 

Pairing 5/6 :    SlowMate_v0.0.00_DELTA  -  SlowMate_v0.1.0_BETA

PGN-File: C:\Program Files (x86)\Arena\Tournaments\Slowmate_tournament_20250722.pgn

No:  B/W 1/2     W:B       1:2           Time        Value Moves Dep 1:2       1-2-Draws
   2 W 2    1.0:0.0        1.0:1.0       8:54:48 PM   +14.98    35 0:0 1-1-0

--------------------------------------------------------------

Engine-Match Tuesday, July 22, 2025 8:54:49 PM
 Blitz 2/1 

Pairing 6/6 :    SlowMate_v0.3.0_BETA  -  SlowMate_v0.2.0_BETA

PGN-File: C:\Program Files (x86)\Arena\Tournaments\Slowmate_tournament_20250722.pgn

No:  B/W 1/2     W:B       1:2           Time        Value Moves Dep 1:2       1-2-Draws
   2 B 1    1.0:0.0        1.0:1.0       8:55:13 PM   -11.25    38 8.000 :0 1-1-0

--------------------------------------------------------------

Engine-Match Tuesday, July 22, 2025 8:55:14 PM
 Blitz 2/1 

Pairing 1/6 :    SlowMate_v0.0.00_DELTA  -  SlowMate_v0.3.0_BETA

PGN-File: C:\Program Files (x86)\Arena\Tournaments\Slowmate_tournament_20250722.pgn

No:  B/W 1/2     W:B       1:2           Time        Value Moves Dep 1:2       1-2-Draws
   3 W 1    1.0:0.0        2.0:1.0       8:55:30 PM  +234.00    14 0:8.000  2-1-0

--------------------------------------------------------------

Engine-Match Tuesday, July 22, 2025 8:55:31 PM
 Blitz 2/1 

Pairing 2/6 :    SlowMate_v0.2.0_BETA  -  SlowMate_v0.1.0_BETA

PGN-File: C:\Program Files (x86)\Arena\Tournaments\Slowmate_tournament_20250722.pgn

No:  B/W 1/2     W:B       1:2           Time        Value Moves Dep 1:2       1-2-Draws
   3 W 1    1.0:0.0        1.0:2.0       8:55:45 PM   +18.51    20 0:0 1-2-0

--------------------------------------------------------------

Engine-Match Tuesday, July 22, 2025 8:55:46 PM
 Blitz 2/1 

Pairing 3/6 :    SlowMate_v0.2.0_BETA  -  SlowMate_v0.0.00_DELTA

PGN-File: C:\Program Files (x86)\Arena\Tournaments\Slowmate_tournament_20250722.pgn

No:  B/W 1/2     W:B       1:2           Time        Value Moves Dep 1:2       1-2-Draws
   3 B 2    1.0:0.0        1.0:2.0       8:56:02 PM   -11.53    29 0:0 1-2-0

--------------------------------------------------------------

Engine-Match Tuesday, July 22, 2025 8:56:03 PM
 Blitz 2/1 

Pairing 4/6 :    SlowMate_v0.1.0_BETA  -  SlowMate_v0.3.0_BETA

PGN-File: C:\Program Files (x86)\Arena\Tournaments\Slowmate_tournament_20250722.pgn

No:  B/W 1/2     W:B       1:2           Time        Value Moves Dep 1:2       1-2-Draws
   3 W 1    1.0:0.0        3.0:0.0       8:56:16 PM   +38.00    11 0:8.000  3-0-0

--------------------------------------------------------------

Engine-Match Tuesday, July 22, 2025 8:56:18 PM
 Blitz 2/1 

Pairing 5/6 :    SlowMate_v0.0.00_DELTA  -  SlowMate_v0.1.0_BETA

PGN-File: C:\Program Files (x86)\Arena\Tournaments\Slowmate_tournament_20250722.pgn

No:  B/W 1/2     W:B       1:2           Time        Value Moves Dep 1:2       1-2-Draws
   3 W 1    1.0:0.0        2.0:1.0       8:56:40 PM   +14.85    31 0:0 2-1-0

--------------------------------------------------------------

Engine-Match Tuesday, July 22, 2025 8:56:41 PM
 Blitz 2/1 

Pairing 6/6 :    SlowMate_v0.3.0_BETA  -  SlowMate_v0.2.0_BETA

PGN-File: C:\Program Files (x86)\Arena\Tournaments\Slowmate_tournament_20250722.pgn

No:  B/W 1/2     W:B       1:2           Time        Value Moves Dep 1:2       1-2-Draws
   3 W 1    1.0:0.0        2.0:1.0       8:57:01 PM   +10.12    29 8.000 :0 2-1-0

--------------------------------------------------------------

Engine-Match Tuesday, July 22, 2025 8:57:02 PM
 Blitz 2/1 

Pairing 1/6 :    SlowMate_v0.0.00_DELTA  -  SlowMate_v0.3.0_BETA

PGN-File: C:\Program Files (x86)\Arena\Tournaments\Slowmate_tournament_20250722.pgn

No:  B/W 1/2     W:B       1:2           Time        Value Moves Dep 1:2       1-2-Draws
   4 W 2    1.0:0.0        2.0:2.0       8:57:22 PM   +18.51    20 0:8.000  2-2-0

--------------------------------------------------------------

Engine-Match Tuesday, July 22, 2025 8:57:23 PM
 Blitz 2/1 

Pairing 2/6 :    SlowMate_v0.2.0_BETA  -  SlowMate_v0.1.0_BETA

PGN-File: C:\Program Files (x86)\Arena\Tournaments\Slowmate_tournament_20250722.pgn

No:  B/W 1/2     W:B       1:2           Time        Value Moves Dep 1:2       1-2-Draws
   4 W 2    1.0:0.0        1.0:3.0       8:57:42 PM   +11.79    30 0:0 1-3-0

--------------------------------------------------------------

Engine-Match Tuesday, July 22, 2025 8:57:43 PM
 Blitz 2/1 

Pairing 3/6 :    SlowMate_v0.2.0_BETA  -  SlowMate_v0.0.00_DELTA

PGN-File: C:\Program Files (x86)\Arena\Tournaments\Slowmate_tournament_20250722.pgn

No:  B/W 1/2     W:B       1:2           Time        Value Moves Dep 1:2       1-2-Draws
   4 W 2    1.0:0.0        1.0:3.0       8:57:55 PM   +18.94    18 0:0 1-3-0

--------------------------------------------------------------

Engine-Match Tuesday, July 22, 2025 8:57:56 PM
 Blitz 2/1 

Pairing 4/6 :    SlowMate_v0.1.0_BETA  -  SlowMate_v0.3.0_BETA

PGN-File: C:\Program Files (x86)\Arena\Tournaments\Slowmate_tournament_20250722.pgn

No:  B/W 1/2     W:B       1:2           Time        Value Moves Dep 1:2       1-2-Draws
   4 B 1    1.0:0.0        4.0:0.0       8:58:06 PM  -140.00     8 0:8.000  4-0-0

--------------------------------------------------------------

Engine-Match Tuesday, July 22, 2025 8:58:07 PM
 Blitz 2/1 

Pairing 5/6 :    SlowMate_v0.0.00_DELTA  -  SlowMate_v0.1.0_BETA

PGN-File: C:\Program Files (x86)\Arena\Tournaments\Slowmate_tournament_20250722.pgn

No:  B/W 1/2     W:B       1:2           Time        Value Moves Dep 1:2       1-2-Draws
   4 W 2    1.0:0.0        2.0:2.0       8:58:32 PM   +14.98    35 0:0 2-2-0

--------------------------------------------------------------

Engine-Match Tuesday, July 22, 2025 8:58:33 PM
 Blitz 2/1 

Pairing 6/6 :    SlowMate_v0.3.0_BETA  -  SlowMate_v0.2.0_BETA

PGN-File: C:\Program Files (x86)\Arena\Tournaments\Slowmate_tournament_20250722.pgn

No:  B/W 1/2     W:B       1:2           Time        Value Moves Dep 1:2       1-2-Draws
   4 W 2    1.0:0.0        2.0:2.0       8:58:43 PM    +M500    10 8.000 :0 2-2-0

--------------------------------------------------------------

Engine-Match Tuesday, July 22, 2025 8:58:44 PM
 Blitz 2/1 

Pairing 1/6 :    SlowMate_v0.0.00_DELTA  -  SlowMate_v0.3.0_BETA

PGN-File: C:\Program Files (x86)\Arena\Tournaments\Slowmate_tournament_20250722.pgn

No:  B/W 1/2     W:B       1:2           Time        Value Moves Dep 1:2       1-2-Draws
   5 W 1    1.0:0.0        3.0:2.0       8:59:08 PM    +M500    28 0:8.000  3-2-0

--------------------------------------------------------------

Engine-Match Tuesday, July 22, 2025 8:59:15 PM
 Blitz 2/1 

Pairing 2/6 :    SlowMate_v0.2.0_BETA  -  SlowMate_v0.1.0_BETA

PGN-File: C:\Program Files (x86)\Arena\Tournaments\Slowmate_tournament_20250722.pgn

No:  B/W 1/2     W:B       1:2           Time        Value Moves Dep 1:2       1-2-Draws
   5 W 1    1.0:0.0        2.0:3.0       8:59:46 PM   +11.80    63 0:0 2-3-0

--------------------------------------------------------------

Engine-Match Tuesday, July 22, 2025 8:59:47 PM
 Blitz 2/1 

Pairing 3/6 :    SlowMate_v0.2.0_BETA  -  SlowMate_v0.0.00_DELTA

PGN-File: C:\Program Files (x86)\Arena\Tournaments\Slowmate_tournament_20250722.pgn

No:  B/W 1/2     W:B       1:2           Time        Value Moves Dep 1:2       1-2-Draws
   5 W 1    1.0:0.0        2.0:3.0       9:00:12 PM    +4.87    52 0:0 2-3-0

--------------------------------------------------------------

Engine-Match Tuesday, July 22, 2025 9:00:13 PM
 Blitz 2/1 

Pairing 4/6 :    SlowMate_v0.1.0_BETA  -  SlowMate_v0.3.0_BETA

PGN-File: C:\Program Files (x86)\Arena\Tournaments\Slowmate_tournament_20250722.pgn

No:  B/W 1/2     W:B       1:2           Time        Value Moves Dep 1:2       1-2-Draws
   5 W 1    1.0:0.0        5.0:0.0       9:00:29 PM    +M500    14 0:8.000  5-0-0

--------------------------------------------------------------

Engine-Match Tuesday, July 22, 2025 9:00:30 PM
 Blitz 2/1 

Pairing 5/6 :    SlowMate_v0.0.00_DELTA  -  SlowMate_v0.1.0_BETA

PGN-File: C:\Program Files (x86)\Arena\Tournaments\Slowmate_tournament_20250722.pgn

No:  B/W 1/2     W:B       1:2           Time        Value Moves Dep 1:2       1-2-Draws
   5 W 1    1.0:0.0        3.0:2.0       9:00:41 PM   +27.03    11 0:0 3-2-0

--------------------------------------------------------------

Engine-Match Tuesday, July 22, 2025 9:00:42 PM
 Blitz 2/1 

Pairing 6/6 :    SlowMate_v0.3.0_BETA  -  SlowMate_v0.2.0_BETA

PGN-File: C:\Program Files (x86)\Arena\Tournaments\Slowmate_tournament_20250722.pgn

No:  B/W 1/2     W:B       1:2           Time        Value Moves Dep 1:2       1-2-Draws
   5 B 2    1.0:0.0        2.0:3.0       9:01:05 PM    -M500    37 8.000 :0 2-3-0

--------------------------------------------------------------

Engine-Match Tuesday, July 22, 2025 9:01:07 PM
 Blitz 2/1 

Pairing 1/6 :    SlowMate_v0.0.00_DELTA  -  SlowMate_v0.3.0_BETA

PGN-File: C:\Program Files (x86)\Arena\Tournaments\Slowmate_tournament_20250722.pgn

No:  B/W 1/2     W:B       1:2           Time        Value Moves Dep 1:2       1-2-Draws
   6 B 1    1.0:0.0        4.0:2.0       9:01:16 PM  -140.00     8 0:8.000  4-2-0

--------------------------------------------------------------

Engine-Match Tuesday, July 22, 2025 9:01:17 PM
 Blitz 2/1 

Pairing 2/6 :    SlowMate_v0.2.0_BETA  -  SlowMate_v0.1.0_BETA

PGN-File: C:\Program Files (x86)\Arena\Tournaments\Slowmate_tournament_20250722.pgn

No:  B/W 1/2     W:B       1:2           Time        Value Moves Dep 1:2       1-2-Draws
   6 W 2    1.0:0.0        2.0:4.0       9:01:36 PM   +11.79    30 0:0 2-4-0

--------------------------------------------------------------

Engine-Match Tuesday, July 22, 2025 9:01:37 PM
 Blitz 2/1 

Pairing 3/6 :    SlowMate_v0.2.0_BETA  -  SlowMate_v0.0.00_DELTA

PGN-File: C:\Program Files (x86)\Arena\Tournaments\Slowmate_tournament_20250722.pgn

No:  B/W 1/2     W:B       1:2           Time        Value Moves Dep 1:2       1-2-Draws
   6 W 2    1.0:0.0        2.0:4.0       9:01:49 PM   +18.94    18 0:0 2-4-0

--------------------------------------------------------------

Engine-Match Tuesday, July 22, 2025 9:01:50 PM
 Blitz 2/1 

Pairing 4/6 :    SlowMate_v0.1.0_BETA  -  SlowMate_v0.3.0_BETA

PGN-File: C:\Program Files (x86)\Arena\Tournaments\Slowmate_tournament_20250722.pgn

No:  B/W 1/2     W:B       1:2           Time        Value Moves Dep 1:2       1-2-Draws
   6 W 2    1.0:0.0        5.0:1.0       9:02:10 PM   +18.51    20 0:8.000  5-1-0

--------------------------------------------------------------

Engine-Match Tuesday, July 22, 2025 9:02:12 PM
 Blitz 2/1 

Pairing 5/6 :    SlowMate_v0.0.00_DELTA  -  SlowMate_v0.1.0_BETA

PGN-File: C:\Program Files (x86)\Arena\Tournaments\Slowmate_tournament_20250722.pgn

No:  B/W 1/2     W:B       1:2           Time        Value Moves Dep 1:2       1-2-Draws
   6 W 2    1.0:0.0        3.0:3.0       9:02:22 PM   +27.03    11 0:0 3-3-0

--------------------------------------------------------------

Engine-Match Tuesday, July 22, 2025 9:02:23 PM
 Blitz 2/1 

Pairing 6/6 :    SlowMate_v0.3.0_BETA  -  SlowMate_v0.2.0_BETA

PGN-File: C:\Program Files (x86)\Arena\Tournaments\Slowmate_tournament_20250722.pgn

No:  B/W 1/2     W:B       1:2           Time        Value Moves Dep 1:2       1-2-Draws
   6 B 1    1.0:0.0        3.0:3.0       9:02:47 PM    -9.60    38 8.000 :0 3-3-0

--------------------------------------------------------------

Engine-Match Tuesday, July 22, 2025 9:02:49 PM
 Blitz 2/1 

Pairing 1/6 :    SlowMate_v0.0.00_DELTA  -  SlowMate_v0.3.0_BETA

PGN-File: C:\Program Files (x86)\Arena\Tournaments\Slowmate_tournament_20250722.pgn

No:  B/W 1/2     W:B       1:2           Time        Value Moves Dep 1:2       1-2-Draws
   7 W 1    1.0:0.0        5.0:2.0       9:03:04 PM  +234.00    14 0:8.000  5-2-0

--------------------------------------------------------------

Engine-Match Tuesday, July 22, 2025 9:03:05 PM
 Blitz 2/1 

Pairing 2/6 :    SlowMate_v0.2.0_BETA  -  SlowMate_v0.1.0_BETA

PGN-File: C:\Program Files (x86)\Arena\Tournaments\Slowmate_tournament_20250722.pgn

No:  B/W 1/2     W:B       1:2           Time        Value Moves Dep 1:2       1-2-Draws
   7 B 2    1.0:0.0        2.0:5.0       9:03:23 PM   -11.53    29 0:0 2-5-0

--------------------------------------------------------------

Engine-Match Tuesday, July 22, 2025 9:03:24 PM
 Blitz 2/1 

Pairing 3/6 :    SlowMate_v0.2.0_BETA  -  SlowMate_v0.0.00_DELTA

PGN-File: C:\Program Files (x86)\Arena\Tournaments\Slowmate_tournament_20250722.pgn

No:  B/W 1/2     W:B       1:2           Time        Value Moves Dep 1:2       1-2-Draws
   7 B 2    1.0:0.0        2.0:5.0       9:03:50 PM   -14.16    51 0:0 2-5-0

--------------------------------------------------------------

Engine-Match Tuesday, July 22, 2025 9:03:51 PM
 Blitz 2/1 

Pairing 4/6 :    SlowMate_v0.1.0_BETA  -  SlowMate_v0.3.0_BETA

PGN-File: C:\Program Files (x86)\Arena\Tournaments\Slowmate_tournament_20250722.pgn

No:  B/W 1/2     W:B       1:2           Time        Value Moves Dep 1:2       1-2-Draws
   7 W 1    1.0:0.0        6.0:1.0       9:04:07 PM    +M500    14 0:8.000  6-1-0

--------------------------------------------------------------

Engine-Match Tuesday, July 22, 2025 9:04:08 PM
 Blitz 2/1 

Pairing 5/6 :    SlowMate_v0.0.00_DELTA  -  SlowMate_v0.1.0_BETA

PGN-File: C:\Program Files (x86)\Arena\Tournaments\Slowmate_tournament_20250722.pgn

No:  B/W 1/2     W:B       1:2           Time        Value Moves Dep 1:2       1-2-Draws
   7 W 1    1.0:0.0        4.0:3.0       9:04:18 PM   +27.03    11 0:0 4-3-0

--------------------------------------------------------------

Engine-Match Tuesday, July 22, 2025 9:04:20 PM
 Blitz 2/1 

Pairing 6/6 :    SlowMate_v0.3.0_BETA  -  SlowMate_v0.2.0_BETA

PGN-File: C:\Program Files (x86)\Arena\Tournaments\Slowmate_tournament_20250722.pgn

No:  B/W 1/2     W:B       1:2           Time        Value Moves Dep 1:2       1-2-Draws
   7 W 1    1.0:0.0        4.0:3.0       9:04:39 PM   +10.12    29 8.000 :0 4-3-0

--------------------------------------------------------------

Engine-Match Tuesday, July 22, 2025 9:04:41 PM
 Blitz 2/1 

Pairing 1/6 :    SlowMate_v0.0.00_DELTA  -  SlowMate_v0.3.0_BETA

PGN-File: C:\Program Files (x86)\Arena\Tournaments\Slowmate_tournament_20250722.pgn

No:  B/W 1/2     W:B       1:2           Time        Value Moves Dep 1:2       1-2-Draws
   8 B 1    1.0:0.0        6.0:2.0       9:04:50 PM  -140.00     8 0:8.000  6-2-0

--------------------------------------------------------------

Engine-Match Tuesday, July 22, 2025 9:04:51 PM
 Blitz 2/1 

Pairing 2/6 :    SlowMate_v0.2.0_BETA  -  SlowMate_v0.1.0_BETA

PGN-File: C:\Program Files (x86)\Arena\Tournaments\Slowmate_tournament_20250722.pgn

No:  B/W 1/2     W:B       1:2           Time        Value Moves Dep 1:2       1-2-Draws
   8 B 1    1.0:0.0        3.0:5.0       9:05:50 PM   -11.05   134 0:0 3-5-0

--------------------------------------------------------------

Engine-Match Tuesday, July 22, 2025 9:05:51 PM
 Blitz 2/1 

Pairing 3/6 :    SlowMate_v0.2.0_BETA  -  SlowMate_v0.0.00_DELTA

PGN-File: C:\Program Files (x86)\Arena\Tournaments\Slowmate_tournament_20250722.pgn

No:  B/W 1/2     W:B       1:2           Time        Value Moves Dep 1:2       1-2-Draws
   8 = =    0.5:0.5        2.5:5.5       9:06:36 PM    +1.30   101 0:0 2-5-1

--------------------------------------------------------------

Engine-Match Tuesday, July 22, 2025 9:06:42 PM
 Blitz 2/1 

Pairing 4/6 :    SlowMate_v0.1.0_BETA  -  SlowMate_v0.3.0_BETA

PGN-File: C:\Program Files (x86)\Arena\Tournaments\Slowmate_tournament_20250722.pgn

No:  B/W 1/2     W:B       1:2           Time        Value Moves Dep 1:2       1-2-Draws
   8 B 1    1.0:0.0        7.0:1.0       9:06:51 PM  -140.00     8 0:8.000  7-1-0

--------------------------------------------------------------

Engine-Match Tuesday, July 22, 2025 9:06:52 PM
 Blitz 2/1 

Pairing 5/6 :    SlowMate_v0.0.00_DELTA  -  SlowMate_v0.1.0_BETA

PGN-File: C:\Program Files (x86)\Arena\Tournaments\Slowmate_tournament_20250722.pgn

No:  B/W 1/2     W:B       1:2           Time        Value Moves Dep 1:2       1-2-Draws
   8 W 2    1.0:0.0        4.0:4.0       9:07:03 PM   +27.03    11 0:0 4-4-0

--------------------------------------------------------------

Engine-Match Tuesday, July 22, 2025 9:07:04 PM
 Blitz 2/1 

Pairing 6/6 :    SlowMate_v0.3.0_BETA  -  SlowMate_v0.2.0_BETA

PGN-File: C:\Program Files (x86)\Arena\Tournaments\Slowmate_tournament_20250722.pgn

No:  B/W 1/2     W:B       1:2           Time        Value Moves Dep 1:2       1-2-Draws
   8 W 2    1.0:0.0        4.0:4.0       9:07:28 PM    +M500    33 8.000 :0 4-4-0

--------------------------------------------------------------

Engine-Match Tuesday, July 22, 2025 9:07:29 PM
 Blitz 2/1 

Pairing 1/6 :    SlowMate_v0.0.00_DELTA  -  SlowMate_v0.3.0_BETA

PGN-File: C:\Program Files (x86)\Arena\Tournaments\Slowmate_tournament_20250722.pgn

No:  B/W 1/2     W:B       1:2           Time        Value Moves Dep 1:2       1-2-Draws
   9 W 1    1.0:0.0        7.0:2.0       9:07:54 PM    +M500    28 0:8.000  7-2-0

--------------------------------------------------------------

Engine-Match Tuesday, July 22, 2025 9:07:55 PM
 Blitz 2/1 

Pairing 2/6 :    SlowMate_v0.2.0_BETA  -  SlowMate_v0.1.0_BETA

PGN-File: C:\Program Files (x86)\Arena\Tournaments\Slowmate_tournament_20250722.pgn

No:  B/W 1/2     W:B       1:2           Time        Value Moves Dep 1:2       1-2-Draws
   9 B 2    1.0:0.0        3.0:6.0       9:09:24 PM   -12.90   211 0:0 3-6-0

--------------------------------------------------------------

Engine-Match Tuesday, July 22, 2025 9:09:25 PM
 Blitz 2/1 

Pairing 3/6 :    SlowMate_v0.2.0_BETA  -  SlowMate_v0.0.00_DELTA

PGN-File: C:\Program Files (x86)\Arena\Tournaments\Slowmate_tournament_20250722.pgn

No:  B/W 1/2     W:B       1:2           Time        Value Moves Dep 1:2       1-2-Draws
   9 B 2    1.5:0.5        2.5:6.5       9:09:39 PM   -13.33    24 0:0 2-6-1

--------------------------------------------------------------

Engine-Match Tuesday, July 22, 2025 9:09:40 PM
 Blitz 2/1 

Pairing 4/6 :    SlowMate_v0.1.0_BETA  -  SlowMate_v0.3.0_BETA

PGN-File: C:\Program Files (x86)\Arena\Tournaments\Slowmate_tournament_20250722.pgn

No:  B/W 1/2     W:B       1:2           Time        Value Moves Dep 1:2       1-2-Draws
   9 W 1    1.0:0.0        8.0:1.0       9:09:53 PM   +38.00    11 0:8.000  8-1-0

--------------------------------------------------------------

Engine-Match Tuesday, July 22, 2025 9:09:54 PM
 Blitz 2/1 

Pairing 5/6 :    SlowMate_v0.0.00_DELTA  -  SlowMate_v0.1.0_BETA

PGN-File: C:\Program Files (x86)\Arena\Tournaments\Slowmate_tournament_20250722.pgn

No:  B/W 1/2     W:B       1:2           Time        Value Moves Dep 1:2       1-2-Draws
   9 W 1    1.0:0.0        5.0:4.0       9:10:05 PM   +27.03    11 0:0 5-4-0

--------------------------------------------------------------

Engine-Match Tuesday, July 22, 2025 9:10:06 PM
 Blitz 2/1 

Pairing 6/6 :    SlowMate_v0.3.0_BETA  -  SlowMate_v0.2.0_BETA

PGN-File: C:\Program Files (x86)\Arena\Tournaments\Slowmate_tournament_20250722.pgn

No:  B/W 1/2     W:B       1:2           Time        Value Moves Dep 1:2       1-2-Draws
   9 B 2    1.0:0.0        4.0:5.0       9:10:24 PM  -165.00    26 8.000 :0 4-5-0

--------------------------------------------------------------

Engine-Match Tuesday, July 22, 2025 9:10:25 PM
 Blitz 2/1 

Pairing 1/6 :    SlowMate_v0.0.00_DELTA  -  SlowMate_v0.3.0_BETA

PGN-File: C:\Program Files (x86)\Arena\Tournaments\Slowmate_tournament_20250722.pgn

No:  B/W 1/2     W:B       1:2           Time        Value Moves Dep 1:2       1-2-Draws
  10 W 2    1.0:0.0        7.0:3.0       9:10:45 PM   +18.51    20 0:8.000  7-3-0

--------------------------------------------------------------

Engine-Match Tuesday, July 22, 2025 9:10:46 PM
 Blitz 2/1 

Pairing 2/6 :    SlowMate_v0.2.0_BETA  -  SlowMate_v0.1.0_BETA

PGN-File: C:\Program Files (x86)\Arena\Tournaments\Slowmate_tournament_20250722.pgn

No:  B/W 1/2     W:B       1:2           Time        Value Moves Dep 1:2       1-2-Draws
  10 B 1    1.0:0.0        4.0:6.0       9:11:05 PM   -11.38    34 0:0 4-6-0

--------------------------------------------------------------

Engine-Match Tuesday, July 22, 2025 9:11:06 PM
 Blitz 2/1 

Pairing 3/6 :    SlowMate_v0.2.0_BETA  -  SlowMate_v0.0.00_DELTA

PGN-File: C:\Program Files (x86)\Arena\Tournaments\Slowmate_tournament_20250722.pgn

No:  B/W 1/2     W:B       1:2           Time        Value Moves Dep 1:2       1-2-Draws
  10 W 2    1.5:0.5        2.5:7.5       9:11:23 PM   +11.79    30 0:0 2-7-1

--------------------------------------------------------------

Engine-Match Tuesday, July 22, 2025 9:11:25 PM
 Blitz 2/1 

Pairing 4/6 :    SlowMate_v0.1.0_BETA  -  SlowMate_v0.3.0_BETA

PGN-File: C:\Program Files (x86)\Arena\Tournaments\Slowmate_tournament_20250722.pgn

No:  B/W 1/2     W:B       1:2           Time        Value Moves Dep 1:2       1-2-Draws
  10 B 1    1.0:0.0        9.0:1.0       9:11:34 PM  -140.00     8 0:8.000  9-1-0

--------------------------------------------------------------

Engine-Match Tuesday, July 22, 2025 9:11:36 PM
 Blitz 2/1 

Pairing 5/6 :    SlowMate_v0.0.00_DELTA  -  SlowMate_v0.1.0_BETA

PGN-File: C:\Program Files (x86)\Arena\Tournaments\Slowmate_tournament_20250722.pgn

No:  B/W 1/2     W:B       1:2           Time        Value Moves Dep 1:2       1-2-Draws
  10 W 2    1.0:0.0        5.0:5.0       9:11:46 PM   +27.03    11 0:0 5-5-0

--------------------------------------------------------------

Engine-Match Tuesday, July 22, 2025 9:11:48 PM
 Blitz 2/1 

Pairing 6/6 :    SlowMate_v0.3.0_BETA  -  SlowMate_v0.2.0_BETA

PGN-File: C:\Program Files (x86)\Arena\Tournaments\Slowmate_tournament_20250722.pgn

No:  B/W 1/2     W:B       1:2           Time        Value Moves Dep 1:2       1-2-Draws
  10 W 2    1.0:0.0        4.0:6.0       9:11:57 PM    +M500    10 8.000 :0 4-6-0
