Engine-Match Friday, August 15, 2025 9:11:24 AM
 Blitz 2/1 

Pairing 1/21 :    Cece_v2.2  -  Stockfish 1%

PGN-File: C:\Program Files (x86)\Arena\Tournaments\Engine Battle 20250815.pgn

No:  B/W 1/2     W:B       1:2           Time        Value Moves Dep 1:2       1-2-Draws
   1 B 2    1.0:0.0        0.0:1.0       9:12:56 AM      -M1    26 0:12.167  0-1-0

--------------------------------------------------------------

Engine-Match Friday, August 15, 2025 9:12:57 AM
 Blitz 2/1 

Pairing 2/21 :    V7P3RAI_v1.0  -  Random_Opponent

PGN-File: C:\Program Files (x86)\Arena\Tournaments\Engine Battle 20250815.pgn

No:  B/W 1/2     W:B       1:2           Time        Value Moves Dep 1:2       1-2-Draws
   1 W 1    1.0:0.0        1.0:0.0       9:13:08 AM     0.00    18 0:0 1-0-0

--------------------------------------------------------------

Engine-Match Friday, August 15, 2025 9:13:09 AM
 Blitz 2/1 

Pairing 3/21 :    Slowmate_v1.0  -  V7P3R_v4.1

PGN-File: C:\Program Files (x86)\Arena\Tournaments\Engine Battle 20250815.pgn

No:  B/W 1/2     W:B       1:2           Time        Value Moves Dep 1:2       1-2-Draws
   1 W 1    1.0:0.0        1.0:0.0       9:16:02 AM     0.00    24 0:0 1-0-0

--------------------------------------------------------------

Engine-Match Friday, August 15, 2025 9:16:03 AM
 Blitz 2/1 

Pairing 4/21 :    Copycat_v2.0  -  V7P3RAI_v1.0

PGN-File: C:\Program Files (x86)\Arena\Tournaments\Engine Battle 20250815.pgn

No:  B/W 1/2     W:B       1:2           Time        Value Moves Dep 1:2       1-2-Draws
   1 = =    0.5:0.5        0.5:0.5       9:18:21 AM     0.00    47 0:0 0-0-1

--------------------------------------------------------------

Engine-Match Friday, August 15, 2025 9:18:23 AM
 Blitz 2/1 

Pairing 5/21 :    V7P3R_v4.1  -  Cece_v2.2

PGN-File: C:\Program Files (x86)\Arena\Tournaments\Engine Battle 20250815.pgn

No:  B/W 1/2     W:B       1:2           Time        Value Moves Dep 1:2       1-2-Draws
   1 B 2    1.0:0.0        0.0:1.0       9:22:58 AM     0.00    36 0:0 0-1-0

--------------------------------------------------------------

Engine-Match Friday, August 15, 2025 9:22:59 AM
 Blitz 2/1 

Pairing 6/21 :    Random_Opponent  -  Slowmate_v1.0

PGN-File: C:\Program Files (x86)\Arena\Tournaments\Engine Battle 20250815.pgn

No:  B/W 1/2     W:B       1:2           Time        Value Moves Dep 1:2       1-2-Draws
   1 B 2    1.0:0.0        0.0:1.0       9:23:22 AM     0.00    29 0:0 0-1-0

--------------------------------------------------------------

Engine-Match Friday, August 15, 2025 9:23:24 AM
 Blitz 2/1 

Pairing 7/21 :    Stockfish 1%  -  V7P3R_v4.1

PGN-File: C:\Program Files (x86)\Arena\Tournaments\Engine Battle 20250815.pgn

No:  B/W 1/2     W:B       1:2           Time        Value Moves Dep 1:2       1-2-Draws
   1 W 1    1.0:0.0        1.0:0.0       9:25:56 AM     0.00    18 11.500 :0 1-0-0

--------------------------------------------------------------

Engine-Match Friday, August 15, 2025 9:25:58 AM
 Blitz 2/1 

Pairing 8/21 :    Slowmate_v1.0  -  Copycat_v2.0

PGN-File: C:\Program Files (x86)\Arena\Tournaments\Engine Battle 20250815.pgn

No:  B/W 1/2     W:B       1:2           Time        Value Moves Dep 1:2       1-2-Draws
   1 W 1    1.0:0.0        1.0:0.0       9:28:12 AM     0.00     1 0:0 1-0-0

--------------------------------------------------------------

Engine-Match Friday, August 15, 2025 9:28:14 AM
 Blitz 2/1 

Pairing 9/21 :    Cece_v2.2  -  Random_Opponent

PGN-File: C:\Program Files (x86)\Arena\Tournaments\Engine Battle 20250815.pgn

No:  B/W 1/2     W:B       1:2           Time        Value Moves Dep 1:2       1-2-Draws
   1 W 1    1.0:0.0        1.0:0.0       9:30:13 AM     0.00    37 0:0 1-0-0

--------------------------------------------------------------

Engine-Match Friday, August 15, 2025 9:30:14 AM
 Blitz 2/1 

Pairing 10/21 :    V7P3RAI_v1.0  -  Slowmate_v1.0

PGN-File: C:\Program Files (x86)\Arena\Tournaments\Engine Battle 20250815.pgn

No:  B/W 1/2     W:B       1:2           Time        Value Moves Dep 1:2       1-2-Draws
   1 B 2    1.0:0.0        0.0:1.0       9:30:43 AM     0.00    32 0:0 0-1-0

--------------------------------------------------------------

Engine-Match Friday, August 15, 2025 9:30:44 AM
 Blitz 2/1 

Pairing 11/21 :    Random_Opponent  -  Stockfish 1%

PGN-File: C:\Program Files (x86)\Arena\Tournaments\Engine Battle 20250815.pgn

No:  B/W 1/2     W:B       1:2           Time        Value Moves Dep 1:2       1-2-Draws
   1 B 2    1.0:0.0        0.0:1.0       9:31:01 AM      -M1    37 0:13.750  0-1-0

--------------------------------------------------------------

Engine-Match Friday, August 15, 2025 9:31:02 AM
 Blitz 2/1 

Pairing 12/21 :    Copycat_v2.0  -  Cece_v2.2

PGN-File: C:\Program Files (x86)\Arena\Tournaments\Engine Battle 20250815.pgn

No:  B/W 1/2     W:B       1:2           Time        Value Moves Dep 1:2       1-2-Draws
   1 B 2    1.0:0.0        0.0:1.0       9:33:03 AM     0.00    18 0:0 0-1-0

--------------------------------------------------------------

Engine-Match Friday, August 15, 2025 9:33:04 AM
 Blitz 2/1 

Pairing 13/21 :    V7P3R_v4.1  -  Random_Opponent

PGN-File: C:\Program Files (x86)\Arena\Tournaments\Engine Battle 20250815.pgn

No:  B/W 1/2     W:B       1:2           Time        Value Moves Dep 1:2       1-2-Draws
   1 W 1    1.0:0.0        1.0:0.0       9:35:01 AM     0.00    31 0:0 1-0-0

--------------------------------------------------------------

Engine-Match Friday, August 15, 2025 9:35:02 AM
 Blitz 2/1 

Pairing 14/21 :    Cece_v2.2  -  V7P3RAI_v1.0

PGN-File: C:\Program Files (x86)\Arena\Tournaments\Engine Battle 20250815.pgn

No:  B/W 1/2     W:B       1:2           Time        Value Moves Dep 1:2       1-2-Draws
   1 W 1    1.0:0.0        1.0:0.0       9:36:22 AM     0.00    21 0:0 1-0-0

--------------------------------------------------------------

Engine-Match Friday, August 15, 2025 9:36:24 AM
 Blitz 2/1 

Pairing 15/21 :    Stockfish 1%  -  Copycat_v2.0

PGN-File: C:\Program Files (x86)\Arena\Tournaments\Engine Battle 20250815.pgn

No:  B/W 1/2     W:B       1:2           Time        Value Moves Dep 1:2       1-2-Draws
   1 W 1    1.0:0.0        1.0:0.0       9:38:38 AM     0.00     1 14.000 :0 1-0-0

--------------------------------------------------------------

Engine-Match Friday, August 15, 2025 9:38:40 AM
 Blitz 2/1 

Pairing 16/21 :    Slowmate_v1.0  -  Cece_v2.2

PGN-File: C:\Program Files (x86)\Arena\Tournaments\Engine Battle 20250815.pgn

No:  B/W 1/2     W:B       1:2           Time        Value Moves Dep 1:2       1-2-Draws
   1 W 1    1.0:0.0        1.0:0.0       9:40:08 AM     0.00    20 0:0 1-0-0

--------------------------------------------------------------

Engine-Match Friday, August 15, 2025 9:40:09 AM
 Blitz 2/1 

Pairing 17/21 :    Copycat_v2.0  -  V7P3R_v4.1

PGN-File: C:\Program Files (x86)\Arena\Tournaments\Engine Battle 20250815.pgn

No:  B/W 1/2     W:B       1:2           Time        Value Moves Dep 1:2       1-2-Draws
   1 B 2    1.0:0.0        0.0:1.0       9:41:40 AM     0.00    12 0:0 0-1-0

--------------------------------------------------------------

Engine-Match Friday, August 15, 2025 9:41:41 AM
 Blitz 2/1 

Pairing 18/21 :    V7P3RAI_v1.0  -  Stockfish 1%

PGN-File: C:\Program Files (x86)\Arena\Tournaments\Engine Battle 20250815.pgn

No:  B/W 1/2     W:B       1:2           Time        Value Moves Dep 1:2       1-2-Draws
   1 B 2    1.0:0.0        0.0:1.0       9:41:57 AM      -M1    22 0:10.500  0-1-0

--------------------------------------------------------------

Engine-Match Friday, August 15, 2025 9:41:58 AM
 Blitz 2/1 

Pairing 19/21 :    Random_Opponent  -  Copycat_v2.0

PGN-File: C:\Program Files (x86)\Arena\Tournaments\Engine Battle 20250815.pgn

No:  B/W 1/2     W:B       1:2           Time        Value Moves Dep 1:2       1-2-Draws
   1 W 1    1.0:0.0        1.0:0.0       9:44:13 AM     0.00     1 0:0 1-0-0

--------------------------------------------------------------

Engine-Match Friday, August 15, 2025 9:44:14 AM
 Blitz 2/1 

Pairing 20/21 :    Stockfish 1%  -  Slowmate_v1.0

PGN-File: C:\Program Files (x86)\Arena\Tournaments\Engine Battle 20250815.pgn

No:  B/W 1/2     W:B       1:2           Time        Value Moves Dep 1:2       1-2-Draws
   1 W 1    1.0:0.0        1.0:0.0       9:46:02 AM      +M1   111 11.600 :0 1-0-0

--------------------------------------------------------------

Engine-Match Friday, August 15, 2025 9:46:08 AM
 Blitz 2/1 

Pairing 21/21 :    V7P3R_v4.1  -  V7P3RAI_v1.0

PGN-File: C:\Program Files (x86)\Arena\Tournaments\Engine Battle 20250815.pgn

No:  B/W 1/2     W:B       1:2           Time        Value Moves Dep 1:2       1-2-Draws
   1 W 1    1.0:0.0        1.0:0.0       9:47:25 AM     0.00    11 0:0 1-0-0

--------------------------------------------------------------

Engine-Match Friday, August 15, 2025 9:47:27 AM
 Blitz 2/1 

Pairing 1/21 :    Cece_v2.2  -  Stockfish 1%

PGN-File: C:\Program Files (x86)\Arena\Tournaments\Engine Battle 20250815.pgn

No:  B/W 1/2     W:B       1:2           Time        Value Moves Dep 1:2       1-2-Draws
   2 W 2    1.0:0.0        0.0:2.0       9:48:52 AM      +M1    24 0:11.500  0-2-0

--------------------------------------------------------------

Engine-Match Friday, August 15, 2025 9:48:53 AM
 Blitz 2/1 

Pairing 2/21 :    V7P3RAI_v1.0  -  Random_Opponent

PGN-File: C:\Program Files (x86)\Arena\Tournaments\Engine Battle 20250815.pgn

No:  B/W 1/2     W:B       1:2           Time        Value Moves Dep 1:2       1-2-Draws
   2 = =    0.5:0.5        1.5:0.5       9:49:49 AM     0.00   146 0:0 1-0-1

--------------------------------------------------------------

Engine-Match Friday, August 15, 2025 9:49:50 AM
 Blitz 2/1 

Pairing 3/21 :    Slowmate_v1.0  -  V7P3R_v4.1

PGN-File: C:\Program Files (x86)\Arena\Tournaments\Engine Battle 20250815.pgn

No:  B/W 1/2     W:B       1:2           Time        Value Moves Dep 1:2       1-2-Draws
   2 B 1    1.0:0.0        2.0:0.0       9:52:38 AM     0.00    23 0:0 2-0-0

--------------------------------------------------------------

Engine-Match Friday, August 15, 2025 9:52:39 AM
 Blitz 2/1 

Pairing 4/21 :    Copycat_v2.0  -  V7P3RAI_v1.0

PGN-File: C:\Program Files (x86)\Arena\Tournaments\Engine Battle 20250815.pgn

No:  B/W 1/2     W:B       1:2           Time        Value Moves Dep 1:2       1-2-Draws
   2 W 2    1.5:0.5        0.5:1.5       9:55:01 AM     0.00     1 0:0 0-1-1

--------------------------------------------------------------

Engine-Match Friday, August 15, 2025 9:55:02 AM
 Blitz 2/1 

Pairing 5/21 :    V7P3R_v4.1  -  Cece_v2.2

PGN-File: C:\Program Files (x86)\Arena\Tournaments\Engine Battle 20250815.pgn

No:  B/W 1/2     W:B       1:2           Time        Value Moves Dep 1:2       1-2-Draws
   2 W 2    1.0:0.0        0.0:2.0       9:58:19 AM     0.00    14 0:0 0-2-0

--------------------------------------------------------------

Engine-Match Friday, August 15, 2025 9:58:20 AM
 Blitz 2/1 

Pairing 6/21 :    Random_Opponent  -  Slowmate_v1.0

PGN-File: C:\Program Files (x86)\Arena\Tournaments\Engine Battle 20250815.pgn

No:  B/W 1/2     W:B       1:2           Time        Value Moves Dep 1:2       1-2-Draws
   2 = =    0.5:0.5        0.5:1.5       9:59:01 AM     0.00    52 0:0 0-1-1

--------------------------------------------------------------

Engine-Match Friday, August 15, 2025 9:59:02 AM
 Blitz 2/1 

Pairing 7/21 :    Stockfish 1%  -  V7P3R_v4.1

PGN-File: C:\Program Files (x86)\Arena\Tournaments\Engine Battle 20250815.pgn

No:  B/W 1/2     W:B       1:2           Time        Value Moves Dep 1:2       1-2-Draws
   2 B 1    1.0:0.0        2.0:0.0       10:01:33 AM     0.00    17 13.333 :0 2-0-0

--------------------------------------------------------------

Engine-Match Friday, August 15, 2025 10:01:34 AM
 Blitz 2/1 

Pairing 8/21 :    Slowmate_v1.0  -  Copycat_v2.0

PGN-File: C:\Program Files (x86)\Arena\Tournaments\Engine Battle 20250815.pgn

No:  B/W 1/2     W:B       1:2           Time        Value Moves Dep 1:2       1-2-Draws
   2 B 1    1.0:0.0        2.0:0.0       10:02:49 AM     0.00    20 0:0 2-0-0

--------------------------------------------------------------

Engine-Match Friday, August 15, 2025 10:02:50 AM
 Blitz 2/1 

Pairing 9/21 :    Cece_v2.2  -  Random_Opponent

PGN-File: C:\Program Files (x86)\Arena\Tournaments\Engine Battle 20250815.pgn

No:  B/W 1/2     W:B       1:2           Time        Value Moves Dep 1:2       1-2-Draws
   2 = =    0.5:0.5        1.5:0.5       10:05:22 AM     0.00    54 0:0 1-0-1

--------------------------------------------------------------

Engine-Match Friday, August 15, 2025 10:05:23 AM
 Blitz 2/1 

Pairing 10/21 :    V7P3RAI_v1.0  -  Slowmate_v1.0

PGN-File: C:\Program Files (x86)\Arena\Tournaments\Engine Battle 20250815.pgn

No:  B/W 1/2     W:B       1:2           Time        Value Moves Dep 1:2       1-2-Draws
   2 W 2    1.0:0.0        0.0:2.0       10:05:34 AM     0.00     8 0:0 0-2-0

--------------------------------------------------------------

Engine-Match Friday, August 15, 2025 10:05:35 AM
 Blitz 2/1 

Pairing 11/21 :    Random_Opponent  -  Stockfish 1%

PGN-File: C:\Program Files (x86)\Arena\Tournaments\Engine Battle 20250815.pgn

No:  B/W 1/2     W:B       1:2           Time        Value Moves Dep 1:2       1-2-Draws
   2 W 2    1.0:0.0        0.0:2.0       10:05:49 AM      +M1    29 0:13.200  0-2-0

--------------------------------------------------------------

Engine-Match Friday, August 15, 2025 10:05:50 AM
 Blitz 2/1 

Pairing 12/21 :    Copycat_v2.0  -  Cece_v2.2

PGN-File: C:\Program Files (x86)\Arena\Tournaments\Engine Battle 20250815.pgn

No:  B/W 1/2     W:B       1:2           Time        Value Moves Dep 1:2       1-2-Draws
   2 W 2    1.0:0.0        0.0:2.0       10:08:09 AM     0.00     1 0:0 0-2-0

--------------------------------------------------------------

Engine-Match Friday, August 15, 2025 10:08:10 AM
 Blitz 2/1 

Pairing 13/21 :    V7P3R_v4.1  -  Random_Opponent

PGN-File: C:\Program Files (x86)\Arena\Tournaments\Engine Battle 20250815.pgn

No:  B/W 1/2     W:B       1:2           Time        Value Moves Dep 1:2       1-2-Draws
   2 B 1    1.0:0.0        2.0:0.0       10:10:41 AM     0.00    30 0:0 2-0-0

--------------------------------------------------------------

Engine-Match Friday, August 15, 2025 10:10:43 AM
 Blitz 2/1 

Pairing 14/21 :    Cece_v2.2  -  V7P3RAI_v1.0

PGN-File: C:\Program Files (x86)\Arena\Tournaments\Engine Battle 20250815.pgn

No:  B/W 1/2     W:B       1:2           Time        Value Moves Dep 1:2       1-2-Draws
   2 W 2    1.0:0.0        1.0:1.0       10:12:43 AM     0.00    37 0:0 1-1-0

--------------------------------------------------------------

Engine-Match Friday, August 15, 2025 10:12:44 AM
 Blitz 2/1 

Pairing 15/21 :    Stockfish 1%  -  Copycat_v2.0

PGN-File: C:\Program Files (x86)\Arena\Tournaments\Engine Battle 20250815.pgn

No:  B/W 1/2     W:B       1:2           Time        Value Moves Dep 1:2       1-2-Draws
   2 B 1    1.0:0.0        2.0:0.0       10:15:18 AM      -M1    48 12.857 :0 2-0-0

--------------------------------------------------------------

Engine-Match Friday, August 15, 2025 10:15:19 AM
 Blitz 2/1 

Pairing 16/21 :    Slowmate_v1.0  -  Cece_v2.2

PGN-File: C:\Program Files (x86)\Arena\Tournaments\Engine Battle 20250815.pgn

No:  B/W 1/2     W:B       1:2           Time        Value Moves Dep 1:2       1-2-Draws
   2 B 1    1.0:0.0        2.0:0.0       10:17:52 AM     0.00    44 0:0 2-0-0

--------------------------------------------------------------

Engine-Match Friday, August 15, 2025 10:17:53 AM
 Blitz 2/1 

Pairing 17/21 :    Copycat_v2.0  -  V7P3R_v4.1

PGN-File: C:\Program Files (x86)\Arena\Tournaments\Engine Battle 20250815.pgn

No:  B/W 1/2     W:B       1:2           Time        Value Moves Dep 1:2       1-2-Draws
   2 B 1    1.0:0.0        1.0:1.0       10:21:38 AM     0.00    22 0:0 1-1-0

--------------------------------------------------------------

Engine-Match Friday, August 15, 2025 10:21:40 AM
 Blitz 2/1 

Pairing 18/21 :    V7P3RAI_v1.0  -  Stockfish 1%

PGN-File: C:\Program Files (x86)\Arena\Tournaments\Engine Battle 20250815.pgn

No:  B/W 1/2     W:B       1:2           Time        Value Moves Dep 1:2       1-2-Draws
   2 W 2    1.0:0.0        0.0:2.0       10:21:51 AM      +M1     9 0:11.333  0-2-0

--------------------------------------------------------------

Engine-Match Friday, August 15, 2025 10:21:52 AM
 Blitz 2/1 

Pairing 19/21 :    Random_Opponent  -  Copycat_v2.0

PGN-File: C:\Program Files (x86)\Arena\Tournaments\Engine Battle 20250815.pgn

No:  B/W 1/2     W:B       1:2           Time        Value Moves Dep 1:2       1-2-Draws
   2 B 1    1.0:0.0        2.0:0.0       10:22:18 AM     0.00     3 0:0 2-0-0

--------------------------------------------------------------

Engine-Match Friday, August 15, 2025 10:22:26 AM
 Blitz 2/1 

Pairing 20/21 :    Stockfish 1%  -  Slowmate_v1.0

PGN-File: C:\Program Files (x86)\Arena\Tournaments\Engine Battle 20250815.pgn

No:  B/W 1/2     W:B       1:2           Time        Value Moves Dep 1:2       1-2-Draws
   2 B 1    1.0:0.0        2.0:0.0       10:23:03 AM      -M1    41 12.333 :0 2-0-0

--------------------------------------------------------------

Engine-Match Friday, August 15, 2025 10:23:05 AM
 Blitz 2/1 

Pairing 21/21 :    V7P3R_v4.1  -  V7P3RAI_v1.0

PGN-File: C:\Program Files (x86)\Arena\Tournaments\Engine Battle 20250815.pgn

No:  B/W 1/2     W:B       1:2           Time        Value Moves Dep 1:2       1-2-Draws
   2 B 1    1.0:0.0        2.0:0.0       10:25:07 AM     0.00    25 0:0 2-0-0

--------------------------------------------------------------

Engine-Match Friday, August 15, 2025 10:25:09 AM
 Blitz 2/1 

Pairing 1/21 :    Cece_v2.2  -  Stockfish 1%

PGN-File: C:\Program Files (x86)\Arena\Tournaments\Engine Battle 20250815.pgn

No:  B/W 1/2     W:B       1:2           Time        Value Moves Dep 1:2       1-2-Draws
   3 B 2    1.0:0.0        0.0:3.0       10:28:13 AM      -M1    71 0:12.800  0-3-0

--------------------------------------------------------------

Engine-Match Friday, August 15, 2025 10:28:15 AM
 Blitz 2/1 

Pairing 2/21 :    V7P3RAI_v1.0  -  Random_Opponent

PGN-File: C:\Program Files (x86)\Arena\Tournaments\Engine Battle 20250815.pgn

No:  B/W 1/2     W:B       1:2           Time        Value Moves Dep 1:2       1-2-Draws
   3 W 1    1.5:0.5        2.5:0.5       10:28:30 AM     0.00    30 0:0 2-0-1

--------------------------------------------------------------

Engine-Match Friday, August 15, 2025 10:28:31 AM
 Blitz 2/1 

Pairing 3/21 :    Slowmate_v1.0  -  V7P3R_v4.1

PGN-File: C:\Program Files (x86)\Arena\Tournaments\Engine Battle 20250815.pgn

No:  B/W 1/2     W:B       1:2           Time        Value Moves Dep 1:2       1-2-Draws
   3 W 1    1.0:0.0        3.0:0.0       10:31:24 AM     0.00    24 0:0 3-0-0

--------------------------------------------------------------

Engine-Match Friday, August 15, 2025 10:31:26 AM
 Blitz 2/1 

Pairing 4/21 :    Copycat_v2.0  -  V7P3RAI_v1.0

PGN-File: C:\Program Files (x86)\Arena\Tournaments\Engine Battle 20250815.pgn

No:  B/W 1/2     W:B       1:2           Time        Value Moves Dep 1:2       1-2-Draws
   3 W 1    1.5:0.5        1.5:1.5       10:31:59 AM     0.00     6 0:0 1-1-1

--------------------------------------------------------------

Engine-Match Friday, August 15, 2025 10:32:00 AM
 Blitz 2/1 

Pairing 5/21 :    V7P3R_v4.1  -  Cece_v2.2

PGN-File: C:\Program Files (x86)\Arena\Tournaments\Engine Battle 20250815.pgn

No:  B/W 1/2     W:B       1:2           Time        Value Moves Dep 1:2       1-2-Draws
   3 = =    0.5:0.5        0.5:2.5       10:36:51 AM     0.00    41 0:0 0-2-1

--------------------------------------------------------------

Engine-Match Friday, August 15, 2025 10:36:52 AM
 Blitz 2/1 

Pairing 6/21 :    Random_Opponent  -  Slowmate_v1.0

PGN-File: C:\Program Files (x86)\Arena\Tournaments\Engine Battle 20250815.pgn

No:  B/W 1/2     W:B       1:2           Time        Value Moves Dep 1:2       1-2-Draws
   3 B 2    1.5:0.5        0.5:2.5       10:37:04 AM     0.00    12 0:0 0-2-1

--------------------------------------------------------------

Engine-Match Friday, August 15, 2025 10:37:05 AM
 Blitz 2/1 

Pairing 7/21 :    Stockfish 1%  -  V7P3R_v4.1

PGN-File: C:\Program Files (x86)\Arena\Tournaments\Engine Battle 20250815.pgn

No:  B/W 1/2     W:B       1:2           Time        Value Moves Dep 1:2       1-2-Draws
   3 W 1    1.0:0.0        3.0:0.0       10:39:36 AM     0.00    17 12.000 :0 3-0-0

--------------------------------------------------------------

Engine-Match Friday, August 15, 2025 10:39:37 AM
 Blitz 2/1 

Pairing 8/21 :    Slowmate_v1.0  -  Copycat_v2.0

PGN-File: C:\Program Files (x86)\Arena\Tournaments\Engine Battle 20250815.pgn

No:  B/W 1/2     W:B       1:2           Time        Value Moves Dep 1:2       1-2-Draws
   3 W 1    1.0:0.0        3.0:0.0       10:41:57 AM     0.00     1 0:0 3-0-0

--------------------------------------------------------------

Engine-Match Friday, August 15, 2025 10:41:58 AM
 Blitz 2/1 

Pairing 9/21 :    Cece_v2.2  -  Random_Opponent

PGN-File: C:\Program Files (x86)\Arena\Tournaments\Engine Battle 20250815.pgn

No:  B/W 1/2     W:B       1:2           Time        Value Moves Dep 1:2       1-2-Draws
   3 W 1    1.5:0.5        2.5:0.5       10:43:21 AM     0.00    22 0:0 2-0-1

--------------------------------------------------------------

Engine-Match Friday, August 15, 2025 10:43:22 AM
 Blitz 2/1 

Pairing 10/21 :    V7P3RAI_v1.0  -  Slowmate_v1.0

PGN-File: C:\Program Files (x86)\Arena\Tournaments\Engine Battle 20250815.pgn

No:  B/W 1/2     W:B       1:2           Time        Value Moves Dep 1:2       1-2-Draws
   3 B 2    1.0:0.0        0.0:3.0       10:43:52 AM     0.00    32 0:0 0-3-0

--------------------------------------------------------------

Engine-Match Friday, August 15, 2025 10:43:53 AM
 Blitz 2/1 

Pairing 11/21 :    Random_Opponent  -  Stockfish 1%

PGN-File: C:\Program Files (x86)\Arena\Tournaments\Engine Battle 20250815.pgn

No:  B/W 1/2     W:B       1:2           Time        Value Moves Dep 1:2       1-2-Draws
   3 B 2    1.0:0.0        0.0:3.0       10:44:02 AM      -M1    17 0:13.125  0-3-0

--------------------------------------------------------------

Engine-Match Friday, August 15, 2025 10:44:04 AM
 Blitz 2/1 

Pairing 12/21 :    Copycat_v2.0  -  Cece_v2.2

PGN-File: C:\Program Files (x86)\Arena\Tournaments\Engine Battle 20250815.pgn

No:  B/W 1/2     W:B       1:2           Time        Value Moves Dep 1:2       1-2-Draws
   3 B 2    1.0:0.0        0.0:3.0       10:48:08 AM     0.00    39 0:0 0-3-0

--------------------------------------------------------------

Engine-Match Friday, August 15, 2025 10:48:09 AM
 Blitz 2/1 

Pairing 13/21 :    V7P3R_v4.1  -  Random_Opponent

PGN-File: C:\Program Files (x86)\Arena\Tournaments\Engine Battle 20250815.pgn

No:  B/W 1/2     W:B       1:2           Time        Value Moves Dep 1:2       1-2-Draws
   3 W 1    1.0:0.0        3.0:0.0       10:49:37 AM     0.00    17 0:0 3-0-0

--------------------------------------------------------------

Engine-Match Friday, August 15, 2025 10:49:39 AM
 Blitz 2/1 

Pairing 14/21 :    Cece_v2.2  -  V7P3RAI_v1.0

PGN-File: C:\Program Files (x86)\Arena\Tournaments\Engine Battle 20250815.pgn

No:  B/W 1/2     W:B       1:2           Time        Value Moves Dep 1:2       1-2-Draws
   3 W 1    1.0:0.0        2.0:1.0       10:50:09 AM     0.00     6 0:0 2-1-0

--------------------------------------------------------------

Engine-Match Friday, August 15, 2025 10:50:11 AM
 Blitz 2/1 

Pairing 15/21 :    Stockfish 1%  -  Copycat_v2.0

PGN-File: C:\Program Files (x86)\Arena\Tournaments\Engine Battle 20250815.pgn

No:  B/W 1/2     W:B       1:2           Time        Value Moves Dep 1:2       1-2-Draws
   3 W 1    1.0:0.0        3.0:0.0       10:52:25 AM     0.00     1 12.000 :0 3-0-0

--------------------------------------------------------------

Engine-Match Friday, August 15, 2025 10:52:26 AM
 Blitz 2/1 

Pairing 16/21 :    Slowmate_v1.0  -  Cece_v2.2

PGN-File: C:\Program Files (x86)\Arena\Tournaments\Engine Battle 20250815.pgn

No:  B/W 1/2     W:B       1:2           Time        Value Moves Dep 1:2       1-2-Draws
   3 W 1    1.0:0.0        3.0:0.0       10:54:57 AM     0.00    41 0:0 3-0-0

--------------------------------------------------------------

Engine-Match Friday, August 15, 2025 10:54:58 AM
 Blitz 2/1 

Pairing 17/21 :    Copycat_v2.0  -  V7P3R_v4.1

PGN-File: C:\Program Files (x86)\Arena\Tournaments\Engine Battle 20250815.pgn

No:  B/W 1/2     W:B       1:2           Time        Value Moves Dep 1:2       1-2-Draws
   3 B 2    1.0:0.0        1.0:2.0       10:57:03 AM     0.00    18 0:0 1-2-0

--------------------------------------------------------------

Engine-Match Friday, August 15, 2025 10:57:04 AM
 Blitz 2/1 

Pairing 18/21 :    V7P3RAI_v1.0  -  Stockfish 1%

PGN-File: C:\Program Files (x86)\Arena\Tournaments\Engine Battle 20250815.pgn

No:  B/W 1/2     W:B       1:2           Time        Value Moves Dep 1:2       1-2-Draws
   3 B 2    1.0:0.0        0.0:3.0       10:57:26 AM      -M1    35 0:10.143  0-3-0

--------------------------------------------------------------

Engine-Match Friday, August 15, 2025 10:57:32 AM
 Blitz 2/1 

Pairing 19/21 :    Random_Opponent  -  Copycat_v2.0

PGN-File: C:\Program Files (x86)\Arena\Tournaments\Engine Battle 20250815.pgn

No:  B/W 1/2     W:B       1:2           Time        Value Moves Dep 1:2       1-2-Draws
   3 W 1    1.0:0.0        3.0:0.0       10:59:46 AM     0.00     1 0:0 3-0-0

--------------------------------------------------------------

Engine-Match Friday, August 15, 2025 10:59:47 AM
 Blitz 2/1 

Pairing 20/21 :    Stockfish 1%  -  Slowmate_v1.0

PGN-File: C:\Program Files (x86)\Arena\Tournaments\Engine Battle 20250815.pgn

No:  B/W 1/2     W:B       1:2           Time        Value Moves Dep 1:2       1-2-Draws
   3 W 1    1.0:0.0        3.0:0.0       11:01:33 AM      +M1    65 12.667 :0 3-0-0

--------------------------------------------------------------

Engine-Match Friday, August 15, 2025 11:01:34 AM
 Blitz 2/1 

Pairing 21/21 :    V7P3R_v4.1  -  V7P3RAI_v1.0

PGN-File: C:\Program Files (x86)\Arena\Tournaments\Engine Battle 20250815.pgn

No:  B/W 1/2     W:B       1:2           Time        Value Moves Dep 1:2       1-2-Draws
   3 W 1    1.0:0.0        3.0:0.0       11:02:51 AM     0.00    11 0:0 3-0-0

--------------------------------------------------------------

Engine-Match Friday, August 15, 2025 11:02:53 AM
 Blitz 2/1 

Pairing 1/21 :    Cece_v2.2  -  Stockfish 1%

PGN-File: C:\Program Files (x86)\Arena\Tournaments\Engine Battle 20250815.pgn

No:  B/W 1/2     W:B       1:2           Time        Value Moves Dep 1:2       1-2-Draws
   4 W 2    1.0:0.0        0.0:4.0       11:05:08 AM      +M1    45 0:11.667  0-4-0

--------------------------------------------------------------

Engine-Match Friday, August 15, 2025 11:05:09 AM
 Blitz 2/1 

Pairing 2/21 :    V7P3RAI_v1.0  -  Random_Opponent

PGN-File: C:\Program Files (x86)\Arena\Tournaments\Engine Battle 20250815.pgn

No:  B/W 1/2     W:B       1:2           Time        Value Moves Dep 1:2       1-2-Draws
   4 W 2    1.5:0.5        2.5:1.5       11:05:42 AM     0.00    81 0:0 2-1-1

--------------------------------------------------------------

Engine-Match Friday, August 15, 2025 11:05:43 AM
 Blitz 2/1 

Pairing 3/21 :    Slowmate_v1.0  -  V7P3R_v4.1

PGN-File: C:\Program Files (x86)\Arena\Tournaments\Engine Battle 20250815.pgn

No:  B/W 1/2     W:B       1:2           Time        Value Moves Dep 1:2       1-2-Draws
   4 B 1    1.0:0.0        4.0:0.0       11:08:30 AM     0.00    23 0:0 4-0-0

--------------------------------------------------------------

Engine-Match Friday, August 15, 2025 11:08:31 AM
 Blitz 2/1 

Pairing 4/21 :    Copycat_v2.0  -  V7P3RAI_v1.0

PGN-File: C:\Program Files (x86)\Arena\Tournaments\Engine Battle 20250815.pgn

No:  B/W 1/2     W:B       1:2           Time        Value Moves Dep 1:2       1-2-Draws
   4 W 2    1.5:0.5        1.5:2.5       11:10:53 AM     0.00     1 0:0 1-2-1

--------------------------------------------------------------

Engine-Match Friday, August 15, 2025 11:10:55 AM
 Blitz 2/1 

Pairing 5/21 :    V7P3R_v4.1  -  Cece_v2.2

PGN-File: C:\Program Files (x86)\Arena\Tournaments\Engine Battle 20250815.pgn

No:  B/W 1/2     W:B       1:2           Time        Value Moves Dep 1:2       1-2-Draws
   4 W 2    1.5:0.5        0.5:3.5       11:15:09 AM     0.00    29 0:0 0-3-1

--------------------------------------------------------------

Engine-Match Friday, August 15, 2025 11:15:11 AM
 Blitz 2/1 

Pairing 6/21 :    Random_Opponent  -  Slowmate_v1.0

PGN-File: C:\Program Files (x86)\Arena\Tournaments\Engine Battle 20250815.pgn

No:  B/W 1/2     W:B       1:2           Time        Value Moves Dep 1:2       1-2-Draws
   4 W 2    1.5:0.5        0.5:3.5       11:15:36 AM     0.00    28 0:0 0-3-1

--------------------------------------------------------------

Engine-Match Friday, August 15, 2025 11:15:38 AM
 Blitz 2/1 

Pairing 7/21 :    Stockfish 1%  -  V7P3R_v4.1

PGN-File: C:\Program Files (x86)\Arena\Tournaments\Engine Battle 20250815.pgn

No:  B/W 1/2     W:B       1:2           Time        Value Moves Dep 1:2       1-2-Draws
   4 B 1    1.0:0.0        4.0:0.0       11:18:09 AM     0.00    18 13.400 :0 4-0-0

--------------------------------------------------------------

Engine-Match Friday, August 15, 2025 11:18:11 AM
 Blitz 2/1 

Pairing 8/21 :    Slowmate_v1.0  -  Copycat_v2.0

PGN-File: C:\Program Files (x86)\Arena\Tournaments\Engine Battle 20250815.pgn

No:  B/W 1/2     W:B       1:2           Time        Value Moves Dep 1:2       1-2-Draws
   4 B 1    1.0:0.0        4.0:0.0       11:19:08 AM     0.00    15 0:0 4-0-0

--------------------------------------------------------------

Engine-Match Friday, August 15, 2025 11:19:09 AM
 Blitz 2/1 

Pairing 9/21 :    Cece_v2.2  -  Random_Opponent

PGN-File: C:\Program Files (x86)\Arena\Tournaments\Engine Battle 20250815.pgn

No:  B/W 1/2     W:B       1:2           Time        Value Moves Dep 1:2       1-2-Draws
   4 B 1    1.5:0.5        3.5:0.5       11:20:39 AM     0.00    25 0:0 3-0-1

--------------------------------------------------------------

Engine-Match Friday, August 15, 2025 11:20:41 AM
 Blitz 2/1 

Pairing 10/21 :    V7P3RAI_v1.0  -  Slowmate_v1.0

PGN-File: C:\Program Files (x86)\Arena\Tournaments\Engine Battle 20250815.pgn

No:  B/W 1/2     W:B       1:2           Time        Value Moves Dep 1:2       1-2-Draws
   4 W 2    1.0:0.0        0.0:4.0       11:20:51 AM     0.00     8 0:0 0-4-0

--------------------------------------------------------------

Engine-Match Friday, August 15, 2025 11:20:52 AM
 Blitz 2/1 

Pairing 11/21 :    Random_Opponent  -  Stockfish 1%

PGN-File: C:\Program Files (x86)\Arena\Tournaments\Engine Battle 20250815.pgn

No:  B/W 1/2     W:B       1:2           Time        Value Moves Dep 1:2       1-2-Draws
   4 W 2    1.0:0.0        0.0:4.0       11:20:59 AM      +M1    10 0:12.000  0-4-0

--------------------------------------------------------------

Engine-Match Friday, August 15, 2025 11:21:00 AM
 Blitz 2/1 

Pairing 12/21 :    Copycat_v2.0  -  Cece_v2.2

PGN-File: C:\Program Files (x86)\Arena\Tournaments\Engine Battle 20250815.pgn

No:  B/W 1/2     W:B       1:2           Time        Value Moves Dep 1:2       1-2-Draws
   4 W 2    1.0:0.0        0.0:4.0       11:23:19 AM     0.00     1 0:0 0-4-0

--------------------------------------------------------------

Engine-Match Friday, August 15, 2025 11:23:20 AM
 Blitz 2/1 

Pairing 13/21 :    V7P3R_v4.1  -  Random_Opponent

PGN-File: C:\Program Files (x86)\Arena\Tournaments\Engine Battle 20250815.pgn

No:  B/W 1/2     W:B       1:2           Time        Value Moves Dep 1:2       1-2-Draws
   4 B 1    1.0:0.0        4.0:0.0       11:24:25 AM     0.00     7 0:0 4-0-0

--------------------------------------------------------------

Engine-Match Friday, August 15, 2025 11:24:26 AM
 Blitz 2/1 

Pairing 14/21 :    Cece_v2.2  -  V7P3RAI_v1.0

PGN-File: C:\Program Files (x86)\Arena\Tournaments\Engine Battle 20250815.pgn

No:  B/W 1/2     W:B       1:2           Time        Value Moves Dep 1:2       1-2-Draws
   4 W 2    1.0:0.0        2.0:2.0       11:26:04 AM     0.00    27 0:0 2-2-0

--------------------------------------------------------------

Engine-Match Friday, August 15, 2025 11:26:05 AM
 Blitz 2/1 

Pairing 15/21 :    Stockfish 1%  -  Copycat_v2.0

PGN-File: C:\Program Files (x86)\Arena\Tournaments\Engine Battle 20250815.pgn

No:  B/W 1/2     W:B       1:2           Time        Value Moves Dep 1:2       1-2-Draws
   4 B 1    1.0:0.0        4.0:0.0       11:26:55 AM      -M1    14 12.400 :0 4-0-0

--------------------------------------------------------------

Engine-Match Friday, August 15, 2025 11:26:56 AM
 Blitz 2/1 

Pairing 16/21 :    Slowmate_v1.0  -  Cece_v2.2

PGN-File: C:\Program Files (x86)\Arena\Tournaments\Engine Battle 20250815.pgn

No:  B/W 1/2     W:B       1:2           Time        Value Moves Dep 1:2       1-2-Draws
   4 B 1    1.0:0.0        4.0:0.0       11:28:20 AM     0.00    19 0:0 4-0-0

--------------------------------------------------------------

Engine-Match Friday, August 15, 2025 11:28:21 AM
 Blitz 2/1 

Pairing 17/21 :    Copycat_v2.0  -  V7P3R_v4.1

PGN-File: C:\Program Files (x86)\Arena\Tournaments\Engine Battle 20250815.pgn

No:  B/W 1/2     W:B       1:2           Time        Value Moves Dep 1:2       1-2-Draws
   4 W 2    1.0:0.0        1.0:3.0       11:31:28 AM     0.00    29 0:0 1-3-0

--------------------------------------------------------------

Engine-Match Friday, August 15, 2025 11:31:35 AM
 Blitz 2/1 

Pairing 18/21 :    V7P3RAI_v1.0  -  Stockfish 1%

PGN-File: C:\Program Files (x86)\Arena\Tournaments\Engine Battle 20250815.pgn

No:  B/W 1/2     W:B       1:2           Time        Value Moves Dep 1:2       1-2-Draws
   4 W 2    1.0:0.0        0.0:4.0       11:31:42 AM      +M1     6 0:15.833  0-4-0

--------------------------------------------------------------

Engine-Match Friday, August 15, 2025 11:31:43 AM
 Blitz 2/1 

Pairing 19/21 :    Random_Opponent  -  Copycat_v2.0

PGN-File: C:\Program Files (x86)\Arena\Tournaments\Engine Battle 20250815.pgn

No:  B/W 1/2     W:B       1:2           Time        Value Moves Dep 1:2       1-2-Draws
   4 = =    0.5:0.5        3.5:0.5       11:36:17 AM     0.00   117 0:0 3-0-1

--------------------------------------------------------------

Engine-Match Friday, August 15, 2025 11:36:18 AM
 Blitz 2/1 

Pairing 20/21 :    Stockfish 1%  -  Slowmate_v1.0

PGN-File: C:\Program Files (x86)\Arena\Tournaments\Engine Battle 20250815.pgn

No:  B/W 1/2     W:B       1:2           Time        Value Moves Dep 1:2       1-2-Draws
   4 B 1    1.0:0.0        4.0:0.0       11:36:55 AM      -M1    30 12.333 :0 4-0-0

--------------------------------------------------------------

Engine-Match Friday, August 15, 2025 11:36:56 AM
 Blitz 2/1 

Pairing 21/21 :    V7P3R_v4.1  -  V7P3RAI_v1.0

PGN-File: C:\Program Files (x86)\Arena\Tournaments\Engine Battle 20250815.pgn

No:  B/W 1/2     W:B       1:2           Time        Value Moves Dep 1:2       1-2-Draws
   4 B 1    1.0:0.0        4.0:0.0       11:38:58 AM     0.00    25 0:0 4-0-0

--------------------------------------------------------------

Engine-Match Friday, August 15, 2025 11:38:59 AM
 Blitz 2/1 

Pairing 1/21 :    Cece_v2.2  -  Stockfish 1%

PGN-File: C:\Program Files (x86)\Arena\Tournaments\Engine Battle 20250815.pgn

No:  B/W 1/2     W:B       1:2           Time        Value Moves Dep 1:2       1-2-Draws
   5 B 2    1.0:0.0        0.0:5.0       11:41:13 AM    -7.82    42 0:11.833  0-5-0

--------------------------------------------------------------

Engine-Match Friday, August 15, 2025 11:41:14 AM
 Blitz 2/1 

Pairing 2/21 :    V7P3RAI_v1.0  -  Random_Opponent

PGN-File: C:\Program Files (x86)\Arena\Tournaments\Engine Battle 20250815.pgn

No:  B/W 1/2     W:B       1:2           Time        Value Moves Dep 1:2       1-2-Draws
   5 W 1    1.5:0.5        3.5:1.5       11:41:30 AM     0.00    27 0:0 3-1-1

--------------------------------------------------------------

Engine-Match Friday, August 15, 2025 11:41:31 AM
 Blitz 2/1 

Pairing 3/21 :    Slowmate_v1.0  -  V7P3R_v4.1

PGN-File: C:\Program Files (x86)\Arena\Tournaments\Engine Battle 20250815.pgn

No:  B/W 1/2     W:B       1:2           Time        Value Moves Dep 1:2       1-2-Draws
   5 W 1    1.0:0.0        5.0:0.0       11:44:24 AM     0.00    25 0:0 5-0-0

--------------------------------------------------------------

Engine-Match Friday, August 15, 2025 11:44:25 AM
 Blitz 2/1 

Pairing 4/21 :    Copycat_v2.0  -  V7P3RAI_v1.0

PGN-File: C:\Program Files (x86)\Arena\Tournaments\Engine Battle 20250815.pgn

No:  B/W 1/2     W:B       1:2           Time        Value Moves Dep 1:2       1-2-Draws
   5 W 1    1.5:0.5        2.5:2.5       11:45:20 AM     0.00    16 0:0 2-2-1

--------------------------------------------------------------

Engine-Match Friday, August 15, 2025 11:45:21 AM
 Blitz 2/1 

Pairing 5/21 :    V7P3R_v4.1  -  Cece_v2.2

PGN-File: C:\Program Files (x86)\Arena\Tournaments\Engine Battle 20250815.pgn

No:  B/W 1/2     W:B       1:2           Time        Value Moves Dep 1:2       1-2-Draws
   5 B 2    1.5:0.5        0.5:4.5       11:48:51 AM     0.00    18 0:0 0-4-1

--------------------------------------------------------------

Engine-Match Friday, August 15, 2025 11:48:53 AM
 Blitz 2/1 

Pairing 6/21 :    Random_Opponent  -  Slowmate_v1.0

PGN-File: C:\Program Files (x86)\Arena\Tournaments\Engine Battle 20250815.pgn

No:  B/W 1/2     W:B       1:2           Time        Value Moves Dep 1:2       1-2-Draws
   5 B 2    1.5:0.5        0.5:4.5       11:49:12 AM     0.00    17 0:0 0-4-1

--------------------------------------------------------------

Engine-Match Friday, August 15, 2025 11:49:13 AM
 Blitz 2/1 

Pairing 7/21 :    Stockfish 1%  -  V7P3R_v4.1

PGN-File: C:\Program Files (x86)\Arena\Tournaments\Engine Battle 20250815.pgn

No:  B/W 1/2     W:B       1:2           Time        Value Moves Dep 1:2       1-2-Draws
   5 W 1    1.0:0.0        5.0:0.0       11:51:45 AM     0.00    18 11.167 :0 5-0-0

--------------------------------------------------------------

Engine-Match Friday, August 15, 2025 11:51:46 AM
 Blitz 2/1 

Pairing 8/21 :    Slowmate_v1.0  -  Copycat_v2.0

PGN-File: C:\Program Files (x86)\Arena\Tournaments\Engine Battle 20250815.pgn

No:  B/W 1/2     W:B       1:2           Time        Value Moves Dep 1:2       1-2-Draws
   5 W 1    1.0:0.0        5.0:0.0       11:54:01 AM     0.00     1 0:0 5-0-0

--------------------------------------------------------------

Engine-Match Friday, August 15, 2025 11:54:02 AM
 Blitz 2/1 

Pairing 9/21 :    Cece_v2.2  -  Random_Opponent

PGN-File: C:\Program Files (x86)\Arena\Tournaments\Engine Battle 20250815.pgn

No:  B/W 1/2     W:B       1:2           Time        Value Moves Dep 1:2       1-2-Draws
   5 = =    1.0:1.0        4.0:1.0       11:56:55 AM     0.00    65 0:0 3-0-2

--------------------------------------------------------------

Engine-Match Friday, August 15, 2025 11:56:56 AM
 Blitz 2/1 

Pairing 10/21 :    V7P3RAI_v1.0  -  Slowmate_v1.0

PGN-File: C:\Program Files (x86)\Arena\Tournaments\Engine Battle 20250815.pgn

No:  B/W 1/2     W:B       1:2           Time        Value Moves Dep 1:2       1-2-Draws
   5 B 2    1.0:0.0        0.0:5.0       11:57:24 AM     0.00    32 0:0 0-5-0

--------------------------------------------------------------

Engine-Match Friday, August 15, 2025 11:57:26 AM
 Blitz 2/1 

Pairing 11/21 :    Random_Opponent  -  Stockfish 1%

PGN-File: C:\Program Files (x86)\Arena\Tournaments\Engine Battle 20250815.pgn

No:  B/W 1/2     W:B       1:2           Time        Value Moves Dep 1:2       1-2-Draws
   5 B 2    1.0:0.0        0.0:5.0       11:58:00 AM      -M1    88 0:15.250  0-5-0

--------------------------------------------------------------

Engine-Match Friday, August 15, 2025 11:58:01 AM
 Blitz 2/1 

Pairing 12/21 :    Copycat_v2.0  -  Cece_v2.2

PGN-File: C:\Program Files (x86)\Arena\Tournaments\Engine Battle 20250815.pgn

No:  B/W 1/2     W:B       1:2           Time        Value Moves Dep 1:2       1-2-Draws
   5 = =    0.5:0.5        0.5:4.5       12:04:03 PM     0.00    70 0:0 0-4-1

--------------------------------------------------------------

Engine-Match Friday, August 15, 2025 12:04:04 PM
 Blitz 2/1 

Pairing 13/21 :    V7P3R_v4.1  -  Random_Opponent

PGN-File: C:\Program Files (x86)\Arena\Tournaments\Engine Battle 20250815.pgn

No:  B/W 1/2     W:B       1:2           Time        Value Moves Dep 1:2       1-2-Draws
   5 W 1    1.0:0.0        5.0:0.0       12:06:13 PM     0.00    27 0:0 5-0-0

--------------------------------------------------------------

Engine-Match Friday, August 15, 2025 12:06:14 PM
 Blitz 2/1 

Pairing 14/21 :    Cece_v2.2  -  V7P3RAI_v1.0

PGN-File: C:\Program Files (x86)\Arena\Tournaments\Engine Battle 20250815.pgn

No:  B/W 1/2     W:B       1:2           Time        Value Moves Dep 1:2       1-2-Draws
   5 W 1    1.0:0.0        3.0:2.0       12:08:11 PM     0.00    35 0:0 3-2-0

--------------------------------------------------------------

Engine-Match Friday, August 15, 2025 12:08:12 PM
 Blitz 2/1 

Pairing 15/21 :    Stockfish 1%  -  Copycat_v2.0

PGN-File: C:\Program Files (x86)\Arena\Tournaments\Engine Battle 20250815.pgn

No:  B/W 1/2     W:B       1:2           Time        Value Moves Dep 1:2       1-2-Draws
   5 W 1    1.0:0.0        5.0:0.0       12:10:27 PM     0.00     1 12.000 :0 5-0-0

--------------------------------------------------------------

Engine-Match Friday, August 15, 2025 12:10:28 PM
 Blitz 2/1 

Pairing 16/21 :    Slowmate_v1.0  -  Cece_v2.2

PGN-File: C:\Program Files (x86)\Arena\Tournaments\Engine Battle 20250815.pgn

No:  B/W 1/2     W:B       1:2           Time        Value Moves Dep 1:2       1-2-Draws
   5 W 1    1.0:0.0        5.0:0.0       12:12:42 PM     0.00    37 0:0 5-0-0

--------------------------------------------------------------

Engine-Match Friday, August 15, 2025 12:12:48 PM
 Blitz 2/1 

Pairing 17/21 :    Copycat_v2.0  -  V7P3R_v4.1

PGN-File: C:\Program Files (x86)\Arena\Tournaments\Engine Battle 20250815.pgn

No:  B/W 1/2     W:B       1:2           Time        Value Moves Dep 1:2       1-2-Draws
   5 B 2    1.0:0.0        1.0:4.0       12:17:57 PM     0.00    40 0:0 1-4-0

--------------------------------------------------------------

Engine-Match Friday, August 15, 2025 12:17:58 PM
 Blitz 2/1 

Pairing 18/21 :    V7P3RAI_v1.0  -  Stockfish 1%

PGN-File: C:\Program Files (x86)\Arena\Tournaments\Engine Battle 20250815.pgn

No:  B/W 1/2     W:B       1:2           Time        Value Moves Dep 1:2       1-2-Draws
   5 B 2    1.0:0.0        0.0:5.0       12:18:23 PM      -M1    46 0:10.571  0-5-0

--------------------------------------------------------------

Engine-Match Friday, August 15, 2025 12:18:24 PM
 Blitz 2/1 

Pairing 19/21 :    Random_Opponent  -  Copycat_v2.0

PGN-File: C:\Program Files (x86)\Arena\Tournaments\Engine Battle 20250815.pgn

No:  B/W 1/2     W:B       1:2           Time        Value Moves Dep 1:2       1-2-Draws
   5 W 1    1.5:0.5        4.5:0.5       12:20:39 PM     0.00     1 0:0 4-0-1

--------------------------------------------------------------

Engine-Match Friday, August 15, 2025 12:20:41 PM
 Blitz 2/1 

Pairing 20/21 :    Stockfish 1%  -  Slowmate_v1.0

PGN-File: C:\Program Files (x86)\Arena\Tournaments\Engine Battle 20250815.pgn

No:  B/W 1/2     W:B       1:2           Time        Value Moves Dep 1:2       1-2-Draws
   5 W 1    1.0:0.0        5.0:0.0       12:22:14 PM      +M1   106 11.833 :0 5-0-0

--------------------------------------------------------------

Engine-Match Friday, August 15, 2025 12:22:15 PM
 Blitz 2/1 

Pairing 21/21 :    V7P3R_v4.1  -  V7P3RAI_v1.0

PGN-File: C:\Program Files (x86)\Arena\Tournaments\Engine Battle 20250815.pgn

No:  B/W 1/2     W:B       1:2           Time        Value Moves Dep 1:2       1-2-Draws
   5 W 1    1.0:0.0        5.0:0.0       12:23:32 PM     0.00    11 0:0 5-0-0

--------------------------------------------------------------

Engine-Match Friday, August 15, 2025 12:23:34 PM
 Blitz 2/1 

Pairing 1/21 :    Cece_v2.2  -  Stockfish 1%

PGN-File: C:\Program Files (x86)\Arena\Tournaments\Engine Battle 20250815.pgn

No:  B/W 1/2     W:B       1:2           Time        Value Moves Dep 1:2       1-2-Draws
   6 W 2    1.0:0.0        0.0:6.0       12:25:07 PM      +M1    27 0:11.333  0-6-0

--------------------------------------------------------------

Engine-Match Friday, August 15, 2025 12:25:08 PM
 Blitz 2/1 

Pairing 2/21 :    V7P3RAI_v1.0  -  Random_Opponent

PGN-File: C:\Program Files (x86)\Arena\Tournaments\Engine Battle 20250815.pgn

No:  B/W 1/2     W:B       1:2           Time        Value Moves Dep 1:2       1-2-Draws
   6 W 2    1.5:0.5        3.5:2.5       12:25:56 PM     0.00   126 0:0 3-2-1

--------------------------------------------------------------

Engine-Match Friday, August 15, 2025 12:25:57 PM
 Blitz 2/1 

Pairing 3/21 :    Slowmate_v1.0  -  V7P3R_v4.1

PGN-File: C:\Program Files (x86)\Arena\Tournaments\Engine Battle 20250815.pgn

No:  B/W 1/2     W:B       1:2           Time        Value Moves Dep 1:2       1-2-Draws
   6 B 1    1.0:0.0        6.0:0.0       12:28:45 PM     0.00    23 0:0 6-0-0

--------------------------------------------------------------

Engine-Match Friday, August 15, 2025 12:28:46 PM
 Blitz 2/1 

Pairing 4/21 :    Copycat_v2.0  -  V7P3RAI_v1.0

PGN-File: C:\Program Files (x86)\Arena\Tournaments\Engine Battle 20250815.pgn

No:  B/W 1/2     W:B       1:2           Time        Value Moves Dep 1:2       1-2-Draws
   6 W 2    1.5:0.5        2.5:3.5       12:31:08 PM     0.00     1 0:0 2-3-1

--------------------------------------------------------------

Engine-Match Friday, August 15, 2025 12:31:09 PM
 Blitz 2/1 

Pairing 5/21 :    V7P3R_v4.1  -  Cece_v2.2

PGN-File: C:\Program Files (x86)\Arena\Tournaments\Engine Battle 20250815.pgn

No:  B/W 1/2     W:B       1:2           Time        Value Moves Dep 1:2       1-2-Draws
   6 B 1    1.5:0.5        1.5:4.5       12:34:28 PM     0.00    26 0:0 1-4-1

--------------------------------------------------------------

Engine-Match Friday, August 15, 2025 12:34:29 PM
 Blitz 2/1 

Pairing 6/21 :    Random_Opponent  -  Slowmate_v1.0

PGN-File: C:\Program Files (x86)\Arena\Tournaments\Engine Battle 20250815.pgn

No:  B/W 1/2     W:B       1:2           Time        Value Moves Dep 1:2       1-2-Draws
   6 W 2    1.5:0.5        0.5:5.5       12:34:44 PM     0.00    20 0:0 0-5-1

--------------------------------------------------------------

Engine-Match Friday, August 15, 2025 12:34:46 PM
 Blitz 2/1 

Pairing 7/21 :    Stockfish 1%  -  V7P3R_v4.1

PGN-File: C:\Program Files (x86)\Arena\Tournaments\Engine Battle 20250815.pgn

No:  B/W 1/2     W:B       1:2           Time        Value Moves Dep 1:2       1-2-Draws
   6 B 1    1.0:0.0        6.0:0.0       12:37:18 PM     0.00    18 12.500 :0 6-0-0

--------------------------------------------------------------

Engine-Match Friday, August 15, 2025 12:37:19 PM
 Blitz 2/1 

Pairing 8/21 :    Slowmate_v1.0  -  Copycat_v2.0

PGN-File: C:\Program Files (x86)\Arena\Tournaments\Engine Battle 20250815.pgn

No:  B/W 1/2     W:B       1:2           Time        Value Moves Dep 1:2       1-2-Draws
   6 B 1    1.0:0.0        6.0:0.0       12:38:39 PM     0.00    22 0:0 6-0-0

--------------------------------------------------------------

Engine-Match Friday, August 15, 2025 12:38:41 PM
 Blitz 2/1 

Pairing 9/21 :    Cece_v2.2  -  Random_Opponent

PGN-File: C:\Program Files (x86)\Arena\Tournaments\Engine Battle 20250815.pgn

No:  B/W 1/2     W:B       1:2           Time        Value Moves Dep 1:2       1-2-Draws
   6 B 1    2.0:1.0        5.0:1.0       12:39:54 PM     0.00    19 0:0 4-0-2

--------------------------------------------------------------

Engine-Match Friday, August 15, 2025 12:39:56 PM
 Blitz 2/1 

Pairing 10/21 :    V7P3RAI_v1.0  -  Slowmate_v1.0

PGN-File: C:\Program Files (x86)\Arena\Tournaments\Engine Battle 20250815.pgn

No:  B/W 1/2     W:B       1:2           Time        Value Moves Dep 1:2       1-2-Draws
   6 W 2    1.0:0.0        0.0:6.0       12:40:06 PM     0.00     8 0:0 0-6-0

--------------------------------------------------------------

Engine-Match Friday, August 15, 2025 12:40:07 PM
 Blitz 2/1 

Pairing 11/21 :    Random_Opponent  -  Stockfish 1%

PGN-File: C:\Program Files (x86)\Arena\Tournaments\Engine Battle 20250815.pgn

No:  B/W 1/2     W:B       1:2           Time        Value Moves Dep 1:2       1-2-Draws
   6 W 2    1.0:0.0        0.0:6.0       12:40:21 PM      +M1    32 0:11.500  0-6-0

--------------------------------------------------------------

Engine-Match Friday, August 15, 2025 12:40:22 PM
 Blitz 2/1 

Pairing 12/21 :    Copycat_v2.0  -  Cece_v2.2

PGN-File: C:\Program Files (x86)\Arena\Tournaments\Engine Battle 20250815.pgn

No:  B/W 1/2     W:B       1:2           Time        Value Moves Dep 1:2       1-2-Draws
   6 W 2    1.5:0.5        0.5:5.5       12:42:42 PM     0.00     1 0:0 0-5-1

--------------------------------------------------------------

Engine-Match Friday, August 15, 2025 12:42:43 PM
 Blitz 2/1 

Pairing 13/21 :    V7P3R_v4.1  -  Random_Opponent

PGN-File: C:\Program Files (x86)\Arena\Tournaments\Engine Battle 20250815.pgn

No:  B/W 1/2     W:B       1:2           Time        Value Moves Dep 1:2       1-2-Draws
   6 B 1    1.0:0.0        6.0:0.0       12:43:58 PM     0.00    20 0:0 6-0-0

--------------------------------------------------------------

Engine-Match Friday, August 15, 2025 12:44:00 PM
 Blitz 2/1 

Pairing 14/21 :    Cece_v2.2  -  V7P3RAI_v1.0

PGN-File: C:\Program Files (x86)\Arena\Tournaments\Engine Battle 20250815.pgn

No:  B/W 1/2     W:B       1:2           Time        Value Moves Dep 1:2       1-2-Draws
   6 W 2    1.0:0.0        3.0:3.0       12:45:45 PM     0.00    31 0:0 3-3-0

--------------------------------------------------------------

Engine-Match Friday, August 15, 2025 12:45:46 PM
 Blitz 2/1 

Pairing 15/21 :    Stockfish 1%  -  Copycat_v2.0

PGN-File: C:\Program Files (x86)\Arena\Tournaments\Engine Battle 20250815.pgn

No:  B/W 1/2     W:B       1:2           Time        Value Moves Dep 1:2       1-2-Draws
   6 B 1    1.0:0.0        6.0:0.0       12:47:28 PM      -M1    32 12.000 :0 6-0-0

--------------------------------------------------------------

Engine-Match Friday, August 15, 2025 12:47:36 PM
 Blitz 2/1 

Pairing 16/21 :    Slowmate_v1.0  -  Cece_v2.2

PGN-File: C:\Program Files (x86)\Arena\Tournaments\Engine Battle 20250815.pgn

No:  B/W 1/2     W:B       1:2           Time        Value Moves Dep 1:2       1-2-Draws
   6 = =    0.5:0.5        5.5:0.5       12:49:48 PM     0.00    37 0:0 5-0-1

--------------------------------------------------------------

Engine-Match Friday, August 15, 2025 12:49:49 PM
 Blitz 2/1 

Pairing 17/21 :    Copycat_v2.0  -  V7P3R_v4.1

PGN-File: C:\Program Files (x86)\Arena\Tournaments\Engine Battle 20250815.pgn

No:  B/W 1/2     W:B       1:2           Time        Value Moves Dep 1:2       1-2-Draws
   6 W 2    1.0:0.0        1.0:5.0       12:52:36 PM     0.00    23 0:0 1-5-0

--------------------------------------------------------------

Engine-Match Friday, August 15, 2025 12:52:37 PM
 Blitz 2/1 

Pairing 18/21 :    V7P3RAI_v1.0  -  Stockfish 1%

PGN-File: C:\Program Files (x86)\Arena\Tournaments\Engine Battle 20250815.pgn

No:  B/W 1/2     W:B       1:2           Time        Value Moves Dep 1:2       1-2-Draws
   6 W 2    1.0:0.0        0.0:6.0       12:52:46 PM      +M1     7 0:11.833  0-6-0

--------------------------------------------------------------

Engine-Match Friday, August 15, 2025 12:52:48 PM
 Blitz 2/1 

Pairing 19/21 :    Random_Opponent  -  Copycat_v2.0

PGN-File: C:\Program Files (x86)\Arena\Tournaments\Engine Battle 20250815.pgn

No:  B/W 1/2     W:B       1:2           Time        Value Moves Dep 1:2       1-2-Draws
   6 = =    1.0:1.0        5.0:1.0       12:56:32 PM     0.00    82 0:0 4-0-2

--------------------------------------------------------------

Engine-Match Friday, August 15, 2025 12:56:34 PM
 Blitz 2/1 

Pairing 20/21 :    Stockfish 1%  -  Slowmate_v1.0

PGN-File: C:\Program Files (x86)\Arena\Tournaments\Engine Battle 20250815.pgn

No:  B/W 1/2     W:B       1:2           Time        Value Moves Dep 1:2       1-2-Draws
   6 = =    0.5:0.5        5.5:0.5       12:59:03 PM    -4.27   250 12.667 :0 5-0-1

--------------------------------------------------------------

Engine-Match Friday, August 15, 2025 12:59:04 PM
 Blitz 2/1 

Pairing 21/21 :    V7P3R_v4.1  -  V7P3RAI_v1.0

PGN-File: C:\Program Files (x86)\Arena\Tournaments\Engine Battle 20250815.pgn

No:  B/W 1/2     W:B       1:2           Time        Value Moves Dep 1:2       1-2-Draws
   6 B 1    1.0:0.0        6.0:0.0       1:01:07 PM     0.00    25 0:0 6-0-0

--------------------------------------------------------------

Engine-Match Friday, August 15, 2025 1:01:08 PM
 Blitz 2/1 

Pairing 1/21 :    Cece_v2.2  -  Stockfish 1%

PGN-File: C:\Program Files (x86)\Arena\Tournaments\Engine Battle 20250815.pgn

No:  B/W 1/2     W:B       1:2           Time        Value Moves Dep 1:2       1-2-Draws
   7 B 2    1.0:0.0        0.0:7.0       1:04:03 PM      -M1    66 0:13.000  0-7-0

--------------------------------------------------------------

Engine-Match Friday, August 15, 2025 1:04:05 PM
 Blitz 2/1 

Pairing 2/21 :    V7P3RAI_v1.0  -  Random_Opponent

PGN-File: C:\Program Files (x86)\Arena\Tournaments\Engine Battle 20250815.pgn

No:  B/W 1/2     W:B       1:2           Time        Value Moves Dep 1:2       1-2-Draws
   7 W 1    1.5:0.5        4.5:2.5       1:04:17 PM     0.00    23 0:0 4-2-1

--------------------------------------------------------------

Engine-Match Friday, August 15, 2025 1:04:18 PM
 Blitz 2/1 

Pairing 3/21 :    Slowmate_v1.0  -  V7P3R_v4.1

PGN-File: C:\Program Files (x86)\Arena\Tournaments\Engine Battle 20250815.pgn

No:  B/W 1/2     W:B       1:2           Time        Value Moves Dep 1:2       1-2-Draws
   7 W 1    1.0:0.0        7.0:0.0       1:07:12 PM     0.00    25 0:0 7-0-0

--------------------------------------------------------------

Engine-Match Friday, August 15, 2025 1:07:13 PM
 Blitz 2/1 

Pairing 4/21 :    Copycat_v2.0  -  V7P3RAI_v1.0

PGN-File: C:\Program Files (x86)\Arena\Tournaments\Engine Battle 20250815.pgn

No:  B/W 1/2     W:B       1:2           Time        Value Moves Dep 1:2       1-2-Draws
   7 W 1    1.5:0.5        3.5:3.5       1:08:41 PM     0.00    25 0:0 3-3-1

--------------------------------------------------------------

Engine-Match Friday, August 15, 2025 1:08:42 PM
 Blitz 2/1 

Pairing 5/21 :    V7P3R_v4.1  -  Cece_v2.2

PGN-File: C:\Program Files (x86)\Arena\Tournaments\Engine Battle 20250815.pgn

No:  B/W 1/2     W:B       1:2           Time        Value Moves Dep 1:2       1-2-Draws
   7 B 2    1.5:0.5        1.5:5.5       1:12:12 PM     0.00    18 0:0 1-5-1

--------------------------------------------------------------

Engine-Match Friday, August 15, 2025 1:12:13 PM
 Blitz 2/1 

Pairing 6/21 :    Random_Opponent  -  Slowmate_v1.0

PGN-File: C:\Program Files (x86)\Arena\Tournaments\Engine Battle 20250815.pgn

No:  B/W 1/2     W:B       1:2           Time        Value Moves Dep 1:2       1-2-Draws
   7 B 2    1.5:0.5        0.5:6.5       1:12:45 PM     0.00    37 0:0 0-6-1

--------------------------------------------------------------

Engine-Match Friday, August 15, 2025 1:12:46 PM
 Blitz 2/1 

Pairing 7/21 :    Stockfish 1%  -  V7P3R_v4.1

PGN-File: C:\Program Files (x86)\Arena\Tournaments\Engine Battle 20250815.pgn

No:  B/W 1/2     W:B       1:2           Time        Value Moves Dep 1:2       1-2-Draws
   7 W 1    1.0:0.0        7.0:0.0       1:15:17 PM     0.00    18 11.333 :0 7-0-0

--------------------------------------------------------------

Engine-Match Friday, August 15, 2025 1:15:19 PM
 Blitz 2/1 

Pairing 8/21 :    Slowmate_v1.0  -  Copycat_v2.0

PGN-File: C:\Program Files (x86)\Arena\Tournaments\Engine Battle 20250815.pgn

No:  B/W 1/2     W:B       1:2           Time        Value Moves Dep 1:2       1-2-Draws
   7 W 1    1.0:0.0        7.0:0.0       1:17:34 PM     0.00     1 0:0 7-0-0

--------------------------------------------------------------

Engine-Match Friday, August 15, 2025 1:17:35 PM
 Blitz 2/1 

Pairing 9/21 :    Cece_v2.2  -  Random_Opponent

PGN-File: C:\Program Files (x86)\Arena\Tournaments\Engine Battle 20250815.pgn

No:  B/W 1/2     W:B       1:2           Time        Value Moves Dep 1:2       1-2-Draws
   7 W 1    2.0:1.0        6.0:1.0       1:19:41 PM     0.00    40 0:0 5-0-2

--------------------------------------------------------------

Engine-Match Friday, August 15, 2025 1:19:43 PM
 Blitz 2/1 

Pairing 10/21 :    V7P3RAI_v1.0  -  Slowmate_v1.0

PGN-File: C:\Program Files (x86)\Arena\Tournaments\Engine Battle 20250815.pgn

No:  B/W 1/2     W:B       1:2           Time        Value Moves Dep 1:2       1-2-Draws
   7 B 2    1.0:0.0        0.0:7.0       1:20:11 PM     0.00    32 0:0 0-7-0

--------------------------------------------------------------

Engine-Match Friday, August 15, 2025 1:20:12 PM
 Blitz 2/1 

Pairing 11/21 :    Random_Opponent  -  Stockfish 1%

PGN-File: C:\Program Files (x86)\Arena\Tournaments\Engine Battle 20250815.pgn

No:  B/W 1/2     W:B       1:2           Time        Value Moves Dep 1:2       1-2-Draws
   7 B 2    1.0:0.0        0.0:7.0       1:20:20 PM      -M1    14 0:12.600  0-7-0

--------------------------------------------------------------

Engine-Match Friday, August 15, 2025 1:20:22 PM
 Blitz 2/1 

Pairing 12/21 :    Copycat_v2.0  -  Cece_v2.2

PGN-File: C:\Program Files (x86)\Arena\Tournaments\Engine Battle 20250815.pgn

No:  B/W 1/2     W:B       1:2           Time        Value Moves Dep 1:2       1-2-Draws
   7 B 2    1.5:0.5        0.5:6.5       1:23:11 PM     0.00    27 0:0 0-6-1

--------------------------------------------------------------

Engine-Match Friday, August 15, 2025 1:23:12 PM
 Blitz 2/1 

Pairing 13/21 :    V7P3R_v4.1  -  Random_Opponent

PGN-File: C:\Program Files (x86)\Arena\Tournaments\Engine Battle 20250815.pgn

No:  B/W 1/2     W:B       1:2           Time        Value Moves Dep 1:2       1-2-Draws
   7 W 1    1.0:0.0        7.0:0.0       1:25:32 PM     0.00    17 0:0 7-0-0

--------------------------------------------------------------

Engine-Match Friday, August 15, 2025 1:25:33 PM
 Blitz 2/1 

Pairing 14/21 :    Cece_v2.2  -  V7P3RAI_v1.0

PGN-File: C:\Program Files (x86)\Arena\Tournaments\Engine Battle 20250815.pgn

No:  B/W 1/2     W:B       1:2           Time        Value Moves Dep 1:2       1-2-Draws
   7 W 1    1.0:0.0        4.0:3.0       1:27:10 PM     0.00    27 0:0 4-3-0

--------------------------------------------------------------

Engine-Match Friday, August 15, 2025 1:27:17 PM
 Blitz 2/1 

Pairing 15/21 :    Stockfish 1%  -  Copycat_v2.0

PGN-File: C:\Program Files (x86)\Arena\Tournaments\Engine Battle 20250815.pgn

No:  B/W 1/2     W:B       1:2           Time        Value Moves Dep 1:2       1-2-Draws
   7 W 1    1.0:0.0        7.0:0.0       1:29:31 PM     0.00     1 12.000 :0 7-0-0

--------------------------------------------------------------

Engine-Match Friday, August 15, 2025 1:29:32 PM
 Blitz 2/1 

Pairing 16/21 :    Slowmate_v1.0  -  Cece_v2.2

PGN-File: C:\Program Files (x86)\Arena\Tournaments\Engine Battle 20250815.pgn

No:  B/W 1/2     W:B       1:2           Time        Value Moves Dep 1:2       1-2-Draws
   7 W 1    1.5:0.5        6.5:0.5       1:30:52 PM     0.00    19 0:0 6-0-1

--------------------------------------------------------------

Engine-Match Friday, August 15, 2025 1:30:53 PM
 Blitz 2/1 

Pairing 17/21 :    Copycat_v2.0  -  V7P3R_v4.1

PGN-File: C:\Program Files (x86)\Arena\Tournaments\Engine Battle 20250815.pgn

No:  B/W 1/2     W:B       1:2           Time        Value Moves Dep 1:2       1-2-Draws
   7 = =    0.5:0.5        1.5:5.5       1:36:08 PM     0.00    41 0:0 1-5-1

--------------------------------------------------------------

Engine-Match Friday, August 15, 2025 1:36:09 PM
 Blitz 2/1 

Pairing 18/21 :    V7P3RAI_v1.0  -  Stockfish 1%

PGN-File: C:\Program Files (x86)\Arena\Tournaments\Engine Battle 20250815.pgn

No:  B/W 1/2     W:B       1:2           Time        Value Moves Dep 1:2       1-2-Draws
   7 B 2    1.0:0.0        0.0:7.0       1:36:26 PM      -M1    26 0:10.429  0-7-0

--------------------------------------------------------------

Engine-Match Friday, August 15, 2025 1:36:27 PM
 Blitz 2/1 

Pairing 19/21 :    Random_Opponent  -  Copycat_v2.0

PGN-File: C:\Program Files (x86)\Arena\Tournaments\Engine Battle 20250815.pgn

No:  B/W 1/2     W:B       1:2           Time        Value Moves Dep 1:2       1-2-Draws
   7 W 1    2.0:1.0        6.0:1.0       1:38:42 PM     0.00     1 0:0 5-0-2

--------------------------------------------------------------

Engine-Match Friday, August 15, 2025 1:38:43 PM
 Blitz 2/1 

Pairing 20/21 :    Stockfish 1%  -  Slowmate_v1.0

PGN-File: C:\Program Files (x86)\Arena\Tournaments\Engine Battle 20250815.pgn

No:  B/W 1/2     W:B       1:2           Time        Value Moves Dep 1:2       1-2-Draws
   7 = =    1.0:1.0        6.0:1.0       1:41:11 PM     0.00   250 11.667 :0 5-0-2

--------------------------------------------------------------

Engine-Match Friday, August 15, 2025 1:41:12 PM
 Blitz 2/1 

Pairing 21/21 :    V7P3R_v4.1  -  V7P3RAI_v1.0

PGN-File: C:\Program Files (x86)\Arena\Tournaments\Engine Battle 20250815.pgn

No:  B/W 1/2     W:B       1:2           Time        Value Moves Dep 1:2       1-2-Draws
   7 W 1    1.0:0.0        7.0:0.0       1:42:29 PM     0.00    11 0:0 7-0-0

--------------------------------------------------------------

Engine-Match Friday, August 15, 2025 1:42:31 PM
 Blitz 2/1 

Pairing 1/21 :    Cece_v2.2  -  Stockfish 1%

PGN-File: C:\Program Files (x86)\Arena\Tournaments\Engine Battle 20250815.pgn

No:  B/W 1/2     W:B       1:2           Time        Value Moves Dep 1:2       1-2-Draws
   8 W 2    1.0:0.0        0.0:8.0       1:45:21 PM      +M1    64 0:11.667  0-8-0

--------------------------------------------------------------

Engine-Match Friday, August 15, 2025 1:45:22 PM
 Blitz 2/1 

Pairing 2/21 :    V7P3RAI_v1.0  -  Random_Opponent

PGN-File: C:\Program Files (x86)\Arena\Tournaments\Engine Battle 20250815.pgn

No:  B/W 1/2     W:B       1:2           Time        Value Moves Dep 1:2       1-2-Draws
   8 W 2    1.5:0.5        4.5:3.5       1:45:52 PM     0.00    72 0:0 4-3-1

--------------------------------------------------------------

Engine-Match Friday, August 15, 2025 1:45:53 PM
 Blitz 2/1 

Pairing 3/21 :    Slowmate_v1.0  -  V7P3R_v4.1

PGN-File: C:\Program Files (x86)\Arena\Tournaments\Engine Battle 20250815.pgn

No:  B/W 1/2     W:B       1:2           Time        Value Moves Dep 1:2       1-2-Draws
   8 B 1    1.0:0.0        8.0:0.0       1:48:41 PM     0.00    23 0:0 8-0-0

--------------------------------------------------------------

Engine-Match Friday, August 15, 2025 1:48:42 PM
 Blitz 2/1 

Pairing 4/21 :    Copycat_v2.0  -  V7P3RAI_v1.0

PGN-File: C:\Program Files (x86)\Arena\Tournaments\Engine Battle 20250815.pgn

No:  B/W 1/2     W:B       1:2           Time        Value Moves Dep 1:2       1-2-Draws
   8 W 2    1.5:0.5        3.5:4.5       1:51:04 PM     0.00     1 0:0 3-4-1

--------------------------------------------------------------

Engine-Match Friday, August 15, 2025 1:51:06 PM
 Blitz 2/1 

Pairing 5/21 :    V7P3R_v4.1  -  Cece_v2.2

PGN-File: C:\Program Files (x86)\Arena\Tournaments\Engine Battle 20250815.pgn

No:  B/W 1/2     W:B       1:2           Time        Value Moves Dep 1:2       1-2-Draws
   8 W 2    1.5:0.5        1.5:6.5       1:55:24 PM     0.00    30 0:0 1-6-1

--------------------------------------------------------------

Engine-Match Friday, August 15, 2025 1:55:25 PM
 Blitz 2/1 

Pairing 6/21 :    Random_Opponent  -  Slowmate_v1.0

PGN-File: C:\Program Files (x86)\Arena\Tournaments\Engine Battle 20250815.pgn

No:  B/W 1/2     W:B       1:2           Time        Value Moves Dep 1:2       1-2-Draws
   8 W 2    1.5:0.5        0.5:7.5       1:55:44 PM     0.00    21 0:0 0-7-1

--------------------------------------------------------------

Engine-Match Friday, August 15, 2025 1:55:46 PM
 Blitz 2/1 

Pairing 7/21 :    Stockfish 1%  -  V7P3R_v4.1

PGN-File: C:\Program Files (x86)\Arena\Tournaments\Engine Battle 20250815.pgn

No:  B/W 1/2     W:B       1:2           Time        Value Moves Dep 1:2       1-2-Draws
   8 B 1    1.0:0.0        8.0:0.0       1:58:18 PM     0.00    18 12.500 :0 8-0-0

--------------------------------------------------------------

Engine-Match Friday, August 15, 2025 1:58:19 PM
 Blitz 2/1 

Pairing 8/21 :    Slowmate_v1.0  -  Copycat_v2.0

PGN-File: C:\Program Files (x86)\Arena\Tournaments\Engine Battle 20250815.pgn

No:  B/W 1/2     W:B       1:2           Time        Value Moves Dep 1:2       1-2-Draws
   8 B 1    1.0:0.0        8.0:0.0       1:59:13 PM     0.00    14 0:0 8-0-0

--------------------------------------------------------------

Engine-Match Friday, August 15, 2025 1:59:14 PM
 Blitz 2/1 

Pairing 9/21 :    Cece_v2.2  -  Random_Opponent

PGN-File: C:\Program Files (x86)\Arena\Tournaments\Engine Battle 20250815.pgn

No:  B/W 1/2     W:B       1:2           Time        Value Moves Dep 1:2       1-2-Draws
   8 = =    1.5:1.5        6.5:1.5       2:01:52 PM     0.00    56 0:0 5-0-3

--------------------------------------------------------------

Engine-Match Friday, August 15, 2025 2:01:53 PM
 Blitz 2/1 

Pairing 10/21 :    V7P3RAI_v1.0  -  Slowmate_v1.0

PGN-File: C:\Program Files (x86)\Arena\Tournaments\Engine Battle 20250815.pgn

No:  B/W 1/2     W:B       1:2           Time        Value Moves Dep 1:2       1-2-Draws
   8 W 2    1.0:0.0        0.0:8.0       2:02:03 PM     0.00     8 0:0 0-8-0

--------------------------------------------------------------

Engine-Match Friday, August 15, 2025 2:02:05 PM
 Blitz 2/1 

Pairing 11/21 :    Random_Opponent  -  Stockfish 1%

PGN-File: C:\Program Files (x86)\Arena\Tournaments\Engine Battle 20250815.pgn

No:  B/W 1/2     W:B       1:2           Time        Value Moves Dep 1:2       1-2-Draws
   8 W 2    1.0:0.0        0.0:8.0       2:02:15 PM      +M1    20 0:12.000  0-8-0

--------------------------------------------------------------

Engine-Match Friday, August 15, 2025 2:02:16 PM
 Blitz 2/1 

Pairing 12/21 :    Copycat_v2.0  -  Cece_v2.2

PGN-File: C:\Program Files (x86)\Arena\Tournaments\Engine Battle 20250815.pgn

No:  B/W 1/2     W:B       1:2           Time        Value Moves Dep 1:2       1-2-Draws
   8 W 2    1.5:0.5        0.5:7.5       2:04:35 PM     0.00     1 0:0 0-7-1

--------------------------------------------------------------

Engine-Match Friday, August 15, 2025 2:04:37 PM
 Blitz 2/1 

Pairing 13/21 :    V7P3R_v4.1  -  Random_Opponent

PGN-File: C:\Program Files (x86)\Arena\Tournaments\Engine Battle 20250815.pgn

No:  B/W 1/2     W:B       1:2           Time        Value Moves Dep 1:2       1-2-Draws
   8 B 1    1.0:0.0        8.0:0.0       2:05:50 PM     0.00    24 0:0 8-0-0

--------------------------------------------------------------

Engine-Match Friday, August 15, 2025 2:05:56 PM
 Blitz 2/1 

Pairing 14/21 :    Cece_v2.2  -  V7P3RAI_v1.0

PGN-File: C:\Program Files (x86)\Arena\Tournaments\Engine Battle 20250815.pgn

No:  B/W 1/2     W:B       1:2           Time        Value Moves Dep 1:2       1-2-Draws
   8 = =    0.5:0.5        4.5:3.5       2:07:19 PM     0.00    22 0:0 4-3-1

--------------------------------------------------------------

Engine-Match Friday, August 15, 2025 2:07:20 PM
 Blitz 2/1 

Pairing 15/21 :    Stockfish 1%  -  Copycat_v2.0

PGN-File: C:\Program Files (x86)\Arena\Tournaments\Engine Battle 20250815.pgn

No:  B/W 1/2     W:B       1:2           Time        Value Moves Dep 1:2       1-2-Draws
   8 B 1    1.0:0.0        8.0:0.0       2:07:58 PM      -M1     8 12.200 :0 8-0-0

--------------------------------------------------------------

Engine-Match Friday, August 15, 2025 2:07:59 PM
 Blitz 2/1 

Pairing 16/21 :    Slowmate_v1.0  -  Cece_v2.2

PGN-File: C:\Program Files (x86)\Arena\Tournaments\Engine Battle 20250815.pgn

No:  B/W 1/2     W:B       1:2           Time        Value Moves Dep 1:2       1-2-Draws
   8 B 1    1.5:0.5        7.5:0.5       2:09:48 PM     0.00    27 0:0 7-0-1

--------------------------------------------------------------

Engine-Match Friday, August 15, 2025 2:09:50 PM
 Blitz 2/1 

Pairing 17/21 :    Copycat_v2.0  -  V7P3R_v4.1

PGN-File: C:\Program Files (x86)\Arena\Tournaments\Engine Battle 20250815.pgn

No:  B/W 1/2     W:B       1:2           Time        Value Moves Dep 1:2       1-2-Draws
   8 W 2    1.5:0.5        1.5:6.5       2:11:56 PM     0.00    20 0:0 1-6-1

--------------------------------------------------------------

Engine-Match Friday, August 15, 2025 2:11:57 PM
 Blitz 2/1 

Pairing 18/21 :    V7P3RAI_v1.0  -  Stockfish 1%

PGN-File: C:\Program Files (x86)\Arena\Tournaments\Engine Battle 20250815.pgn

No:  B/W 1/2     W:B       1:2           Time        Value Moves Dep 1:2       1-2-Draws
   8 W 2    1.0:0.0        0.0:8.0       2:12:06 PM      +M1     6 0:15.667  0-8-0

--------------------------------------------------------------

Engine-Match Friday, August 15, 2025 2:12:07 PM
 Blitz 2/1 

Pairing 19/21 :    Random_Opponent  -  Copycat_v2.0

PGN-File: C:\Program Files (x86)\Arena\Tournaments\Engine Battle 20250815.pgn

No:  B/W 1/2     W:B       1:2           Time        Value Moves Dep 1:2       1-2-Draws
   8 = =    1.5:1.5        6.5:1.5       2:13:57 PM     0.00    27 0:0 5-0-3

--------------------------------------------------------------

Engine-Match Friday, August 15, 2025 2:13:58 PM
 Blitz 2/1 

Pairing 20/21 :    Stockfish 1%  -  Slowmate_v1.0

PGN-File: C:\Program Files (x86)\Arena\Tournaments\Engine Battle 20250815.pgn

No:  B/W 1/2     W:B       1:2           Time        Value Moves Dep 1:2       1-2-Draws
   8 B 1    2.0:1.0        7.0:1.0       2:14:52 PM      -M1    80 11.833 :0 6-0-2

--------------------------------------------------------------

Engine-Match Friday, August 15, 2025 2:14:54 PM
 Blitz 2/1 

Pairing 21/21 :    V7P3R_v4.1  -  V7P3RAI_v1.0

PGN-File: C:\Program Files (x86)\Arena\Tournaments\Engine Battle 20250815.pgn

No:  B/W 1/2     W:B       1:2           Time        Value Moves Dep 1:2       1-2-Draws
   8 B 1    1.0:0.0        8.0:0.0       2:16:55 PM     0.00    25 0:0 8-0-0

--------------------------------------------------------------

Engine-Match Friday, August 15, 2025 2:16:57 PM
 Blitz 2/1 

Pairing 1/21 :    Cece_v2.2  -  Stockfish 1%

PGN-File: C:\Program Files (x86)\Arena\Tournaments\Engine Battle 20250815.pgn

No:  B/W 1/2     W:B       1:2           Time        Value Moves Dep 1:2       1-2-Draws
   9 B 2    1.0:0.0        0.0:9.0       2:18:36 PM      -M1    28 0:11.833  0-9-0

--------------------------------------------------------------

Engine-Match Friday, August 15, 2025 2:18:37 PM
 Blitz 2/1 

Pairing 2/21 :    V7P3RAI_v1.0  -  Random_Opponent

PGN-File: C:\Program Files (x86)\Arena\Tournaments\Engine Battle 20250815.pgn

No:  B/W 1/2     W:B       1:2           Time        Value Moves Dep 1:2       1-2-Draws
   9 = =    1.0:1.0        5.0:4.0       2:18:52 PM     0.00    31 0:0 4-3-2

--------------------------------------------------------------

Engine-Match Friday, August 15, 2025 2:18:53 PM
 Blitz 2/1 

Pairing 3/21 :    Slowmate_v1.0  -  V7P3R_v4.1

PGN-File: C:\Program Files (x86)\Arena\Tournaments\Engine Battle 20250815.pgn

No:  B/W 1/2     W:B       1:2           Time        Value Moves Dep 1:2       1-2-Draws
   9 W 1    1.0:0.0        9.0:0.0       2:21:46 PM     0.00    25 0:0 9-0-0

--------------------------------------------------------------

Engine-Match Friday, August 15, 2025 2:21:48 PM
 Blitz 2/1 

Pairing 4/21 :    Copycat_v2.0  -  V7P3RAI_v1.0

PGN-File: C:\Program Files (x86)\Arena\Tournaments\Engine Battle 20250815.pgn

No:  B/W 1/2     W:B       1:2           Time        Value Moves Dep 1:2       1-2-Draws
   9 = =    1.0:1.0        4.0:5.0       2:23:51 PM     0.00    31 0:0 3-4-2

--------------------------------------------------------------

Engine-Match Friday, August 15, 2025 2:23:52 PM
 Blitz 2/1 

Pairing 5/21 :    V7P3R_v4.1  -  Cece_v2.2

PGN-File: C:\Program Files (x86)\Arena\Tournaments\Engine Battle 20250815.pgn

No:  B/W 1/2     W:B       1:2           Time        Value Moves Dep 1:2       1-2-Draws
   9 B 2    1.5:0.5        1.5:7.5       2:27:26 PM     0.00    19 0:0 1-7-1

--------------------------------------------------------------

Engine-Match Friday, August 15, 2025 2:27:28 PM
 Blitz 2/1 

Pairing 6/21 :    Random_Opponent  -  Slowmate_v1.0

PGN-File: C:\Program Files (x86)\Arena\Tournaments\Engine Battle 20250815.pgn

No:  B/W 1/2     W:B       1:2           Time        Value Moves Dep 1:2       1-2-Draws
   9 B 2    1.5:0.5        0.5:8.5       2:27:53 PM     0.00    34 0:0 0-8-1

--------------------------------------------------------------

Engine-Match Friday, August 15, 2025 2:27:54 PM
 Blitz 2/1 

Pairing 7/21 :    Stockfish 1%  -  V7P3R_v4.1

PGN-File: C:\Program Files (x86)\Arena\Tournaments\Engine Battle 20250815.pgn

No:  B/W 1/2     W:B       1:2           Time        Value Moves Dep 1:2       1-2-Draws
   9 W 1    1.0:0.0        9.0:0.0       2:30:37 PM     0.00    27 11.000 :0 9-0-0

--------------------------------------------------------------

Engine-Match Friday, August 15, 2025 2:30:39 PM
 Blitz 2/1 

Pairing 8/21 :    Slowmate_v1.0  -  Copycat_v2.0

PGN-File: C:\Program Files (x86)\Arena\Tournaments\Engine Battle 20250815.pgn

No:  B/W 1/2     W:B       1:2           Time        Value Moves Dep 1:2       1-2-Draws
   9 W 1    1.0:0.0        9.0:0.0       2:32:56 PM     0.00     1 0:0 9-0-0

--------------------------------------------------------------

Engine-Match Friday, August 15, 2025 2:32:57 PM
 Blitz 2/1 

Pairing 9/21 :    Cece_v2.2  -  Random_Opponent

PGN-File: C:\Program Files (x86)\Arena\Tournaments\Engine Battle 20250815.pgn

No:  B/W 1/2     W:B       1:2           Time        Value Moves Dep 1:2       1-2-Draws
   9 W 1    2.5:1.5        7.5:1.5       2:34:49 PM     0.00    34 0:0 6-0-3

--------------------------------------------------------------

Engine-Match Friday, August 15, 2025 2:34:51 PM
 Blitz 2/1 

Pairing 10/21 :    V7P3RAI_v1.0  -  Slowmate_v1.0

PGN-File: C:\Program Files (x86)\Arena\Tournaments\Engine Battle 20250815.pgn

No:  B/W 1/2     W:B       1:2           Time        Value Moves Dep 1:2       1-2-Draws
   9 B 2    1.0:0.0        0.0:9.0       2:35:19 PM     0.00    32 0:0 0-9-0

--------------------------------------------------------------

Engine-Match Friday, August 15, 2025 2:35:20 PM
 Blitz 2/1 

Pairing 11/21 :    Random_Opponent  -  Stockfish 1%

PGN-File: C:\Program Files (x86)\Arena\Tournaments\Engine Battle 20250815.pgn

No:  B/W 1/2     W:B       1:2           Time        Value Moves Dep 1:2       1-2-Draws
   9 B 2    1.0:0.0        0.0:9.0       2:35:26 PM      -M1     4 0:32.000  0-9-0

--------------------------------------------------------------

Engine-Match Friday, August 15, 2025 2:35:27 PM
 Blitz 2/1 

Pairing 12/21 :    Copycat_v2.0  -  Cece_v2.2

PGN-File: C:\Program Files (x86)\Arena\Tournaments\Engine Battle 20250815.pgn

No:  B/W 1/2     W:B       1:2           Time        Value Moves Dep 1:2       1-2-Draws
   9 B 2    1.5:0.5        0.5:8.5       2:37:15 PM     0.00    16 0:0 0-8-1

--------------------------------------------------------------

Engine-Match Friday, August 15, 2025 2:37:23 PM
 Blitz 2/1 

Pairing 13/21 :    V7P3R_v4.1  -  Random_Opponent

PGN-File: C:\Program Files (x86)\Arena\Tournaments\Engine Battle 20250815.pgn

No:  B/W 1/2     W:B       1:2           Time        Value Moves Dep 1:2       1-2-Draws
   9 W 1    1.0:0.0        9.0:0.0       2:38:08 PM     0.00    10 0:0 9-0-0

--------------------------------------------------------------

Engine-Match Friday, August 15, 2025 2:38:10 PM
 Blitz 2/1 

Pairing 14/21 :    Cece_v2.2  -  V7P3RAI_v1.0

PGN-File: C:\Program Files (x86)\Arena\Tournaments\Engine Battle 20250815.pgn

No:  B/W 1/2     W:B       1:2           Time        Value Moves Dep 1:2       1-2-Draws
   9 W 1    1.5:0.5        5.5:3.5       2:39:21 PM     0.00    18 0:0 5-3-1

--------------------------------------------------------------

Engine-Match Friday, August 15, 2025 2:39:22 PM
 Blitz 2/1 

Pairing 15/21 :    Stockfish 1%  -  Copycat_v2.0

PGN-File: C:\Program Files (x86)\Arena\Tournaments\Engine Battle 20250815.pgn

No:  B/W 1/2     W:B       1:2           Time        Value Moves Dep 1:2       1-2-Draws
   9 W 1    1.0:0.0        9.0:0.0       2:41:38 PM     0.00     1 12.000 :0 9-0-0

--------------------------------------------------------------

Engine-Match Friday, August 15, 2025 2:41:39 PM
 Blitz 2/1 

Pairing 16/21 :    Slowmate_v1.0  -  Cece_v2.2

PGN-File: C:\Program Files (x86)\Arena\Tournaments\Engine Battle 20250815.pgn

No:  B/W 1/2     W:B       1:2           Time        Value Moves Dep 1:2       1-2-Draws
   9 = =    1.0:1.0        8.0:1.0       2:44:29 PM     0.00    50 0:0 7-0-2

--------------------------------------------------------------

Engine-Match Friday, August 15, 2025 2:44:30 PM
 Blitz 2/1 

Pairing 17/21 :    Copycat_v2.0  -  V7P3R_v4.1

PGN-File: C:\Program Files (x86)\Arena\Tournaments\Engine Battle 20250815.pgn

No:  B/W 1/2     W:B       1:2           Time        Value Moves Dep 1:2       1-2-Draws
   9 B 2    1.5:0.5        1.5:7.5       2:47:45 PM     0.00    19 0:0 1-7-1

--------------------------------------------------------------

Engine-Match Friday, August 15, 2025 2:47:46 PM
 Blitz 2/1 

Pairing 18/21 :    V7P3RAI_v1.0  -  Stockfish 1%

PGN-File: C:\Program Files (x86)\Arena\Tournaments\Engine Battle 20250815.pgn

No:  B/W 1/2     W:B       1:2           Time        Value Moves Dep 1:2       1-2-Draws
   9 B 2    1.0:0.0        0.0:9.0       2:48:05 PM      -M1    30 0:11.000  0-9-0

--------------------------------------------------------------

Engine-Match Friday, August 15, 2025 2:48:06 PM
 Blitz 2/1 

Pairing 19/21 :    Random_Opponent  -  Copycat_v2.0

PGN-File: C:\Program Files (x86)\Arena\Tournaments\Engine Battle 20250815.pgn

No:  B/W 1/2     W:B       1:2           Time        Value Moves Dep 1:2       1-2-Draws
   9 W 1    2.5:1.5        7.5:1.5       2:50:21 PM     0.00     1 0:0 6-0-3

--------------------------------------------------------------

Engine-Match Friday, August 15, 2025 2:50:22 PM
 Blitz 2/1 

Pairing 20/21 :    Stockfish 1%  -  Slowmate_v1.0

PGN-File: C:\Program Files (x86)\Arena\Tournaments\Engine Battle 20250815.pgn

No:  B/W 1/2     W:B       1:2           Time        Value Moves Dep 1:2       1-2-Draws
   9 W 1    2.0:1.0        8.0:1.0       2:52:55 PM      +M1   119 11.667 :0 7-0-2

--------------------------------------------------------------

Engine-Match Friday, August 15, 2025 2:52:57 PM
 Blitz 2/1 

Pairing 21/21 :    V7P3R_v4.1  -  V7P3RAI_v1.0

PGN-File: C:\Program Files (x86)\Arena\Tournaments\Engine Battle 20250815.pgn

No:  B/W 1/2     W:B       1:2           Time        Value Moves Dep 1:2       1-2-Draws
   9 W 1    1.0:0.0        9.0:0.0       2:54:20 PM     0.00    11 0:0 9-0-0

--------------------------------------------------------------

Engine-Match Friday, August 15, 2025 2:54:21 PM
 Blitz 2/1 

Pairing 1/21 :    Cece_v2.2  -  Stockfish 1%

PGN-File: C:\Program Files (x86)\Arena\Tournaments\Engine Battle 20250815.pgn

No:  B/W 1/2     W:B       1:2           Time        Value Moves Dep 1:2       1-2-Draws
  10 W 2    1.0:0.0        0.0:10.0      2:56:25 PM    +7.53    39 0:12.125  0-10-0

--------------------------------------------------------------

Engine-Match Friday, August 15, 2025 2:56:26 PM
 Blitz 2/1 

Pairing 2/21 :    V7P3RAI_v1.0  -  Random_Opponent

PGN-File: C:\Program Files (x86)\Arena\Tournaments\Engine Battle 20250815.pgn

No:  B/W 1/2     W:B       1:2           Time        Value Moves Dep 1:2       1-2-Draws
  10 = =    1.5:1.5        5.5:4.5       2:57:56 PM     0.00   250 0:0 4-3-3

--------------------------------------------------------------

Engine-Match Friday, August 15, 2025 2:57:57 PM
 Blitz 2/1 

Pairing 3/21 :    Slowmate_v1.0  -  V7P3R_v4.1

PGN-File: C:\Program Files (x86)\Arena\Tournaments\Engine Battle 20250815.pgn

No:  B/W 1/2     W:B       1:2           Time        Value Moves Dep 1:2       1-2-Draws
  10 B 1    1.0:0.0        10.0:0.0      3:00:35 PM     0.00    17 0:0 10-0-0

--------------------------------------------------------------

Engine-Match Friday, August 15, 2025 3:00:36 PM
 Blitz 2/1 

Pairing 4/21 :    Copycat_v2.0  -  V7P3RAI_v1.0

PGN-File: C:\Program Files (x86)\Arena\Tournaments\Engine Battle 20250815.pgn

No:  B/W 1/2     W:B       1:2           Time        Value Moves Dep 1:2       1-2-Draws
  10 W 2    2.0:1.0        4.0:6.0       3:02:53 PM     0.00     1 0:0 3-5-2

--------------------------------------------------------------

Engine-Match Friday, August 15, 2025 3:02:54 PM
 Blitz 2/1 

Pairing 5/21 :    V7P3R_v4.1  -  Cece_v2.2

PGN-File: C:\Program Files (x86)\Arena\Tournaments\Engine Battle 20250815.pgn

No:  B/W 1/2     W:B       1:2           Time        Value Moves Dep 1:2       1-2-Draws
  10 W 2    1.5:0.5        1.5:8.5       3:07:00 PM     0.00    28 0:0 1-8-1

--------------------------------------------------------------

Engine-Match Friday, August 15, 2025 3:07:01 PM
 Blitz 2/1 

Pairing 6/21 :    Random_Opponent  -  Slowmate_v1.0

PGN-File: C:\Program Files (x86)\Arena\Tournaments\Engine Battle 20250815.pgn

No:  B/W 1/2     W:B       1:2           Time        Value Moves Dep 1:2       1-2-Draws
  10 W 2    1.5:0.5        0.5:9.5       3:07:09 PM     0.00     7 0:0 0-9-1

--------------------------------------------------------------

Engine-Match Friday, August 15, 2025 3:07:10 PM
 Blitz 2/1 

Pairing 7/21 :    Stockfish 1%  -  V7P3R_v4.1

PGN-File: C:\Program Files (x86)\Arena\Tournaments\Engine Battle 20250815.pgn

No:  B/W 1/2     W:B       1:2           Time        Value Moves Dep 1:2       1-2-Draws
  10 B 1    1.0:0.0        10.0:0.0      3:09:39 PM     0.00    16 12.667 :0 10-0-0

--------------------------------------------------------------

Engine-Match Friday, August 15, 2025 3:09:40 PM
 Blitz 2/1 

Pairing 8/21 :    Slowmate_v1.0  -  Copycat_v2.0

PGN-File: C:\Program Files (x86)\Arena\Tournaments\Engine Battle 20250815.pgn

No:  B/W 1/2     W:B       1:2           Time        Value Moves Dep 1:2       1-2-Draws
  10 B 1    1.0:0.0        10.0:0.0      3:10:32 PM     0.00    12 0:0 10-0-0

--------------------------------------------------------------

Engine-Match Friday, August 15, 2025 3:10:33 PM
 Blitz 2/1 

Pairing 9/21 :    Cece_v2.2  -  Random_Opponent

PGN-File: C:\Program Files (x86)\Arena\Tournaments\Engine Battle 20250815.pgn

No:  B/W 1/2     W:B       1:2           Time        Value Moves Dep 1:2       1-2-Draws
  10 = =    2.0:2.0        8.0:2.0       3:13:25 PM     0.00    65 0:0 6-0-4

--------------------------------------------------------------

Engine-Match Friday, August 15, 2025 3:13:26 PM
 Blitz 2/1 

Pairing 10/21 :    V7P3RAI_v1.0  -  Slowmate_v1.0

PGN-File: C:\Program Files (x86)\Arena\Tournaments\Engine Battle 20250815.pgn

No:  B/W 1/2     W:B       1:2           Time        Value Moves Dep 1:2       1-2-Draws
  10 W 2    1.0:0.0        0.0:10.0      3:13:37 PM     0.00     8 0:0 0-10-0

--------------------------------------------------------------

Engine-Match Friday, August 15, 2025 3:13:39 PM
 Blitz 2/1 

Pairing 11/21 :    Random_Opponent  -  Stockfish 1%

PGN-File: C:\Program Files (x86)\Arena\Tournaments\Engine Battle 20250815.pgn

No:  B/W 1/2     W:B       1:2           Time        Value Moves Dep 1:2       1-2-Draws
  10 W 2    1.0:0.0        0.0:10.0      3:13:54 PM      +M1    35 0:12.000  0-10-0

--------------------------------------------------------------

Engine-Match Friday, August 15, 2025 3:14:01 PM
 Blitz 2/1 

Pairing 12/21 :    Copycat_v2.0  -  Cece_v2.2

PGN-File: C:\Program Files (x86)\Arena\Tournaments\Engine Battle 20250815.pgn

No:  B/W 1/2     W:B       1:2           Time        Value Moves Dep 1:2       1-2-Draws
  10 W 2    1.5:0.5        0.5:9.5       3:16:19 PM     0.00     1 0:0 0-9-1

--------------------------------------------------------------

Engine-Match Friday, August 15, 2025 3:16:20 PM
 Blitz 2/1 

Pairing 13/21 :    V7P3R_v4.1  -  Random_Opponent

PGN-File: C:\Program Files (x86)\Arena\Tournaments\Engine Battle 20250815.pgn

No:  B/W 1/2     W:B       1:2           Time        Value Moves Dep 1:2       1-2-Draws
  10 B 1    1.0:0.0        10.0:0.0      3:18:23 PM     0.00    27 0:0 10-0-0

--------------------------------------------------------------

Engine-Match Friday, August 15, 2025 3:18:25 PM
 Blitz 2/1 

Pairing 14/21 :    Cece_v2.2  -  V7P3RAI_v1.0

PGN-File: C:\Program Files (x86)\Arena\Tournaments\Engine Battle 20250815.pgn

No:  B/W 1/2     W:B       1:2           Time        Value Moves Dep 1:2       1-2-Draws
  10 W 2    1.5:0.5        5.5:4.5       3:19:55 PM     0.00    25 0:0 5-4-1

--------------------------------------------------------------

Engine-Match Friday, August 15, 2025 3:19:57 PM
 Blitz 2/1 

Pairing 15/21 :    Stockfish 1%  -  Copycat_v2.0

PGN-File: C:\Program Files (x86)\Arena\Tournaments\Engine Battle 20250815.pgn

No:  B/W 1/2     W:B       1:2           Time        Value Moves Dep 1:2       1-2-Draws
  10 B 1    1.0:0.0        10.0:0.0      3:21:05 PM      -M1    20 14.200 :0 10-0-0

--------------------------------------------------------------

Engine-Match Friday, August 15, 2025 3:21:06 PM
 Blitz 2/1 

Pairing 16/21 :    Slowmate_v1.0  -  Cece_v2.2

PGN-File: C:\Program Files (x86)\Arena\Tournaments\Engine Battle 20250815.pgn

No:  B/W 1/2     W:B       1:2           Time        Value Moves Dep 1:2       1-2-Draws
  10 = =    1.5:1.5        8.5:1.5       3:22:04 PM     0.00    13 0:0 7-0-3

--------------------------------------------------------------

Engine-Match Friday, August 15, 2025 3:22:05 PM
 Blitz 2/1 

Pairing 17/21 :    Copycat_v2.0  -  V7P3R_v4.1

PGN-File: C:\Program Files (x86)\Arena\Tournaments\Engine Battle 20250815.pgn

No:  B/W 1/2     W:B       1:2           Time        Value Moves Dep 1:2       1-2-Draws
  10 W 2    1.5:0.5        1.5:8.5       3:24:38 PM     0.00    24 0:0 1-8-1

--------------------------------------------------------------

Engine-Match Friday, August 15, 2025 3:24:39 PM
 Blitz 2/1 

Pairing 18/21 :    V7P3RAI_v1.0  -  Stockfish 1%

PGN-File: C:\Program Files (x86)\Arena\Tournaments\Engine Battle 20250815.pgn

No:  B/W 1/2     W:B       1:2           Time        Value Moves Dep 1:2       1-2-Draws
  10 W 2    1.0:0.0        0.0:10.0      3:24:50 PM      +M1     9 0:11.143  0-10-0

--------------------------------------------------------------

Engine-Match Friday, August 15, 2025 3:24:51 PM
 Blitz 2/1 

Pairing 19/21 :    Random_Opponent  -  Copycat_v2.0

PGN-File: C:\Program Files (x86)\Arena\Tournaments\Engine Battle 20250815.pgn

No:  B/W 1/2     W:B       1:2           Time        Value Moves Dep 1:2       1-2-Draws
  10 = =    2.0:2.0        8.0:2.0       3:27:42 PM     0.00    58 0:0 6-0-4

--------------------------------------------------------------

Engine-Match Friday, August 15, 2025 3:27:43 PM
 Blitz 2/1 

Pairing 20/21 :    Stockfish 1%  -  Slowmate_v1.0

PGN-File: C:\Program Files (x86)\Arena\Tournaments\Engine Battle 20250815.pgn

No:  B/W 1/2     W:B       1:2           Time        Value Moves Dep 1:2       1-2-Draws
  10 B 1    2.0:1.0        9.0:1.0       3:28:29 PM      -M1    47 13.667 :0 8-0-2

--------------------------------------------------------------

Engine-Match Friday, August 15, 2025 3:28:30 PM
 Blitz 2/1 

Pairing 21/21 :    V7P3R_v4.1  -  V7P3RAI_v1.0

PGN-File: C:\Program Files (x86)\Arena\Tournaments\Engine Battle 20250815.pgn

No:  B/W 1/2     W:B       1:2           Time        Value Moves Dep 1:2       1-2-Draws
  10 B 1    1.0:0.0        10.0:0.0      3:30:36 PM     0.00    25 0:0 10-0-0
